[2023-11-02T08:44:45.066+0000] {processor.py:157} INFO - Started process (PID=83) to work on /home/airflow/.local/lib/python3.11/site-packages/airflow/example_dags/plugins/workday.py
[2023-11-02T08:44:45.068+0000] {processor.py:829} INFO - Processing file /home/airflow/.local/lib/python3.11/site-packages/airflow/example_dags/plugins/workday.py for tasks to queue
[2023-11-02T08:44:45.075+0000] {logging_mixin.py:151} INFO - [2023-11-02T08:44:45.075+0000] {dagbag.py:536} INFO - Filling up the DagBag from /home/airflow/.local/lib/python3.11/site-packages/airflow/example_dags/plugins/workday.py
[2023-11-02T08:44:49.308+0000] {processor.py:841} WARNING - No viable dags retrieved from /home/airflow/.local/lib/python3.11/site-packages/airflow/example_dags/plugins/workday.py
[2023-11-02T08:44:49.372+0000] {processor.py:179} INFO - Processing /home/airflow/.local/lib/python3.11/site-packages/airflow/example_dags/plugins/workday.py took 4.317 seconds
[2023-11-02T08:45:20.410+0000] {processor.py:157} INFO - Started process (PID=139) to work on /home/airflow/.local/lib/python3.11/site-packages/airflow/example_dags/plugins/workday.py
[2023-11-02T08:45:20.412+0000] {processor.py:829} INFO - Processing file /home/airflow/.local/lib/python3.11/site-packages/airflow/example_dags/plugins/workday.py for tasks to queue
[2023-11-02T08:45:20.418+0000] {logging_mixin.py:151} INFO - [2023-11-02T08:45:20.417+0000] {dagbag.py:536} INFO - Filling up the DagBag from /home/airflow/.local/lib/python3.11/site-packages/airflow/example_dags/plugins/workday.py
[2023-11-02T08:45:21.599+0000] {processor.py:841} WARNING - No viable dags retrieved from /home/airflow/.local/lib/python3.11/site-packages/airflow/example_dags/plugins/workday.py
[2023-11-02T08:45:21.631+0000] {processor.py:179} INFO - Processing /home/airflow/.local/lib/python3.11/site-packages/airflow/example_dags/plugins/workday.py took 1.226 seconds
[2023-11-02T08:45:51.858+0000] {processor.py:157} INFO - Started process (PID=194) to work on /home/airflow/.local/lib/python3.11/site-packages/airflow/example_dags/plugins/workday.py
[2023-11-02T08:45:51.859+0000] {processor.py:829} INFO - Processing file /home/airflow/.local/lib/python3.11/site-packages/airflow/example_dags/plugins/workday.py for tasks to queue
[2023-11-02T08:45:51.867+0000] {logging_mixin.py:151} INFO - [2023-11-02T08:45:51.866+0000] {dagbag.py:536} INFO - Filling up the DagBag from /home/airflow/.local/lib/python3.11/site-packages/airflow/example_dags/plugins/workday.py
[2023-11-02T08:45:53.295+0000] {processor.py:841} WARNING - No viable dags retrieved from /home/airflow/.local/lib/python3.11/site-packages/airflow/example_dags/plugins/workday.py
[2023-11-02T08:45:53.349+0000] {processor.py:179} INFO - Processing /home/airflow/.local/lib/python3.11/site-packages/airflow/example_dags/plugins/workday.py took 1.503 seconds
[2023-11-02T08:46:23.839+0000] {processor.py:157} INFO - Started process (PID=249) to work on /home/airflow/.local/lib/python3.11/site-packages/airflow/example_dags/plugins/workday.py
[2023-11-02T08:46:23.840+0000] {processor.py:829} INFO - Processing file /home/airflow/.local/lib/python3.11/site-packages/airflow/example_dags/plugins/workday.py for tasks to queue
[2023-11-02T08:46:23.844+0000] {logging_mixin.py:151} INFO - [2023-11-02T08:46:23.844+0000] {dagbag.py:536} INFO - Filling up the DagBag from /home/airflow/.local/lib/python3.11/site-packages/airflow/example_dags/plugins/workday.py
[2023-11-02T08:46:24.919+0000] {processor.py:841} WARNING - No viable dags retrieved from /home/airflow/.local/lib/python3.11/site-packages/airflow/example_dags/plugins/workday.py
[2023-11-02T08:46:24.945+0000] {processor.py:179} INFO - Processing /home/airflow/.local/lib/python3.11/site-packages/airflow/example_dags/plugins/workday.py took 1.111 seconds
[2023-11-02T08:46:55.263+0000] {processor.py:157} INFO - Started process (PID=304) to work on /home/airflow/.local/lib/python3.11/site-packages/airflow/example_dags/plugins/workday.py
[2023-11-02T08:46:55.265+0000] {processor.py:829} INFO - Processing file /home/airflow/.local/lib/python3.11/site-packages/airflow/example_dags/plugins/workday.py for tasks to queue
[2023-11-02T08:46:55.271+0000] {logging_mixin.py:151} INFO - [2023-11-02T08:46:55.270+0000] {dagbag.py:536} INFO - Filling up the DagBag from /home/airflow/.local/lib/python3.11/site-packages/airflow/example_dags/plugins/workday.py
[2023-11-02T08:46:55.966+0000] {processor.py:841} WARNING - No viable dags retrieved from /home/airflow/.local/lib/python3.11/site-packages/airflow/example_dags/plugins/workday.py
[2023-11-02T08:46:55.976+0000] {processor.py:179} INFO - Processing /home/airflow/.local/lib/python3.11/site-packages/airflow/example_dags/plugins/workday.py took 0.721 seconds
[2023-11-02T08:47:26.508+0000] {processor.py:157} INFO - Started process (PID=359) to work on /home/airflow/.local/lib/python3.11/site-packages/airflow/example_dags/plugins/workday.py
[2023-11-02T08:47:26.511+0000] {processor.py:829} INFO - Processing file /home/airflow/.local/lib/python3.11/site-packages/airflow/example_dags/plugins/workday.py for tasks to queue
[2023-11-02T08:47:26.517+0000] {logging_mixin.py:151} INFO - [2023-11-02T08:47:26.517+0000] {dagbag.py:536} INFO - Filling up the DagBag from /home/airflow/.local/lib/python3.11/site-packages/airflow/example_dags/plugins/workday.py
[2023-11-02T08:47:27.361+0000] {processor.py:841} WARNING - No viable dags retrieved from /home/airflow/.local/lib/python3.11/site-packages/airflow/example_dags/plugins/workday.py
[2023-11-02T08:47:27.376+0000] {processor.py:179} INFO - Processing /home/airflow/.local/lib/python3.11/site-packages/airflow/example_dags/plugins/workday.py took 0.874 seconds
[2023-11-02T08:47:57.734+0000] {processor.py:157} INFO - Started process (PID=414) to work on /home/airflow/.local/lib/python3.11/site-packages/airflow/example_dags/plugins/workday.py
[2023-11-02T08:47:57.735+0000] {processor.py:829} INFO - Processing file /home/airflow/.local/lib/python3.11/site-packages/airflow/example_dags/plugins/workday.py for tasks to queue
[2023-11-02T08:47:57.741+0000] {logging_mixin.py:151} INFO - [2023-11-02T08:47:57.740+0000] {dagbag.py:536} INFO - Filling up the DagBag from /home/airflow/.local/lib/python3.11/site-packages/airflow/example_dags/plugins/workday.py
[2023-11-02T08:47:58.680+0000] {processor.py:841} WARNING - No viable dags retrieved from /home/airflow/.local/lib/python3.11/site-packages/airflow/example_dags/plugins/workday.py
[2023-11-02T08:47:58.693+0000] {processor.py:179} INFO - Processing /home/airflow/.local/lib/python3.11/site-packages/airflow/example_dags/plugins/workday.py took 0.966 seconds
[2023-11-02T08:48:29.023+0000] {processor.py:157} INFO - Started process (PID=469) to work on /home/airflow/.local/lib/python3.11/site-packages/airflow/example_dags/plugins/workday.py
[2023-11-02T08:48:29.025+0000] {processor.py:829} INFO - Processing file /home/airflow/.local/lib/python3.11/site-packages/airflow/example_dags/plugins/workday.py for tasks to queue
[2023-11-02T08:48:29.030+0000] {logging_mixin.py:151} INFO - [2023-11-02T08:48:29.030+0000] {dagbag.py:536} INFO - Filling up the DagBag from /home/airflow/.local/lib/python3.11/site-packages/airflow/example_dags/plugins/workday.py
[2023-11-02T08:48:29.723+0000] {processor.py:841} WARNING - No viable dags retrieved from /home/airflow/.local/lib/python3.11/site-packages/airflow/example_dags/plugins/workday.py
[2023-11-02T08:48:29.736+0000] {processor.py:179} INFO - Processing /home/airflow/.local/lib/python3.11/site-packages/airflow/example_dags/plugins/workday.py took 0.719 seconds
[2023-11-02T08:49:00.196+0000] {processor.py:157} INFO - Started process (PID=524) to work on /home/airflow/.local/lib/python3.11/site-packages/airflow/example_dags/plugins/workday.py
[2023-11-02T08:49:00.198+0000] {processor.py:829} INFO - Processing file /home/airflow/.local/lib/python3.11/site-packages/airflow/example_dags/plugins/workday.py for tasks to queue
[2023-11-02T08:49:00.204+0000] {logging_mixin.py:151} INFO - [2023-11-02T08:49:00.204+0000] {dagbag.py:536} INFO - Filling up the DagBag from /home/airflow/.local/lib/python3.11/site-packages/airflow/example_dags/plugins/workday.py
[2023-11-02T08:49:00.956+0000] {processor.py:841} WARNING - No viable dags retrieved from /home/airflow/.local/lib/python3.11/site-packages/airflow/example_dags/plugins/workday.py
[2023-11-02T08:49:00.968+0000] {processor.py:179} INFO - Processing /home/airflow/.local/lib/python3.11/site-packages/airflow/example_dags/plugins/workday.py took 0.780 seconds
[2023-11-02T08:49:31.420+0000] {processor.py:157} INFO - Started process (PID=579) to work on /home/airflow/.local/lib/python3.11/site-packages/airflow/example_dags/plugins/workday.py
[2023-11-02T08:49:31.423+0000] {processor.py:829} INFO - Processing file /home/airflow/.local/lib/python3.11/site-packages/airflow/example_dags/plugins/workday.py for tasks to queue
[2023-11-02T08:49:31.430+0000] {logging_mixin.py:151} INFO - [2023-11-02T08:49:31.429+0000] {dagbag.py:536} INFO - Filling up the DagBag from /home/airflow/.local/lib/python3.11/site-packages/airflow/example_dags/plugins/workday.py
[2023-11-02T08:49:32.189+0000] {processor.py:841} WARNING - No viable dags retrieved from /home/airflow/.local/lib/python3.11/site-packages/airflow/example_dags/plugins/workday.py
[2023-11-02T08:49:32.202+0000] {processor.py:179} INFO - Processing /home/airflow/.local/lib/python3.11/site-packages/airflow/example_dags/plugins/workday.py took 0.790 seconds
[2023-11-02T08:50:02.703+0000] {processor.py:157} INFO - Started process (PID=634) to work on /home/airflow/.local/lib/python3.11/site-packages/airflow/example_dags/plugins/workday.py
[2023-11-02T08:50:02.705+0000] {processor.py:829} INFO - Processing file /home/airflow/.local/lib/python3.11/site-packages/airflow/example_dags/plugins/workday.py for tasks to queue
[2023-11-02T08:50:02.710+0000] {logging_mixin.py:151} INFO - [2023-11-02T08:50:02.710+0000] {dagbag.py:536} INFO - Filling up the DagBag from /home/airflow/.local/lib/python3.11/site-packages/airflow/example_dags/plugins/workday.py
[2023-11-02T08:50:03.433+0000] {processor.py:841} WARNING - No viable dags retrieved from /home/airflow/.local/lib/python3.11/site-packages/airflow/example_dags/plugins/workday.py
[2023-11-02T08:50:03.444+0000] {processor.py:179} INFO - Processing /home/airflow/.local/lib/python3.11/site-packages/airflow/example_dags/plugins/workday.py took 0.745 seconds
[2023-11-02T08:50:33.975+0000] {processor.py:157} INFO - Started process (PID=689) to work on /home/airflow/.local/lib/python3.11/site-packages/airflow/example_dags/plugins/workday.py
[2023-11-02T08:50:33.978+0000] {processor.py:829} INFO - Processing file /home/airflow/.local/lib/python3.11/site-packages/airflow/example_dags/plugins/workday.py for tasks to queue
[2023-11-02T08:50:33.983+0000] {logging_mixin.py:151} INFO - [2023-11-02T08:50:33.983+0000] {dagbag.py:536} INFO - Filling up the DagBag from /home/airflow/.local/lib/python3.11/site-packages/airflow/example_dags/plugins/workday.py
[2023-11-02T08:50:34.786+0000] {processor.py:841} WARNING - No viable dags retrieved from /home/airflow/.local/lib/python3.11/site-packages/airflow/example_dags/plugins/workday.py
[2023-11-02T08:50:34.798+0000] {processor.py:179} INFO - Processing /home/airflow/.local/lib/python3.11/site-packages/airflow/example_dags/plugins/workday.py took 0.829 seconds
[2023-11-02T08:51:05.082+0000] {processor.py:157} INFO - Started process (PID=744) to work on /home/airflow/.local/lib/python3.11/site-packages/airflow/example_dags/plugins/workday.py
[2023-11-02T08:51:05.085+0000] {processor.py:829} INFO - Processing file /home/airflow/.local/lib/python3.11/site-packages/airflow/example_dags/plugins/workday.py for tasks to queue
[2023-11-02T08:51:05.092+0000] {logging_mixin.py:151} INFO - [2023-11-02T08:51:05.091+0000] {dagbag.py:536} INFO - Filling up the DagBag from /home/airflow/.local/lib/python3.11/site-packages/airflow/example_dags/plugins/workday.py
[2023-11-02T08:51:05.891+0000] {processor.py:841} WARNING - No viable dags retrieved from /home/airflow/.local/lib/python3.11/site-packages/airflow/example_dags/plugins/workday.py
[2023-11-02T08:51:05.902+0000] {processor.py:179} INFO - Processing /home/airflow/.local/lib/python3.11/site-packages/airflow/example_dags/plugins/workday.py took 0.827 seconds
[2023-11-02T08:51:36.314+0000] {processor.py:157} INFO - Started process (PID=799) to work on /home/airflow/.local/lib/python3.11/site-packages/airflow/example_dags/plugins/workday.py
[2023-11-02T08:51:36.316+0000] {processor.py:829} INFO - Processing file /home/airflow/.local/lib/python3.11/site-packages/airflow/example_dags/plugins/workday.py for tasks to queue
[2023-11-02T08:51:36.320+0000] {logging_mixin.py:151} INFO - [2023-11-02T08:51:36.320+0000] {dagbag.py:536} INFO - Filling up the DagBag from /home/airflow/.local/lib/python3.11/site-packages/airflow/example_dags/plugins/workday.py
[2023-11-02T08:51:37.096+0000] {processor.py:841} WARNING - No viable dags retrieved from /home/airflow/.local/lib/python3.11/site-packages/airflow/example_dags/plugins/workday.py
[2023-11-02T08:51:37.108+0000] {processor.py:179} INFO - Processing /home/airflow/.local/lib/python3.11/site-packages/airflow/example_dags/plugins/workday.py took 0.800 seconds
[2023-11-02T08:52:07.569+0000] {processor.py:157} INFO - Started process (PID=854) to work on /home/airflow/.local/lib/python3.11/site-packages/airflow/example_dags/plugins/workday.py
[2023-11-02T08:52:07.571+0000] {processor.py:829} INFO - Processing file /home/airflow/.local/lib/python3.11/site-packages/airflow/example_dags/plugins/workday.py for tasks to queue
[2023-11-02T08:52:07.578+0000] {logging_mixin.py:151} INFO - [2023-11-02T08:52:07.578+0000] {dagbag.py:536} INFO - Filling up the DagBag from /home/airflow/.local/lib/python3.11/site-packages/airflow/example_dags/plugins/workday.py
[2023-11-02T08:52:08.382+0000] {processor.py:841} WARNING - No viable dags retrieved from /home/airflow/.local/lib/python3.11/site-packages/airflow/example_dags/plugins/workday.py
[2023-11-02T08:52:08.396+0000] {processor.py:179} INFO - Processing /home/airflow/.local/lib/python3.11/site-packages/airflow/example_dags/plugins/workday.py took 0.836 seconds
[2023-11-02T08:52:38.817+0000] {processor.py:157} INFO - Started process (PID=910) to work on /home/airflow/.local/lib/python3.11/site-packages/airflow/example_dags/plugins/workday.py
[2023-11-02T08:52:38.820+0000] {processor.py:829} INFO - Processing file /home/airflow/.local/lib/python3.11/site-packages/airflow/example_dags/plugins/workday.py for tasks to queue
[2023-11-02T08:52:38.831+0000] {logging_mixin.py:151} INFO - [2023-11-02T08:52:38.830+0000] {dagbag.py:536} INFO - Filling up the DagBag from /home/airflow/.local/lib/python3.11/site-packages/airflow/example_dags/plugins/workday.py
[2023-11-02T08:52:39.627+0000] {processor.py:841} WARNING - No viable dags retrieved from /home/airflow/.local/lib/python3.11/site-packages/airflow/example_dags/plugins/workday.py
[2023-11-02T08:52:39.643+0000] {processor.py:179} INFO - Processing /home/airflow/.local/lib/python3.11/site-packages/airflow/example_dags/plugins/workday.py took 0.835 seconds
[2023-11-02T08:53:10.470+0000] {processor.py:157} INFO - Started process (PID=973) to work on /home/airflow/.local/lib/python3.11/site-packages/airflow/example_dags/plugins/workday.py
[2023-11-02T08:53:10.471+0000] {processor.py:829} INFO - Processing file /home/airflow/.local/lib/python3.11/site-packages/airflow/example_dags/plugins/workday.py for tasks to queue
[2023-11-02T08:53:10.472+0000] {logging_mixin.py:151} INFO - [2023-11-02T08:53:10.472+0000] {dagbag.py:536} INFO - Filling up the DagBag from /home/airflow/.local/lib/python3.11/site-packages/airflow/example_dags/plugins/workday.py
[2023-11-02T08:53:10.942+0000] {processor.py:841} WARNING - No viable dags retrieved from /home/airflow/.local/lib/python3.11/site-packages/airflow/example_dags/plugins/workday.py
[2023-11-02T08:53:10.948+0000] {processor.py:179} INFO - Processing /home/airflow/.local/lib/python3.11/site-packages/airflow/example_dags/plugins/workday.py took 0.481 seconds
[2023-11-02T08:53:41.604+0000] {processor.py:157} INFO - Started process (PID=1028) to work on /home/airflow/.local/lib/python3.11/site-packages/airflow/example_dags/plugins/workday.py
[2023-11-02T08:53:41.606+0000] {processor.py:829} INFO - Processing file /home/airflow/.local/lib/python3.11/site-packages/airflow/example_dags/plugins/workday.py for tasks to queue
[2023-11-02T08:53:41.610+0000] {logging_mixin.py:151} INFO - [2023-11-02T08:53:41.609+0000] {dagbag.py:536} INFO - Filling up the DagBag from /home/airflow/.local/lib/python3.11/site-packages/airflow/example_dags/plugins/workday.py
[2023-11-02T08:53:42.083+0000] {processor.py:841} WARNING - No viable dags retrieved from /home/airflow/.local/lib/python3.11/site-packages/airflow/example_dags/plugins/workday.py
[2023-11-02T08:53:42.090+0000] {processor.py:179} INFO - Processing /home/airflow/.local/lib/python3.11/site-packages/airflow/example_dags/plugins/workday.py took 0.492 seconds
[2023-11-02T08:54:13.043+0000] {processor.py:157} INFO - Started process (PID=1086) to work on /home/airflow/.local/lib/python3.11/site-packages/airflow/example_dags/plugins/workday.py
[2023-11-02T08:54:13.044+0000] {processor.py:829} INFO - Processing file /home/airflow/.local/lib/python3.11/site-packages/airflow/example_dags/plugins/workday.py for tasks to queue
[2023-11-02T08:54:13.045+0000] {logging_mixin.py:151} INFO - [2023-11-02T08:54:13.045+0000] {dagbag.py:536} INFO - Filling up the DagBag from /home/airflow/.local/lib/python3.11/site-packages/airflow/example_dags/plugins/workday.py
[2023-11-02T08:54:13.575+0000] {processor.py:841} WARNING - No viable dags retrieved from /home/airflow/.local/lib/python3.11/site-packages/airflow/example_dags/plugins/workday.py
[2023-11-02T08:54:13.583+0000] {processor.py:179} INFO - Processing /home/airflow/.local/lib/python3.11/site-packages/airflow/example_dags/plugins/workday.py took 0.542 seconds
[2023-11-02T08:54:44.584+0000] {processor.py:157} INFO - Started process (PID=1142) to work on /home/airflow/.local/lib/python3.11/site-packages/airflow/example_dags/plugins/workday.py
[2023-11-02T08:54:44.585+0000] {processor.py:829} INFO - Processing file /home/airflow/.local/lib/python3.11/site-packages/airflow/example_dags/plugins/workday.py for tasks to queue
[2023-11-02T08:54:44.589+0000] {logging_mixin.py:151} INFO - [2023-11-02T08:54:44.588+0000] {dagbag.py:536} INFO - Filling up the DagBag from /home/airflow/.local/lib/python3.11/site-packages/airflow/example_dags/plugins/workday.py
[2023-11-02T08:54:45.039+0000] {processor.py:841} WARNING - No viable dags retrieved from /home/airflow/.local/lib/python3.11/site-packages/airflow/example_dags/plugins/workday.py
[2023-11-02T08:54:45.047+0000] {processor.py:179} INFO - Processing /home/airflow/.local/lib/python3.11/site-packages/airflow/example_dags/plugins/workday.py took 0.467 seconds
