[2023-11-02T08:44:32.161+0000] {processor.py:157} INFO - Started process (PID=31) to work on /opt/airflow/dags/scraping/cryptopanic.py
[2023-11-02T08:44:32.162+0000] {processor.py:829} INFO - Processing file /opt/airflow/dags/scraping/cryptopanic.py for tasks to queue
[2023-11-02T08:44:32.167+0000] {logging_mixin.py:151} INFO - [2023-11-02T08:44:32.166+0000] {dagbag.py:536} INFO - Filling up the DagBag from /opt/airflow/dags/scraping/cryptopanic.py
[2023-11-02T08:44:32.232+0000] {processor.py:839} INFO - DAG(s) dict_keys(['scraper_cryptopanic']) retrieved from /opt/airflow/dags/scraping/cryptopanic.py
[2023-11-02T08:44:32.783+0000] {logging_mixin.py:151} INFO - [2023-11-02T08:44:32.783+0000] {manager.py:499} INFO - Created Permission View: %s
[2023-11-02T08:44:32.809+0000] {logging_mixin.py:151} INFO - [2023-11-02T08:44:32.808+0000] {manager.py:499} INFO - Created Permission View: %s
[2023-11-02T08:44:32.821+0000] {logging_mixin.py:151} INFO - [2023-11-02T08:44:32.820+0000] {manager.py:499} INFO - Created Permission View: %s
[2023-11-02T08:44:32.822+0000] {logging_mixin.py:151} INFO - [2023-11-02T08:44:32.822+0000] {dag.py:2941} INFO - Sync 1 DAGs
[2023-11-02T08:44:32.841+0000] {logging_mixin.py:151} INFO - [2023-11-02T08:44:32.840+0000] {dag.py:2963} INFO - Creating ORM DAG for scraper_cryptopanic
[2023-11-02T08:44:32.868+0000] {logging_mixin.py:151} INFO - [2023-11-02T08:44:32.868+0000] {dag.py:3722} INFO - Setting next_dagrun for scraper_cryptopanic to 2023-11-02T08:39:32.867280+00:00, run_after=2023-11-02T08:44:32.867280+00:00
[2023-11-02T08:44:32.895+0000] {processor.py:179} INFO - Processing /opt/airflow/dags/scraping/cryptopanic.py took 0.740 seconds
[2023-11-02T08:45:03.645+0000] {processor.py:157} INFO - Started process (PID=86) to work on /opt/airflow/dags/scraping/cryptopanic.py
[2023-11-02T08:45:03.647+0000] {processor.py:829} INFO - Processing file /opt/airflow/dags/scraping/cryptopanic.py for tasks to queue
[2023-11-02T08:45:03.663+0000] {logging_mixin.py:151} INFO - [2023-11-02T08:45:03.663+0000] {dagbag.py:536} INFO - Filling up the DagBag from /opt/airflow/dags/scraping/cryptopanic.py
[2023-11-02T08:45:03.697+0000] {processor.py:839} INFO - DAG(s) dict_keys(['scraper_cryptopanic']) retrieved from /opt/airflow/dags/scraping/cryptopanic.py
[2023-11-02T08:45:03.758+0000] {logging_mixin.py:151} INFO - [2023-11-02T08:45:03.758+0000] {dag.py:2941} INFO - Sync 1 DAGs
[2023-11-02T08:45:03.801+0000] {logging_mixin.py:151} INFO - [2023-11-02T08:45:03.800+0000] {dag.py:3722} INFO - Setting next_dagrun for scraper_cryptopanic to 2023-11-02T08:40:03.798353+00:00, run_after=2023-11-02T08:45:03.798353+00:00
[2023-11-02T08:45:03.826+0000] {processor.py:179} INFO - Processing /opt/airflow/dags/scraping/cryptopanic.py took 0.199 seconds
[2023-11-02T08:45:34.744+0000] {processor.py:157} INFO - Started process (PID=141) to work on /opt/airflow/dags/scraping/cryptopanic.py
[2023-11-02T08:45:34.751+0000] {processor.py:829} INFO - Processing file /opt/airflow/dags/scraping/cryptopanic.py for tasks to queue
[2023-11-02T08:45:34.787+0000] {logging_mixin.py:151} INFO - [2023-11-02T08:45:34.785+0000] {dagbag.py:536} INFO - Filling up the DagBag from /opt/airflow/dags/scraping/cryptopanic.py
[2023-11-02T08:45:34.838+0000] {processor.py:839} INFO - DAG(s) dict_keys(['scraper_cryptopanic']) retrieved from /opt/airflow/dags/scraping/cryptopanic.py
[2023-11-02T08:45:34.922+0000] {logging_mixin.py:151} INFO - [2023-11-02T08:45:34.922+0000] {dag.py:2941} INFO - Sync 1 DAGs
[2023-11-02T08:45:34.979+0000] {logging_mixin.py:151} INFO - [2023-11-02T08:45:34.979+0000] {dag.py:3722} INFO - Setting next_dagrun for scraper_cryptopanic to 2023-11-02T08:45:03.798353+00:00, run_after=2023-11-02T08:50:03.798353+00:00
[2023-11-02T08:45:35.001+0000] {processor.py:179} INFO - Processing /opt/airflow/dags/scraping/cryptopanic.py took 0.286 seconds
[2023-11-02T08:46:05.581+0000] {processor.py:157} INFO - Started process (PID=196) to work on /opt/airflow/dags/scraping/cryptopanic.py
[2023-11-02T08:46:05.585+0000] {processor.py:829} INFO - Processing file /opt/airflow/dags/scraping/cryptopanic.py for tasks to queue
[2023-11-02T08:46:05.602+0000] {logging_mixin.py:151} INFO - [2023-11-02T08:46:05.600+0000] {dagbag.py:536} INFO - Filling up the DagBag from /opt/airflow/dags/scraping/cryptopanic.py
[2023-11-02T08:46:05.647+0000] {processor.py:839} INFO - DAG(s) dict_keys(['scraper_cryptopanic']) retrieved from /opt/airflow/dags/scraping/cryptopanic.py
[2023-11-02T08:46:05.716+0000] {logging_mixin.py:151} INFO - [2023-11-02T08:46:05.716+0000] {dag.py:2941} INFO - Sync 1 DAGs
[2023-11-02T08:46:05.768+0000] {logging_mixin.py:151} INFO - [2023-11-02T08:46:05.768+0000] {dag.py:3722} INFO - Setting next_dagrun for scraper_cryptopanic to 2023-11-02T08:45:03.798353+00:00, run_after=2023-11-02T08:50:03.798353+00:00
[2023-11-02T08:46:05.793+0000] {processor.py:179} INFO - Processing /opt/airflow/dags/scraping/cryptopanic.py took 0.244 seconds
[2023-11-02T08:46:36.140+0000] {processor.py:157} INFO - Started process (PID=251) to work on /opt/airflow/dags/scraping/cryptopanic.py
[2023-11-02T08:46:36.143+0000] {processor.py:829} INFO - Processing file /opt/airflow/dags/scraping/cryptopanic.py for tasks to queue
[2023-11-02T08:46:36.153+0000] {logging_mixin.py:151} INFO - [2023-11-02T08:46:36.152+0000] {dagbag.py:536} INFO - Filling up the DagBag from /opt/airflow/dags/scraping/cryptopanic.py
[2023-11-02T08:46:36.173+0000] {processor.py:839} INFO - DAG(s) dict_keys(['scraper_cryptopanic']) retrieved from /opt/airflow/dags/scraping/cryptopanic.py
[2023-11-02T08:46:36.262+0000] {logging_mixin.py:151} INFO - [2023-11-02T08:46:36.262+0000] {dag.py:2941} INFO - Sync 1 DAGs
[2023-11-02T08:46:36.296+0000] {logging_mixin.py:151} INFO - [2023-11-02T08:46:36.295+0000] {dag.py:3722} INFO - Setting next_dagrun for scraper_cryptopanic to 2023-11-02T08:45:03.798353+00:00, run_after=2023-11-02T08:50:03.798353+00:00
[2023-11-02T08:46:36.316+0000] {processor.py:179} INFO - Processing /opt/airflow/dags/scraping/cryptopanic.py took 0.191 seconds
[2023-11-02T08:47:06.411+0000] {processor.py:157} INFO - Started process (PID=306) to work on /opt/airflow/dags/scraping/cryptopanic.py
[2023-11-02T08:47:06.413+0000] {processor.py:829} INFO - Processing file /opt/airflow/dags/scraping/cryptopanic.py for tasks to queue
[2023-11-02T08:47:06.421+0000] {logging_mixin.py:151} INFO - [2023-11-02T08:47:06.421+0000] {dagbag.py:536} INFO - Filling up the DagBag from /opt/airflow/dags/scraping/cryptopanic.py
[2023-11-02T08:47:06.436+0000] {processor.py:839} INFO - DAG(s) dict_keys(['scraper_cryptopanic']) retrieved from /opt/airflow/dags/scraping/cryptopanic.py
[2023-11-02T08:47:06.487+0000] {logging_mixin.py:151} INFO - [2023-11-02T08:47:06.487+0000] {dag.py:2941} INFO - Sync 1 DAGs
[2023-11-02T08:47:06.513+0000] {logging_mixin.py:151} INFO - [2023-11-02T08:47:06.513+0000] {dag.py:3722} INFO - Setting next_dagrun for scraper_cryptopanic to 2023-11-02T08:45:03.798353+00:00, run_after=2023-11-02T08:50:03.798353+00:00
[2023-11-02T08:47:06.527+0000] {processor.py:179} INFO - Processing /opt/airflow/dags/scraping/cryptopanic.py took 0.126 seconds
[2023-11-02T08:47:36.643+0000] {processor.py:157} INFO - Started process (PID=361) to work on /opt/airflow/dags/scraping/cryptopanic.py
[2023-11-02T08:47:36.646+0000] {processor.py:829} INFO - Processing file /opt/airflow/dags/scraping/cryptopanic.py for tasks to queue
[2023-11-02T08:47:36.653+0000] {logging_mixin.py:151} INFO - [2023-11-02T08:47:36.652+0000] {dagbag.py:536} INFO - Filling up the DagBag from /opt/airflow/dags/scraping/cryptopanic.py
[2023-11-02T08:47:36.679+0000] {processor.py:839} INFO - DAG(s) dict_keys(['scraper_cryptopanic']) retrieved from /opt/airflow/dags/scraping/cryptopanic.py
[2023-11-02T08:47:36.720+0000] {logging_mixin.py:151} INFO - [2023-11-02T08:47:36.720+0000] {dag.py:2941} INFO - Sync 1 DAGs
[2023-11-02T08:47:36.750+0000] {logging_mixin.py:151} INFO - [2023-11-02T08:47:36.750+0000] {dag.py:3722} INFO - Setting next_dagrun for scraper_cryptopanic to 2023-11-02T08:45:03.798353+00:00, run_after=2023-11-02T08:50:03.798353+00:00
[2023-11-02T08:47:36.766+0000] {processor.py:179} INFO - Processing /opt/airflow/dags/scraping/cryptopanic.py took 0.133 seconds
[2023-11-02T08:48:06.847+0000] {processor.py:157} INFO - Started process (PID=416) to work on /opt/airflow/dags/scraping/cryptopanic.py
[2023-11-02T08:48:06.849+0000] {processor.py:829} INFO - Processing file /opt/airflow/dags/scraping/cryptopanic.py for tasks to queue
[2023-11-02T08:48:06.859+0000] {logging_mixin.py:151} INFO - [2023-11-02T08:48:06.858+0000] {dagbag.py:536} INFO - Filling up the DagBag from /opt/airflow/dags/scraping/cryptopanic.py
[2023-11-02T08:48:06.876+0000] {processor.py:839} INFO - DAG(s) dict_keys(['scraper_cryptopanic']) retrieved from /opt/airflow/dags/scraping/cryptopanic.py
[2023-11-02T08:48:06.912+0000] {logging_mixin.py:151} INFO - [2023-11-02T08:48:06.911+0000] {dag.py:2941} INFO - Sync 1 DAGs
[2023-11-02T08:48:06.939+0000] {logging_mixin.py:151} INFO - [2023-11-02T08:48:06.939+0000] {dag.py:3722} INFO - Setting next_dagrun for scraper_cryptopanic to 2023-11-02T08:45:03.798353+00:00, run_after=2023-11-02T08:50:03.798353+00:00
[2023-11-02T08:48:06.955+0000] {processor.py:179} INFO - Processing /opt/airflow/dags/scraping/cryptopanic.py took 0.117 seconds
[2023-11-02T08:48:37.132+0000] {processor.py:157} INFO - Started process (PID=471) to work on /opt/airflow/dags/scraping/cryptopanic.py
[2023-11-02T08:48:37.134+0000] {processor.py:829} INFO - Processing file /opt/airflow/dags/scraping/cryptopanic.py for tasks to queue
[2023-11-02T08:48:37.141+0000] {logging_mixin.py:151} INFO - [2023-11-02T08:48:37.140+0000] {dagbag.py:536} INFO - Filling up the DagBag from /opt/airflow/dags/scraping/cryptopanic.py
[2023-11-02T08:48:37.151+0000] {processor.py:839} INFO - DAG(s) dict_keys(['scraper_cryptopanic']) retrieved from /opt/airflow/dags/scraping/cryptopanic.py
[2023-11-02T08:48:37.173+0000] {logging_mixin.py:151} INFO - [2023-11-02T08:48:37.173+0000] {dag.py:2941} INFO - Sync 1 DAGs
[2023-11-02T08:48:37.195+0000] {logging_mixin.py:151} INFO - [2023-11-02T08:48:37.194+0000] {dag.py:3722} INFO - Setting next_dagrun for scraper_cryptopanic to 2023-11-02T08:45:03.798353+00:00, run_after=2023-11-02T08:50:03.798353+00:00
[2023-11-02T08:48:37.207+0000] {processor.py:179} INFO - Processing /opt/airflow/dags/scraping/cryptopanic.py took 0.087 seconds
[2023-11-02T08:49:07.251+0000] {processor.py:157} INFO - Started process (PID=526) to work on /opt/airflow/dags/scraping/cryptopanic.py
[2023-11-02T08:49:07.257+0000] {processor.py:829} INFO - Processing file /opt/airflow/dags/scraping/cryptopanic.py for tasks to queue
[2023-11-02T08:49:07.261+0000] {logging_mixin.py:151} INFO - [2023-11-02T08:49:07.260+0000] {dagbag.py:536} INFO - Filling up the DagBag from /opt/airflow/dags/scraping/cryptopanic.py
[2023-11-02T08:49:07.278+0000] {processor.py:839} INFO - DAG(s) dict_keys(['scraper_cryptopanic']) retrieved from /opt/airflow/dags/scraping/cryptopanic.py
[2023-11-02T08:49:07.295+0000] {logging_mixin.py:151} INFO - [2023-11-02T08:49:07.295+0000] {dag.py:2941} INFO - Sync 1 DAGs
[2023-11-02T08:49:07.314+0000] {logging_mixin.py:151} INFO - [2023-11-02T08:49:07.314+0000] {dag.py:3722} INFO - Setting next_dagrun for scraper_cryptopanic to 2023-11-02T08:45:03.798353+00:00, run_after=2023-11-02T08:50:03.798353+00:00
[2023-11-02T08:49:07.329+0000] {processor.py:179} INFO - Processing /opt/airflow/dags/scraping/cryptopanic.py took 0.082 seconds
[2023-11-02T08:49:37.482+0000] {processor.py:157} INFO - Started process (PID=581) to work on /opt/airflow/dags/scraping/cryptopanic.py
[2023-11-02T08:49:37.487+0000] {processor.py:829} INFO - Processing file /opt/airflow/dags/scraping/cryptopanic.py for tasks to queue
[2023-11-02T08:49:37.494+0000] {logging_mixin.py:151} INFO - [2023-11-02T08:49:37.493+0000] {dagbag.py:536} INFO - Filling up the DagBag from /opt/airflow/dags/scraping/cryptopanic.py
[2023-11-02T08:49:37.517+0000] {processor.py:839} INFO - DAG(s) dict_keys(['scraper_cryptopanic']) retrieved from /opt/airflow/dags/scraping/cryptopanic.py
[2023-11-02T08:49:37.537+0000] {logging_mixin.py:151} INFO - [2023-11-02T08:49:37.536+0000] {dag.py:2941} INFO - Sync 1 DAGs
[2023-11-02T08:49:37.563+0000] {logging_mixin.py:151} INFO - [2023-11-02T08:49:37.562+0000] {dag.py:3722} INFO - Setting next_dagrun for scraper_cryptopanic to 2023-11-02T08:45:03.798353+00:00, run_after=2023-11-02T08:50:03.798353+00:00
[2023-11-02T08:49:37.580+0000] {processor.py:179} INFO - Processing /opt/airflow/dags/scraping/cryptopanic.py took 0.103 seconds
[2023-11-02T08:50:07.786+0000] {processor.py:157} INFO - Started process (PID=636) to work on /opt/airflow/dags/scraping/cryptopanic.py
[2023-11-02T08:50:07.788+0000] {processor.py:829} INFO - Processing file /opt/airflow/dags/scraping/cryptopanic.py for tasks to queue
[2023-11-02T08:50:07.795+0000] {logging_mixin.py:151} INFO - [2023-11-02T08:50:07.794+0000] {dagbag.py:536} INFO - Filling up the DagBag from /opt/airflow/dags/scraping/cryptopanic.py
[2023-11-02T08:50:07.811+0000] {processor.py:839} INFO - DAG(s) dict_keys(['scraper_cryptopanic']) retrieved from /opt/airflow/dags/scraping/cryptopanic.py
[2023-11-02T08:50:07.839+0000] {logging_mixin.py:151} INFO - [2023-11-02T08:50:07.839+0000] {dag.py:2941} INFO - Sync 1 DAGs
[2023-11-02T08:50:07.868+0000] {logging_mixin.py:151} INFO - [2023-11-02T08:50:07.868+0000] {dag.py:3722} INFO - Setting next_dagrun for scraper_cryptopanic to 2023-11-02T08:45:07.868076+00:00, run_after=2023-11-02T08:50:07.868076+00:00
[2023-11-02T08:50:07.883+0000] {processor.py:179} INFO - Processing /opt/airflow/dags/scraping/cryptopanic.py took 0.106 seconds
[2023-11-02T08:50:38.046+0000] {processor.py:157} INFO - Started process (PID=691) to work on /opt/airflow/dags/scraping/cryptopanic.py
[2023-11-02T08:50:38.048+0000] {processor.py:829} INFO - Processing file /opt/airflow/dags/scraping/cryptopanic.py for tasks to queue
[2023-11-02T08:50:38.054+0000] {logging_mixin.py:151} INFO - [2023-11-02T08:50:38.054+0000] {dagbag.py:536} INFO - Filling up the DagBag from /opt/airflow/dags/scraping/cryptopanic.py
[2023-11-02T08:50:38.063+0000] {processor.py:839} INFO - DAG(s) dict_keys(['scraper_cryptopanic']) retrieved from /opt/airflow/dags/scraping/cryptopanic.py
[2023-11-02T08:50:38.087+0000] {logging_mixin.py:151} INFO - [2023-11-02T08:50:38.087+0000] {dag.py:2941} INFO - Sync 1 DAGs
[2023-11-02T08:50:38.109+0000] {logging_mixin.py:151} INFO - [2023-11-02T08:50:38.109+0000] {dag.py:3722} INFO - Setting next_dagrun for scraper_cryptopanic to 2023-11-02T08:45:38.109515+00:00, run_after=2023-11-02T08:50:38.109515+00:00
[2023-11-02T08:50:38.122+0000] {processor.py:179} INFO - Processing /opt/airflow/dags/scraping/cryptopanic.py took 0.086 seconds
[2023-11-02T08:51:08.981+0000] {processor.py:157} INFO - Started process (PID=746) to work on /opt/airflow/dags/scraping/cryptopanic.py
[2023-11-02T08:51:08.984+0000] {processor.py:829} INFO - Processing file /opt/airflow/dags/scraping/cryptopanic.py for tasks to queue
[2023-11-02T08:51:08.988+0000] {logging_mixin.py:151} INFO - [2023-11-02T08:51:08.987+0000] {dagbag.py:536} INFO - Filling up the DagBag from /opt/airflow/dags/scraping/cryptopanic.py
[2023-11-02T08:51:08.997+0000] {processor.py:839} INFO - DAG(s) dict_keys(['scraper_cryptopanic']) retrieved from /opt/airflow/dags/scraping/cryptopanic.py
[2023-11-02T08:51:09.016+0000] {logging_mixin.py:151} INFO - [2023-11-02T08:51:09.016+0000] {dag.py:2941} INFO - Sync 1 DAGs
[2023-11-02T08:51:09.033+0000] {logging_mixin.py:151} INFO - [2023-11-02T08:51:09.033+0000] {dag.py:3722} INFO - Setting next_dagrun for scraper_cryptopanic to 2023-11-02T08:46:09.033347+00:00, run_after=2023-11-02T08:51:09.033347+00:00
[2023-11-02T08:51:09.045+0000] {processor.py:179} INFO - Processing /opt/airflow/dags/scraping/cryptopanic.py took 0.070 seconds
[2023-11-02T08:51:39.191+0000] {processor.py:157} INFO - Started process (PID=801) to work on /opt/airflow/dags/scraping/cryptopanic.py
[2023-11-02T08:51:39.194+0000] {processor.py:829} INFO - Processing file /opt/airflow/dags/scraping/cryptopanic.py for tasks to queue
[2023-11-02T08:51:39.199+0000] {logging_mixin.py:151} INFO - [2023-11-02T08:51:39.198+0000] {dagbag.py:536} INFO - Filling up the DagBag from /opt/airflow/dags/scraping/cryptopanic.py
[2023-11-02T08:51:39.208+0000] {processor.py:839} INFO - DAG(s) dict_keys(['scraper_cryptopanic']) retrieved from /opt/airflow/dags/scraping/cryptopanic.py
[2023-11-02T08:51:39.228+0000] {logging_mixin.py:151} INFO - [2023-11-02T08:51:39.228+0000] {dag.py:2941} INFO - Sync 1 DAGs
[2023-11-02T08:51:39.248+0000] {logging_mixin.py:151} INFO - [2023-11-02T08:51:39.247+0000] {dag.py:3722} INFO - Setting next_dagrun for scraper_cryptopanic to 2023-11-02T08:46:39.247528+00:00, run_after=2023-11-02T08:51:39.247528+00:00
[2023-11-02T08:51:39.261+0000] {processor.py:179} INFO - Processing /opt/airflow/dags/scraping/cryptopanic.py took 0.078 seconds
[2023-11-02T08:52:09.455+0000] {processor.py:157} INFO - Started process (PID=856) to work on /opt/airflow/dags/scraping/cryptopanic.py
[2023-11-02T08:52:09.457+0000] {processor.py:829} INFO - Processing file /opt/airflow/dags/scraping/cryptopanic.py for tasks to queue
[2023-11-02T08:52:09.462+0000] {logging_mixin.py:151} INFO - [2023-11-02T08:52:09.461+0000] {dagbag.py:536} INFO - Filling up the DagBag from /opt/airflow/dags/scraping/cryptopanic.py
[2023-11-02T08:52:09.476+0000] {processor.py:839} INFO - DAG(s) dict_keys(['scraper_cryptopanic']) retrieved from /opt/airflow/dags/scraping/cryptopanic.py
[2023-11-02T08:52:09.497+0000] {logging_mixin.py:151} INFO - [2023-11-02T08:52:09.497+0000] {dag.py:2941} INFO - Sync 1 DAGs
[2023-11-02T08:52:09.514+0000] {logging_mixin.py:151} INFO - [2023-11-02T08:52:09.514+0000] {dag.py:3722} INFO - Setting next_dagrun for scraper_cryptopanic to 2023-11-02T08:47:09.514294+00:00, run_after=2023-11-02T08:52:09.514294+00:00
[2023-11-02T08:52:09.529+0000] {processor.py:179} INFO - Processing /opt/airflow/dags/scraping/cryptopanic.py took 0.081 seconds
[2023-11-02T08:52:28.682+0000] {processor.py:157} INFO - Started process (PID=909) to work on /opt/airflow/dags/scraping/cryptopanic.py
[2023-11-02T08:52:28.685+0000] {processor.py:829} INFO - Processing file /opt/airflow/dags/scraping/cryptopanic.py for tasks to queue
[2023-11-02T08:52:28.700+0000] {logging_mixin.py:151} INFO - [2023-11-02T08:52:28.698+0000] {dagbag.py:536} INFO - Filling up the DagBag from /opt/airflow/dags/scraping/cryptopanic.py
[2023-11-02T08:52:28.749+0000] {processor.py:839} INFO - DAG(s) dict_keys(['scraper_cryptopanic']) retrieved from /opt/airflow/dags/scraping/cryptopanic.py
[2023-11-02T08:52:28.931+0000] {logging_mixin.py:151} INFO - [2023-11-02T08:52:28.931+0000] {dag.py:2941} INFO - Sync 1 DAGs
[2023-11-02T08:52:29.013+0000] {logging_mixin.py:151} INFO - [2023-11-02T08:52:29.012+0000] {dag.py:3722} INFO - Setting next_dagrun for scraper_cryptopanic to 2023-11-02T08:47:29.011391+00:00, run_after=2023-11-02T08:52:29.011391+00:00
[2023-11-02T08:52:29.061+0000] {processor.py:179} INFO - Processing /opt/airflow/dags/scraping/cryptopanic.py took 0.401 seconds
[2023-11-02T08:52:59.953+0000] {processor.py:157} INFO - Started process (PID=964) to work on /opt/airflow/dags/scraping/cryptopanic.py
[2023-11-02T08:52:59.956+0000] {processor.py:829} INFO - Processing file /opt/airflow/dags/scraping/cryptopanic.py for tasks to queue
[2023-11-02T08:52:59.963+0000] {logging_mixin.py:151} INFO - [2023-11-02T08:52:59.962+0000] {dagbag.py:536} INFO - Filling up the DagBag from /opt/airflow/dags/scraping/cryptopanic.py
[2023-11-02T08:52:59.976+0000] {processor.py:839} INFO - DAG(s) dict_keys(['scraper_cryptopanic']) retrieved from /opt/airflow/dags/scraping/cryptopanic.py
[2023-11-02T08:53:00.000+0000] {logging_mixin.py:151} INFO - [2023-11-02T08:53:00.000+0000] {dag.py:2941} INFO - Sync 1 DAGs
[2023-11-02T08:53:00.019+0000] {logging_mixin.py:151} INFO - [2023-11-02T08:53:00.019+0000] {dag.py:3722} INFO - Setting next_dagrun for scraper_cryptopanic to 2023-11-02T08:48:00.018725+00:00, run_after=2023-11-02T08:53:00.018725+00:00
[2023-11-02T08:53:00.031+0000] {processor.py:179} INFO - Processing /opt/airflow/dags/scraping/cryptopanic.py took 0.087 seconds
[2023-11-02T08:53:30.066+0000] {processor.py:157} INFO - Started process (PID=1019) to work on /opt/airflow/dags/scraping/cryptopanic.py
[2023-11-02T08:53:30.067+0000] {processor.py:829} INFO - Processing file /opt/airflow/dags/scraping/cryptopanic.py for tasks to queue
[2023-11-02T08:53:30.072+0000] {logging_mixin.py:151} INFO - [2023-11-02T08:53:30.072+0000] {dagbag.py:536} INFO - Filling up the DagBag from /opt/airflow/dags/scraping/cryptopanic.py
[2023-11-02T08:53:30.082+0000] {processor.py:839} INFO - DAG(s) dict_keys(['scraper_cryptopanic']) retrieved from /opt/airflow/dags/scraping/cryptopanic.py
[2023-11-02T08:53:30.102+0000] {logging_mixin.py:151} INFO - [2023-11-02T08:53:30.102+0000] {dag.py:2941} INFO - Sync 1 DAGs
[2023-11-02T08:53:30.120+0000] {logging_mixin.py:151} INFO - [2023-11-02T08:53:30.120+0000] {dag.py:3722} INFO - Setting next_dagrun for scraper_cryptopanic to 2023-11-02T08:48:30.120504+00:00, run_after=2023-11-02T08:53:30.120504+00:00
[2023-11-02T08:53:30.131+0000] {processor.py:179} INFO - Processing /opt/airflow/dags/scraping/cryptopanic.py took 0.073 seconds
[2023-11-02T08:54:00.382+0000] {processor.py:157} INFO - Started process (PID=1074) to work on /opt/airflow/dags/scraping/cryptopanic.py
[2023-11-02T08:54:00.383+0000] {processor.py:829} INFO - Processing file /opt/airflow/dags/scraping/cryptopanic.py for tasks to queue
[2023-11-02T08:54:00.388+0000] {logging_mixin.py:151} INFO - [2023-11-02T08:54:00.387+0000] {dagbag.py:536} INFO - Filling up the DagBag from /opt/airflow/dags/scraping/cryptopanic.py
[2023-11-02T08:54:00.398+0000] {processor.py:839} INFO - DAG(s) dict_keys(['scraper_cryptopanic']) retrieved from /opt/airflow/dags/scraping/cryptopanic.py
[2023-11-02T08:54:00.421+0000] {logging_mixin.py:151} INFO - [2023-11-02T08:54:00.421+0000] {dag.py:2941} INFO - Sync 1 DAGs
[2023-11-02T08:54:00.441+0000] {logging_mixin.py:151} INFO - [2023-11-02T08:54:00.441+0000] {dag.py:3722} INFO - Setting next_dagrun for scraper_cryptopanic to 2023-11-02T08:49:00.441083+00:00, run_after=2023-11-02T08:54:00.441083+00:00
[2023-11-02T08:54:00.454+0000] {processor.py:179} INFO - Processing /opt/airflow/dags/scraping/cryptopanic.py took 0.078 seconds
[2023-11-02T08:54:30.886+0000] {processor.py:157} INFO - Started process (PID=1129) to work on /opt/airflow/dags/scraping/cryptopanic.py
[2023-11-02T08:54:30.887+0000] {processor.py:829} INFO - Processing file /opt/airflow/dags/scraping/cryptopanic.py for tasks to queue
[2023-11-02T08:54:30.891+0000] {logging_mixin.py:151} INFO - [2023-11-02T08:54:30.891+0000] {dagbag.py:536} INFO - Filling up the DagBag from /opt/airflow/dags/scraping/cryptopanic.py
[2023-11-02T08:54:30.898+0000] {processor.py:839} INFO - DAG(s) dict_keys(['scraper_cryptopanic']) retrieved from /opt/airflow/dags/scraping/cryptopanic.py
[2023-11-02T08:54:30.913+0000] {logging_mixin.py:151} INFO - [2023-11-02T08:54:30.913+0000] {dag.py:2941} INFO - Sync 1 DAGs
[2023-11-02T08:54:30.929+0000] {logging_mixin.py:151} INFO - [2023-11-02T08:54:30.929+0000] {dag.py:3722} INFO - Setting next_dagrun for scraper_cryptopanic to 2023-11-02T08:49:30.929484+00:00, run_after=2023-11-02T08:54:30.929484+00:00
[2023-11-02T08:54:30.940+0000] {processor.py:179} INFO - Processing /opt/airflow/dags/scraping/cryptopanic.py took 0.058 seconds
[2023-11-02T08:55:01.956+0000] {processor.py:157} INFO - Started process (PID=1184) to work on /opt/airflow/dags/scraping/cryptopanic.py
[2023-11-02T08:55:01.957+0000] {processor.py:829} INFO - Processing file /opt/airflow/dags/scraping/cryptopanic.py for tasks to queue
[2023-11-02T08:55:01.961+0000] {logging_mixin.py:151} INFO - [2023-11-02T08:55:01.961+0000] {dagbag.py:536} INFO - Filling up the DagBag from /opt/airflow/dags/scraping/cryptopanic.py
[2023-11-02T08:55:01.970+0000] {processor.py:839} INFO - DAG(s) dict_keys(['scraper_cryptopanic']) retrieved from /opt/airflow/dags/scraping/cryptopanic.py
[2023-11-02T08:55:01.992+0000] {logging_mixin.py:151} INFO - [2023-11-02T08:55:01.992+0000] {dag.py:2941} INFO - Sync 1 DAGs
[2023-11-02T08:55:02.012+0000] {logging_mixin.py:151} INFO - [2023-11-02T08:55:02.012+0000] {dag.py:3722} INFO - Setting next_dagrun for scraper_cryptopanic to 2023-11-02T08:50:02.012257+00:00, run_after=2023-11-02T08:55:02.012257+00:00
[2023-11-02T08:55:02.026+0000] {processor.py:179} INFO - Processing /opt/airflow/dags/scraping/cryptopanic.py took 0.075 seconds
