[2023-11-02T08:44:42.119+0000] {processor.py:157} INFO - Started process (PID=58) to work on /home/airflow/.local/lib/python3.11/site-packages/airflow/example_dags/example_short_circuit_decorator.py
[2023-11-02T08:44:42.120+0000] {processor.py:829} INFO - Processing file /home/airflow/.local/lib/python3.11/site-packages/airflow/example_dags/example_short_circuit_decorator.py for tasks to queue
[2023-11-02T08:44:42.123+0000] {logging_mixin.py:151} INFO - [2023-11-02T08:44:42.122+0000] {dagbag.py:536} INFO - Filling up the DagBag from /home/airflow/.local/lib/python3.11/site-packages/airflow/example_dags/example_short_circuit_decorator.py
[2023-11-02T08:44:42.137+0000] {processor.py:839} INFO - DAG(s) dict_keys(['example_short_circuit_decorator']) retrieved from /home/airflow/.local/lib/python3.11/site-packages/airflow/example_dags/example_short_circuit_decorator.py
[2023-11-02T08:44:42.272+0000] {logging_mixin.py:151} INFO - [2023-11-02T08:44:42.272+0000] {manager.py:499} INFO - Created Permission View: %s
[2023-11-02T08:44:42.284+0000] {logging_mixin.py:151} INFO - [2023-11-02T08:44:42.284+0000] {manager.py:499} INFO - Created Permission View: %s
[2023-11-02T08:44:42.290+0000] {logging_mixin.py:151} INFO - [2023-11-02T08:44:42.290+0000] {manager.py:499} INFO - Created Permission View: %s
[2023-11-02T08:44:42.291+0000] {logging_mixin.py:151} INFO - [2023-11-02T08:44:42.291+0000] {dag.py:2941} INFO - Sync 1 DAGs
[2023-11-02T08:44:42.306+0000] {logging_mixin.py:151} INFO - [2023-11-02T08:44:42.305+0000] {dag.py:2963} INFO - Creating ORM DAG for example_short_circuit_decorator
[2023-11-02T08:44:42.321+0000] {logging_mixin.py:151} INFO - [2023-11-02T08:44:42.321+0000] {dag.py:3722} INFO - Setting next_dagrun for example_short_circuit_decorator to 2023-11-01T08:44:42.321330+00:00, run_after=2023-11-02T08:44:42.321330+00:00
[2023-11-02T08:44:42.339+0000] {processor.py:179} INFO - Processing /home/airflow/.local/lib/python3.11/site-packages/airflow/example_dags/example_short_circuit_decorator.py took 0.224 seconds
[2023-11-02T08:45:13.295+0000] {processor.py:157} INFO - Started process (PID=113) to work on /home/airflow/.local/lib/python3.11/site-packages/airflow/example_dags/example_short_circuit_decorator.py
[2023-11-02T08:45:13.298+0000] {processor.py:829} INFO - Processing file /home/airflow/.local/lib/python3.11/site-packages/airflow/example_dags/example_short_circuit_decorator.py for tasks to queue
[2023-11-02T08:45:13.301+0000] {logging_mixin.py:151} INFO - [2023-11-02T08:45:13.301+0000] {dagbag.py:536} INFO - Filling up the DagBag from /home/airflow/.local/lib/python3.11/site-packages/airflow/example_dags/example_short_circuit_decorator.py
[2023-11-02T08:45:13.316+0000] {processor.py:839} INFO - DAG(s) dict_keys(['example_short_circuit_decorator']) retrieved from /home/airflow/.local/lib/python3.11/site-packages/airflow/example_dags/example_short_circuit_decorator.py
[2023-11-02T08:45:13.356+0000] {logging_mixin.py:151} INFO - [2023-11-02T08:45:13.356+0000] {dag.py:2941} INFO - Sync 1 DAGs
[2023-11-02T08:45:13.380+0000] {logging_mixin.py:151} INFO - [2023-11-02T08:45:13.380+0000] {dag.py:3722} INFO - Setting next_dagrun for example_short_circuit_decorator to 2023-11-01T08:45:13.379701+00:00, run_after=2023-11-02T08:45:13.379701+00:00
[2023-11-02T08:45:13.405+0000] {processor.py:179} INFO - Processing /home/airflow/.local/lib/python3.11/site-packages/airflow/example_dags/example_short_circuit_decorator.py took 0.115 seconds
[2023-11-02T08:45:43.463+0000] {processor.py:157} INFO - Started process (PID=168) to work on /home/airflow/.local/lib/python3.11/site-packages/airflow/example_dags/example_short_circuit_decorator.py
[2023-11-02T08:45:43.465+0000] {processor.py:829} INFO - Processing file /home/airflow/.local/lib/python3.11/site-packages/airflow/example_dags/example_short_circuit_decorator.py for tasks to queue
[2023-11-02T08:45:43.469+0000] {logging_mixin.py:151} INFO - [2023-11-02T08:45:43.469+0000] {dagbag.py:536} INFO - Filling up the DagBag from /home/airflow/.local/lib/python3.11/site-packages/airflow/example_dags/example_short_circuit_decorator.py
[2023-11-02T08:45:43.483+0000] {processor.py:839} INFO - DAG(s) dict_keys(['example_short_circuit_decorator']) retrieved from /home/airflow/.local/lib/python3.11/site-packages/airflow/example_dags/example_short_circuit_decorator.py
[2023-11-02T08:45:43.503+0000] {logging_mixin.py:151} INFO - [2023-11-02T08:45:43.503+0000] {dag.py:2941} INFO - Sync 1 DAGs
[2023-11-02T08:45:43.527+0000] {logging_mixin.py:151} INFO - [2023-11-02T08:45:43.527+0000] {dag.py:3722} INFO - Setting next_dagrun for example_short_circuit_decorator to 2023-11-01T08:45:43.526985+00:00, run_after=2023-11-02T08:45:43.526985+00:00
[2023-11-02T08:45:43.548+0000] {processor.py:179} INFO - Processing /home/airflow/.local/lib/python3.11/site-packages/airflow/example_dags/example_short_circuit_decorator.py took 0.088 seconds
[2023-11-02T08:46:14.011+0000] {processor.py:157} INFO - Started process (PID=230) to work on /home/airflow/.local/lib/python3.11/site-packages/airflow/example_dags/example_short_circuit_decorator.py
[2023-11-02T08:46:14.012+0000] {processor.py:829} INFO - Processing file /home/airflow/.local/lib/python3.11/site-packages/airflow/example_dags/example_short_circuit_decorator.py for tasks to queue
[2023-11-02T08:46:14.016+0000] {logging_mixin.py:151} INFO - [2023-11-02T08:46:14.016+0000] {dagbag.py:536} INFO - Filling up the DagBag from /home/airflow/.local/lib/python3.11/site-packages/airflow/example_dags/example_short_circuit_decorator.py
[2023-11-02T08:46:14.026+0000] {processor.py:839} INFO - DAG(s) dict_keys(['example_short_circuit_decorator']) retrieved from /home/airflow/.local/lib/python3.11/site-packages/airflow/example_dags/example_short_circuit_decorator.py
[2023-11-02T08:46:14.044+0000] {logging_mixin.py:151} INFO - [2023-11-02T08:46:14.044+0000] {dag.py:2941} INFO - Sync 1 DAGs
[2023-11-02T08:46:14.062+0000] {logging_mixin.py:151} INFO - [2023-11-02T08:46:14.062+0000] {dag.py:3722} INFO - Setting next_dagrun for example_short_circuit_decorator to 2023-11-01T08:46:14.062546+00:00, run_after=2023-11-02T08:46:14.062546+00:00
[2023-11-02T08:46:14.076+0000] {processor.py:179} INFO - Processing /home/airflow/.local/lib/python3.11/site-packages/airflow/example_dags/example_short_circuit_decorator.py took 0.071 seconds
[2023-11-02T08:46:44.450+0000] {processor.py:157} INFO - Started process (PID=285) to work on /home/airflow/.local/lib/python3.11/site-packages/airflow/example_dags/example_short_circuit_decorator.py
[2023-11-02T08:46:44.453+0000] {processor.py:829} INFO - Processing file /home/airflow/.local/lib/python3.11/site-packages/airflow/example_dags/example_short_circuit_decorator.py for tasks to queue
[2023-11-02T08:46:44.457+0000] {logging_mixin.py:151} INFO - [2023-11-02T08:46:44.456+0000] {dagbag.py:536} INFO - Filling up the DagBag from /home/airflow/.local/lib/python3.11/site-packages/airflow/example_dags/example_short_circuit_decorator.py
[2023-11-02T08:46:44.469+0000] {processor.py:839} INFO - DAG(s) dict_keys(['example_short_circuit_decorator']) retrieved from /home/airflow/.local/lib/python3.11/site-packages/airflow/example_dags/example_short_circuit_decorator.py
[2023-11-02T08:46:44.486+0000] {logging_mixin.py:151} INFO - [2023-11-02T08:46:44.486+0000] {dag.py:2941} INFO - Sync 1 DAGs
[2023-11-02T08:46:44.502+0000] {logging_mixin.py:151} INFO - [2023-11-02T08:46:44.502+0000] {dag.py:3722} INFO - Setting next_dagrun for example_short_circuit_decorator to 2023-11-01T08:46:44.501825+00:00, run_after=2023-11-02T08:46:44.501825+00:00
[2023-11-02T08:46:44.513+0000] {processor.py:179} INFO - Processing /home/airflow/.local/lib/python3.11/site-packages/airflow/example_dags/example_short_circuit_decorator.py took 0.068 seconds
[2023-11-02T08:47:14.706+0000] {processor.py:157} INFO - Started process (PID=340) to work on /home/airflow/.local/lib/python3.11/site-packages/airflow/example_dags/example_short_circuit_decorator.py
[2023-11-02T08:47:14.713+0000] {processor.py:829} INFO - Processing file /home/airflow/.local/lib/python3.11/site-packages/airflow/example_dags/example_short_circuit_decorator.py for tasks to queue
[2023-11-02T08:47:14.718+0000] {logging_mixin.py:151} INFO - [2023-11-02T08:47:14.718+0000] {dagbag.py:536} INFO - Filling up the DagBag from /home/airflow/.local/lib/python3.11/site-packages/airflow/example_dags/example_short_circuit_decorator.py
[2023-11-02T08:47:14.730+0000] {processor.py:839} INFO - DAG(s) dict_keys(['example_short_circuit_decorator']) retrieved from /home/airflow/.local/lib/python3.11/site-packages/airflow/example_dags/example_short_circuit_decorator.py
[2023-11-02T08:47:14.750+0000] {logging_mixin.py:151} INFO - [2023-11-02T08:47:14.750+0000] {dag.py:2941} INFO - Sync 1 DAGs
[2023-11-02T08:47:14.770+0000] {logging_mixin.py:151} INFO - [2023-11-02T08:47:14.769+0000] {dag.py:3722} INFO - Setting next_dagrun for example_short_circuit_decorator to 2023-11-01T08:47:14.769606+00:00, run_after=2023-11-02T08:47:14.769606+00:00
[2023-11-02T08:47:14.782+0000] {processor.py:179} INFO - Processing /home/airflow/.local/lib/python3.11/site-packages/airflow/example_dags/example_short_circuit_decorator.py took 0.082 seconds
[2023-11-02T08:47:45.804+0000] {processor.py:157} INFO - Started process (PID=395) to work on /home/airflow/.local/lib/python3.11/site-packages/airflow/example_dags/example_short_circuit_decorator.py
[2023-11-02T08:47:45.805+0000] {processor.py:829} INFO - Processing file /home/airflow/.local/lib/python3.11/site-packages/airflow/example_dags/example_short_circuit_decorator.py for tasks to queue
[2023-11-02T08:47:45.809+0000] {logging_mixin.py:151} INFO - [2023-11-02T08:47:45.808+0000] {dagbag.py:536} INFO - Filling up the DagBag from /home/airflow/.local/lib/python3.11/site-packages/airflow/example_dags/example_short_circuit_decorator.py
[2023-11-02T08:47:45.819+0000] {processor.py:839} INFO - DAG(s) dict_keys(['example_short_circuit_decorator']) retrieved from /home/airflow/.local/lib/python3.11/site-packages/airflow/example_dags/example_short_circuit_decorator.py
[2023-11-02T08:47:45.838+0000] {logging_mixin.py:151} INFO - [2023-11-02T08:47:45.837+0000] {dag.py:2941} INFO - Sync 1 DAGs
[2023-11-02T08:47:45.858+0000] {logging_mixin.py:151} INFO - [2023-11-02T08:47:45.858+0000] {dag.py:3722} INFO - Setting next_dagrun for example_short_circuit_decorator to 2023-11-01T08:47:45.858262+00:00, run_after=2023-11-02T08:47:45.858262+00:00
[2023-11-02T08:47:45.873+0000] {processor.py:179} INFO - Processing /home/airflow/.local/lib/python3.11/site-packages/airflow/example_dags/example_short_circuit_decorator.py took 0.073 seconds
[2023-11-02T08:48:16.118+0000] {processor.py:157} INFO - Started process (PID=450) to work on /home/airflow/.local/lib/python3.11/site-packages/airflow/example_dags/example_short_circuit_decorator.py
[2023-11-02T08:48:16.119+0000] {processor.py:829} INFO - Processing file /home/airflow/.local/lib/python3.11/site-packages/airflow/example_dags/example_short_circuit_decorator.py for tasks to queue
[2023-11-02T08:48:16.126+0000] {logging_mixin.py:151} INFO - [2023-11-02T08:48:16.126+0000] {dagbag.py:536} INFO - Filling up the DagBag from /home/airflow/.local/lib/python3.11/site-packages/airflow/example_dags/example_short_circuit_decorator.py
[2023-11-02T08:48:16.137+0000] {processor.py:839} INFO - DAG(s) dict_keys(['example_short_circuit_decorator']) retrieved from /home/airflow/.local/lib/python3.11/site-packages/airflow/example_dags/example_short_circuit_decorator.py
[2023-11-02T08:48:16.153+0000] {logging_mixin.py:151} INFO - [2023-11-02T08:48:16.153+0000] {dag.py:2941} INFO - Sync 1 DAGs
[2023-11-02T08:48:16.170+0000] {logging_mixin.py:151} INFO - [2023-11-02T08:48:16.170+0000] {dag.py:3722} INFO - Setting next_dagrun for example_short_circuit_decorator to 2023-11-01T08:48:16.170526+00:00, run_after=2023-11-02T08:48:16.170526+00:00
[2023-11-02T08:48:16.185+0000] {processor.py:179} INFO - Processing /home/airflow/.local/lib/python3.11/site-packages/airflow/example_dags/example_short_circuit_decorator.py took 0.071 seconds
[2023-11-02T08:48:46.329+0000] {processor.py:157} INFO - Started process (PID=505) to work on /home/airflow/.local/lib/python3.11/site-packages/airflow/example_dags/example_short_circuit_decorator.py
[2023-11-02T08:48:46.330+0000] {processor.py:829} INFO - Processing file /home/airflow/.local/lib/python3.11/site-packages/airflow/example_dags/example_short_circuit_decorator.py for tasks to queue
[2023-11-02T08:48:46.333+0000] {logging_mixin.py:151} INFO - [2023-11-02T08:48:46.332+0000] {dagbag.py:536} INFO - Filling up the DagBag from /home/airflow/.local/lib/python3.11/site-packages/airflow/example_dags/example_short_circuit_decorator.py
[2023-11-02T08:48:46.342+0000] {processor.py:839} INFO - DAG(s) dict_keys(['example_short_circuit_decorator']) retrieved from /home/airflow/.local/lib/python3.11/site-packages/airflow/example_dags/example_short_circuit_decorator.py
[2023-11-02T08:48:46.359+0000] {logging_mixin.py:151} INFO - [2023-11-02T08:48:46.359+0000] {dag.py:2941} INFO - Sync 1 DAGs
[2023-11-02T08:48:46.375+0000] {logging_mixin.py:151} INFO - [2023-11-02T08:48:46.375+0000] {dag.py:3722} INFO - Setting next_dagrun for example_short_circuit_decorator to 2023-11-01T08:48:46.374825+00:00, run_after=2023-11-02T08:48:46.374825+00:00
[2023-11-02T08:48:46.388+0000] {processor.py:179} INFO - Processing /home/airflow/.local/lib/python3.11/site-packages/airflow/example_dags/example_short_circuit_decorator.py took 0.063 seconds
[2023-11-02T08:49:16.493+0000] {processor.py:157} INFO - Started process (PID=560) to work on /home/airflow/.local/lib/python3.11/site-packages/airflow/example_dags/example_short_circuit_decorator.py
[2023-11-02T08:49:16.495+0000] {processor.py:829} INFO - Processing file /home/airflow/.local/lib/python3.11/site-packages/airflow/example_dags/example_short_circuit_decorator.py for tasks to queue
[2023-11-02T08:49:16.498+0000] {logging_mixin.py:151} INFO - [2023-11-02T08:49:16.497+0000] {dagbag.py:536} INFO - Filling up the DagBag from /home/airflow/.local/lib/python3.11/site-packages/airflow/example_dags/example_short_circuit_decorator.py
[2023-11-02T08:49:16.509+0000] {processor.py:839} INFO - DAG(s) dict_keys(['example_short_circuit_decorator']) retrieved from /home/airflow/.local/lib/python3.11/site-packages/airflow/example_dags/example_short_circuit_decorator.py
[2023-11-02T08:49:16.527+0000] {logging_mixin.py:151} INFO - [2023-11-02T08:49:16.527+0000] {dag.py:2941} INFO - Sync 1 DAGs
[2023-11-02T08:49:16.543+0000] {logging_mixin.py:151} INFO - [2023-11-02T08:49:16.542+0000] {dag.py:3722} INFO - Setting next_dagrun for example_short_circuit_decorator to 2023-11-01T08:49:16.542788+00:00, run_after=2023-11-02T08:49:16.542788+00:00
[2023-11-02T08:49:16.554+0000] {processor.py:179} INFO - Processing /home/airflow/.local/lib/python3.11/site-packages/airflow/example_dags/example_short_circuit_decorator.py took 0.065 seconds
[2023-11-02T08:49:46.759+0000] {processor.py:157} INFO - Started process (PID=615) to work on /home/airflow/.local/lib/python3.11/site-packages/airflow/example_dags/example_short_circuit_decorator.py
[2023-11-02T08:49:46.760+0000] {processor.py:829} INFO - Processing file /home/airflow/.local/lib/python3.11/site-packages/airflow/example_dags/example_short_circuit_decorator.py for tasks to queue
[2023-11-02T08:49:46.764+0000] {logging_mixin.py:151} INFO - [2023-11-02T08:49:46.764+0000] {dagbag.py:536} INFO - Filling up the DagBag from /home/airflow/.local/lib/python3.11/site-packages/airflow/example_dags/example_short_circuit_decorator.py
[2023-11-02T08:49:46.776+0000] {processor.py:839} INFO - DAG(s) dict_keys(['example_short_circuit_decorator']) retrieved from /home/airflow/.local/lib/python3.11/site-packages/airflow/example_dags/example_short_circuit_decorator.py
[2023-11-02T08:49:46.796+0000] {logging_mixin.py:151} INFO - [2023-11-02T08:49:46.796+0000] {dag.py:2941} INFO - Sync 1 DAGs
[2023-11-02T08:49:46.815+0000] {logging_mixin.py:151} INFO - [2023-11-02T08:49:46.815+0000] {dag.py:3722} INFO - Setting next_dagrun for example_short_circuit_decorator to 2023-11-01T08:49:46.814832+00:00, run_after=2023-11-02T08:49:46.814832+00:00
[2023-11-02T08:49:46.829+0000] {processor.py:179} INFO - Processing /home/airflow/.local/lib/python3.11/site-packages/airflow/example_dags/example_short_circuit_decorator.py took 0.078 seconds
[2023-11-02T08:50:16.960+0000] {processor.py:157} INFO - Started process (PID=670) to work on /home/airflow/.local/lib/python3.11/site-packages/airflow/example_dags/example_short_circuit_decorator.py
[2023-11-02T08:50:16.964+0000] {processor.py:829} INFO - Processing file /home/airflow/.local/lib/python3.11/site-packages/airflow/example_dags/example_short_circuit_decorator.py for tasks to queue
[2023-11-02T08:50:16.968+0000] {logging_mixin.py:151} INFO - [2023-11-02T08:50:16.968+0000] {dagbag.py:536} INFO - Filling up the DagBag from /home/airflow/.local/lib/python3.11/site-packages/airflow/example_dags/example_short_circuit_decorator.py
[2023-11-02T08:50:16.982+0000] {processor.py:839} INFO - DAG(s) dict_keys(['example_short_circuit_decorator']) retrieved from /home/airflow/.local/lib/python3.11/site-packages/airflow/example_dags/example_short_circuit_decorator.py
[2023-11-02T08:50:17.004+0000] {logging_mixin.py:151} INFO - [2023-11-02T08:50:17.004+0000] {dag.py:2941} INFO - Sync 1 DAGs
[2023-11-02T08:50:17.024+0000] {logging_mixin.py:151} INFO - [2023-11-02T08:50:17.023+0000] {dag.py:3722} INFO - Setting next_dagrun for example_short_circuit_decorator to 2023-11-01T08:50:17.023724+00:00, run_after=2023-11-02T08:50:17.023724+00:00
[2023-11-02T08:50:17.039+0000] {processor.py:179} INFO - Processing /home/airflow/.local/lib/python3.11/site-packages/airflow/example_dags/example_short_circuit_decorator.py took 0.085 seconds
[2023-11-02T08:50:47.139+0000] {processor.py:157} INFO - Started process (PID=725) to work on /home/airflow/.local/lib/python3.11/site-packages/airflow/example_dags/example_short_circuit_decorator.py
[2023-11-02T08:50:47.142+0000] {processor.py:829} INFO - Processing file /home/airflow/.local/lib/python3.11/site-packages/airflow/example_dags/example_short_circuit_decorator.py for tasks to queue
[2023-11-02T08:50:47.146+0000] {logging_mixin.py:151} INFO - [2023-11-02T08:50:47.146+0000] {dagbag.py:536} INFO - Filling up the DagBag from /home/airflow/.local/lib/python3.11/site-packages/airflow/example_dags/example_short_circuit_decorator.py
[2023-11-02T08:50:47.158+0000] {processor.py:839} INFO - DAG(s) dict_keys(['example_short_circuit_decorator']) retrieved from /home/airflow/.local/lib/python3.11/site-packages/airflow/example_dags/example_short_circuit_decorator.py
[2023-11-02T08:50:47.176+0000] {logging_mixin.py:151} INFO - [2023-11-02T08:50:47.176+0000] {dag.py:2941} INFO - Sync 1 DAGs
[2023-11-02T08:50:47.192+0000] {logging_mixin.py:151} INFO - [2023-11-02T08:50:47.192+0000] {dag.py:3722} INFO - Setting next_dagrun for example_short_circuit_decorator to 2023-11-01T08:50:47.191922+00:00, run_after=2023-11-02T08:50:47.191922+00:00
[2023-11-02T08:50:47.203+0000] {processor.py:179} INFO - Processing /home/airflow/.local/lib/python3.11/site-packages/airflow/example_dags/example_short_circuit_decorator.py took 0.068 seconds
[2023-11-02T08:51:17.341+0000] {processor.py:157} INFO - Started process (PID=780) to work on /home/airflow/.local/lib/python3.11/site-packages/airflow/example_dags/example_short_circuit_decorator.py
[2023-11-02T08:51:17.343+0000] {processor.py:829} INFO - Processing file /home/airflow/.local/lib/python3.11/site-packages/airflow/example_dags/example_short_circuit_decorator.py for tasks to queue
[2023-11-02T08:51:17.347+0000] {logging_mixin.py:151} INFO - [2023-11-02T08:51:17.346+0000] {dagbag.py:536} INFO - Filling up the DagBag from /home/airflow/.local/lib/python3.11/site-packages/airflow/example_dags/example_short_circuit_decorator.py
[2023-11-02T08:51:17.359+0000] {processor.py:839} INFO - DAG(s) dict_keys(['example_short_circuit_decorator']) retrieved from /home/airflow/.local/lib/python3.11/site-packages/airflow/example_dags/example_short_circuit_decorator.py
[2023-11-02T08:51:17.381+0000] {logging_mixin.py:151} INFO - [2023-11-02T08:51:17.381+0000] {dag.py:2941} INFO - Sync 1 DAGs
[2023-11-02T08:51:17.400+0000] {logging_mixin.py:151} INFO - [2023-11-02T08:51:17.399+0000] {dag.py:3722} INFO - Setting next_dagrun for example_short_circuit_decorator to 2023-11-01T08:51:17.399540+00:00, run_after=2023-11-02T08:51:17.399540+00:00
[2023-11-02T08:51:17.412+0000] {processor.py:179} INFO - Processing /home/airflow/.local/lib/python3.11/site-packages/airflow/example_dags/example_short_circuit_decorator.py took 0.075 seconds
[2023-11-02T08:51:47.461+0000] {processor.py:157} INFO - Started process (PID=835) to work on /home/airflow/.local/lib/python3.11/site-packages/airflow/example_dags/example_short_circuit_decorator.py
[2023-11-02T08:51:47.465+0000] {processor.py:829} INFO - Processing file /home/airflow/.local/lib/python3.11/site-packages/airflow/example_dags/example_short_circuit_decorator.py for tasks to queue
[2023-11-02T08:51:47.468+0000] {logging_mixin.py:151} INFO - [2023-11-02T08:51:47.468+0000] {dagbag.py:536} INFO - Filling up the DagBag from /home/airflow/.local/lib/python3.11/site-packages/airflow/example_dags/example_short_circuit_decorator.py
[2023-11-02T08:51:47.482+0000] {processor.py:839} INFO - DAG(s) dict_keys(['example_short_circuit_decorator']) retrieved from /home/airflow/.local/lib/python3.11/site-packages/airflow/example_dags/example_short_circuit_decorator.py
[2023-11-02T08:51:47.509+0000] {logging_mixin.py:151} INFO - [2023-11-02T08:51:47.509+0000] {dag.py:2941} INFO - Sync 1 DAGs
[2023-11-02T08:51:47.531+0000] {logging_mixin.py:151} INFO - [2023-11-02T08:51:47.531+0000] {dag.py:3722} INFO - Setting next_dagrun for example_short_circuit_decorator to 2023-11-01T08:51:47.531160+00:00, run_after=2023-11-02T08:51:47.531160+00:00
[2023-11-02T08:51:47.545+0000] {processor.py:179} INFO - Processing /home/airflow/.local/lib/python3.11/site-packages/airflow/example_dags/example_short_circuit_decorator.py took 0.087 seconds
[2023-11-02T08:52:17.715+0000] {processor.py:157} INFO - Started process (PID=890) to work on /home/airflow/.local/lib/python3.11/site-packages/airflow/example_dags/example_short_circuit_decorator.py
[2023-11-02T08:52:17.718+0000] {processor.py:829} INFO - Processing file /home/airflow/.local/lib/python3.11/site-packages/airflow/example_dags/example_short_circuit_decorator.py for tasks to queue
[2023-11-02T08:52:17.721+0000] {logging_mixin.py:151} INFO - [2023-11-02T08:52:17.721+0000] {dagbag.py:536} INFO - Filling up the DagBag from /home/airflow/.local/lib/python3.11/site-packages/airflow/example_dags/example_short_circuit_decorator.py
[2023-11-02T08:52:17.733+0000] {processor.py:839} INFO - DAG(s) dict_keys(['example_short_circuit_decorator']) retrieved from /home/airflow/.local/lib/python3.11/site-packages/airflow/example_dags/example_short_circuit_decorator.py
[2023-11-02T08:52:17.760+0000] {logging_mixin.py:151} INFO - [2023-11-02T08:52:17.760+0000] {dag.py:2941} INFO - Sync 1 DAGs
[2023-11-02T08:52:17.782+0000] {logging_mixin.py:151} INFO - [2023-11-02T08:52:17.782+0000] {dag.py:3722} INFO - Setting next_dagrun for example_short_circuit_decorator to 2023-11-01T08:52:17.782236+00:00, run_after=2023-11-02T08:52:17.782236+00:00
[2023-11-02T08:52:17.797+0000] {processor.py:179} INFO - Processing /home/airflow/.local/lib/python3.11/site-packages/airflow/example_dags/example_short_circuit_decorator.py took 0.086 seconds
[2023-11-02T08:52:47.913+0000] {processor.py:157} INFO - Started process (PID=945) to work on /home/airflow/.local/lib/python3.11/site-packages/airflow/example_dags/example_short_circuit_decorator.py
[2023-11-02T08:52:47.916+0000] {processor.py:829} INFO - Processing file /home/airflow/.local/lib/python3.11/site-packages/airflow/example_dags/example_short_circuit_decorator.py for tasks to queue
[2023-11-02T08:52:47.923+0000] {logging_mixin.py:151} INFO - [2023-11-02T08:52:47.921+0000] {dagbag.py:536} INFO - Filling up the DagBag from /home/airflow/.local/lib/python3.11/site-packages/airflow/example_dags/example_short_circuit_decorator.py
[2023-11-02T08:52:47.949+0000] {processor.py:839} INFO - DAG(s) dict_keys(['example_short_circuit_decorator']) retrieved from /home/airflow/.local/lib/python3.11/site-packages/airflow/example_dags/example_short_circuit_decorator.py
[2023-11-02T08:52:48.012+0000] {logging_mixin.py:151} INFO - [2023-11-02T08:52:48.012+0000] {dag.py:2941} INFO - Sync 1 DAGs
[2023-11-02T08:52:48.058+0000] {logging_mixin.py:151} INFO - [2023-11-02T08:52:48.057+0000] {dag.py:3722} INFO - Setting next_dagrun for example_short_circuit_decorator to 2023-11-01T08:52:48.057058+00:00, run_after=2023-11-02T08:52:48.057058+00:00
[2023-11-02T08:52:48.096+0000] {processor.py:179} INFO - Processing /home/airflow/.local/lib/python3.11/site-packages/airflow/example_dags/example_short_circuit_decorator.py took 0.191 seconds
[2023-11-02T08:53:18.255+0000] {processor.py:157} INFO - Started process (PID=1000) to work on /home/airflow/.local/lib/python3.11/site-packages/airflow/example_dags/example_short_circuit_decorator.py
[2023-11-02T08:53:18.259+0000] {processor.py:829} INFO - Processing file /home/airflow/.local/lib/python3.11/site-packages/airflow/example_dags/example_short_circuit_decorator.py for tasks to queue
[2023-11-02T08:53:18.263+0000] {logging_mixin.py:151} INFO - [2023-11-02T08:53:18.263+0000] {dagbag.py:536} INFO - Filling up the DagBag from /home/airflow/.local/lib/python3.11/site-packages/airflow/example_dags/example_short_circuit_decorator.py
[2023-11-02T08:53:18.272+0000] {processor.py:839} INFO - DAG(s) dict_keys(['example_short_circuit_decorator']) retrieved from /home/airflow/.local/lib/python3.11/site-packages/airflow/example_dags/example_short_circuit_decorator.py
[2023-11-02T08:53:18.289+0000] {logging_mixin.py:151} INFO - [2023-11-02T08:53:18.289+0000] {dag.py:2941} INFO - Sync 1 DAGs
[2023-11-02T08:53:18.303+0000] {logging_mixin.py:151} INFO - [2023-11-02T08:53:18.303+0000] {dag.py:3722} INFO - Setting next_dagrun for example_short_circuit_decorator to 2023-11-01T08:53:18.303567+00:00, run_after=2023-11-02T08:53:18.303567+00:00
[2023-11-02T08:53:18.316+0000] {processor.py:179} INFO - Processing /home/airflow/.local/lib/python3.11/site-packages/airflow/example_dags/example_short_circuit_decorator.py took 0.063 seconds
[2023-11-02T08:53:48.490+0000] {processor.py:157} INFO - Started process (PID=1055) to work on /home/airflow/.local/lib/python3.11/site-packages/airflow/example_dags/example_short_circuit_decorator.py
[2023-11-02T08:53:48.492+0000] {processor.py:829} INFO - Processing file /home/airflow/.local/lib/python3.11/site-packages/airflow/example_dags/example_short_circuit_decorator.py for tasks to queue
[2023-11-02T08:53:48.496+0000] {logging_mixin.py:151} INFO - [2023-11-02T08:53:48.494+0000] {dagbag.py:536} INFO - Filling up the DagBag from /home/airflow/.local/lib/python3.11/site-packages/airflow/example_dags/example_short_circuit_decorator.py
[2023-11-02T08:53:48.508+0000] {processor.py:839} INFO - DAG(s) dict_keys(['example_short_circuit_decorator']) retrieved from /home/airflow/.local/lib/python3.11/site-packages/airflow/example_dags/example_short_circuit_decorator.py
[2023-11-02T08:53:48.523+0000] {logging_mixin.py:151} INFO - [2023-11-02T08:53:48.523+0000] {dag.py:2941} INFO - Sync 1 DAGs
[2023-11-02T08:53:48.541+0000] {logging_mixin.py:151} INFO - [2023-11-02T08:53:48.540+0000] {dag.py:3722} INFO - Setting next_dagrun for example_short_circuit_decorator to 2023-11-01T08:53:48.540751+00:00, run_after=2023-11-02T08:53:48.540751+00:00
[2023-11-02T08:53:48.551+0000] {processor.py:179} INFO - Processing /home/airflow/.local/lib/python3.11/site-packages/airflow/example_dags/example_short_circuit_decorator.py took 0.065 seconds
[2023-11-02T08:54:19.150+0000] {processor.py:157} INFO - Started process (PID=1110) to work on /home/airflow/.local/lib/python3.11/site-packages/airflow/example_dags/example_short_circuit_decorator.py
[2023-11-02T08:54:19.151+0000] {processor.py:829} INFO - Processing file /home/airflow/.local/lib/python3.11/site-packages/airflow/example_dags/example_short_circuit_decorator.py for tasks to queue
[2023-11-02T08:54:19.159+0000] {logging_mixin.py:151} INFO - [2023-11-02T08:54:19.159+0000] {dagbag.py:536} INFO - Filling up the DagBag from /home/airflow/.local/lib/python3.11/site-packages/airflow/example_dags/example_short_circuit_decorator.py
[2023-11-02T08:54:19.173+0000] {processor.py:839} INFO - DAG(s) dict_keys(['example_short_circuit_decorator']) retrieved from /home/airflow/.local/lib/python3.11/site-packages/airflow/example_dags/example_short_circuit_decorator.py
[2023-11-02T08:54:19.189+0000] {logging_mixin.py:151} INFO - [2023-11-02T08:54:19.189+0000] {dag.py:2941} INFO - Sync 1 DAGs
[2023-11-02T08:54:19.205+0000] {logging_mixin.py:151} INFO - [2023-11-02T08:54:19.205+0000] {dag.py:3722} INFO - Setting next_dagrun for example_short_circuit_decorator to 2023-11-01T08:54:19.204826+00:00, run_after=2023-11-02T08:54:19.204826+00:00
[2023-11-02T08:54:19.220+0000] {processor.py:179} INFO - Processing /home/airflow/.local/lib/python3.11/site-packages/airflow/example_dags/example_short_circuit_decorator.py took 0.075 seconds
[2023-11-02T08:54:49.480+0000] {processor.py:157} INFO - Started process (PID=1165) to work on /home/airflow/.local/lib/python3.11/site-packages/airflow/example_dags/example_short_circuit_decorator.py
[2023-11-02T08:54:49.490+0000] {processor.py:829} INFO - Processing file /home/airflow/.local/lib/python3.11/site-packages/airflow/example_dags/example_short_circuit_decorator.py for tasks to queue
[2023-11-02T08:54:49.499+0000] {logging_mixin.py:151} INFO - [2023-11-02T08:54:49.498+0000] {dagbag.py:536} INFO - Filling up the DagBag from /home/airflow/.local/lib/python3.11/site-packages/airflow/example_dags/example_short_circuit_decorator.py
[2023-11-02T08:54:49.556+0000] {processor.py:839} INFO - DAG(s) dict_keys(['example_short_circuit_decorator']) retrieved from /home/airflow/.local/lib/python3.11/site-packages/airflow/example_dags/example_short_circuit_decorator.py
[2023-11-02T08:54:49.634+0000] {logging_mixin.py:151} INFO - [2023-11-02T08:54:49.633+0000] {dag.py:2941} INFO - Sync 1 DAGs
[2023-11-02T08:54:49.678+0000] {logging_mixin.py:151} INFO - [2023-11-02T08:54:49.678+0000] {dag.py:3722} INFO - Setting next_dagrun for example_short_circuit_decorator to 2023-11-01T08:54:49.677829+00:00, run_after=2023-11-02T08:54:49.677829+00:00
[2023-11-02T08:54:49.712+0000] {processor.py:179} INFO - Processing /home/airflow/.local/lib/python3.11/site-packages/airflow/example_dags/example_short_circuit_decorator.py took 0.256 seconds
