[2023-11-02T08:44:33.760+0000] {processor.py:157} INFO - Started process (PID=36) to work on /home/airflow/.local/lib/python3.11/site-packages/airflow/example_dags/example_branch_operator.py
[2023-11-02T08:44:33.762+0000] {processor.py:829} INFO - Processing file /home/airflow/.local/lib/python3.11/site-packages/airflow/example_dags/example_branch_operator.py for tasks to queue
[2023-11-02T08:44:33.768+0000] {logging_mixin.py:151} INFO - [2023-11-02T08:44:33.767+0000] {dagbag.py:536} INFO - Filling up the DagBag from /home/airflow/.local/lib/python3.11/site-packages/airflow/example_dags/example_branch_operator.py
[2023-11-02T08:44:33.816+0000] {processor.py:839} INFO - DAG(s) dict_keys(['example_branch_operator']) retrieved from /home/airflow/.local/lib/python3.11/site-packages/airflow/example_dags/example_branch_operator.py
[2023-11-02T08:44:34.238+0000] {logging_mixin.py:151} INFO - [2023-11-02T08:44:34.238+0000] {manager.py:499} INFO - Created Permission View: %s
[2023-11-02T08:44:34.270+0000] {logging_mixin.py:151} INFO - [2023-11-02T08:44:34.270+0000] {manager.py:499} INFO - Created Permission View: %s
[2023-11-02T08:44:34.280+0000] {logging_mixin.py:151} INFO - [2023-11-02T08:44:34.280+0000] {manager.py:499} INFO - Created Permission View: %s
[2023-11-02T08:44:34.281+0000] {logging_mixin.py:151} INFO - [2023-11-02T08:44:34.281+0000] {dag.py:2941} INFO - Sync 1 DAGs
[2023-11-02T08:44:34.314+0000] {logging_mixin.py:151} INFO - [2023-11-02T08:44:34.314+0000] {dag.py:2963} INFO - Creating ORM DAG for example_branch_operator
[2023-11-02T08:44:34.334+0000] {logging_mixin.py:151} INFO - [2023-11-02T08:44:34.334+0000] {dag.py:3722} INFO - Setting next_dagrun for example_branch_operator to 2023-11-01T00:00:00+00:00, run_after=2023-11-02T00:00:00+00:00
[2023-11-02T08:44:34.358+0000] {processor.py:179} INFO - Processing /home/airflow/.local/lib/python3.11/site-packages/airflow/example_dags/example_branch_operator.py took 0.606 seconds
[2023-11-02T08:45:04.998+0000] {processor.py:157} INFO - Started process (PID=91) to work on /home/airflow/.local/lib/python3.11/site-packages/airflow/example_dags/example_branch_operator.py
[2023-11-02T08:45:04.999+0000] {processor.py:829} INFO - Processing file /home/airflow/.local/lib/python3.11/site-packages/airflow/example_dags/example_branch_operator.py for tasks to queue
[2023-11-02T08:45:05.003+0000] {logging_mixin.py:151} INFO - [2023-11-02T08:45:05.003+0000] {dagbag.py:536} INFO - Filling up the DagBag from /home/airflow/.local/lib/python3.11/site-packages/airflow/example_dags/example_branch_operator.py
[2023-11-02T08:45:05.021+0000] {processor.py:839} INFO - DAG(s) dict_keys(['example_branch_operator']) retrieved from /home/airflow/.local/lib/python3.11/site-packages/airflow/example_dags/example_branch_operator.py
[2023-11-02T08:45:05.040+0000] {logging_mixin.py:151} INFO - [2023-11-02T08:45:05.040+0000] {dag.py:2941} INFO - Sync 1 DAGs
[2023-11-02T08:45:05.060+0000] {logging_mixin.py:151} INFO - [2023-11-02T08:45:05.060+0000] {dag.py:3722} INFO - Setting next_dagrun for example_branch_operator to 2023-11-01T00:00:00+00:00, run_after=2023-11-02T00:00:00+00:00
[2023-11-02T08:45:05.079+0000] {processor.py:179} INFO - Processing /home/airflow/.local/lib/python3.11/site-packages/airflow/example_dags/example_branch_operator.py took 0.087 seconds
[2023-11-02T08:45:35.197+0000] {processor.py:157} INFO - Started process (PID=146) to work on /home/airflow/.local/lib/python3.11/site-packages/airflow/example_dags/example_branch_operator.py
[2023-11-02T08:45:35.198+0000] {processor.py:829} INFO - Processing file /home/airflow/.local/lib/python3.11/site-packages/airflow/example_dags/example_branch_operator.py for tasks to queue
[2023-11-02T08:45:35.200+0000] {logging_mixin.py:151} INFO - [2023-11-02T08:45:35.199+0000] {dagbag.py:536} INFO - Filling up the DagBag from /home/airflow/.local/lib/python3.11/site-packages/airflow/example_dags/example_branch_operator.py
[2023-11-02T08:45:35.208+0000] {processor.py:839} INFO - DAG(s) dict_keys(['example_branch_operator']) retrieved from /home/airflow/.local/lib/python3.11/site-packages/airflow/example_dags/example_branch_operator.py
[2023-11-02T08:45:35.222+0000] {logging_mixin.py:151} INFO - [2023-11-02T08:45:35.222+0000] {dag.py:2941} INFO - Sync 1 DAGs
[2023-11-02T08:45:35.237+0000] {logging_mixin.py:151} INFO - [2023-11-02T08:45:35.237+0000] {dag.py:3722} INFO - Setting next_dagrun for example_branch_operator to 2023-11-01T00:00:00+00:00, run_after=2023-11-02T00:00:00+00:00
[2023-11-02T08:45:35.247+0000] {processor.py:179} INFO - Processing /home/airflow/.local/lib/python3.11/site-packages/airflow/example_dags/example_branch_operator.py took 0.052 seconds
[2023-11-02T08:46:05.982+0000] {processor.py:157} INFO - Started process (PID=201) to work on /home/airflow/.local/lib/python3.11/site-packages/airflow/example_dags/example_branch_operator.py
[2023-11-02T08:46:05.983+0000] {processor.py:829} INFO - Processing file /home/airflow/.local/lib/python3.11/site-packages/airflow/example_dags/example_branch_operator.py for tasks to queue
[2023-11-02T08:46:05.985+0000] {logging_mixin.py:151} INFO - [2023-11-02T08:46:05.984+0000] {dagbag.py:536} INFO - Filling up the DagBag from /home/airflow/.local/lib/python3.11/site-packages/airflow/example_dags/example_branch_operator.py
[2023-11-02T08:46:05.992+0000] {processor.py:839} INFO - DAG(s) dict_keys(['example_branch_operator']) retrieved from /home/airflow/.local/lib/python3.11/site-packages/airflow/example_dags/example_branch_operator.py
[2023-11-02T08:46:06.010+0000] {logging_mixin.py:151} INFO - [2023-11-02T08:46:06.010+0000] {dag.py:2941} INFO - Sync 1 DAGs
[2023-11-02T08:46:06.034+0000] {logging_mixin.py:151} INFO - [2023-11-02T08:46:06.034+0000] {dag.py:3722} INFO - Setting next_dagrun for example_branch_operator to 2023-11-01T00:00:00+00:00, run_after=2023-11-02T00:00:00+00:00
[2023-11-02T08:46:06.045+0000] {processor.py:179} INFO - Processing /home/airflow/.local/lib/python3.11/site-packages/airflow/example_dags/example_branch_operator.py took 0.065 seconds
[2023-11-02T08:46:36.492+0000] {processor.py:157} INFO - Started process (PID=256) to work on /home/airflow/.local/lib/python3.11/site-packages/airflow/example_dags/example_branch_operator.py
[2023-11-02T08:46:36.493+0000] {processor.py:829} INFO - Processing file /home/airflow/.local/lib/python3.11/site-packages/airflow/example_dags/example_branch_operator.py for tasks to queue
[2023-11-02T08:46:36.494+0000] {logging_mixin.py:151} INFO - [2023-11-02T08:46:36.494+0000] {dagbag.py:536} INFO - Filling up the DagBag from /home/airflow/.local/lib/python3.11/site-packages/airflow/example_dags/example_branch_operator.py
[2023-11-02T08:46:36.501+0000] {processor.py:839} INFO - DAG(s) dict_keys(['example_branch_operator']) retrieved from /home/airflow/.local/lib/python3.11/site-packages/airflow/example_dags/example_branch_operator.py
[2023-11-02T08:46:36.515+0000] {logging_mixin.py:151} INFO - [2023-11-02T08:46:36.515+0000] {dag.py:2941} INFO - Sync 1 DAGs
[2023-11-02T08:46:36.530+0000] {logging_mixin.py:151} INFO - [2023-11-02T08:46:36.530+0000] {dag.py:3722} INFO - Setting next_dagrun for example_branch_operator to 2023-11-01T00:00:00+00:00, run_after=2023-11-02T00:00:00+00:00
[2023-11-02T08:46:36.540+0000] {processor.py:179} INFO - Processing /home/airflow/.local/lib/python3.11/site-packages/airflow/example_dags/example_branch_operator.py took 0.050 seconds
[2023-11-02T08:47:06.690+0000] {processor.py:157} INFO - Started process (PID=311) to work on /home/airflow/.local/lib/python3.11/site-packages/airflow/example_dags/example_branch_operator.py
[2023-11-02T08:47:06.691+0000] {processor.py:829} INFO - Processing file /home/airflow/.local/lib/python3.11/site-packages/airflow/example_dags/example_branch_operator.py for tasks to queue
[2023-11-02T08:47:06.696+0000] {logging_mixin.py:151} INFO - [2023-11-02T08:47:06.695+0000] {dagbag.py:536} INFO - Filling up the DagBag from /home/airflow/.local/lib/python3.11/site-packages/airflow/example_dags/example_branch_operator.py
[2023-11-02T08:47:06.703+0000] {processor.py:839} INFO - DAG(s) dict_keys(['example_branch_operator']) retrieved from /home/airflow/.local/lib/python3.11/site-packages/airflow/example_dags/example_branch_operator.py
[2023-11-02T08:47:06.721+0000] {logging_mixin.py:151} INFO - [2023-11-02T08:47:06.720+0000] {dag.py:2941} INFO - Sync 1 DAGs
[2023-11-02T08:47:06.736+0000] {logging_mixin.py:151} INFO - [2023-11-02T08:47:06.736+0000] {dag.py:3722} INFO - Setting next_dagrun for example_branch_operator to 2023-11-01T00:00:00+00:00, run_after=2023-11-02T00:00:00+00:00
[2023-11-02T08:47:06.747+0000] {processor.py:179} INFO - Processing /home/airflow/.local/lib/python3.11/site-packages/airflow/example_dags/example_branch_operator.py took 0.059 seconds
[2023-11-02T08:47:36.944+0000] {processor.py:157} INFO - Started process (PID=366) to work on /home/airflow/.local/lib/python3.11/site-packages/airflow/example_dags/example_branch_operator.py
[2023-11-02T08:47:36.945+0000] {processor.py:829} INFO - Processing file /home/airflow/.local/lib/python3.11/site-packages/airflow/example_dags/example_branch_operator.py for tasks to queue
[2023-11-02T08:47:36.947+0000] {logging_mixin.py:151} INFO - [2023-11-02T08:47:36.946+0000] {dagbag.py:536} INFO - Filling up the DagBag from /home/airflow/.local/lib/python3.11/site-packages/airflow/example_dags/example_branch_operator.py
[2023-11-02T08:47:36.955+0000] {processor.py:839} INFO - DAG(s) dict_keys(['example_branch_operator']) retrieved from /home/airflow/.local/lib/python3.11/site-packages/airflow/example_dags/example_branch_operator.py
[2023-11-02T08:47:36.972+0000] {logging_mixin.py:151} INFO - [2023-11-02T08:47:36.972+0000] {dag.py:2941} INFO - Sync 1 DAGs
[2023-11-02T08:47:36.987+0000] {logging_mixin.py:151} INFO - [2023-11-02T08:47:36.987+0000] {dag.py:3722} INFO - Setting next_dagrun for example_branch_operator to 2023-11-01T00:00:00+00:00, run_after=2023-11-02T00:00:00+00:00
[2023-11-02T08:47:37.000+0000] {processor.py:179} INFO - Processing /home/airflow/.local/lib/python3.11/site-packages/airflow/example_dags/example_branch_operator.py took 0.058 seconds
[2023-11-02T08:48:07.139+0000] {processor.py:157} INFO - Started process (PID=421) to work on /home/airflow/.local/lib/python3.11/site-packages/airflow/example_dags/example_branch_operator.py
[2023-11-02T08:48:07.140+0000] {processor.py:829} INFO - Processing file /home/airflow/.local/lib/python3.11/site-packages/airflow/example_dags/example_branch_operator.py for tasks to queue
[2023-11-02T08:48:07.142+0000] {logging_mixin.py:151} INFO - [2023-11-02T08:48:07.142+0000] {dagbag.py:536} INFO - Filling up the DagBag from /home/airflow/.local/lib/python3.11/site-packages/airflow/example_dags/example_branch_operator.py
[2023-11-02T08:48:07.149+0000] {processor.py:839} INFO - DAG(s) dict_keys(['example_branch_operator']) retrieved from /home/airflow/.local/lib/python3.11/site-packages/airflow/example_dags/example_branch_operator.py
[2023-11-02T08:48:07.164+0000] {logging_mixin.py:151} INFO - [2023-11-02T08:48:07.164+0000] {dag.py:2941} INFO - Sync 1 DAGs
[2023-11-02T08:48:07.179+0000] {logging_mixin.py:151} INFO - [2023-11-02T08:48:07.179+0000] {dag.py:3722} INFO - Setting next_dagrun for example_branch_operator to 2023-11-01T00:00:00+00:00, run_after=2023-11-02T00:00:00+00:00
[2023-11-02T08:48:07.189+0000] {processor.py:179} INFO - Processing /home/airflow/.local/lib/python3.11/site-packages/airflow/example_dags/example_branch_operator.py took 0.052 seconds
[2023-11-02T08:48:37.363+0000] {processor.py:157} INFO - Started process (PID=476) to work on /home/airflow/.local/lib/python3.11/site-packages/airflow/example_dags/example_branch_operator.py
[2023-11-02T08:48:37.364+0000] {processor.py:829} INFO - Processing file /home/airflow/.local/lib/python3.11/site-packages/airflow/example_dags/example_branch_operator.py for tasks to queue
[2023-11-02T08:48:37.365+0000] {logging_mixin.py:151} INFO - [2023-11-02T08:48:37.365+0000] {dagbag.py:536} INFO - Filling up the DagBag from /home/airflow/.local/lib/python3.11/site-packages/airflow/example_dags/example_branch_operator.py
[2023-11-02T08:48:37.372+0000] {processor.py:839} INFO - DAG(s) dict_keys(['example_branch_operator']) retrieved from /home/airflow/.local/lib/python3.11/site-packages/airflow/example_dags/example_branch_operator.py
[2023-11-02T08:48:37.387+0000] {logging_mixin.py:151} INFO - [2023-11-02T08:48:37.387+0000] {dag.py:2941} INFO - Sync 1 DAGs
[2023-11-02T08:48:37.402+0000] {logging_mixin.py:151} INFO - [2023-11-02T08:48:37.402+0000] {dag.py:3722} INFO - Setting next_dagrun for example_branch_operator to 2023-11-01T00:00:00+00:00, run_after=2023-11-02T00:00:00+00:00
[2023-11-02T08:48:37.412+0000] {processor.py:179} INFO - Processing /home/airflow/.local/lib/python3.11/site-packages/airflow/example_dags/example_branch_operator.py took 0.051 seconds
[2023-11-02T08:49:07.486+0000] {processor.py:157} INFO - Started process (PID=531) to work on /home/airflow/.local/lib/python3.11/site-packages/airflow/example_dags/example_branch_operator.py
[2023-11-02T08:49:07.488+0000] {processor.py:829} INFO - Processing file /home/airflow/.local/lib/python3.11/site-packages/airflow/example_dags/example_branch_operator.py for tasks to queue
[2023-11-02T08:49:07.491+0000] {logging_mixin.py:151} INFO - [2023-11-02T08:49:07.491+0000] {dagbag.py:536} INFO - Filling up the DagBag from /home/airflow/.local/lib/python3.11/site-packages/airflow/example_dags/example_branch_operator.py
[2023-11-02T08:49:07.501+0000] {processor.py:839} INFO - DAG(s) dict_keys(['example_branch_operator']) retrieved from /home/airflow/.local/lib/python3.11/site-packages/airflow/example_dags/example_branch_operator.py
[2023-11-02T08:49:07.518+0000] {logging_mixin.py:151} INFO - [2023-11-02T08:49:07.518+0000] {dag.py:2941} INFO - Sync 1 DAGs
[2023-11-02T08:49:07.535+0000] {logging_mixin.py:151} INFO - [2023-11-02T08:49:07.535+0000] {dag.py:3722} INFO - Setting next_dagrun for example_branch_operator to 2023-11-01T00:00:00+00:00, run_after=2023-11-02T00:00:00+00:00
[2023-11-02T08:49:07.549+0000] {processor.py:179} INFO - Processing /home/airflow/.local/lib/python3.11/site-packages/airflow/example_dags/example_branch_operator.py took 0.065 seconds
[2023-11-02T08:49:37.774+0000] {processor.py:157} INFO - Started process (PID=586) to work on /home/airflow/.local/lib/python3.11/site-packages/airflow/example_dags/example_branch_operator.py
[2023-11-02T08:49:37.775+0000] {processor.py:829} INFO - Processing file /home/airflow/.local/lib/python3.11/site-packages/airflow/example_dags/example_branch_operator.py for tasks to queue
[2023-11-02T08:49:37.776+0000] {logging_mixin.py:151} INFO - [2023-11-02T08:49:37.776+0000] {dagbag.py:536} INFO - Filling up the DagBag from /home/airflow/.local/lib/python3.11/site-packages/airflow/example_dags/example_branch_operator.py
[2023-11-02T08:49:37.783+0000] {processor.py:839} INFO - DAG(s) dict_keys(['example_branch_operator']) retrieved from /home/airflow/.local/lib/python3.11/site-packages/airflow/example_dags/example_branch_operator.py
[2023-11-02T08:49:37.798+0000] {logging_mixin.py:151} INFO - [2023-11-02T08:49:37.798+0000] {dag.py:2941} INFO - Sync 1 DAGs
[2023-11-02T08:49:37.813+0000] {logging_mixin.py:151} INFO - [2023-11-02T08:49:37.812+0000] {dag.py:3722} INFO - Setting next_dagrun for example_branch_operator to 2023-11-01T00:00:00+00:00, run_after=2023-11-02T00:00:00+00:00
[2023-11-02T08:49:37.823+0000] {processor.py:179} INFO - Processing /home/airflow/.local/lib/python3.11/site-packages/airflow/example_dags/example_branch_operator.py took 0.051 seconds
[2023-11-02T08:50:08.049+0000] {processor.py:157} INFO - Started process (PID=641) to work on /home/airflow/.local/lib/python3.11/site-packages/airflow/example_dags/example_branch_operator.py
[2023-11-02T08:50:08.049+0000] {processor.py:829} INFO - Processing file /home/airflow/.local/lib/python3.11/site-packages/airflow/example_dags/example_branch_operator.py for tasks to queue
[2023-11-02T08:50:08.052+0000] {logging_mixin.py:151} INFO - [2023-11-02T08:50:08.051+0000] {dagbag.py:536} INFO - Filling up the DagBag from /home/airflow/.local/lib/python3.11/site-packages/airflow/example_dags/example_branch_operator.py
[2023-11-02T08:50:08.058+0000] {processor.py:839} INFO - DAG(s) dict_keys(['example_branch_operator']) retrieved from /home/airflow/.local/lib/python3.11/site-packages/airflow/example_dags/example_branch_operator.py
[2023-11-02T08:50:08.073+0000] {logging_mixin.py:151} INFO - [2023-11-02T08:50:08.073+0000] {dag.py:2941} INFO - Sync 1 DAGs
[2023-11-02T08:50:08.089+0000] {logging_mixin.py:151} INFO - [2023-11-02T08:50:08.089+0000] {dag.py:3722} INFO - Setting next_dagrun for example_branch_operator to 2023-11-01T00:00:00+00:00, run_after=2023-11-02T00:00:00+00:00
[2023-11-02T08:50:08.100+0000] {processor.py:179} INFO - Processing /home/airflow/.local/lib/python3.11/site-packages/airflow/example_dags/example_branch_operator.py took 0.053 seconds
[2023-11-02T08:50:38.287+0000] {processor.py:157} INFO - Started process (PID=696) to work on /home/airflow/.local/lib/python3.11/site-packages/airflow/example_dags/example_branch_operator.py
[2023-11-02T08:50:38.288+0000] {processor.py:829} INFO - Processing file /home/airflow/.local/lib/python3.11/site-packages/airflow/example_dags/example_branch_operator.py for tasks to queue
[2023-11-02T08:50:38.290+0000] {logging_mixin.py:151} INFO - [2023-11-02T08:50:38.290+0000] {dagbag.py:536} INFO - Filling up the DagBag from /home/airflow/.local/lib/python3.11/site-packages/airflow/example_dags/example_branch_operator.py
[2023-11-02T08:50:38.297+0000] {processor.py:839} INFO - DAG(s) dict_keys(['example_branch_operator']) retrieved from /home/airflow/.local/lib/python3.11/site-packages/airflow/example_dags/example_branch_operator.py
[2023-11-02T08:50:38.314+0000] {logging_mixin.py:151} INFO - [2023-11-02T08:50:38.314+0000] {dag.py:2941} INFO - Sync 1 DAGs
[2023-11-02T08:50:38.330+0000] {logging_mixin.py:151} INFO - [2023-11-02T08:50:38.330+0000] {dag.py:3722} INFO - Setting next_dagrun for example_branch_operator to 2023-11-01T00:00:00+00:00, run_after=2023-11-02T00:00:00+00:00
[2023-11-02T08:50:38.341+0000] {processor.py:179} INFO - Processing /home/airflow/.local/lib/python3.11/site-packages/airflow/example_dags/example_branch_operator.py took 0.056 seconds
[2023-11-02T08:51:09.164+0000] {processor.py:157} INFO - Started process (PID=751) to work on /home/airflow/.local/lib/python3.11/site-packages/airflow/example_dags/example_branch_operator.py
[2023-11-02T08:51:09.165+0000] {processor.py:829} INFO - Processing file /home/airflow/.local/lib/python3.11/site-packages/airflow/example_dags/example_branch_operator.py for tasks to queue
[2023-11-02T08:51:09.171+0000] {logging_mixin.py:151} INFO - [2023-11-02T08:51:09.171+0000] {dagbag.py:536} INFO - Filling up the DagBag from /home/airflow/.local/lib/python3.11/site-packages/airflow/example_dags/example_branch_operator.py
[2023-11-02T08:51:09.178+0000] {processor.py:839} INFO - DAG(s) dict_keys(['example_branch_operator']) retrieved from /home/airflow/.local/lib/python3.11/site-packages/airflow/example_dags/example_branch_operator.py
[2023-11-02T08:51:09.194+0000] {logging_mixin.py:151} INFO - [2023-11-02T08:51:09.194+0000] {dag.py:2941} INFO - Sync 1 DAGs
[2023-11-02T08:51:09.212+0000] {logging_mixin.py:151} INFO - [2023-11-02T08:51:09.212+0000] {dag.py:3722} INFO - Setting next_dagrun for example_branch_operator to 2023-11-01T00:00:00+00:00, run_after=2023-11-02T00:00:00+00:00
[2023-11-02T08:51:09.225+0000] {processor.py:179} INFO - Processing /home/airflow/.local/lib/python3.11/site-packages/airflow/example_dags/example_branch_operator.py took 0.064 seconds
[2023-11-02T08:51:39.418+0000] {processor.py:157} INFO - Started process (PID=806) to work on /home/airflow/.local/lib/python3.11/site-packages/airflow/example_dags/example_branch_operator.py
[2023-11-02T08:51:39.418+0000] {processor.py:829} INFO - Processing file /home/airflow/.local/lib/python3.11/site-packages/airflow/example_dags/example_branch_operator.py for tasks to queue
[2023-11-02T08:51:39.421+0000] {logging_mixin.py:151} INFO - [2023-11-02T08:51:39.421+0000] {dagbag.py:536} INFO - Filling up the DagBag from /home/airflow/.local/lib/python3.11/site-packages/airflow/example_dags/example_branch_operator.py
[2023-11-02T08:51:39.431+0000] {processor.py:839} INFO - DAG(s) dict_keys(['example_branch_operator']) retrieved from /home/airflow/.local/lib/python3.11/site-packages/airflow/example_dags/example_branch_operator.py
[2023-11-02T08:51:39.445+0000] {logging_mixin.py:151} INFO - [2023-11-02T08:51:39.445+0000] {dag.py:2941} INFO - Sync 1 DAGs
[2023-11-02T08:51:39.462+0000] {logging_mixin.py:151} INFO - [2023-11-02T08:51:39.462+0000] {dag.py:3722} INFO - Setting next_dagrun for example_branch_operator to 2023-11-01T00:00:00+00:00, run_after=2023-11-02T00:00:00+00:00
[2023-11-02T08:51:39.473+0000] {processor.py:179} INFO - Processing /home/airflow/.local/lib/python3.11/site-packages/airflow/example_dags/example_branch_operator.py took 0.057 seconds
[2023-11-02T08:52:09.684+0000] {processor.py:157} INFO - Started process (PID=861) to work on /home/airflow/.local/lib/python3.11/site-packages/airflow/example_dags/example_branch_operator.py
[2023-11-02T08:52:09.686+0000] {processor.py:829} INFO - Processing file /home/airflow/.local/lib/python3.11/site-packages/airflow/example_dags/example_branch_operator.py for tasks to queue
[2023-11-02T08:52:09.689+0000] {logging_mixin.py:151} INFO - [2023-11-02T08:52:09.689+0000] {dagbag.py:536} INFO - Filling up the DagBag from /home/airflow/.local/lib/python3.11/site-packages/airflow/example_dags/example_branch_operator.py
[2023-11-02T08:52:09.696+0000] {processor.py:839} INFO - DAG(s) dict_keys(['example_branch_operator']) retrieved from /home/airflow/.local/lib/python3.11/site-packages/airflow/example_dags/example_branch_operator.py
[2023-11-02T08:52:09.713+0000] {logging_mixin.py:151} INFO - [2023-11-02T08:52:09.713+0000] {dag.py:2941} INFO - Sync 1 DAGs
[2023-11-02T08:52:09.730+0000] {logging_mixin.py:151} INFO - [2023-11-02T08:52:09.730+0000] {dag.py:3722} INFO - Setting next_dagrun for example_branch_operator to 2023-11-01T00:00:00+00:00, run_after=2023-11-02T00:00:00+00:00
[2023-11-02T08:52:09.743+0000] {processor.py:179} INFO - Processing /home/airflow/.local/lib/python3.11/site-packages/airflow/example_dags/example_branch_operator.py took 0.061 seconds
[2023-11-02T08:52:39.832+0000] {processor.py:157} INFO - Started process (PID=916) to work on /home/airflow/.local/lib/python3.11/site-packages/airflow/example_dags/example_branch_operator.py
[2023-11-02T08:52:39.834+0000] {processor.py:829} INFO - Processing file /home/airflow/.local/lib/python3.11/site-packages/airflow/example_dags/example_branch_operator.py for tasks to queue
[2023-11-02T08:52:39.836+0000] {logging_mixin.py:151} INFO - [2023-11-02T08:52:39.836+0000] {dagbag.py:536} INFO - Filling up the DagBag from /home/airflow/.local/lib/python3.11/site-packages/airflow/example_dags/example_branch_operator.py
[2023-11-02T08:52:39.844+0000] {processor.py:839} INFO - DAG(s) dict_keys(['example_branch_operator']) retrieved from /home/airflow/.local/lib/python3.11/site-packages/airflow/example_dags/example_branch_operator.py
[2023-11-02T08:52:39.865+0000] {logging_mixin.py:151} INFO - [2023-11-02T08:52:39.865+0000] {dag.py:2941} INFO - Sync 1 DAGs
[2023-11-02T08:52:39.884+0000] {logging_mixin.py:151} INFO - [2023-11-02T08:52:39.883+0000] {dag.py:3722} INFO - Setting next_dagrun for example_branch_operator to 2023-11-01T00:00:00+00:00, run_after=2023-11-02T00:00:00+00:00
[2023-11-02T08:52:39.894+0000] {processor.py:179} INFO - Processing /home/airflow/.local/lib/python3.11/site-packages/airflow/example_dags/example_branch_operator.py took 0.067 seconds
[2023-11-02T08:53:10.272+0000] {processor.py:157} INFO - Started process (PID=969) to work on /home/airflow/.local/lib/python3.11/site-packages/airflow/example_dags/example_branch_operator.py
[2023-11-02T08:53:10.275+0000] {processor.py:829} INFO - Processing file /home/airflow/.local/lib/python3.11/site-packages/airflow/example_dags/example_branch_operator.py for tasks to queue
[2023-11-02T08:53:10.279+0000] {logging_mixin.py:151} INFO - [2023-11-02T08:53:10.279+0000] {dagbag.py:536} INFO - Filling up the DagBag from /home/airflow/.local/lib/python3.11/site-packages/airflow/example_dags/example_branch_operator.py
[2023-11-02T08:53:10.285+0000] {processor.py:839} INFO - DAG(s) dict_keys(['example_branch_operator']) retrieved from /home/airflow/.local/lib/python3.11/site-packages/airflow/example_dags/example_branch_operator.py
[2023-11-02T08:53:10.299+0000] {logging_mixin.py:151} INFO - [2023-11-02T08:53:10.298+0000] {dag.py:2941} INFO - Sync 1 DAGs
[2023-11-02T08:53:10.315+0000] {logging_mixin.py:151} INFO - [2023-11-02T08:53:10.314+0000] {dag.py:3722} INFO - Setting next_dagrun for example_branch_operator to 2023-11-01T00:00:00+00:00, run_after=2023-11-02T00:00:00+00:00
[2023-11-02T08:53:10.324+0000] {processor.py:179} INFO - Processing /home/airflow/.local/lib/python3.11/site-packages/airflow/example_dags/example_branch_operator.py took 0.055 seconds
[2023-11-02T08:53:40.441+0000] {processor.py:157} INFO - Started process (PID=1024) to work on /home/airflow/.local/lib/python3.11/site-packages/airflow/example_dags/example_branch_operator.py
[2023-11-02T08:53:40.443+0000] {processor.py:829} INFO - Processing file /home/airflow/.local/lib/python3.11/site-packages/airflow/example_dags/example_branch_operator.py for tasks to queue
[2023-11-02T08:53:40.449+0000] {logging_mixin.py:151} INFO - [2023-11-02T08:53:40.449+0000] {dagbag.py:536} INFO - Filling up the DagBag from /home/airflow/.local/lib/python3.11/site-packages/airflow/example_dags/example_branch_operator.py
[2023-11-02T08:53:40.457+0000] {processor.py:839} INFO - DAG(s) dict_keys(['example_branch_operator']) retrieved from /home/airflow/.local/lib/python3.11/site-packages/airflow/example_dags/example_branch_operator.py
[2023-11-02T08:53:40.472+0000] {logging_mixin.py:151} INFO - [2023-11-02T08:53:40.472+0000] {dag.py:2941} INFO - Sync 1 DAGs
[2023-11-02T08:53:40.487+0000] {logging_mixin.py:151} INFO - [2023-11-02T08:53:40.487+0000] {dag.py:3722} INFO - Setting next_dagrun for example_branch_operator to 2023-11-01T00:00:00+00:00, run_after=2023-11-02T00:00:00+00:00
[2023-11-02T08:53:40.497+0000] {processor.py:179} INFO - Processing /home/airflow/.local/lib/python3.11/site-packages/airflow/example_dags/example_branch_operator.py took 0.058 seconds
[2023-11-02T08:54:10.702+0000] {processor.py:157} INFO - Started process (PID=1079) to work on /home/airflow/.local/lib/python3.11/site-packages/airflow/example_dags/example_branch_operator.py
[2023-11-02T08:54:10.705+0000] {processor.py:829} INFO - Processing file /home/airflow/.local/lib/python3.11/site-packages/airflow/example_dags/example_branch_operator.py for tasks to queue
[2023-11-02T08:54:10.707+0000] {logging_mixin.py:151} INFO - [2023-11-02T08:54:10.706+0000] {dagbag.py:536} INFO - Filling up the DagBag from /home/airflow/.local/lib/python3.11/site-packages/airflow/example_dags/example_branch_operator.py
[2023-11-02T08:54:10.713+0000] {processor.py:839} INFO - DAG(s) dict_keys(['example_branch_operator']) retrieved from /home/airflow/.local/lib/python3.11/site-packages/airflow/example_dags/example_branch_operator.py
[2023-11-02T08:54:10.728+0000] {logging_mixin.py:151} INFO - [2023-11-02T08:54:10.727+0000] {dag.py:2941} INFO - Sync 1 DAGs
[2023-11-02T08:54:10.743+0000] {logging_mixin.py:151} INFO - [2023-11-02T08:54:10.743+0000] {dag.py:3722} INFO - Setting next_dagrun for example_branch_operator to 2023-11-01T00:00:00+00:00, run_after=2023-11-02T00:00:00+00:00
[2023-11-02T08:54:10.754+0000] {processor.py:179} INFO - Processing /home/airflow/.local/lib/python3.11/site-packages/airflow/example_dags/example_branch_operator.py took 0.054 seconds
[2023-11-02T08:54:41.277+0000] {processor.py:157} INFO - Started process (PID=1134) to work on /home/airflow/.local/lib/python3.11/site-packages/airflow/example_dags/example_branch_operator.py
[2023-11-02T08:54:41.278+0000] {processor.py:829} INFO - Processing file /home/airflow/.local/lib/python3.11/site-packages/airflow/example_dags/example_branch_operator.py for tasks to queue
[2023-11-02T08:54:41.279+0000] {logging_mixin.py:151} INFO - [2023-11-02T08:54:41.279+0000] {dagbag.py:536} INFO - Filling up the DagBag from /home/airflow/.local/lib/python3.11/site-packages/airflow/example_dags/example_branch_operator.py
[2023-11-02T08:54:41.291+0000] {processor.py:839} INFO - DAG(s) dict_keys(['example_branch_operator']) retrieved from /home/airflow/.local/lib/python3.11/site-packages/airflow/example_dags/example_branch_operator.py
[2023-11-02T08:54:41.306+0000] {logging_mixin.py:151} INFO - [2023-11-02T08:54:41.306+0000] {dag.py:2941} INFO - Sync 1 DAGs
[2023-11-02T08:54:41.321+0000] {logging_mixin.py:151} INFO - [2023-11-02T08:54:41.321+0000] {dag.py:3722} INFO - Setting next_dagrun for example_branch_operator to 2023-11-01T00:00:00+00:00, run_after=2023-11-02T00:00:00+00:00
[2023-11-02T08:54:41.333+0000] {processor.py:179} INFO - Processing /home/airflow/.local/lib/python3.11/site-packages/airflow/example_dags/example_branch_operator.py took 0.058 seconds
[2023-11-02T08:55:12.299+0000] {processor.py:157} INFO - Started process (PID=1189) to work on /home/airflow/.local/lib/python3.11/site-packages/airflow/example_dags/example_branch_operator.py
[2023-11-02T08:55:12.306+0000] {processor.py:829} INFO - Processing file /home/airflow/.local/lib/python3.11/site-packages/airflow/example_dags/example_branch_operator.py for tasks to queue
[2023-11-02T08:55:12.310+0000] {logging_mixin.py:151} INFO - [2023-11-02T08:55:12.310+0000] {dagbag.py:536} INFO - Filling up the DagBag from /home/airflow/.local/lib/python3.11/site-packages/airflow/example_dags/example_branch_operator.py
[2023-11-02T08:55:12.318+0000] {processor.py:839} INFO - DAG(s) dict_keys(['example_branch_operator']) retrieved from /home/airflow/.local/lib/python3.11/site-packages/airflow/example_dags/example_branch_operator.py
[2023-11-02T08:55:12.334+0000] {logging_mixin.py:151} INFO - [2023-11-02T08:55:12.334+0000] {dag.py:2941} INFO - Sync 1 DAGs
[2023-11-02T08:55:12.350+0000] {logging_mixin.py:151} INFO - [2023-11-02T08:55:12.350+0000] {dag.py:3722} INFO - Setting next_dagrun for example_branch_operator to 2023-11-01T00:00:00+00:00, run_after=2023-11-02T00:00:00+00:00
[2023-11-02T08:55:12.365+0000] {processor.py:179} INFO - Processing /home/airflow/.local/lib/python3.11/site-packages/airflow/example_dags/example_branch_operator.py took 0.068 seconds
