[2023-11-02T08:44:36.568+0000] {processor.py:157} INFO - Started process (PID=44) to work on /home/airflow/.local/lib/python3.11/site-packages/airflow/example_dags/example_external_task_marker_dag.py
[2023-11-02T08:44:36.570+0000] {processor.py:829} INFO - Processing file /home/airflow/.local/lib/python3.11/site-packages/airflow/example_dags/example_external_task_marker_dag.py for tasks to queue
[2023-11-02T08:44:36.577+0000] {logging_mixin.py:151} INFO - [2023-11-02T08:44:36.576+0000] {dagbag.py:536} INFO - Filling up the DagBag from /home/airflow/.local/lib/python3.11/site-packages/airflow/example_dags/example_external_task_marker_dag.py
[2023-11-02T08:44:36.612+0000] {processor.py:839} INFO - DAG(s) dict_keys(['example_external_task_marker_parent', 'example_external_task_marker_child']) retrieved from /home/airflow/.local/lib/python3.11/site-packages/airflow/example_dags/example_external_task_marker_dag.py
[2023-11-02T08:44:37.165+0000] {logging_mixin.py:151} INFO - [2023-11-02T08:44:37.164+0000] {manager.py:499} INFO - Created Permission View: %s
[2023-11-02T08:44:37.206+0000] {logging_mixin.py:151} INFO - [2023-11-02T08:44:37.204+0000] {manager.py:499} INFO - Created Permission View: %s
[2023-11-02T08:44:37.226+0000] {logging_mixin.py:151} INFO - [2023-11-02T08:44:37.225+0000] {manager.py:499} INFO - Created Permission View: %s
[2023-11-02T08:44:37.274+0000] {logging_mixin.py:151} INFO - [2023-11-02T08:44:37.274+0000] {manager.py:499} INFO - Created Permission View: %s
[2023-11-02T08:44:37.305+0000] {logging_mixin.py:151} INFO - [2023-11-02T08:44:37.305+0000] {manager.py:499} INFO - Created Permission View: %s
[2023-11-02T08:44:37.326+0000] {logging_mixin.py:151} INFO - [2023-11-02T08:44:37.325+0000] {manager.py:499} INFO - Created Permission View: %s
[2023-11-02T08:44:37.333+0000] {logging_mixin.py:151} INFO - [2023-11-02T08:44:37.332+0000] {dag.py:2941} INFO - Sync 2 DAGs
[2023-11-02T08:44:37.432+0000] {logging_mixin.py:151} INFO - [2023-11-02T08:44:37.431+0000] {dag.py:2963} INFO - Creating ORM DAG for example_external_task_marker_child
[2023-11-02T08:44:37.435+0000] {logging_mixin.py:151} INFO - [2023-11-02T08:44:37.435+0000] {dag.py:2963} INFO - Creating ORM DAG for example_external_task_marker_parent
[2023-11-02T08:44:37.439+0000] {logging_mixin.py:151} INFO - [2023-11-02T08:44:37.438+0000] {dag.py:3722} INFO - Setting next_dagrun for example_external_task_marker_child to None, run_after=None
[2023-11-02T08:44:37.445+0000] {logging_mixin.py:151} INFO - [2023-11-02T08:44:37.445+0000] {dag.py:3722} INFO - Setting next_dagrun for example_external_task_marker_parent to None, run_after=None
[2023-11-02T08:44:37.656+0000] {processor.py:179} INFO - Processing /home/airflow/.local/lib/python3.11/site-packages/airflow/example_dags/example_external_task_marker_dag.py took 1.095 seconds
[2023-11-02T08:45:08.403+0000] {processor.py:157} INFO - Started process (PID=99) to work on /home/airflow/.local/lib/python3.11/site-packages/airflow/example_dags/example_external_task_marker_dag.py
[2023-11-02T08:45:08.405+0000] {processor.py:829} INFO - Processing file /home/airflow/.local/lib/python3.11/site-packages/airflow/example_dags/example_external_task_marker_dag.py for tasks to queue
[2023-11-02T08:45:08.411+0000] {logging_mixin.py:151} INFO - [2023-11-02T08:45:08.411+0000] {dagbag.py:536} INFO - Filling up the DagBag from /home/airflow/.local/lib/python3.11/site-packages/airflow/example_dags/example_external_task_marker_dag.py
[2023-11-02T08:45:08.431+0000] {processor.py:839} INFO - DAG(s) dict_keys(['example_external_task_marker_child', 'example_external_task_marker_parent']) retrieved from /home/airflow/.local/lib/python3.11/site-packages/airflow/example_dags/example_external_task_marker_dag.py
[2023-11-02T08:45:08.532+0000] {logging_mixin.py:151} INFO - [2023-11-02T08:45:08.531+0000] {dag.py:2941} INFO - Sync 2 DAGs
[2023-11-02T08:45:08.578+0000] {logging_mixin.py:151} INFO - [2023-11-02T08:45:08.578+0000] {dag.py:3722} INFO - Setting next_dagrun for example_external_task_marker_child to None, run_after=None
[2023-11-02T08:45:08.584+0000] {logging_mixin.py:151} INFO - [2023-11-02T08:45:08.584+0000] {dag.py:3722} INFO - Setting next_dagrun for example_external_task_marker_parent to None, run_after=None
[2023-11-02T08:45:08.618+0000] {processor.py:179} INFO - Processing /home/airflow/.local/lib/python3.11/site-packages/airflow/example_dags/example_external_task_marker_dag.py took 0.223 seconds
[2023-11-02T08:45:39.654+0000] {processor.py:157} INFO - Started process (PID=154) to work on /home/airflow/.local/lib/python3.11/site-packages/airflow/example_dags/example_external_task_marker_dag.py
[2023-11-02T08:45:39.657+0000] {processor.py:829} INFO - Processing file /home/airflow/.local/lib/python3.11/site-packages/airflow/example_dags/example_external_task_marker_dag.py for tasks to queue
[2023-11-02T08:45:39.662+0000] {logging_mixin.py:151} INFO - [2023-11-02T08:45:39.662+0000] {dagbag.py:536} INFO - Filling up the DagBag from /home/airflow/.local/lib/python3.11/site-packages/airflow/example_dags/example_external_task_marker_dag.py
[2023-11-02T08:45:39.670+0000] {processor.py:839} INFO - DAG(s) dict_keys(['example_external_task_marker_parent', 'example_external_task_marker_child']) retrieved from /home/airflow/.local/lib/python3.11/site-packages/airflow/example_dags/example_external_task_marker_dag.py
[2023-11-02T08:45:39.694+0000] {logging_mixin.py:151} INFO - [2023-11-02T08:45:39.694+0000] {dag.py:2941} INFO - Sync 2 DAGs
[2023-11-02T08:45:39.704+0000] {logging_mixin.py:151} INFO - [2023-11-02T08:45:39.704+0000] {dag.py:3722} INFO - Setting next_dagrun for example_external_task_marker_child to None, run_after=None
[2023-11-02T08:45:39.707+0000] {logging_mixin.py:151} INFO - [2023-11-02T08:45:39.707+0000] {dag.py:3722} INFO - Setting next_dagrun for example_external_task_marker_parent to None, run_after=None
[2023-11-02T08:45:39.720+0000] {processor.py:179} INFO - Processing /home/airflow/.local/lib/python3.11/site-packages/airflow/example_dags/example_external_task_marker_dag.py took 0.071 seconds
[2023-11-02T08:46:10.441+0000] {processor.py:157} INFO - Started process (PID=209) to work on /home/airflow/.local/lib/python3.11/site-packages/airflow/example_dags/example_external_task_marker_dag.py
[2023-11-02T08:46:10.442+0000] {processor.py:829} INFO - Processing file /home/airflow/.local/lib/python3.11/site-packages/airflow/example_dags/example_external_task_marker_dag.py for tasks to queue
[2023-11-02T08:46:10.450+0000] {logging_mixin.py:151} INFO - [2023-11-02T08:46:10.450+0000] {dagbag.py:536} INFO - Filling up the DagBag from /home/airflow/.local/lib/python3.11/site-packages/airflow/example_dags/example_external_task_marker_dag.py
[2023-11-02T08:46:10.462+0000] {processor.py:839} INFO - DAG(s) dict_keys(['example_external_task_marker_parent', 'example_external_task_marker_child']) retrieved from /home/airflow/.local/lib/python3.11/site-packages/airflow/example_dags/example_external_task_marker_dag.py
[2023-11-02T08:46:10.496+0000] {logging_mixin.py:151} INFO - [2023-11-02T08:46:10.495+0000] {dag.py:2941} INFO - Sync 2 DAGs
[2023-11-02T08:46:10.511+0000] {logging_mixin.py:151} INFO - [2023-11-02T08:46:10.511+0000] {dag.py:3722} INFO - Setting next_dagrun for example_external_task_marker_child to None, run_after=None
[2023-11-02T08:46:10.514+0000] {logging_mixin.py:151} INFO - [2023-11-02T08:46:10.514+0000] {dag.py:3722} INFO - Setting next_dagrun for example_external_task_marker_parent to None, run_after=None
[2023-11-02T08:46:10.529+0000] {processor.py:179} INFO - Processing /home/airflow/.local/lib/python3.11/site-packages/airflow/example_dags/example_external_task_marker_dag.py took 0.095 seconds
[2023-11-02T08:46:40.955+0000] {processor.py:157} INFO - Started process (PID=264) to work on /home/airflow/.local/lib/python3.11/site-packages/airflow/example_dags/example_external_task_marker_dag.py
[2023-11-02T08:46:40.957+0000] {processor.py:829} INFO - Processing file /home/airflow/.local/lib/python3.11/site-packages/airflow/example_dags/example_external_task_marker_dag.py for tasks to queue
[2023-11-02T08:46:40.961+0000] {logging_mixin.py:151} INFO - [2023-11-02T08:46:40.961+0000] {dagbag.py:536} INFO - Filling up the DagBag from /home/airflow/.local/lib/python3.11/site-packages/airflow/example_dags/example_external_task_marker_dag.py
[2023-11-02T08:46:40.969+0000] {processor.py:839} INFO - DAG(s) dict_keys(['example_external_task_marker_parent', 'example_external_task_marker_child']) retrieved from /home/airflow/.local/lib/python3.11/site-packages/airflow/example_dags/example_external_task_marker_dag.py
[2023-11-02T08:46:40.990+0000] {logging_mixin.py:151} INFO - [2023-11-02T08:46:40.990+0000] {dag.py:2941} INFO - Sync 2 DAGs
[2023-11-02T08:46:41.000+0000] {logging_mixin.py:151} INFO - [2023-11-02T08:46:41.000+0000] {dag.py:3722} INFO - Setting next_dagrun for example_external_task_marker_child to None, run_after=None
[2023-11-02T08:46:41.002+0000] {logging_mixin.py:151} INFO - [2023-11-02T08:46:41.002+0000] {dag.py:3722} INFO - Setting next_dagrun for example_external_task_marker_parent to None, run_after=None
[2023-11-02T08:46:41.013+0000] {processor.py:179} INFO - Processing /home/airflow/.local/lib/python3.11/site-packages/airflow/example_dags/example_external_task_marker_dag.py took 0.062 seconds
[2023-11-02T08:47:11.115+0000] {processor.py:157} INFO - Started process (PID=319) to work on /home/airflow/.local/lib/python3.11/site-packages/airflow/example_dags/example_external_task_marker_dag.py
[2023-11-02T08:47:11.116+0000] {processor.py:829} INFO - Processing file /home/airflow/.local/lib/python3.11/site-packages/airflow/example_dags/example_external_task_marker_dag.py for tasks to queue
[2023-11-02T08:47:11.119+0000] {logging_mixin.py:151} INFO - [2023-11-02T08:47:11.119+0000] {dagbag.py:536} INFO - Filling up the DagBag from /home/airflow/.local/lib/python3.11/site-packages/airflow/example_dags/example_external_task_marker_dag.py
[2023-11-02T08:47:11.127+0000] {processor.py:839} INFO - DAG(s) dict_keys(['example_external_task_marker_child', 'example_external_task_marker_parent']) retrieved from /home/airflow/.local/lib/python3.11/site-packages/airflow/example_dags/example_external_task_marker_dag.py
[2023-11-02T08:47:11.149+0000] {logging_mixin.py:151} INFO - [2023-11-02T08:47:11.148+0000] {dag.py:2941} INFO - Sync 2 DAGs
[2023-11-02T08:47:11.161+0000] {logging_mixin.py:151} INFO - [2023-11-02T08:47:11.161+0000] {dag.py:3722} INFO - Setting next_dagrun for example_external_task_marker_child to None, run_after=None
[2023-11-02T08:47:11.164+0000] {logging_mixin.py:151} INFO - [2023-11-02T08:47:11.164+0000] {dag.py:3722} INFO - Setting next_dagrun for example_external_task_marker_parent to None, run_after=None
[2023-11-02T08:47:11.188+0000] {processor.py:179} INFO - Processing /home/airflow/.local/lib/python3.11/site-packages/airflow/example_dags/example_external_task_marker_dag.py took 0.078 seconds
[2023-11-02T08:47:41.264+0000] {processor.py:157} INFO - Started process (PID=374) to work on /home/airflow/.local/lib/python3.11/site-packages/airflow/example_dags/example_external_task_marker_dag.py
[2023-11-02T08:47:41.265+0000] {processor.py:829} INFO - Processing file /home/airflow/.local/lib/python3.11/site-packages/airflow/example_dags/example_external_task_marker_dag.py for tasks to queue
[2023-11-02T08:47:41.268+0000] {logging_mixin.py:151} INFO - [2023-11-02T08:47:41.268+0000] {dagbag.py:536} INFO - Filling up the DagBag from /home/airflow/.local/lib/python3.11/site-packages/airflow/example_dags/example_external_task_marker_dag.py
[2023-11-02T08:47:41.275+0000] {processor.py:839} INFO - DAG(s) dict_keys(['example_external_task_marker_child', 'example_external_task_marker_parent']) retrieved from /home/airflow/.local/lib/python3.11/site-packages/airflow/example_dags/example_external_task_marker_dag.py
[2023-11-02T08:47:41.296+0000] {logging_mixin.py:151} INFO - [2023-11-02T08:47:41.296+0000] {dag.py:2941} INFO - Sync 2 DAGs
[2023-11-02T08:47:41.307+0000] {logging_mixin.py:151} INFO - [2023-11-02T08:47:41.307+0000] {dag.py:3722} INFO - Setting next_dagrun for example_external_task_marker_child to None, run_after=None
[2023-11-02T08:47:41.310+0000] {logging_mixin.py:151} INFO - [2023-11-02T08:47:41.310+0000] {dag.py:3722} INFO - Setting next_dagrun for example_external_task_marker_parent to None, run_after=None
[2023-11-02T08:47:41.325+0000] {processor.py:179} INFO - Processing /home/airflow/.local/lib/python3.11/site-packages/airflow/example_dags/example_external_task_marker_dag.py took 0.066 seconds
[2023-11-02T08:48:11.589+0000] {processor.py:157} INFO - Started process (PID=429) to work on /home/airflow/.local/lib/python3.11/site-packages/airflow/example_dags/example_external_task_marker_dag.py
[2023-11-02T08:48:11.590+0000] {processor.py:829} INFO - Processing file /home/airflow/.local/lib/python3.11/site-packages/airflow/example_dags/example_external_task_marker_dag.py for tasks to queue
[2023-11-02T08:48:11.594+0000] {logging_mixin.py:151} INFO - [2023-11-02T08:48:11.593+0000] {dagbag.py:536} INFO - Filling up the DagBag from /home/airflow/.local/lib/python3.11/site-packages/airflow/example_dags/example_external_task_marker_dag.py
[2023-11-02T08:48:11.603+0000] {processor.py:839} INFO - DAG(s) dict_keys(['example_external_task_marker_child', 'example_external_task_marker_parent']) retrieved from /home/airflow/.local/lib/python3.11/site-packages/airflow/example_dags/example_external_task_marker_dag.py
[2023-11-02T08:48:11.626+0000] {logging_mixin.py:151} INFO - [2023-11-02T08:48:11.626+0000] {dag.py:2941} INFO - Sync 2 DAGs
[2023-11-02T08:48:11.636+0000] {logging_mixin.py:151} INFO - [2023-11-02T08:48:11.635+0000] {dag.py:3722} INFO - Setting next_dagrun for example_external_task_marker_child to None, run_after=None
[2023-11-02T08:48:11.638+0000] {logging_mixin.py:151} INFO - [2023-11-02T08:48:11.638+0000] {dag.py:3722} INFO - Setting next_dagrun for example_external_task_marker_parent to None, run_after=None
[2023-11-02T08:48:11.649+0000] {processor.py:179} INFO - Processing /home/airflow/.local/lib/python3.11/site-packages/airflow/example_dags/example_external_task_marker_dag.py took 0.066 seconds
[2023-11-02T08:48:41.720+0000] {processor.py:157} INFO - Started process (PID=484) to work on /home/airflow/.local/lib/python3.11/site-packages/airflow/example_dags/example_external_task_marker_dag.py
[2023-11-02T08:48:41.722+0000] {processor.py:829} INFO - Processing file /home/airflow/.local/lib/python3.11/site-packages/airflow/example_dags/example_external_task_marker_dag.py for tasks to queue
[2023-11-02T08:48:41.727+0000] {logging_mixin.py:151} INFO - [2023-11-02T08:48:41.727+0000] {dagbag.py:536} INFO - Filling up the DagBag from /home/airflow/.local/lib/python3.11/site-packages/airflow/example_dags/example_external_task_marker_dag.py
[2023-11-02T08:48:41.735+0000] {processor.py:839} INFO - DAG(s) dict_keys(['example_external_task_marker_parent', 'example_external_task_marker_child']) retrieved from /home/airflow/.local/lib/python3.11/site-packages/airflow/example_dags/example_external_task_marker_dag.py
[2023-11-02T08:48:41.757+0000] {logging_mixin.py:151} INFO - [2023-11-02T08:48:41.757+0000] {dag.py:2941} INFO - Sync 2 DAGs
[2023-11-02T08:48:41.769+0000] {logging_mixin.py:151} INFO - [2023-11-02T08:48:41.768+0000] {dag.py:3722} INFO - Setting next_dagrun for example_external_task_marker_child to None, run_after=None
[2023-11-02T08:48:41.772+0000] {logging_mixin.py:151} INFO - [2023-11-02T08:48:41.771+0000] {dag.py:3722} INFO - Setting next_dagrun for example_external_task_marker_parent to None, run_after=None
[2023-11-02T08:48:41.787+0000] {processor.py:179} INFO - Processing /home/airflow/.local/lib/python3.11/site-packages/airflow/example_dags/example_external_task_marker_dag.py took 0.072 seconds
[2023-11-02T08:49:11.906+0000] {processor.py:157} INFO - Started process (PID=539) to work on /home/airflow/.local/lib/python3.11/site-packages/airflow/example_dags/example_external_task_marker_dag.py
[2023-11-02T08:49:11.909+0000] {processor.py:829} INFO - Processing file /home/airflow/.local/lib/python3.11/site-packages/airflow/example_dags/example_external_task_marker_dag.py for tasks to queue
[2023-11-02T08:49:11.916+0000] {logging_mixin.py:151} INFO - [2023-11-02T08:49:11.915+0000] {dagbag.py:536} INFO - Filling up the DagBag from /home/airflow/.local/lib/python3.11/site-packages/airflow/example_dags/example_external_task_marker_dag.py
[2023-11-02T08:49:11.927+0000] {processor.py:839} INFO - DAG(s) dict_keys(['example_external_task_marker_child', 'example_external_task_marker_parent']) retrieved from /home/airflow/.local/lib/python3.11/site-packages/airflow/example_dags/example_external_task_marker_dag.py
[2023-11-02T08:49:11.956+0000] {logging_mixin.py:151} INFO - [2023-11-02T08:49:11.955+0000] {dag.py:2941} INFO - Sync 2 DAGs
[2023-11-02T08:49:11.970+0000] {logging_mixin.py:151} INFO - [2023-11-02T08:49:11.969+0000] {dag.py:3722} INFO - Setting next_dagrun for example_external_task_marker_child to None, run_after=None
[2023-11-02T08:49:11.972+0000] {logging_mixin.py:151} INFO - [2023-11-02T08:49:11.972+0000] {dag.py:3722} INFO - Setting next_dagrun for example_external_task_marker_parent to None, run_after=None
[2023-11-02T08:49:11.987+0000] {processor.py:179} INFO - Processing /home/airflow/.local/lib/python3.11/site-packages/airflow/example_dags/example_external_task_marker_dag.py took 0.089 seconds
[2023-11-02T08:49:42.175+0000] {processor.py:157} INFO - Started process (PID=594) to work on /home/airflow/.local/lib/python3.11/site-packages/airflow/example_dags/example_external_task_marker_dag.py
[2023-11-02T08:49:42.177+0000] {processor.py:829} INFO - Processing file /home/airflow/.local/lib/python3.11/site-packages/airflow/example_dags/example_external_task_marker_dag.py for tasks to queue
[2023-11-02T08:49:42.182+0000] {logging_mixin.py:151} INFO - [2023-11-02T08:49:42.181+0000] {dagbag.py:536} INFO - Filling up the DagBag from /home/airflow/.local/lib/python3.11/site-packages/airflow/example_dags/example_external_task_marker_dag.py
[2023-11-02T08:49:42.197+0000] {processor.py:839} INFO - DAG(s) dict_keys(['example_external_task_marker_child', 'example_external_task_marker_parent']) retrieved from /home/airflow/.local/lib/python3.11/site-packages/airflow/example_dags/example_external_task_marker_dag.py
[2023-11-02T08:49:42.222+0000] {logging_mixin.py:151} INFO - [2023-11-02T08:49:42.222+0000] {dag.py:2941} INFO - Sync 2 DAGs
[2023-11-02T08:49:42.234+0000] {logging_mixin.py:151} INFO - [2023-11-02T08:49:42.234+0000] {dag.py:3722} INFO - Setting next_dagrun for example_external_task_marker_child to None, run_after=None
[2023-11-02T08:49:42.236+0000] {logging_mixin.py:151} INFO - [2023-11-02T08:49:42.236+0000] {dag.py:3722} INFO - Setting next_dagrun for example_external_task_marker_parent to None, run_after=None
[2023-11-02T08:49:42.252+0000] {processor.py:179} INFO - Processing /home/airflow/.local/lib/python3.11/site-packages/airflow/example_dags/example_external_task_marker_dag.py took 0.086 seconds
[2023-11-02T08:50:12.409+0000] {processor.py:157} INFO - Started process (PID=649) to work on /home/airflow/.local/lib/python3.11/site-packages/airflow/example_dags/example_external_task_marker_dag.py
[2023-11-02T08:50:12.411+0000] {processor.py:829} INFO - Processing file /home/airflow/.local/lib/python3.11/site-packages/airflow/example_dags/example_external_task_marker_dag.py for tasks to queue
[2023-11-02T08:50:12.415+0000] {logging_mixin.py:151} INFO - [2023-11-02T08:50:12.414+0000] {dagbag.py:536} INFO - Filling up the DagBag from /home/airflow/.local/lib/python3.11/site-packages/airflow/example_dags/example_external_task_marker_dag.py
[2023-11-02T08:50:12.421+0000] {processor.py:839} INFO - DAG(s) dict_keys(['example_external_task_marker_child', 'example_external_task_marker_parent']) retrieved from /home/airflow/.local/lib/python3.11/site-packages/airflow/example_dags/example_external_task_marker_dag.py
[2023-11-02T08:50:12.439+0000] {logging_mixin.py:151} INFO - [2023-11-02T08:50:12.439+0000] {dag.py:2941} INFO - Sync 2 DAGs
[2023-11-02T08:50:12.449+0000] {logging_mixin.py:151} INFO - [2023-11-02T08:50:12.449+0000] {dag.py:3722} INFO - Setting next_dagrun for example_external_task_marker_child to None, run_after=None
[2023-11-02T08:50:12.451+0000] {logging_mixin.py:151} INFO - [2023-11-02T08:50:12.451+0000] {dag.py:3722} INFO - Setting next_dagrun for example_external_task_marker_parent to None, run_after=None
[2023-11-02T08:50:12.462+0000] {processor.py:179} INFO - Processing /home/airflow/.local/lib/python3.11/site-packages/airflow/example_dags/example_external_task_marker_dag.py took 0.057 seconds
[2023-11-02T08:50:42.579+0000] {processor.py:157} INFO - Started process (PID=704) to work on /home/airflow/.local/lib/python3.11/site-packages/airflow/example_dags/example_external_task_marker_dag.py
[2023-11-02T08:50:42.581+0000] {processor.py:829} INFO - Processing file /home/airflow/.local/lib/python3.11/site-packages/airflow/example_dags/example_external_task_marker_dag.py for tasks to queue
[2023-11-02T08:50:42.587+0000] {logging_mixin.py:151} INFO - [2023-11-02T08:50:42.587+0000] {dagbag.py:536} INFO - Filling up the DagBag from /home/airflow/.local/lib/python3.11/site-packages/airflow/example_dags/example_external_task_marker_dag.py
[2023-11-02T08:50:42.593+0000] {processor.py:839} INFO - DAG(s) dict_keys(['example_external_task_marker_parent', 'example_external_task_marker_child']) retrieved from /home/airflow/.local/lib/python3.11/site-packages/airflow/example_dags/example_external_task_marker_dag.py
[2023-11-02T08:50:42.618+0000] {logging_mixin.py:151} INFO - [2023-11-02T08:50:42.618+0000] {dag.py:2941} INFO - Sync 2 DAGs
[2023-11-02T08:50:42.631+0000] {logging_mixin.py:151} INFO - [2023-11-02T08:50:42.631+0000] {dag.py:3722} INFO - Setting next_dagrun for example_external_task_marker_child to None, run_after=None
[2023-11-02T08:50:42.634+0000] {logging_mixin.py:151} INFO - [2023-11-02T08:50:42.634+0000] {dag.py:3722} INFO - Setting next_dagrun for example_external_task_marker_parent to None, run_after=None
[2023-11-02T08:50:42.649+0000] {processor.py:179} INFO - Processing /home/airflow/.local/lib/python3.11/site-packages/airflow/example_dags/example_external_task_marker_dag.py took 0.074 seconds
[2023-11-02T08:51:13.597+0000] {processor.py:157} INFO - Started process (PID=759) to work on /home/airflow/.local/lib/python3.11/site-packages/airflow/example_dags/example_external_task_marker_dag.py
[2023-11-02T08:51:13.599+0000] {processor.py:829} INFO - Processing file /home/airflow/.local/lib/python3.11/site-packages/airflow/example_dags/example_external_task_marker_dag.py for tasks to queue
[2023-11-02T08:51:13.607+0000] {logging_mixin.py:151} INFO - [2023-11-02T08:51:13.607+0000] {dagbag.py:536} INFO - Filling up the DagBag from /home/airflow/.local/lib/python3.11/site-packages/airflow/example_dags/example_external_task_marker_dag.py
[2023-11-02T08:51:13.620+0000] {processor.py:839} INFO - DAG(s) dict_keys(['example_external_task_marker_parent', 'example_external_task_marker_child']) retrieved from /home/airflow/.local/lib/python3.11/site-packages/airflow/example_dags/example_external_task_marker_dag.py
[2023-11-02T08:51:13.652+0000] {logging_mixin.py:151} INFO - [2023-11-02T08:51:13.652+0000] {dag.py:2941} INFO - Sync 2 DAGs
[2023-11-02T08:51:13.666+0000] {logging_mixin.py:151} INFO - [2023-11-02T08:51:13.665+0000] {dag.py:3722} INFO - Setting next_dagrun for example_external_task_marker_child to None, run_after=None
[2023-11-02T08:51:13.668+0000] {logging_mixin.py:151} INFO - [2023-11-02T08:51:13.668+0000] {dag.py:3722} INFO - Setting next_dagrun for example_external_task_marker_parent to None, run_after=None
[2023-11-02T08:51:13.680+0000] {processor.py:179} INFO - Processing /home/airflow/.local/lib/python3.11/site-packages/airflow/example_dags/example_external_task_marker_dag.py took 0.091 seconds
[2023-11-02T08:51:43.839+0000] {processor.py:157} INFO - Started process (PID=814) to work on /home/airflow/.local/lib/python3.11/site-packages/airflow/example_dags/example_external_task_marker_dag.py
[2023-11-02T08:51:43.841+0000] {processor.py:829} INFO - Processing file /home/airflow/.local/lib/python3.11/site-packages/airflow/example_dags/example_external_task_marker_dag.py for tasks to queue
[2023-11-02T08:51:43.846+0000] {logging_mixin.py:151} INFO - [2023-11-02T08:51:43.845+0000] {dagbag.py:536} INFO - Filling up the DagBag from /home/airflow/.local/lib/python3.11/site-packages/airflow/example_dags/example_external_task_marker_dag.py
[2023-11-02T08:51:43.854+0000] {processor.py:839} INFO - DAG(s) dict_keys(['example_external_task_marker_parent', 'example_external_task_marker_child']) retrieved from /home/airflow/.local/lib/python3.11/site-packages/airflow/example_dags/example_external_task_marker_dag.py
[2023-11-02T08:51:43.881+0000] {logging_mixin.py:151} INFO - [2023-11-02T08:51:43.881+0000] {dag.py:2941} INFO - Sync 2 DAGs
[2023-11-02T08:51:43.898+0000] {logging_mixin.py:151} INFO - [2023-11-02T08:51:43.898+0000] {dag.py:3722} INFO - Setting next_dagrun for example_external_task_marker_child to None, run_after=None
[2023-11-02T08:51:43.901+0000] {logging_mixin.py:151} INFO - [2023-11-02T08:51:43.901+0000] {dag.py:3722} INFO - Setting next_dagrun for example_external_task_marker_parent to None, run_after=None
[2023-11-02T08:51:43.917+0000] {processor.py:179} INFO - Processing /home/airflow/.local/lib/python3.11/site-packages/airflow/example_dags/example_external_task_marker_dag.py took 0.082 seconds
[2023-11-02T08:52:14.090+0000] {processor.py:157} INFO - Started process (PID=869) to work on /home/airflow/.local/lib/python3.11/site-packages/airflow/example_dags/example_external_task_marker_dag.py
[2023-11-02T08:52:14.092+0000] {processor.py:829} INFO - Processing file /home/airflow/.local/lib/python3.11/site-packages/airflow/example_dags/example_external_task_marker_dag.py for tasks to queue
[2023-11-02T08:52:14.097+0000] {logging_mixin.py:151} INFO - [2023-11-02T08:52:14.096+0000] {dagbag.py:536} INFO - Filling up the DagBag from /home/airflow/.local/lib/python3.11/site-packages/airflow/example_dags/example_external_task_marker_dag.py
[2023-11-02T08:52:14.105+0000] {processor.py:839} INFO - DAG(s) dict_keys(['example_external_task_marker_parent', 'example_external_task_marker_child']) retrieved from /home/airflow/.local/lib/python3.11/site-packages/airflow/example_dags/example_external_task_marker_dag.py
[2023-11-02T08:52:14.131+0000] {logging_mixin.py:151} INFO - [2023-11-02T08:52:14.130+0000] {dag.py:2941} INFO - Sync 2 DAGs
[2023-11-02T08:52:14.143+0000] {logging_mixin.py:151} INFO - [2023-11-02T08:52:14.143+0000] {dag.py:3722} INFO - Setting next_dagrun for example_external_task_marker_child to None, run_after=None
[2023-11-02T08:52:14.146+0000] {logging_mixin.py:151} INFO - [2023-11-02T08:52:14.145+0000] {dag.py:3722} INFO - Setting next_dagrun for example_external_task_marker_parent to None, run_after=None
[2023-11-02T08:52:14.158+0000] {processor.py:179} INFO - Processing /home/airflow/.local/lib/python3.11/site-packages/airflow/example_dags/example_external_task_marker_dag.py took 0.073 seconds
[2023-11-02T08:52:44.275+0000] {processor.py:157} INFO - Started process (PID=924) to work on /home/airflow/.local/lib/python3.11/site-packages/airflow/example_dags/example_external_task_marker_dag.py
[2023-11-02T08:52:44.277+0000] {processor.py:829} INFO - Processing file /home/airflow/.local/lib/python3.11/site-packages/airflow/example_dags/example_external_task_marker_dag.py for tasks to queue
[2023-11-02T08:52:44.281+0000] {logging_mixin.py:151} INFO - [2023-11-02T08:52:44.281+0000] {dagbag.py:536} INFO - Filling up the DagBag from /home/airflow/.local/lib/python3.11/site-packages/airflow/example_dags/example_external_task_marker_dag.py
[2023-11-02T08:52:44.296+0000] {processor.py:839} INFO - DAG(s) dict_keys(['example_external_task_marker_parent', 'example_external_task_marker_child']) retrieved from /home/airflow/.local/lib/python3.11/site-packages/airflow/example_dags/example_external_task_marker_dag.py
[2023-11-02T08:52:44.323+0000] {logging_mixin.py:151} INFO - [2023-11-02T08:52:44.322+0000] {dag.py:2941} INFO - Sync 2 DAGs
[2023-11-02T08:52:44.335+0000] {logging_mixin.py:151} INFO - [2023-11-02T08:52:44.334+0000] {dag.py:3722} INFO - Setting next_dagrun for example_external_task_marker_child to None, run_after=None
[2023-11-02T08:52:44.337+0000] {logging_mixin.py:151} INFO - [2023-11-02T08:52:44.337+0000] {dag.py:3722} INFO - Setting next_dagrun for example_external_task_marker_parent to None, run_after=None
[2023-11-02T08:52:44.348+0000] {processor.py:179} INFO - Processing /home/airflow/.local/lib/python3.11/site-packages/airflow/example_dags/example_external_task_marker_dag.py took 0.077 seconds
[2023-11-02T08:53:14.712+0000] {processor.py:157} INFO - Started process (PID=979) to work on /home/airflow/.local/lib/python3.11/site-packages/airflow/example_dags/example_external_task_marker_dag.py
[2023-11-02T08:53:14.713+0000] {processor.py:829} INFO - Processing file /home/airflow/.local/lib/python3.11/site-packages/airflow/example_dags/example_external_task_marker_dag.py for tasks to queue
[2023-11-02T08:53:14.717+0000] {logging_mixin.py:151} INFO - [2023-11-02T08:53:14.717+0000] {dagbag.py:536} INFO - Filling up the DagBag from /home/airflow/.local/lib/python3.11/site-packages/airflow/example_dags/example_external_task_marker_dag.py
[2023-11-02T08:53:14.728+0000] {processor.py:839} INFO - DAG(s) dict_keys(['example_external_task_marker_parent', 'example_external_task_marker_child']) retrieved from /home/airflow/.local/lib/python3.11/site-packages/airflow/example_dags/example_external_task_marker_dag.py
[2023-11-02T08:53:14.756+0000] {logging_mixin.py:151} INFO - [2023-11-02T08:53:14.755+0000] {dag.py:2941} INFO - Sync 2 DAGs
[2023-11-02T08:53:14.770+0000] {logging_mixin.py:151} INFO - [2023-11-02T08:53:14.769+0000] {dag.py:3722} INFO - Setting next_dagrun for example_external_task_marker_child to None, run_after=None
[2023-11-02T08:53:14.772+0000] {logging_mixin.py:151} INFO - [2023-11-02T08:53:14.772+0000] {dag.py:3722} INFO - Setting next_dagrun for example_external_task_marker_parent to None, run_after=None
[2023-11-02T08:53:14.784+0000] {processor.py:179} INFO - Processing /home/airflow/.local/lib/python3.11/site-packages/airflow/example_dags/example_external_task_marker_dag.py took 0.080 seconds
[2023-11-02T08:53:44.970+0000] {processor.py:157} INFO - Started process (PID=1041) to work on /home/airflow/.local/lib/python3.11/site-packages/airflow/example_dags/example_external_task_marker_dag.py
[2023-11-02T08:53:44.971+0000] {processor.py:829} INFO - Processing file /home/airflow/.local/lib/python3.11/site-packages/airflow/example_dags/example_external_task_marker_dag.py for tasks to queue
[2023-11-02T08:53:44.974+0000] {logging_mixin.py:151} INFO - [2023-11-02T08:53:44.974+0000] {dagbag.py:536} INFO - Filling up the DagBag from /home/airflow/.local/lib/python3.11/site-packages/airflow/example_dags/example_external_task_marker_dag.py
[2023-11-02T08:53:44.981+0000] {processor.py:839} INFO - DAG(s) dict_keys(['example_external_task_marker_parent', 'example_external_task_marker_child']) retrieved from /home/airflow/.local/lib/python3.11/site-packages/airflow/example_dags/example_external_task_marker_dag.py
[2023-11-02T08:53:45.002+0000] {logging_mixin.py:151} INFO - [2023-11-02T08:53:45.002+0000] {dag.py:2941} INFO - Sync 2 DAGs
[2023-11-02T08:53:45.015+0000] {logging_mixin.py:151} INFO - [2023-11-02T08:53:45.015+0000] {dag.py:3722} INFO - Setting next_dagrun for example_external_task_marker_child to None, run_after=None
[2023-11-02T08:53:45.017+0000] {logging_mixin.py:151} INFO - [2023-11-02T08:53:45.017+0000] {dag.py:3722} INFO - Setting next_dagrun for example_external_task_marker_parent to None, run_after=None
[2023-11-02T08:53:45.031+0000] {processor.py:179} INFO - Processing /home/airflow/.local/lib/python3.11/site-packages/airflow/example_dags/example_external_task_marker_dag.py took 0.066 seconds
[2023-11-02T08:54:15.651+0000] {processor.py:157} INFO - Started process (PID=1096) to work on /home/airflow/.local/lib/python3.11/site-packages/airflow/example_dags/example_external_task_marker_dag.py
[2023-11-02T08:54:15.652+0000] {processor.py:829} INFO - Processing file /home/airflow/.local/lib/python3.11/site-packages/airflow/example_dags/example_external_task_marker_dag.py for tasks to queue
[2023-11-02T08:54:15.656+0000] {logging_mixin.py:151} INFO - [2023-11-02T08:54:15.656+0000] {dagbag.py:536} INFO - Filling up the DagBag from /home/airflow/.local/lib/python3.11/site-packages/airflow/example_dags/example_external_task_marker_dag.py
[2023-11-02T08:54:15.666+0000] {processor.py:839} INFO - DAG(s) dict_keys(['example_external_task_marker_child', 'example_external_task_marker_parent']) retrieved from /home/airflow/.local/lib/python3.11/site-packages/airflow/example_dags/example_external_task_marker_dag.py
[2023-11-02T08:54:15.686+0000] {logging_mixin.py:151} INFO - [2023-11-02T08:54:15.686+0000] {dag.py:2941} INFO - Sync 2 DAGs
[2023-11-02T08:54:15.695+0000] {logging_mixin.py:151} INFO - [2023-11-02T08:54:15.695+0000] {dag.py:3722} INFO - Setting next_dagrun for example_external_task_marker_child to None, run_after=None
[2023-11-02T08:54:15.698+0000] {logging_mixin.py:151} INFO - [2023-11-02T08:54:15.698+0000] {dag.py:3722} INFO - Setting next_dagrun for example_external_task_marker_parent to None, run_after=None
[2023-11-02T08:54:15.708+0000] {processor.py:179} INFO - Processing /home/airflow/.local/lib/python3.11/site-packages/airflow/example_dags/example_external_task_marker_dag.py took 0.064 seconds
[2023-11-02T08:54:45.812+0000] {processor.py:157} INFO - Started process (PID=1151) to work on /home/airflow/.local/lib/python3.11/site-packages/airflow/example_dags/example_external_task_marker_dag.py
[2023-11-02T08:54:45.814+0000] {processor.py:829} INFO - Processing file /home/airflow/.local/lib/python3.11/site-packages/airflow/example_dags/example_external_task_marker_dag.py for tasks to queue
[2023-11-02T08:54:45.818+0000] {logging_mixin.py:151} INFO - [2023-11-02T08:54:45.817+0000] {dagbag.py:536} INFO - Filling up the DagBag from /home/airflow/.local/lib/python3.11/site-packages/airflow/example_dags/example_external_task_marker_dag.py
[2023-11-02T08:54:45.827+0000] {processor.py:839} INFO - DAG(s) dict_keys(['example_external_task_marker_parent', 'example_external_task_marker_child']) retrieved from /home/airflow/.local/lib/python3.11/site-packages/airflow/example_dags/example_external_task_marker_dag.py
[2023-11-02T08:54:45.851+0000] {logging_mixin.py:151} INFO - [2023-11-02T08:54:45.850+0000] {dag.py:2941} INFO - Sync 2 DAGs
[2023-11-02T08:54:45.861+0000] {logging_mixin.py:151} INFO - [2023-11-02T08:54:45.861+0000] {dag.py:3722} INFO - Setting next_dagrun for example_external_task_marker_child to None, run_after=None
[2023-11-02T08:54:45.863+0000] {logging_mixin.py:151} INFO - [2023-11-02T08:54:45.863+0000] {dag.py:3722} INFO - Setting next_dagrun for example_external_task_marker_parent to None, run_after=None
[2023-11-02T08:54:45.874+0000] {processor.py:179} INFO - Processing /home/airflow/.local/lib/python3.11/site-packages/airflow/example_dags/example_external_task_marker_dag.py took 0.068 seconds
