[2023-11-02T08:44:33.391+0000] {processor.py:157} INFO - Started process (PID=35) to work on /home/airflow/.local/lib/python3.11/site-packages/airflow/example_dags/example_branch_labels.py
[2023-11-02T08:44:33.392+0000] {processor.py:829} INFO - Processing file /home/airflow/.local/lib/python3.11/site-packages/airflow/example_dags/example_branch_labels.py for tasks to queue
[2023-11-02T08:44:33.395+0000] {logging_mixin.py:151} INFO - [2023-11-02T08:44:33.394+0000] {dagbag.py:536} INFO - Filling up the DagBag from /home/airflow/.local/lib/python3.11/site-packages/airflow/example_dags/example_branch_labels.py
[2023-11-02T08:44:33.411+0000] {processor.py:839} INFO - DAG(s) dict_keys(['example_branch_labels']) retrieved from /home/airflow/.local/lib/python3.11/site-packages/airflow/example_dags/example_branch_labels.py
[2023-11-02T08:44:33.665+0000] {logging_mixin.py:151} INFO - [2023-11-02T08:44:33.665+0000] {manager.py:499} INFO - Created Permission View: %s
[2023-11-02T08:44:33.696+0000] {logging_mixin.py:151} INFO - [2023-11-02T08:44:33.696+0000] {manager.py:499} INFO - Created Permission View: %s
[2023-11-02T08:44:33.708+0000] {logging_mixin.py:151} INFO - [2023-11-02T08:44:33.708+0000] {manager.py:499} INFO - Created Permission View: %s
[2023-11-02T08:44:33.709+0000] {logging_mixin.py:151} INFO - [2023-11-02T08:44:33.709+0000] {dag.py:2941} INFO - Sync 1 DAGs
[2023-11-02T08:44:33.738+0000] {logging_mixin.py:151} INFO - [2023-11-02T08:44:33.737+0000] {dag.py:2963} INFO - Creating ORM DAG for example_branch_labels
[2023-11-02T08:44:33.762+0000] {logging_mixin.py:151} INFO - [2023-11-02T08:44:33.762+0000] {dag.py:3722} INFO - Setting next_dagrun for example_branch_labels to 2023-11-01T00:00:00+00:00, run_after=2023-11-02T00:00:00+00:00
[2023-11-02T08:44:33.789+0000] {processor.py:179} INFO - Processing /home/airflow/.local/lib/python3.11/site-packages/airflow/example_dags/example_branch_labels.py took 0.403 seconds
[2023-11-02T08:45:03.963+0000] {processor.py:157} INFO - Started process (PID=90) to work on /home/airflow/.local/lib/python3.11/site-packages/airflow/example_dags/example_branch_labels.py
[2023-11-02T08:45:03.965+0000] {processor.py:829} INFO - Processing file /home/airflow/.local/lib/python3.11/site-packages/airflow/example_dags/example_branch_labels.py for tasks to queue
[2023-11-02T08:45:03.968+0000] {logging_mixin.py:151} INFO - [2023-11-02T08:45:03.968+0000] {dagbag.py:536} INFO - Filling up the DagBag from /home/airflow/.local/lib/python3.11/site-packages/airflow/example_dags/example_branch_labels.py
[2023-11-02T08:45:03.974+0000] {processor.py:839} INFO - DAG(s) dict_keys(['example_branch_labels']) retrieved from /home/airflow/.local/lib/python3.11/site-packages/airflow/example_dags/example_branch_labels.py
[2023-11-02T08:45:03.991+0000] {logging_mixin.py:151} INFO - [2023-11-02T08:45:03.991+0000] {dag.py:2941} INFO - Sync 1 DAGs
[2023-11-02T08:45:04.009+0000] {logging_mixin.py:151} INFO - [2023-11-02T08:45:04.009+0000] {dag.py:3722} INFO - Setting next_dagrun for example_branch_labels to 2023-11-01T00:00:00+00:00, run_after=2023-11-02T00:00:00+00:00
[2023-11-02T08:45:04.021+0000] {processor.py:179} INFO - Processing /home/airflow/.local/lib/python3.11/site-packages/airflow/example_dags/example_branch_labels.py took 0.061 seconds
[2023-11-02T08:45:35.105+0000] {processor.py:157} INFO - Started process (PID=145) to work on /home/airflow/.local/lib/python3.11/site-packages/airflow/example_dags/example_branch_labels.py
[2023-11-02T08:45:35.107+0000] {processor.py:829} INFO - Processing file /home/airflow/.local/lib/python3.11/site-packages/airflow/example_dags/example_branch_labels.py for tasks to queue
[2023-11-02T08:45:35.110+0000] {logging_mixin.py:151} INFO - [2023-11-02T08:45:35.110+0000] {dagbag.py:536} INFO - Filling up the DagBag from /home/airflow/.local/lib/python3.11/site-packages/airflow/example_dags/example_branch_labels.py
[2023-11-02T08:45:35.116+0000] {processor.py:839} INFO - DAG(s) dict_keys(['example_branch_labels']) retrieved from /home/airflow/.local/lib/python3.11/site-packages/airflow/example_dags/example_branch_labels.py
[2023-11-02T08:45:35.139+0000] {logging_mixin.py:151} INFO - [2023-11-02T08:45:35.138+0000] {dag.py:2941} INFO - Sync 1 DAGs
[2023-11-02T08:45:35.169+0000] {logging_mixin.py:151} INFO - [2023-11-02T08:45:35.169+0000] {dag.py:3722} INFO - Setting next_dagrun for example_branch_labels to 2023-11-01T00:00:00+00:00, run_after=2023-11-02T00:00:00+00:00
[2023-11-02T08:45:35.183+0000] {processor.py:179} INFO - Processing /home/airflow/.local/lib/python3.11/site-packages/airflow/example_dags/example_branch_labels.py took 0.080 seconds
[2023-11-02T08:46:05.905+0000] {processor.py:157} INFO - Started process (PID=200) to work on /home/airflow/.local/lib/python3.11/site-packages/airflow/example_dags/example_branch_labels.py
[2023-11-02T08:46:05.909+0000] {processor.py:829} INFO - Processing file /home/airflow/.local/lib/python3.11/site-packages/airflow/example_dags/example_branch_labels.py for tasks to queue
[2023-11-02T08:46:05.911+0000] {logging_mixin.py:151} INFO - [2023-11-02T08:46:05.910+0000] {dagbag.py:536} INFO - Filling up the DagBag from /home/airflow/.local/lib/python3.11/site-packages/airflow/example_dags/example_branch_labels.py
[2023-11-02T08:46:05.917+0000] {processor.py:839} INFO - DAG(s) dict_keys(['example_branch_labels']) retrieved from /home/airflow/.local/lib/python3.11/site-packages/airflow/example_dags/example_branch_labels.py
[2023-11-02T08:46:05.931+0000] {logging_mixin.py:151} INFO - [2023-11-02T08:46:05.931+0000] {dag.py:2941} INFO - Sync 1 DAGs
[2023-11-02T08:46:05.952+0000] {logging_mixin.py:151} INFO - [2023-11-02T08:46:05.952+0000] {dag.py:3722} INFO - Setting next_dagrun for example_branch_labels to 2023-11-01T00:00:00+00:00, run_after=2023-11-02T00:00:00+00:00
[2023-11-02T08:46:05.968+0000] {processor.py:179} INFO - Processing /home/airflow/.local/lib/python3.11/site-packages/airflow/example_dags/example_branch_labels.py took 0.064 seconds
[2023-11-02T08:46:36.426+0000] {processor.py:157} INFO - Started process (PID=255) to work on /home/airflow/.local/lib/python3.11/site-packages/airflow/example_dags/example_branch_labels.py
[2023-11-02T08:46:36.428+0000] {processor.py:829} INFO - Processing file /home/airflow/.local/lib/python3.11/site-packages/airflow/example_dags/example_branch_labels.py for tasks to queue
[2023-11-02T08:46:36.430+0000] {logging_mixin.py:151} INFO - [2023-11-02T08:46:36.430+0000] {dagbag.py:536} INFO - Filling up the DagBag from /home/airflow/.local/lib/python3.11/site-packages/airflow/example_dags/example_branch_labels.py
[2023-11-02T08:46:36.435+0000] {processor.py:839} INFO - DAG(s) dict_keys(['example_branch_labels']) retrieved from /home/airflow/.local/lib/python3.11/site-packages/airflow/example_dags/example_branch_labels.py
[2023-11-02T08:46:36.452+0000] {logging_mixin.py:151} INFO - [2023-11-02T08:46:36.452+0000] {dag.py:2941} INFO - Sync 1 DAGs
[2023-11-02T08:46:36.468+0000] {logging_mixin.py:151} INFO - [2023-11-02T08:46:36.468+0000] {dag.py:3722} INFO - Setting next_dagrun for example_branch_labels to 2023-11-01T00:00:00+00:00, run_after=2023-11-02T00:00:00+00:00
[2023-11-02T08:46:36.479+0000] {processor.py:179} INFO - Processing /home/airflow/.local/lib/python3.11/site-packages/airflow/example_dags/example_branch_labels.py took 0.055 seconds
[2023-11-02T08:47:06.619+0000] {processor.py:157} INFO - Started process (PID=310) to work on /home/airflow/.local/lib/python3.11/site-packages/airflow/example_dags/example_branch_labels.py
[2023-11-02T08:47:06.619+0000] {processor.py:829} INFO - Processing file /home/airflow/.local/lib/python3.11/site-packages/airflow/example_dags/example_branch_labels.py for tasks to queue
[2023-11-02T08:47:06.623+0000] {logging_mixin.py:151} INFO - [2023-11-02T08:47:06.622+0000] {dagbag.py:536} INFO - Filling up the DagBag from /home/airflow/.local/lib/python3.11/site-packages/airflow/example_dags/example_branch_labels.py
[2023-11-02T08:47:06.630+0000] {processor.py:839} INFO - DAG(s) dict_keys(['example_branch_labels']) retrieved from /home/airflow/.local/lib/python3.11/site-packages/airflow/example_dags/example_branch_labels.py
[2023-11-02T08:47:06.645+0000] {logging_mixin.py:151} INFO - [2023-11-02T08:47:06.645+0000] {dag.py:2941} INFO - Sync 1 DAGs
[2023-11-02T08:47:06.664+0000] {logging_mixin.py:151} INFO - [2023-11-02T08:47:06.663+0000] {dag.py:3722} INFO - Setting next_dagrun for example_branch_labels to 2023-11-01T00:00:00+00:00, run_after=2023-11-02T00:00:00+00:00
[2023-11-02T08:47:06.678+0000] {processor.py:179} INFO - Processing /home/airflow/.local/lib/python3.11/site-packages/airflow/example_dags/example_branch_labels.py took 0.061 seconds
[2023-11-02T08:47:36.873+0000] {processor.py:157} INFO - Started process (PID=365) to work on /home/airflow/.local/lib/python3.11/site-packages/airflow/example_dags/example_branch_labels.py
[2023-11-02T08:47:36.877+0000] {processor.py:829} INFO - Processing file /home/airflow/.local/lib/python3.11/site-packages/airflow/example_dags/example_branch_labels.py for tasks to queue
[2023-11-02T08:47:36.879+0000] {logging_mixin.py:151} INFO - [2023-11-02T08:47:36.879+0000] {dagbag.py:536} INFO - Filling up the DagBag from /home/airflow/.local/lib/python3.11/site-packages/airflow/example_dags/example_branch_labels.py
[2023-11-02T08:47:36.886+0000] {processor.py:839} INFO - DAG(s) dict_keys(['example_branch_labels']) retrieved from /home/airflow/.local/lib/python3.11/site-packages/airflow/example_dags/example_branch_labels.py
[2023-11-02T08:47:36.903+0000] {logging_mixin.py:151} INFO - [2023-11-02T08:47:36.903+0000] {dag.py:2941} INFO - Sync 1 DAGs
[2023-11-02T08:47:36.921+0000] {logging_mixin.py:151} INFO - [2023-11-02T08:47:36.921+0000] {dag.py:3722} INFO - Setting next_dagrun for example_branch_labels to 2023-11-01T00:00:00+00:00, run_after=2023-11-02T00:00:00+00:00
[2023-11-02T08:47:36.935+0000] {processor.py:179} INFO - Processing /home/airflow/.local/lib/python3.11/site-packages/airflow/example_dags/example_branch_labels.py took 0.065 seconds
[2023-11-02T08:48:07.053+0000] {processor.py:157} INFO - Started process (PID=420) to work on /home/airflow/.local/lib/python3.11/site-packages/airflow/example_dags/example_branch_labels.py
[2023-11-02T08:48:07.054+0000] {processor.py:829} INFO - Processing file /home/airflow/.local/lib/python3.11/site-packages/airflow/example_dags/example_branch_labels.py for tasks to queue
[2023-11-02T08:48:07.058+0000] {logging_mixin.py:151} INFO - [2023-11-02T08:48:07.058+0000] {dagbag.py:536} INFO - Filling up the DagBag from /home/airflow/.local/lib/python3.11/site-packages/airflow/example_dags/example_branch_labels.py
[2023-11-02T08:48:07.070+0000] {processor.py:839} INFO - DAG(s) dict_keys(['example_branch_labels']) retrieved from /home/airflow/.local/lib/python3.11/site-packages/airflow/example_dags/example_branch_labels.py
[2023-11-02T08:48:07.090+0000] {logging_mixin.py:151} INFO - [2023-11-02T08:48:07.090+0000] {dag.py:2941} INFO - Sync 1 DAGs
[2023-11-02T08:48:07.109+0000] {logging_mixin.py:151} INFO - [2023-11-02T08:48:07.109+0000] {dag.py:3722} INFO - Setting next_dagrun for example_branch_labels to 2023-11-01T00:00:00+00:00, run_after=2023-11-02T00:00:00+00:00
[2023-11-02T08:48:07.124+0000] {processor.py:179} INFO - Processing /home/airflow/.local/lib/python3.11/site-packages/airflow/example_dags/example_branch_labels.py took 0.076 seconds
[2023-11-02T08:48:37.303+0000] {processor.py:157} INFO - Started process (PID=475) to work on /home/airflow/.local/lib/python3.11/site-packages/airflow/example_dags/example_branch_labels.py
[2023-11-02T08:48:37.304+0000] {processor.py:829} INFO - Processing file /home/airflow/.local/lib/python3.11/site-packages/airflow/example_dags/example_branch_labels.py for tasks to queue
[2023-11-02T08:48:37.306+0000] {logging_mixin.py:151} INFO - [2023-11-02T08:48:37.306+0000] {dagbag.py:536} INFO - Filling up the DagBag from /home/airflow/.local/lib/python3.11/site-packages/airflow/example_dags/example_branch_labels.py
[2023-11-02T08:48:37.311+0000] {processor.py:839} INFO - DAG(s) dict_keys(['example_branch_labels']) retrieved from /home/airflow/.local/lib/python3.11/site-packages/airflow/example_dags/example_branch_labels.py
[2023-11-02T08:48:37.326+0000] {logging_mixin.py:151} INFO - [2023-11-02T08:48:37.325+0000] {dag.py:2941} INFO - Sync 1 DAGs
[2023-11-02T08:48:37.340+0000] {logging_mixin.py:151} INFO - [2023-11-02T08:48:37.340+0000] {dag.py:3722} INFO - Setting next_dagrun for example_branch_labels to 2023-11-01T00:00:00+00:00, run_after=2023-11-02T00:00:00+00:00
[2023-11-02T08:48:37.350+0000] {processor.py:179} INFO - Processing /home/airflow/.local/lib/python3.11/site-packages/airflow/example_dags/example_branch_labels.py took 0.049 seconds
[2023-11-02T08:49:07.483+0000] {processor.py:157} INFO - Started process (PID=530) to work on /home/airflow/.local/lib/python3.11/site-packages/airflow/example_dags/example_branch_labels.py
[2023-11-02T08:49:07.487+0000] {processor.py:829} INFO - Processing file /home/airflow/.local/lib/python3.11/site-packages/airflow/example_dags/example_branch_labels.py for tasks to queue
[2023-11-02T08:49:07.489+0000] {logging_mixin.py:151} INFO - [2023-11-02T08:49:07.488+0000] {dagbag.py:536} INFO - Filling up the DagBag from /home/airflow/.local/lib/python3.11/site-packages/airflow/example_dags/example_branch_labels.py
[2023-11-02T08:49:07.494+0000] {processor.py:839} INFO - DAG(s) dict_keys(['example_branch_labels']) retrieved from /home/airflow/.local/lib/python3.11/site-packages/airflow/example_dags/example_branch_labels.py
[2023-11-02T08:49:07.511+0000] {logging_mixin.py:151} INFO - [2023-11-02T08:49:07.511+0000] {dag.py:2941} INFO - Sync 1 DAGs
[2023-11-02T08:49:07.527+0000] {logging_mixin.py:151} INFO - [2023-11-02T08:49:07.527+0000] {dag.py:3722} INFO - Setting next_dagrun for example_branch_labels to 2023-11-01T00:00:00+00:00, run_after=2023-11-02T00:00:00+00:00
[2023-11-02T08:49:07.541+0000] {processor.py:179} INFO - Processing /home/airflow/.local/lib/python3.11/site-packages/airflow/example_dags/example_branch_labels.py took 0.061 seconds
[2023-11-02T08:49:37.702+0000] {processor.py:157} INFO - Started process (PID=585) to work on /home/airflow/.local/lib/python3.11/site-packages/airflow/example_dags/example_branch_labels.py
[2023-11-02T08:49:37.703+0000] {processor.py:829} INFO - Processing file /home/airflow/.local/lib/python3.11/site-packages/airflow/example_dags/example_branch_labels.py for tasks to queue
[2023-11-02T08:49:37.705+0000] {logging_mixin.py:151} INFO - [2023-11-02T08:49:37.705+0000] {dagbag.py:536} INFO - Filling up the DagBag from /home/airflow/.local/lib/python3.11/site-packages/airflow/example_dags/example_branch_labels.py
[2023-11-02T08:49:37.712+0000] {processor.py:839} INFO - DAG(s) dict_keys(['example_branch_labels']) retrieved from /home/airflow/.local/lib/python3.11/site-packages/airflow/example_dags/example_branch_labels.py
[2023-11-02T08:49:37.732+0000] {logging_mixin.py:151} INFO - [2023-11-02T08:49:37.732+0000] {dag.py:2941} INFO - Sync 1 DAGs
[2023-11-02T08:49:37.749+0000] {logging_mixin.py:151} INFO - [2023-11-02T08:49:37.749+0000] {dag.py:3722} INFO - Setting next_dagrun for example_branch_labels to 2023-11-01T00:00:00+00:00, run_after=2023-11-02T00:00:00+00:00
[2023-11-02T08:49:37.760+0000] {processor.py:179} INFO - Processing /home/airflow/.local/lib/python3.11/site-packages/airflow/example_dags/example_branch_labels.py took 0.060 seconds
[2023-11-02T08:50:07.979+0000] {processor.py:157} INFO - Started process (PID=640) to work on /home/airflow/.local/lib/python3.11/site-packages/airflow/example_dags/example_branch_labels.py
[2023-11-02T08:50:07.979+0000] {processor.py:829} INFO - Processing file /home/airflow/.local/lib/python3.11/site-packages/airflow/example_dags/example_branch_labels.py for tasks to queue
[2023-11-02T08:50:07.982+0000] {logging_mixin.py:151} INFO - [2023-11-02T08:50:07.982+0000] {dagbag.py:536} INFO - Filling up the DagBag from /home/airflow/.local/lib/python3.11/site-packages/airflow/example_dags/example_branch_labels.py
[2023-11-02T08:50:07.989+0000] {processor.py:839} INFO - DAG(s) dict_keys(['example_branch_labels']) retrieved from /home/airflow/.local/lib/python3.11/site-packages/airflow/example_dags/example_branch_labels.py
[2023-11-02T08:50:08.005+0000] {logging_mixin.py:151} INFO - [2023-11-02T08:50:08.004+0000] {dag.py:2941} INFO - Sync 1 DAGs
[2023-11-02T08:50:08.022+0000] {logging_mixin.py:151} INFO - [2023-11-02T08:50:08.021+0000] {dag.py:3722} INFO - Setting next_dagrun for example_branch_labels to 2023-11-01T00:00:00+00:00, run_after=2023-11-02T00:00:00+00:00
[2023-11-02T08:50:08.034+0000] {processor.py:179} INFO - Processing /home/airflow/.local/lib/python3.11/site-packages/airflow/example_dags/example_branch_labels.py took 0.058 seconds
[2023-11-02T08:50:38.219+0000] {processor.py:157} INFO - Started process (PID=695) to work on /home/airflow/.local/lib/python3.11/site-packages/airflow/example_dags/example_branch_labels.py
[2023-11-02T08:50:38.228+0000] {processor.py:829} INFO - Processing file /home/airflow/.local/lib/python3.11/site-packages/airflow/example_dags/example_branch_labels.py for tasks to queue
[2023-11-02T08:50:38.230+0000] {logging_mixin.py:151} INFO - [2023-11-02T08:50:38.230+0000] {dagbag.py:536} INFO - Filling up the DagBag from /home/airflow/.local/lib/python3.11/site-packages/airflow/example_dags/example_branch_labels.py
[2023-11-02T08:50:38.237+0000] {processor.py:839} INFO - DAG(s) dict_keys(['example_branch_labels']) retrieved from /home/airflow/.local/lib/python3.11/site-packages/airflow/example_dags/example_branch_labels.py
[2023-11-02T08:50:38.252+0000] {logging_mixin.py:151} INFO - [2023-11-02T08:50:38.252+0000] {dag.py:2941} INFO - Sync 1 DAGs
[2023-11-02T08:50:38.268+0000] {logging_mixin.py:151} INFO - [2023-11-02T08:50:38.268+0000] {dag.py:3722} INFO - Setting next_dagrun for example_branch_labels to 2023-11-01T00:00:00+00:00, run_after=2023-11-02T00:00:00+00:00
[2023-11-02T08:50:38.280+0000] {processor.py:179} INFO - Processing /home/airflow/.local/lib/python3.11/site-packages/airflow/example_dags/example_branch_labels.py took 0.063 seconds
[2023-11-02T08:51:09.146+0000] {processor.py:157} INFO - Started process (PID=750) to work on /home/airflow/.local/lib/python3.11/site-packages/airflow/example_dags/example_branch_labels.py
[2023-11-02T08:51:09.147+0000] {processor.py:829} INFO - Processing file /home/airflow/.local/lib/python3.11/site-packages/airflow/example_dags/example_branch_labels.py for tasks to queue
[2023-11-02T08:51:09.149+0000] {logging_mixin.py:151} INFO - [2023-11-02T08:51:09.149+0000] {dagbag.py:536} INFO - Filling up the DagBag from /home/airflow/.local/lib/python3.11/site-packages/airflow/example_dags/example_branch_labels.py
[2023-11-02T08:51:09.160+0000] {processor.py:839} INFO - DAG(s) dict_keys(['example_branch_labels']) retrieved from /home/airflow/.local/lib/python3.11/site-packages/airflow/example_dags/example_branch_labels.py
[2023-11-02T08:51:09.178+0000] {logging_mixin.py:151} INFO - [2023-11-02T08:51:09.178+0000] {dag.py:2941} INFO - Sync 1 DAGs
[2023-11-02T08:51:09.194+0000] {logging_mixin.py:151} INFO - [2023-11-02T08:51:09.194+0000] {dag.py:3722} INFO - Setting next_dagrun for example_branch_labels to 2023-11-01T00:00:00+00:00, run_after=2023-11-02T00:00:00+00:00
[2023-11-02T08:51:09.205+0000] {processor.py:179} INFO - Processing /home/airflow/.local/lib/python3.11/site-packages/airflow/example_dags/example_branch_labels.py took 0.062 seconds
[2023-11-02T08:51:39.414+0000] {processor.py:157} INFO - Started process (PID=805) to work on /home/airflow/.local/lib/python3.11/site-packages/airflow/example_dags/example_branch_labels.py
[2023-11-02T08:51:39.416+0000] {processor.py:829} INFO - Processing file /home/airflow/.local/lib/python3.11/site-packages/airflow/example_dags/example_branch_labels.py for tasks to queue
[2023-11-02T08:51:39.420+0000] {logging_mixin.py:151} INFO - [2023-11-02T08:51:39.420+0000] {dagbag.py:536} INFO - Filling up the DagBag from /home/airflow/.local/lib/python3.11/site-packages/airflow/example_dags/example_branch_labels.py
[2023-11-02T08:51:39.427+0000] {processor.py:839} INFO - DAG(s) dict_keys(['example_branch_labels']) retrieved from /home/airflow/.local/lib/python3.11/site-packages/airflow/example_dags/example_branch_labels.py
[2023-11-02T08:51:39.442+0000] {logging_mixin.py:151} INFO - [2023-11-02T08:51:39.442+0000] {dag.py:2941} INFO - Sync 1 DAGs
[2023-11-02T08:51:39.457+0000] {logging_mixin.py:151} INFO - [2023-11-02T08:51:39.457+0000] {dag.py:3722} INFO - Setting next_dagrun for example_branch_labels to 2023-11-01T00:00:00+00:00, run_after=2023-11-02T00:00:00+00:00
[2023-11-02T08:51:39.468+0000] {processor.py:179} INFO - Processing /home/airflow/.local/lib/python3.11/site-packages/airflow/example_dags/example_branch_labels.py took 0.057 seconds
[2023-11-02T08:52:09.679+0000] {processor.py:157} INFO - Started process (PID=860) to work on /home/airflow/.local/lib/python3.11/site-packages/airflow/example_dags/example_branch_labels.py
[2023-11-02T08:52:09.680+0000] {processor.py:829} INFO - Processing file /home/airflow/.local/lib/python3.11/site-packages/airflow/example_dags/example_branch_labels.py for tasks to queue
[2023-11-02T08:52:09.685+0000] {logging_mixin.py:151} INFO - [2023-11-02T08:52:09.684+0000] {dagbag.py:536} INFO - Filling up the DagBag from /home/airflow/.local/lib/python3.11/site-packages/airflow/example_dags/example_branch_labels.py
[2023-11-02T08:52:09.691+0000] {processor.py:839} INFO - DAG(s) dict_keys(['example_branch_labels']) retrieved from /home/airflow/.local/lib/python3.11/site-packages/airflow/example_dags/example_branch_labels.py
[2023-11-02T08:52:09.706+0000] {logging_mixin.py:151} INFO - [2023-11-02T08:52:09.706+0000] {dag.py:2941} INFO - Sync 1 DAGs
[2023-11-02T08:52:09.723+0000] {logging_mixin.py:151} INFO - [2023-11-02T08:52:09.723+0000] {dag.py:3722} INFO - Setting next_dagrun for example_branch_labels to 2023-11-01T00:00:00+00:00, run_after=2023-11-02T00:00:00+00:00
[2023-11-02T08:52:09.735+0000] {processor.py:179} INFO - Processing /home/airflow/.local/lib/python3.11/site-packages/airflow/example_dags/example_branch_labels.py took 0.059 seconds
[2023-11-02T08:52:39.774+0000] {processor.py:157} INFO - Started process (PID=915) to work on /home/airflow/.local/lib/python3.11/site-packages/airflow/example_dags/example_branch_labels.py
[2023-11-02T08:52:39.775+0000] {processor.py:829} INFO - Processing file /home/airflow/.local/lib/python3.11/site-packages/airflow/example_dags/example_branch_labels.py for tasks to queue
[2023-11-02T08:52:39.776+0000] {logging_mixin.py:151} INFO - [2023-11-02T08:52:39.776+0000] {dagbag.py:536} INFO - Filling up the DagBag from /home/airflow/.local/lib/python3.11/site-packages/airflow/example_dags/example_branch_labels.py
[2023-11-02T08:52:39.782+0000] {processor.py:839} INFO - DAG(s) dict_keys(['example_branch_labels']) retrieved from /home/airflow/.local/lib/python3.11/site-packages/airflow/example_dags/example_branch_labels.py
[2023-11-02T08:52:39.797+0000] {logging_mixin.py:151} INFO - [2023-11-02T08:52:39.797+0000] {dag.py:2941} INFO - Sync 1 DAGs
[2023-11-02T08:52:39.812+0000] {logging_mixin.py:151} INFO - [2023-11-02T08:52:39.811+0000] {dag.py:3722} INFO - Setting next_dagrun for example_branch_labels to 2023-11-01T00:00:00+00:00, run_after=2023-11-02T00:00:00+00:00
[2023-11-02T08:52:39.822+0000] {processor.py:179} INFO - Processing /home/airflow/.local/lib/python3.11/site-packages/airflow/example_dags/example_branch_labels.py took 0.052 seconds
[2023-11-02T08:53:10.266+0000] {processor.py:157} INFO - Started process (PID=968) to work on /home/airflow/.local/lib/python3.11/site-packages/airflow/example_dags/example_branch_labels.py
[2023-11-02T08:53:10.267+0000] {processor.py:829} INFO - Processing file /home/airflow/.local/lib/python3.11/site-packages/airflow/example_dags/example_branch_labels.py for tasks to queue
[2023-11-02T08:53:10.273+0000] {logging_mixin.py:151} INFO - [2023-11-02T08:53:10.272+0000] {dagbag.py:536} INFO - Filling up the DagBag from /home/airflow/.local/lib/python3.11/site-packages/airflow/example_dags/example_branch_labels.py
[2023-11-02T08:53:10.278+0000] {processor.py:839} INFO - DAG(s) dict_keys(['example_branch_labels']) retrieved from /home/airflow/.local/lib/python3.11/site-packages/airflow/example_dags/example_branch_labels.py
[2023-11-02T08:53:10.297+0000] {logging_mixin.py:151} INFO - [2023-11-02T08:53:10.296+0000] {dag.py:2941} INFO - Sync 1 DAGs
[2023-11-02T08:53:10.312+0000] {logging_mixin.py:151} INFO - [2023-11-02T08:53:10.312+0000] {dag.py:3722} INFO - Setting next_dagrun for example_branch_labels to 2023-11-01T00:00:00+00:00, run_after=2023-11-02T00:00:00+00:00
[2023-11-02T08:53:10.322+0000] {processor.py:179} INFO - Processing /home/airflow/.local/lib/python3.11/site-packages/airflow/example_dags/example_branch_labels.py took 0.059 seconds
[2023-11-02T08:53:40.438+0000] {processor.py:157} INFO - Started process (PID=1023) to work on /home/airflow/.local/lib/python3.11/site-packages/airflow/example_dags/example_branch_labels.py
[2023-11-02T08:53:40.441+0000] {processor.py:829} INFO - Processing file /home/airflow/.local/lib/python3.11/site-packages/airflow/example_dags/example_branch_labels.py for tasks to queue
[2023-11-02T08:53:40.445+0000] {logging_mixin.py:151} INFO - [2023-11-02T08:53:40.444+0000] {dagbag.py:536} INFO - Filling up the DagBag from /home/airflow/.local/lib/python3.11/site-packages/airflow/example_dags/example_branch_labels.py
[2023-11-02T08:53:40.450+0000] {processor.py:839} INFO - DAG(s) dict_keys(['example_branch_labels']) retrieved from /home/airflow/.local/lib/python3.11/site-packages/airflow/example_dags/example_branch_labels.py
[2023-11-02T08:53:40.467+0000] {logging_mixin.py:151} INFO - [2023-11-02T08:53:40.467+0000] {dag.py:2941} INFO - Sync 1 DAGs
[2023-11-02T08:53:40.481+0000] {logging_mixin.py:151} INFO - [2023-11-02T08:53:40.481+0000] {dag.py:3722} INFO - Setting next_dagrun for example_branch_labels to 2023-11-01T00:00:00+00:00, run_after=2023-11-02T00:00:00+00:00
[2023-11-02T08:53:40.493+0000] {processor.py:179} INFO - Processing /home/airflow/.local/lib/python3.11/site-packages/airflow/example_dags/example_branch_labels.py took 0.058 seconds
[2023-11-02T08:54:10.699+0000] {processor.py:157} INFO - Started process (PID=1078) to work on /home/airflow/.local/lib/python3.11/site-packages/airflow/example_dags/example_branch_labels.py
[2023-11-02T08:54:10.703+0000] {processor.py:829} INFO - Processing file /home/airflow/.local/lib/python3.11/site-packages/airflow/example_dags/example_branch_labels.py for tasks to queue
[2023-11-02T08:54:10.705+0000] {logging_mixin.py:151} INFO - [2023-11-02T08:54:10.705+0000] {dagbag.py:536} INFO - Filling up the DagBag from /home/airflow/.local/lib/python3.11/site-packages/airflow/example_dags/example_branch_labels.py
[2023-11-02T08:54:10.712+0000] {processor.py:839} INFO - DAG(s) dict_keys(['example_branch_labels']) retrieved from /home/airflow/.local/lib/python3.11/site-packages/airflow/example_dags/example_branch_labels.py
[2023-11-02T08:54:10.727+0000] {logging_mixin.py:151} INFO - [2023-11-02T08:54:10.727+0000] {dag.py:2941} INFO - Sync 1 DAGs
[2023-11-02T08:54:10.742+0000] {logging_mixin.py:151} INFO - [2023-11-02T08:54:10.742+0000] {dag.py:3722} INFO - Setting next_dagrun for example_branch_labels to 2023-11-01T00:00:00+00:00, run_after=2023-11-02T00:00:00+00:00
[2023-11-02T08:54:10.754+0000] {processor.py:179} INFO - Processing /home/airflow/.local/lib/python3.11/site-packages/airflow/example_dags/example_branch_labels.py took 0.057 seconds
[2023-11-02T08:54:41.274+0000] {processor.py:157} INFO - Started process (PID=1133) to work on /home/airflow/.local/lib/python3.11/site-packages/airflow/example_dags/example_branch_labels.py
[2023-11-02T08:54:41.277+0000] {processor.py:829} INFO - Processing file /home/airflow/.local/lib/python3.11/site-packages/airflow/example_dags/example_branch_labels.py for tasks to queue
[2023-11-02T08:54:41.280+0000] {logging_mixin.py:151} INFO - [2023-11-02T08:54:41.280+0000] {dagbag.py:536} INFO - Filling up the DagBag from /home/airflow/.local/lib/python3.11/site-packages/airflow/example_dags/example_branch_labels.py
[2023-11-02T08:54:41.285+0000] {processor.py:839} INFO - DAG(s) dict_keys(['example_branch_labels']) retrieved from /home/airflow/.local/lib/python3.11/site-packages/airflow/example_dags/example_branch_labels.py
[2023-11-02T08:54:41.300+0000] {logging_mixin.py:151} INFO - [2023-11-02T08:54:41.300+0000] {dag.py:2941} INFO - Sync 1 DAGs
[2023-11-02T08:54:41.315+0000] {logging_mixin.py:151} INFO - [2023-11-02T08:54:41.315+0000] {dag.py:3722} INFO - Setting next_dagrun for example_branch_labels to 2023-11-01T00:00:00+00:00, run_after=2023-11-02T00:00:00+00:00
[2023-11-02T08:54:41.327+0000] {processor.py:179} INFO - Processing /home/airflow/.local/lib/python3.11/site-packages/airflow/example_dags/example_branch_labels.py took 0.056 seconds
[2023-11-02T08:55:12.296+0000] {processor.py:157} INFO - Started process (PID=1188) to work on /home/airflow/.local/lib/python3.11/site-packages/airflow/example_dags/example_branch_labels.py
[2023-11-02T08:55:12.299+0000] {processor.py:829} INFO - Processing file /home/airflow/.local/lib/python3.11/site-packages/airflow/example_dags/example_branch_labels.py for tasks to queue
[2023-11-02T08:55:12.301+0000] {logging_mixin.py:151} INFO - [2023-11-02T08:55:12.301+0000] {dagbag.py:536} INFO - Filling up the DagBag from /home/airflow/.local/lib/python3.11/site-packages/airflow/example_dags/example_branch_labels.py
[2023-11-02T08:55:12.308+0000] {processor.py:839} INFO - DAG(s) dict_keys(['example_branch_labels']) retrieved from /home/airflow/.local/lib/python3.11/site-packages/airflow/example_dags/example_branch_labels.py
[2023-11-02T08:55:12.323+0000] {logging_mixin.py:151} INFO - [2023-11-02T08:55:12.323+0000] {dag.py:2941} INFO - Sync 1 DAGs
[2023-11-02T08:55:12.340+0000] {logging_mixin.py:151} INFO - [2023-11-02T08:55:12.339+0000] {dag.py:3722} INFO - Setting next_dagrun for example_branch_labels to 2023-11-01T00:00:00+00:00, run_after=2023-11-02T00:00:00+00:00
[2023-11-02T08:55:12.352+0000] {processor.py:179} INFO - Processing /home/airflow/.local/lib/python3.11/site-packages/airflow/example_dags/example_branch_labels.py took 0.059 seconds
