[2023-11-02T08:44:42.563+0000] {processor.py:157} INFO - Started process (PID=61) to work on /home/airflow/.local/lib/python3.11/site-packages/airflow/example_dags/example_sla_dag.py
[2023-11-02T08:44:42.565+0000] {processor.py:829} INFO - Processing file /home/airflow/.local/lib/python3.11/site-packages/airflow/example_dags/example_sla_dag.py for tasks to queue
[2023-11-02T08:44:42.569+0000] {logging_mixin.py:151} INFO - [2023-11-02T08:44:42.568+0000] {dagbag.py:536} INFO - Filling up the DagBag from /home/airflow/.local/lib/python3.11/site-packages/airflow/example_dags/example_sla_dag.py
[2023-11-02T08:44:42.583+0000] {processor.py:839} INFO - DAG(s) dict_keys(['example_sla_dag']) retrieved from /home/airflow/.local/lib/python3.11/site-packages/airflow/example_dags/example_sla_dag.py
[2023-11-02T08:44:42.690+0000] {logging_mixin.py:151} INFO - [2023-11-02T08:44:42.690+0000] {manager.py:499} INFO - Created Permission View: %s
[2023-11-02T08:44:42.700+0000] {logging_mixin.py:151} INFO - [2023-11-02T08:44:42.700+0000] {manager.py:499} INFO - Created Permission View: %s
[2023-11-02T08:44:42.706+0000] {logging_mixin.py:151} INFO - [2023-11-02T08:44:42.705+0000] {manager.py:499} INFO - Created Permission View: %s
[2023-11-02T08:44:42.706+0000] {logging_mixin.py:151} INFO - [2023-11-02T08:44:42.706+0000] {dag.py:2941} INFO - Sync 1 DAGs
[2023-11-02T08:44:42.717+0000] {logging_mixin.py:151} INFO - [2023-11-02T08:44:42.717+0000] {dag.py:2963} INFO - Creating ORM DAG for example_sla_dag
[2023-11-02T08:44:42.732+0000] {logging_mixin.py:151} INFO - [2023-11-02T08:44:42.732+0000] {dag.py:3722} INFO - Setting next_dagrun for example_sla_dag to 2023-11-02T08:42:00+00:00, run_after=2023-11-02T08:44:00+00:00
[2023-11-02T08:44:42.748+0000] {processor.py:179} INFO - Processing /home/airflow/.local/lib/python3.11/site-packages/airflow/example_dags/example_sla_dag.py took 0.190 seconds
[2023-11-02T08:45:13.546+0000] {processor.py:157} INFO - Started process (PID=123) to work on /home/airflow/.local/lib/python3.11/site-packages/airflow/example_dags/example_sla_dag.py
[2023-11-02T08:45:13.551+0000] {processor.py:829} INFO - Processing file /home/airflow/.local/lib/python3.11/site-packages/airflow/example_dags/example_sla_dag.py for tasks to queue
[2023-11-02T08:45:13.553+0000] {logging_mixin.py:151} INFO - [2023-11-02T08:45:13.553+0000] {dagbag.py:536} INFO - Filling up the DagBag from /home/airflow/.local/lib/python3.11/site-packages/airflow/example_dags/example_sla_dag.py
[2023-11-02T08:45:13.564+0000] {processor.py:839} INFO - DAG(s) dict_keys(['example_sla_dag']) retrieved from /home/airflow/.local/lib/python3.11/site-packages/airflow/example_dags/example_sla_dag.py
[2023-11-02T08:45:13.580+0000] {logging_mixin.py:151} INFO - [2023-11-02T08:45:13.579+0000] {dag.py:2941} INFO - Sync 1 DAGs
[2023-11-02T08:45:13.603+0000] {logging_mixin.py:151} INFO - [2023-11-02T08:45:13.602+0000] {dag.py:3722} INFO - Setting next_dagrun for example_sla_dag to 2023-11-02T08:42:00+00:00, run_after=2023-11-02T08:44:00+00:00
[2023-11-02T08:45:13.618+0000] {processor.py:179} INFO - Processing /home/airflow/.local/lib/python3.11/site-packages/airflow/example_dags/example_sla_dag.py took 0.074 seconds
[2023-11-02T08:45:44.597+0000] {processor.py:157} INFO - Started process (PID=178) to work on /home/airflow/.local/lib/python3.11/site-packages/airflow/example_dags/example_sla_dag.py
[2023-11-02T08:45:44.601+0000] {processor.py:829} INFO - Processing file /home/airflow/.local/lib/python3.11/site-packages/airflow/example_dags/example_sla_dag.py for tasks to queue
[2023-11-02T08:45:44.603+0000] {logging_mixin.py:151} INFO - [2023-11-02T08:45:44.603+0000] {dagbag.py:536} INFO - Filling up the DagBag from /home/airflow/.local/lib/python3.11/site-packages/airflow/example_dags/example_sla_dag.py
[2023-11-02T08:45:44.612+0000] {processor.py:839} INFO - DAG(s) dict_keys(['example_sla_dag']) retrieved from /home/airflow/.local/lib/python3.11/site-packages/airflow/example_dags/example_sla_dag.py
[2023-11-02T08:45:44.628+0000] {logging_mixin.py:151} INFO - [2023-11-02T08:45:44.628+0000] {dag.py:2941} INFO - Sync 1 DAGs
[2023-11-02T08:45:44.647+0000] {logging_mixin.py:151} INFO - [2023-11-02T08:45:44.647+0000] {dag.py:3722} INFO - Setting next_dagrun for example_sla_dag to 2023-11-02T08:42:00+00:00, run_after=2023-11-02T08:44:00+00:00
[2023-11-02T08:45:44.659+0000] {processor.py:179} INFO - Processing /home/airflow/.local/lib/python3.11/site-packages/airflow/example_dags/example_sla_dag.py took 0.064 seconds
[2023-11-02T08:46:15.130+0000] {processor.py:157} INFO - Started process (PID=233) to work on /home/airflow/.local/lib/python3.11/site-packages/airflow/example_dags/example_sla_dag.py
[2023-11-02T08:46:15.131+0000] {processor.py:829} INFO - Processing file /home/airflow/.local/lib/python3.11/site-packages/airflow/example_dags/example_sla_dag.py for tasks to queue
[2023-11-02T08:46:15.135+0000] {logging_mixin.py:151} INFO - [2023-11-02T08:46:15.134+0000] {dagbag.py:536} INFO - Filling up the DagBag from /home/airflow/.local/lib/python3.11/site-packages/airflow/example_dags/example_sla_dag.py
[2023-11-02T08:46:15.145+0000] {processor.py:839} INFO - DAG(s) dict_keys(['example_sla_dag']) retrieved from /home/airflow/.local/lib/python3.11/site-packages/airflow/example_dags/example_sla_dag.py
[2023-11-02T08:46:15.162+0000] {logging_mixin.py:151} INFO - [2023-11-02T08:46:15.162+0000] {dag.py:2941} INFO - Sync 1 DAGs
[2023-11-02T08:46:15.181+0000] {logging_mixin.py:151} INFO - [2023-11-02T08:46:15.181+0000] {dag.py:3722} INFO - Setting next_dagrun for example_sla_dag to 2023-11-02T08:44:00+00:00, run_after=2023-11-02T08:46:00+00:00
[2023-11-02T08:46:15.198+0000] {processor.py:179} INFO - Processing /home/airflow/.local/lib/python3.11/site-packages/airflow/example_dags/example_sla_dag.py took 0.073 seconds
[2023-11-02T08:46:45.568+0000] {processor.py:157} INFO - Started process (PID=288) to work on /home/airflow/.local/lib/python3.11/site-packages/airflow/example_dags/example_sla_dag.py
[2023-11-02T08:46:45.570+0000] {processor.py:829} INFO - Processing file /home/airflow/.local/lib/python3.11/site-packages/airflow/example_dags/example_sla_dag.py for tasks to queue
[2023-11-02T08:46:45.574+0000] {logging_mixin.py:151} INFO - [2023-11-02T08:46:45.574+0000] {dagbag.py:536} INFO - Filling up the DagBag from /home/airflow/.local/lib/python3.11/site-packages/airflow/example_dags/example_sla_dag.py
[2023-11-02T08:46:45.586+0000] {processor.py:839} INFO - DAG(s) dict_keys(['example_sla_dag']) retrieved from /home/airflow/.local/lib/python3.11/site-packages/airflow/example_dags/example_sla_dag.py
[2023-11-02T08:46:45.602+0000] {logging_mixin.py:151} INFO - [2023-11-02T08:46:45.602+0000] {dag.py:2941} INFO - Sync 1 DAGs
[2023-11-02T08:46:45.620+0000] {logging_mixin.py:151} INFO - [2023-11-02T08:46:45.620+0000] {dag.py:3722} INFO - Setting next_dagrun for example_sla_dag to 2023-11-02T08:44:00+00:00, run_after=2023-11-02T08:46:00+00:00
[2023-11-02T08:46:45.631+0000] {processor.py:179} INFO - Processing /home/airflow/.local/lib/python3.11/site-packages/airflow/example_dags/example_sla_dag.py took 0.072 seconds
[2023-11-02T08:47:15.823+0000] {processor.py:157} INFO - Started process (PID=343) to work on /home/airflow/.local/lib/python3.11/site-packages/airflow/example_dags/example_sla_dag.py
[2023-11-02T08:47:15.824+0000] {processor.py:829} INFO - Processing file /home/airflow/.local/lib/python3.11/site-packages/airflow/example_dags/example_sla_dag.py for tasks to queue
[2023-11-02T08:47:15.826+0000] {logging_mixin.py:151} INFO - [2023-11-02T08:47:15.826+0000] {dagbag.py:536} INFO - Filling up the DagBag from /home/airflow/.local/lib/python3.11/site-packages/airflow/example_dags/example_sla_dag.py
[2023-11-02T08:47:15.835+0000] {processor.py:839} INFO - DAG(s) dict_keys(['example_sla_dag']) retrieved from /home/airflow/.local/lib/python3.11/site-packages/airflow/example_dags/example_sla_dag.py
[2023-11-02T08:47:15.848+0000] {logging_mixin.py:151} INFO - [2023-11-02T08:47:15.848+0000] {dag.py:2941} INFO - Sync 1 DAGs
[2023-11-02T08:47:15.864+0000] {logging_mixin.py:151} INFO - [2023-11-02T08:47:15.863+0000] {dag.py:3722} INFO - Setting next_dagrun for example_sla_dag to 2023-11-02T08:44:00+00:00, run_after=2023-11-02T08:46:00+00:00
[2023-11-02T08:47:15.873+0000] {processor.py:179} INFO - Processing /home/airflow/.local/lib/python3.11/site-packages/airflow/example_dags/example_sla_dag.py took 0.055 seconds
[2023-11-02T08:47:45.963+0000] {processor.py:157} INFO - Started process (PID=398) to work on /home/airflow/.local/lib/python3.11/site-packages/airflow/example_dags/example_sla_dag.py
[2023-11-02T08:47:45.964+0000] {processor.py:829} INFO - Processing file /home/airflow/.local/lib/python3.11/site-packages/airflow/example_dags/example_sla_dag.py for tasks to queue
[2023-11-02T08:47:45.967+0000] {logging_mixin.py:151} INFO - [2023-11-02T08:47:45.967+0000] {dagbag.py:536} INFO - Filling up the DagBag from /home/airflow/.local/lib/python3.11/site-packages/airflow/example_dags/example_sla_dag.py
[2023-11-02T08:47:45.976+0000] {processor.py:839} INFO - DAG(s) dict_keys(['example_sla_dag']) retrieved from /home/airflow/.local/lib/python3.11/site-packages/airflow/example_dags/example_sla_dag.py
[2023-11-02T08:47:45.991+0000] {logging_mixin.py:151} INFO - [2023-11-02T08:47:45.991+0000] {dag.py:2941} INFO - Sync 1 DAGs
[2023-11-02T08:47:46.009+0000] {logging_mixin.py:151} INFO - [2023-11-02T08:47:46.009+0000] {dag.py:3722} INFO - Setting next_dagrun for example_sla_dag to 2023-11-02T08:44:00+00:00, run_after=2023-11-02T08:46:00+00:00
[2023-11-02T08:47:46.019+0000] {processor.py:179} INFO - Processing /home/airflow/.local/lib/python3.11/site-packages/airflow/example_dags/example_sla_dag.py took 0.058 seconds
[2023-11-02T08:48:16.261+0000] {processor.py:157} INFO - Started process (PID=453) to work on /home/airflow/.local/lib/python3.11/site-packages/airflow/example_dags/example_sla_dag.py
[2023-11-02T08:48:16.267+0000] {processor.py:829} INFO - Processing file /home/airflow/.local/lib/python3.11/site-packages/airflow/example_dags/example_sla_dag.py for tasks to queue
[2023-11-02T08:48:16.269+0000] {logging_mixin.py:151} INFO - [2023-11-02T08:48:16.269+0000] {dagbag.py:536} INFO - Filling up the DagBag from /home/airflow/.local/lib/python3.11/site-packages/airflow/example_dags/example_sla_dag.py
[2023-11-02T08:48:16.275+0000] {processor.py:839} INFO - DAG(s) dict_keys(['example_sla_dag']) retrieved from /home/airflow/.local/lib/python3.11/site-packages/airflow/example_dags/example_sla_dag.py
[2023-11-02T08:48:16.287+0000] {logging_mixin.py:151} INFO - [2023-11-02T08:48:16.287+0000] {dag.py:2941} INFO - Sync 1 DAGs
[2023-11-02T08:48:16.304+0000] {logging_mixin.py:151} INFO - [2023-11-02T08:48:16.304+0000] {dag.py:3722} INFO - Setting next_dagrun for example_sla_dag to 2023-11-02T08:46:00+00:00, run_after=2023-11-02T08:48:00+00:00
[2023-11-02T08:48:16.316+0000] {processor.py:179} INFO - Processing /home/airflow/.local/lib/python3.11/site-packages/airflow/example_dags/example_sla_dag.py took 0.057 seconds
[2023-11-02T08:48:46.462+0000] {processor.py:157} INFO - Started process (PID=508) to work on /home/airflow/.local/lib/python3.11/site-packages/airflow/example_dags/example_sla_dag.py
[2023-11-02T08:48:46.463+0000] {processor.py:829} INFO - Processing file /home/airflow/.local/lib/python3.11/site-packages/airflow/example_dags/example_sla_dag.py for tasks to queue
[2023-11-02T08:48:46.465+0000] {logging_mixin.py:151} INFO - [2023-11-02T08:48:46.464+0000] {dagbag.py:536} INFO - Filling up the DagBag from /home/airflow/.local/lib/python3.11/site-packages/airflow/example_dags/example_sla_dag.py
[2023-11-02T08:48:46.471+0000] {processor.py:839} INFO - DAG(s) dict_keys(['example_sla_dag']) retrieved from /home/airflow/.local/lib/python3.11/site-packages/airflow/example_dags/example_sla_dag.py
[2023-11-02T08:48:46.483+0000] {logging_mixin.py:151} INFO - [2023-11-02T08:48:46.483+0000] {dag.py:2941} INFO - Sync 1 DAGs
[2023-11-02T08:48:46.499+0000] {logging_mixin.py:151} INFO - [2023-11-02T08:48:46.499+0000] {dag.py:3722} INFO - Setting next_dagrun for example_sla_dag to 2023-11-02T08:46:00+00:00, run_after=2023-11-02T08:48:00+00:00
[2023-11-02T08:48:46.509+0000] {processor.py:179} INFO - Processing /home/airflow/.local/lib/python3.11/site-packages/airflow/example_dags/example_sla_dag.py took 0.049 seconds
[2023-11-02T08:49:16.686+0000] {processor.py:157} INFO - Started process (PID=563) to work on /home/airflow/.local/lib/python3.11/site-packages/airflow/example_dags/example_sla_dag.py
[2023-11-02T08:49:16.687+0000] {processor.py:829} INFO - Processing file /home/airflow/.local/lib/python3.11/site-packages/airflow/example_dags/example_sla_dag.py for tasks to queue
[2023-11-02T08:49:16.689+0000] {logging_mixin.py:151} INFO - [2023-11-02T08:49:16.689+0000] {dagbag.py:536} INFO - Filling up the DagBag from /home/airflow/.local/lib/python3.11/site-packages/airflow/example_dags/example_sla_dag.py
[2023-11-02T08:49:16.696+0000] {processor.py:839} INFO - DAG(s) dict_keys(['example_sla_dag']) retrieved from /home/airflow/.local/lib/python3.11/site-packages/airflow/example_dags/example_sla_dag.py
[2023-11-02T08:49:16.710+0000] {logging_mixin.py:151} INFO - [2023-11-02T08:49:16.710+0000] {dag.py:2941} INFO - Sync 1 DAGs
[2023-11-02T08:49:16.726+0000] {logging_mixin.py:151} INFO - [2023-11-02T08:49:16.726+0000] {dag.py:3722} INFO - Setting next_dagrun for example_sla_dag to 2023-11-02T08:46:00+00:00, run_after=2023-11-02T08:48:00+00:00
[2023-11-02T08:49:16.736+0000] {processor.py:179} INFO - Processing /home/airflow/.local/lib/python3.11/site-packages/airflow/example_dags/example_sla_dag.py took 0.053 seconds
[2023-11-02T08:49:46.964+0000] {processor.py:157} INFO - Started process (PID=618) to work on /home/airflow/.local/lib/python3.11/site-packages/airflow/example_dags/example_sla_dag.py
[2023-11-02T08:49:46.968+0000] {processor.py:829} INFO - Processing file /home/airflow/.local/lib/python3.11/site-packages/airflow/example_dags/example_sla_dag.py for tasks to queue
[2023-11-02T08:49:46.969+0000] {logging_mixin.py:151} INFO - [2023-11-02T08:49:46.969+0000] {dagbag.py:536} INFO - Filling up the DagBag from /home/airflow/.local/lib/python3.11/site-packages/airflow/example_dags/example_sla_dag.py
[2023-11-02T08:49:46.976+0000] {processor.py:839} INFO - DAG(s) dict_keys(['example_sla_dag']) retrieved from /home/airflow/.local/lib/python3.11/site-packages/airflow/example_dags/example_sla_dag.py
[2023-11-02T08:49:46.992+0000] {logging_mixin.py:151} INFO - [2023-11-02T08:49:46.992+0000] {dag.py:2941} INFO - Sync 1 DAGs
[2023-11-02T08:49:47.009+0000] {logging_mixin.py:151} INFO - [2023-11-02T08:49:47.009+0000] {dag.py:3722} INFO - Setting next_dagrun for example_sla_dag to 2023-11-02T08:46:00+00:00, run_after=2023-11-02T08:48:00+00:00
[2023-11-02T08:49:47.020+0000] {processor.py:179} INFO - Processing /home/airflow/.local/lib/python3.11/site-packages/airflow/example_dags/example_sla_dag.py took 0.059 seconds
[2023-11-02T08:50:17.119+0000] {processor.py:157} INFO - Started process (PID=673) to work on /home/airflow/.local/lib/python3.11/site-packages/airflow/example_dags/example_sla_dag.py
[2023-11-02T08:50:17.120+0000] {processor.py:829} INFO - Processing file /home/airflow/.local/lib/python3.11/site-packages/airflow/example_dags/example_sla_dag.py for tasks to queue
[2023-11-02T08:50:17.125+0000] {logging_mixin.py:151} INFO - [2023-11-02T08:50:17.125+0000] {dagbag.py:536} INFO - Filling up the DagBag from /home/airflow/.local/lib/python3.11/site-packages/airflow/example_dags/example_sla_dag.py
[2023-11-02T08:50:17.132+0000] {processor.py:839} INFO - DAG(s) dict_keys(['example_sla_dag']) retrieved from /home/airflow/.local/lib/python3.11/site-packages/airflow/example_dags/example_sla_dag.py
[2023-11-02T08:50:17.145+0000] {logging_mixin.py:151} INFO - [2023-11-02T08:50:17.145+0000] {dag.py:2941} INFO - Sync 1 DAGs
[2023-11-02T08:50:17.163+0000] {logging_mixin.py:151} INFO - [2023-11-02T08:50:17.163+0000] {dag.py:3722} INFO - Setting next_dagrun for example_sla_dag to 2023-11-02T08:48:00+00:00, run_after=2023-11-02T08:50:00+00:00
[2023-11-02T08:50:17.174+0000] {processor.py:179} INFO - Processing /home/airflow/.local/lib/python3.11/site-packages/airflow/example_dags/example_sla_dag.py took 0.058 seconds
[2023-11-02T08:50:47.289+0000] {processor.py:157} INFO - Started process (PID=728) to work on /home/airflow/.local/lib/python3.11/site-packages/airflow/example_dags/example_sla_dag.py
[2023-11-02T08:50:47.290+0000] {processor.py:829} INFO - Processing file /home/airflow/.local/lib/python3.11/site-packages/airflow/example_dags/example_sla_dag.py for tasks to queue
[2023-11-02T08:50:47.292+0000] {logging_mixin.py:151} INFO - [2023-11-02T08:50:47.292+0000] {dagbag.py:536} INFO - Filling up the DagBag from /home/airflow/.local/lib/python3.11/site-packages/airflow/example_dags/example_sla_dag.py
[2023-11-02T08:50:47.300+0000] {processor.py:839} INFO - DAG(s) dict_keys(['example_sla_dag']) retrieved from /home/airflow/.local/lib/python3.11/site-packages/airflow/example_dags/example_sla_dag.py
[2023-11-02T08:50:47.314+0000] {logging_mixin.py:151} INFO - [2023-11-02T08:50:47.314+0000] {dag.py:2941} INFO - Sync 1 DAGs
[2023-11-02T08:50:47.331+0000] {logging_mixin.py:151} INFO - [2023-11-02T08:50:47.331+0000] {dag.py:3722} INFO - Setting next_dagrun for example_sla_dag to 2023-11-02T08:48:00+00:00, run_after=2023-11-02T08:50:00+00:00
[2023-11-02T08:50:47.351+0000] {processor.py:179} INFO - Processing /home/airflow/.local/lib/python3.11/site-packages/airflow/example_dags/example_sla_dag.py took 0.064 seconds
[2023-11-02T08:51:17.494+0000] {processor.py:157} INFO - Started process (PID=783) to work on /home/airflow/.local/lib/python3.11/site-packages/airflow/example_dags/example_sla_dag.py
[2023-11-02T08:51:17.498+0000] {processor.py:829} INFO - Processing file /home/airflow/.local/lib/python3.11/site-packages/airflow/example_dags/example_sla_dag.py for tasks to queue
[2023-11-02T08:51:17.501+0000] {logging_mixin.py:151} INFO - [2023-11-02T08:51:17.501+0000] {dagbag.py:536} INFO - Filling up the DagBag from /home/airflow/.local/lib/python3.11/site-packages/airflow/example_dags/example_sla_dag.py
[2023-11-02T08:51:17.508+0000] {processor.py:839} INFO - DAG(s) dict_keys(['example_sla_dag']) retrieved from /home/airflow/.local/lib/python3.11/site-packages/airflow/example_dags/example_sla_dag.py
[2023-11-02T08:51:17.522+0000] {logging_mixin.py:151} INFO - [2023-11-02T08:51:17.522+0000] {dag.py:2941} INFO - Sync 1 DAGs
[2023-11-02T08:51:17.542+0000] {logging_mixin.py:151} INFO - [2023-11-02T08:51:17.542+0000] {dag.py:3722} INFO - Setting next_dagrun for example_sla_dag to 2023-11-02T08:48:00+00:00, run_after=2023-11-02T08:50:00+00:00
[2023-11-02T08:51:17.553+0000] {processor.py:179} INFO - Processing /home/airflow/.local/lib/python3.11/site-packages/airflow/example_dags/example_sla_dag.py took 0.061 seconds
[2023-11-02T08:51:47.726+0000] {processor.py:157} INFO - Started process (PID=838) to work on /home/airflow/.local/lib/python3.11/site-packages/airflow/example_dags/example_sla_dag.py
[2023-11-02T08:51:47.732+0000] {processor.py:829} INFO - Processing file /home/airflow/.local/lib/python3.11/site-packages/airflow/example_dags/example_sla_dag.py for tasks to queue
[2023-11-02T08:51:47.734+0000] {logging_mixin.py:151} INFO - [2023-11-02T08:51:47.734+0000] {dagbag.py:536} INFO - Filling up the DagBag from /home/airflow/.local/lib/python3.11/site-packages/airflow/example_dags/example_sla_dag.py
[2023-11-02T08:51:47.745+0000] {processor.py:839} INFO - DAG(s) dict_keys(['example_sla_dag']) retrieved from /home/airflow/.local/lib/python3.11/site-packages/airflow/example_dags/example_sla_dag.py
[2023-11-02T08:51:47.760+0000] {logging_mixin.py:151} INFO - [2023-11-02T08:51:47.760+0000] {dag.py:2941} INFO - Sync 1 DAGs
[2023-11-02T08:51:47.778+0000] {logging_mixin.py:151} INFO - [2023-11-02T08:51:47.778+0000] {dag.py:3722} INFO - Setting next_dagrun for example_sla_dag to 2023-11-02T08:48:00+00:00, run_after=2023-11-02T08:50:00+00:00
[2023-11-02T08:51:47.791+0000] {processor.py:179} INFO - Processing /home/airflow/.local/lib/python3.11/site-packages/airflow/example_dags/example_sla_dag.py took 0.068 seconds
[2023-11-02T08:52:17.903+0000] {processor.py:157} INFO - Started process (PID=893) to work on /home/airflow/.local/lib/python3.11/site-packages/airflow/example_dags/example_sla_dag.py
[2023-11-02T08:52:17.908+0000] {processor.py:829} INFO - Processing file /home/airflow/.local/lib/python3.11/site-packages/airflow/example_dags/example_sla_dag.py for tasks to queue
[2023-11-02T08:52:17.909+0000] {logging_mixin.py:151} INFO - [2023-11-02T08:52:17.909+0000] {dagbag.py:536} INFO - Filling up the DagBag from /home/airflow/.local/lib/python3.11/site-packages/airflow/example_dags/example_sla_dag.py
[2023-11-02T08:52:17.919+0000] {processor.py:839} INFO - DAG(s) dict_keys(['example_sla_dag']) retrieved from /home/airflow/.local/lib/python3.11/site-packages/airflow/example_dags/example_sla_dag.py
[2023-11-02T08:52:17.935+0000] {logging_mixin.py:151} INFO - [2023-11-02T08:52:17.935+0000] {dag.py:2941} INFO - Sync 1 DAGs
[2023-11-02T08:52:17.954+0000] {logging_mixin.py:151} INFO - [2023-11-02T08:52:17.953+0000] {dag.py:3722} INFO - Setting next_dagrun for example_sla_dag to 2023-11-02T08:50:00+00:00, run_after=2023-11-02T08:52:00+00:00
[2023-11-02T08:52:17.968+0000] {processor.py:179} INFO - Processing /home/airflow/.local/lib/python3.11/site-packages/airflow/example_dags/example_sla_dag.py took 0.067 seconds
[2023-11-02T08:52:48.207+0000] {processor.py:157} INFO - Started process (PID=948) to work on /home/airflow/.local/lib/python3.11/site-packages/airflow/example_dags/example_sla_dag.py
[2023-11-02T08:52:48.210+0000] {processor.py:829} INFO - Processing file /home/airflow/.local/lib/python3.11/site-packages/airflow/example_dags/example_sla_dag.py for tasks to queue
[2023-11-02T08:52:48.214+0000] {logging_mixin.py:151} INFO - [2023-11-02T08:52:48.214+0000] {dagbag.py:536} INFO - Filling up the DagBag from /home/airflow/.local/lib/python3.11/site-packages/airflow/example_dags/example_sla_dag.py
[2023-11-02T08:52:48.227+0000] {processor.py:839} INFO - DAG(s) dict_keys(['example_sla_dag']) retrieved from /home/airflow/.local/lib/python3.11/site-packages/airflow/example_dags/example_sla_dag.py
[2023-11-02T08:52:48.246+0000] {logging_mixin.py:151} INFO - [2023-11-02T08:52:48.246+0000] {dag.py:2941} INFO - Sync 1 DAGs
[2023-11-02T08:52:48.277+0000] {logging_mixin.py:151} INFO - [2023-11-02T08:52:48.276+0000] {dag.py:3722} INFO - Setting next_dagrun for example_sla_dag to 2023-11-02T08:50:00+00:00, run_after=2023-11-02T08:52:00+00:00
[2023-11-02T08:52:48.299+0000] {processor.py:179} INFO - Processing /home/airflow/.local/lib/python3.11/site-packages/airflow/example_dags/example_sla_dag.py took 0.095 seconds
[2023-11-02T08:53:18.396+0000] {processor.py:157} INFO - Started process (PID=1003) to work on /home/airflow/.local/lib/python3.11/site-packages/airflow/example_dags/example_sla_dag.py
[2023-11-02T08:53:18.399+0000] {processor.py:829} INFO - Processing file /home/airflow/.local/lib/python3.11/site-packages/airflow/example_dags/example_sla_dag.py for tasks to queue
[2023-11-02T08:53:18.401+0000] {logging_mixin.py:151} INFO - [2023-11-02T08:53:18.401+0000] {dagbag.py:536} INFO - Filling up the DagBag from /home/airflow/.local/lib/python3.11/site-packages/airflow/example_dags/example_sla_dag.py
[2023-11-02T08:53:18.409+0000] {processor.py:839} INFO - DAG(s) dict_keys(['example_sla_dag']) retrieved from /home/airflow/.local/lib/python3.11/site-packages/airflow/example_dags/example_sla_dag.py
[2023-11-02T08:53:18.422+0000] {logging_mixin.py:151} INFO - [2023-11-02T08:53:18.422+0000] {dag.py:2941} INFO - Sync 1 DAGs
[2023-11-02T08:53:18.440+0000] {logging_mixin.py:151} INFO - [2023-11-02T08:53:18.440+0000] {dag.py:3722} INFO - Setting next_dagrun for example_sla_dag to 2023-11-02T08:50:00+00:00, run_after=2023-11-02T08:52:00+00:00
[2023-11-02T08:53:18.451+0000] {processor.py:179} INFO - Processing /home/airflow/.local/lib/python3.11/site-packages/airflow/example_dags/example_sla_dag.py took 0.057 seconds
[2023-11-02T08:53:48.679+0000] {processor.py:157} INFO - Started process (PID=1058) to work on /home/airflow/.local/lib/python3.11/site-packages/airflow/example_dags/example_sla_dag.py
[2023-11-02T08:53:48.680+0000] {processor.py:829} INFO - Processing file /home/airflow/.local/lib/python3.11/site-packages/airflow/example_dags/example_sla_dag.py for tasks to queue
[2023-11-02T08:53:48.684+0000] {logging_mixin.py:151} INFO - [2023-11-02T08:53:48.684+0000] {dagbag.py:536} INFO - Filling up the DagBag from /home/airflow/.local/lib/python3.11/site-packages/airflow/example_dags/example_sla_dag.py
[2023-11-02T08:53:48.691+0000] {processor.py:839} INFO - DAG(s) dict_keys(['example_sla_dag']) retrieved from /home/airflow/.local/lib/python3.11/site-packages/airflow/example_dags/example_sla_dag.py
[2023-11-02T08:53:48.704+0000] {logging_mixin.py:151} INFO - [2023-11-02T08:53:48.704+0000] {dag.py:2941} INFO - Sync 1 DAGs
[2023-11-02T08:53:48.720+0000] {logging_mixin.py:151} INFO - [2023-11-02T08:53:48.720+0000] {dag.py:3722} INFO - Setting next_dagrun for example_sla_dag to 2023-11-02T08:50:00+00:00, run_after=2023-11-02T08:52:00+00:00
[2023-11-02T08:53:48.732+0000] {processor.py:179} INFO - Processing /home/airflow/.local/lib/python3.11/site-packages/airflow/example_dags/example_sla_dag.py took 0.055 seconds
[2023-11-02T08:54:19.294+0000] {processor.py:157} INFO - Started process (PID=1113) to work on /home/airflow/.local/lib/python3.11/site-packages/airflow/example_dags/example_sla_dag.py
[2023-11-02T08:54:19.295+0000] {processor.py:829} INFO - Processing file /home/airflow/.local/lib/python3.11/site-packages/airflow/example_dags/example_sla_dag.py for tasks to queue
[2023-11-02T08:54:19.297+0000] {logging_mixin.py:151} INFO - [2023-11-02T08:54:19.296+0000] {dagbag.py:536} INFO - Filling up the DagBag from /home/airflow/.local/lib/python3.11/site-packages/airflow/example_dags/example_sla_dag.py
[2023-11-02T08:54:19.303+0000] {processor.py:839} INFO - DAG(s) dict_keys(['example_sla_dag']) retrieved from /home/airflow/.local/lib/python3.11/site-packages/airflow/example_dags/example_sla_dag.py
[2023-11-02T08:54:19.316+0000] {logging_mixin.py:151} INFO - [2023-11-02T08:54:19.316+0000] {dag.py:2941} INFO - Sync 1 DAGs
[2023-11-02T08:54:19.332+0000] {logging_mixin.py:151} INFO - [2023-11-02T08:54:19.332+0000] {dag.py:3722} INFO - Setting next_dagrun for example_sla_dag to 2023-11-02T08:52:00+00:00, run_after=2023-11-02T08:54:00+00:00
[2023-11-02T08:54:19.343+0000] {processor.py:179} INFO - Processing /home/airflow/.local/lib/python3.11/site-packages/airflow/example_dags/example_sla_dag.py took 0.051 seconds
[2023-11-02T08:54:49.918+0000] {processor.py:157} INFO - Started process (PID=1168) to work on /home/airflow/.local/lib/python3.11/site-packages/airflow/example_dags/example_sla_dag.py
[2023-11-02T08:54:49.921+0000] {processor.py:829} INFO - Processing file /home/airflow/.local/lib/python3.11/site-packages/airflow/example_dags/example_sla_dag.py for tasks to queue
[2023-11-02T08:54:49.931+0000] {logging_mixin.py:151} INFO - [2023-11-02T08:54:49.930+0000] {dagbag.py:536} INFO - Filling up the DagBag from /home/airflow/.local/lib/python3.11/site-packages/airflow/example_dags/example_sla_dag.py
[2023-11-02T08:54:49.969+0000] {processor.py:839} INFO - DAG(s) dict_keys(['example_sla_dag']) retrieved from /home/airflow/.local/lib/python3.11/site-packages/airflow/example_dags/example_sla_dag.py
[2023-11-02T08:54:50.031+0000] {logging_mixin.py:151} INFO - [2023-11-02T08:54:50.031+0000] {dag.py:2941} INFO - Sync 1 DAGs
[2023-11-02T08:54:50.107+0000] {logging_mixin.py:151} INFO - [2023-11-02T08:54:50.106+0000] {dag.py:3722} INFO - Setting next_dagrun for example_sla_dag to 2023-11-02T08:52:00+00:00, run_after=2023-11-02T08:54:00+00:00
[2023-11-02T08:54:50.153+0000] {processor.py:179} INFO - Processing /home/airflow/.local/lib/python3.11/site-packages/airflow/example_dags/example_sla_dag.py took 0.244 seconds
