[2023-11-02T08:44:42.825+0000] {processor.py:157} INFO - Started process (PID=64) to work on /home/airflow/.local/lib/python3.11/site-packages/airflow/example_dags/example_task_group_decorator.py
[2023-11-02T08:44:42.826+0000] {processor.py:829} INFO - Processing file /home/airflow/.local/lib/python3.11/site-packages/airflow/example_dags/example_task_group_decorator.py for tasks to queue
[2023-11-02T08:44:42.831+0000] {logging_mixin.py:151} INFO - [2023-11-02T08:44:42.831+0000] {dagbag.py:536} INFO - Filling up the DagBag from /home/airflow/.local/lib/python3.11/site-packages/airflow/example_dags/example_task_group_decorator.py
[2023-11-02T08:44:42.852+0000] {processor.py:839} INFO - DAG(s) dict_keys(['example_task_group_decorator']) retrieved from /home/airflow/.local/lib/python3.11/site-packages/airflow/example_dags/example_task_group_decorator.py
[2023-11-02T08:44:42.940+0000] {logging_mixin.py:151} INFO - [2023-11-02T08:44:42.940+0000] {manager.py:499} INFO - Created Permission View: %s
[2023-11-02T08:44:42.951+0000] {logging_mixin.py:151} INFO - [2023-11-02T08:44:42.951+0000] {manager.py:499} INFO - Created Permission View: %s
[2023-11-02T08:44:42.957+0000] {logging_mixin.py:151} INFO - [2023-11-02T08:44:42.957+0000] {manager.py:499} INFO - Created Permission View: %s
[2023-11-02T08:44:42.957+0000] {logging_mixin.py:151} INFO - [2023-11-02T08:44:42.957+0000] {dag.py:2941} INFO - Sync 1 DAGs
[2023-11-02T08:44:42.977+0000] {logging_mixin.py:151} INFO - [2023-11-02T08:44:42.977+0000] {dag.py:2963} INFO - Creating ORM DAG for example_task_group_decorator
[2023-11-02T08:44:42.994+0000] {logging_mixin.py:151} INFO - [2023-11-02T08:44:42.993+0000] {dag.py:3722} INFO - Setting next_dagrun for example_task_group_decorator to 2023-11-01T08:44:42.993617+00:00, run_after=2023-11-02T08:44:42.993617+00:00
[2023-11-02T08:44:43.011+0000] {processor.py:179} INFO - Processing /home/airflow/.local/lib/python3.11/site-packages/airflow/example_dags/example_task_group_decorator.py took 0.191 seconds
[2023-11-02T08:45:13.810+0000] {processor.py:157} INFO - Started process (PID=126) to work on /home/airflow/.local/lib/python3.11/site-packages/airflow/example_dags/example_task_group_decorator.py
[2023-11-02T08:45:13.811+0000] {processor.py:829} INFO - Processing file /home/airflow/.local/lib/python3.11/site-packages/airflow/example_dags/example_task_group_decorator.py for tasks to queue
[2023-11-02T08:45:13.815+0000] {logging_mixin.py:151} INFO - [2023-11-02T08:45:13.815+0000] {dagbag.py:536} INFO - Filling up the DagBag from /home/airflow/.local/lib/python3.11/site-packages/airflow/example_dags/example_task_group_decorator.py
[2023-11-02T08:45:13.834+0000] {processor.py:839} INFO - DAG(s) dict_keys(['example_task_group_decorator']) retrieved from /home/airflow/.local/lib/python3.11/site-packages/airflow/example_dags/example_task_group_decorator.py
[2023-11-02T08:45:13.861+0000] {logging_mixin.py:151} INFO - [2023-11-02T08:45:13.861+0000] {dag.py:2941} INFO - Sync 1 DAGs
[2023-11-02T08:45:13.880+0000] {logging_mixin.py:151} INFO - [2023-11-02T08:45:13.880+0000] {dag.py:3722} INFO - Setting next_dagrun for example_task_group_decorator to 2023-11-01T08:45:13.880466+00:00, run_after=2023-11-02T08:45:13.880466+00:00
[2023-11-02T08:45:13.893+0000] {processor.py:179} INFO - Processing /home/airflow/.local/lib/python3.11/site-packages/airflow/example_dags/example_task_group_decorator.py took 0.086 seconds
[2023-11-02T08:45:44.749+0000] {processor.py:157} INFO - Started process (PID=181) to work on /home/airflow/.local/lib/python3.11/site-packages/airflow/example_dags/example_task_group_decorator.py
[2023-11-02T08:45:44.753+0000] {processor.py:829} INFO - Processing file /home/airflow/.local/lib/python3.11/site-packages/airflow/example_dags/example_task_group_decorator.py for tasks to queue
[2023-11-02T08:45:44.757+0000] {logging_mixin.py:151} INFO - [2023-11-02T08:45:44.756+0000] {dagbag.py:536} INFO - Filling up the DagBag from /home/airflow/.local/lib/python3.11/site-packages/airflow/example_dags/example_task_group_decorator.py
[2023-11-02T08:45:44.774+0000] {processor.py:839} INFO - DAG(s) dict_keys(['example_task_group_decorator']) retrieved from /home/airflow/.local/lib/python3.11/site-packages/airflow/example_dags/example_task_group_decorator.py
[2023-11-02T08:45:44.796+0000] {logging_mixin.py:151} INFO - [2023-11-02T08:45:44.796+0000] {dag.py:2941} INFO - Sync 1 DAGs
[2023-11-02T08:45:44.825+0000] {logging_mixin.py:151} INFO - [2023-11-02T08:45:44.825+0000] {dag.py:3722} INFO - Setting next_dagrun for example_task_group_decorator to 2023-11-01T08:45:44.825059+00:00, run_after=2023-11-02T08:45:44.825059+00:00
[2023-11-02T08:45:44.842+0000] {processor.py:179} INFO - Processing /home/airflow/.local/lib/python3.11/site-packages/airflow/example_dags/example_task_group_decorator.py took 0.095 seconds
[2023-11-02T08:46:15.284+0000] {processor.py:157} INFO - Started process (PID=236) to work on /home/airflow/.local/lib/python3.11/site-packages/airflow/example_dags/example_task_group_decorator.py
[2023-11-02T08:46:15.285+0000] {processor.py:829} INFO - Processing file /home/airflow/.local/lib/python3.11/site-packages/airflow/example_dags/example_task_group_decorator.py for tasks to queue
[2023-11-02T08:46:15.289+0000] {logging_mixin.py:151} INFO - [2023-11-02T08:46:15.288+0000] {dagbag.py:536} INFO - Filling up the DagBag from /home/airflow/.local/lib/python3.11/site-packages/airflow/example_dags/example_task_group_decorator.py
[2023-11-02T08:46:15.301+0000] {processor.py:839} INFO - DAG(s) dict_keys(['example_task_group_decorator']) retrieved from /home/airflow/.local/lib/python3.11/site-packages/airflow/example_dags/example_task_group_decorator.py
[2023-11-02T08:46:15.318+0000] {logging_mixin.py:151} INFO - [2023-11-02T08:46:15.318+0000] {dag.py:2941} INFO - Sync 1 DAGs
[2023-11-02T08:46:15.333+0000] {logging_mixin.py:151} INFO - [2023-11-02T08:46:15.333+0000] {dag.py:3722} INFO - Setting next_dagrun for example_task_group_decorator to 2023-11-01T08:46:15.333324+00:00, run_after=2023-11-02T08:46:15.333324+00:00
[2023-11-02T08:46:15.344+0000] {processor.py:179} INFO - Processing /home/airflow/.local/lib/python3.11/site-packages/airflow/example_dags/example_task_group_decorator.py took 0.062 seconds
[2023-11-02T08:46:45.719+0000] {processor.py:157} INFO - Started process (PID=291) to work on /home/airflow/.local/lib/python3.11/site-packages/airflow/example_dags/example_task_group_decorator.py
[2023-11-02T08:46:45.722+0000] {processor.py:829} INFO - Processing file /home/airflow/.local/lib/python3.11/site-packages/airflow/example_dags/example_task_group_decorator.py for tasks to queue
[2023-11-02T08:46:45.724+0000] {logging_mixin.py:151} INFO - [2023-11-02T08:46:45.724+0000] {dagbag.py:536} INFO - Filling up the DagBag from /home/airflow/.local/lib/python3.11/site-packages/airflow/example_dags/example_task_group_decorator.py
[2023-11-02T08:46:45.735+0000] {processor.py:839} INFO - DAG(s) dict_keys(['example_task_group_decorator']) retrieved from /home/airflow/.local/lib/python3.11/site-packages/airflow/example_dags/example_task_group_decorator.py
[2023-11-02T08:46:45.751+0000] {logging_mixin.py:151} INFO - [2023-11-02T08:46:45.751+0000] {dag.py:2941} INFO - Sync 1 DAGs
[2023-11-02T08:46:45.766+0000] {logging_mixin.py:151} INFO - [2023-11-02T08:46:45.765+0000] {dag.py:3722} INFO - Setting next_dagrun for example_task_group_decorator to 2023-11-01T08:46:45.765622+00:00, run_after=2023-11-02T08:46:45.765622+00:00
[2023-11-02T08:46:45.778+0000] {processor.py:179} INFO - Processing /home/airflow/.local/lib/python3.11/site-packages/airflow/example_dags/example_task_group_decorator.py took 0.062 seconds
[2023-11-02T08:47:15.970+0000] {processor.py:157} INFO - Started process (PID=346) to work on /home/airflow/.local/lib/python3.11/site-packages/airflow/example_dags/example_task_group_decorator.py
[2023-11-02T08:47:15.977+0000] {processor.py:829} INFO - Processing file /home/airflow/.local/lib/python3.11/site-packages/airflow/example_dags/example_task_group_decorator.py for tasks to queue
[2023-11-02T08:47:15.978+0000] {logging_mixin.py:151} INFO - [2023-11-02T08:47:15.978+0000] {dagbag.py:536} INFO - Filling up the DagBag from /home/airflow/.local/lib/python3.11/site-packages/airflow/example_dags/example_task_group_decorator.py
[2023-11-02T08:47:15.991+0000] {processor.py:839} INFO - DAG(s) dict_keys(['example_task_group_decorator']) retrieved from /home/airflow/.local/lib/python3.11/site-packages/airflow/example_dags/example_task_group_decorator.py
[2023-11-02T08:47:16.008+0000] {logging_mixin.py:151} INFO - [2023-11-02T08:47:16.008+0000] {dag.py:2941} INFO - Sync 1 DAGs
[2023-11-02T08:47:16.022+0000] {logging_mixin.py:151} INFO - [2023-11-02T08:47:16.022+0000] {dag.py:3722} INFO - Setting next_dagrun for example_task_group_decorator to 2023-11-01T08:47:16.022263+00:00, run_after=2023-11-02T08:47:16.022263+00:00
[2023-11-02T08:47:16.036+0000] {processor.py:179} INFO - Processing /home/airflow/.local/lib/python3.11/site-packages/airflow/example_dags/example_task_group_decorator.py took 0.068 seconds
[2023-11-02T08:47:46.113+0000] {processor.py:157} INFO - Started process (PID=401) to work on /home/airflow/.local/lib/python3.11/site-packages/airflow/example_dags/example_task_group_decorator.py
[2023-11-02T08:47:46.116+0000] {processor.py:829} INFO - Processing file /home/airflow/.local/lib/python3.11/site-packages/airflow/example_dags/example_task_group_decorator.py for tasks to queue
[2023-11-02T08:47:46.120+0000] {logging_mixin.py:151} INFO - [2023-11-02T08:47:46.119+0000] {dagbag.py:536} INFO - Filling up the DagBag from /home/airflow/.local/lib/python3.11/site-packages/airflow/example_dags/example_task_group_decorator.py
[2023-11-02T08:47:46.139+0000] {processor.py:839} INFO - DAG(s) dict_keys(['example_task_group_decorator']) retrieved from /home/airflow/.local/lib/python3.11/site-packages/airflow/example_dags/example_task_group_decorator.py
[2023-11-02T08:47:46.159+0000] {logging_mixin.py:151} INFO - [2023-11-02T08:47:46.159+0000] {dag.py:2941} INFO - Sync 1 DAGs
[2023-11-02T08:47:46.176+0000] {logging_mixin.py:151} INFO - [2023-11-02T08:47:46.176+0000] {dag.py:3722} INFO - Setting next_dagrun for example_task_group_decorator to 2023-11-01T08:47:46.175850+00:00, run_after=2023-11-02T08:47:46.175850+00:00
[2023-11-02T08:47:46.188+0000] {processor.py:179} INFO - Processing /home/airflow/.local/lib/python3.11/site-packages/airflow/example_dags/example_task_group_decorator.py took 0.078 seconds
[2023-11-02T08:48:16.400+0000] {processor.py:157} INFO - Started process (PID=456) to work on /home/airflow/.local/lib/python3.11/site-packages/airflow/example_dags/example_task_group_decorator.py
[2023-11-02T08:48:16.404+0000] {processor.py:829} INFO - Processing file /home/airflow/.local/lib/python3.11/site-packages/airflow/example_dags/example_task_group_decorator.py for tasks to queue
[2023-11-02T08:48:16.406+0000] {logging_mixin.py:151} INFO - [2023-11-02T08:48:16.406+0000] {dagbag.py:536} INFO - Filling up the DagBag from /home/airflow/.local/lib/python3.11/site-packages/airflow/example_dags/example_task_group_decorator.py
[2023-11-02T08:48:16.417+0000] {processor.py:839} INFO - DAG(s) dict_keys(['example_task_group_decorator']) retrieved from /home/airflow/.local/lib/python3.11/site-packages/airflow/example_dags/example_task_group_decorator.py
[2023-11-02T08:48:16.435+0000] {logging_mixin.py:151} INFO - [2023-11-02T08:48:16.434+0000] {dag.py:2941} INFO - Sync 1 DAGs
[2023-11-02T08:48:16.449+0000] {logging_mixin.py:151} INFO - [2023-11-02T08:48:16.449+0000] {dag.py:3722} INFO - Setting next_dagrun for example_task_group_decorator to 2023-11-01T08:48:16.449420+00:00, run_after=2023-11-02T08:48:16.449420+00:00
[2023-11-02T08:48:16.464+0000] {processor.py:179} INFO - Processing /home/airflow/.local/lib/python3.11/site-packages/airflow/example_dags/example_task_group_decorator.py took 0.067 seconds
[2023-11-02T08:48:46.600+0000] {processor.py:157} INFO - Started process (PID=511) to work on /home/airflow/.local/lib/python3.11/site-packages/airflow/example_dags/example_task_group_decorator.py
[2023-11-02T08:48:46.600+0000] {processor.py:829} INFO - Processing file /home/airflow/.local/lib/python3.11/site-packages/airflow/example_dags/example_task_group_decorator.py for tasks to queue
[2023-11-02T08:48:46.608+0000] {logging_mixin.py:151} INFO - [2023-11-02T08:48:46.608+0000] {dagbag.py:536} INFO - Filling up the DagBag from /home/airflow/.local/lib/python3.11/site-packages/airflow/example_dags/example_task_group_decorator.py
[2023-11-02T08:48:46.619+0000] {processor.py:839} INFO - DAG(s) dict_keys(['example_task_group_decorator']) retrieved from /home/airflow/.local/lib/python3.11/site-packages/airflow/example_dags/example_task_group_decorator.py
[2023-11-02T08:48:46.636+0000] {logging_mixin.py:151} INFO - [2023-11-02T08:48:46.635+0000] {dag.py:2941} INFO - Sync 1 DAGs
[2023-11-02T08:48:46.651+0000] {logging_mixin.py:151} INFO - [2023-11-02T08:48:46.651+0000] {dag.py:3722} INFO - Setting next_dagrun for example_task_group_decorator to 2023-11-01T08:48:46.650791+00:00, run_after=2023-11-02T08:48:46.650791+00:00
[2023-11-02T08:48:46.663+0000] {processor.py:179} INFO - Processing /home/airflow/.local/lib/python3.11/site-packages/airflow/example_dags/example_task_group_decorator.py took 0.066 seconds
[2023-11-02T08:49:16.766+0000] {processor.py:157} INFO - Started process (PID=566) to work on /home/airflow/.local/lib/python3.11/site-packages/airflow/example_dags/example_task_group_decorator.py
[2023-11-02T08:49:16.766+0000] {processor.py:829} INFO - Processing file /home/airflow/.local/lib/python3.11/site-packages/airflow/example_dags/example_task_group_decorator.py for tasks to queue
[2023-11-02T08:49:16.769+0000] {logging_mixin.py:151} INFO - [2023-11-02T08:49:16.768+0000] {dagbag.py:536} INFO - Filling up the DagBag from /home/airflow/.local/lib/python3.11/site-packages/airflow/example_dags/example_task_group_decorator.py
[2023-11-02T08:49:16.778+0000] {processor.py:839} INFO - DAG(s) dict_keys(['example_task_group_decorator']) retrieved from /home/airflow/.local/lib/python3.11/site-packages/airflow/example_dags/example_task_group_decorator.py
[2023-11-02T08:49:16.794+0000] {logging_mixin.py:151} INFO - [2023-11-02T08:49:16.794+0000] {dag.py:2941} INFO - Sync 1 DAGs
[2023-11-02T08:49:16.809+0000] {logging_mixin.py:151} INFO - [2023-11-02T08:49:16.809+0000] {dag.py:3722} INFO - Setting next_dagrun for example_task_group_decorator to 2023-11-01T08:49:16.809310+00:00, run_after=2023-11-02T08:49:16.809310+00:00
[2023-11-02T08:49:16.823+0000] {processor.py:179} INFO - Processing /home/airflow/.local/lib/python3.11/site-packages/airflow/example_dags/example_task_group_decorator.py took 0.060 seconds
[2023-11-02T08:49:47.051+0000] {processor.py:157} INFO - Started process (PID=621) to work on /home/airflow/.local/lib/python3.11/site-packages/airflow/example_dags/example_task_group_decorator.py
[2023-11-02T08:49:47.052+0000] {processor.py:829} INFO - Processing file /home/airflow/.local/lib/python3.11/site-packages/airflow/example_dags/example_task_group_decorator.py for tasks to queue
[2023-11-02T08:49:47.053+0000] {logging_mixin.py:151} INFO - [2023-11-02T08:49:47.053+0000] {dagbag.py:536} INFO - Filling up the DagBag from /home/airflow/.local/lib/python3.11/site-packages/airflow/example_dags/example_task_group_decorator.py
[2023-11-02T08:49:47.063+0000] {processor.py:839} INFO - DAG(s) dict_keys(['example_task_group_decorator']) retrieved from /home/airflow/.local/lib/python3.11/site-packages/airflow/example_dags/example_task_group_decorator.py
[2023-11-02T08:49:47.080+0000] {logging_mixin.py:151} INFO - [2023-11-02T08:49:47.080+0000] {dag.py:2941} INFO - Sync 1 DAGs
[2023-11-02T08:49:47.095+0000] {logging_mixin.py:151} INFO - [2023-11-02T08:49:47.095+0000] {dag.py:3722} INFO - Setting next_dagrun for example_task_group_decorator to 2023-11-01T08:49:47.095545+00:00, run_after=2023-11-02T08:49:47.095545+00:00
[2023-11-02T08:49:47.108+0000] {processor.py:179} INFO - Processing /home/airflow/.local/lib/python3.11/site-packages/airflow/example_dags/example_task_group_decorator.py took 0.060 seconds
[2023-11-02T08:50:17.260+0000] {processor.py:157} INFO - Started process (PID=676) to work on /home/airflow/.local/lib/python3.11/site-packages/airflow/example_dags/example_task_group_decorator.py
[2023-11-02T08:50:17.261+0000] {processor.py:829} INFO - Processing file /home/airflow/.local/lib/python3.11/site-packages/airflow/example_dags/example_task_group_decorator.py for tasks to queue
[2023-11-02T08:50:17.263+0000] {logging_mixin.py:151} INFO - [2023-11-02T08:50:17.263+0000] {dagbag.py:536} INFO - Filling up the DagBag from /home/airflow/.local/lib/python3.11/site-packages/airflow/example_dags/example_task_group_decorator.py
[2023-11-02T08:50:17.272+0000] {processor.py:839} INFO - DAG(s) dict_keys(['example_task_group_decorator']) retrieved from /home/airflow/.local/lib/python3.11/site-packages/airflow/example_dags/example_task_group_decorator.py
[2023-11-02T08:50:17.288+0000] {logging_mixin.py:151} INFO - [2023-11-02T08:50:17.287+0000] {dag.py:2941} INFO - Sync 1 DAGs
[2023-11-02T08:50:17.301+0000] {logging_mixin.py:151} INFO - [2023-11-02T08:50:17.301+0000] {dag.py:3722} INFO - Setting next_dagrun for example_task_group_decorator to 2023-11-01T08:50:17.301285+00:00, run_after=2023-11-02T08:50:17.301285+00:00
[2023-11-02T08:50:17.312+0000] {processor.py:179} INFO - Processing /home/airflow/.local/lib/python3.11/site-packages/airflow/example_dags/example_task_group_decorator.py took 0.054 seconds
[2023-11-02T08:50:47.429+0000] {processor.py:157} INFO - Started process (PID=731) to work on /home/airflow/.local/lib/python3.11/site-packages/airflow/example_dags/example_task_group_decorator.py
[2023-11-02T08:50:47.429+0000] {processor.py:829} INFO - Processing file /home/airflow/.local/lib/python3.11/site-packages/airflow/example_dags/example_task_group_decorator.py for tasks to queue
[2023-11-02T08:50:47.431+0000] {logging_mixin.py:151} INFO - [2023-11-02T08:50:47.431+0000] {dagbag.py:536} INFO - Filling up the DagBag from /home/airflow/.local/lib/python3.11/site-packages/airflow/example_dags/example_task_group_decorator.py
[2023-11-02T08:50:47.441+0000] {processor.py:839} INFO - DAG(s) dict_keys(['example_task_group_decorator']) retrieved from /home/airflow/.local/lib/python3.11/site-packages/airflow/example_dags/example_task_group_decorator.py
[2023-11-02T08:50:47.456+0000] {logging_mixin.py:151} INFO - [2023-11-02T08:50:47.456+0000] {dag.py:2941} INFO - Sync 1 DAGs
[2023-11-02T08:50:47.469+0000] {logging_mixin.py:151} INFO - [2023-11-02T08:50:47.469+0000] {dag.py:3722} INFO - Setting next_dagrun for example_task_group_decorator to 2023-11-01T08:50:47.469634+00:00, run_after=2023-11-02T08:50:47.469634+00:00
[2023-11-02T08:50:47.479+0000] {processor.py:179} INFO - Processing /home/airflow/.local/lib/python3.11/site-packages/airflow/example_dags/example_task_group_decorator.py took 0.053 seconds
[2023-11-02T08:51:17.635+0000] {processor.py:157} INFO - Started process (PID=786) to work on /home/airflow/.local/lib/python3.11/site-packages/airflow/example_dags/example_task_group_decorator.py
[2023-11-02T08:51:17.636+0000] {processor.py:829} INFO - Processing file /home/airflow/.local/lib/python3.11/site-packages/airflow/example_dags/example_task_group_decorator.py for tasks to queue
[2023-11-02T08:51:17.638+0000] {logging_mixin.py:151} INFO - [2023-11-02T08:51:17.637+0000] {dagbag.py:536} INFO - Filling up the DagBag from /home/airflow/.local/lib/python3.11/site-packages/airflow/example_dags/example_task_group_decorator.py
[2023-11-02T08:51:17.647+0000] {processor.py:839} INFO - DAG(s) dict_keys(['example_task_group_decorator']) retrieved from /home/airflow/.local/lib/python3.11/site-packages/airflow/example_dags/example_task_group_decorator.py
[2023-11-02T08:51:17.663+0000] {logging_mixin.py:151} INFO - [2023-11-02T08:51:17.663+0000] {dag.py:2941} INFO - Sync 1 DAGs
[2023-11-02T08:51:17.677+0000] {logging_mixin.py:151} INFO - [2023-11-02T08:51:17.677+0000] {dag.py:3722} INFO - Setting next_dagrun for example_task_group_decorator to 2023-11-01T08:51:17.677180+00:00, run_after=2023-11-02T08:51:17.677180+00:00
[2023-11-02T08:51:17.687+0000] {processor.py:179} INFO - Processing /home/airflow/.local/lib/python3.11/site-packages/airflow/example_dags/example_task_group_decorator.py took 0.054 seconds
[2023-11-02T08:51:47.825+0000] {processor.py:157} INFO - Started process (PID=841) to work on /home/airflow/.local/lib/python3.11/site-packages/airflow/example_dags/example_task_group_decorator.py
[2023-11-02T08:51:47.826+0000] {processor.py:829} INFO - Processing file /home/airflow/.local/lib/python3.11/site-packages/airflow/example_dags/example_task_group_decorator.py for tasks to queue
[2023-11-02T08:51:47.829+0000] {logging_mixin.py:151} INFO - [2023-11-02T08:51:47.828+0000] {dagbag.py:536} INFO - Filling up the DagBag from /home/airflow/.local/lib/python3.11/site-packages/airflow/example_dags/example_task_group_decorator.py
[2023-11-02T08:51:47.839+0000] {processor.py:839} INFO - DAG(s) dict_keys(['example_task_group_decorator']) retrieved from /home/airflow/.local/lib/python3.11/site-packages/airflow/example_dags/example_task_group_decorator.py
[2023-11-02T08:51:47.855+0000] {logging_mixin.py:151} INFO - [2023-11-02T08:51:47.855+0000] {dag.py:2941} INFO - Sync 1 DAGs
[2023-11-02T08:51:47.872+0000] {logging_mixin.py:151} INFO - [2023-11-02T08:51:47.872+0000] {dag.py:3722} INFO - Setting next_dagrun for example_task_group_decorator to 2023-11-01T08:51:47.871846+00:00, run_after=2023-11-02T08:51:47.871846+00:00
[2023-11-02T08:51:47.886+0000] {processor.py:179} INFO - Processing /home/airflow/.local/lib/python3.11/site-packages/airflow/example_dags/example_task_group_decorator.py took 0.063 seconds
[2023-11-02T08:52:18.055+0000] {processor.py:157} INFO - Started process (PID=896) to work on /home/airflow/.local/lib/python3.11/site-packages/airflow/example_dags/example_task_group_decorator.py
[2023-11-02T08:52:18.056+0000] {processor.py:829} INFO - Processing file /home/airflow/.local/lib/python3.11/site-packages/airflow/example_dags/example_task_group_decorator.py for tasks to queue
[2023-11-02T08:52:18.058+0000] {logging_mixin.py:151} INFO - [2023-11-02T08:52:18.058+0000] {dagbag.py:536} INFO - Filling up the DagBag from /home/airflow/.local/lib/python3.11/site-packages/airflow/example_dags/example_task_group_decorator.py
[2023-11-02T08:52:18.067+0000] {processor.py:839} INFO - DAG(s) dict_keys(['example_task_group_decorator']) retrieved from /home/airflow/.local/lib/python3.11/site-packages/airflow/example_dags/example_task_group_decorator.py
[2023-11-02T08:52:18.083+0000] {logging_mixin.py:151} INFO - [2023-11-02T08:52:18.083+0000] {dag.py:2941} INFO - Sync 1 DAGs
[2023-11-02T08:52:18.096+0000] {logging_mixin.py:151} INFO - [2023-11-02T08:52:18.096+0000] {dag.py:3722} INFO - Setting next_dagrun for example_task_group_decorator to 2023-11-01T08:52:18.096397+00:00, run_after=2023-11-02T08:52:18.096397+00:00
[2023-11-02T08:52:18.106+0000] {processor.py:179} INFO - Processing /home/airflow/.local/lib/python3.11/site-packages/airflow/example_dags/example_task_group_decorator.py took 0.054 seconds
[2023-11-02T08:52:48.420+0000] {processor.py:157} INFO - Started process (PID=951) to work on /home/airflow/.local/lib/python3.11/site-packages/airflow/example_dags/example_task_group_decorator.py
[2023-11-02T08:52:48.421+0000] {processor.py:829} INFO - Processing file /home/airflow/.local/lib/python3.11/site-packages/airflow/example_dags/example_task_group_decorator.py for tasks to queue
[2023-11-02T08:52:48.425+0000] {logging_mixin.py:151} INFO - [2023-11-02T08:52:48.424+0000] {dagbag.py:536} INFO - Filling up the DagBag from /home/airflow/.local/lib/python3.11/site-packages/airflow/example_dags/example_task_group_decorator.py
[2023-11-02T08:52:48.438+0000] {processor.py:839} INFO - DAG(s) dict_keys(['example_task_group_decorator']) retrieved from /home/airflow/.local/lib/python3.11/site-packages/airflow/example_dags/example_task_group_decorator.py
[2023-11-02T08:52:48.467+0000] {logging_mixin.py:151} INFO - [2023-11-02T08:52:48.467+0000] {dag.py:2941} INFO - Sync 1 DAGs
[2023-11-02T08:52:48.489+0000] {logging_mixin.py:151} INFO - [2023-11-02T08:52:48.489+0000] {dag.py:3722} INFO - Setting next_dagrun for example_task_group_decorator to 2023-11-01T08:52:48.488803+00:00, run_after=2023-11-02T08:52:48.488803+00:00
[2023-11-02T08:52:48.507+0000] {processor.py:179} INFO - Processing /home/airflow/.local/lib/python3.11/site-packages/airflow/example_dags/example_task_group_decorator.py took 0.091 seconds
[2023-11-02T08:53:18.536+0000] {processor.py:157} INFO - Started process (PID=1006) to work on /home/airflow/.local/lib/python3.11/site-packages/airflow/example_dags/example_task_group_decorator.py
[2023-11-02T08:53:18.536+0000] {processor.py:829} INFO - Processing file /home/airflow/.local/lib/python3.11/site-packages/airflow/example_dags/example_task_group_decorator.py for tasks to queue
[2023-11-02T08:53:18.538+0000] {logging_mixin.py:151} INFO - [2023-11-02T08:53:18.538+0000] {dagbag.py:536} INFO - Filling up the DagBag from /home/airflow/.local/lib/python3.11/site-packages/airflow/example_dags/example_task_group_decorator.py
[2023-11-02T08:53:18.548+0000] {processor.py:839} INFO - DAG(s) dict_keys(['example_task_group_decorator']) retrieved from /home/airflow/.local/lib/python3.11/site-packages/airflow/example_dags/example_task_group_decorator.py
[2023-11-02T08:53:18.564+0000] {logging_mixin.py:151} INFO - [2023-11-02T08:53:18.564+0000] {dag.py:2941} INFO - Sync 1 DAGs
[2023-11-02T08:53:18.579+0000] {logging_mixin.py:151} INFO - [2023-11-02T08:53:18.579+0000] {dag.py:3722} INFO - Setting next_dagrun for example_task_group_decorator to 2023-11-01T08:53:18.579072+00:00, run_after=2023-11-02T08:53:18.579072+00:00
[2023-11-02T08:53:18.589+0000] {processor.py:179} INFO - Processing /home/airflow/.local/lib/python3.11/site-packages/airflow/example_dags/example_task_group_decorator.py took 0.056 seconds
[2023-11-02T08:53:48.761+0000] {processor.py:157} INFO - Started process (PID=1061) to work on /home/airflow/.local/lib/python3.11/site-packages/airflow/example_dags/example_task_group_decorator.py
[2023-11-02T08:53:48.762+0000] {processor.py:829} INFO - Processing file /home/airflow/.local/lib/python3.11/site-packages/airflow/example_dags/example_task_group_decorator.py for tasks to queue
[2023-11-02T08:53:48.764+0000] {logging_mixin.py:151} INFO - [2023-11-02T08:53:48.763+0000] {dagbag.py:536} INFO - Filling up the DagBag from /home/airflow/.local/lib/python3.11/site-packages/airflow/example_dags/example_task_group_decorator.py
[2023-11-02T08:53:48.773+0000] {processor.py:839} INFO - DAG(s) dict_keys(['example_task_group_decorator']) retrieved from /home/airflow/.local/lib/python3.11/site-packages/airflow/example_dags/example_task_group_decorator.py
[2023-11-02T08:53:48.789+0000] {logging_mixin.py:151} INFO - [2023-11-02T08:53:48.789+0000] {dag.py:2941} INFO - Sync 1 DAGs
[2023-11-02T08:53:48.809+0000] {logging_mixin.py:151} INFO - [2023-11-02T08:53:48.809+0000] {dag.py:3722} INFO - Setting next_dagrun for example_task_group_decorator to 2023-11-01T08:53:48.809413+00:00, run_after=2023-11-02T08:53:48.809413+00:00
[2023-11-02T08:53:48.826+0000] {processor.py:179} INFO - Processing /home/airflow/.local/lib/python3.11/site-packages/airflow/example_dags/example_task_group_decorator.py took 0.067 seconds
[2023-11-02T08:54:19.381+0000] {processor.py:157} INFO - Started process (PID=1116) to work on /home/airflow/.local/lib/python3.11/site-packages/airflow/example_dags/example_task_group_decorator.py
[2023-11-02T08:54:19.382+0000] {processor.py:829} INFO - Processing file /home/airflow/.local/lib/python3.11/site-packages/airflow/example_dags/example_task_group_decorator.py for tasks to queue
[2023-11-02T08:54:19.384+0000] {logging_mixin.py:151} INFO - [2023-11-02T08:54:19.384+0000] {dagbag.py:536} INFO - Filling up the DagBag from /home/airflow/.local/lib/python3.11/site-packages/airflow/example_dags/example_task_group_decorator.py
[2023-11-02T08:54:19.394+0000] {processor.py:839} INFO - DAG(s) dict_keys(['example_task_group_decorator']) retrieved from /home/airflow/.local/lib/python3.11/site-packages/airflow/example_dags/example_task_group_decorator.py
[2023-11-02T08:54:19.410+0000] {logging_mixin.py:151} INFO - [2023-11-02T08:54:19.410+0000] {dag.py:2941} INFO - Sync 1 DAGs
[2023-11-02T08:54:19.425+0000] {logging_mixin.py:151} INFO - [2023-11-02T08:54:19.424+0000] {dag.py:3722} INFO - Setting next_dagrun for example_task_group_decorator to 2023-11-01T08:54:19.424806+00:00, run_after=2023-11-02T08:54:19.424806+00:00
[2023-11-02T08:54:19.435+0000] {processor.py:179} INFO - Processing /home/airflow/.local/lib/python3.11/site-packages/airflow/example_dags/example_task_group_decorator.py took 0.056 seconds
[2023-11-02T08:54:50.337+0000] {processor.py:157} INFO - Started process (PID=1171) to work on /home/airflow/.local/lib/python3.11/site-packages/airflow/example_dags/example_task_group_decorator.py
[2023-11-02T08:54:50.338+0000] {processor.py:829} INFO - Processing file /home/airflow/.local/lib/python3.11/site-packages/airflow/example_dags/example_task_group_decorator.py for tasks to queue
[2023-11-02T08:54:50.341+0000] {logging_mixin.py:151} INFO - [2023-11-02T08:54:50.341+0000] {dagbag.py:536} INFO - Filling up the DagBag from /home/airflow/.local/lib/python3.11/site-packages/airflow/example_dags/example_task_group_decorator.py
[2023-11-02T08:54:50.357+0000] {processor.py:839} INFO - DAG(s) dict_keys(['example_task_group_decorator']) retrieved from /home/airflow/.local/lib/python3.11/site-packages/airflow/example_dags/example_task_group_decorator.py
[2023-11-02T08:54:50.385+0000] {logging_mixin.py:151} INFO - [2023-11-02T08:54:50.385+0000] {dag.py:2941} INFO - Sync 1 DAGs
[2023-11-02T08:54:50.411+0000] {logging_mixin.py:151} INFO - [2023-11-02T08:54:50.411+0000] {dag.py:3722} INFO - Setting next_dagrun for example_task_group_decorator to 2023-11-01T08:54:50.410704+00:00, run_after=2023-11-02T08:54:50.410704+00:00
[2023-11-02T08:54:50.440+0000] {processor.py:179} INFO - Processing /home/airflow/.local/lib/python3.11/site-packages/airflow/example_dags/example_task_group_decorator.py took 0.107 seconds
