[2023-11-02T08:44:39.445+0000] {processor.py:157} INFO - Started process (PID=50) to work on /home/airflow/.local/lib/python3.11/site-packages/airflow/example_dags/example_params_trigger_ui.py
[2023-11-02T08:44:39.505+0000] {processor.py:829} INFO - Processing file /home/airflow/.local/lib/python3.11/site-packages/airflow/example_dags/example_params_trigger_ui.py for tasks to queue
[2023-11-02T08:44:39.571+0000] {logging_mixin.py:151} INFO - [2023-11-02T08:44:39.563+0000] {dagbag.py:536} INFO - Filling up the DagBag from /home/airflow/.local/lib/python3.11/site-packages/airflow/example_dags/example_params_trigger_ui.py
[2023-11-02T08:44:39.793+0000] {processor.py:839} INFO - DAG(s) dict_keys(['example_params_trigger_ui']) retrieved from /home/airflow/.local/lib/python3.11/site-packages/airflow/example_dags/example_params_trigger_ui.py
[2023-11-02T08:44:40.630+0000] {logging_mixin.py:151} INFO - [2023-11-02T08:44:40.624+0000] {manager.py:499} INFO - Created Permission View: %s
[2023-11-02T08:44:40.666+0000] {logging_mixin.py:151} INFO - [2023-11-02T08:44:40.665+0000] {manager.py:499} INFO - Created Permission View: %s
[2023-11-02T08:44:40.697+0000] {logging_mixin.py:151} INFO - [2023-11-02T08:44:40.696+0000] {manager.py:499} INFO - Created Permission View: %s
[2023-11-02T08:44:40.701+0000] {logging_mixin.py:151} INFO - [2023-11-02T08:44:40.700+0000] {dag.py:2941} INFO - Sync 1 DAGs
[2023-11-02T08:44:40.742+0000] {logging_mixin.py:151} INFO - [2023-11-02T08:44:40.742+0000] {dag.py:2963} INFO - Creating ORM DAG for example_params_trigger_ui
[2023-11-02T08:44:40.746+0000] {logging_mixin.py:151} INFO - [2023-11-02T08:44:40.745+0000] {dag.py:3722} INFO - Setting next_dagrun for example_params_trigger_ui to None, run_after=None
[2023-11-02T08:44:40.808+0000] {processor.py:179} INFO - Processing /home/airflow/.local/lib/python3.11/site-packages/airflow/example_dags/example_params_trigger_ui.py took 1.407 seconds
[2023-11-02T08:45:11.437+0000] {processor.py:157} INFO - Started process (PID=105) to work on /home/airflow/.local/lib/python3.11/site-packages/airflow/example_dags/example_params_trigger_ui.py
[2023-11-02T08:45:11.448+0000] {processor.py:829} INFO - Processing file /home/airflow/.local/lib/python3.11/site-packages/airflow/example_dags/example_params_trigger_ui.py for tasks to queue
[2023-11-02T08:45:11.473+0000] {logging_mixin.py:151} INFO - [2023-11-02T08:45:11.471+0000] {dagbag.py:536} INFO - Filling up the DagBag from /home/airflow/.local/lib/python3.11/site-packages/airflow/example_dags/example_params_trigger_ui.py
[2023-11-02T08:45:11.638+0000] {processor.py:839} INFO - DAG(s) dict_keys(['example_params_trigger_ui']) retrieved from /home/airflow/.local/lib/python3.11/site-packages/airflow/example_dags/example_params_trigger_ui.py
[2023-11-02T08:45:11.720+0000] {logging_mixin.py:151} INFO - [2023-11-02T08:45:11.720+0000] {dag.py:2941} INFO - Sync 1 DAGs
[2023-11-02T08:45:11.747+0000] {logging_mixin.py:151} INFO - [2023-11-02T08:45:11.747+0000] {dag.py:3722} INFO - Setting next_dagrun for example_params_trigger_ui to None, run_after=None
[2023-11-02T08:45:11.784+0000] {processor.py:179} INFO - Processing /home/airflow/.local/lib/python3.11/site-packages/airflow/example_dags/example_params_trigger_ui.py took 0.452 seconds
[2023-11-02T08:45:41.938+0000] {processor.py:157} INFO - Started process (PID=160) to work on /home/airflow/.local/lib/python3.11/site-packages/airflow/example_dags/example_params_trigger_ui.py
[2023-11-02T08:45:41.940+0000] {processor.py:829} INFO - Processing file /home/airflow/.local/lib/python3.11/site-packages/airflow/example_dags/example_params_trigger_ui.py for tasks to queue
[2023-11-02T08:45:41.946+0000] {logging_mixin.py:151} INFO - [2023-11-02T08:45:41.946+0000] {dagbag.py:536} INFO - Filling up the DagBag from /home/airflow/.local/lib/python3.11/site-packages/airflow/example_dags/example_params_trigger_ui.py
[2023-11-02T08:45:41.972+0000] {processor.py:839} INFO - DAG(s) dict_keys(['example_params_trigger_ui']) retrieved from /home/airflow/.local/lib/python3.11/site-packages/airflow/example_dags/example_params_trigger_ui.py
[2023-11-02T08:45:42.006+0000] {logging_mixin.py:151} INFO - [2023-11-02T08:45:42.006+0000] {dag.py:2941} INFO - Sync 1 DAGs
[2023-11-02T08:45:42.024+0000] {logging_mixin.py:151} INFO - [2023-11-02T08:45:42.024+0000] {dag.py:3722} INFO - Setting next_dagrun for example_params_trigger_ui to None, run_after=None
[2023-11-02T08:45:42.047+0000] {processor.py:179} INFO - Processing /home/airflow/.local/lib/python3.11/site-packages/airflow/example_dags/example_params_trigger_ui.py took 0.115 seconds
[2023-11-02T08:46:12.713+0000] {processor.py:157} INFO - Started process (PID=215) to work on /home/airflow/.local/lib/python3.11/site-packages/airflow/example_dags/example_params_trigger_ui.py
[2023-11-02T08:46:12.715+0000] {processor.py:829} INFO - Processing file /home/airflow/.local/lib/python3.11/site-packages/airflow/example_dags/example_params_trigger_ui.py for tasks to queue
[2023-11-02T08:46:12.719+0000] {logging_mixin.py:151} INFO - [2023-11-02T08:46:12.719+0000] {dagbag.py:536} INFO - Filling up the DagBag from /home/airflow/.local/lib/python3.11/site-packages/airflow/example_dags/example_params_trigger_ui.py
[2023-11-02T08:46:12.741+0000] {processor.py:839} INFO - DAG(s) dict_keys(['example_params_trigger_ui']) retrieved from /home/airflow/.local/lib/python3.11/site-packages/airflow/example_dags/example_params_trigger_ui.py
[2023-11-02T08:46:12.771+0000] {logging_mixin.py:151} INFO - [2023-11-02T08:46:12.770+0000] {dag.py:2941} INFO - Sync 1 DAGs
[2023-11-02T08:46:12.779+0000] {logging_mixin.py:151} INFO - [2023-11-02T08:46:12.779+0000] {dag.py:3722} INFO - Setting next_dagrun for example_params_trigger_ui to None, run_after=None
[2023-11-02T08:46:12.790+0000] {processor.py:179} INFO - Processing /home/airflow/.local/lib/python3.11/site-packages/airflow/example_dags/example_params_trigger_ui.py took 0.081 seconds
[2023-11-02T08:46:43.176+0000] {processor.py:157} INFO - Started process (PID=270) to work on /home/airflow/.local/lib/python3.11/site-packages/airflow/example_dags/example_params_trigger_ui.py
[2023-11-02T08:46:43.177+0000] {processor.py:829} INFO - Processing file /home/airflow/.local/lib/python3.11/site-packages/airflow/example_dags/example_params_trigger_ui.py for tasks to queue
[2023-11-02T08:46:43.182+0000] {logging_mixin.py:151} INFO - [2023-11-02T08:46:43.182+0000] {dagbag.py:536} INFO - Filling up the DagBag from /home/airflow/.local/lib/python3.11/site-packages/airflow/example_dags/example_params_trigger_ui.py
[2023-11-02T08:46:43.200+0000] {processor.py:839} INFO - DAG(s) dict_keys(['example_params_trigger_ui']) retrieved from /home/airflow/.local/lib/python3.11/site-packages/airflow/example_dags/example_params_trigger_ui.py
[2023-11-02T08:46:43.227+0000] {logging_mixin.py:151} INFO - [2023-11-02T08:46:43.227+0000] {dag.py:2941} INFO - Sync 1 DAGs
[2023-11-02T08:46:43.236+0000] {logging_mixin.py:151} INFO - [2023-11-02T08:46:43.236+0000] {dag.py:3722} INFO - Setting next_dagrun for example_params_trigger_ui to None, run_after=None
[2023-11-02T08:46:43.247+0000] {processor.py:179} INFO - Processing /home/airflow/.local/lib/python3.11/site-packages/airflow/example_dags/example_params_trigger_ui.py took 0.076 seconds
[2023-11-02T08:47:13.361+0000] {processor.py:157} INFO - Started process (PID=325) to work on /home/airflow/.local/lib/python3.11/site-packages/airflow/example_dags/example_params_trigger_ui.py
[2023-11-02T08:47:13.366+0000] {processor.py:829} INFO - Processing file /home/airflow/.local/lib/python3.11/site-packages/airflow/example_dags/example_params_trigger_ui.py for tasks to queue
[2023-11-02T08:47:13.371+0000] {logging_mixin.py:151} INFO - [2023-11-02T08:47:13.370+0000] {dagbag.py:536} INFO - Filling up the DagBag from /home/airflow/.local/lib/python3.11/site-packages/airflow/example_dags/example_params_trigger_ui.py
[2023-11-02T08:47:13.392+0000] {processor.py:839} INFO - DAG(s) dict_keys(['example_params_trigger_ui']) retrieved from /home/airflow/.local/lib/python3.11/site-packages/airflow/example_dags/example_params_trigger_ui.py
[2023-11-02T08:47:13.421+0000] {logging_mixin.py:151} INFO - [2023-11-02T08:47:13.421+0000] {dag.py:2941} INFO - Sync 1 DAGs
[2023-11-02T08:47:13.431+0000] {logging_mixin.py:151} INFO - [2023-11-02T08:47:13.430+0000] {dag.py:3722} INFO - Setting next_dagrun for example_params_trigger_ui to None, run_after=None
[2023-11-02T08:47:13.445+0000] {processor.py:179} INFO - Processing /home/airflow/.local/lib/python3.11/site-packages/airflow/example_dags/example_params_trigger_ui.py took 0.089 seconds
[2023-11-02T08:47:43.504+0000] {processor.py:157} INFO - Started process (PID=380) to work on /home/airflow/.local/lib/python3.11/site-packages/airflow/example_dags/example_params_trigger_ui.py
[2023-11-02T08:47:43.505+0000] {processor.py:829} INFO - Processing file /home/airflow/.local/lib/python3.11/site-packages/airflow/example_dags/example_params_trigger_ui.py for tasks to queue
[2023-11-02T08:47:43.507+0000] {logging_mixin.py:151} INFO - [2023-11-02T08:47:43.507+0000] {dagbag.py:536} INFO - Filling up the DagBag from /home/airflow/.local/lib/python3.11/site-packages/airflow/example_dags/example_params_trigger_ui.py
[2023-11-02T08:47:43.520+0000] {processor.py:839} INFO - DAG(s) dict_keys(['example_params_trigger_ui']) retrieved from /home/airflow/.local/lib/python3.11/site-packages/airflow/example_dags/example_params_trigger_ui.py
[2023-11-02T08:47:43.546+0000] {logging_mixin.py:151} INFO - [2023-11-02T08:47:43.546+0000] {dag.py:2941} INFO - Sync 1 DAGs
[2023-11-02T08:47:43.554+0000] {logging_mixin.py:151} INFO - [2023-11-02T08:47:43.554+0000] {dag.py:3722} INFO - Setting next_dagrun for example_params_trigger_ui to None, run_after=None
[2023-11-02T08:47:43.566+0000] {processor.py:179} INFO - Processing /home/airflow/.local/lib/python3.11/site-packages/airflow/example_dags/example_params_trigger_ui.py took 0.064 seconds
[2023-11-02T08:48:13.797+0000] {processor.py:157} INFO - Started process (PID=435) to work on /home/airflow/.local/lib/python3.11/site-packages/airflow/example_dags/example_params_trigger_ui.py
[2023-11-02T08:48:13.799+0000] {processor.py:829} INFO - Processing file /home/airflow/.local/lib/python3.11/site-packages/airflow/example_dags/example_params_trigger_ui.py for tasks to queue
[2023-11-02T08:48:13.804+0000] {logging_mixin.py:151} INFO - [2023-11-02T08:48:13.804+0000] {dagbag.py:536} INFO - Filling up the DagBag from /home/airflow/.local/lib/python3.11/site-packages/airflow/example_dags/example_params_trigger_ui.py
[2023-11-02T08:48:13.824+0000] {processor.py:839} INFO - DAG(s) dict_keys(['example_params_trigger_ui']) retrieved from /home/airflow/.local/lib/python3.11/site-packages/airflow/example_dags/example_params_trigger_ui.py
[2023-11-02T08:48:13.849+0000] {logging_mixin.py:151} INFO - [2023-11-02T08:48:13.849+0000] {dag.py:2941} INFO - Sync 1 DAGs
[2023-11-02T08:48:13.858+0000] {logging_mixin.py:151} INFO - [2023-11-02T08:48:13.858+0000] {dag.py:3722} INFO - Setting next_dagrun for example_params_trigger_ui to None, run_after=None
[2023-11-02T08:48:13.869+0000] {processor.py:179} INFO - Processing /home/airflow/.local/lib/python3.11/site-packages/airflow/example_dags/example_params_trigger_ui.py took 0.075 seconds
[2023-11-02T08:48:43.972+0000] {processor.py:157} INFO - Started process (PID=490) to work on /home/airflow/.local/lib/python3.11/site-packages/airflow/example_dags/example_params_trigger_ui.py
[2023-11-02T08:48:43.973+0000] {processor.py:829} INFO - Processing file /home/airflow/.local/lib/python3.11/site-packages/airflow/example_dags/example_params_trigger_ui.py for tasks to queue
[2023-11-02T08:48:43.977+0000] {logging_mixin.py:151} INFO - [2023-11-02T08:48:43.977+0000] {dagbag.py:536} INFO - Filling up the DagBag from /home/airflow/.local/lib/python3.11/site-packages/airflow/example_dags/example_params_trigger_ui.py
[2023-11-02T08:48:43.999+0000] {processor.py:839} INFO - DAG(s) dict_keys(['example_params_trigger_ui']) retrieved from /home/airflow/.local/lib/python3.11/site-packages/airflow/example_dags/example_params_trigger_ui.py
[2023-11-02T08:48:44.039+0000] {logging_mixin.py:151} INFO - [2023-11-02T08:48:44.039+0000] {dag.py:2941} INFO - Sync 1 DAGs
[2023-11-02T08:48:44.048+0000] {logging_mixin.py:151} INFO - [2023-11-02T08:48:44.048+0000] {dag.py:3722} INFO - Setting next_dagrun for example_params_trigger_ui to None, run_after=None
[2023-11-02T08:48:44.060+0000] {processor.py:179} INFO - Processing /home/airflow/.local/lib/python3.11/site-packages/airflow/example_dags/example_params_trigger_ui.py took 0.096 seconds
[2023-11-02T08:49:14.156+0000] {processor.py:157} INFO - Started process (PID=552) to work on /home/airflow/.local/lib/python3.11/site-packages/airflow/example_dags/example_params_trigger_ui.py
[2023-11-02T08:49:14.158+0000] {processor.py:829} INFO - Processing file /home/airflow/.local/lib/python3.11/site-packages/airflow/example_dags/example_params_trigger_ui.py for tasks to queue
[2023-11-02T08:49:14.162+0000] {logging_mixin.py:151} INFO - [2023-11-02T08:49:14.161+0000] {dagbag.py:536} INFO - Filling up the DagBag from /home/airflow/.local/lib/python3.11/site-packages/airflow/example_dags/example_params_trigger_ui.py
[2023-11-02T08:49:14.181+0000] {processor.py:839} INFO - DAG(s) dict_keys(['example_params_trigger_ui']) retrieved from /home/airflow/.local/lib/python3.11/site-packages/airflow/example_dags/example_params_trigger_ui.py
[2023-11-02T08:49:14.210+0000] {logging_mixin.py:151} INFO - [2023-11-02T08:49:14.210+0000] {dag.py:2941} INFO - Sync 1 DAGs
[2023-11-02T08:49:14.219+0000] {logging_mixin.py:151} INFO - [2023-11-02T08:49:14.219+0000] {dag.py:3722} INFO - Setting next_dagrun for example_params_trigger_ui to None, run_after=None
[2023-11-02T08:49:14.232+0000] {processor.py:179} INFO - Processing /home/airflow/.local/lib/python3.11/site-packages/airflow/example_dags/example_params_trigger_ui.py took 0.081 seconds
[2023-11-02T08:49:44.439+0000] {processor.py:157} INFO - Started process (PID=607) to work on /home/airflow/.local/lib/python3.11/site-packages/airflow/example_dags/example_params_trigger_ui.py
[2023-11-02T08:49:44.441+0000] {processor.py:829} INFO - Processing file /home/airflow/.local/lib/python3.11/site-packages/airflow/example_dags/example_params_trigger_ui.py for tasks to queue
[2023-11-02T08:49:44.445+0000] {logging_mixin.py:151} INFO - [2023-11-02T08:49:44.445+0000] {dagbag.py:536} INFO - Filling up the DagBag from /home/airflow/.local/lib/python3.11/site-packages/airflow/example_dags/example_params_trigger_ui.py
[2023-11-02T08:49:44.469+0000] {processor.py:839} INFO - DAG(s) dict_keys(['example_params_trigger_ui']) retrieved from /home/airflow/.local/lib/python3.11/site-packages/airflow/example_dags/example_params_trigger_ui.py
[2023-11-02T08:49:44.504+0000] {logging_mixin.py:151} INFO - [2023-11-02T08:49:44.504+0000] {dag.py:2941} INFO - Sync 1 DAGs
[2023-11-02T08:49:44.517+0000] {logging_mixin.py:151} INFO - [2023-11-02T08:49:44.517+0000] {dag.py:3722} INFO - Setting next_dagrun for example_params_trigger_ui to None, run_after=None
[2023-11-02T08:49:44.533+0000] {processor.py:179} INFO - Processing /home/airflow/.local/lib/python3.11/site-packages/airflow/example_dags/example_params_trigger_ui.py took 0.099 seconds
[2023-11-02T08:50:14.646+0000] {processor.py:157} INFO - Started process (PID=662) to work on /home/airflow/.local/lib/python3.11/site-packages/airflow/example_dags/example_params_trigger_ui.py
[2023-11-02T08:50:14.649+0000] {processor.py:829} INFO - Processing file /home/airflow/.local/lib/python3.11/site-packages/airflow/example_dags/example_params_trigger_ui.py for tasks to queue
[2023-11-02T08:50:14.651+0000] {logging_mixin.py:151} INFO - [2023-11-02T08:50:14.651+0000] {dagbag.py:536} INFO - Filling up the DagBag from /home/airflow/.local/lib/python3.11/site-packages/airflow/example_dags/example_params_trigger_ui.py
[2023-11-02T08:50:14.666+0000] {processor.py:839} INFO - DAG(s) dict_keys(['example_params_trigger_ui']) retrieved from /home/airflow/.local/lib/python3.11/site-packages/airflow/example_dags/example_params_trigger_ui.py
[2023-11-02T08:50:14.694+0000] {logging_mixin.py:151} INFO - [2023-11-02T08:50:14.694+0000] {dag.py:2941} INFO - Sync 1 DAGs
[2023-11-02T08:50:14.703+0000] {logging_mixin.py:151} INFO - [2023-11-02T08:50:14.703+0000] {dag.py:3722} INFO - Setting next_dagrun for example_params_trigger_ui to None, run_after=None
[2023-11-02T08:50:14.714+0000] {processor.py:179} INFO - Processing /home/airflow/.local/lib/python3.11/site-packages/airflow/example_dags/example_params_trigger_ui.py took 0.072 seconds
[2023-11-02T08:50:44.808+0000] {processor.py:157} INFO - Started process (PID=717) to work on /home/airflow/.local/lib/python3.11/site-packages/airflow/example_dags/example_params_trigger_ui.py
[2023-11-02T08:50:44.811+0000] {processor.py:829} INFO - Processing file /home/airflow/.local/lib/python3.11/site-packages/airflow/example_dags/example_params_trigger_ui.py for tasks to queue
[2023-11-02T08:50:44.816+0000] {logging_mixin.py:151} INFO - [2023-11-02T08:50:44.816+0000] {dagbag.py:536} INFO - Filling up the DagBag from /home/airflow/.local/lib/python3.11/site-packages/airflow/example_dags/example_params_trigger_ui.py
[2023-11-02T08:50:44.836+0000] {processor.py:839} INFO - DAG(s) dict_keys(['example_params_trigger_ui']) retrieved from /home/airflow/.local/lib/python3.11/site-packages/airflow/example_dags/example_params_trigger_ui.py
[2023-11-02T08:50:44.871+0000] {logging_mixin.py:151} INFO - [2023-11-02T08:50:44.870+0000] {dag.py:2941} INFO - Sync 1 DAGs
[2023-11-02T08:50:44.882+0000] {logging_mixin.py:151} INFO - [2023-11-02T08:50:44.882+0000] {dag.py:3722} INFO - Setting next_dagrun for example_params_trigger_ui to None, run_after=None
[2023-11-02T08:50:44.897+0000] {processor.py:179} INFO - Processing /home/airflow/.local/lib/python3.11/site-packages/airflow/example_dags/example_params_trigger_ui.py took 0.094 seconds
[2023-11-02T08:51:14.945+0000] {processor.py:157} INFO - Started process (PID=772) to work on /home/airflow/.local/lib/python3.11/site-packages/airflow/example_dags/example_params_trigger_ui.py
[2023-11-02T08:51:14.947+0000] {processor.py:829} INFO - Processing file /home/airflow/.local/lib/python3.11/site-packages/airflow/example_dags/example_params_trigger_ui.py for tasks to queue
[2023-11-02T08:51:14.950+0000] {logging_mixin.py:151} INFO - [2023-11-02T08:51:14.950+0000] {dagbag.py:536} INFO - Filling up the DagBag from /home/airflow/.local/lib/python3.11/site-packages/airflow/example_dags/example_params_trigger_ui.py
[2023-11-02T08:51:14.976+0000] {processor.py:839} INFO - DAG(s) dict_keys(['example_params_trigger_ui']) retrieved from /home/airflow/.local/lib/python3.11/site-packages/airflow/example_dags/example_params_trigger_ui.py
[2023-11-02T08:51:15.015+0000] {logging_mixin.py:151} INFO - [2023-11-02T08:51:15.014+0000] {dag.py:2941} INFO - Sync 1 DAGs
[2023-11-02T08:51:15.034+0000] {logging_mixin.py:151} INFO - [2023-11-02T08:51:15.034+0000] {dag.py:3722} INFO - Setting next_dagrun for example_params_trigger_ui to None, run_after=None
[2023-11-02T08:51:15.057+0000] {processor.py:179} INFO - Processing /home/airflow/.local/lib/python3.11/site-packages/airflow/example_dags/example_params_trigger_ui.py took 0.115 seconds
[2023-11-02T08:51:45.136+0000] {processor.py:157} INFO - Started process (PID=827) to work on /home/airflow/.local/lib/python3.11/site-packages/airflow/example_dags/example_params_trigger_ui.py
[2023-11-02T08:51:45.136+0000] {processor.py:829} INFO - Processing file /home/airflow/.local/lib/python3.11/site-packages/airflow/example_dags/example_params_trigger_ui.py for tasks to queue
[2023-11-02T08:51:45.140+0000] {logging_mixin.py:151} INFO - [2023-11-02T08:51:45.139+0000] {dagbag.py:536} INFO - Filling up the DagBag from /home/airflow/.local/lib/python3.11/site-packages/airflow/example_dags/example_params_trigger_ui.py
[2023-11-02T08:51:45.153+0000] {processor.py:839} INFO - DAG(s) dict_keys(['example_params_trigger_ui']) retrieved from /home/airflow/.local/lib/python3.11/site-packages/airflow/example_dags/example_params_trigger_ui.py
[2023-11-02T08:51:45.181+0000] {logging_mixin.py:151} INFO - [2023-11-02T08:51:45.180+0000] {dag.py:2941} INFO - Sync 1 DAGs
[2023-11-02T08:51:45.189+0000] {logging_mixin.py:151} INFO - [2023-11-02T08:51:45.189+0000] {dag.py:3722} INFO - Setting next_dagrun for example_params_trigger_ui to None, run_after=None
[2023-11-02T08:51:45.200+0000] {processor.py:179} INFO - Processing /home/airflow/.local/lib/python3.11/site-packages/airflow/example_dags/example_params_trigger_ui.py took 0.067 seconds
[2023-11-02T08:52:15.326+0000] {processor.py:157} INFO - Started process (PID=882) to work on /home/airflow/.local/lib/python3.11/site-packages/airflow/example_dags/example_params_trigger_ui.py
[2023-11-02T08:52:15.327+0000] {processor.py:829} INFO - Processing file /home/airflow/.local/lib/python3.11/site-packages/airflow/example_dags/example_params_trigger_ui.py for tasks to queue
[2023-11-02T08:52:15.329+0000] {logging_mixin.py:151} INFO - [2023-11-02T08:52:15.329+0000] {dagbag.py:536} INFO - Filling up the DagBag from /home/airflow/.local/lib/python3.11/site-packages/airflow/example_dags/example_params_trigger_ui.py
[2023-11-02T08:52:15.343+0000] {processor.py:839} INFO - DAG(s) dict_keys(['example_params_trigger_ui']) retrieved from /home/airflow/.local/lib/python3.11/site-packages/airflow/example_dags/example_params_trigger_ui.py
[2023-11-02T08:52:15.373+0000] {logging_mixin.py:151} INFO - [2023-11-02T08:52:15.373+0000] {dag.py:2941} INFO - Sync 1 DAGs
[2023-11-02T08:52:15.382+0000] {logging_mixin.py:151} INFO - [2023-11-02T08:52:15.382+0000] {dag.py:3722} INFO - Setting next_dagrun for example_params_trigger_ui to None, run_after=None
[2023-11-02T08:52:15.396+0000] {processor.py:179} INFO - Processing /home/airflow/.local/lib/python3.11/site-packages/airflow/example_dags/example_params_trigger_ui.py took 0.073 seconds
[2023-11-02T08:52:45.548+0000] {processor.py:157} INFO - Started process (PID=937) to work on /home/airflow/.local/lib/python3.11/site-packages/airflow/example_dags/example_params_trigger_ui.py
[2023-11-02T08:52:45.549+0000] {processor.py:829} INFO - Processing file /home/airflow/.local/lib/python3.11/site-packages/airflow/example_dags/example_params_trigger_ui.py for tasks to queue
[2023-11-02T08:52:45.551+0000] {logging_mixin.py:151} INFO - [2023-11-02T08:52:45.550+0000] {dagbag.py:536} INFO - Filling up the DagBag from /home/airflow/.local/lib/python3.11/site-packages/airflow/example_dags/example_params_trigger_ui.py
[2023-11-02T08:52:45.563+0000] {processor.py:839} INFO - DAG(s) dict_keys(['example_params_trigger_ui']) retrieved from /home/airflow/.local/lib/python3.11/site-packages/airflow/example_dags/example_params_trigger_ui.py
[2023-11-02T08:52:45.591+0000] {logging_mixin.py:151} INFO - [2023-11-02T08:52:45.590+0000] {dag.py:2941} INFO - Sync 1 DAGs
[2023-11-02T08:52:45.599+0000] {logging_mixin.py:151} INFO - [2023-11-02T08:52:45.599+0000] {dag.py:3722} INFO - Setting next_dagrun for example_params_trigger_ui to None, run_after=None
[2023-11-02T08:52:45.610+0000] {processor.py:179} INFO - Processing /home/airflow/.local/lib/python3.11/site-packages/airflow/example_dags/example_params_trigger_ui.py took 0.065 seconds
[2023-11-02T08:53:15.993+0000] {processor.py:157} INFO - Started process (PID=992) to work on /home/airflow/.local/lib/python3.11/site-packages/airflow/example_dags/example_params_trigger_ui.py
[2023-11-02T08:53:15.997+0000] {processor.py:829} INFO - Processing file /home/airflow/.local/lib/python3.11/site-packages/airflow/example_dags/example_params_trigger_ui.py for tasks to queue
[2023-11-02T08:53:15.999+0000] {logging_mixin.py:151} INFO - [2023-11-02T08:53:15.999+0000] {dagbag.py:536} INFO - Filling up the DagBag from /home/airflow/.local/lib/python3.11/site-packages/airflow/example_dags/example_params_trigger_ui.py
[2023-11-02T08:53:16.012+0000] {processor.py:839} INFO - DAG(s) dict_keys(['example_params_trigger_ui']) retrieved from /home/airflow/.local/lib/python3.11/site-packages/airflow/example_dags/example_params_trigger_ui.py
[2023-11-02T08:53:16.037+0000] {logging_mixin.py:151} INFO - [2023-11-02T08:53:16.037+0000] {dag.py:2941} INFO - Sync 1 DAGs
[2023-11-02T08:53:16.046+0000] {logging_mixin.py:151} INFO - [2023-11-02T08:53:16.046+0000] {dag.py:3722} INFO - Setting next_dagrun for example_params_trigger_ui to None, run_after=None
[2023-11-02T08:53:16.063+0000] {processor.py:179} INFO - Processing /home/airflow/.local/lib/python3.11/site-packages/airflow/example_dags/example_params_trigger_ui.py took 0.072 seconds
[2023-11-02T08:53:46.224+0000] {processor.py:157} INFO - Started process (PID=1047) to work on /home/airflow/.local/lib/python3.11/site-packages/airflow/example_dags/example_params_trigger_ui.py
[2023-11-02T08:53:46.228+0000] {processor.py:829} INFO - Processing file /home/airflow/.local/lib/python3.11/site-packages/airflow/example_dags/example_params_trigger_ui.py for tasks to queue
[2023-11-02T08:53:46.231+0000] {logging_mixin.py:151} INFO - [2023-11-02T08:53:46.231+0000] {dagbag.py:536} INFO - Filling up the DagBag from /home/airflow/.local/lib/python3.11/site-packages/airflow/example_dags/example_params_trigger_ui.py
[2023-11-02T08:53:46.242+0000] {processor.py:839} INFO - DAG(s) dict_keys(['example_params_trigger_ui']) retrieved from /home/airflow/.local/lib/python3.11/site-packages/airflow/example_dags/example_params_trigger_ui.py
[2023-11-02T08:53:46.267+0000] {logging_mixin.py:151} INFO - [2023-11-02T08:53:46.266+0000] {dag.py:2941} INFO - Sync 1 DAGs
[2023-11-02T08:53:46.275+0000] {logging_mixin.py:151} INFO - [2023-11-02T08:53:46.275+0000] {dag.py:3722} INFO - Setting next_dagrun for example_params_trigger_ui to None, run_after=None
[2023-11-02T08:53:46.285+0000] {processor.py:179} INFO - Processing /home/airflow/.local/lib/python3.11/site-packages/airflow/example_dags/example_params_trigger_ui.py took 0.064 seconds
[2023-11-02T08:54:16.830+0000] {processor.py:157} INFO - Started process (PID=1102) to work on /home/airflow/.local/lib/python3.11/site-packages/airflow/example_dags/example_params_trigger_ui.py
[2023-11-02T08:54:16.831+0000] {processor.py:829} INFO - Processing file /home/airflow/.local/lib/python3.11/site-packages/airflow/example_dags/example_params_trigger_ui.py for tasks to queue
[2023-11-02T08:54:16.833+0000] {logging_mixin.py:151} INFO - [2023-11-02T08:54:16.833+0000] {dagbag.py:536} INFO - Filling up the DagBag from /home/airflow/.local/lib/python3.11/site-packages/airflow/example_dags/example_params_trigger_ui.py
[2023-11-02T08:54:16.845+0000] {processor.py:839} INFO - DAG(s) dict_keys(['example_params_trigger_ui']) retrieved from /home/airflow/.local/lib/python3.11/site-packages/airflow/example_dags/example_params_trigger_ui.py
[2023-11-02T08:54:16.869+0000] {logging_mixin.py:151} INFO - [2023-11-02T08:54:16.868+0000] {dag.py:2941} INFO - Sync 1 DAGs
[2023-11-02T08:54:16.877+0000] {logging_mixin.py:151} INFO - [2023-11-02T08:54:16.877+0000] {dag.py:3722} INFO - Setting next_dagrun for example_params_trigger_ui to None, run_after=None
[2023-11-02T08:54:16.888+0000] {processor.py:179} INFO - Processing /home/airflow/.local/lib/python3.11/site-packages/airflow/example_dags/example_params_trigger_ui.py took 0.060 seconds
[2023-11-02T08:54:47.029+0000] {processor.py:157} INFO - Started process (PID=1157) to work on /home/airflow/.local/lib/python3.11/site-packages/airflow/example_dags/example_params_trigger_ui.py
[2023-11-02T08:54:47.030+0000] {processor.py:829} INFO - Processing file /home/airflow/.local/lib/python3.11/site-packages/airflow/example_dags/example_params_trigger_ui.py for tasks to queue
[2023-11-02T08:54:47.032+0000] {logging_mixin.py:151} INFO - [2023-11-02T08:54:47.032+0000] {dagbag.py:536} INFO - Filling up the DagBag from /home/airflow/.local/lib/python3.11/site-packages/airflow/example_dags/example_params_trigger_ui.py
[2023-11-02T08:54:47.046+0000] {processor.py:839} INFO - DAG(s) dict_keys(['example_params_trigger_ui']) retrieved from /home/airflow/.local/lib/python3.11/site-packages/airflow/example_dags/example_params_trigger_ui.py
[2023-11-02T08:54:47.074+0000] {logging_mixin.py:151} INFO - [2023-11-02T08:54:47.073+0000] {dag.py:2941} INFO - Sync 1 DAGs
[2023-11-02T08:54:47.084+0000] {logging_mixin.py:151} INFO - [2023-11-02T08:54:47.084+0000] {dag.py:3722} INFO - Setting next_dagrun for example_params_trigger_ui to None, run_after=None
[2023-11-02T08:54:47.096+0000] {processor.py:179} INFO - Processing /home/airflow/.local/lib/python3.11/site-packages/airflow/example_dags/example_params_trigger_ui.py took 0.069 seconds
