[2023-11-02T08:44:43.036+0000] {processor.py:157} INFO - Started process (PID=66) to work on /home/airflow/.local/lib/python3.11/site-packages/airflow/example_dags/example_trigger_controller_dag.py
[2023-11-02T08:44:43.037+0000] {processor.py:829} INFO - Processing file /home/airflow/.local/lib/python3.11/site-packages/airflow/example_dags/example_trigger_controller_dag.py for tasks to queue
[2023-11-02T08:44:43.040+0000] {logging_mixin.py:151} INFO - [2023-11-02T08:44:43.040+0000] {dagbag.py:536} INFO - Filling up the DagBag from /home/airflow/.local/lib/python3.11/site-packages/airflow/example_dags/example_trigger_controller_dag.py
[2023-11-02T08:44:43.045+0000] {processor.py:839} INFO - DAG(s) dict_keys(['example_trigger_controller_dag']) retrieved from /home/airflow/.local/lib/python3.11/site-packages/airflow/example_dags/example_trigger_controller_dag.py
[2023-11-02T08:44:43.204+0000] {logging_mixin.py:151} INFO - [2023-11-02T08:44:43.204+0000] {manager.py:499} INFO - Created Permission View: %s
[2023-11-02T08:44:43.230+0000] {logging_mixin.py:151} INFO - [2023-11-02T08:44:43.229+0000] {manager.py:499} INFO - Created Permission View: %s
[2023-11-02T08:44:43.253+0000] {logging_mixin.py:151} INFO - [2023-11-02T08:44:43.253+0000] {manager.py:499} INFO - Created Permission View: %s
[2023-11-02T08:44:43.254+0000] {logging_mixin.py:151} INFO - [2023-11-02T08:44:43.253+0000] {dag.py:2941} INFO - Sync 1 DAGs
[2023-11-02T08:44:43.316+0000] {logging_mixin.py:151} INFO - [2023-11-02T08:44:43.315+0000] {dag.py:2963} INFO - Creating ORM DAG for example_trigger_controller_dag
[2023-11-02T08:44:43.357+0000] {logging_mixin.py:151} INFO - [2023-11-02T08:44:43.357+0000] {dag.py:3722} INFO - Setting next_dagrun for example_trigger_controller_dag to 2021-01-01T00:00:00+00:00, run_after=2021-01-01T00:00:00+00:00
[2023-11-02T08:44:43.397+0000] {processor.py:179} INFO - Processing /home/airflow/.local/lib/python3.11/site-packages/airflow/example_dags/example_trigger_controller_dag.py took 0.365 seconds
[2023-11-02T08:45:13.910+0000] {processor.py:157} INFO - Started process (PID=128) to work on /home/airflow/.local/lib/python3.11/site-packages/airflow/example_dags/example_trigger_controller_dag.py
[2023-11-02T08:45:13.911+0000] {processor.py:829} INFO - Processing file /home/airflow/.local/lib/python3.11/site-packages/airflow/example_dags/example_trigger_controller_dag.py for tasks to queue
[2023-11-02T08:45:13.914+0000] {logging_mixin.py:151} INFO - [2023-11-02T08:45:13.914+0000] {dagbag.py:536} INFO - Filling up the DagBag from /home/airflow/.local/lib/python3.11/site-packages/airflow/example_dags/example_trigger_controller_dag.py
[2023-11-02T08:45:13.917+0000] {processor.py:839} INFO - DAG(s) dict_keys(['example_trigger_controller_dag']) retrieved from /home/airflow/.local/lib/python3.11/site-packages/airflow/example_dags/example_trigger_controller_dag.py
[2023-11-02T08:45:13.932+0000] {logging_mixin.py:151} INFO - [2023-11-02T08:45:13.932+0000] {dag.py:2941} INFO - Sync 1 DAGs
[2023-11-02T08:45:13.946+0000] {logging_mixin.py:151} INFO - [2023-11-02T08:45:13.946+0000] {dag.py:3722} INFO - Setting next_dagrun for example_trigger_controller_dag to 2021-01-01T00:00:00+00:00, run_after=2021-01-01T00:00:00+00:00
[2023-11-02T08:45:13.958+0000] {processor.py:179} INFO - Processing /home/airflow/.local/lib/python3.11/site-packages/airflow/example_dags/example_trigger_controller_dag.py took 0.050 seconds
[2023-11-02T08:45:44.861+0000] {processor.py:157} INFO - Started process (PID=183) to work on /home/airflow/.local/lib/python3.11/site-packages/airflow/example_dags/example_trigger_controller_dag.py
[2023-11-02T08:45:44.862+0000] {processor.py:829} INFO - Processing file /home/airflow/.local/lib/python3.11/site-packages/airflow/example_dags/example_trigger_controller_dag.py for tasks to queue
[2023-11-02T08:45:44.864+0000] {logging_mixin.py:151} INFO - [2023-11-02T08:45:44.864+0000] {dagbag.py:536} INFO - Filling up the DagBag from /home/airflow/.local/lib/python3.11/site-packages/airflow/example_dags/example_trigger_controller_dag.py
[2023-11-02T08:45:44.869+0000] {processor.py:839} INFO - DAG(s) dict_keys(['example_trigger_controller_dag']) retrieved from /home/airflow/.local/lib/python3.11/site-packages/airflow/example_dags/example_trigger_controller_dag.py
[2023-11-02T08:45:44.887+0000] {logging_mixin.py:151} INFO - [2023-11-02T08:45:44.887+0000] {dag.py:2941} INFO - Sync 1 DAGs
[2023-11-02T08:45:44.908+0000] {logging_mixin.py:151} INFO - [2023-11-02T08:45:44.907+0000] {dag.py:3722} INFO - Setting next_dagrun for example_trigger_controller_dag to 2021-01-01T00:00:00+00:00, run_after=2021-01-01T00:00:00+00:00
[2023-11-02T08:45:44.921+0000] {processor.py:179} INFO - Processing /home/airflow/.local/lib/python3.11/site-packages/airflow/example_dags/example_trigger_controller_dag.py took 0.065 seconds
[2023-11-02T08:46:15.414+0000] {processor.py:157} INFO - Started process (PID=238) to work on /home/airflow/.local/lib/python3.11/site-packages/airflow/example_dags/example_trigger_controller_dag.py
[2023-11-02T08:46:15.417+0000] {processor.py:829} INFO - Processing file /home/airflow/.local/lib/python3.11/site-packages/airflow/example_dags/example_trigger_controller_dag.py for tasks to queue
[2023-11-02T08:46:15.419+0000] {logging_mixin.py:151} INFO - [2023-11-02T08:46:15.419+0000] {dagbag.py:536} INFO - Filling up the DagBag from /home/airflow/.local/lib/python3.11/site-packages/airflow/example_dags/example_trigger_controller_dag.py
[2023-11-02T08:46:15.423+0000] {processor.py:839} INFO - DAG(s) dict_keys(['example_trigger_controller_dag']) retrieved from /home/airflow/.local/lib/python3.11/site-packages/airflow/example_dags/example_trigger_controller_dag.py
[2023-11-02T08:46:15.439+0000] {logging_mixin.py:151} INFO - [2023-11-02T08:46:15.438+0000] {dag.py:2941} INFO - Sync 1 DAGs
[2023-11-02T08:46:15.454+0000] {logging_mixin.py:151} INFO - [2023-11-02T08:46:15.454+0000] {dag.py:3722} INFO - Setting next_dagrun for example_trigger_controller_dag to 2021-01-01T00:00:00+00:00, run_after=2021-01-01T00:00:00+00:00
[2023-11-02T08:46:15.469+0000] {processor.py:179} INFO - Processing /home/airflow/.local/lib/python3.11/site-packages/airflow/example_dags/example_trigger_controller_dag.py took 0.058 seconds
[2023-11-02T08:46:45.797+0000] {processor.py:157} INFO - Started process (PID=293) to work on /home/airflow/.local/lib/python3.11/site-packages/airflow/example_dags/example_trigger_controller_dag.py
[2023-11-02T08:46:45.798+0000] {processor.py:829} INFO - Processing file /home/airflow/.local/lib/python3.11/site-packages/airflow/example_dags/example_trigger_controller_dag.py for tasks to queue
[2023-11-02T08:46:45.800+0000] {logging_mixin.py:151} INFO - [2023-11-02T08:46:45.800+0000] {dagbag.py:536} INFO - Filling up the DagBag from /home/airflow/.local/lib/python3.11/site-packages/airflow/example_dags/example_trigger_controller_dag.py
[2023-11-02T08:46:45.804+0000] {processor.py:839} INFO - DAG(s) dict_keys(['example_trigger_controller_dag']) retrieved from /home/airflow/.local/lib/python3.11/site-packages/airflow/example_dags/example_trigger_controller_dag.py
[2023-11-02T08:46:45.817+0000] {logging_mixin.py:151} INFO - [2023-11-02T08:46:45.817+0000] {dag.py:2941} INFO - Sync 1 DAGs
[2023-11-02T08:46:45.831+0000] {logging_mixin.py:151} INFO - [2023-11-02T08:46:45.831+0000] {dag.py:3722} INFO - Setting next_dagrun for example_trigger_controller_dag to 2021-01-01T00:00:00+00:00, run_after=2021-01-01T00:00:00+00:00
[2023-11-02T08:46:45.842+0000] {processor.py:179} INFO - Processing /home/airflow/.local/lib/python3.11/site-packages/airflow/example_dags/example_trigger_controller_dag.py took 0.047 seconds
[2023-11-02T08:47:16.051+0000] {processor.py:157} INFO - Started process (PID=348) to work on /home/airflow/.local/lib/python3.11/site-packages/airflow/example_dags/example_trigger_controller_dag.py
[2023-11-02T08:47:16.052+0000] {processor.py:829} INFO - Processing file /home/airflow/.local/lib/python3.11/site-packages/airflow/example_dags/example_trigger_controller_dag.py for tasks to queue
[2023-11-02T08:47:16.054+0000] {logging_mixin.py:151} INFO - [2023-11-02T08:47:16.054+0000] {dagbag.py:536} INFO - Filling up the DagBag from /home/airflow/.local/lib/python3.11/site-packages/airflow/example_dags/example_trigger_controller_dag.py
[2023-11-02T08:47:16.058+0000] {processor.py:839} INFO - DAG(s) dict_keys(['example_trigger_controller_dag']) retrieved from /home/airflow/.local/lib/python3.11/site-packages/airflow/example_dags/example_trigger_controller_dag.py
[2023-11-02T08:47:16.072+0000] {logging_mixin.py:151} INFO - [2023-11-02T08:47:16.071+0000] {dag.py:2941} INFO - Sync 1 DAGs
[2023-11-02T08:47:16.088+0000] {logging_mixin.py:151} INFO - [2023-11-02T08:47:16.087+0000] {dag.py:3722} INFO - Setting next_dagrun for example_trigger_controller_dag to 2021-01-01T00:00:00+00:00, run_after=2021-01-01T00:00:00+00:00
[2023-11-02T08:47:16.098+0000] {processor.py:179} INFO - Processing /home/airflow/.local/lib/python3.11/site-packages/airflow/example_dags/example_trigger_controller_dag.py took 0.050 seconds
[2023-11-02T08:47:46.252+0000] {processor.py:157} INFO - Started process (PID=403) to work on /home/airflow/.local/lib/python3.11/site-packages/airflow/example_dags/example_trigger_controller_dag.py
[2023-11-02T08:47:46.256+0000] {processor.py:829} INFO - Processing file /home/airflow/.local/lib/python3.11/site-packages/airflow/example_dags/example_trigger_controller_dag.py for tasks to queue
[2023-11-02T08:47:46.258+0000] {logging_mixin.py:151} INFO - [2023-11-02T08:47:46.258+0000] {dagbag.py:536} INFO - Filling up the DagBag from /home/airflow/.local/lib/python3.11/site-packages/airflow/example_dags/example_trigger_controller_dag.py
[2023-11-02T08:47:46.262+0000] {processor.py:839} INFO - DAG(s) dict_keys(['example_trigger_controller_dag']) retrieved from /home/airflow/.local/lib/python3.11/site-packages/airflow/example_dags/example_trigger_controller_dag.py
[2023-11-02T08:47:46.281+0000] {logging_mixin.py:151} INFO - [2023-11-02T08:47:46.281+0000] {dag.py:2941} INFO - Sync 1 DAGs
[2023-11-02T08:47:46.296+0000] {logging_mixin.py:151} INFO - [2023-11-02T08:47:46.296+0000] {dag.py:3722} INFO - Setting next_dagrun for example_trigger_controller_dag to 2021-01-01T00:00:00+00:00, run_after=2021-01-01T00:00:00+00:00
[2023-11-02T08:47:46.307+0000] {processor.py:179} INFO - Processing /home/airflow/.local/lib/python3.11/site-packages/airflow/example_dags/example_trigger_controller_dag.py took 0.057 seconds
[2023-11-02T08:48:16.480+0000] {processor.py:157} INFO - Started process (PID=458) to work on /home/airflow/.local/lib/python3.11/site-packages/airflow/example_dags/example_trigger_controller_dag.py
[2023-11-02T08:48:16.481+0000] {processor.py:829} INFO - Processing file /home/airflow/.local/lib/python3.11/site-packages/airflow/example_dags/example_trigger_controller_dag.py for tasks to queue
[2023-11-02T08:48:16.483+0000] {logging_mixin.py:151} INFO - [2023-11-02T08:48:16.483+0000] {dagbag.py:536} INFO - Filling up the DagBag from /home/airflow/.local/lib/python3.11/site-packages/airflow/example_dags/example_trigger_controller_dag.py
[2023-11-02T08:48:16.486+0000] {processor.py:839} INFO - DAG(s) dict_keys(['example_trigger_controller_dag']) retrieved from /home/airflow/.local/lib/python3.11/site-packages/airflow/example_dags/example_trigger_controller_dag.py
[2023-11-02T08:48:16.505+0000] {logging_mixin.py:151} INFO - [2023-11-02T08:48:16.504+0000] {dag.py:2941} INFO - Sync 1 DAGs
[2023-11-02T08:48:16.521+0000] {logging_mixin.py:151} INFO - [2023-11-02T08:48:16.520+0000] {dag.py:3722} INFO - Setting next_dagrun for example_trigger_controller_dag to 2021-01-01T00:00:00+00:00, run_after=2021-01-01T00:00:00+00:00
[2023-11-02T08:48:16.534+0000] {processor.py:179} INFO - Processing /home/airflow/.local/lib/python3.11/site-packages/airflow/example_dags/example_trigger_controller_dag.py took 0.056 seconds
[2023-11-02T08:48:46.682+0000] {processor.py:157} INFO - Started process (PID=513) to work on /home/airflow/.local/lib/python3.11/site-packages/airflow/example_dags/example_trigger_controller_dag.py
[2023-11-02T08:48:46.683+0000] {processor.py:829} INFO - Processing file /home/airflow/.local/lib/python3.11/site-packages/airflow/example_dags/example_trigger_controller_dag.py for tasks to queue
[2023-11-02T08:48:46.686+0000] {logging_mixin.py:151} INFO - [2023-11-02T08:48:46.685+0000] {dagbag.py:536} INFO - Filling up the DagBag from /home/airflow/.local/lib/python3.11/site-packages/airflow/example_dags/example_trigger_controller_dag.py
[2023-11-02T08:48:46.689+0000] {processor.py:839} INFO - DAG(s) dict_keys(['example_trigger_controller_dag']) retrieved from /home/airflow/.local/lib/python3.11/site-packages/airflow/example_dags/example_trigger_controller_dag.py
[2023-11-02T08:48:46.704+0000] {logging_mixin.py:151} INFO - [2023-11-02T08:48:46.704+0000] {dag.py:2941} INFO - Sync 1 DAGs
[2023-11-02T08:48:46.718+0000] {logging_mixin.py:151} INFO - [2023-11-02T08:48:46.718+0000] {dag.py:3722} INFO - Setting next_dagrun for example_trigger_controller_dag to 2021-01-01T00:00:00+00:00, run_after=2021-01-01T00:00:00+00:00
[2023-11-02T08:48:46.730+0000] {processor.py:179} INFO - Processing /home/airflow/.local/lib/python3.11/site-packages/airflow/example_dags/example_trigger_controller_dag.py took 0.050 seconds
[2023-11-02T08:49:16.838+0000] {processor.py:157} INFO - Started process (PID=568) to work on /home/airflow/.local/lib/python3.11/site-packages/airflow/example_dags/example_trigger_controller_dag.py
[2023-11-02T08:49:16.839+0000] {processor.py:829} INFO - Processing file /home/airflow/.local/lib/python3.11/site-packages/airflow/example_dags/example_trigger_controller_dag.py for tasks to queue
[2023-11-02T08:49:16.841+0000] {logging_mixin.py:151} INFO - [2023-11-02T08:49:16.841+0000] {dagbag.py:536} INFO - Filling up the DagBag from /home/airflow/.local/lib/python3.11/site-packages/airflow/example_dags/example_trigger_controller_dag.py
[2023-11-02T08:49:16.845+0000] {processor.py:839} INFO - DAG(s) dict_keys(['example_trigger_controller_dag']) retrieved from /home/airflow/.local/lib/python3.11/site-packages/airflow/example_dags/example_trigger_controller_dag.py
[2023-11-02T08:49:16.859+0000] {logging_mixin.py:151} INFO - [2023-11-02T08:49:16.859+0000] {dag.py:2941} INFO - Sync 1 DAGs
[2023-11-02T08:49:16.875+0000] {logging_mixin.py:151} INFO - [2023-11-02T08:49:16.875+0000] {dag.py:3722} INFO - Setting next_dagrun for example_trigger_controller_dag to 2021-01-01T00:00:00+00:00, run_after=2021-01-01T00:00:00+00:00
[2023-11-02T08:49:16.887+0000] {processor.py:179} INFO - Processing /home/airflow/.local/lib/python3.11/site-packages/airflow/example_dags/example_trigger_controller_dag.py took 0.051 seconds
[2023-11-02T08:49:47.123+0000] {processor.py:157} INFO - Started process (PID=623) to work on /home/airflow/.local/lib/python3.11/site-packages/airflow/example_dags/example_trigger_controller_dag.py
[2023-11-02T08:49:47.124+0000] {processor.py:829} INFO - Processing file /home/airflow/.local/lib/python3.11/site-packages/airflow/example_dags/example_trigger_controller_dag.py for tasks to queue
[2023-11-02T08:49:47.127+0000] {logging_mixin.py:151} INFO - [2023-11-02T08:49:47.127+0000] {dagbag.py:536} INFO - Filling up the DagBag from /home/airflow/.local/lib/python3.11/site-packages/airflow/example_dags/example_trigger_controller_dag.py
[2023-11-02T08:49:47.135+0000] {processor.py:839} INFO - DAG(s) dict_keys(['example_trigger_controller_dag']) retrieved from /home/airflow/.local/lib/python3.11/site-packages/airflow/example_dags/example_trigger_controller_dag.py
[2023-11-02T08:49:47.151+0000] {logging_mixin.py:151} INFO - [2023-11-02T08:49:47.151+0000] {dag.py:2941} INFO - Sync 1 DAGs
[2023-11-02T08:49:47.167+0000] {logging_mixin.py:151} INFO - [2023-11-02T08:49:47.167+0000] {dag.py:3722} INFO - Setting next_dagrun for example_trigger_controller_dag to 2021-01-01T00:00:00+00:00, run_after=2021-01-01T00:00:00+00:00
[2023-11-02T08:49:47.178+0000] {processor.py:179} INFO - Processing /home/airflow/.local/lib/python3.11/site-packages/airflow/example_dags/example_trigger_controller_dag.py took 0.058 seconds
[2023-11-02T08:50:17.330+0000] {processor.py:157} INFO - Started process (PID=678) to work on /home/airflow/.local/lib/python3.11/site-packages/airflow/example_dags/example_trigger_controller_dag.py
[2023-11-02T08:50:17.333+0000] {processor.py:829} INFO - Processing file /home/airflow/.local/lib/python3.11/site-packages/airflow/example_dags/example_trigger_controller_dag.py for tasks to queue
[2023-11-02T08:50:17.338+0000] {logging_mixin.py:151} INFO - [2023-11-02T08:50:17.338+0000] {dagbag.py:536} INFO - Filling up the DagBag from /home/airflow/.local/lib/python3.11/site-packages/airflow/example_dags/example_trigger_controller_dag.py
[2023-11-02T08:50:17.343+0000] {processor.py:839} INFO - DAG(s) dict_keys(['example_trigger_controller_dag']) retrieved from /home/airflow/.local/lib/python3.11/site-packages/airflow/example_dags/example_trigger_controller_dag.py
[2023-11-02T08:50:17.357+0000] {logging_mixin.py:151} INFO - [2023-11-02T08:50:17.357+0000] {dag.py:2941} INFO - Sync 1 DAGs
[2023-11-02T08:50:17.371+0000] {logging_mixin.py:151} INFO - [2023-11-02T08:50:17.371+0000] {dag.py:3722} INFO - Setting next_dagrun for example_trigger_controller_dag to 2021-01-01T00:00:00+00:00, run_after=2021-01-01T00:00:00+00:00
[2023-11-02T08:50:17.382+0000] {processor.py:179} INFO - Processing /home/airflow/.local/lib/python3.11/site-packages/airflow/example_dags/example_trigger_controller_dag.py took 0.055 seconds
[2023-11-02T08:50:47.497+0000] {processor.py:157} INFO - Started process (PID=733) to work on /home/airflow/.local/lib/python3.11/site-packages/airflow/example_dags/example_trigger_controller_dag.py
[2023-11-02T08:50:47.500+0000] {processor.py:829} INFO - Processing file /home/airflow/.local/lib/python3.11/site-packages/airflow/example_dags/example_trigger_controller_dag.py for tasks to queue
[2023-11-02T08:50:47.501+0000] {logging_mixin.py:151} INFO - [2023-11-02T08:50:47.501+0000] {dagbag.py:536} INFO - Filling up the DagBag from /home/airflow/.local/lib/python3.11/site-packages/airflow/example_dags/example_trigger_controller_dag.py
[2023-11-02T08:50:47.505+0000] {processor.py:839} INFO - DAG(s) dict_keys(['example_trigger_controller_dag']) retrieved from /home/airflow/.local/lib/python3.11/site-packages/airflow/example_dags/example_trigger_controller_dag.py
[2023-11-02T08:50:47.519+0000] {logging_mixin.py:151} INFO - [2023-11-02T08:50:47.519+0000] {dag.py:2941} INFO - Sync 1 DAGs
[2023-11-02T08:50:47.532+0000] {logging_mixin.py:151} INFO - [2023-11-02T08:50:47.532+0000] {dag.py:3722} INFO - Setting next_dagrun for example_trigger_controller_dag to 2021-01-01T00:00:00+00:00, run_after=2021-01-01T00:00:00+00:00
[2023-11-02T08:50:47.543+0000] {processor.py:179} INFO - Processing /home/airflow/.local/lib/python3.11/site-packages/airflow/example_dags/example_trigger_controller_dag.py took 0.049 seconds
[2023-11-02T08:51:17.703+0000] {processor.py:157} INFO - Started process (PID=788) to work on /home/airflow/.local/lib/python3.11/site-packages/airflow/example_dags/example_trigger_controller_dag.py
[2023-11-02T08:51:17.708+0000] {processor.py:829} INFO - Processing file /home/airflow/.local/lib/python3.11/site-packages/airflow/example_dags/example_trigger_controller_dag.py for tasks to queue
[2023-11-02T08:51:17.711+0000] {logging_mixin.py:151} INFO - [2023-11-02T08:51:17.711+0000] {dagbag.py:536} INFO - Filling up the DagBag from /home/airflow/.local/lib/python3.11/site-packages/airflow/example_dags/example_trigger_controller_dag.py
[2023-11-02T08:51:17.715+0000] {processor.py:839} INFO - DAG(s) dict_keys(['example_trigger_controller_dag']) retrieved from /home/airflow/.local/lib/python3.11/site-packages/airflow/example_dags/example_trigger_controller_dag.py
[2023-11-02T08:51:17.729+0000] {logging_mixin.py:151} INFO - [2023-11-02T08:51:17.728+0000] {dag.py:2941} INFO - Sync 1 DAGs
[2023-11-02T08:51:17.743+0000] {logging_mixin.py:151} INFO - [2023-11-02T08:51:17.743+0000] {dag.py:3722} INFO - Setting next_dagrun for example_trigger_controller_dag to 2021-01-01T00:00:00+00:00, run_after=2021-01-01T00:00:00+00:00
[2023-11-02T08:51:17.754+0000] {processor.py:179} INFO - Processing /home/airflow/.local/lib/python3.11/site-packages/airflow/example_dags/example_trigger_controller_dag.py took 0.053 seconds
[2023-11-02T08:51:47.904+0000] {processor.py:157} INFO - Started process (PID=843) to work on /home/airflow/.local/lib/python3.11/site-packages/airflow/example_dags/example_trigger_controller_dag.py
[2023-11-02T08:51:47.905+0000] {processor.py:829} INFO - Processing file /home/airflow/.local/lib/python3.11/site-packages/airflow/example_dags/example_trigger_controller_dag.py for tasks to queue
[2023-11-02T08:51:47.907+0000] {logging_mixin.py:151} INFO - [2023-11-02T08:51:47.907+0000] {dagbag.py:536} INFO - Filling up the DagBag from /home/airflow/.local/lib/python3.11/site-packages/airflow/example_dags/example_trigger_controller_dag.py
[2023-11-02T08:51:47.910+0000] {processor.py:839} INFO - DAG(s) dict_keys(['example_trigger_controller_dag']) retrieved from /home/airflow/.local/lib/python3.11/site-packages/airflow/example_dags/example_trigger_controller_dag.py
[2023-11-02T08:51:47.927+0000] {logging_mixin.py:151} INFO - [2023-11-02T08:51:47.926+0000] {dag.py:2941} INFO - Sync 1 DAGs
[2023-11-02T08:51:47.944+0000] {logging_mixin.py:151} INFO - [2023-11-02T08:51:47.944+0000] {dag.py:3722} INFO - Setting next_dagrun for example_trigger_controller_dag to 2021-01-01T00:00:00+00:00, run_after=2021-01-01T00:00:00+00:00
[2023-11-02T08:51:47.957+0000] {processor.py:179} INFO - Processing /home/airflow/.local/lib/python3.11/site-packages/airflow/example_dags/example_trigger_controller_dag.py took 0.055 seconds
[2023-11-02T08:52:18.124+0000] {processor.py:157} INFO - Started process (PID=898) to work on /home/airflow/.local/lib/python3.11/site-packages/airflow/example_dags/example_trigger_controller_dag.py
[2023-11-02T08:52:18.124+0000] {processor.py:829} INFO - Processing file /home/airflow/.local/lib/python3.11/site-packages/airflow/example_dags/example_trigger_controller_dag.py for tasks to queue
[2023-11-02T08:52:18.126+0000] {logging_mixin.py:151} INFO - [2023-11-02T08:52:18.126+0000] {dagbag.py:536} INFO - Filling up the DagBag from /home/airflow/.local/lib/python3.11/site-packages/airflow/example_dags/example_trigger_controller_dag.py
[2023-11-02T08:52:18.129+0000] {processor.py:839} INFO - DAG(s) dict_keys(['example_trigger_controller_dag']) retrieved from /home/airflow/.local/lib/python3.11/site-packages/airflow/example_dags/example_trigger_controller_dag.py
[2023-11-02T08:52:18.143+0000] {logging_mixin.py:151} INFO - [2023-11-02T08:52:18.143+0000] {dag.py:2941} INFO - Sync 1 DAGs
[2023-11-02T08:52:18.157+0000] {logging_mixin.py:151} INFO - [2023-11-02T08:52:18.157+0000] {dag.py:3722} INFO - Setting next_dagrun for example_trigger_controller_dag to 2021-01-01T00:00:00+00:00, run_after=2021-01-01T00:00:00+00:00
[2023-11-02T08:52:18.173+0000] {processor.py:179} INFO - Processing /home/airflow/.local/lib/python3.11/site-packages/airflow/example_dags/example_trigger_controller_dag.py took 0.051 seconds
[2023-11-02T08:52:48.564+0000] {processor.py:157} INFO - Started process (PID=953) to work on /home/airflow/.local/lib/python3.11/site-packages/airflow/example_dags/example_trigger_controller_dag.py
[2023-11-02T08:52:48.565+0000] {processor.py:829} INFO - Processing file /home/airflow/.local/lib/python3.11/site-packages/airflow/example_dags/example_trigger_controller_dag.py for tasks to queue
[2023-11-02T08:52:48.572+0000] {logging_mixin.py:151} INFO - [2023-11-02T08:52:48.572+0000] {dagbag.py:536} INFO - Filling up the DagBag from /home/airflow/.local/lib/python3.11/site-packages/airflow/example_dags/example_trigger_controller_dag.py
[2023-11-02T08:52:48.616+0000] {processor.py:839} INFO - DAG(s) dict_keys(['example_trigger_controller_dag']) retrieved from /home/airflow/.local/lib/python3.11/site-packages/airflow/example_dags/example_trigger_controller_dag.py
[2023-11-02T08:52:48.789+0000] {logging_mixin.py:151} INFO - [2023-11-02T08:52:48.788+0000] {dag.py:2941} INFO - Sync 1 DAGs
[2023-11-02T08:52:48.886+0000] {logging_mixin.py:151} INFO - [2023-11-02T08:52:48.885+0000] {dag.py:3722} INFO - Setting next_dagrun for example_trigger_controller_dag to 2021-01-01T00:00:00+00:00, run_after=2021-01-01T00:00:00+00:00
[2023-11-02T08:52:48.923+0000] {processor.py:179} INFO - Processing /home/airflow/.local/lib/python3.11/site-packages/airflow/example_dags/example_trigger_controller_dag.py took 0.368 seconds
[2023-11-02T08:53:19.558+0000] {processor.py:157} INFO - Started process (PID=1008) to work on /home/airflow/.local/lib/python3.11/site-packages/airflow/example_dags/example_trigger_controller_dag.py
[2023-11-02T08:53:19.567+0000] {processor.py:829} INFO - Processing file /home/airflow/.local/lib/python3.11/site-packages/airflow/example_dags/example_trigger_controller_dag.py for tasks to queue
[2023-11-02T08:53:19.571+0000] {logging_mixin.py:151} INFO - [2023-11-02T08:53:19.571+0000] {dagbag.py:536} INFO - Filling up the DagBag from /home/airflow/.local/lib/python3.11/site-packages/airflow/example_dags/example_trigger_controller_dag.py
[2023-11-02T08:53:19.577+0000] {processor.py:839} INFO - DAG(s) dict_keys(['example_trigger_controller_dag']) retrieved from /home/airflow/.local/lib/python3.11/site-packages/airflow/example_dags/example_trigger_controller_dag.py
[2023-11-02T08:53:19.598+0000] {logging_mixin.py:151} INFO - [2023-11-02T08:53:19.597+0000] {dag.py:2941} INFO - Sync 1 DAGs
[2023-11-02T08:53:19.617+0000] {logging_mixin.py:151} INFO - [2023-11-02T08:53:19.617+0000] {dag.py:3722} INFO - Setting next_dagrun for example_trigger_controller_dag to 2021-01-01T00:00:00+00:00, run_after=2021-01-01T00:00:00+00:00
[2023-11-02T08:53:19.630+0000] {processor.py:179} INFO - Processing /home/airflow/.local/lib/python3.11/site-packages/airflow/example_dags/example_trigger_controller_dag.py took 0.075 seconds
[2023-11-02T08:53:49.824+0000] {processor.py:157} INFO - Started process (PID=1063) to work on /home/airflow/.local/lib/python3.11/site-packages/airflow/example_dags/example_trigger_controller_dag.py
[2023-11-02T08:53:49.826+0000] {processor.py:829} INFO - Processing file /home/airflow/.local/lib/python3.11/site-packages/airflow/example_dags/example_trigger_controller_dag.py for tasks to queue
[2023-11-02T08:53:49.829+0000] {logging_mixin.py:151} INFO - [2023-11-02T08:53:49.828+0000] {dagbag.py:536} INFO - Filling up the DagBag from /home/airflow/.local/lib/python3.11/site-packages/airflow/example_dags/example_trigger_controller_dag.py
[2023-11-02T08:53:49.836+0000] {processor.py:839} INFO - DAG(s) dict_keys(['example_trigger_controller_dag']) retrieved from /home/airflow/.local/lib/python3.11/site-packages/airflow/example_dags/example_trigger_controller_dag.py
[2023-11-02T08:53:49.852+0000] {logging_mixin.py:151} INFO - [2023-11-02T08:53:49.852+0000] {dag.py:2941} INFO - Sync 1 DAGs
[2023-11-02T08:53:49.868+0000] {logging_mixin.py:151} INFO - [2023-11-02T08:53:49.868+0000] {dag.py:3722} INFO - Setting next_dagrun for example_trigger_controller_dag to 2021-01-01T00:00:00+00:00, run_after=2021-01-01T00:00:00+00:00
[2023-11-02T08:53:49.880+0000] {processor.py:179} INFO - Processing /home/airflow/.local/lib/python3.11/site-packages/airflow/example_dags/example_trigger_controller_dag.py took 0.058 seconds
[2023-11-02T08:54:20.453+0000] {processor.py:157} INFO - Started process (PID=1118) to work on /home/airflow/.local/lib/python3.11/site-packages/airflow/example_dags/example_trigger_controller_dag.py
[2023-11-02T08:54:20.454+0000] {processor.py:829} INFO - Processing file /home/airflow/.local/lib/python3.11/site-packages/airflow/example_dags/example_trigger_controller_dag.py for tasks to queue
[2023-11-02T08:54:20.459+0000] {logging_mixin.py:151} INFO - [2023-11-02T08:54:20.459+0000] {dagbag.py:536} INFO - Filling up the DagBag from /home/airflow/.local/lib/python3.11/site-packages/airflow/example_dags/example_trigger_controller_dag.py
[2023-11-02T08:54:20.467+0000] {processor.py:839} INFO - DAG(s) dict_keys(['example_trigger_controller_dag']) retrieved from /home/airflow/.local/lib/python3.11/site-packages/airflow/example_dags/example_trigger_controller_dag.py
[2023-11-02T08:54:20.483+0000] {logging_mixin.py:151} INFO - [2023-11-02T08:54:20.483+0000] {dag.py:2941} INFO - Sync 1 DAGs
[2023-11-02T08:54:20.497+0000] {logging_mixin.py:151} INFO - [2023-11-02T08:54:20.496+0000] {dag.py:3722} INFO - Setting next_dagrun for example_trigger_controller_dag to 2021-01-01T00:00:00+00:00, run_after=2021-01-01T00:00:00+00:00
[2023-11-02T08:54:20.507+0000] {processor.py:179} INFO - Processing /home/airflow/.local/lib/python3.11/site-packages/airflow/example_dags/example_trigger_controller_dag.py took 0.058 seconds
[2023-11-02T08:54:51.393+0000] {processor.py:157} INFO - Started process (PID=1173) to work on /home/airflow/.local/lib/python3.11/site-packages/airflow/example_dags/example_trigger_controller_dag.py
[2023-11-02T08:54:51.395+0000] {processor.py:829} INFO - Processing file /home/airflow/.local/lib/python3.11/site-packages/airflow/example_dags/example_trigger_controller_dag.py for tasks to queue
[2023-11-02T08:54:51.404+0000] {logging_mixin.py:151} INFO - [2023-11-02T08:54:51.404+0000] {dagbag.py:536} INFO - Filling up the DagBag from /home/airflow/.local/lib/python3.11/site-packages/airflow/example_dags/example_trigger_controller_dag.py
[2023-11-02T08:54:51.417+0000] {processor.py:839} INFO - DAG(s) dict_keys(['example_trigger_controller_dag']) retrieved from /home/airflow/.local/lib/python3.11/site-packages/airflow/example_dags/example_trigger_controller_dag.py
[2023-11-02T08:54:51.454+0000] {logging_mixin.py:151} INFO - [2023-11-02T08:54:51.454+0000] {dag.py:2941} INFO - Sync 1 DAGs
[2023-11-02T08:54:51.485+0000] {logging_mixin.py:151} INFO - [2023-11-02T08:54:51.484+0000] {dag.py:3722} INFO - Setting next_dagrun for example_trigger_controller_dag to 2021-01-01T00:00:00+00:00, run_after=2021-01-01T00:00:00+00:00
[2023-11-02T08:54:51.504+0000] {processor.py:179} INFO - Processing /home/airflow/.local/lib/python3.11/site-packages/airflow/example_dags/example_trigger_controller_dag.py took 0.119 seconds
