[2023-11-02T08:44:38.656+0000] {processor.py:157} INFO - Started process (PID=48) to work on /home/airflow/.local/lib/python3.11/site-packages/airflow/example_dags/example_local_kubernetes_executor.py
[2023-11-02T08:44:38.658+0000] {processor.py:829} INFO - Processing file /home/airflow/.local/lib/python3.11/site-packages/airflow/example_dags/example_local_kubernetes_executor.py for tasks to queue
[2023-11-02T08:44:38.663+0000] {logging_mixin.py:151} INFO - [2023-11-02T08:44:38.662+0000] {dagbag.py:536} INFO - Filling up the DagBag from /home/airflow/.local/lib/python3.11/site-packages/airflow/example_dags/example_local_kubernetes_executor.py
[2023-11-02T08:44:38.689+0000] {processor.py:839} INFO - DAG(s) dict_keys(['example_local_kubernetes_executor']) retrieved from /home/airflow/.local/lib/python3.11/site-packages/airflow/example_dags/example_local_kubernetes_executor.py
[2023-11-02T08:44:39.213+0000] {logging_mixin.py:151} INFO - [2023-11-02T08:44:39.213+0000] {manager.py:499} INFO - Created Permission View: %s
[2023-11-02T08:44:39.227+0000] {logging_mixin.py:151} INFO - [2023-11-02T08:44:39.227+0000] {manager.py:499} INFO - Created Permission View: %s
[2023-11-02T08:44:39.237+0000] {logging_mixin.py:151} INFO - [2023-11-02T08:44:39.237+0000] {manager.py:499} INFO - Created Permission View: %s
[2023-11-02T08:44:39.240+0000] {logging_mixin.py:151} INFO - [2023-11-02T08:44:39.240+0000] {dag.py:2941} INFO - Sync 1 DAGs
[2023-11-02T08:44:39.271+0000] {logging_mixin.py:151} INFO - [2023-11-02T08:44:39.270+0000] {dag.py:2963} INFO - Creating ORM DAG for example_local_kubernetes_executor
[2023-11-02T08:44:39.273+0000] {logging_mixin.py:151} INFO - [2023-11-02T08:44:39.273+0000] {dag.py:3722} INFO - Setting next_dagrun for example_local_kubernetes_executor to None, run_after=None
[2023-11-02T08:44:39.329+0000] {processor.py:179} INFO - Processing /home/airflow/.local/lib/python3.11/site-packages/airflow/example_dags/example_local_kubernetes_executor.py took 0.680 seconds
[2023-11-02T08:45:09.804+0000] {processor.py:157} INFO - Started process (PID=103) to work on /home/airflow/.local/lib/python3.11/site-packages/airflow/example_dags/example_local_kubernetes_executor.py
[2023-11-02T08:45:09.808+0000] {processor.py:829} INFO - Processing file /home/airflow/.local/lib/python3.11/site-packages/airflow/example_dags/example_local_kubernetes_executor.py for tasks to queue
[2023-11-02T08:45:09.828+0000] {logging_mixin.py:151} INFO - [2023-11-02T08:45:09.826+0000] {dagbag.py:536} INFO - Filling up the DagBag from /home/airflow/.local/lib/python3.11/site-packages/airflow/example_dags/example_local_kubernetes_executor.py
[2023-11-02T08:45:09.872+0000] {processor.py:839} INFO - DAG(s) dict_keys(['example_local_kubernetes_executor']) retrieved from /home/airflow/.local/lib/python3.11/site-packages/airflow/example_dags/example_local_kubernetes_executor.py
[2023-11-02T08:45:10.098+0000] {logging_mixin.py:151} INFO - [2023-11-02T08:45:10.097+0000] {dag.py:2941} INFO - Sync 1 DAGs
[2023-11-02T08:45:10.156+0000] {logging_mixin.py:151} INFO - [2023-11-02T08:45:10.156+0000] {dag.py:3722} INFO - Setting next_dagrun for example_local_kubernetes_executor to None, run_after=None
[2023-11-02T08:45:10.217+0000] {processor.py:179} INFO - Processing /home/airflow/.local/lib/python3.11/site-packages/airflow/example_dags/example_local_kubernetes_executor.py took 0.430 seconds
[2023-11-02T08:45:40.812+0000] {processor.py:157} INFO - Started process (PID=158) to work on /home/airflow/.local/lib/python3.11/site-packages/airflow/example_dags/example_local_kubernetes_executor.py
[2023-11-02T08:45:40.814+0000] {processor.py:829} INFO - Processing file /home/airflow/.local/lib/python3.11/site-packages/airflow/example_dags/example_local_kubernetes_executor.py for tasks to queue
[2023-11-02T08:45:40.818+0000] {logging_mixin.py:151} INFO - [2023-11-02T08:45:40.818+0000] {dagbag.py:536} INFO - Filling up the DagBag from /home/airflow/.local/lib/python3.11/site-packages/airflow/example_dags/example_local_kubernetes_executor.py
[2023-11-02T08:45:40.832+0000] {processor.py:839} INFO - DAG(s) dict_keys(['example_local_kubernetes_executor']) retrieved from /home/airflow/.local/lib/python3.11/site-packages/airflow/example_dags/example_local_kubernetes_executor.py
[2023-11-02T08:45:40.870+0000] {logging_mixin.py:151} INFO - [2023-11-02T08:45:40.870+0000] {dag.py:2941} INFO - Sync 1 DAGs
[2023-11-02T08:45:40.884+0000] {logging_mixin.py:151} INFO - [2023-11-02T08:45:40.884+0000] {dag.py:3722} INFO - Setting next_dagrun for example_local_kubernetes_executor to None, run_after=None
[2023-11-02T08:45:40.898+0000] {processor.py:179} INFO - Processing /home/airflow/.local/lib/python3.11/site-packages/airflow/example_dags/example_local_kubernetes_executor.py took 0.095 seconds
[2023-11-02T08:46:11.614+0000] {processor.py:157} INFO - Started process (PID=213) to work on /home/airflow/.local/lib/python3.11/site-packages/airflow/example_dags/example_local_kubernetes_executor.py
[2023-11-02T08:46:11.616+0000] {processor.py:829} INFO - Processing file /home/airflow/.local/lib/python3.11/site-packages/airflow/example_dags/example_local_kubernetes_executor.py for tasks to queue
[2023-11-02T08:46:11.619+0000] {logging_mixin.py:151} INFO - [2023-11-02T08:46:11.618+0000] {dagbag.py:536} INFO - Filling up the DagBag from /home/airflow/.local/lib/python3.11/site-packages/airflow/example_dags/example_local_kubernetes_executor.py
[2023-11-02T08:46:11.628+0000] {processor.py:839} INFO - DAG(s) dict_keys(['example_local_kubernetes_executor']) retrieved from /home/airflow/.local/lib/python3.11/site-packages/airflow/example_dags/example_local_kubernetes_executor.py
[2023-11-02T08:46:11.656+0000] {logging_mixin.py:151} INFO - [2023-11-02T08:46:11.656+0000] {dag.py:2941} INFO - Sync 1 DAGs
[2023-11-02T08:46:11.664+0000] {logging_mixin.py:151} INFO - [2023-11-02T08:46:11.664+0000] {dag.py:3722} INFO - Setting next_dagrun for example_local_kubernetes_executor to None, run_after=None
[2023-11-02T08:46:11.674+0000] {processor.py:179} INFO - Processing /home/airflow/.local/lib/python3.11/site-packages/airflow/example_dags/example_local_kubernetes_executor.py took 0.065 seconds
[2023-11-02T08:46:42.077+0000] {processor.py:157} INFO - Started process (PID=268) to work on /home/airflow/.local/lib/python3.11/site-packages/airflow/example_dags/example_local_kubernetes_executor.py
[2023-11-02T08:46:42.078+0000] {processor.py:829} INFO - Processing file /home/airflow/.local/lib/python3.11/site-packages/airflow/example_dags/example_local_kubernetes_executor.py for tasks to queue
[2023-11-02T08:46:42.084+0000] {logging_mixin.py:151} INFO - [2023-11-02T08:46:42.084+0000] {dagbag.py:536} INFO - Filling up the DagBag from /home/airflow/.local/lib/python3.11/site-packages/airflow/example_dags/example_local_kubernetes_executor.py
[2023-11-02T08:46:42.093+0000] {processor.py:839} INFO - DAG(s) dict_keys(['example_local_kubernetes_executor']) retrieved from /home/airflow/.local/lib/python3.11/site-packages/airflow/example_dags/example_local_kubernetes_executor.py
[2023-11-02T08:46:42.117+0000] {logging_mixin.py:151} INFO - [2023-11-02T08:46:42.117+0000] {dag.py:2941} INFO - Sync 1 DAGs
[2023-11-02T08:46:42.125+0000] {logging_mixin.py:151} INFO - [2023-11-02T08:46:42.125+0000] {dag.py:3722} INFO - Setting next_dagrun for example_local_kubernetes_executor to None, run_after=None
[2023-11-02T08:46:42.136+0000] {processor.py:179} INFO - Processing /home/airflow/.local/lib/python3.11/site-packages/airflow/example_dags/example_local_kubernetes_executor.py took 0.063 seconds
[2023-11-02T08:47:12.263+0000] {processor.py:157} INFO - Started process (PID=323) to work on /home/airflow/.local/lib/python3.11/site-packages/airflow/example_dags/example_local_kubernetes_executor.py
[2023-11-02T08:47:12.268+0000] {processor.py:829} INFO - Processing file /home/airflow/.local/lib/python3.11/site-packages/airflow/example_dags/example_local_kubernetes_executor.py for tasks to queue
[2023-11-02T08:47:12.271+0000] {logging_mixin.py:151} INFO - [2023-11-02T08:47:12.270+0000] {dagbag.py:536} INFO - Filling up the DagBag from /home/airflow/.local/lib/python3.11/site-packages/airflow/example_dags/example_local_kubernetes_executor.py
[2023-11-02T08:47:12.279+0000] {processor.py:839} INFO - DAG(s) dict_keys(['example_local_kubernetes_executor']) retrieved from /home/airflow/.local/lib/python3.11/site-packages/airflow/example_dags/example_local_kubernetes_executor.py
[2023-11-02T08:47:12.305+0000] {logging_mixin.py:151} INFO - [2023-11-02T08:47:12.304+0000] {dag.py:2941} INFO - Sync 1 DAGs
[2023-11-02T08:47:12.313+0000] {logging_mixin.py:151} INFO - [2023-11-02T08:47:12.313+0000] {dag.py:3722} INFO - Setting next_dagrun for example_local_kubernetes_executor to None, run_after=None
[2023-11-02T08:47:12.325+0000] {processor.py:179} INFO - Processing /home/airflow/.local/lib/python3.11/site-packages/airflow/example_dags/example_local_kubernetes_executor.py took 0.065 seconds
[2023-11-02T08:47:42.411+0000] {processor.py:157} INFO - Started process (PID=378) to work on /home/airflow/.local/lib/python3.11/site-packages/airflow/example_dags/example_local_kubernetes_executor.py
[2023-11-02T08:47:42.413+0000] {processor.py:829} INFO - Processing file /home/airflow/.local/lib/python3.11/site-packages/airflow/example_dags/example_local_kubernetes_executor.py for tasks to queue
[2023-11-02T08:47:42.416+0000] {logging_mixin.py:151} INFO - [2023-11-02T08:47:42.416+0000] {dagbag.py:536} INFO - Filling up the DagBag from /home/airflow/.local/lib/python3.11/site-packages/airflow/example_dags/example_local_kubernetes_executor.py
[2023-11-02T08:47:42.425+0000] {processor.py:839} INFO - DAG(s) dict_keys(['example_local_kubernetes_executor']) retrieved from /home/airflow/.local/lib/python3.11/site-packages/airflow/example_dags/example_local_kubernetes_executor.py
[2023-11-02T08:47:42.456+0000] {logging_mixin.py:151} INFO - [2023-11-02T08:47:42.456+0000] {dag.py:2941} INFO - Sync 1 DAGs
[2023-11-02T08:47:42.464+0000] {logging_mixin.py:151} INFO - [2023-11-02T08:47:42.464+0000] {dag.py:3722} INFO - Setting next_dagrun for example_local_kubernetes_executor to None, run_after=None
[2023-11-02T08:47:42.477+0000] {processor.py:179} INFO - Processing /home/airflow/.local/lib/python3.11/site-packages/airflow/example_dags/example_local_kubernetes_executor.py took 0.069 seconds
[2023-11-02T08:48:12.717+0000] {processor.py:157} INFO - Started process (PID=433) to work on /home/airflow/.local/lib/python3.11/site-packages/airflow/example_dags/example_local_kubernetes_executor.py
[2023-11-02T08:48:12.719+0000] {processor.py:829} INFO - Processing file /home/airflow/.local/lib/python3.11/site-packages/airflow/example_dags/example_local_kubernetes_executor.py for tasks to queue
[2023-11-02T08:48:12.722+0000] {logging_mixin.py:151} INFO - [2023-11-02T08:48:12.722+0000] {dagbag.py:536} INFO - Filling up the DagBag from /home/airflow/.local/lib/python3.11/site-packages/airflow/example_dags/example_local_kubernetes_executor.py
[2023-11-02T08:48:12.732+0000] {processor.py:839} INFO - DAG(s) dict_keys(['example_local_kubernetes_executor']) retrieved from /home/airflow/.local/lib/python3.11/site-packages/airflow/example_dags/example_local_kubernetes_executor.py
[2023-11-02T08:48:12.757+0000] {logging_mixin.py:151} INFO - [2023-11-02T08:48:12.756+0000] {dag.py:2941} INFO - Sync 1 DAGs
[2023-11-02T08:48:12.765+0000] {logging_mixin.py:151} INFO - [2023-11-02T08:48:12.765+0000] {dag.py:3722} INFO - Setting next_dagrun for example_local_kubernetes_executor to None, run_after=None
[2023-11-02T08:48:12.775+0000] {processor.py:179} INFO - Processing /home/airflow/.local/lib/python3.11/site-packages/airflow/example_dags/example_local_kubernetes_executor.py took 0.063 seconds
[2023-11-02T08:48:42.861+0000] {processor.py:157} INFO - Started process (PID=488) to work on /home/airflow/.local/lib/python3.11/site-packages/airflow/example_dags/example_local_kubernetes_executor.py
[2023-11-02T08:48:42.864+0000] {processor.py:829} INFO - Processing file /home/airflow/.local/lib/python3.11/site-packages/airflow/example_dags/example_local_kubernetes_executor.py for tasks to queue
[2023-11-02T08:48:42.867+0000] {logging_mixin.py:151} INFO - [2023-11-02T08:48:42.867+0000] {dagbag.py:536} INFO - Filling up the DagBag from /home/airflow/.local/lib/python3.11/site-packages/airflow/example_dags/example_local_kubernetes_executor.py
[2023-11-02T08:48:42.877+0000] {processor.py:839} INFO - DAG(s) dict_keys(['example_local_kubernetes_executor']) retrieved from /home/airflow/.local/lib/python3.11/site-packages/airflow/example_dags/example_local_kubernetes_executor.py
[2023-11-02T08:48:42.900+0000] {logging_mixin.py:151} INFO - [2023-11-02T08:48:42.900+0000] {dag.py:2941} INFO - Sync 1 DAGs
[2023-11-02T08:48:42.909+0000] {logging_mixin.py:151} INFO - [2023-11-02T08:48:42.908+0000] {dag.py:3722} INFO - Setting next_dagrun for example_local_kubernetes_executor to None, run_after=None
[2023-11-02T08:48:42.920+0000] {processor.py:179} INFO - Processing /home/airflow/.local/lib/python3.11/site-packages/airflow/example_dags/example_local_kubernetes_executor.py took 0.063 seconds
[2023-11-02T08:49:13.055+0000] {processor.py:157} INFO - Started process (PID=543) to work on /home/airflow/.local/lib/python3.11/site-packages/airflow/example_dags/example_local_kubernetes_executor.py
[2023-11-02T08:49:13.057+0000] {processor.py:829} INFO - Processing file /home/airflow/.local/lib/python3.11/site-packages/airflow/example_dags/example_local_kubernetes_executor.py for tasks to queue
[2023-11-02T08:49:13.060+0000] {logging_mixin.py:151} INFO - [2023-11-02T08:49:13.060+0000] {dagbag.py:536} INFO - Filling up the DagBag from /home/airflow/.local/lib/python3.11/site-packages/airflow/example_dags/example_local_kubernetes_executor.py
[2023-11-02T08:49:13.072+0000] {processor.py:839} INFO - DAG(s) dict_keys(['example_local_kubernetes_executor']) retrieved from /home/airflow/.local/lib/python3.11/site-packages/airflow/example_dags/example_local_kubernetes_executor.py
[2023-11-02T08:49:13.099+0000] {logging_mixin.py:151} INFO - [2023-11-02T08:49:13.099+0000] {dag.py:2941} INFO - Sync 1 DAGs
[2023-11-02T08:49:13.107+0000] {logging_mixin.py:151} INFO - [2023-11-02T08:49:13.107+0000] {dag.py:3722} INFO - Setting next_dagrun for example_local_kubernetes_executor to None, run_after=None
[2023-11-02T08:49:13.120+0000] {processor.py:179} INFO - Processing /home/airflow/.local/lib/python3.11/site-packages/airflow/example_dags/example_local_kubernetes_executor.py took 0.071 seconds
[2023-11-02T08:49:43.331+0000] {processor.py:157} INFO - Started process (PID=598) to work on /home/airflow/.local/lib/python3.11/site-packages/airflow/example_dags/example_local_kubernetes_executor.py
[2023-11-02T08:49:43.334+0000] {processor.py:829} INFO - Processing file /home/airflow/.local/lib/python3.11/site-packages/airflow/example_dags/example_local_kubernetes_executor.py for tasks to queue
[2023-11-02T08:49:43.337+0000] {logging_mixin.py:151} INFO - [2023-11-02T08:49:43.337+0000] {dagbag.py:536} INFO - Filling up the DagBag from /home/airflow/.local/lib/python3.11/site-packages/airflow/example_dags/example_local_kubernetes_executor.py
[2023-11-02T08:49:43.349+0000] {processor.py:839} INFO - DAG(s) dict_keys(['example_local_kubernetes_executor']) retrieved from /home/airflow/.local/lib/python3.11/site-packages/airflow/example_dags/example_local_kubernetes_executor.py
[2023-11-02T08:49:43.379+0000] {logging_mixin.py:151} INFO - [2023-11-02T08:49:43.378+0000] {dag.py:2941} INFO - Sync 1 DAGs
[2023-11-02T08:49:43.388+0000] {logging_mixin.py:151} INFO - [2023-11-02T08:49:43.388+0000] {dag.py:3722} INFO - Setting next_dagrun for example_local_kubernetes_executor to None, run_after=None
[2023-11-02T08:49:43.401+0000] {processor.py:179} INFO - Processing /home/airflow/.local/lib/python3.11/site-packages/airflow/example_dags/example_local_kubernetes_executor.py took 0.075 seconds
[2023-11-02T08:50:13.549+0000] {processor.py:157} INFO - Started process (PID=653) to work on /home/airflow/.local/lib/python3.11/site-packages/airflow/example_dags/example_local_kubernetes_executor.py
[2023-11-02T08:50:13.550+0000] {processor.py:829} INFO - Processing file /home/airflow/.local/lib/python3.11/site-packages/airflow/example_dags/example_local_kubernetes_executor.py for tasks to queue
[2023-11-02T08:50:13.553+0000] {logging_mixin.py:151} INFO - [2023-11-02T08:50:13.553+0000] {dagbag.py:536} INFO - Filling up the DagBag from /home/airflow/.local/lib/python3.11/site-packages/airflow/example_dags/example_local_kubernetes_executor.py
[2023-11-02T08:50:13.564+0000] {processor.py:839} INFO - DAG(s) dict_keys(['example_local_kubernetes_executor']) retrieved from /home/airflow/.local/lib/python3.11/site-packages/airflow/example_dags/example_local_kubernetes_executor.py
[2023-11-02T08:50:13.595+0000] {logging_mixin.py:151} INFO - [2023-11-02T08:50:13.594+0000] {dag.py:2941} INFO - Sync 1 DAGs
[2023-11-02T08:50:13.605+0000] {logging_mixin.py:151} INFO - [2023-11-02T08:50:13.605+0000] {dag.py:3722} INFO - Setting next_dagrun for example_local_kubernetes_executor to None, run_after=None
[2023-11-02T08:50:13.617+0000] {processor.py:179} INFO - Processing /home/airflow/.local/lib/python3.11/site-packages/airflow/example_dags/example_local_kubernetes_executor.py took 0.071 seconds
[2023-11-02T08:50:43.705+0000] {processor.py:157} INFO - Started process (PID=708) to work on /home/airflow/.local/lib/python3.11/site-packages/airflow/example_dags/example_local_kubernetes_executor.py
[2023-11-02T08:50:43.706+0000] {processor.py:829} INFO - Processing file /home/airflow/.local/lib/python3.11/site-packages/airflow/example_dags/example_local_kubernetes_executor.py for tasks to queue
[2023-11-02T08:50:43.710+0000] {logging_mixin.py:151} INFO - [2023-11-02T08:50:43.710+0000] {dagbag.py:536} INFO - Filling up the DagBag from /home/airflow/.local/lib/python3.11/site-packages/airflow/example_dags/example_local_kubernetes_executor.py
[2023-11-02T08:50:43.719+0000] {processor.py:839} INFO - DAG(s) dict_keys(['example_local_kubernetes_executor']) retrieved from /home/airflow/.local/lib/python3.11/site-packages/airflow/example_dags/example_local_kubernetes_executor.py
[2023-11-02T08:50:43.745+0000] {logging_mixin.py:151} INFO - [2023-11-02T08:50:43.744+0000] {dag.py:2941} INFO - Sync 1 DAGs
[2023-11-02T08:50:43.756+0000] {logging_mixin.py:151} INFO - [2023-11-02T08:50:43.756+0000] {dag.py:3722} INFO - Setting next_dagrun for example_local_kubernetes_executor to None, run_after=None
[2023-11-02T08:50:43.770+0000] {processor.py:179} INFO - Processing /home/airflow/.local/lib/python3.11/site-packages/airflow/example_dags/example_local_kubernetes_executor.py took 0.068 seconds
[2023-11-02T08:51:14.740+0000] {processor.py:157} INFO - Started process (PID=770) to work on /home/airflow/.local/lib/python3.11/site-packages/airflow/example_dags/example_local_kubernetes_executor.py
[2023-11-02T08:51:14.743+0000] {processor.py:829} INFO - Processing file /home/airflow/.local/lib/python3.11/site-packages/airflow/example_dags/example_local_kubernetes_executor.py for tasks to queue
[2023-11-02T08:51:14.750+0000] {logging_mixin.py:151} INFO - [2023-11-02T08:51:14.750+0000] {dagbag.py:536} INFO - Filling up the DagBag from /home/airflow/.local/lib/python3.11/site-packages/airflow/example_dags/example_local_kubernetes_executor.py
[2023-11-02T08:51:14.765+0000] {processor.py:839} INFO - DAG(s) dict_keys(['example_local_kubernetes_executor']) retrieved from /home/airflow/.local/lib/python3.11/site-packages/airflow/example_dags/example_local_kubernetes_executor.py
[2023-11-02T08:51:14.821+0000] {logging_mixin.py:151} INFO - [2023-11-02T08:51:14.821+0000] {dag.py:2941} INFO - Sync 1 DAGs
[2023-11-02T08:51:14.835+0000] {logging_mixin.py:151} INFO - [2023-11-02T08:51:14.835+0000] {dag.py:3722} INFO - Setting next_dagrun for example_local_kubernetes_executor to None, run_after=None
[2023-11-02T08:51:14.852+0000] {processor.py:179} INFO - Processing /home/airflow/.local/lib/python3.11/site-packages/airflow/example_dags/example_local_kubernetes_executor.py took 0.117 seconds
[2023-11-02T08:51:44.996+0000] {processor.py:157} INFO - Started process (PID=825) to work on /home/airflow/.local/lib/python3.11/site-packages/airflow/example_dags/example_local_kubernetes_executor.py
[2023-11-02T08:51:44.997+0000] {processor.py:829} INFO - Processing file /home/airflow/.local/lib/python3.11/site-packages/airflow/example_dags/example_local_kubernetes_executor.py for tasks to queue
[2023-11-02T08:51:45.001+0000] {logging_mixin.py:151} INFO - [2023-11-02T08:51:45.001+0000] {dagbag.py:536} INFO - Filling up the DagBag from /home/airflow/.local/lib/python3.11/site-packages/airflow/example_dags/example_local_kubernetes_executor.py
[2023-11-02T08:51:45.012+0000] {processor.py:839} INFO - DAG(s) dict_keys(['example_local_kubernetes_executor']) retrieved from /home/airflow/.local/lib/python3.11/site-packages/airflow/example_dags/example_local_kubernetes_executor.py
[2023-11-02T08:51:45.041+0000] {logging_mixin.py:151} INFO - [2023-11-02T08:51:45.041+0000] {dag.py:2941} INFO - Sync 1 DAGs
[2023-11-02T08:51:45.050+0000] {logging_mixin.py:151} INFO - [2023-11-02T08:51:45.050+0000] {dag.py:3722} INFO - Setting next_dagrun for example_local_kubernetes_executor to None, run_after=None
[2023-11-02T08:51:45.061+0000] {processor.py:179} INFO - Processing /home/airflow/.local/lib/python3.11/site-packages/airflow/example_dags/example_local_kubernetes_executor.py took 0.068 seconds
[2023-11-02T08:52:15.219+0000] {processor.py:157} INFO - Started process (PID=880) to work on /home/airflow/.local/lib/python3.11/site-packages/airflow/example_dags/example_local_kubernetes_executor.py
[2023-11-02T08:52:15.221+0000] {processor.py:829} INFO - Processing file /home/airflow/.local/lib/python3.11/site-packages/airflow/example_dags/example_local_kubernetes_executor.py for tasks to queue
[2023-11-02T08:52:15.224+0000] {logging_mixin.py:151} INFO - [2023-11-02T08:52:15.224+0000] {dagbag.py:536} INFO - Filling up the DagBag from /home/airflow/.local/lib/python3.11/site-packages/airflow/example_dags/example_local_kubernetes_executor.py
[2023-11-02T08:52:15.235+0000] {processor.py:839} INFO - DAG(s) dict_keys(['example_local_kubernetes_executor']) retrieved from /home/airflow/.local/lib/python3.11/site-packages/airflow/example_dags/example_local_kubernetes_executor.py
[2023-11-02T08:52:15.274+0000] {logging_mixin.py:151} INFO - [2023-11-02T08:52:15.274+0000] {dag.py:2941} INFO - Sync 1 DAGs
[2023-11-02T08:52:15.286+0000] {logging_mixin.py:151} INFO - [2023-11-02T08:52:15.286+0000] {dag.py:3722} INFO - Setting next_dagrun for example_local_kubernetes_executor to None, run_after=None
[2023-11-02T08:52:15.301+0000] {processor.py:179} INFO - Processing /home/airflow/.local/lib/python3.11/site-packages/airflow/example_dags/example_local_kubernetes_executor.py took 0.092 seconds
[2023-11-02T08:52:45.412+0000] {processor.py:157} INFO - Started process (PID=935) to work on /home/airflow/.local/lib/python3.11/site-packages/airflow/example_dags/example_local_kubernetes_executor.py
[2023-11-02T08:52:45.413+0000] {processor.py:829} INFO - Processing file /home/airflow/.local/lib/python3.11/site-packages/airflow/example_dags/example_local_kubernetes_executor.py for tasks to queue
[2023-11-02T08:52:45.418+0000] {logging_mixin.py:151} INFO - [2023-11-02T08:52:45.418+0000] {dagbag.py:536} INFO - Filling up the DagBag from /home/airflow/.local/lib/python3.11/site-packages/airflow/example_dags/example_local_kubernetes_executor.py
[2023-11-02T08:52:45.427+0000] {processor.py:839} INFO - DAG(s) dict_keys(['example_local_kubernetes_executor']) retrieved from /home/airflow/.local/lib/python3.11/site-packages/airflow/example_dags/example_local_kubernetes_executor.py
[2023-11-02T08:52:45.451+0000] {logging_mixin.py:151} INFO - [2023-11-02T08:52:45.451+0000] {dag.py:2941} INFO - Sync 1 DAGs
[2023-11-02T08:52:45.460+0000] {logging_mixin.py:151} INFO - [2023-11-02T08:52:45.460+0000] {dag.py:3722} INFO - Setting next_dagrun for example_local_kubernetes_executor to None, run_after=None
[2023-11-02T08:52:45.472+0000] {processor.py:179} INFO - Processing /home/airflow/.local/lib/python3.11/site-packages/airflow/example_dags/example_local_kubernetes_executor.py took 0.064 seconds
[2023-11-02T08:53:15.857+0000] {processor.py:157} INFO - Started process (PID=990) to work on /home/airflow/.local/lib/python3.11/site-packages/airflow/example_dags/example_local_kubernetes_executor.py
[2023-11-02T08:53:15.858+0000] {processor.py:829} INFO - Processing file /home/airflow/.local/lib/python3.11/site-packages/airflow/example_dags/example_local_kubernetes_executor.py for tasks to queue
[2023-11-02T08:53:15.861+0000] {logging_mixin.py:151} INFO - [2023-11-02T08:53:15.860+0000] {dagbag.py:536} INFO - Filling up the DagBag from /home/airflow/.local/lib/python3.11/site-packages/airflow/example_dags/example_local_kubernetes_executor.py
[2023-11-02T08:53:15.872+0000] {processor.py:839} INFO - DAG(s) dict_keys(['example_local_kubernetes_executor']) retrieved from /home/airflow/.local/lib/python3.11/site-packages/airflow/example_dags/example_local_kubernetes_executor.py
[2023-11-02T08:53:15.899+0000] {logging_mixin.py:151} INFO - [2023-11-02T08:53:15.899+0000] {dag.py:2941} INFO - Sync 1 DAGs
[2023-11-02T08:53:15.907+0000] {logging_mixin.py:151} INFO - [2023-11-02T08:53:15.907+0000] {dag.py:3722} INFO - Setting next_dagrun for example_local_kubernetes_executor to None, run_after=None
[2023-11-02T08:53:15.918+0000] {processor.py:179} INFO - Processing /home/airflow/.local/lib/python3.11/site-packages/airflow/example_dags/example_local_kubernetes_executor.py took 0.066 seconds
[2023-11-02T08:53:46.096+0000] {processor.py:157} INFO - Started process (PID=1045) to work on /home/airflow/.local/lib/python3.11/site-packages/airflow/example_dags/example_local_kubernetes_executor.py
[2023-11-02T08:53:46.097+0000] {processor.py:829} INFO - Processing file /home/airflow/.local/lib/python3.11/site-packages/airflow/example_dags/example_local_kubernetes_executor.py for tasks to queue
[2023-11-02T08:53:46.099+0000] {logging_mixin.py:151} INFO - [2023-11-02T08:53:46.099+0000] {dagbag.py:536} INFO - Filling up the DagBag from /home/airflow/.local/lib/python3.11/site-packages/airflow/example_dags/example_local_kubernetes_executor.py
[2023-11-02T08:53:46.108+0000] {processor.py:839} INFO - DAG(s) dict_keys(['example_local_kubernetes_executor']) retrieved from /home/airflow/.local/lib/python3.11/site-packages/airflow/example_dags/example_local_kubernetes_executor.py
[2023-11-02T08:53:46.130+0000] {logging_mixin.py:151} INFO - [2023-11-02T08:53:46.130+0000] {dag.py:2941} INFO - Sync 1 DAGs
[2023-11-02T08:53:46.139+0000] {logging_mixin.py:151} INFO - [2023-11-02T08:53:46.139+0000] {dag.py:3722} INFO - Setting next_dagrun for example_local_kubernetes_executor to None, run_after=None
[2023-11-02T08:53:46.150+0000] {processor.py:179} INFO - Processing /home/airflow/.local/lib/python3.11/site-packages/airflow/example_dags/example_local_kubernetes_executor.py took 0.058 seconds
[2023-11-02T08:54:16.759+0000] {processor.py:157} INFO - Started process (PID=1100) to work on /home/airflow/.local/lib/python3.11/site-packages/airflow/example_dags/example_local_kubernetes_executor.py
[2023-11-02T08:54:16.762+0000] {processor.py:829} INFO - Processing file /home/airflow/.local/lib/python3.11/site-packages/airflow/example_dags/example_local_kubernetes_executor.py for tasks to queue
[2023-11-02T08:54:16.763+0000] {logging_mixin.py:151} INFO - [2023-11-02T08:54:16.763+0000] {dagbag.py:536} INFO - Filling up the DagBag from /home/airflow/.local/lib/python3.11/site-packages/airflow/example_dags/example_local_kubernetes_executor.py
[2023-11-02T08:54:16.769+0000] {processor.py:839} INFO - DAG(s) dict_keys(['example_local_kubernetes_executor']) retrieved from /home/airflow/.local/lib/python3.11/site-packages/airflow/example_dags/example_local_kubernetes_executor.py
[2023-11-02T08:54:16.791+0000] {logging_mixin.py:151} INFO - [2023-11-02T08:54:16.791+0000] {dag.py:2941} INFO - Sync 1 DAGs
[2023-11-02T08:54:16.799+0000] {logging_mixin.py:151} INFO - [2023-11-02T08:54:16.799+0000] {dag.py:3722} INFO - Setting next_dagrun for example_local_kubernetes_executor to None, run_after=None
[2023-11-02T08:54:16.810+0000] {processor.py:179} INFO - Processing /home/airflow/.local/lib/python3.11/site-packages/airflow/example_dags/example_local_kubernetes_executor.py took 0.054 seconds
[2023-11-02T08:54:46.922+0000] {processor.py:157} INFO - Started process (PID=1155) to work on /home/airflow/.local/lib/python3.11/site-packages/airflow/example_dags/example_local_kubernetes_executor.py
[2023-11-02T08:54:46.923+0000] {processor.py:829} INFO - Processing file /home/airflow/.local/lib/python3.11/site-packages/airflow/example_dags/example_local_kubernetes_executor.py for tasks to queue
[2023-11-02T08:54:46.926+0000] {logging_mixin.py:151} INFO - [2023-11-02T08:54:46.925+0000] {dagbag.py:536} INFO - Filling up the DagBag from /home/airflow/.local/lib/python3.11/site-packages/airflow/example_dags/example_local_kubernetes_executor.py
[2023-11-02T08:54:46.940+0000] {processor.py:839} INFO - DAG(s) dict_keys(['example_local_kubernetes_executor']) retrieved from /home/airflow/.local/lib/python3.11/site-packages/airflow/example_dags/example_local_kubernetes_executor.py
[2023-11-02T08:54:46.978+0000] {logging_mixin.py:151} INFO - [2023-11-02T08:54:46.978+0000] {dag.py:2941} INFO - Sync 1 DAGs
[2023-11-02T08:54:46.991+0000] {logging_mixin.py:151} INFO - [2023-11-02T08:54:46.991+0000] {dag.py:3722} INFO - Setting next_dagrun for example_local_kubernetes_executor to None, run_after=None
[2023-11-02T08:54:47.005+0000] {processor.py:179} INFO - Processing /home/airflow/.local/lib/python3.11/site-packages/airflow/example_dags/example_local_kubernetes_executor.py took 0.087 seconds
