[2023-11-02T08:44:41.806+0000] {processor.py:157} INFO - Started process (PID=55) to work on /home/airflow/.local/lib/python3.11/site-packages/airflow/example_dags/example_sensors.py
[2023-11-02T08:44:41.808+0000] {processor.py:829} INFO - Processing file /home/airflow/.local/lib/python3.11/site-packages/airflow/example_dags/example_sensors.py for tasks to queue
[2023-11-02T08:44:41.813+0000] {logging_mixin.py:151} INFO - [2023-11-02T08:44:41.812+0000] {dagbag.py:536} INFO - Filling up the DagBag from /home/airflow/.local/lib/python3.11/site-packages/airflow/example_dags/example_sensors.py
[2023-11-02T08:44:41.835+0000] {processor.py:839} INFO - DAG(s) dict_keys(['example_sensors']) retrieved from /home/airflow/.local/lib/python3.11/site-packages/airflow/example_dags/example_sensors.py
[2023-11-02T08:44:41.995+0000] {logging_mixin.py:151} INFO - [2023-11-02T08:44:41.995+0000] {manager.py:499} INFO - Created Permission View: %s
[2023-11-02T08:44:42.008+0000] {logging_mixin.py:151} INFO - [2023-11-02T08:44:42.008+0000] {manager.py:499} INFO - Created Permission View: %s
[2023-11-02T08:44:42.015+0000] {logging_mixin.py:151} INFO - [2023-11-02T08:44:42.015+0000] {manager.py:499} INFO - Created Permission View: %s
[2023-11-02T08:44:42.017+0000] {logging_mixin.py:151} INFO - [2023-11-02T08:44:42.016+0000] {dag.py:2941} INFO - Sync 1 DAGs
[2023-11-02T08:44:42.033+0000] {logging_mixin.py:151} INFO - [2023-11-02T08:44:42.033+0000] {dag.py:2963} INFO - Creating ORM DAG for example_sensors
[2023-11-02T08:44:42.035+0000] {logging_mixin.py:151} INFO - [2023-11-02T08:44:42.035+0000] {dag.py:3722} INFO - Setting next_dagrun for example_sensors to None, run_after=None
[2023-11-02T08:44:42.052+0000] {processor.py:179} INFO - Processing /home/airflow/.local/lib/python3.11/site-packages/airflow/example_dags/example_sensors.py took 0.251 seconds
[2023-11-02T08:45:12.166+0000] {processor.py:157} INFO - Started process (PID=110) to work on /home/airflow/.local/lib/python3.11/site-packages/airflow/example_dags/example_sensors.py
[2023-11-02T08:45:12.169+0000] {processor.py:829} INFO - Processing file /home/airflow/.local/lib/python3.11/site-packages/airflow/example_dags/example_sensors.py for tasks to queue
[2023-11-02T08:45:12.173+0000] {logging_mixin.py:151} INFO - [2023-11-02T08:45:12.172+0000] {dagbag.py:536} INFO - Filling up the DagBag from /home/airflow/.local/lib/python3.11/site-packages/airflow/example_dags/example_sensors.py
[2023-11-02T08:45:12.189+0000] {processor.py:839} INFO - DAG(s) dict_keys(['example_sensors']) retrieved from /home/airflow/.local/lib/python3.11/site-packages/airflow/example_dags/example_sensors.py
[2023-11-02T08:45:12.218+0000] {logging_mixin.py:151} INFO - [2023-11-02T08:45:12.218+0000] {dag.py:2941} INFO - Sync 1 DAGs
[2023-11-02T08:45:12.230+0000] {logging_mixin.py:151} INFO - [2023-11-02T08:45:12.229+0000] {dag.py:3722} INFO - Setting next_dagrun for example_sensors to None, run_after=None
[2023-11-02T08:45:12.244+0000] {processor.py:179} INFO - Processing /home/airflow/.local/lib/python3.11/site-packages/airflow/example_dags/example_sensors.py took 0.080 seconds
[2023-11-02T08:45:42.311+0000] {processor.py:157} INFO - Started process (PID=165) to work on /home/airflow/.local/lib/python3.11/site-packages/airflow/example_dags/example_sensors.py
[2023-11-02T08:45:42.311+0000] {processor.py:829} INFO - Processing file /home/airflow/.local/lib/python3.11/site-packages/airflow/example_dags/example_sensors.py for tasks to queue
[2023-11-02T08:45:42.313+0000] {logging_mixin.py:151} INFO - [2023-11-02T08:45:42.313+0000] {dagbag.py:536} INFO - Filling up the DagBag from /home/airflow/.local/lib/python3.11/site-packages/airflow/example_dags/example_sensors.py
[2023-11-02T08:45:42.321+0000] {processor.py:839} INFO - DAG(s) dict_keys(['example_sensors']) retrieved from /home/airflow/.local/lib/python3.11/site-packages/airflow/example_dags/example_sensors.py
[2023-11-02T08:45:42.344+0000] {logging_mixin.py:151} INFO - [2023-11-02T08:45:42.344+0000] {dag.py:2941} INFO - Sync 1 DAGs
[2023-11-02T08:45:42.355+0000] {logging_mixin.py:151} INFO - [2023-11-02T08:45:42.354+0000] {dag.py:3722} INFO - Setting next_dagrun for example_sensors to None, run_after=None
[2023-11-02T08:45:42.370+0000] {processor.py:179} INFO - Processing /home/airflow/.local/lib/python3.11/site-packages/airflow/example_dags/example_sensors.py took 0.061 seconds
[2023-11-02T08:46:12.894+0000] {processor.py:157} INFO - Started process (PID=220) to work on /home/airflow/.local/lib/python3.11/site-packages/airflow/example_dags/example_sensors.py
[2023-11-02T08:46:12.895+0000] {processor.py:829} INFO - Processing file /home/airflow/.local/lib/python3.11/site-packages/airflow/example_dags/example_sensors.py for tasks to queue
[2023-11-02T08:46:12.898+0000] {logging_mixin.py:151} INFO - [2023-11-02T08:46:12.897+0000] {dagbag.py:536} INFO - Filling up the DagBag from /home/airflow/.local/lib/python3.11/site-packages/airflow/example_dags/example_sensors.py
[2023-11-02T08:46:12.905+0000] {processor.py:839} INFO - DAG(s) dict_keys(['example_sensors']) retrieved from /home/airflow/.local/lib/python3.11/site-packages/airflow/example_dags/example_sensors.py
[2023-11-02T08:46:12.922+0000] {logging_mixin.py:151} INFO - [2023-11-02T08:46:12.922+0000] {dag.py:2941} INFO - Sync 1 DAGs
[2023-11-02T08:46:12.933+0000] {logging_mixin.py:151} INFO - [2023-11-02T08:46:12.932+0000] {dag.py:3722} INFO - Setting next_dagrun for example_sensors to None, run_after=None
[2023-11-02T08:46:12.944+0000] {processor.py:179} INFO - Processing /home/airflow/.local/lib/python3.11/site-packages/airflow/example_dags/example_sensors.py took 0.052 seconds
[2023-11-02T08:46:43.346+0000] {processor.py:157} INFO - Started process (PID=275) to work on /home/airflow/.local/lib/python3.11/site-packages/airflow/example_dags/example_sensors.py
[2023-11-02T08:46:43.347+0000] {processor.py:829} INFO - Processing file /home/airflow/.local/lib/python3.11/site-packages/airflow/example_dags/example_sensors.py for tasks to queue
[2023-11-02T08:46:43.349+0000] {logging_mixin.py:151} INFO - [2023-11-02T08:46:43.348+0000] {dagbag.py:536} INFO - Filling up the DagBag from /home/airflow/.local/lib/python3.11/site-packages/airflow/example_dags/example_sensors.py
[2023-11-02T08:46:43.355+0000] {processor.py:839} INFO - DAG(s) dict_keys(['example_sensors']) retrieved from /home/airflow/.local/lib/python3.11/site-packages/airflow/example_dags/example_sensors.py
[2023-11-02T08:46:43.372+0000] {logging_mixin.py:151} INFO - [2023-11-02T08:46:43.372+0000] {dag.py:2941} INFO - Sync 1 DAGs
[2023-11-02T08:46:43.381+0000] {logging_mixin.py:151} INFO - [2023-11-02T08:46:43.381+0000] {dag.py:3722} INFO - Setting next_dagrun for example_sensors to None, run_after=None
[2023-11-02T08:46:43.395+0000] {processor.py:179} INFO - Processing /home/airflow/.local/lib/python3.11/site-packages/airflow/example_dags/example_sensors.py took 0.051 seconds
[2023-11-02T08:47:13.598+0000] {processor.py:157} INFO - Started process (PID=330) to work on /home/airflow/.local/lib/python3.11/site-packages/airflow/example_dags/example_sensors.py
[2023-11-02T08:47:13.599+0000] {processor.py:829} INFO - Processing file /home/airflow/.local/lib/python3.11/site-packages/airflow/example_dags/example_sensors.py for tasks to queue
[2023-11-02T08:47:13.602+0000] {logging_mixin.py:151} INFO - [2023-11-02T08:47:13.602+0000] {dagbag.py:536} INFO - Filling up the DagBag from /home/airflow/.local/lib/python3.11/site-packages/airflow/example_dags/example_sensors.py
[2023-11-02T08:47:13.609+0000] {processor.py:839} INFO - DAG(s) dict_keys(['example_sensors']) retrieved from /home/airflow/.local/lib/python3.11/site-packages/airflow/example_dags/example_sensors.py
[2023-11-02T08:47:13.626+0000] {logging_mixin.py:151} INFO - [2023-11-02T08:47:13.626+0000] {dag.py:2941} INFO - Sync 1 DAGs
[2023-11-02T08:47:13.635+0000] {logging_mixin.py:151} INFO - [2023-11-02T08:47:13.635+0000] {dag.py:3722} INFO - Setting next_dagrun for example_sensors to None, run_after=None
[2023-11-02T08:47:13.647+0000] {processor.py:179} INFO - Processing /home/airflow/.local/lib/python3.11/site-packages/airflow/example_dags/example_sensors.py took 0.051 seconds
[2023-11-02T08:47:43.673+0000] {processor.py:157} INFO - Started process (PID=385) to work on /home/airflow/.local/lib/python3.11/site-packages/airflow/example_dags/example_sensors.py
[2023-11-02T08:47:43.673+0000] {processor.py:829} INFO - Processing file /home/airflow/.local/lib/python3.11/site-packages/airflow/example_dags/example_sensors.py for tasks to queue
[2023-11-02T08:47:43.675+0000] {logging_mixin.py:151} INFO - [2023-11-02T08:47:43.675+0000] {dagbag.py:536} INFO - Filling up the DagBag from /home/airflow/.local/lib/python3.11/site-packages/airflow/example_dags/example_sensors.py
[2023-11-02T08:47:43.683+0000] {processor.py:839} INFO - DAG(s) dict_keys(['example_sensors']) retrieved from /home/airflow/.local/lib/python3.11/site-packages/airflow/example_dags/example_sensors.py
[2023-11-02T08:47:43.700+0000] {logging_mixin.py:151} INFO - [2023-11-02T08:47:43.700+0000] {dag.py:2941} INFO - Sync 1 DAGs
[2023-11-02T08:47:43.709+0000] {logging_mixin.py:151} INFO - [2023-11-02T08:47:43.709+0000] {dag.py:3722} INFO - Setting next_dagrun for example_sensors to None, run_after=None
[2023-11-02T08:47:43.720+0000] {processor.py:179} INFO - Processing /home/airflow/.local/lib/python3.11/site-packages/airflow/example_dags/example_sensors.py took 0.050 seconds
[2023-11-02T08:48:13.981+0000] {processor.py:157} INFO - Started process (PID=447) to work on /home/airflow/.local/lib/python3.11/site-packages/airflow/example_dags/example_sensors.py
[2023-11-02T08:48:13.982+0000] {processor.py:829} INFO - Processing file /home/airflow/.local/lib/python3.11/site-packages/airflow/example_dags/example_sensors.py for tasks to queue
[2023-11-02T08:48:13.985+0000] {logging_mixin.py:151} INFO - [2023-11-02T08:48:13.984+0000] {dagbag.py:536} INFO - Filling up the DagBag from /home/airflow/.local/lib/python3.11/site-packages/airflow/example_dags/example_sensors.py
[2023-11-02T08:48:13.994+0000] {processor.py:839} INFO - DAG(s) dict_keys(['example_sensors']) retrieved from /home/airflow/.local/lib/python3.11/site-packages/airflow/example_dags/example_sensors.py
[2023-11-02T08:48:14.014+0000] {logging_mixin.py:151} INFO - [2023-11-02T08:48:14.014+0000] {dag.py:2941} INFO - Sync 1 DAGs
[2023-11-02T08:48:14.026+0000] {logging_mixin.py:151} INFO - [2023-11-02T08:48:14.025+0000] {dag.py:3722} INFO - Setting next_dagrun for example_sensors to None, run_after=None
[2023-11-02T08:48:14.045+0000] {processor.py:179} INFO - Processing /home/airflow/.local/lib/python3.11/site-packages/airflow/example_dags/example_sensors.py took 0.066 seconds
[2023-11-02T08:48:44.200+0000] {processor.py:157} INFO - Started process (PID=502) to work on /home/airflow/.local/lib/python3.11/site-packages/airflow/example_dags/example_sensors.py
[2023-11-02T08:48:44.203+0000] {processor.py:829} INFO - Processing file /home/airflow/.local/lib/python3.11/site-packages/airflow/example_dags/example_sensors.py for tasks to queue
[2023-11-02T08:48:44.206+0000] {logging_mixin.py:151} INFO - [2023-11-02T08:48:44.206+0000] {dagbag.py:536} INFO - Filling up the DagBag from /home/airflow/.local/lib/python3.11/site-packages/airflow/example_dags/example_sensors.py
[2023-11-02T08:48:44.215+0000] {processor.py:839} INFO - DAG(s) dict_keys(['example_sensors']) retrieved from /home/airflow/.local/lib/python3.11/site-packages/airflow/example_dags/example_sensors.py
[2023-11-02T08:48:44.234+0000] {logging_mixin.py:151} INFO - [2023-11-02T08:48:44.234+0000] {dag.py:2941} INFO - Sync 1 DAGs
[2023-11-02T08:48:44.243+0000] {logging_mixin.py:151} INFO - [2023-11-02T08:48:44.243+0000] {dag.py:3722} INFO - Setting next_dagrun for example_sensors to None, run_after=None
[2023-11-02T08:48:44.261+0000] {processor.py:179} INFO - Processing /home/airflow/.local/lib/python3.11/site-packages/airflow/example_dags/example_sensors.py took 0.063 seconds
[2023-11-02T08:49:14.380+0000] {processor.py:157} INFO - Started process (PID=557) to work on /home/airflow/.local/lib/python3.11/site-packages/airflow/example_dags/example_sensors.py
[2023-11-02T08:49:14.381+0000] {processor.py:829} INFO - Processing file /home/airflow/.local/lib/python3.11/site-packages/airflow/example_dags/example_sensors.py for tasks to queue
[2023-11-02T08:49:14.383+0000] {logging_mixin.py:151} INFO - [2023-11-02T08:49:14.383+0000] {dagbag.py:536} INFO - Filling up the DagBag from /home/airflow/.local/lib/python3.11/site-packages/airflow/example_dags/example_sensors.py
[2023-11-02T08:49:14.390+0000] {processor.py:839} INFO - DAG(s) dict_keys(['example_sensors']) retrieved from /home/airflow/.local/lib/python3.11/site-packages/airflow/example_dags/example_sensors.py
[2023-11-02T08:49:14.410+0000] {logging_mixin.py:151} INFO - [2023-11-02T08:49:14.410+0000] {dag.py:2941} INFO - Sync 1 DAGs
[2023-11-02T08:49:14.419+0000] {logging_mixin.py:151} INFO - [2023-11-02T08:49:14.419+0000] {dag.py:3722} INFO - Setting next_dagrun for example_sensors to None, run_after=None
[2023-11-02T08:49:14.430+0000] {processor.py:179} INFO - Processing /home/airflow/.local/lib/python3.11/site-packages/airflow/example_dags/example_sensors.py took 0.052 seconds
[2023-11-02T08:49:44.642+0000] {processor.py:157} INFO - Started process (PID=612) to work on /home/airflow/.local/lib/python3.11/site-packages/airflow/example_dags/example_sensors.py
[2023-11-02T08:49:44.644+0000] {processor.py:829} INFO - Processing file /home/airflow/.local/lib/python3.11/site-packages/airflow/example_dags/example_sensors.py for tasks to queue
[2023-11-02T08:49:44.645+0000] {logging_mixin.py:151} INFO - [2023-11-02T08:49:44.645+0000] {dagbag.py:536} INFO - Filling up the DagBag from /home/airflow/.local/lib/python3.11/site-packages/airflow/example_dags/example_sensors.py
[2023-11-02T08:49:44.654+0000] {processor.py:839} INFO - DAG(s) dict_keys(['example_sensors']) retrieved from /home/airflow/.local/lib/python3.11/site-packages/airflow/example_dags/example_sensors.py
[2023-11-02T08:49:44.671+0000] {logging_mixin.py:151} INFO - [2023-11-02T08:49:44.671+0000] {dag.py:2941} INFO - Sync 1 DAGs
[2023-11-02T08:49:44.680+0000] {logging_mixin.py:151} INFO - [2023-11-02T08:49:44.679+0000] {dag.py:3722} INFO - Setting next_dagrun for example_sensors to None, run_after=None
[2023-11-02T08:49:44.692+0000] {processor.py:179} INFO - Processing /home/airflow/.local/lib/python3.11/site-packages/airflow/example_dags/example_sensors.py took 0.052 seconds
[2023-11-02T08:50:14.837+0000] {processor.py:157} INFO - Started process (PID=667) to work on /home/airflow/.local/lib/python3.11/site-packages/airflow/example_dags/example_sensors.py
[2023-11-02T08:50:14.837+0000] {processor.py:829} INFO - Processing file /home/airflow/.local/lib/python3.11/site-packages/airflow/example_dags/example_sensors.py for tasks to queue
[2023-11-02T08:50:14.839+0000] {logging_mixin.py:151} INFO - [2023-11-02T08:50:14.839+0000] {dagbag.py:536} INFO - Filling up the DagBag from /home/airflow/.local/lib/python3.11/site-packages/airflow/example_dags/example_sensors.py
[2023-11-02T08:50:14.847+0000] {processor.py:839} INFO - DAG(s) dict_keys(['example_sensors']) retrieved from /home/airflow/.local/lib/python3.11/site-packages/airflow/example_dags/example_sensors.py
[2023-11-02T08:50:14.865+0000] {logging_mixin.py:151} INFO - [2023-11-02T08:50:14.865+0000] {dag.py:2941} INFO - Sync 1 DAGs
[2023-11-02T08:50:14.876+0000] {logging_mixin.py:151} INFO - [2023-11-02T08:50:14.875+0000] {dag.py:3722} INFO - Setting next_dagrun for example_sensors to None, run_after=None
[2023-11-02T08:50:14.887+0000] {processor.py:179} INFO - Processing /home/airflow/.local/lib/python3.11/site-packages/airflow/example_dags/example_sensors.py took 0.053 seconds
[2023-11-02T08:50:45.085+0000] {processor.py:157} INFO - Started process (PID=722) to work on /home/airflow/.local/lib/python3.11/site-packages/airflow/example_dags/example_sensors.py
[2023-11-02T08:50:45.089+0000] {processor.py:829} INFO - Processing file /home/airflow/.local/lib/python3.11/site-packages/airflow/example_dags/example_sensors.py for tasks to queue
[2023-11-02T08:50:45.091+0000] {logging_mixin.py:151} INFO - [2023-11-02T08:50:45.090+0000] {dagbag.py:536} INFO - Filling up the DagBag from /home/airflow/.local/lib/python3.11/site-packages/airflow/example_dags/example_sensors.py
[2023-11-02T08:50:45.098+0000] {processor.py:839} INFO - DAG(s) dict_keys(['example_sensors']) retrieved from /home/airflow/.local/lib/python3.11/site-packages/airflow/example_dags/example_sensors.py
[2023-11-02T08:50:45.116+0000] {logging_mixin.py:151} INFO - [2023-11-02T08:50:45.116+0000] {dag.py:2941} INFO - Sync 1 DAGs
[2023-11-02T08:50:45.126+0000] {logging_mixin.py:151} INFO - [2023-11-02T08:50:45.125+0000] {dag.py:3722} INFO - Setting next_dagrun for example_sensors to None, run_after=None
[2023-11-02T08:50:45.136+0000] {processor.py:179} INFO - Processing /home/airflow/.local/lib/python3.11/site-packages/airflow/example_dags/example_sensors.py took 0.054 seconds
[2023-11-02T08:51:15.214+0000] {processor.py:157} INFO - Started process (PID=777) to work on /home/airflow/.local/lib/python3.11/site-packages/airflow/example_dags/example_sensors.py
[2023-11-02T08:51:15.215+0000] {processor.py:829} INFO - Processing file /home/airflow/.local/lib/python3.11/site-packages/airflow/example_dags/example_sensors.py for tasks to queue
[2023-11-02T08:51:15.217+0000] {logging_mixin.py:151} INFO - [2023-11-02T08:51:15.217+0000] {dagbag.py:536} INFO - Filling up the DagBag from /home/airflow/.local/lib/python3.11/site-packages/airflow/example_dags/example_sensors.py
[2023-11-02T08:51:15.230+0000] {processor.py:839} INFO - DAG(s) dict_keys(['example_sensors']) retrieved from /home/airflow/.local/lib/python3.11/site-packages/airflow/example_dags/example_sensors.py
[2023-11-02T08:51:15.252+0000] {logging_mixin.py:151} INFO - [2023-11-02T08:51:15.251+0000] {dag.py:2941} INFO - Sync 1 DAGs
[2023-11-02T08:51:15.265+0000] {logging_mixin.py:151} INFO - [2023-11-02T08:51:15.265+0000] {dag.py:3722} INFO - Setting next_dagrun for example_sensors to None, run_after=None
[2023-11-02T08:51:15.279+0000] {processor.py:179} INFO - Processing /home/airflow/.local/lib/python3.11/site-packages/airflow/example_dags/example_sensors.py took 0.067 seconds
[2023-11-02T08:51:45.299+0000] {processor.py:157} INFO - Started process (PID=832) to work on /home/airflow/.local/lib/python3.11/site-packages/airflow/example_dags/example_sensors.py
[2023-11-02T08:51:45.300+0000] {processor.py:829} INFO - Processing file /home/airflow/.local/lib/python3.11/site-packages/airflow/example_dags/example_sensors.py for tasks to queue
[2023-11-02T08:51:45.302+0000] {logging_mixin.py:151} INFO - [2023-11-02T08:51:45.301+0000] {dagbag.py:536} INFO - Filling up the DagBag from /home/airflow/.local/lib/python3.11/site-packages/airflow/example_dags/example_sensors.py
[2023-11-02T08:51:45.309+0000] {processor.py:839} INFO - DAG(s) dict_keys(['example_sensors']) retrieved from /home/airflow/.local/lib/python3.11/site-packages/airflow/example_dags/example_sensors.py
[2023-11-02T08:51:45.329+0000] {logging_mixin.py:151} INFO - [2023-11-02T08:51:45.329+0000] {dag.py:2941} INFO - Sync 1 DAGs
[2023-11-02T08:51:45.337+0000] {logging_mixin.py:151} INFO - [2023-11-02T08:51:45.337+0000] {dag.py:3722} INFO - Setting next_dagrun for example_sensors to None, run_after=None
[2023-11-02T08:51:45.347+0000] {processor.py:179} INFO - Processing /home/airflow/.local/lib/python3.11/site-packages/airflow/example_dags/example_sensors.py took 0.051 seconds
[2023-11-02T08:52:15.576+0000] {processor.py:157} INFO - Started process (PID=887) to work on /home/airflow/.local/lib/python3.11/site-packages/airflow/example_dags/example_sensors.py
[2023-11-02T08:52:15.577+0000] {processor.py:829} INFO - Processing file /home/airflow/.local/lib/python3.11/site-packages/airflow/example_dags/example_sensors.py for tasks to queue
[2023-11-02T08:52:15.580+0000] {logging_mixin.py:151} INFO - [2023-11-02T08:52:15.579+0000] {dagbag.py:536} INFO - Filling up the DagBag from /home/airflow/.local/lib/python3.11/site-packages/airflow/example_dags/example_sensors.py
[2023-11-02T08:52:15.588+0000] {processor.py:839} INFO - DAG(s) dict_keys(['example_sensors']) retrieved from /home/airflow/.local/lib/python3.11/site-packages/airflow/example_dags/example_sensors.py
[2023-11-02T08:52:15.610+0000] {logging_mixin.py:151} INFO - [2023-11-02T08:52:15.610+0000] {dag.py:2941} INFO - Sync 1 DAGs
[2023-11-02T08:52:15.622+0000] {logging_mixin.py:151} INFO - [2023-11-02T08:52:15.622+0000] {dag.py:3722} INFO - Setting next_dagrun for example_sensors to None, run_after=None
[2023-11-02T08:52:15.636+0000] {processor.py:179} INFO - Processing /home/airflow/.local/lib/python3.11/site-packages/airflow/example_dags/example_sensors.py took 0.064 seconds
[2023-11-02T08:52:45.712+0000] {processor.py:157} INFO - Started process (PID=942) to work on /home/airflow/.local/lib/python3.11/site-packages/airflow/example_dags/example_sensors.py
[2023-11-02T08:52:45.713+0000] {processor.py:829} INFO - Processing file /home/airflow/.local/lib/python3.11/site-packages/airflow/example_dags/example_sensors.py for tasks to queue
[2023-11-02T08:52:45.715+0000] {logging_mixin.py:151} INFO - [2023-11-02T08:52:45.715+0000] {dagbag.py:536} INFO - Filling up the DagBag from /home/airflow/.local/lib/python3.11/site-packages/airflow/example_dags/example_sensors.py
[2023-11-02T08:52:45.723+0000] {processor.py:839} INFO - DAG(s) dict_keys(['example_sensors']) retrieved from /home/airflow/.local/lib/python3.11/site-packages/airflow/example_dags/example_sensors.py
[2023-11-02T08:52:45.739+0000] {logging_mixin.py:151} INFO - [2023-11-02T08:52:45.739+0000] {dag.py:2941} INFO - Sync 1 DAGs
[2023-11-02T08:52:45.750+0000] {logging_mixin.py:151} INFO - [2023-11-02T08:52:45.749+0000] {dag.py:3722} INFO - Setting next_dagrun for example_sensors to None, run_after=None
[2023-11-02T08:52:45.762+0000] {processor.py:179} INFO - Processing /home/airflow/.local/lib/python3.11/site-packages/airflow/example_dags/example_sensors.py took 0.053 seconds
[2023-11-02T08:53:16.167+0000] {processor.py:157} INFO - Started process (PID=997) to work on /home/airflow/.local/lib/python3.11/site-packages/airflow/example_dags/example_sensors.py
[2023-11-02T08:53:16.168+0000] {processor.py:829} INFO - Processing file /home/airflow/.local/lib/python3.11/site-packages/airflow/example_dags/example_sensors.py for tasks to queue
[2023-11-02T08:53:16.170+0000] {logging_mixin.py:151} INFO - [2023-11-02T08:53:16.169+0000] {dagbag.py:536} INFO - Filling up the DagBag from /home/airflow/.local/lib/python3.11/site-packages/airflow/example_dags/example_sensors.py
[2023-11-02T08:53:16.176+0000] {processor.py:839} INFO - DAG(s) dict_keys(['example_sensors']) retrieved from /home/airflow/.local/lib/python3.11/site-packages/airflow/example_dags/example_sensors.py
[2023-11-02T08:53:16.193+0000] {logging_mixin.py:151} INFO - [2023-11-02T08:53:16.193+0000] {dag.py:2941} INFO - Sync 1 DAGs
[2023-11-02T08:53:16.204+0000] {logging_mixin.py:151} INFO - [2023-11-02T08:53:16.204+0000] {dag.py:3722} INFO - Setting next_dagrun for example_sensors to None, run_after=None
[2023-11-02T08:53:16.218+0000] {processor.py:179} INFO - Processing /home/airflow/.local/lib/python3.11/site-packages/airflow/example_dags/example_sensors.py took 0.053 seconds
[2023-11-02T08:53:46.430+0000] {processor.py:157} INFO - Started process (PID=1052) to work on /home/airflow/.local/lib/python3.11/site-packages/airflow/example_dags/example_sensors.py
[2023-11-02T08:53:46.431+0000] {processor.py:829} INFO - Processing file /home/airflow/.local/lib/python3.11/site-packages/airflow/example_dags/example_sensors.py for tasks to queue
[2023-11-02T08:53:46.435+0000] {logging_mixin.py:151} INFO - [2023-11-02T08:53:46.435+0000] {dagbag.py:536} INFO - Filling up the DagBag from /home/airflow/.local/lib/python3.11/site-packages/airflow/example_dags/example_sensors.py
[2023-11-02T08:53:46.442+0000] {processor.py:839} INFO - DAG(s) dict_keys(['example_sensors']) retrieved from /home/airflow/.local/lib/python3.11/site-packages/airflow/example_dags/example_sensors.py
[2023-11-02T08:53:46.468+0000] {logging_mixin.py:151} INFO - [2023-11-02T08:53:46.468+0000] {dag.py:2941} INFO - Sync 1 DAGs
[2023-11-02T08:53:46.478+0000] {logging_mixin.py:151} INFO - [2023-11-02T08:53:46.478+0000] {dag.py:3722} INFO - Setting next_dagrun for example_sensors to None, run_after=None
[2023-11-02T08:53:46.489+0000] {processor.py:179} INFO - Processing /home/airflow/.local/lib/python3.11/site-packages/airflow/example_dags/example_sensors.py took 0.062 seconds
[2023-11-02T08:54:17.033+0000] {processor.py:157} INFO - Started process (PID=1107) to work on /home/airflow/.local/lib/python3.11/site-packages/airflow/example_dags/example_sensors.py
[2023-11-02T08:54:17.034+0000] {processor.py:829} INFO - Processing file /home/airflow/.local/lib/python3.11/site-packages/airflow/example_dags/example_sensors.py for tasks to queue
[2023-11-02T08:54:17.036+0000] {logging_mixin.py:151} INFO - [2023-11-02T08:54:17.036+0000] {dagbag.py:536} INFO - Filling up the DagBag from /home/airflow/.local/lib/python3.11/site-packages/airflow/example_dags/example_sensors.py
[2023-11-02T08:54:17.043+0000] {processor.py:839} INFO - DAG(s) dict_keys(['example_sensors']) retrieved from /home/airflow/.local/lib/python3.11/site-packages/airflow/example_dags/example_sensors.py
[2023-11-02T08:54:17.062+0000] {logging_mixin.py:151} INFO - [2023-11-02T08:54:17.062+0000] {dag.py:2941} INFO - Sync 1 DAGs
[2023-11-02T08:54:17.070+0000] {logging_mixin.py:151} INFO - [2023-11-02T08:54:17.070+0000] {dag.py:3722} INFO - Setting next_dagrun for example_sensors to None, run_after=None
[2023-11-02T08:54:17.081+0000] {processor.py:179} INFO - Processing /home/airflow/.local/lib/python3.11/site-packages/airflow/example_dags/example_sensors.py took 0.050 seconds
[2023-11-02T08:54:47.294+0000] {processor.py:157} INFO - Started process (PID=1162) to work on /home/airflow/.local/lib/python3.11/site-packages/airflow/example_dags/example_sensors.py
[2023-11-02T08:54:47.297+0000] {processor.py:829} INFO - Processing file /home/airflow/.local/lib/python3.11/site-packages/airflow/example_dags/example_sensors.py for tasks to queue
[2023-11-02T08:54:47.299+0000] {logging_mixin.py:151} INFO - [2023-11-02T08:54:47.299+0000] {dagbag.py:536} INFO - Filling up the DagBag from /home/airflow/.local/lib/python3.11/site-packages/airflow/example_dags/example_sensors.py
[2023-11-02T08:54:47.306+0000] {processor.py:839} INFO - DAG(s) dict_keys(['example_sensors']) retrieved from /home/airflow/.local/lib/python3.11/site-packages/airflow/example_dags/example_sensors.py
[2023-11-02T08:54:47.323+0000] {logging_mixin.py:151} INFO - [2023-11-02T08:54:47.323+0000] {dag.py:2941} INFO - Sync 1 DAGs
[2023-11-02T08:54:47.332+0000] {logging_mixin.py:151} INFO - [2023-11-02T08:54:47.332+0000] {dag.py:3722} INFO - Setting next_dagrun for example_sensors to None, run_after=None
[2023-11-02T08:54:47.343+0000] {processor.py:179} INFO - Processing /home/airflow/.local/lib/python3.11/site-packages/airflow/example_dags/example_sensors.py took 0.052 seconds
[2023-11-02T08:55:17.629+0000] {processor.py:157} INFO - Started process (PID=1217) to work on /home/airflow/.local/lib/python3.11/site-packages/airflow/example_dags/example_sensors.py
[2023-11-02T08:55:17.632+0000] {processor.py:829} INFO - Processing file /home/airflow/.local/lib/python3.11/site-packages/airflow/example_dags/example_sensors.py for tasks to queue
[2023-11-02T08:55:17.634+0000] {logging_mixin.py:151} INFO - [2023-11-02T08:55:17.633+0000] {dagbag.py:536} INFO - Filling up the DagBag from /home/airflow/.local/lib/python3.11/site-packages/airflow/example_dags/example_sensors.py
[2023-11-02T08:55:17.640+0000] {processor.py:839} INFO - DAG(s) dict_keys(['example_sensors']) retrieved from /home/airflow/.local/lib/python3.11/site-packages/airflow/example_dags/example_sensors.py
[2023-11-02T08:55:17.657+0000] {logging_mixin.py:151} INFO - [2023-11-02T08:55:17.657+0000] {dag.py:2941} INFO - Sync 1 DAGs
[2023-11-02T08:55:17.666+0000] {logging_mixin.py:151} INFO - [2023-11-02T08:55:17.666+0000] {dag.py:3722} INFO - Setting next_dagrun for example_sensors to None, run_after=None
[2023-11-02T08:55:17.691+0000] {processor.py:179} INFO - Processing /home/airflow/.local/lib/python3.11/site-packages/airflow/example_dags/example_sensors.py took 0.064 seconds
[2023-11-02T08:55:47.841+0000] {processor.py:157} INFO - Started process (PID=1272) to work on /home/airflow/.local/lib/python3.11/site-packages/airflow/example_dags/example_sensors.py
[2023-11-02T08:55:47.842+0000] {processor.py:829} INFO - Processing file /home/airflow/.local/lib/python3.11/site-packages/airflow/example_dags/example_sensors.py for tasks to queue
[2023-11-02T08:55:47.844+0000] {logging_mixin.py:151} INFO - [2023-11-02T08:55:47.843+0000] {dagbag.py:536} INFO - Filling up the DagBag from /home/airflow/.local/lib/python3.11/site-packages/airflow/example_dags/example_sensors.py
[2023-11-02T08:55:47.851+0000] {processor.py:839} INFO - DAG(s) dict_keys(['example_sensors']) retrieved from /home/airflow/.local/lib/python3.11/site-packages/airflow/example_dags/example_sensors.py
[2023-11-02T08:55:47.867+0000] {logging_mixin.py:151} INFO - [2023-11-02T08:55:47.867+0000] {dag.py:2941} INFO - Sync 1 DAGs
[2023-11-02T08:55:47.876+0000] {logging_mixin.py:151} INFO - [2023-11-02T08:55:47.876+0000] {dag.py:3722} INFO - Setting next_dagrun for example_sensors to None, run_after=None
[2023-11-02T08:55:47.887+0000] {processor.py:179} INFO - Processing /home/airflow/.local/lib/python3.11/site-packages/airflow/example_dags/example_sensors.py took 0.048 seconds
[2023-11-02T08:56:18.193+0000] {processor.py:157} INFO - Started process (PID=1327) to work on /home/airflow/.local/lib/python3.11/site-packages/airflow/example_dags/example_sensors.py
[2023-11-02T08:56:18.194+0000] {processor.py:829} INFO - Processing file /home/airflow/.local/lib/python3.11/site-packages/airflow/example_dags/example_sensors.py for tasks to queue
[2023-11-02T08:56:18.196+0000] {logging_mixin.py:151} INFO - [2023-11-02T08:56:18.196+0000] {dagbag.py:536} INFO - Filling up the DagBag from /home/airflow/.local/lib/python3.11/site-packages/airflow/example_dags/example_sensors.py
[2023-11-02T08:56:18.203+0000] {processor.py:839} INFO - DAG(s) dict_keys(['example_sensors']) retrieved from /home/airflow/.local/lib/python3.11/site-packages/airflow/example_dags/example_sensors.py
[2023-11-02T08:56:18.219+0000] {logging_mixin.py:151} INFO - [2023-11-02T08:56:18.219+0000] {dag.py:2941} INFO - Sync 1 DAGs
[2023-11-02T08:56:18.230+0000] {logging_mixin.py:151} INFO - [2023-11-02T08:56:18.229+0000] {dag.py:3722} INFO - Setting next_dagrun for example_sensors to None, run_after=None
[2023-11-02T08:56:18.241+0000] {processor.py:179} INFO - Processing /home/airflow/.local/lib/python3.11/site-packages/airflow/example_dags/example_sensors.py took 0.050 seconds
[2023-11-02T08:56:48.532+0000] {processor.py:157} INFO - Started process (PID=1380) to work on /home/airflow/.local/lib/python3.11/site-packages/airflow/example_dags/example_sensors.py
[2023-11-02T08:56:48.532+0000] {processor.py:829} INFO - Processing file /home/airflow/.local/lib/python3.11/site-packages/airflow/example_dags/example_sensors.py for tasks to queue
[2023-11-02T08:56:48.536+0000] {logging_mixin.py:151} INFO - [2023-11-02T08:56:48.536+0000] {dagbag.py:536} INFO - Filling up the DagBag from /home/airflow/.local/lib/python3.11/site-packages/airflow/example_dags/example_sensors.py
[2023-11-02T08:56:48.546+0000] {processor.py:839} INFO - DAG(s) dict_keys(['example_sensors']) retrieved from /home/airflow/.local/lib/python3.11/site-packages/airflow/example_dags/example_sensors.py
[2023-11-02T08:56:48.562+0000] {logging_mixin.py:151} INFO - [2023-11-02T08:56:48.562+0000] {dag.py:2941} INFO - Sync 1 DAGs
[2023-11-02T08:56:48.570+0000] {logging_mixin.py:151} INFO - [2023-11-02T08:56:48.570+0000] {dag.py:3722} INFO - Setting next_dagrun for example_sensors to None, run_after=None
[2023-11-02T08:56:48.583+0000] {processor.py:179} INFO - Processing /home/airflow/.local/lib/python3.11/site-packages/airflow/example_dags/example_sensors.py took 0.054 seconds
[2023-11-02T08:57:18.753+0000] {processor.py:157} INFO - Started process (PID=1435) to work on /home/airflow/.local/lib/python3.11/site-packages/airflow/example_dags/example_sensors.py
[2023-11-02T08:57:18.757+0000] {processor.py:829} INFO - Processing file /home/airflow/.local/lib/python3.11/site-packages/airflow/example_dags/example_sensors.py for tasks to queue
[2023-11-02T08:57:18.758+0000] {logging_mixin.py:151} INFO - [2023-11-02T08:57:18.758+0000] {dagbag.py:536} INFO - Filling up the DagBag from /home/airflow/.local/lib/python3.11/site-packages/airflow/example_dags/example_sensors.py
[2023-11-02T08:57:18.765+0000] {processor.py:839} INFO - DAG(s) dict_keys(['example_sensors']) retrieved from /home/airflow/.local/lib/python3.11/site-packages/airflow/example_dags/example_sensors.py
[2023-11-02T08:57:18.781+0000] {logging_mixin.py:151} INFO - [2023-11-02T08:57:18.781+0000] {dag.py:2941} INFO - Sync 1 DAGs
[2023-11-02T08:57:18.789+0000] {logging_mixin.py:151} INFO - [2023-11-02T08:57:18.789+0000] {dag.py:3722} INFO - Setting next_dagrun for example_sensors to None, run_after=None
[2023-11-02T08:57:18.800+0000] {processor.py:179} INFO - Processing /home/airflow/.local/lib/python3.11/site-packages/airflow/example_dags/example_sensors.py took 0.050 seconds
[2023-11-02T08:57:48.865+0000] {processor.py:157} INFO - Started process (PID=1490) to work on /home/airflow/.local/lib/python3.11/site-packages/airflow/example_dags/example_sensors.py
[2023-11-02T08:57:48.865+0000] {processor.py:829} INFO - Processing file /home/airflow/.local/lib/python3.11/site-packages/airflow/example_dags/example_sensors.py for tasks to queue
[2023-11-02T08:57:48.867+0000] {logging_mixin.py:151} INFO - [2023-11-02T08:57:48.867+0000] {dagbag.py:536} INFO - Filling up the DagBag from /home/airflow/.local/lib/python3.11/site-packages/airflow/example_dags/example_sensors.py
[2023-11-02T08:57:48.874+0000] {processor.py:839} INFO - DAG(s) dict_keys(['example_sensors']) retrieved from /home/airflow/.local/lib/python3.11/site-packages/airflow/example_dags/example_sensors.py
[2023-11-02T08:57:48.889+0000] {logging_mixin.py:151} INFO - [2023-11-02T08:57:48.889+0000] {dag.py:2941} INFO - Sync 1 DAGs
[2023-11-02T08:57:48.897+0000] {logging_mixin.py:151} INFO - [2023-11-02T08:57:48.897+0000] {dag.py:3722} INFO - Setting next_dagrun for example_sensors to None, run_after=None
[2023-11-02T08:57:48.907+0000] {processor.py:179} INFO - Processing /home/airflow/.local/lib/python3.11/site-packages/airflow/example_dags/example_sensors.py took 0.045 seconds
[2023-11-02T08:58:19.078+0000] {processor.py:157} INFO - Started process (PID=1545) to work on /home/airflow/.local/lib/python3.11/site-packages/airflow/example_dags/example_sensors.py
[2023-11-02T08:58:19.079+0000] {processor.py:829} INFO - Processing file /home/airflow/.local/lib/python3.11/site-packages/airflow/example_dags/example_sensors.py for tasks to queue
[2023-11-02T08:58:19.081+0000] {logging_mixin.py:151} INFO - [2023-11-02T08:58:19.081+0000] {dagbag.py:536} INFO - Filling up the DagBag from /home/airflow/.local/lib/python3.11/site-packages/airflow/example_dags/example_sensors.py
[2023-11-02T08:58:19.091+0000] {processor.py:839} INFO - DAG(s) dict_keys(['example_sensors']) retrieved from /home/airflow/.local/lib/python3.11/site-packages/airflow/example_dags/example_sensors.py
[2023-11-02T08:58:19.112+0000] {logging_mixin.py:151} INFO - [2023-11-02T08:58:19.112+0000] {dag.py:2941} INFO - Sync 1 DAGs
[2023-11-02T08:58:19.122+0000] {logging_mixin.py:151} INFO - [2023-11-02T08:58:19.122+0000] {dag.py:3722} INFO - Setting next_dagrun for example_sensors to None, run_after=None
[2023-11-02T08:58:19.135+0000] {processor.py:179} INFO - Processing /home/airflow/.local/lib/python3.11/site-packages/airflow/example_dags/example_sensors.py took 0.059 seconds
[2023-11-02T08:58:49.459+0000] {processor.py:157} INFO - Started process (PID=1600) to work on /home/airflow/.local/lib/python3.11/site-packages/airflow/example_dags/example_sensors.py
[2023-11-02T08:58:49.461+0000] {processor.py:829} INFO - Processing file /home/airflow/.local/lib/python3.11/site-packages/airflow/example_dags/example_sensors.py for tasks to queue
[2023-11-02T08:58:49.463+0000] {logging_mixin.py:151} INFO - [2023-11-02T08:58:49.463+0000] {dagbag.py:536} INFO - Filling up the DagBag from /home/airflow/.local/lib/python3.11/site-packages/airflow/example_dags/example_sensors.py
[2023-11-02T08:58:49.470+0000] {processor.py:839} INFO - DAG(s) dict_keys(['example_sensors']) retrieved from /home/airflow/.local/lib/python3.11/site-packages/airflow/example_dags/example_sensors.py
[2023-11-02T08:58:49.487+0000] {logging_mixin.py:151} INFO - [2023-11-02T08:58:49.486+0000] {dag.py:2941} INFO - Sync 1 DAGs
[2023-11-02T08:58:49.495+0000] {logging_mixin.py:151} INFO - [2023-11-02T08:58:49.495+0000] {dag.py:3722} INFO - Setting next_dagrun for example_sensors to None, run_after=None
[2023-11-02T08:58:49.506+0000] {processor.py:179} INFO - Processing /home/airflow/.local/lib/python3.11/site-packages/airflow/example_dags/example_sensors.py took 0.049 seconds
[2023-11-02T08:59:19.631+0000] {processor.py:157} INFO - Started process (PID=1655) to work on /home/airflow/.local/lib/python3.11/site-packages/airflow/example_dags/example_sensors.py
[2023-11-02T08:59:19.631+0000] {processor.py:829} INFO - Processing file /home/airflow/.local/lib/python3.11/site-packages/airflow/example_dags/example_sensors.py for tasks to queue
[2023-11-02T08:59:19.633+0000] {logging_mixin.py:151} INFO - [2023-11-02T08:59:19.633+0000] {dagbag.py:536} INFO - Filling up the DagBag from /home/airflow/.local/lib/python3.11/site-packages/airflow/example_dags/example_sensors.py
[2023-11-02T08:59:19.640+0000] {processor.py:839} INFO - DAG(s) dict_keys(['example_sensors']) retrieved from /home/airflow/.local/lib/python3.11/site-packages/airflow/example_dags/example_sensors.py
[2023-11-02T08:59:19.659+0000] {logging_mixin.py:151} INFO - [2023-11-02T08:59:19.659+0000] {dag.py:2941} INFO - Sync 1 DAGs
[2023-11-02T08:59:19.668+0000] {logging_mixin.py:151} INFO - [2023-11-02T08:59:19.667+0000] {dag.py:3722} INFO - Setting next_dagrun for example_sensors to None, run_after=None
[2023-11-02T08:59:19.680+0000] {processor.py:179} INFO - Processing /home/airflow/.local/lib/python3.11/site-packages/airflow/example_dags/example_sensors.py took 0.051 seconds
[2023-11-02T08:59:49.848+0000] {processor.py:157} INFO - Started process (PID=1710) to work on /home/airflow/.local/lib/python3.11/site-packages/airflow/example_dags/example_sensors.py
[2023-11-02T08:59:49.849+0000] {processor.py:829} INFO - Processing file /home/airflow/.local/lib/python3.11/site-packages/airflow/example_dags/example_sensors.py for tasks to queue
[2023-11-02T08:59:49.850+0000] {logging_mixin.py:151} INFO - [2023-11-02T08:59:49.850+0000] {dagbag.py:536} INFO - Filling up the DagBag from /home/airflow/.local/lib/python3.11/site-packages/airflow/example_dags/example_sensors.py
[2023-11-02T08:59:49.857+0000] {processor.py:839} INFO - DAG(s) dict_keys(['example_sensors']) retrieved from /home/airflow/.local/lib/python3.11/site-packages/airflow/example_dags/example_sensors.py
[2023-11-02T08:59:49.873+0000] {logging_mixin.py:151} INFO - [2023-11-02T08:59:49.872+0000] {dag.py:2941} INFO - Sync 1 DAGs
[2023-11-02T08:59:49.881+0000] {logging_mixin.py:151} INFO - [2023-11-02T08:59:49.881+0000] {dag.py:3722} INFO - Setting next_dagrun for example_sensors to None, run_after=None
[2023-11-02T08:59:49.893+0000] {processor.py:179} INFO - Processing /home/airflow/.local/lib/python3.11/site-packages/airflow/example_dags/example_sensors.py took 0.048 seconds
[2023-11-02T09:00:20.217+0000] {processor.py:157} INFO - Started process (PID=1765) to work on /home/airflow/.local/lib/python3.11/site-packages/airflow/example_dags/example_sensors.py
[2023-11-02T09:00:20.218+0000] {processor.py:829} INFO - Processing file /home/airflow/.local/lib/python3.11/site-packages/airflow/example_dags/example_sensors.py for tasks to queue
[2023-11-02T09:00:20.221+0000] {logging_mixin.py:151} INFO - [2023-11-02T09:00:20.220+0000] {dagbag.py:536} INFO - Filling up the DagBag from /home/airflow/.local/lib/python3.11/site-packages/airflow/example_dags/example_sensors.py
[2023-11-02T09:00:20.229+0000] {processor.py:839} INFO - DAG(s) dict_keys(['example_sensors']) retrieved from /home/airflow/.local/lib/python3.11/site-packages/airflow/example_dags/example_sensors.py
[2023-11-02T09:00:20.250+0000] {logging_mixin.py:151} INFO - [2023-11-02T09:00:20.250+0000] {dag.py:2941} INFO - Sync 1 DAGs
[2023-11-02T09:00:20.261+0000] {logging_mixin.py:151} INFO - [2023-11-02T09:00:20.261+0000] {dag.py:3722} INFO - Setting next_dagrun for example_sensors to None, run_after=None
[2023-11-02T09:00:20.274+0000] {processor.py:179} INFO - Processing /home/airflow/.local/lib/python3.11/site-packages/airflow/example_dags/example_sensors.py took 0.062 seconds
[2023-11-02T09:00:50.630+0000] {processor.py:157} INFO - Started process (PID=1819) to work on /home/airflow/.local/lib/python3.11/site-packages/airflow/example_dags/example_sensors.py
[2023-11-02T09:00:50.630+0000] {processor.py:829} INFO - Processing file /home/airflow/.local/lib/python3.11/site-packages/airflow/example_dags/example_sensors.py for tasks to queue
[2023-11-02T09:00:50.632+0000] {logging_mixin.py:151} INFO - [2023-11-02T09:00:50.632+0000] {dagbag.py:536} INFO - Filling up the DagBag from /home/airflow/.local/lib/python3.11/site-packages/airflow/example_dags/example_sensors.py
[2023-11-02T09:00:50.640+0000] {processor.py:839} INFO - DAG(s) dict_keys(['example_sensors']) retrieved from /home/airflow/.local/lib/python3.11/site-packages/airflow/example_dags/example_sensors.py
[2023-11-02T09:00:50.661+0000] {logging_mixin.py:151} INFO - [2023-11-02T09:00:50.660+0000] {dag.py:2941} INFO - Sync 1 DAGs
[2023-11-02T09:00:50.670+0000] {logging_mixin.py:151} INFO - [2023-11-02T09:00:50.670+0000] {dag.py:3722} INFO - Setting next_dagrun for example_sensors to None, run_after=None
[2023-11-02T09:00:50.683+0000] {processor.py:179} INFO - Processing /home/airflow/.local/lib/python3.11/site-packages/airflow/example_dags/example_sensors.py took 0.056 seconds
[2023-11-02T09:01:20.773+0000] {processor.py:157} INFO - Started process (PID=1874) to work on /home/airflow/.local/lib/python3.11/site-packages/airflow/example_dags/example_sensors.py
[2023-11-02T09:01:20.775+0000] {processor.py:829} INFO - Processing file /home/airflow/.local/lib/python3.11/site-packages/airflow/example_dags/example_sensors.py for tasks to queue
[2023-11-02T09:01:20.779+0000] {logging_mixin.py:151} INFO - [2023-11-02T09:01:20.778+0000] {dagbag.py:536} INFO - Filling up the DagBag from /home/airflow/.local/lib/python3.11/site-packages/airflow/example_dags/example_sensors.py
[2023-11-02T09:01:20.794+0000] {processor.py:839} INFO - DAG(s) dict_keys(['example_sensors']) retrieved from /home/airflow/.local/lib/python3.11/site-packages/airflow/example_dags/example_sensors.py
[2023-11-02T09:01:20.867+0000] {logging_mixin.py:151} INFO - [2023-11-02T09:01:20.867+0000] {dag.py:2941} INFO - Sync 1 DAGs
[2023-11-02T09:01:20.886+0000] {logging_mixin.py:151} INFO - [2023-11-02T09:01:20.886+0000] {dag.py:3722} INFO - Setting next_dagrun for example_sensors to None, run_after=None
[2023-11-02T09:01:20.915+0000] {processor.py:179} INFO - Processing /home/airflow/.local/lib/python3.11/site-packages/airflow/example_dags/example_sensors.py took 0.145 seconds
[2023-11-02T09:01:51.146+0000] {processor.py:157} INFO - Started process (PID=1929) to work on /home/airflow/.local/lib/python3.11/site-packages/airflow/example_dags/example_sensors.py
[2023-11-02T09:01:51.147+0000] {processor.py:829} INFO - Processing file /home/airflow/.local/lib/python3.11/site-packages/airflow/example_dags/example_sensors.py for tasks to queue
[2023-11-02T09:01:51.148+0000] {logging_mixin.py:151} INFO - [2023-11-02T09:01:51.148+0000] {dagbag.py:536} INFO - Filling up the DagBag from /home/airflow/.local/lib/python3.11/site-packages/airflow/example_dags/example_sensors.py
[2023-11-02T09:01:51.155+0000] {processor.py:839} INFO - DAG(s) dict_keys(['example_sensors']) retrieved from /home/airflow/.local/lib/python3.11/site-packages/airflow/example_dags/example_sensors.py
[2023-11-02T09:01:51.172+0000] {logging_mixin.py:151} INFO - [2023-11-02T09:01:51.172+0000] {dag.py:2941} INFO - Sync 1 DAGs
[2023-11-02T09:01:51.181+0000] {logging_mixin.py:151} INFO - [2023-11-02T09:01:51.181+0000] {dag.py:3722} INFO - Setting next_dagrun for example_sensors to None, run_after=None
[2023-11-02T09:01:51.193+0000] {processor.py:179} INFO - Processing /home/airflow/.local/lib/python3.11/site-packages/airflow/example_dags/example_sensors.py took 0.049 seconds
[2023-11-02T09:02:21.665+0000] {processor.py:157} INFO - Started process (PID=1984) to work on /home/airflow/.local/lib/python3.11/site-packages/airflow/example_dags/example_sensors.py
[2023-11-02T09:02:21.665+0000] {processor.py:829} INFO - Processing file /home/airflow/.local/lib/python3.11/site-packages/airflow/example_dags/example_sensors.py for tasks to queue
[2023-11-02T09:02:21.667+0000] {logging_mixin.py:151} INFO - [2023-11-02T09:02:21.667+0000] {dagbag.py:536} INFO - Filling up the DagBag from /home/airflow/.local/lib/python3.11/site-packages/airflow/example_dags/example_sensors.py
[2023-11-02T09:02:21.674+0000] {processor.py:839} INFO - DAG(s) dict_keys(['example_sensors']) retrieved from /home/airflow/.local/lib/python3.11/site-packages/airflow/example_dags/example_sensors.py
[2023-11-02T09:02:21.690+0000] {logging_mixin.py:151} INFO - [2023-11-02T09:02:21.690+0000] {dag.py:2941} INFO - Sync 1 DAGs
[2023-11-02T09:02:21.699+0000] {logging_mixin.py:151} INFO - [2023-11-02T09:02:21.699+0000] {dag.py:3722} INFO - Setting next_dagrun for example_sensors to None, run_after=None
[2023-11-02T09:02:21.711+0000] {processor.py:179} INFO - Processing /home/airflow/.local/lib/python3.11/site-packages/airflow/example_dags/example_sensors.py took 0.048 seconds
[2023-11-02T09:02:52.319+0000] {processor.py:157} INFO - Started process (PID=2039) to work on /home/airflow/.local/lib/python3.11/site-packages/airflow/example_dags/example_sensors.py
[2023-11-02T09:02:52.320+0000] {processor.py:829} INFO - Processing file /home/airflow/.local/lib/python3.11/site-packages/airflow/example_dags/example_sensors.py for tasks to queue
[2023-11-02T09:02:52.324+0000] {logging_mixin.py:151} INFO - [2023-11-02T09:02:52.324+0000] {dagbag.py:536} INFO - Filling up the DagBag from /home/airflow/.local/lib/python3.11/site-packages/airflow/example_dags/example_sensors.py
[2023-11-02T09:02:52.331+0000] {processor.py:839} INFO - DAG(s) dict_keys(['example_sensors']) retrieved from /home/airflow/.local/lib/python3.11/site-packages/airflow/example_dags/example_sensors.py
[2023-11-02T09:02:52.349+0000] {logging_mixin.py:151} INFO - [2023-11-02T09:02:52.349+0000] {dag.py:2941} INFO - Sync 1 DAGs
[2023-11-02T09:02:52.359+0000] {logging_mixin.py:151} INFO - [2023-11-02T09:02:52.359+0000] {dag.py:3722} INFO - Setting next_dagrun for example_sensors to None, run_after=None
[2023-11-02T09:02:52.371+0000] {processor.py:179} INFO - Processing /home/airflow/.local/lib/python3.11/site-packages/airflow/example_dags/example_sensors.py took 0.055 seconds
[2023-11-02T09:03:23.270+0000] {processor.py:157} INFO - Started process (PID=2094) to work on /home/airflow/.local/lib/python3.11/site-packages/airflow/example_dags/example_sensors.py
[2023-11-02T09:03:23.271+0000] {processor.py:829} INFO - Processing file /home/airflow/.local/lib/python3.11/site-packages/airflow/example_dags/example_sensors.py for tasks to queue
[2023-11-02T09:03:23.273+0000] {logging_mixin.py:151} INFO - [2023-11-02T09:03:23.273+0000] {dagbag.py:536} INFO - Filling up the DagBag from /home/airflow/.local/lib/python3.11/site-packages/airflow/example_dags/example_sensors.py
[2023-11-02T09:03:23.281+0000] {processor.py:839} INFO - DAG(s) dict_keys(['example_sensors']) retrieved from /home/airflow/.local/lib/python3.11/site-packages/airflow/example_dags/example_sensors.py
[2023-11-02T09:03:23.301+0000] {logging_mixin.py:151} INFO - [2023-11-02T09:03:23.301+0000] {dag.py:2941} INFO - Sync 1 DAGs
[2023-11-02T09:03:23.310+0000] {logging_mixin.py:151} INFO - [2023-11-02T09:03:23.310+0000] {dag.py:3722} INFO - Setting next_dagrun for example_sensors to None, run_after=None
[2023-11-02T09:03:23.322+0000] {processor.py:179} INFO - Processing /home/airflow/.local/lib/python3.11/site-packages/airflow/example_dags/example_sensors.py took 0.054 seconds
[2023-11-02T09:03:53.572+0000] {processor.py:157} INFO - Started process (PID=2149) to work on /home/airflow/.local/lib/python3.11/site-packages/airflow/example_dags/example_sensors.py
[2023-11-02T09:03:53.574+0000] {processor.py:829} INFO - Processing file /home/airflow/.local/lib/python3.11/site-packages/airflow/example_dags/example_sensors.py for tasks to queue
[2023-11-02T09:03:53.580+0000] {logging_mixin.py:151} INFO - [2023-11-02T09:03:53.579+0000] {dagbag.py:536} INFO - Filling up the DagBag from /home/airflow/.local/lib/python3.11/site-packages/airflow/example_dags/example_sensors.py
[2023-11-02T09:03:53.595+0000] {processor.py:839} INFO - DAG(s) dict_keys(['example_sensors']) retrieved from /home/airflow/.local/lib/python3.11/site-packages/airflow/example_dags/example_sensors.py
[2023-11-02T09:03:53.615+0000] {logging_mixin.py:151} INFO - [2023-11-02T09:03:53.615+0000] {dag.py:2941} INFO - Sync 1 DAGs
[2023-11-02T09:03:53.624+0000] {logging_mixin.py:151} INFO - [2023-11-02T09:03:53.624+0000] {dag.py:3722} INFO - Setting next_dagrun for example_sensors to None, run_after=None
[2023-11-02T09:03:53.637+0000] {processor.py:179} INFO - Processing /home/airflow/.local/lib/python3.11/site-packages/airflow/example_dags/example_sensors.py took 0.070 seconds
[2023-11-02T09:04:24.103+0000] {processor.py:157} INFO - Started process (PID=2204) to work on /home/airflow/.local/lib/python3.11/site-packages/airflow/example_dags/example_sensors.py
[2023-11-02T09:04:24.103+0000] {processor.py:829} INFO - Processing file /home/airflow/.local/lib/python3.11/site-packages/airflow/example_dags/example_sensors.py for tasks to queue
[2023-11-02T09:04:24.105+0000] {logging_mixin.py:151} INFO - [2023-11-02T09:04:24.105+0000] {dagbag.py:536} INFO - Filling up the DagBag from /home/airflow/.local/lib/python3.11/site-packages/airflow/example_dags/example_sensors.py
[2023-11-02T09:04:24.112+0000] {processor.py:839} INFO - DAG(s) dict_keys(['example_sensors']) retrieved from /home/airflow/.local/lib/python3.11/site-packages/airflow/example_dags/example_sensors.py
[2023-11-02T09:04:24.130+0000] {logging_mixin.py:151} INFO - [2023-11-02T09:04:24.130+0000] {dag.py:2941} INFO - Sync 1 DAGs
[2023-11-02T09:04:24.139+0000] {logging_mixin.py:151} INFO - [2023-11-02T09:04:24.139+0000] {dag.py:3722} INFO - Setting next_dagrun for example_sensors to None, run_after=None
[2023-11-02T09:04:24.155+0000] {processor.py:179} INFO - Processing /home/airflow/.local/lib/python3.11/site-packages/airflow/example_dags/example_sensors.py took 0.054 seconds
[2023-11-02T09:04:55.368+0000] {processor.py:157} INFO - Started process (PID=2259) to work on /home/airflow/.local/lib/python3.11/site-packages/airflow/example_dags/example_sensors.py
[2023-11-02T09:04:55.369+0000] {processor.py:829} INFO - Processing file /home/airflow/.local/lib/python3.11/site-packages/airflow/example_dags/example_sensors.py for tasks to queue
[2023-11-02T09:04:55.372+0000] {logging_mixin.py:151} INFO - [2023-11-02T09:04:55.372+0000] {dagbag.py:536} INFO - Filling up the DagBag from /home/airflow/.local/lib/python3.11/site-packages/airflow/example_dags/example_sensors.py
[2023-11-02T09:04:55.383+0000] {processor.py:839} INFO - DAG(s) dict_keys(['example_sensors']) retrieved from /home/airflow/.local/lib/python3.11/site-packages/airflow/example_dags/example_sensors.py
[2023-11-02T09:04:55.414+0000] {logging_mixin.py:151} INFO - [2023-11-02T09:04:55.414+0000] {dag.py:2941} INFO - Sync 1 DAGs
[2023-11-02T09:04:55.425+0000] {logging_mixin.py:151} INFO - [2023-11-02T09:04:55.424+0000] {dag.py:3722} INFO - Setting next_dagrun for example_sensors to None, run_after=None
[2023-11-02T09:04:55.437+0000] {processor.py:179} INFO - Processing /home/airflow/.local/lib/python3.11/site-packages/airflow/example_dags/example_sensors.py took 0.072 seconds
[2023-11-02T09:05:25.869+0000] {processor.py:157} INFO - Started process (PID=2314) to work on /home/airflow/.local/lib/python3.11/site-packages/airflow/example_dags/example_sensors.py
[2023-11-02T09:05:25.875+0000] {processor.py:829} INFO - Processing file /home/airflow/.local/lib/python3.11/site-packages/airflow/example_dags/example_sensors.py for tasks to queue
[2023-11-02T09:05:25.878+0000] {logging_mixin.py:151} INFO - [2023-11-02T09:05:25.877+0000] {dagbag.py:536} INFO - Filling up the DagBag from /home/airflow/.local/lib/python3.11/site-packages/airflow/example_dags/example_sensors.py
[2023-11-02T09:05:25.885+0000] {processor.py:839} INFO - DAG(s) dict_keys(['example_sensors']) retrieved from /home/airflow/.local/lib/python3.11/site-packages/airflow/example_dags/example_sensors.py
[2023-11-02T09:05:25.904+0000] {logging_mixin.py:151} INFO - [2023-11-02T09:05:25.904+0000] {dag.py:2941} INFO - Sync 1 DAGs
[2023-11-02T09:05:25.913+0000] {logging_mixin.py:151} INFO - [2023-11-02T09:05:25.913+0000] {dag.py:3722} INFO - Setting next_dagrun for example_sensors to None, run_after=None
[2023-11-02T09:05:25.926+0000] {processor.py:179} INFO - Processing /home/airflow/.local/lib/python3.11/site-packages/airflow/example_dags/example_sensors.py took 0.060 seconds
[2023-11-02T09:05:56.456+0000] {processor.py:157} INFO - Started process (PID=2369) to work on /home/airflow/.local/lib/python3.11/site-packages/airflow/example_dags/example_sensors.py
[2023-11-02T09:05:56.457+0000] {processor.py:829} INFO - Processing file /home/airflow/.local/lib/python3.11/site-packages/airflow/example_dags/example_sensors.py for tasks to queue
[2023-11-02T09:05:56.459+0000] {logging_mixin.py:151} INFO - [2023-11-02T09:05:56.458+0000] {dagbag.py:536} INFO - Filling up the DagBag from /home/airflow/.local/lib/python3.11/site-packages/airflow/example_dags/example_sensors.py
[2023-11-02T09:05:56.466+0000] {processor.py:839} INFO - DAG(s) dict_keys(['example_sensors']) retrieved from /home/airflow/.local/lib/python3.11/site-packages/airflow/example_dags/example_sensors.py
[2023-11-02T09:05:56.483+0000] {logging_mixin.py:151} INFO - [2023-11-02T09:05:56.483+0000] {dag.py:2941} INFO - Sync 1 DAGs
[2023-11-02T09:05:56.492+0000] {logging_mixin.py:151} INFO - [2023-11-02T09:05:56.492+0000] {dag.py:3722} INFO - Setting next_dagrun for example_sensors to None, run_after=None
[2023-11-02T09:05:56.506+0000] {processor.py:179} INFO - Processing /home/airflow/.local/lib/python3.11/site-packages/airflow/example_dags/example_sensors.py took 0.052 seconds
[2023-11-02T09:07:24.222+0000] {processor.py:157} INFO - Started process (PID=61) to work on /home/airflow/.local/lib/python3.11/site-packages/airflow/example_dags/example_sensors.py
[2023-11-02T09:07:24.224+0000] {processor.py:829} INFO - Processing file /home/airflow/.local/lib/python3.11/site-packages/airflow/example_dags/example_sensors.py for tasks to queue
[2023-11-02T09:07:24.232+0000] {logging_mixin.py:151} INFO - [2023-11-02T09:07:24.230+0000] {dagbag.py:536} INFO - Filling up the DagBag from /home/airflow/.local/lib/python3.11/site-packages/airflow/example_dags/example_sensors.py
[2023-11-02T09:07:24.258+0000] {processor.py:839} INFO - DAG(s) dict_keys(['example_sensors']) retrieved from /home/airflow/.local/lib/python3.11/site-packages/airflow/example_dags/example_sensors.py
[2023-11-02T09:07:24.428+0000] {logging_mixin.py:151} INFO - [2023-11-02T09:07:24.428+0000] {manager.py:499} INFO - Created Permission View: %s
[2023-11-02T09:07:24.442+0000] {logging_mixin.py:151} INFO - [2023-11-02T09:07:24.441+0000] {manager.py:499} INFO - Created Permission View: %s
[2023-11-02T09:07:24.450+0000] {logging_mixin.py:151} INFO - [2023-11-02T09:07:24.450+0000] {manager.py:499} INFO - Created Permission View: %s
[2023-11-02T09:07:24.453+0000] {logging_mixin.py:151} INFO - [2023-11-02T09:07:24.453+0000] {dag.py:2941} INFO - Sync 1 DAGs
[2023-11-02T09:07:24.485+0000] {logging_mixin.py:151} INFO - [2023-11-02T09:07:24.485+0000] {dag.py:2963} INFO - Creating ORM DAG for example_sensors
[2023-11-02T09:07:24.486+0000] {logging_mixin.py:151} INFO - [2023-11-02T09:07:24.486+0000] {dag.py:3722} INFO - Setting next_dagrun for example_sensors to None, run_after=None
[2023-11-02T09:07:24.525+0000] {processor.py:179} INFO - Processing /home/airflow/.local/lib/python3.11/site-packages/airflow/example_dags/example_sensors.py took 0.308 seconds
[2023-11-02T09:07:55.149+0000] {processor.py:157} INFO - Started process (PID=116) to work on /home/airflow/.local/lib/python3.11/site-packages/airflow/example_dags/example_sensors.py
[2023-11-02T09:07:55.150+0000] {processor.py:829} INFO - Processing file /home/airflow/.local/lib/python3.11/site-packages/airflow/example_dags/example_sensors.py for tasks to queue
[2023-11-02T09:07:55.154+0000] {logging_mixin.py:151} INFO - [2023-11-02T09:07:55.153+0000] {dagbag.py:536} INFO - Filling up the DagBag from /home/airflow/.local/lib/python3.11/site-packages/airflow/example_dags/example_sensors.py
[2023-11-02T09:07:55.167+0000] {processor.py:839} INFO - DAG(s) dict_keys(['example_sensors']) retrieved from /home/airflow/.local/lib/python3.11/site-packages/airflow/example_dags/example_sensors.py
[2023-11-02T09:07:55.195+0000] {logging_mixin.py:151} INFO - [2023-11-02T09:07:55.195+0000] {dag.py:2941} INFO - Sync 1 DAGs
[2023-11-02T09:07:55.209+0000] {logging_mixin.py:151} INFO - [2023-11-02T09:07:55.209+0000] {dag.py:3722} INFO - Setting next_dagrun for example_sensors to None, run_after=None
[2023-11-02T09:07:55.250+0000] {processor.py:179} INFO - Processing /home/airflow/.local/lib/python3.11/site-packages/airflow/example_dags/example_sensors.py took 0.105 seconds
[2023-11-02T09:08:25.519+0000] {processor.py:157} INFO - Started process (PID=171) to work on /home/airflow/.local/lib/python3.11/site-packages/airflow/example_dags/example_sensors.py
[2023-11-02T09:08:25.520+0000] {processor.py:829} INFO - Processing file /home/airflow/.local/lib/python3.11/site-packages/airflow/example_dags/example_sensors.py for tasks to queue
[2023-11-02T09:08:25.522+0000] {logging_mixin.py:151} INFO - [2023-11-02T09:08:25.521+0000] {dagbag.py:536} INFO - Filling up the DagBag from /home/airflow/.local/lib/python3.11/site-packages/airflow/example_dags/example_sensors.py
[2023-11-02T09:08:25.529+0000] {processor.py:839} INFO - DAG(s) dict_keys(['example_sensors']) retrieved from /home/airflow/.local/lib/python3.11/site-packages/airflow/example_dags/example_sensors.py
[2023-11-02T09:08:25.546+0000] {logging_mixin.py:151} INFO - [2023-11-02T09:08:25.546+0000] {dag.py:2941} INFO - Sync 1 DAGs
[2023-11-02T09:08:25.555+0000] {logging_mixin.py:151} INFO - [2023-11-02T09:08:25.555+0000] {dag.py:3722} INFO - Setting next_dagrun for example_sensors to None, run_after=None
[2023-11-02T09:08:25.565+0000] {processor.py:179} INFO - Processing /home/airflow/.local/lib/python3.11/site-packages/airflow/example_dags/example_sensors.py took 0.049 seconds
[2023-11-02T09:08:56.145+0000] {processor.py:157} INFO - Started process (PID=226) to work on /home/airflow/.local/lib/python3.11/site-packages/airflow/example_dags/example_sensors.py
[2023-11-02T09:08:56.146+0000] {processor.py:829} INFO - Processing file /home/airflow/.local/lib/python3.11/site-packages/airflow/example_dags/example_sensors.py for tasks to queue
[2023-11-02T09:08:56.148+0000] {logging_mixin.py:151} INFO - [2023-11-02T09:08:56.147+0000] {dagbag.py:536} INFO - Filling up the DagBag from /home/airflow/.local/lib/python3.11/site-packages/airflow/example_dags/example_sensors.py
[2023-11-02T09:08:56.155+0000] {processor.py:839} INFO - DAG(s) dict_keys(['example_sensors']) retrieved from /home/airflow/.local/lib/python3.11/site-packages/airflow/example_dags/example_sensors.py
[2023-11-02T09:08:56.172+0000] {logging_mixin.py:151} INFO - [2023-11-02T09:08:56.172+0000] {dag.py:2941} INFO - Sync 1 DAGs
[2023-11-02T09:08:56.183+0000] {logging_mixin.py:151} INFO - [2023-11-02T09:08:56.183+0000] {dag.py:3722} INFO - Setting next_dagrun for example_sensors to None, run_after=None
[2023-11-02T09:08:56.197+0000] {processor.py:179} INFO - Processing /home/airflow/.local/lib/python3.11/site-packages/airflow/example_dags/example_sensors.py took 0.055 seconds
[2023-11-02T09:09:26.854+0000] {processor.py:157} INFO - Started process (PID=281) to work on /home/airflow/.local/lib/python3.11/site-packages/airflow/example_dags/example_sensors.py
[2023-11-02T09:09:26.857+0000] {processor.py:829} INFO - Processing file /home/airflow/.local/lib/python3.11/site-packages/airflow/example_dags/example_sensors.py for tasks to queue
[2023-11-02T09:09:26.859+0000] {logging_mixin.py:151} INFO - [2023-11-02T09:09:26.859+0000] {dagbag.py:536} INFO - Filling up the DagBag from /home/airflow/.local/lib/python3.11/site-packages/airflow/example_dags/example_sensors.py
[2023-11-02T09:09:26.866+0000] {processor.py:839} INFO - DAG(s) dict_keys(['example_sensors']) retrieved from /home/airflow/.local/lib/python3.11/site-packages/airflow/example_dags/example_sensors.py
[2023-11-02T09:09:26.884+0000] {logging_mixin.py:151} INFO - [2023-11-02T09:09:26.883+0000] {dag.py:2941} INFO - Sync 1 DAGs
[2023-11-02T09:09:26.892+0000] {logging_mixin.py:151} INFO - [2023-11-02T09:09:26.892+0000] {dag.py:3722} INFO - Setting next_dagrun for example_sensors to None, run_after=None
[2023-11-02T09:09:26.903+0000] {processor.py:179} INFO - Processing /home/airflow/.local/lib/python3.11/site-packages/airflow/example_dags/example_sensors.py took 0.052 seconds
[2023-11-02T09:09:56.943+0000] {processor.py:157} INFO - Started process (PID=336) to work on /home/airflow/.local/lib/python3.11/site-packages/airflow/example_dags/example_sensors.py
[2023-11-02T09:09:56.944+0000] {processor.py:829} INFO - Processing file /home/airflow/.local/lib/python3.11/site-packages/airflow/example_dags/example_sensors.py for tasks to queue
[2023-11-02T09:09:56.949+0000] {logging_mixin.py:151} INFO - [2023-11-02T09:09:56.948+0000] {dagbag.py:536} INFO - Filling up the DagBag from /home/airflow/.local/lib/python3.11/site-packages/airflow/example_dags/example_sensors.py
[2023-11-02T09:09:56.955+0000] {processor.py:839} INFO - DAG(s) dict_keys(['example_sensors']) retrieved from /home/airflow/.local/lib/python3.11/site-packages/airflow/example_dags/example_sensors.py
[2023-11-02T09:09:56.974+0000] {logging_mixin.py:151} INFO - [2023-11-02T09:09:56.974+0000] {dag.py:2941} INFO - Sync 1 DAGs
[2023-11-02T09:09:56.982+0000] {logging_mixin.py:151} INFO - [2023-11-02T09:09:56.982+0000] {dag.py:3722} INFO - Setting next_dagrun for example_sensors to None, run_after=None
[2023-11-02T09:09:56.993+0000] {processor.py:179} INFO - Processing /home/airflow/.local/lib/python3.11/site-packages/airflow/example_dags/example_sensors.py took 0.052 seconds
[2023-11-02T09:10:27.552+0000] {processor.py:157} INFO - Started process (PID=391) to work on /home/airflow/.local/lib/python3.11/site-packages/airflow/example_dags/example_sensors.py
[2023-11-02T09:10:27.554+0000] {processor.py:829} INFO - Processing file /home/airflow/.local/lib/python3.11/site-packages/airflow/example_dags/example_sensors.py for tasks to queue
[2023-11-02T09:10:27.557+0000] {logging_mixin.py:151} INFO - [2023-11-02T09:10:27.557+0000] {dagbag.py:536} INFO - Filling up the DagBag from /home/airflow/.local/lib/python3.11/site-packages/airflow/example_dags/example_sensors.py
[2023-11-02T09:10:27.565+0000] {processor.py:839} INFO - DAG(s) dict_keys(['example_sensors']) retrieved from /home/airflow/.local/lib/python3.11/site-packages/airflow/example_dags/example_sensors.py
[2023-11-02T09:10:27.582+0000] {logging_mixin.py:151} INFO - [2023-11-02T09:10:27.582+0000] {dag.py:2941} INFO - Sync 1 DAGs
[2023-11-02T09:10:27.591+0000] {logging_mixin.py:151} INFO - [2023-11-02T09:10:27.591+0000] {dag.py:3722} INFO - Setting next_dagrun for example_sensors to None, run_after=None
[2023-11-02T09:10:27.602+0000] {processor.py:179} INFO - Processing /home/airflow/.local/lib/python3.11/site-packages/airflow/example_dags/example_sensors.py took 0.052 seconds
[2023-11-02T09:10:57.930+0000] {processor.py:157} INFO - Started process (PID=446) to work on /home/airflow/.local/lib/python3.11/site-packages/airflow/example_dags/example_sensors.py
[2023-11-02T09:10:57.933+0000] {processor.py:829} INFO - Processing file /home/airflow/.local/lib/python3.11/site-packages/airflow/example_dags/example_sensors.py for tasks to queue
[2023-11-02T09:10:57.935+0000] {logging_mixin.py:151} INFO - [2023-11-02T09:10:57.934+0000] {dagbag.py:536} INFO - Filling up the DagBag from /home/airflow/.local/lib/python3.11/site-packages/airflow/example_dags/example_sensors.py
[2023-11-02T09:10:57.943+0000] {processor.py:839} INFO - DAG(s) dict_keys(['example_sensors']) retrieved from /home/airflow/.local/lib/python3.11/site-packages/airflow/example_dags/example_sensors.py
[2023-11-02T09:10:57.959+0000] {logging_mixin.py:151} INFO - [2023-11-02T09:10:57.959+0000] {dag.py:2941} INFO - Sync 1 DAGs
[2023-11-02T09:10:57.967+0000] {logging_mixin.py:151} INFO - [2023-11-02T09:10:57.967+0000] {dag.py:3722} INFO - Setting next_dagrun for example_sensors to None, run_after=None
[2023-11-02T09:10:57.977+0000] {processor.py:179} INFO - Processing /home/airflow/.local/lib/python3.11/site-packages/airflow/example_dags/example_sensors.py took 0.050 seconds
[2023-11-02T09:11:28.929+0000] {processor.py:157} INFO - Started process (PID=501) to work on /home/airflow/.local/lib/python3.11/site-packages/airflow/example_dags/example_sensors.py
[2023-11-02T09:11:28.934+0000] {processor.py:829} INFO - Processing file /home/airflow/.local/lib/python3.11/site-packages/airflow/example_dags/example_sensors.py for tasks to queue
[2023-11-02T09:11:28.937+0000] {logging_mixin.py:151} INFO - [2023-11-02T09:11:28.937+0000] {dagbag.py:536} INFO - Filling up the DagBag from /home/airflow/.local/lib/python3.11/site-packages/airflow/example_dags/example_sensors.py
[2023-11-02T09:11:28.944+0000] {processor.py:839} INFO - DAG(s) dict_keys(['example_sensors']) retrieved from /home/airflow/.local/lib/python3.11/site-packages/airflow/example_dags/example_sensors.py
[2023-11-02T09:11:28.961+0000] {logging_mixin.py:151} INFO - [2023-11-02T09:11:28.961+0000] {dag.py:2941} INFO - Sync 1 DAGs
[2023-11-02T09:11:28.969+0000] {logging_mixin.py:151} INFO - [2023-11-02T09:11:28.969+0000] {dag.py:3722} INFO - Setting next_dagrun for example_sensors to None, run_after=None
[2023-11-02T09:11:28.984+0000] {processor.py:179} INFO - Processing /home/airflow/.local/lib/python3.11/site-packages/airflow/example_dags/example_sensors.py took 0.057 seconds
[2023-11-02T09:11:59.359+0000] {processor.py:157} INFO - Started process (PID=556) to work on /home/airflow/.local/lib/python3.11/site-packages/airflow/example_dags/example_sensors.py
[2023-11-02T09:11:59.360+0000] {processor.py:829} INFO - Processing file /home/airflow/.local/lib/python3.11/site-packages/airflow/example_dags/example_sensors.py for tasks to queue
[2023-11-02T09:11:59.362+0000] {logging_mixin.py:151} INFO - [2023-11-02T09:11:59.361+0000] {dagbag.py:536} INFO - Filling up the DagBag from /home/airflow/.local/lib/python3.11/site-packages/airflow/example_dags/example_sensors.py
[2023-11-02T09:11:59.369+0000] {processor.py:839} INFO - DAG(s) dict_keys(['example_sensors']) retrieved from /home/airflow/.local/lib/python3.11/site-packages/airflow/example_dags/example_sensors.py
[2023-11-02T09:11:59.399+0000] {logging_mixin.py:151} INFO - [2023-11-02T09:11:59.398+0000] {dag.py:2941} INFO - Sync 1 DAGs
[2023-11-02T09:11:59.411+0000] {logging_mixin.py:151} INFO - [2023-11-02T09:11:59.410+0000] {dag.py:3722} INFO - Setting next_dagrun for example_sensors to None, run_after=None
[2023-11-02T09:11:59.423+0000] {processor.py:179} INFO - Processing /home/airflow/.local/lib/python3.11/site-packages/airflow/example_dags/example_sensors.py took 0.067 seconds
[2023-11-02T09:12:29.773+0000] {processor.py:157} INFO - Started process (PID=611) to work on /home/airflow/.local/lib/python3.11/site-packages/airflow/example_dags/example_sensors.py
[2023-11-02T09:12:29.774+0000] {processor.py:829} INFO - Processing file /home/airflow/.local/lib/python3.11/site-packages/airflow/example_dags/example_sensors.py for tasks to queue
[2023-11-02T09:12:29.778+0000] {logging_mixin.py:151} INFO - [2023-11-02T09:12:29.778+0000] {dagbag.py:536} INFO - Filling up the DagBag from /home/airflow/.local/lib/python3.11/site-packages/airflow/example_dags/example_sensors.py
[2023-11-02T09:12:29.786+0000] {processor.py:839} INFO - DAG(s) dict_keys(['example_sensors']) retrieved from /home/airflow/.local/lib/python3.11/site-packages/airflow/example_dags/example_sensors.py
[2023-11-02T09:12:29.804+0000] {logging_mixin.py:151} INFO - [2023-11-02T09:12:29.804+0000] {dag.py:2941} INFO - Sync 1 DAGs
[2023-11-02T09:12:29.813+0000] {logging_mixin.py:151} INFO - [2023-11-02T09:12:29.813+0000] {dag.py:3722} INFO - Setting next_dagrun for example_sensors to None, run_after=None
[2023-11-02T09:12:29.825+0000] {processor.py:179} INFO - Processing /home/airflow/.local/lib/python3.11/site-packages/airflow/example_dags/example_sensors.py took 0.054 seconds
[2023-11-02T09:13:01.004+0000] {processor.py:157} INFO - Started process (PID=666) to work on /home/airflow/.local/lib/python3.11/site-packages/airflow/example_dags/example_sensors.py
[2023-11-02T09:13:01.013+0000] {processor.py:829} INFO - Processing file /home/airflow/.local/lib/python3.11/site-packages/airflow/example_dags/example_sensors.py for tasks to queue
[2023-11-02T09:13:01.019+0000] {logging_mixin.py:151} INFO - [2023-11-02T09:13:01.018+0000] {dagbag.py:536} INFO - Filling up the DagBag from /home/airflow/.local/lib/python3.11/site-packages/airflow/example_dags/example_sensors.py
[2023-11-02T09:13:01.034+0000] {processor.py:839} INFO - DAG(s) dict_keys(['example_sensors']) retrieved from /home/airflow/.local/lib/python3.11/site-packages/airflow/example_dags/example_sensors.py
[2023-11-02T09:13:01.064+0000] {logging_mixin.py:151} INFO - [2023-11-02T09:13:01.064+0000] {dag.py:2941} INFO - Sync 1 DAGs
[2023-11-02T09:13:01.079+0000] {logging_mixin.py:151} INFO - [2023-11-02T09:13:01.078+0000] {dag.py:3722} INFO - Setting next_dagrun for example_sensors to None, run_after=None
[2023-11-02T09:13:01.099+0000] {processor.py:179} INFO - Processing /home/airflow/.local/lib/python3.11/site-packages/airflow/example_dags/example_sensors.py took 0.100 seconds
[2023-11-02T09:13:31.774+0000] {processor.py:157} INFO - Started process (PID=720) to work on /home/airflow/.local/lib/python3.11/site-packages/airflow/example_dags/example_sensors.py
[2023-11-02T09:13:31.774+0000] {processor.py:829} INFO - Processing file /home/airflow/.local/lib/python3.11/site-packages/airflow/example_dags/example_sensors.py for tasks to queue
[2023-11-02T09:13:31.776+0000] {logging_mixin.py:151} INFO - [2023-11-02T09:13:31.776+0000] {dagbag.py:536} INFO - Filling up the DagBag from /home/airflow/.local/lib/python3.11/site-packages/airflow/example_dags/example_sensors.py
[2023-11-02T09:13:31.784+0000] {processor.py:839} INFO - DAG(s) dict_keys(['example_sensors']) retrieved from /home/airflow/.local/lib/python3.11/site-packages/airflow/example_dags/example_sensors.py
[2023-11-02T09:13:31.803+0000] {logging_mixin.py:151} INFO - [2023-11-02T09:13:31.803+0000] {dag.py:2941} INFO - Sync 1 DAGs
[2023-11-02T09:13:31.812+0000] {logging_mixin.py:151} INFO - [2023-11-02T09:13:31.812+0000] {dag.py:3722} INFO - Setting next_dagrun for example_sensors to None, run_after=None
[2023-11-02T09:13:31.824+0000] {processor.py:179} INFO - Processing /home/airflow/.local/lib/python3.11/site-packages/airflow/example_dags/example_sensors.py took 0.054 seconds
[2023-11-02T09:14:02.214+0000] {processor.py:157} INFO - Started process (PID=776) to work on /home/airflow/.local/lib/python3.11/site-packages/airflow/example_dags/example_sensors.py
[2023-11-02T09:14:02.214+0000] {processor.py:829} INFO - Processing file /home/airflow/.local/lib/python3.11/site-packages/airflow/example_dags/example_sensors.py for tasks to queue
[2023-11-02T09:14:02.217+0000] {logging_mixin.py:151} INFO - [2023-11-02T09:14:02.216+0000] {dagbag.py:536} INFO - Filling up the DagBag from /home/airflow/.local/lib/python3.11/site-packages/airflow/example_dags/example_sensors.py
[2023-11-02T09:14:02.226+0000] {processor.py:839} INFO - DAG(s) dict_keys(['example_sensors']) retrieved from /home/airflow/.local/lib/python3.11/site-packages/airflow/example_dags/example_sensors.py
[2023-11-02T09:14:02.248+0000] {logging_mixin.py:151} INFO - [2023-11-02T09:14:02.248+0000] {dag.py:2941} INFO - Sync 1 DAGs
[2023-11-02T09:14:02.262+0000] {logging_mixin.py:151} INFO - [2023-11-02T09:14:02.262+0000] {dag.py:3722} INFO - Setting next_dagrun for example_sensors to None, run_after=None
[2023-11-02T09:14:02.300+0000] {processor.py:179} INFO - Processing /home/airflow/.local/lib/python3.11/site-packages/airflow/example_dags/example_sensors.py took 0.090 seconds
[2023-11-02T09:14:32.325+0000] {processor.py:157} INFO - Started process (PID=831) to work on /home/airflow/.local/lib/python3.11/site-packages/airflow/example_dags/example_sensors.py
[2023-11-02T09:14:32.326+0000] {processor.py:829} INFO - Processing file /home/airflow/.local/lib/python3.11/site-packages/airflow/example_dags/example_sensors.py for tasks to queue
[2023-11-02T09:14:32.328+0000] {logging_mixin.py:151} INFO - [2023-11-02T09:14:32.327+0000] {dagbag.py:536} INFO - Filling up the DagBag from /home/airflow/.local/lib/python3.11/site-packages/airflow/example_dags/example_sensors.py
[2023-11-02T09:14:32.335+0000] {processor.py:839} INFO - DAG(s) dict_keys(['example_sensors']) retrieved from /home/airflow/.local/lib/python3.11/site-packages/airflow/example_dags/example_sensors.py
[2023-11-02T09:14:32.351+0000] {logging_mixin.py:151} INFO - [2023-11-02T09:14:32.351+0000] {dag.py:2941} INFO - Sync 1 DAGs
[2023-11-02T09:14:32.360+0000] {logging_mixin.py:151} INFO - [2023-11-02T09:14:32.360+0000] {dag.py:3722} INFO - Setting next_dagrun for example_sensors to None, run_after=None
[2023-11-02T09:14:32.370+0000] {processor.py:179} INFO - Processing /home/airflow/.local/lib/python3.11/site-packages/airflow/example_dags/example_sensors.py took 0.048 seconds
[2023-11-02T09:15:02.621+0000] {processor.py:157} INFO - Started process (PID=886) to work on /home/airflow/.local/lib/python3.11/site-packages/airflow/example_dags/example_sensors.py
[2023-11-02T09:15:02.622+0000] {processor.py:829} INFO - Processing file /home/airflow/.local/lib/python3.11/site-packages/airflow/example_dags/example_sensors.py for tasks to queue
[2023-11-02T09:15:02.624+0000] {logging_mixin.py:151} INFO - [2023-11-02T09:15:02.623+0000] {dagbag.py:536} INFO - Filling up the DagBag from /home/airflow/.local/lib/python3.11/site-packages/airflow/example_dags/example_sensors.py
[2023-11-02T09:15:02.630+0000] {processor.py:839} INFO - DAG(s) dict_keys(['example_sensors']) retrieved from /home/airflow/.local/lib/python3.11/site-packages/airflow/example_dags/example_sensors.py
[2023-11-02T09:15:02.646+0000] {logging_mixin.py:151} INFO - [2023-11-02T09:15:02.646+0000] {dag.py:2941} INFO - Sync 1 DAGs
[2023-11-02T09:15:02.655+0000] {logging_mixin.py:151} INFO - [2023-11-02T09:15:02.655+0000] {dag.py:3722} INFO - Setting next_dagrun for example_sensors to None, run_after=None
[2023-11-02T09:15:02.665+0000] {processor.py:179} INFO - Processing /home/airflow/.local/lib/python3.11/site-packages/airflow/example_dags/example_sensors.py took 0.046 seconds
[2023-11-02T09:15:32.872+0000] {processor.py:157} INFO - Started process (PID=941) to work on /home/airflow/.local/lib/python3.11/site-packages/airflow/example_dags/example_sensors.py
[2023-11-02T09:15:32.872+0000] {processor.py:829} INFO - Processing file /home/airflow/.local/lib/python3.11/site-packages/airflow/example_dags/example_sensors.py for tasks to queue
[2023-11-02T09:15:32.874+0000] {logging_mixin.py:151} INFO - [2023-11-02T09:15:32.874+0000] {dagbag.py:536} INFO - Filling up the DagBag from /home/airflow/.local/lib/python3.11/site-packages/airflow/example_dags/example_sensors.py
[2023-11-02T09:15:32.881+0000] {processor.py:839} INFO - DAG(s) dict_keys(['example_sensors']) retrieved from /home/airflow/.local/lib/python3.11/site-packages/airflow/example_dags/example_sensors.py
[2023-11-02T09:15:32.897+0000] {logging_mixin.py:151} INFO - [2023-11-02T09:15:32.897+0000] {dag.py:2941} INFO - Sync 1 DAGs
[2023-11-02T09:15:32.906+0000] {logging_mixin.py:151} INFO - [2023-11-02T09:15:32.906+0000] {dag.py:3722} INFO - Setting next_dagrun for example_sensors to None, run_after=None
[2023-11-02T09:15:32.918+0000] {processor.py:179} INFO - Processing /home/airflow/.local/lib/python3.11/site-packages/airflow/example_dags/example_sensors.py took 0.049 seconds
[2023-11-02T09:16:03.018+0000] {processor.py:157} INFO - Started process (PID=996) to work on /home/airflow/.local/lib/python3.11/site-packages/airflow/example_dags/example_sensors.py
[2023-11-02T09:16:03.021+0000] {processor.py:829} INFO - Processing file /home/airflow/.local/lib/python3.11/site-packages/airflow/example_dags/example_sensors.py for tasks to queue
[2023-11-02T09:16:03.024+0000] {logging_mixin.py:151} INFO - [2023-11-02T09:16:03.024+0000] {dagbag.py:536} INFO - Filling up the DagBag from /home/airflow/.local/lib/python3.11/site-packages/airflow/example_dags/example_sensors.py
[2023-11-02T09:16:03.032+0000] {processor.py:839} INFO - DAG(s) dict_keys(['example_sensors']) retrieved from /home/airflow/.local/lib/python3.11/site-packages/airflow/example_dags/example_sensors.py
[2023-11-02T09:16:03.049+0000] {logging_mixin.py:151} INFO - [2023-11-02T09:16:03.049+0000] {dag.py:2941} INFO - Sync 1 DAGs
[2023-11-02T09:16:03.061+0000] {logging_mixin.py:151} INFO - [2023-11-02T09:16:03.061+0000] {dag.py:3722} INFO - Setting next_dagrun for example_sensors to None, run_after=None
[2023-11-02T09:16:03.077+0000] {processor.py:179} INFO - Processing /home/airflow/.local/lib/python3.11/site-packages/airflow/example_dags/example_sensors.py took 0.061 seconds
[2023-11-02T09:16:33.617+0000] {processor.py:157} INFO - Started process (PID=1051) to work on /home/airflow/.local/lib/python3.11/site-packages/airflow/example_dags/example_sensors.py
[2023-11-02T09:16:33.620+0000] {processor.py:829} INFO - Processing file /home/airflow/.local/lib/python3.11/site-packages/airflow/example_dags/example_sensors.py for tasks to queue
[2023-11-02T09:16:33.622+0000] {logging_mixin.py:151} INFO - [2023-11-02T09:16:33.622+0000] {dagbag.py:536} INFO - Filling up the DagBag from /home/airflow/.local/lib/python3.11/site-packages/airflow/example_dags/example_sensors.py
[2023-11-02T09:16:33.629+0000] {processor.py:839} INFO - DAG(s) dict_keys(['example_sensors']) retrieved from /home/airflow/.local/lib/python3.11/site-packages/airflow/example_dags/example_sensors.py
[2023-11-02T09:16:33.648+0000] {logging_mixin.py:151} INFO - [2023-11-02T09:16:33.648+0000] {dag.py:2941} INFO - Sync 1 DAGs
[2023-11-02T09:16:33.658+0000] {logging_mixin.py:151} INFO - [2023-11-02T09:16:33.658+0000] {dag.py:3722} INFO - Setting next_dagrun for example_sensors to None, run_after=None
[2023-11-02T09:16:33.670+0000] {processor.py:179} INFO - Processing /home/airflow/.local/lib/python3.11/site-packages/airflow/example_dags/example_sensors.py took 0.056 seconds
[2023-11-02T09:17:04.255+0000] {processor.py:157} INFO - Started process (PID=1106) to work on /home/airflow/.local/lib/python3.11/site-packages/airflow/example_dags/example_sensors.py
[2023-11-02T09:17:04.258+0000] {processor.py:829} INFO - Processing file /home/airflow/.local/lib/python3.11/site-packages/airflow/example_dags/example_sensors.py for tasks to queue
[2023-11-02T09:17:04.260+0000] {logging_mixin.py:151} INFO - [2023-11-02T09:17:04.260+0000] {dagbag.py:536} INFO - Filling up the DagBag from /home/airflow/.local/lib/python3.11/site-packages/airflow/example_dags/example_sensors.py
[2023-11-02T09:17:04.267+0000] {processor.py:839} INFO - DAG(s) dict_keys(['example_sensors']) retrieved from /home/airflow/.local/lib/python3.11/site-packages/airflow/example_dags/example_sensors.py
[2023-11-02T09:17:04.285+0000] {logging_mixin.py:151} INFO - [2023-11-02T09:17:04.285+0000] {dag.py:2941} INFO - Sync 1 DAGs
[2023-11-02T09:17:04.295+0000] {logging_mixin.py:151} INFO - [2023-11-02T09:17:04.295+0000] {dag.py:3722} INFO - Setting next_dagrun for example_sensors to None, run_after=None
[2023-11-02T09:17:04.308+0000] {processor.py:179} INFO - Processing /home/airflow/.local/lib/python3.11/site-packages/airflow/example_dags/example_sensors.py took 0.056 seconds
[2023-11-02T09:17:34.513+0000] {processor.py:157} INFO - Started process (PID=1159) to work on /home/airflow/.local/lib/python3.11/site-packages/airflow/example_dags/example_sensors.py
[2023-11-02T09:17:34.517+0000] {processor.py:829} INFO - Processing file /home/airflow/.local/lib/python3.11/site-packages/airflow/example_dags/example_sensors.py for tasks to queue
[2023-11-02T09:17:34.519+0000] {logging_mixin.py:151} INFO - [2023-11-02T09:17:34.519+0000] {dagbag.py:536} INFO - Filling up the DagBag from /home/airflow/.local/lib/python3.11/site-packages/airflow/example_dags/example_sensors.py
[2023-11-02T09:17:34.526+0000] {processor.py:839} INFO - DAG(s) dict_keys(['example_sensors']) retrieved from /home/airflow/.local/lib/python3.11/site-packages/airflow/example_dags/example_sensors.py
[2023-11-02T09:17:34.545+0000] {logging_mixin.py:151} INFO - [2023-11-02T09:17:34.545+0000] {dag.py:2941} INFO - Sync 1 DAGs
[2023-11-02T09:17:34.557+0000] {logging_mixin.py:151} INFO - [2023-11-02T09:17:34.557+0000] {dag.py:3722} INFO - Setting next_dagrun for example_sensors to None, run_after=None
[2023-11-02T09:17:34.571+0000] {processor.py:179} INFO - Processing /home/airflow/.local/lib/python3.11/site-packages/airflow/example_dags/example_sensors.py took 0.060 seconds
[2023-11-02T09:18:04.673+0000] {processor.py:157} INFO - Started process (PID=1214) to work on /home/airflow/.local/lib/python3.11/site-packages/airflow/example_dags/example_sensors.py
[2023-11-02T09:18:04.675+0000] {processor.py:829} INFO - Processing file /home/airflow/.local/lib/python3.11/site-packages/airflow/example_dags/example_sensors.py for tasks to queue
[2023-11-02T09:18:04.677+0000] {logging_mixin.py:151} INFO - [2023-11-02T09:18:04.677+0000] {dagbag.py:536} INFO - Filling up the DagBag from /home/airflow/.local/lib/python3.11/site-packages/airflow/example_dags/example_sensors.py
[2023-11-02T09:18:04.688+0000] {processor.py:839} INFO - DAG(s) dict_keys(['example_sensors']) retrieved from /home/airflow/.local/lib/python3.11/site-packages/airflow/example_dags/example_sensors.py
[2023-11-02T09:18:04.707+0000] {logging_mixin.py:151} INFO - [2023-11-02T09:18:04.707+0000] {dag.py:2941} INFO - Sync 1 DAGs
[2023-11-02T09:18:04.717+0000] {logging_mixin.py:151} INFO - [2023-11-02T09:18:04.716+0000] {dag.py:3722} INFO - Setting next_dagrun for example_sensors to None, run_after=None
[2023-11-02T09:18:04.729+0000] {processor.py:179} INFO - Processing /home/airflow/.local/lib/python3.11/site-packages/airflow/example_dags/example_sensors.py took 0.057 seconds
