[2023-11-02T08:44:41.570+0000] {processor.py:157} INFO - Started process (PID=54) to work on /home/airflow/.local/lib/python3.11/site-packages/airflow/example_dags/example_sensor_decorator.py
[2023-11-02T08:44:41.573+0000] {processor.py:829} INFO - Processing file /home/airflow/.local/lib/python3.11/site-packages/airflow/example_dags/example_sensor_decorator.py for tasks to queue
[2023-11-02T08:44:41.582+0000] {logging_mixin.py:151} INFO - [2023-11-02T08:44:41.580+0000] {dagbag.py:536} INFO - Filling up the DagBag from /home/airflow/.local/lib/python3.11/site-packages/airflow/example_dags/example_sensor_decorator.py
[2023-11-02T08:44:41.604+0000] {processor.py:839} INFO - DAG(s) dict_keys(['example_sensor_decorator']) retrieved from /home/airflow/.local/lib/python3.11/site-packages/airflow/example_dags/example_sensor_decorator.py
[2023-11-02T08:44:41.756+0000] {logging_mixin.py:151} INFO - [2023-11-02T08:44:41.755+0000] {manager.py:499} INFO - Created Permission View: %s
[2023-11-02T08:44:41.767+0000] {logging_mixin.py:151} INFO - [2023-11-02T08:44:41.767+0000] {manager.py:499} INFO - Created Permission View: %s
[2023-11-02T08:44:41.774+0000] {logging_mixin.py:151} INFO - [2023-11-02T08:44:41.774+0000] {manager.py:499} INFO - Created Permission View: %s
[2023-11-02T08:44:41.775+0000] {logging_mixin.py:151} INFO - [2023-11-02T08:44:41.775+0000] {dag.py:2941} INFO - Sync 1 DAGs
[2023-11-02T08:44:41.790+0000] {logging_mixin.py:151} INFO - [2023-11-02T08:44:41.790+0000] {dag.py:2963} INFO - Creating ORM DAG for example_sensor_decorator
[2023-11-02T08:44:41.791+0000] {logging_mixin.py:151} INFO - [2023-11-02T08:44:41.791+0000] {dag.py:3722} INFO - Setting next_dagrun for example_sensor_decorator to None, run_after=None
[2023-11-02T08:44:41.815+0000] {processor.py:179} INFO - Processing /home/airflow/.local/lib/python3.11/site-packages/airflow/example_dags/example_sensor_decorator.py took 0.257 seconds
[2023-11-02T08:45:12.152+0000] {processor.py:157} INFO - Started process (PID=109) to work on /home/airflow/.local/lib/python3.11/site-packages/airflow/example_dags/example_sensor_decorator.py
[2023-11-02T08:45:12.162+0000] {processor.py:829} INFO - Processing file /home/airflow/.local/lib/python3.11/site-packages/airflow/example_dags/example_sensor_decorator.py for tasks to queue
[2023-11-02T08:45:12.167+0000] {logging_mixin.py:151} INFO - [2023-11-02T08:45:12.167+0000] {dagbag.py:536} INFO - Filling up the DagBag from /home/airflow/.local/lib/python3.11/site-packages/airflow/example_dags/example_sensor_decorator.py
[2023-11-02T08:45:12.176+0000] {processor.py:839} INFO - DAG(s) dict_keys(['example_sensor_decorator']) retrieved from /home/airflow/.local/lib/python3.11/site-packages/airflow/example_dags/example_sensor_decorator.py
[2023-11-02T08:45:12.202+0000] {logging_mixin.py:151} INFO - [2023-11-02T08:45:12.202+0000] {dag.py:2941} INFO - Sync 1 DAGs
[2023-11-02T08:45:12.217+0000] {logging_mixin.py:151} INFO - [2023-11-02T08:45:12.217+0000] {dag.py:3722} INFO - Setting next_dagrun for example_sensor_decorator to None, run_after=None
[2023-11-02T08:45:12.234+0000] {processor.py:179} INFO - Processing /home/airflow/.local/lib/python3.11/site-packages/airflow/example_dags/example_sensor_decorator.py took 0.084 seconds
[2023-11-02T08:45:42.309+0000] {processor.py:157} INFO - Started process (PID=164) to work on /home/airflow/.local/lib/python3.11/site-packages/airflow/example_dags/example_sensor_decorator.py
[2023-11-02T08:45:42.310+0000] {processor.py:829} INFO - Processing file /home/airflow/.local/lib/python3.11/site-packages/airflow/example_dags/example_sensor_decorator.py for tasks to queue
[2023-11-02T08:45:42.313+0000] {logging_mixin.py:151} INFO - [2023-11-02T08:45:42.313+0000] {dagbag.py:536} INFO - Filling up the DagBag from /home/airflow/.local/lib/python3.11/site-packages/airflow/example_dags/example_sensor_decorator.py
[2023-11-02T08:45:42.320+0000] {processor.py:839} INFO - DAG(s) dict_keys(['example_sensor_decorator']) retrieved from /home/airflow/.local/lib/python3.11/site-packages/airflow/example_dags/example_sensor_decorator.py
[2023-11-02T08:45:42.340+0000] {logging_mixin.py:151} INFO - [2023-11-02T08:45:42.340+0000] {dag.py:2941} INFO - Sync 1 DAGs
[2023-11-02T08:45:42.353+0000] {logging_mixin.py:151} INFO - [2023-11-02T08:45:42.352+0000] {dag.py:3722} INFO - Setting next_dagrun for example_sensor_decorator to None, run_after=None
[2023-11-02T08:45:42.368+0000] {processor.py:179} INFO - Processing /home/airflow/.local/lib/python3.11/site-packages/airflow/example_dags/example_sensor_decorator.py took 0.061 seconds
[2023-11-02T08:46:12.883+0000] {processor.py:157} INFO - Started process (PID=219) to work on /home/airflow/.local/lib/python3.11/site-packages/airflow/example_dags/example_sensor_decorator.py
[2023-11-02T08:46:12.884+0000] {processor.py:829} INFO - Processing file /home/airflow/.local/lib/python3.11/site-packages/airflow/example_dags/example_sensor_decorator.py for tasks to queue
[2023-11-02T08:46:12.885+0000] {logging_mixin.py:151} INFO - [2023-11-02T08:46:12.885+0000] {dagbag.py:536} INFO - Filling up the DagBag from /home/airflow/.local/lib/python3.11/site-packages/airflow/example_dags/example_sensor_decorator.py
[2023-11-02T08:46:12.891+0000] {processor.py:839} INFO - DAG(s) dict_keys(['example_sensor_decorator']) retrieved from /home/airflow/.local/lib/python3.11/site-packages/airflow/example_dags/example_sensor_decorator.py
[2023-11-02T08:46:12.906+0000] {logging_mixin.py:151} INFO - [2023-11-02T08:46:12.906+0000] {dag.py:2941} INFO - Sync 1 DAGs
[2023-11-02T08:46:12.915+0000] {logging_mixin.py:151} INFO - [2023-11-02T08:46:12.915+0000] {dag.py:3722} INFO - Setting next_dagrun for example_sensor_decorator to None, run_after=None
[2023-11-02T08:46:12.927+0000] {processor.py:179} INFO - Processing /home/airflow/.local/lib/python3.11/site-packages/airflow/example_dags/example_sensor_decorator.py took 0.047 seconds
[2023-11-02T08:46:43.329+0000] {processor.py:157} INFO - Started process (PID=274) to work on /home/airflow/.local/lib/python3.11/site-packages/airflow/example_dags/example_sensor_decorator.py
[2023-11-02T08:46:43.330+0000] {processor.py:829} INFO - Processing file /home/airflow/.local/lib/python3.11/site-packages/airflow/example_dags/example_sensor_decorator.py for tasks to queue
[2023-11-02T08:46:43.332+0000] {logging_mixin.py:151} INFO - [2023-11-02T08:46:43.332+0000] {dagbag.py:536} INFO - Filling up the DagBag from /home/airflow/.local/lib/python3.11/site-packages/airflow/example_dags/example_sensor_decorator.py
[2023-11-02T08:46:43.339+0000] {processor.py:839} INFO - DAG(s) dict_keys(['example_sensor_decorator']) retrieved from /home/airflow/.local/lib/python3.11/site-packages/airflow/example_dags/example_sensor_decorator.py
[2023-11-02T08:46:43.355+0000] {logging_mixin.py:151} INFO - [2023-11-02T08:46:43.354+0000] {dag.py:2941} INFO - Sync 1 DAGs
[2023-11-02T08:46:43.364+0000] {logging_mixin.py:151} INFO - [2023-11-02T08:46:43.364+0000] {dag.py:3722} INFO - Setting next_dagrun for example_sensor_decorator to None, run_after=None
[2023-11-02T08:46:43.375+0000] {processor.py:179} INFO - Processing /home/airflow/.local/lib/python3.11/site-packages/airflow/example_dags/example_sensor_decorator.py took 0.048 seconds
[2023-11-02T08:47:13.541+0000] {processor.py:157} INFO - Started process (PID=329) to work on /home/airflow/.local/lib/python3.11/site-packages/airflow/example_dags/example_sensor_decorator.py
[2023-11-02T08:47:13.541+0000] {processor.py:829} INFO - Processing file /home/airflow/.local/lib/python3.11/site-packages/airflow/example_dags/example_sensor_decorator.py for tasks to queue
[2023-11-02T08:47:13.543+0000] {logging_mixin.py:151} INFO - [2023-11-02T08:47:13.543+0000] {dagbag.py:536} INFO - Filling up the DagBag from /home/airflow/.local/lib/python3.11/site-packages/airflow/example_dags/example_sensor_decorator.py
[2023-11-02T08:47:13.548+0000] {processor.py:839} INFO - DAG(s) dict_keys(['example_sensor_decorator']) retrieved from /home/airflow/.local/lib/python3.11/site-packages/airflow/example_dags/example_sensor_decorator.py
[2023-11-02T08:47:13.562+0000] {logging_mixin.py:151} INFO - [2023-11-02T08:47:13.562+0000] {dag.py:2941} INFO - Sync 1 DAGs
[2023-11-02T08:47:13.570+0000] {logging_mixin.py:151} INFO - [2023-11-02T08:47:13.570+0000] {dag.py:3722} INFO - Setting next_dagrun for example_sensor_decorator to None, run_after=None
[2023-11-02T08:47:13.580+0000] {processor.py:179} INFO - Processing /home/airflow/.local/lib/python3.11/site-packages/airflow/example_dags/example_sensor_decorator.py took 0.042 seconds
[2023-11-02T08:47:43.660+0000] {processor.py:157} INFO - Started process (PID=384) to work on /home/airflow/.local/lib/python3.11/site-packages/airflow/example_dags/example_sensor_decorator.py
[2023-11-02T08:47:43.661+0000] {processor.py:829} INFO - Processing file /home/airflow/.local/lib/python3.11/site-packages/airflow/example_dags/example_sensor_decorator.py for tasks to queue
[2023-11-02T08:47:43.666+0000] {logging_mixin.py:151} INFO - [2023-11-02T08:47:43.665+0000] {dagbag.py:536} INFO - Filling up the DagBag from /home/airflow/.local/lib/python3.11/site-packages/airflow/example_dags/example_sensor_decorator.py
[2023-11-02T08:47:43.673+0000] {processor.py:839} INFO - DAG(s) dict_keys(['example_sensor_decorator']) retrieved from /home/airflow/.local/lib/python3.11/site-packages/airflow/example_dags/example_sensor_decorator.py
[2023-11-02T08:47:43.687+0000] {logging_mixin.py:151} INFO - [2023-11-02T08:47:43.687+0000] {dag.py:2941} INFO - Sync 1 DAGs
[2023-11-02T08:47:43.696+0000] {logging_mixin.py:151} INFO - [2023-11-02T08:47:43.696+0000] {dag.py:3722} INFO - Setting next_dagrun for example_sensor_decorator to None, run_after=None
[2023-11-02T08:47:43.707+0000] {processor.py:179} INFO - Processing /home/airflow/.local/lib/python3.11/site-packages/airflow/example_dags/example_sensor_decorator.py took 0.049 seconds
[2023-11-02T08:48:13.966+0000] {processor.py:157} INFO - Started process (PID=446) to work on /home/airflow/.local/lib/python3.11/site-packages/airflow/example_dags/example_sensor_decorator.py
[2023-11-02T08:48:13.967+0000] {processor.py:829} INFO - Processing file /home/airflow/.local/lib/python3.11/site-packages/airflow/example_dags/example_sensor_decorator.py for tasks to queue
[2023-11-02T08:48:13.969+0000] {logging_mixin.py:151} INFO - [2023-11-02T08:48:13.969+0000] {dagbag.py:536} INFO - Filling up the DagBag from /home/airflow/.local/lib/python3.11/site-packages/airflow/example_dags/example_sensor_decorator.py
[2023-11-02T08:48:13.974+0000] {processor.py:839} INFO - DAG(s) dict_keys(['example_sensor_decorator']) retrieved from /home/airflow/.local/lib/python3.11/site-packages/airflow/example_dags/example_sensor_decorator.py
[2023-11-02T08:48:13.990+0000] {logging_mixin.py:151} INFO - [2023-11-02T08:48:13.990+0000] {dag.py:2941} INFO - Sync 1 DAGs
[2023-11-02T08:48:14.000+0000] {logging_mixin.py:151} INFO - [2023-11-02T08:48:14.000+0000] {dag.py:3722} INFO - Setting next_dagrun for example_sensor_decorator to None, run_after=None
[2023-11-02T08:48:14.017+0000] {processor.py:179} INFO - Processing /home/airflow/.local/lib/python3.11/site-packages/airflow/example_dags/example_sensor_decorator.py took 0.054 seconds
[2023-11-02T08:48:44.146+0000] {processor.py:157} INFO - Started process (PID=501) to work on /home/airflow/.local/lib/python3.11/site-packages/airflow/example_dags/example_sensor_decorator.py
[2023-11-02T08:48:44.146+0000] {processor.py:829} INFO - Processing file /home/airflow/.local/lib/python3.11/site-packages/airflow/example_dags/example_sensor_decorator.py for tasks to queue
[2023-11-02T08:48:44.148+0000] {logging_mixin.py:151} INFO - [2023-11-02T08:48:44.148+0000] {dagbag.py:536} INFO - Filling up the DagBag from /home/airflow/.local/lib/python3.11/site-packages/airflow/example_dags/example_sensor_decorator.py
[2023-11-02T08:48:44.153+0000] {processor.py:839} INFO - DAG(s) dict_keys(['example_sensor_decorator']) retrieved from /home/airflow/.local/lib/python3.11/site-packages/airflow/example_dags/example_sensor_decorator.py
[2023-11-02T08:48:44.166+0000] {logging_mixin.py:151} INFO - [2023-11-02T08:48:44.165+0000] {dag.py:2941} INFO - Sync 1 DAGs
[2023-11-02T08:48:44.174+0000] {logging_mixin.py:151} INFO - [2023-11-02T08:48:44.173+0000] {dag.py:3722} INFO - Setting next_dagrun for example_sensor_decorator to None, run_after=None
[2023-11-02T08:48:44.184+0000] {processor.py:179} INFO - Processing /home/airflow/.local/lib/python3.11/site-packages/airflow/example_dags/example_sensor_decorator.py took 0.040 seconds
[2023-11-02T08:49:14.362+0000] {processor.py:157} INFO - Started process (PID=556) to work on /home/airflow/.local/lib/python3.11/site-packages/airflow/example_dags/example_sensor_decorator.py
[2023-11-02T08:49:14.363+0000] {processor.py:829} INFO - Processing file /home/airflow/.local/lib/python3.11/site-packages/airflow/example_dags/example_sensor_decorator.py for tasks to queue
[2023-11-02T08:49:14.365+0000] {logging_mixin.py:151} INFO - [2023-11-02T08:49:14.365+0000] {dagbag.py:536} INFO - Filling up the DagBag from /home/airflow/.local/lib/python3.11/site-packages/airflow/example_dags/example_sensor_decorator.py
[2023-11-02T08:49:14.373+0000] {processor.py:839} INFO - DAG(s) dict_keys(['example_sensor_decorator']) retrieved from /home/airflow/.local/lib/python3.11/site-packages/airflow/example_dags/example_sensor_decorator.py
[2023-11-02T08:49:14.388+0000] {logging_mixin.py:151} INFO - [2023-11-02T08:49:14.388+0000] {dag.py:2941} INFO - Sync 1 DAGs
[2023-11-02T08:49:14.402+0000] {logging_mixin.py:151} INFO - [2023-11-02T08:49:14.401+0000] {dag.py:3722} INFO - Setting next_dagrun for example_sensor_decorator to None, run_after=None
[2023-11-02T08:49:14.413+0000] {processor.py:179} INFO - Processing /home/airflow/.local/lib/python3.11/site-packages/airflow/example_dags/example_sensor_decorator.py took 0.055 seconds
[2023-11-02T08:49:44.631+0000] {processor.py:157} INFO - Started process (PID=611) to work on /home/airflow/.local/lib/python3.11/site-packages/airflow/example_dags/example_sensor_decorator.py
[2023-11-02T08:49:44.632+0000] {processor.py:829} INFO - Processing file /home/airflow/.local/lib/python3.11/site-packages/airflow/example_dags/example_sensor_decorator.py for tasks to queue
[2023-11-02T08:49:44.634+0000] {logging_mixin.py:151} INFO - [2023-11-02T08:49:44.634+0000] {dagbag.py:536} INFO - Filling up the DagBag from /home/airflow/.local/lib/python3.11/site-packages/airflow/example_dags/example_sensor_decorator.py
[2023-11-02T08:49:44.639+0000] {processor.py:839} INFO - DAG(s) dict_keys(['example_sensor_decorator']) retrieved from /home/airflow/.local/lib/python3.11/site-packages/airflow/example_dags/example_sensor_decorator.py
[2023-11-02T08:49:44.656+0000] {logging_mixin.py:151} INFO - [2023-11-02T08:49:44.656+0000] {dag.py:2941} INFO - Sync 1 DAGs
[2023-11-02T08:49:44.665+0000] {logging_mixin.py:151} INFO - [2023-11-02T08:49:44.665+0000] {dag.py:3722} INFO - Setting next_dagrun for example_sensor_decorator to None, run_after=None
[2023-11-02T08:49:44.676+0000] {processor.py:179} INFO - Processing /home/airflow/.local/lib/python3.11/site-packages/airflow/example_dags/example_sensor_decorator.py took 0.047 seconds
[2023-11-02T08:50:14.813+0000] {processor.py:157} INFO - Started process (PID=666) to work on /home/airflow/.local/lib/python3.11/site-packages/airflow/example_dags/example_sensor_decorator.py
[2023-11-02T08:50:14.817+0000] {processor.py:829} INFO - Processing file /home/airflow/.local/lib/python3.11/site-packages/airflow/example_dags/example_sensor_decorator.py for tasks to queue
[2023-11-02T08:50:14.819+0000] {logging_mixin.py:151} INFO - [2023-11-02T08:50:14.818+0000] {dagbag.py:536} INFO - Filling up the DagBag from /home/airflow/.local/lib/python3.11/site-packages/airflow/example_dags/example_sensor_decorator.py
[2023-11-02T08:50:14.826+0000] {processor.py:839} INFO - DAG(s) dict_keys(['example_sensor_decorator']) retrieved from /home/airflow/.local/lib/python3.11/site-packages/airflow/example_dags/example_sensor_decorator.py
[2023-11-02T08:50:14.841+0000] {logging_mixin.py:151} INFO - [2023-11-02T08:50:14.841+0000] {dag.py:2941} INFO - Sync 1 DAGs
[2023-11-02T08:50:14.852+0000] {logging_mixin.py:151} INFO - [2023-11-02T08:50:14.851+0000] {dag.py:3722} INFO - Setting next_dagrun for example_sensor_decorator to None, run_after=None
[2023-11-02T08:50:14.863+0000] {processor.py:179} INFO - Processing /home/airflow/.local/lib/python3.11/site-packages/airflow/example_dags/example_sensor_decorator.py took 0.052 seconds
[2023-11-02T08:50:45.027+0000] {processor.py:157} INFO - Started process (PID=721) to work on /home/airflow/.local/lib/python3.11/site-packages/airflow/example_dags/example_sensor_decorator.py
[2023-11-02T08:50:45.028+0000] {processor.py:829} INFO - Processing file /home/airflow/.local/lib/python3.11/site-packages/airflow/example_dags/example_sensor_decorator.py for tasks to queue
[2023-11-02T08:50:45.031+0000] {logging_mixin.py:151} INFO - [2023-11-02T08:50:45.030+0000] {dagbag.py:536} INFO - Filling up the DagBag from /home/airflow/.local/lib/python3.11/site-packages/airflow/example_dags/example_sensor_decorator.py
[2023-11-02T08:50:45.037+0000] {processor.py:839} INFO - DAG(s) dict_keys(['example_sensor_decorator']) retrieved from /home/airflow/.local/lib/python3.11/site-packages/airflow/example_dags/example_sensor_decorator.py
[2023-11-02T08:50:45.052+0000] {logging_mixin.py:151} INFO - [2023-11-02T08:50:45.052+0000] {dag.py:2941} INFO - Sync 1 DAGs
[2023-11-02T08:50:45.060+0000] {logging_mixin.py:151} INFO - [2023-11-02T08:50:45.060+0000] {dag.py:3722} INFO - Setting next_dagrun for example_sensor_decorator to None, run_after=None
[2023-11-02T08:50:45.071+0000] {processor.py:179} INFO - Processing /home/airflow/.local/lib/python3.11/site-packages/airflow/example_dags/example_sensor_decorator.py took 0.048 seconds
[2023-11-02T08:51:15.209+0000] {processor.py:157} INFO - Started process (PID=776) to work on /home/airflow/.local/lib/python3.11/site-packages/airflow/example_dags/example_sensor_decorator.py
[2023-11-02T08:51:15.210+0000] {processor.py:829} INFO - Processing file /home/airflow/.local/lib/python3.11/site-packages/airflow/example_dags/example_sensor_decorator.py for tasks to queue
[2023-11-02T08:51:15.213+0000] {logging_mixin.py:151} INFO - [2023-11-02T08:51:15.212+0000] {dagbag.py:536} INFO - Filling up the DagBag from /home/airflow/.local/lib/python3.11/site-packages/airflow/example_dags/example_sensor_decorator.py
[2023-11-02T08:51:15.221+0000] {processor.py:839} INFO - DAG(s) dict_keys(['example_sensor_decorator']) retrieved from /home/airflow/.local/lib/python3.11/site-packages/airflow/example_dags/example_sensor_decorator.py
[2023-11-02T08:51:15.242+0000] {logging_mixin.py:151} INFO - [2023-11-02T08:51:15.242+0000] {dag.py:2941} INFO - Sync 1 DAGs
[2023-11-02T08:51:15.256+0000] {logging_mixin.py:151} INFO - [2023-11-02T08:51:15.256+0000] {dag.py:3722} INFO - Setting next_dagrun for example_sensor_decorator to None, run_after=None
[2023-11-02T08:51:15.271+0000] {processor.py:179} INFO - Processing /home/airflow/.local/lib/python3.11/site-packages/airflow/example_dags/example_sensor_decorator.py took 0.065 seconds
[2023-11-02T08:51:45.286+0000] {processor.py:157} INFO - Started process (PID=831) to work on /home/airflow/.local/lib/python3.11/site-packages/airflow/example_dags/example_sensor_decorator.py
[2023-11-02T08:51:45.287+0000] {processor.py:829} INFO - Processing file /home/airflow/.local/lib/python3.11/site-packages/airflow/example_dags/example_sensor_decorator.py for tasks to queue
[2023-11-02T08:51:45.288+0000] {logging_mixin.py:151} INFO - [2023-11-02T08:51:45.288+0000] {dagbag.py:536} INFO - Filling up the DagBag from /home/airflow/.local/lib/python3.11/site-packages/airflow/example_dags/example_sensor_decorator.py
[2023-11-02T08:51:45.294+0000] {processor.py:839} INFO - DAG(s) dict_keys(['example_sensor_decorator']) retrieved from /home/airflow/.local/lib/python3.11/site-packages/airflow/example_dags/example_sensor_decorator.py
[2023-11-02T08:51:45.308+0000] {logging_mixin.py:151} INFO - [2023-11-02T08:51:45.308+0000] {dag.py:2941} INFO - Sync 1 DAGs
[2023-11-02T08:51:45.321+0000] {logging_mixin.py:151} INFO - [2023-11-02T08:51:45.320+0000] {dag.py:3722} INFO - Setting next_dagrun for example_sensor_decorator to None, run_after=None
[2023-11-02T08:51:45.332+0000] {processor.py:179} INFO - Processing /home/airflow/.local/lib/python3.11/site-packages/airflow/example_dags/example_sensor_decorator.py took 0.049 seconds
[2023-11-02T08:52:15.498+0000] {processor.py:157} INFO - Started process (PID=886) to work on /home/airflow/.local/lib/python3.11/site-packages/airflow/example_dags/example_sensor_decorator.py
[2023-11-02T08:52:15.499+0000] {processor.py:829} INFO - Processing file /home/airflow/.local/lib/python3.11/site-packages/airflow/example_dags/example_sensor_decorator.py for tasks to queue
[2023-11-02T08:52:15.502+0000] {logging_mixin.py:151} INFO - [2023-11-02T08:52:15.502+0000] {dagbag.py:536} INFO - Filling up the DagBag from /home/airflow/.local/lib/python3.11/site-packages/airflow/example_dags/example_sensor_decorator.py
[2023-11-02T08:52:15.512+0000] {processor.py:839} INFO - DAG(s) dict_keys(['example_sensor_decorator']) retrieved from /home/airflow/.local/lib/python3.11/site-packages/airflow/example_dags/example_sensor_decorator.py
[2023-11-02T08:52:15.529+0000] {logging_mixin.py:151} INFO - [2023-11-02T08:52:15.529+0000] {dag.py:2941} INFO - Sync 1 DAGs
[2023-11-02T08:52:15.539+0000] {logging_mixin.py:151} INFO - [2023-11-02T08:52:15.539+0000] {dag.py:3722} INFO - Setting next_dagrun for example_sensor_decorator to None, run_after=None
[2023-11-02T08:52:15.553+0000] {processor.py:179} INFO - Processing /home/airflow/.local/lib/python3.11/site-packages/airflow/example_dags/example_sensor_decorator.py took 0.059 seconds
[2023-11-02T08:52:45.695+0000] {processor.py:157} INFO - Started process (PID=941) to work on /home/airflow/.local/lib/python3.11/site-packages/airflow/example_dags/example_sensor_decorator.py
[2023-11-02T08:52:45.696+0000] {processor.py:829} INFO - Processing file /home/airflow/.local/lib/python3.11/site-packages/airflow/example_dags/example_sensor_decorator.py for tasks to queue
[2023-11-02T08:52:45.699+0000] {logging_mixin.py:151} INFO - [2023-11-02T08:52:45.699+0000] {dagbag.py:536} INFO - Filling up the DagBag from /home/airflow/.local/lib/python3.11/site-packages/airflow/example_dags/example_sensor_decorator.py
[2023-11-02T08:52:45.705+0000] {processor.py:839} INFO - DAG(s) dict_keys(['example_sensor_decorator']) retrieved from /home/airflow/.local/lib/python3.11/site-packages/airflow/example_dags/example_sensor_decorator.py
[2023-11-02T08:52:45.719+0000] {logging_mixin.py:151} INFO - [2023-11-02T08:52:45.719+0000] {dag.py:2941} INFO - Sync 1 DAGs
[2023-11-02T08:52:45.730+0000] {logging_mixin.py:151} INFO - [2023-11-02T08:52:45.730+0000] {dag.py:3722} INFO - Setting next_dagrun for example_sensor_decorator to None, run_after=None
[2023-11-02T08:52:45.741+0000] {processor.py:179} INFO - Processing /home/airflow/.local/lib/python3.11/site-packages/airflow/example_dags/example_sensor_decorator.py took 0.048 seconds
[2023-11-02T08:53:16.147+0000] {processor.py:157} INFO - Started process (PID=996) to work on /home/airflow/.local/lib/python3.11/site-packages/airflow/example_dags/example_sensor_decorator.py
[2023-11-02T08:53:16.148+0000] {processor.py:829} INFO - Processing file /home/airflow/.local/lib/python3.11/site-packages/airflow/example_dags/example_sensor_decorator.py for tasks to queue
[2023-11-02T08:53:16.151+0000] {logging_mixin.py:151} INFO - [2023-11-02T08:53:16.151+0000] {dagbag.py:536} INFO - Filling up the DagBag from /home/airflow/.local/lib/python3.11/site-packages/airflow/example_dags/example_sensor_decorator.py
[2023-11-02T08:53:16.157+0000] {processor.py:839} INFO - DAG(s) dict_keys(['example_sensor_decorator']) retrieved from /home/airflow/.local/lib/python3.11/site-packages/airflow/example_dags/example_sensor_decorator.py
[2023-11-02T08:53:16.172+0000] {logging_mixin.py:151} INFO - [2023-11-02T08:53:16.171+0000] {dag.py:2941} INFO - Sync 1 DAGs
[2023-11-02T08:53:16.182+0000] {logging_mixin.py:151} INFO - [2023-11-02T08:53:16.182+0000] {dag.py:3722} INFO - Setting next_dagrun for example_sensor_decorator to None, run_after=None
[2023-11-02T08:53:16.194+0000] {processor.py:179} INFO - Processing /home/airflow/.local/lib/python3.11/site-packages/airflow/example_dags/example_sensor_decorator.py took 0.049 seconds
[2023-11-02T08:53:46.375+0000] {processor.py:157} INFO - Started process (PID=1051) to work on /home/airflow/.local/lib/python3.11/site-packages/airflow/example_dags/example_sensor_decorator.py
[2023-11-02T08:53:46.376+0000] {processor.py:829} INFO - Processing file /home/airflow/.local/lib/python3.11/site-packages/airflow/example_dags/example_sensor_decorator.py for tasks to queue
[2023-11-02T08:53:46.378+0000] {logging_mixin.py:151} INFO - [2023-11-02T08:53:46.377+0000] {dagbag.py:536} INFO - Filling up the DagBag from /home/airflow/.local/lib/python3.11/site-packages/airflow/example_dags/example_sensor_decorator.py
[2023-11-02T08:53:46.382+0000] {processor.py:839} INFO - DAG(s) dict_keys(['example_sensor_decorator']) retrieved from /home/airflow/.local/lib/python3.11/site-packages/airflow/example_dags/example_sensor_decorator.py
[2023-11-02T08:53:46.395+0000] {logging_mixin.py:151} INFO - [2023-11-02T08:53:46.395+0000] {dag.py:2941} INFO - Sync 1 DAGs
[2023-11-02T08:53:46.405+0000] {logging_mixin.py:151} INFO - [2023-11-02T08:53:46.405+0000] {dag.py:3722} INFO - Setting next_dagrun for example_sensor_decorator to None, run_after=None
[2023-11-02T08:53:46.416+0000] {processor.py:179} INFO - Processing /home/airflow/.local/lib/python3.11/site-packages/airflow/example_dags/example_sensor_decorator.py took 0.043 seconds
[2023-11-02T08:54:16.978+0000] {processor.py:157} INFO - Started process (PID=1106) to work on /home/airflow/.local/lib/python3.11/site-packages/airflow/example_dags/example_sensor_decorator.py
[2023-11-02T08:54:16.979+0000] {processor.py:829} INFO - Processing file /home/airflow/.local/lib/python3.11/site-packages/airflow/example_dags/example_sensor_decorator.py for tasks to queue
[2023-11-02T08:54:16.982+0000] {logging_mixin.py:151} INFO - [2023-11-02T08:54:16.982+0000] {dagbag.py:536} INFO - Filling up the DagBag from /home/airflow/.local/lib/python3.11/site-packages/airflow/example_dags/example_sensor_decorator.py
[2023-11-02T08:54:16.987+0000] {processor.py:839} INFO - DAG(s) dict_keys(['example_sensor_decorator']) retrieved from /home/airflow/.local/lib/python3.11/site-packages/airflow/example_dags/example_sensor_decorator.py
[2023-11-02T08:54:17.001+0000] {logging_mixin.py:151} INFO - [2023-11-02T08:54:17.001+0000] {dag.py:2941} INFO - Sync 1 DAGs
[2023-11-02T08:54:17.009+0000] {logging_mixin.py:151} INFO - [2023-11-02T08:54:17.009+0000] {dag.py:3722} INFO - Setting next_dagrun for example_sensor_decorator to None, run_after=None
[2023-11-02T08:54:17.019+0000] {processor.py:179} INFO - Processing /home/airflow/.local/lib/python3.11/site-packages/airflow/example_dags/example_sensor_decorator.py took 0.043 seconds
[2023-11-02T08:54:47.242+0000] {processor.py:157} INFO - Started process (PID=1161) to work on /home/airflow/.local/lib/python3.11/site-packages/airflow/example_dags/example_sensor_decorator.py
[2023-11-02T08:54:47.242+0000] {processor.py:829} INFO - Processing file /home/airflow/.local/lib/python3.11/site-packages/airflow/example_dags/example_sensor_decorator.py for tasks to queue
[2023-11-02T08:54:47.244+0000] {logging_mixin.py:151} INFO - [2023-11-02T08:54:47.244+0000] {dagbag.py:536} INFO - Filling up the DagBag from /home/airflow/.local/lib/python3.11/site-packages/airflow/example_dags/example_sensor_decorator.py
[2023-11-02T08:54:47.249+0000] {processor.py:839} INFO - DAG(s) dict_keys(['example_sensor_decorator']) retrieved from /home/airflow/.local/lib/python3.11/site-packages/airflow/example_dags/example_sensor_decorator.py
[2023-11-02T08:54:47.261+0000] {logging_mixin.py:151} INFO - [2023-11-02T08:54:47.261+0000] {dag.py:2941} INFO - Sync 1 DAGs
[2023-11-02T08:54:47.269+0000] {logging_mixin.py:151} INFO - [2023-11-02T08:54:47.269+0000] {dag.py:3722} INFO - Setting next_dagrun for example_sensor_decorator to None, run_after=None
[2023-11-02T08:54:47.279+0000] {processor.py:179} INFO - Processing /home/airflow/.local/lib/python3.11/site-packages/airflow/example_dags/example_sensor_decorator.py took 0.040 seconds
