[2023-11-02T08:44:42.948+0000] {processor.py:157} INFO - Started process (PID=65) to work on /home/airflow/.local/lib/python3.11/site-packages/airflow/example_dags/example_time_delta_sensor_async.py
[2023-11-02T08:44:42.950+0000] {processor.py:829} INFO - Processing file /home/airflow/.local/lib/python3.11/site-packages/airflow/example_dags/example_time_delta_sensor_async.py for tasks to queue
[2023-11-02T08:44:42.953+0000] {logging_mixin.py:151} INFO - [2023-11-02T08:44:42.952+0000] {dagbag.py:536} INFO - Filling up the DagBag from /home/airflow/.local/lib/python3.11/site-packages/airflow/example_dags/example_time_delta_sensor_async.py
[2023-11-02T08:44:42.960+0000] {processor.py:839} INFO - DAG(s) dict_keys(['example_time_delta_sensor_async']) retrieved from /home/airflow/.local/lib/python3.11/site-packages/airflow/example_dags/example_time_delta_sensor_async.py
[2023-11-02T08:44:43.073+0000] {logging_mixin.py:151} INFO - [2023-11-02T08:44:43.073+0000] {manager.py:499} INFO - Created Permission View: %s
[2023-11-02T08:44:43.093+0000] {logging_mixin.py:151} INFO - [2023-11-02T08:44:43.093+0000] {manager.py:499} INFO - Created Permission View: %s
[2023-11-02T08:44:43.102+0000] {logging_mixin.py:151} INFO - [2023-11-02T08:44:43.101+0000] {manager.py:499} INFO - Created Permission View: %s
[2023-11-02T08:44:43.102+0000] {logging_mixin.py:151} INFO - [2023-11-02T08:44:43.102+0000] {dag.py:2941} INFO - Sync 1 DAGs
[2023-11-02T08:44:43.116+0000] {logging_mixin.py:151} INFO - [2023-11-02T08:44:43.116+0000] {dag.py:2963} INFO - Creating ORM DAG for example_time_delta_sensor_async
[2023-11-02T08:44:43.119+0000] {logging_mixin.py:151} INFO - [2023-11-02T08:44:43.118+0000] {dag.py:3722} INFO - Setting next_dagrun for example_time_delta_sensor_async to None, run_after=None
[2023-11-02T08:44:43.143+0000] {processor.py:179} INFO - Processing /home/airflow/.local/lib/python3.11/site-packages/airflow/example_dags/example_time_delta_sensor_async.py took 0.197 seconds
[2023-11-02T08:45:13.904+0000] {processor.py:157} INFO - Started process (PID=127) to work on /home/airflow/.local/lib/python3.11/site-packages/airflow/example_dags/example_time_delta_sensor_async.py
[2023-11-02T08:45:13.905+0000] {processor.py:829} INFO - Processing file /home/airflow/.local/lib/python3.11/site-packages/airflow/example_dags/example_time_delta_sensor_async.py for tasks to queue
[2023-11-02T08:45:13.907+0000] {logging_mixin.py:151} INFO - [2023-11-02T08:45:13.907+0000] {dagbag.py:536} INFO - Filling up the DagBag from /home/airflow/.local/lib/python3.11/site-packages/airflow/example_dags/example_time_delta_sensor_async.py
[2023-11-02T08:45:13.911+0000] {processor.py:839} INFO - DAG(s) dict_keys(['example_time_delta_sensor_async']) retrieved from /home/airflow/.local/lib/python3.11/site-packages/airflow/example_dags/example_time_delta_sensor_async.py
[2023-11-02T08:45:13.926+0000] {logging_mixin.py:151} INFO - [2023-11-02T08:45:13.926+0000] {dag.py:2941} INFO - Sync 1 DAGs
[2023-11-02T08:45:13.934+0000] {logging_mixin.py:151} INFO - [2023-11-02T08:45:13.934+0000] {dag.py:3722} INFO - Setting next_dagrun for example_time_delta_sensor_async to None, run_after=None
[2023-11-02T08:45:13.948+0000] {processor.py:179} INFO - Processing /home/airflow/.local/lib/python3.11/site-packages/airflow/example_dags/example_time_delta_sensor_async.py took 0.049 seconds
[2023-11-02T08:45:44.835+0000] {processor.py:157} INFO - Started process (PID=182) to work on /home/airflow/.local/lib/python3.11/site-packages/airflow/example_dags/example_time_delta_sensor_async.py
[2023-11-02T08:45:44.836+0000] {processor.py:829} INFO - Processing file /home/airflow/.local/lib/python3.11/site-packages/airflow/example_dags/example_time_delta_sensor_async.py for tasks to queue
[2023-11-02T08:45:44.839+0000] {logging_mixin.py:151} INFO - [2023-11-02T08:45:44.839+0000] {dagbag.py:536} INFO - Filling up the DagBag from /home/airflow/.local/lib/python3.11/site-packages/airflow/example_dags/example_time_delta_sensor_async.py
[2023-11-02T08:45:44.845+0000] {processor.py:839} INFO - DAG(s) dict_keys(['example_time_delta_sensor_async']) retrieved from /home/airflow/.local/lib/python3.11/site-packages/airflow/example_dags/example_time_delta_sensor_async.py
[2023-11-02T08:45:44.863+0000] {logging_mixin.py:151} INFO - [2023-11-02T08:45:44.863+0000] {dag.py:2941} INFO - Sync 1 DAGs
[2023-11-02T08:45:44.874+0000] {logging_mixin.py:151} INFO - [2023-11-02T08:45:44.874+0000] {dag.py:3722} INFO - Setting next_dagrun for example_time_delta_sensor_async to None, run_after=None
[2023-11-02T08:45:44.887+0000] {processor.py:179} INFO - Processing /home/airflow/.local/lib/python3.11/site-packages/airflow/example_dags/example_time_delta_sensor_async.py took 0.056 seconds
[2023-11-02T08:46:15.356+0000] {processor.py:157} INFO - Started process (PID=237) to work on /home/airflow/.local/lib/python3.11/site-packages/airflow/example_dags/example_time_delta_sensor_async.py
[2023-11-02T08:46:15.357+0000] {processor.py:829} INFO - Processing file /home/airflow/.local/lib/python3.11/site-packages/airflow/example_dags/example_time_delta_sensor_async.py for tasks to queue
[2023-11-02T08:46:15.359+0000] {logging_mixin.py:151} INFO - [2023-11-02T08:46:15.359+0000] {dagbag.py:536} INFO - Filling up the DagBag from /home/airflow/.local/lib/python3.11/site-packages/airflow/example_dags/example_time_delta_sensor_async.py
[2023-11-02T08:46:15.367+0000] {processor.py:839} INFO - DAG(s) dict_keys(['example_time_delta_sensor_async']) retrieved from /home/airflow/.local/lib/python3.11/site-packages/airflow/example_dags/example_time_delta_sensor_async.py
[2023-11-02T08:46:15.382+0000] {logging_mixin.py:151} INFO - [2023-11-02T08:46:15.382+0000] {dag.py:2941} INFO - Sync 1 DAGs
[2023-11-02T08:46:15.390+0000] {logging_mixin.py:151} INFO - [2023-11-02T08:46:15.390+0000] {dag.py:3722} INFO - Setting next_dagrun for example_time_delta_sensor_async to None, run_after=None
[2023-11-02T08:46:15.400+0000] {processor.py:179} INFO - Processing /home/airflow/.local/lib/python3.11/site-packages/airflow/example_dags/example_time_delta_sensor_async.py took 0.046 seconds
[2023-11-02T08:46:45.784+0000] {processor.py:157} INFO - Started process (PID=292) to work on /home/airflow/.local/lib/python3.11/site-packages/airflow/example_dags/example_time_delta_sensor_async.py
[2023-11-02T08:46:45.786+0000] {processor.py:829} INFO - Processing file /home/airflow/.local/lib/python3.11/site-packages/airflow/example_dags/example_time_delta_sensor_async.py for tasks to queue
[2023-11-02T08:46:45.788+0000] {logging_mixin.py:151} INFO - [2023-11-02T08:46:45.788+0000] {dagbag.py:536} INFO - Filling up the DagBag from /home/airflow/.local/lib/python3.11/site-packages/airflow/example_dags/example_time_delta_sensor_async.py
[2023-11-02T08:46:45.792+0000] {processor.py:839} INFO - DAG(s) dict_keys(['example_time_delta_sensor_async']) retrieved from /home/airflow/.local/lib/python3.11/site-packages/airflow/example_dags/example_time_delta_sensor_async.py
[2023-11-02T08:46:45.806+0000] {logging_mixin.py:151} INFO - [2023-11-02T08:46:45.806+0000] {dag.py:2941} INFO - Sync 1 DAGs
[2023-11-02T08:46:45.815+0000] {logging_mixin.py:151} INFO - [2023-11-02T08:46:45.814+0000] {dag.py:3722} INFO - Setting next_dagrun for example_time_delta_sensor_async to None, run_after=None
[2023-11-02T08:46:45.825+0000] {processor.py:179} INFO - Processing /home/airflow/.local/lib/python3.11/site-packages/airflow/example_dags/example_time_delta_sensor_async.py took 0.044 seconds
[2023-11-02T08:47:16.036+0000] {processor.py:157} INFO - Started process (PID=347) to work on /home/airflow/.local/lib/python3.11/site-packages/airflow/example_dags/example_time_delta_sensor_async.py
[2023-11-02T08:47:16.037+0000] {processor.py:829} INFO - Processing file /home/airflow/.local/lib/python3.11/site-packages/airflow/example_dags/example_time_delta_sensor_async.py for tasks to queue
[2023-11-02T08:47:16.039+0000] {logging_mixin.py:151} INFO - [2023-11-02T08:47:16.039+0000] {dagbag.py:536} INFO - Filling up the DagBag from /home/airflow/.local/lib/python3.11/site-packages/airflow/example_dags/example_time_delta_sensor_async.py
[2023-11-02T08:47:16.043+0000] {processor.py:839} INFO - DAG(s) dict_keys(['example_time_delta_sensor_async']) retrieved from /home/airflow/.local/lib/python3.11/site-packages/airflow/example_dags/example_time_delta_sensor_async.py
[2023-11-02T08:47:16.057+0000] {logging_mixin.py:151} INFO - [2023-11-02T08:47:16.057+0000] {dag.py:2941} INFO - Sync 1 DAGs
[2023-11-02T08:47:16.066+0000] {logging_mixin.py:151} INFO - [2023-11-02T08:47:16.066+0000] {dag.py:3722} INFO - Setting next_dagrun for example_time_delta_sensor_async to None, run_after=None
[2023-11-02T08:47:16.077+0000] {processor.py:179} INFO - Processing /home/airflow/.local/lib/python3.11/site-packages/airflow/example_dags/example_time_delta_sensor_async.py took 0.043 seconds
[2023-11-02T08:47:46.200+0000] {processor.py:157} INFO - Started process (PID=402) to work on /home/airflow/.local/lib/python3.11/site-packages/airflow/example_dags/example_time_delta_sensor_async.py
[2023-11-02T08:47:46.201+0000] {processor.py:829} INFO - Processing file /home/airflow/.local/lib/python3.11/site-packages/airflow/example_dags/example_time_delta_sensor_async.py for tasks to queue
[2023-11-02T08:47:46.203+0000] {logging_mixin.py:151} INFO - [2023-11-02T08:47:46.202+0000] {dagbag.py:536} INFO - Filling up the DagBag from /home/airflow/.local/lib/python3.11/site-packages/airflow/example_dags/example_time_delta_sensor_async.py
[2023-11-02T08:47:46.206+0000] {processor.py:839} INFO - DAG(s) dict_keys(['example_time_delta_sensor_async']) retrieved from /home/airflow/.local/lib/python3.11/site-packages/airflow/example_dags/example_time_delta_sensor_async.py
[2023-11-02T08:47:46.220+0000] {logging_mixin.py:151} INFO - [2023-11-02T08:47:46.219+0000] {dag.py:2941} INFO - Sync 1 DAGs
[2023-11-02T08:47:46.228+0000] {logging_mixin.py:151} INFO - [2023-11-02T08:47:46.228+0000] {dag.py:3722} INFO - Setting next_dagrun for example_time_delta_sensor_async to None, run_after=None
[2023-11-02T08:47:46.238+0000] {processor.py:179} INFO - Processing /home/airflow/.local/lib/python3.11/site-packages/airflow/example_dags/example_time_delta_sensor_async.py took 0.040 seconds
[2023-11-02T08:48:16.462+0000] {processor.py:157} INFO - Started process (PID=457) to work on /home/airflow/.local/lib/python3.11/site-packages/airflow/example_dags/example_time_delta_sensor_async.py
[2023-11-02T08:48:16.463+0000] {processor.py:829} INFO - Processing file /home/airflow/.local/lib/python3.11/site-packages/airflow/example_dags/example_time_delta_sensor_async.py for tasks to queue
[2023-11-02T08:48:16.465+0000] {logging_mixin.py:151} INFO - [2023-11-02T08:48:16.465+0000] {dagbag.py:536} INFO - Filling up the DagBag from /home/airflow/.local/lib/python3.11/site-packages/airflow/example_dags/example_time_delta_sensor_async.py
[2023-11-02T08:48:16.468+0000] {processor.py:839} INFO - DAG(s) dict_keys(['example_time_delta_sensor_async']) retrieved from /home/airflow/.local/lib/python3.11/site-packages/airflow/example_dags/example_time_delta_sensor_async.py
[2023-11-02T08:48:16.483+0000] {logging_mixin.py:151} INFO - [2023-11-02T08:48:16.483+0000] {dag.py:2941} INFO - Sync 1 DAGs
[2023-11-02T08:48:16.494+0000] {logging_mixin.py:151} INFO - [2023-11-02T08:48:16.494+0000] {dag.py:3722} INFO - Setting next_dagrun for example_time_delta_sensor_async to None, run_after=None
[2023-11-02T08:48:16.507+0000] {processor.py:179} INFO - Processing /home/airflow/.local/lib/python3.11/site-packages/airflow/example_dags/example_time_delta_sensor_async.py took 0.048 seconds
[2023-11-02T08:48:46.661+0000] {processor.py:157} INFO - Started process (PID=512) to work on /home/airflow/.local/lib/python3.11/site-packages/airflow/example_dags/example_time_delta_sensor_async.py
[2023-11-02T08:48:46.662+0000] {processor.py:829} INFO - Processing file /home/airflow/.local/lib/python3.11/site-packages/airflow/example_dags/example_time_delta_sensor_async.py for tasks to queue
[2023-11-02T08:48:46.664+0000] {logging_mixin.py:151} INFO - [2023-11-02T08:48:46.664+0000] {dagbag.py:536} INFO - Filling up the DagBag from /home/airflow/.local/lib/python3.11/site-packages/airflow/example_dags/example_time_delta_sensor_async.py
[2023-11-02T08:48:46.670+0000] {processor.py:839} INFO - DAG(s) dict_keys(['example_time_delta_sensor_async']) retrieved from /home/airflow/.local/lib/python3.11/site-packages/airflow/example_dags/example_time_delta_sensor_async.py
[2023-11-02T08:48:46.687+0000] {logging_mixin.py:151} INFO - [2023-11-02T08:48:46.686+0000] {dag.py:2941} INFO - Sync 1 DAGs
[2023-11-02T08:48:46.695+0000] {logging_mixin.py:151} INFO - [2023-11-02T08:48:46.695+0000] {dag.py:3722} INFO - Setting next_dagrun for example_time_delta_sensor_async to None, run_after=None
[2023-11-02T08:48:46.708+0000] {processor.py:179} INFO - Processing /home/airflow/.local/lib/python3.11/site-packages/airflow/example_dags/example_time_delta_sensor_async.py took 0.049 seconds
[2023-11-02T08:49:16.814+0000] {processor.py:157} INFO - Started process (PID=567) to work on /home/airflow/.local/lib/python3.11/site-packages/airflow/example_dags/example_time_delta_sensor_async.py
[2023-11-02T08:49:16.815+0000] {processor.py:829} INFO - Processing file /home/airflow/.local/lib/python3.11/site-packages/airflow/example_dags/example_time_delta_sensor_async.py for tasks to queue
[2023-11-02T08:49:16.818+0000] {logging_mixin.py:151} INFO - [2023-11-02T08:49:16.817+0000] {dagbag.py:536} INFO - Filling up the DagBag from /home/airflow/.local/lib/python3.11/site-packages/airflow/example_dags/example_time_delta_sensor_async.py
[2023-11-02T08:49:16.821+0000] {processor.py:839} INFO - DAG(s) dict_keys(['example_time_delta_sensor_async']) retrieved from /home/airflow/.local/lib/python3.11/site-packages/airflow/example_dags/example_time_delta_sensor_async.py
[2023-11-02T08:49:16.836+0000] {logging_mixin.py:151} INFO - [2023-11-02T08:49:16.836+0000] {dag.py:2941} INFO - Sync 1 DAGs
[2023-11-02T08:49:16.845+0000] {logging_mixin.py:151} INFO - [2023-11-02T08:49:16.845+0000] {dag.py:3722} INFO - Setting next_dagrun for example_time_delta_sensor_async to None, run_after=None
[2023-11-02T08:49:16.856+0000] {processor.py:179} INFO - Processing /home/airflow/.local/lib/python3.11/site-packages/airflow/example_dags/example_time_delta_sensor_async.py took 0.045 seconds
[2023-11-02T08:49:47.103+0000] {processor.py:157} INFO - Started process (PID=622) to work on /home/airflow/.local/lib/python3.11/site-packages/airflow/example_dags/example_time_delta_sensor_async.py
[2023-11-02T08:49:47.104+0000] {processor.py:829} INFO - Processing file /home/airflow/.local/lib/python3.11/site-packages/airflow/example_dags/example_time_delta_sensor_async.py for tasks to queue
[2023-11-02T08:49:47.106+0000] {logging_mixin.py:151} INFO - [2023-11-02T08:49:47.106+0000] {dagbag.py:536} INFO - Filling up the DagBag from /home/airflow/.local/lib/python3.11/site-packages/airflow/example_dags/example_time_delta_sensor_async.py
[2023-11-02T08:49:47.110+0000] {processor.py:839} INFO - DAG(s) dict_keys(['example_time_delta_sensor_async']) retrieved from /home/airflow/.local/lib/python3.11/site-packages/airflow/example_dags/example_time_delta_sensor_async.py
[2023-11-02T08:49:47.125+0000] {logging_mixin.py:151} INFO - [2023-11-02T08:49:47.125+0000] {dag.py:2941} INFO - Sync 1 DAGs
[2023-11-02T08:49:47.134+0000] {logging_mixin.py:151} INFO - [2023-11-02T08:49:47.134+0000] {dag.py:3722} INFO - Setting next_dagrun for example_time_delta_sensor_async to None, run_after=None
[2023-11-02T08:49:47.148+0000] {processor.py:179} INFO - Processing /home/airflow/.local/lib/python3.11/site-packages/airflow/example_dags/example_time_delta_sensor_async.py took 0.047 seconds
[2023-11-02T08:50:17.326+0000] {processor.py:157} INFO - Started process (PID=677) to work on /home/airflow/.local/lib/python3.11/site-packages/airflow/example_dags/example_time_delta_sensor_async.py
[2023-11-02T08:50:17.330+0000] {processor.py:829} INFO - Processing file /home/airflow/.local/lib/python3.11/site-packages/airflow/example_dags/example_time_delta_sensor_async.py for tasks to queue
[2023-11-02T08:50:17.332+0000] {logging_mixin.py:151} INFO - [2023-11-02T08:50:17.332+0000] {dagbag.py:536} INFO - Filling up the DagBag from /home/airflow/.local/lib/python3.11/site-packages/airflow/example_dags/example_time_delta_sensor_async.py
[2023-11-02T08:50:17.337+0000] {processor.py:839} INFO - DAG(s) dict_keys(['example_time_delta_sensor_async']) retrieved from /home/airflow/.local/lib/python3.11/site-packages/airflow/example_dags/example_time_delta_sensor_async.py
[2023-11-02T08:50:17.351+0000] {logging_mixin.py:151} INFO - [2023-11-02T08:50:17.351+0000] {dag.py:2941} INFO - Sync 1 DAGs
[2023-11-02T08:50:17.360+0000] {logging_mixin.py:151} INFO - [2023-11-02T08:50:17.360+0000] {dag.py:3722} INFO - Setting next_dagrun for example_time_delta_sensor_async to None, run_after=None
[2023-11-02T08:50:17.371+0000] {processor.py:179} INFO - Processing /home/airflow/.local/lib/python3.11/site-packages/airflow/example_dags/example_time_delta_sensor_async.py took 0.047 seconds
[2023-11-02T08:50:47.493+0000] {processor.py:157} INFO - Started process (PID=732) to work on /home/airflow/.local/lib/python3.11/site-packages/airflow/example_dags/example_time_delta_sensor_async.py
[2023-11-02T08:50:47.494+0000] {processor.py:829} INFO - Processing file /home/airflow/.local/lib/python3.11/site-packages/airflow/example_dags/example_time_delta_sensor_async.py for tasks to queue
[2023-11-02T08:50:47.495+0000] {logging_mixin.py:151} INFO - [2023-11-02T08:50:47.495+0000] {dagbag.py:536} INFO - Filling up the DagBag from /home/airflow/.local/lib/python3.11/site-packages/airflow/example_dags/example_time_delta_sensor_async.py
[2023-11-02T08:50:47.499+0000] {processor.py:839} INFO - DAG(s) dict_keys(['example_time_delta_sensor_async']) retrieved from /home/airflow/.local/lib/python3.11/site-packages/airflow/example_dags/example_time_delta_sensor_async.py
[2023-11-02T08:50:47.514+0000] {logging_mixin.py:151} INFO - [2023-11-02T08:50:47.514+0000] {dag.py:2941} INFO - Sync 1 DAGs
[2023-11-02T08:50:47.522+0000] {logging_mixin.py:151} INFO - [2023-11-02T08:50:47.522+0000] {dag.py:3722} INFO - Setting next_dagrun for example_time_delta_sensor_async to None, run_after=None
[2023-11-02T08:50:47.533+0000] {processor.py:179} INFO - Processing /home/airflow/.local/lib/python3.11/site-packages/airflow/example_dags/example_time_delta_sensor_async.py took 0.043 seconds
[2023-11-02T08:51:17.699+0000] {processor.py:157} INFO - Started process (PID=787) to work on /home/airflow/.local/lib/python3.11/site-packages/airflow/example_dags/example_time_delta_sensor_async.py
[2023-11-02T08:51:17.703+0000] {processor.py:829} INFO - Processing file /home/airflow/.local/lib/python3.11/site-packages/airflow/example_dags/example_time_delta_sensor_async.py for tasks to queue
[2023-11-02T08:51:17.705+0000] {logging_mixin.py:151} INFO - [2023-11-02T08:51:17.705+0000] {dagbag.py:536} INFO - Filling up the DagBag from /home/airflow/.local/lib/python3.11/site-packages/airflow/example_dags/example_time_delta_sensor_async.py
[2023-11-02T08:51:17.709+0000] {processor.py:839} INFO - DAG(s) dict_keys(['example_time_delta_sensor_async']) retrieved from /home/airflow/.local/lib/python3.11/site-packages/airflow/example_dags/example_time_delta_sensor_async.py
[2023-11-02T08:51:17.723+0000] {logging_mixin.py:151} INFO - [2023-11-02T08:51:17.723+0000] {dag.py:2941} INFO - Sync 1 DAGs
[2023-11-02T08:51:17.731+0000] {logging_mixin.py:151} INFO - [2023-11-02T08:51:17.731+0000] {dag.py:3722} INFO - Setting next_dagrun for example_time_delta_sensor_async to None, run_after=None
[2023-11-02T08:51:17.745+0000] {processor.py:179} INFO - Processing /home/airflow/.local/lib/python3.11/site-packages/airflow/example_dags/example_time_delta_sensor_async.py took 0.048 seconds
[2023-11-02T08:51:47.878+0000] {processor.py:157} INFO - Started process (PID=842) to work on /home/airflow/.local/lib/python3.11/site-packages/airflow/example_dags/example_time_delta_sensor_async.py
[2023-11-02T08:51:47.881+0000] {processor.py:829} INFO - Processing file /home/airflow/.local/lib/python3.11/site-packages/airflow/example_dags/example_time_delta_sensor_async.py for tasks to queue
[2023-11-02T08:51:47.884+0000] {logging_mixin.py:151} INFO - [2023-11-02T08:51:47.883+0000] {dagbag.py:536} INFO - Filling up the DagBag from /home/airflow/.local/lib/python3.11/site-packages/airflow/example_dags/example_time_delta_sensor_async.py
[2023-11-02T08:51:47.887+0000] {processor.py:839} INFO - DAG(s) dict_keys(['example_time_delta_sensor_async']) retrieved from /home/airflow/.local/lib/python3.11/site-packages/airflow/example_dags/example_time_delta_sensor_async.py
[2023-11-02T08:51:47.903+0000] {logging_mixin.py:151} INFO - [2023-11-02T08:51:47.902+0000] {dag.py:2941} INFO - Sync 1 DAGs
[2023-11-02T08:51:47.911+0000] {logging_mixin.py:151} INFO - [2023-11-02T08:51:47.911+0000] {dag.py:3722} INFO - Setting next_dagrun for example_time_delta_sensor_async to None, run_after=None
[2023-11-02T08:51:47.923+0000] {processor.py:179} INFO - Processing /home/airflow/.local/lib/python3.11/site-packages/airflow/example_dags/example_time_delta_sensor_async.py took 0.048 seconds
[2023-11-02T08:52:18.120+0000] {processor.py:157} INFO - Started process (PID=897) to work on /home/airflow/.local/lib/python3.11/site-packages/airflow/example_dags/example_time_delta_sensor_async.py
[2023-11-02T08:52:18.122+0000] {processor.py:829} INFO - Processing file /home/airflow/.local/lib/python3.11/site-packages/airflow/example_dags/example_time_delta_sensor_async.py for tasks to queue
[2023-11-02T08:52:18.126+0000] {logging_mixin.py:151} INFO - [2023-11-02T08:52:18.125+0000] {dagbag.py:536} INFO - Filling up the DagBag from /home/airflow/.local/lib/python3.11/site-packages/airflow/example_dags/example_time_delta_sensor_async.py
[2023-11-02T08:52:18.129+0000] {processor.py:839} INFO - DAG(s) dict_keys(['example_time_delta_sensor_async']) retrieved from /home/airflow/.local/lib/python3.11/site-packages/airflow/example_dags/example_time_delta_sensor_async.py
[2023-11-02T08:52:18.143+0000] {logging_mixin.py:151} INFO - [2023-11-02T08:52:18.143+0000] {dag.py:2941} INFO - Sync 1 DAGs
[2023-11-02T08:52:18.152+0000] {logging_mixin.py:151} INFO - [2023-11-02T08:52:18.152+0000] {dag.py:3722} INFO - Setting next_dagrun for example_time_delta_sensor_async to None, run_after=None
[2023-11-02T08:52:18.165+0000] {processor.py:179} INFO - Processing /home/airflow/.local/lib/python3.11/site-packages/airflow/example_dags/example_time_delta_sensor_async.py took 0.047 seconds
[2023-11-02T08:52:48.548+0000] {processor.py:157} INFO - Started process (PID=952) to work on /home/airflow/.local/lib/python3.11/site-packages/airflow/example_dags/example_time_delta_sensor_async.py
[2023-11-02T08:52:48.549+0000] {processor.py:829} INFO - Processing file /home/airflow/.local/lib/python3.11/site-packages/airflow/example_dags/example_time_delta_sensor_async.py for tasks to queue
[2023-11-02T08:52:48.559+0000] {logging_mixin.py:151} INFO - [2023-11-02T08:52:48.558+0000] {dagbag.py:536} INFO - Filling up the DagBag from /home/airflow/.local/lib/python3.11/site-packages/airflow/example_dags/example_time_delta_sensor_async.py
[2023-11-02T08:52:48.576+0000] {processor.py:839} INFO - DAG(s) dict_keys(['example_time_delta_sensor_async']) retrieved from /home/airflow/.local/lib/python3.11/site-packages/airflow/example_dags/example_time_delta_sensor_async.py
[2023-11-02T08:52:48.790+0000] {logging_mixin.py:151} INFO - [2023-11-02T08:52:48.788+0000] {dag.py:2941} INFO - Sync 1 DAGs
[2023-11-02T08:52:48.860+0000] {logging_mixin.py:151} INFO - [2023-11-02T08:52:48.859+0000] {dag.py:3722} INFO - Setting next_dagrun for example_time_delta_sensor_async to None, run_after=None
[2023-11-02T08:52:48.899+0000] {processor.py:179} INFO - Processing /home/airflow/.local/lib/python3.11/site-packages/airflow/example_dags/example_time_delta_sensor_async.py took 0.358 seconds
[2023-11-02T08:53:19.552+0000] {processor.py:157} INFO - Started process (PID=1007) to work on /home/airflow/.local/lib/python3.11/site-packages/airflow/example_dags/example_time_delta_sensor_async.py
[2023-11-02T08:53:19.559+0000] {processor.py:829} INFO - Processing file /home/airflow/.local/lib/python3.11/site-packages/airflow/example_dags/example_time_delta_sensor_async.py for tasks to queue
[2023-11-02T08:53:19.562+0000] {logging_mixin.py:151} INFO - [2023-11-02T08:53:19.562+0000] {dagbag.py:536} INFO - Filling up the DagBag from /home/airflow/.local/lib/python3.11/site-packages/airflow/example_dags/example_time_delta_sensor_async.py
[2023-11-02T08:53:19.567+0000] {processor.py:839} INFO - DAG(s) dict_keys(['example_time_delta_sensor_async']) retrieved from /home/airflow/.local/lib/python3.11/site-packages/airflow/example_dags/example_time_delta_sensor_async.py
[2023-11-02T08:53:19.591+0000] {logging_mixin.py:151} INFO - [2023-11-02T08:53:19.590+0000] {dag.py:2941} INFO - Sync 1 DAGs
[2023-11-02T08:53:19.603+0000] {logging_mixin.py:151} INFO - [2023-11-02T08:53:19.603+0000] {dag.py:3722} INFO - Setting next_dagrun for example_time_delta_sensor_async to None, run_after=None
[2023-11-02T08:53:19.619+0000] {processor.py:179} INFO - Processing /home/airflow/.local/lib/python3.11/site-packages/airflow/example_dags/example_time_delta_sensor_async.py took 0.072 seconds
[2023-11-02T08:53:49.821+0000] {processor.py:157} INFO - Started process (PID=1062) to work on /home/airflow/.local/lib/python3.11/site-packages/airflow/example_dags/example_time_delta_sensor_async.py
[2023-11-02T08:53:49.825+0000] {processor.py:829} INFO - Processing file /home/airflow/.local/lib/python3.11/site-packages/airflow/example_dags/example_time_delta_sensor_async.py for tasks to queue
[2023-11-02T08:53:49.828+0000] {logging_mixin.py:151} INFO - [2023-11-02T08:53:49.828+0000] {dagbag.py:536} INFO - Filling up the DagBag from /home/airflow/.local/lib/python3.11/site-packages/airflow/example_dags/example_time_delta_sensor_async.py
[2023-11-02T08:53:49.833+0000] {processor.py:839} INFO - DAG(s) dict_keys(['example_time_delta_sensor_async']) retrieved from /home/airflow/.local/lib/python3.11/site-packages/airflow/example_dags/example_time_delta_sensor_async.py
[2023-11-02T08:53:49.852+0000] {logging_mixin.py:151} INFO - [2023-11-02T08:53:49.852+0000] {dag.py:2941} INFO - Sync 1 DAGs
[2023-11-02T08:53:49.862+0000] {logging_mixin.py:151} INFO - [2023-11-02T08:53:49.861+0000] {dag.py:3722} INFO - Setting next_dagrun for example_time_delta_sensor_async to None, run_after=None
[2023-11-02T08:53:49.877+0000] {processor.py:179} INFO - Processing /home/airflow/.local/lib/python3.11/site-packages/airflow/example_dags/example_time_delta_sensor_async.py took 0.059 seconds
[2023-11-02T08:54:20.445+0000] {processor.py:157} INFO - Started process (PID=1117) to work on /home/airflow/.local/lib/python3.11/site-packages/airflow/example_dags/example_time_delta_sensor_async.py
[2023-11-02T08:54:20.447+0000] {processor.py:829} INFO - Processing file /home/airflow/.local/lib/python3.11/site-packages/airflow/example_dags/example_time_delta_sensor_async.py for tasks to queue
[2023-11-02T08:54:20.451+0000] {logging_mixin.py:151} INFO - [2023-11-02T08:54:20.451+0000] {dagbag.py:536} INFO - Filling up the DagBag from /home/airflow/.local/lib/python3.11/site-packages/airflow/example_dags/example_time_delta_sensor_async.py
[2023-11-02T08:54:20.458+0000] {processor.py:839} INFO - DAG(s) dict_keys(['example_time_delta_sensor_async']) retrieved from /home/airflow/.local/lib/python3.11/site-packages/airflow/example_dags/example_time_delta_sensor_async.py
[2023-11-02T08:54:20.478+0000] {logging_mixin.py:151} INFO - [2023-11-02T08:54:20.478+0000] {dag.py:2941} INFO - Sync 1 DAGs
[2023-11-02T08:54:20.488+0000] {logging_mixin.py:151} INFO - [2023-11-02T08:54:20.488+0000] {dag.py:3722} INFO - Setting next_dagrun for example_time_delta_sensor_async to None, run_after=None
[2023-11-02T08:54:20.498+0000] {processor.py:179} INFO - Processing /home/airflow/.local/lib/python3.11/site-packages/airflow/example_dags/example_time_delta_sensor_async.py took 0.059 seconds
[2023-11-02T08:54:51.393+0000] {processor.py:157} INFO - Started process (PID=1172) to work on /home/airflow/.local/lib/python3.11/site-packages/airflow/example_dags/example_time_delta_sensor_async.py
[2023-11-02T08:54:51.395+0000] {processor.py:829} INFO - Processing file /home/airflow/.local/lib/python3.11/site-packages/airflow/example_dags/example_time_delta_sensor_async.py for tasks to queue
[2023-11-02T08:54:51.404+0000] {logging_mixin.py:151} INFO - [2023-11-02T08:54:51.404+0000] {dagbag.py:536} INFO - Filling up the DagBag from /home/airflow/.local/lib/python3.11/site-packages/airflow/example_dags/example_time_delta_sensor_async.py
[2023-11-02T08:54:51.417+0000] {processor.py:839} INFO - DAG(s) dict_keys(['example_time_delta_sensor_async']) retrieved from /home/airflow/.local/lib/python3.11/site-packages/airflow/example_dags/example_time_delta_sensor_async.py
[2023-11-02T08:54:51.454+0000] {logging_mixin.py:151} INFO - [2023-11-02T08:54:51.454+0000] {dag.py:2941} INFO - Sync 1 DAGs
[2023-11-02T08:54:51.471+0000] {logging_mixin.py:151} INFO - [2023-11-02T08:54:51.471+0000] {dag.py:3722} INFO - Setting next_dagrun for example_time_delta_sensor_async to None, run_after=None
[2023-11-02T08:54:51.492+0000] {processor.py:179} INFO - Processing /home/airflow/.local/lib/python3.11/site-packages/airflow/example_dags/example_time_delta_sensor_async.py took 0.113 seconds
