[2023-11-02T08:44:34.444+0000] {processor.py:157} INFO - Started process (PID=38) to work on /home/airflow/.local/lib/python3.11/site-packages/airflow/example_dags/example_branch_python_dop_operator_3.py
[2023-11-02T08:44:34.448+0000] {processor.py:829} INFO - Processing file /home/airflow/.local/lib/python3.11/site-packages/airflow/example_dags/example_branch_python_dop_operator_3.py for tasks to queue
[2023-11-02T08:44:34.459+0000] {logging_mixin.py:151} INFO - [2023-11-02T08:44:34.458+0000] {dagbag.py:536} INFO - Filling up the DagBag from /home/airflow/.local/lib/python3.11/site-packages/airflow/example_dags/example_branch_python_dop_operator_3.py
[2023-11-02T08:44:34.503+0000] {processor.py:839} INFO - DAG(s) dict_keys(['example_branch_dop_operator_v3']) retrieved from /home/airflow/.local/lib/python3.11/site-packages/airflow/example_dags/example_branch_python_dop_operator_3.py
[2023-11-02T08:44:34.736+0000] {logging_mixin.py:151} INFO - [2023-11-02T08:44:34.735+0000] {manager.py:499} INFO - Created Permission View: %s
[2023-11-02T08:44:34.794+0000] {logging_mixin.py:151} INFO - [2023-11-02T08:44:34.793+0000] {manager.py:499} INFO - Created Permission View: %s
[2023-11-02T08:44:34.812+0000] {logging_mixin.py:151} INFO - [2023-11-02T08:44:34.812+0000] {manager.py:499} INFO - Created Permission View: %s
[2023-11-02T08:44:34.815+0000] {logging_mixin.py:151} INFO - [2023-11-02T08:44:34.814+0000] {dag.py:2941} INFO - Sync 1 DAGs
[2023-11-02T08:44:34.874+0000] {logging_mixin.py:151} INFO - [2023-11-02T08:44:34.874+0000] {dag.py:2963} INFO - Creating ORM DAG for example_branch_dop_operator_v3
[2023-11-02T08:44:34.921+0000] {logging_mixin.py:151} INFO - [2023-11-02T08:44:34.920+0000] {dag.py:3722} INFO - Setting next_dagrun for example_branch_dop_operator_v3 to 2023-11-02T08:43:00+00:00, run_after=2023-11-02T08:44:00+00:00
[2023-11-02T08:44:34.974+0000] {processor.py:179} INFO - Processing /home/airflow/.local/lib/python3.11/site-packages/airflow/example_dags/example_branch_python_dop_operator_3.py took 0.542 seconds
[2023-11-02T08:45:05.096+0000] {processor.py:157} INFO - Started process (PID=93) to work on /home/airflow/.local/lib/python3.11/site-packages/airflow/example_dags/example_branch_python_dop_operator_3.py
[2023-11-02T08:45:05.097+0000] {processor.py:829} INFO - Processing file /home/airflow/.local/lib/python3.11/site-packages/airflow/example_dags/example_branch_python_dop_operator_3.py for tasks to queue
[2023-11-02T08:45:05.099+0000] {logging_mixin.py:151} INFO - [2023-11-02T08:45:05.098+0000] {dagbag.py:536} INFO - Filling up the DagBag from /home/airflow/.local/lib/python3.11/site-packages/airflow/example_dags/example_branch_python_dop_operator_3.py
[2023-11-02T08:45:05.106+0000] {processor.py:839} INFO - DAG(s) dict_keys(['example_branch_dop_operator_v3']) retrieved from /home/airflow/.local/lib/python3.11/site-packages/airflow/example_dags/example_branch_python_dop_operator_3.py
[2023-11-02T08:45:05.122+0000] {logging_mixin.py:151} INFO - [2023-11-02T08:45:05.122+0000] {dag.py:2941} INFO - Sync 1 DAGs
[2023-11-02T08:45:05.141+0000] {logging_mixin.py:151} INFO - [2023-11-02T08:45:05.141+0000] {dag.py:3722} INFO - Setting next_dagrun for example_branch_dop_operator_v3 to 2023-11-02T08:44:00+00:00, run_after=2023-11-02T08:45:00+00:00
[2023-11-02T08:45:05.156+0000] {processor.py:179} INFO - Processing /home/airflow/.local/lib/python3.11/site-packages/airflow/example_dags/example_branch_python_dop_operator_3.py took 0.063 seconds
[2023-11-02T08:45:35.266+0000] {processor.py:157} INFO - Started process (PID=148) to work on /home/airflow/.local/lib/python3.11/site-packages/airflow/example_dags/example_branch_python_dop_operator_3.py
[2023-11-02T08:45:35.268+0000] {processor.py:829} INFO - Processing file /home/airflow/.local/lib/python3.11/site-packages/airflow/example_dags/example_branch_python_dop_operator_3.py for tasks to queue
[2023-11-02T08:45:35.270+0000] {logging_mixin.py:151} INFO - [2023-11-02T08:45:35.270+0000] {dagbag.py:536} INFO - Filling up the DagBag from /home/airflow/.local/lib/python3.11/site-packages/airflow/example_dags/example_branch_python_dop_operator_3.py
[2023-11-02T08:45:35.278+0000] {processor.py:839} INFO - DAG(s) dict_keys(['example_branch_dop_operator_v3']) retrieved from /home/airflow/.local/lib/python3.11/site-packages/airflow/example_dags/example_branch_python_dop_operator_3.py
[2023-11-02T08:45:35.294+0000] {logging_mixin.py:151} INFO - [2023-11-02T08:45:35.294+0000] {dag.py:2941} INFO - Sync 1 DAGs
[2023-11-02T08:45:35.314+0000] {logging_mixin.py:151} INFO - [2023-11-02T08:45:35.313+0000] {dag.py:3722} INFO - Setting next_dagrun for example_branch_dop_operator_v3 to 2023-11-02T08:44:00+00:00, run_after=2023-11-02T08:45:00+00:00
[2023-11-02T08:45:35.338+0000] {processor.py:179} INFO - Processing /home/airflow/.local/lib/python3.11/site-packages/airflow/example_dags/example_branch_python_dop_operator_3.py took 0.073 seconds
[2023-11-02T08:46:06.068+0000] {processor.py:157} INFO - Started process (PID=203) to work on /home/airflow/.local/lib/python3.11/site-packages/airflow/example_dags/example_branch_python_dop_operator_3.py
[2023-11-02T08:46:06.071+0000] {processor.py:829} INFO - Processing file /home/airflow/.local/lib/python3.11/site-packages/airflow/example_dags/example_branch_python_dop_operator_3.py for tasks to queue
[2023-11-02T08:46:06.077+0000] {logging_mixin.py:151} INFO - [2023-11-02T08:46:06.077+0000] {dagbag.py:536} INFO - Filling up the DagBag from /home/airflow/.local/lib/python3.11/site-packages/airflow/example_dags/example_branch_python_dop_operator_3.py
[2023-11-02T08:46:06.085+0000] {processor.py:839} INFO - DAG(s) dict_keys(['example_branch_dop_operator_v3']) retrieved from /home/airflow/.local/lib/python3.11/site-packages/airflow/example_dags/example_branch_python_dop_operator_3.py
[2023-11-02T08:46:06.100+0000] {logging_mixin.py:151} INFO - [2023-11-02T08:46:06.100+0000] {dag.py:2941} INFO - Sync 1 DAGs
[2023-11-02T08:46:06.118+0000] {logging_mixin.py:151} INFO - [2023-11-02T08:46:06.117+0000] {dag.py:3722} INFO - Setting next_dagrun for example_branch_dop_operator_v3 to 2023-11-02T08:45:00+00:00, run_after=2023-11-02T08:46:00+00:00
[2023-11-02T08:46:06.131+0000] {processor.py:179} INFO - Processing /home/airflow/.local/lib/python3.11/site-packages/airflow/example_dags/example_branch_python_dop_operator_3.py took 0.064 seconds
[2023-11-02T08:46:36.558+0000] {processor.py:157} INFO - Started process (PID=258) to work on /home/airflow/.local/lib/python3.11/site-packages/airflow/example_dags/example_branch_python_dop_operator_3.py
[2023-11-02T08:46:36.563+0000] {processor.py:829} INFO - Processing file /home/airflow/.local/lib/python3.11/site-packages/airflow/example_dags/example_branch_python_dop_operator_3.py for tasks to queue
[2023-11-02T08:46:36.566+0000] {logging_mixin.py:151} INFO - [2023-11-02T08:46:36.566+0000] {dagbag.py:536} INFO - Filling up the DagBag from /home/airflow/.local/lib/python3.11/site-packages/airflow/example_dags/example_branch_python_dop_operator_3.py
[2023-11-02T08:46:36.575+0000] {processor.py:839} INFO - DAG(s) dict_keys(['example_branch_dop_operator_v3']) retrieved from /home/airflow/.local/lib/python3.11/site-packages/airflow/example_dags/example_branch_python_dop_operator_3.py
[2023-11-02T08:46:36.592+0000] {logging_mixin.py:151} INFO - [2023-11-02T08:46:36.591+0000] {dag.py:2941} INFO - Sync 1 DAGs
[2023-11-02T08:46:36.609+0000] {logging_mixin.py:151} INFO - [2023-11-02T08:46:36.608+0000] {dag.py:3722} INFO - Setting next_dagrun for example_branch_dop_operator_v3 to 2023-11-02T08:45:00+00:00, run_after=2023-11-02T08:46:00+00:00
[2023-11-02T08:46:36.621+0000] {processor.py:179} INFO - Processing /home/airflow/.local/lib/python3.11/site-packages/airflow/example_dags/example_branch_python_dop_operator_3.py took 0.065 seconds
[2023-11-02T08:47:06.760+0000] {processor.py:157} INFO - Started process (PID=313) to work on /home/airflow/.local/lib/python3.11/site-packages/airflow/example_dags/example_branch_python_dop_operator_3.py
[2023-11-02T08:47:06.761+0000] {processor.py:829} INFO - Processing file /home/airflow/.local/lib/python3.11/site-packages/airflow/example_dags/example_branch_python_dop_operator_3.py for tasks to queue
[2023-11-02T08:47:06.762+0000] {logging_mixin.py:151} INFO - [2023-11-02T08:47:06.762+0000] {dagbag.py:536} INFO - Filling up the DagBag from /home/airflow/.local/lib/python3.11/site-packages/airflow/example_dags/example_branch_python_dop_operator_3.py
[2023-11-02T08:47:06.769+0000] {processor.py:839} INFO - DAG(s) dict_keys(['example_branch_dop_operator_v3']) retrieved from /home/airflow/.local/lib/python3.11/site-packages/airflow/example_dags/example_branch_python_dop_operator_3.py
[2023-11-02T08:47:06.782+0000] {logging_mixin.py:151} INFO - [2023-11-02T08:47:06.782+0000] {dag.py:2941} INFO - Sync 1 DAGs
[2023-11-02T08:47:06.798+0000] {logging_mixin.py:151} INFO - [2023-11-02T08:47:06.798+0000] {dag.py:3722} INFO - Setting next_dagrun for example_branch_dop_operator_v3 to 2023-11-02T08:46:00+00:00, run_after=2023-11-02T08:47:00+00:00
[2023-11-02T08:47:06.809+0000] {processor.py:179} INFO - Processing /home/airflow/.local/lib/python3.11/site-packages/airflow/example_dags/example_branch_python_dop_operator_3.py took 0.051 seconds
[2023-11-02T08:47:37.015+0000] {processor.py:157} INFO - Started process (PID=368) to work on /home/airflow/.local/lib/python3.11/site-packages/airflow/example_dags/example_branch_python_dop_operator_3.py
[2023-11-02T08:47:37.016+0000] {processor.py:829} INFO - Processing file /home/airflow/.local/lib/python3.11/site-packages/airflow/example_dags/example_branch_python_dop_operator_3.py for tasks to queue
[2023-11-02T08:47:37.017+0000] {logging_mixin.py:151} INFO - [2023-11-02T08:47:37.017+0000] {dagbag.py:536} INFO - Filling up the DagBag from /home/airflow/.local/lib/python3.11/site-packages/airflow/example_dags/example_branch_python_dop_operator_3.py
[2023-11-02T08:47:37.025+0000] {processor.py:839} INFO - DAG(s) dict_keys(['example_branch_dop_operator_v3']) retrieved from /home/airflow/.local/lib/python3.11/site-packages/airflow/example_dags/example_branch_python_dop_operator_3.py
[2023-11-02T08:47:37.041+0000] {logging_mixin.py:151} INFO - [2023-11-02T08:47:37.041+0000] {dag.py:2941} INFO - Sync 1 DAGs
[2023-11-02T08:47:37.058+0000] {logging_mixin.py:151} INFO - [2023-11-02T08:47:37.058+0000] {dag.py:3722} INFO - Setting next_dagrun for example_branch_dop_operator_v3 to 2023-11-02T08:46:00+00:00, run_after=2023-11-02T08:47:00+00:00
[2023-11-02T08:47:37.070+0000] {processor.py:179} INFO - Processing /home/airflow/.local/lib/python3.11/site-packages/airflow/example_dags/example_branch_python_dop_operator_3.py took 0.058 seconds
[2023-11-02T08:48:07.208+0000] {processor.py:157} INFO - Started process (PID=423) to work on /home/airflow/.local/lib/python3.11/site-packages/airflow/example_dags/example_branch_python_dop_operator_3.py
[2023-11-02T08:48:07.209+0000] {processor.py:829} INFO - Processing file /home/airflow/.local/lib/python3.11/site-packages/airflow/example_dags/example_branch_python_dop_operator_3.py for tasks to queue
[2023-11-02T08:48:07.215+0000] {logging_mixin.py:151} INFO - [2023-11-02T08:48:07.215+0000] {dagbag.py:536} INFO - Filling up the DagBag from /home/airflow/.local/lib/python3.11/site-packages/airflow/example_dags/example_branch_python_dop_operator_3.py
[2023-11-02T08:48:07.222+0000] {processor.py:839} INFO - DAG(s) dict_keys(['example_branch_dop_operator_v3']) retrieved from /home/airflow/.local/lib/python3.11/site-packages/airflow/example_dags/example_branch_python_dop_operator_3.py
[2023-11-02T08:48:07.237+0000] {logging_mixin.py:151} INFO - [2023-11-02T08:48:07.237+0000] {dag.py:2941} INFO - Sync 1 DAGs
[2023-11-02T08:48:07.256+0000] {logging_mixin.py:151} INFO - [2023-11-02T08:48:07.256+0000] {dag.py:3722} INFO - Setting next_dagrun for example_branch_dop_operator_v3 to 2023-11-02T08:47:00+00:00, run_after=2023-11-02T08:48:00+00:00
[2023-11-02T08:48:07.268+0000] {processor.py:179} INFO - Processing /home/airflow/.local/lib/python3.11/site-packages/airflow/example_dags/example_branch_python_dop_operator_3.py took 0.062 seconds
[2023-11-02T08:48:37.429+0000] {processor.py:157} INFO - Started process (PID=478) to work on /home/airflow/.local/lib/python3.11/site-packages/airflow/example_dags/example_branch_python_dop_operator_3.py
[2023-11-02T08:48:37.438+0000] {processor.py:829} INFO - Processing file /home/airflow/.local/lib/python3.11/site-packages/airflow/example_dags/example_branch_python_dop_operator_3.py for tasks to queue
[2023-11-02T08:48:37.439+0000] {logging_mixin.py:151} INFO - [2023-11-02T08:48:37.439+0000] {dagbag.py:536} INFO - Filling up the DagBag from /home/airflow/.local/lib/python3.11/site-packages/airflow/example_dags/example_branch_python_dop_operator_3.py
[2023-11-02T08:48:37.448+0000] {processor.py:839} INFO - DAG(s) dict_keys(['example_branch_dop_operator_v3']) retrieved from /home/airflow/.local/lib/python3.11/site-packages/airflow/example_dags/example_branch_python_dop_operator_3.py
[2023-11-02T08:48:37.462+0000] {logging_mixin.py:151} INFO - [2023-11-02T08:48:37.461+0000] {dag.py:2941} INFO - Sync 1 DAGs
[2023-11-02T08:48:37.478+0000] {logging_mixin.py:151} INFO - [2023-11-02T08:48:37.478+0000] {dag.py:3722} INFO - Setting next_dagrun for example_branch_dop_operator_v3 to 2023-11-02T08:47:00+00:00, run_after=2023-11-02T08:48:00+00:00
[2023-11-02T08:48:37.490+0000] {processor.py:179} INFO - Processing /home/airflow/.local/lib/python3.11/site-packages/airflow/example_dags/example_branch_python_dop_operator_3.py took 0.062 seconds
[2023-11-02T08:49:07.571+0000] {processor.py:157} INFO - Started process (PID=533) to work on /home/airflow/.local/lib/python3.11/site-packages/airflow/example_dags/example_branch_python_dop_operator_3.py
[2023-11-02T08:49:07.572+0000] {processor.py:829} INFO - Processing file /home/airflow/.local/lib/python3.11/site-packages/airflow/example_dags/example_branch_python_dop_operator_3.py for tasks to queue
[2023-11-02T08:49:07.575+0000] {logging_mixin.py:151} INFO - [2023-11-02T08:49:07.574+0000] {dagbag.py:536} INFO - Filling up the DagBag from /home/airflow/.local/lib/python3.11/site-packages/airflow/example_dags/example_branch_python_dop_operator_3.py
[2023-11-02T08:49:07.583+0000] {processor.py:839} INFO - DAG(s) dict_keys(['example_branch_dop_operator_v3']) retrieved from /home/airflow/.local/lib/python3.11/site-packages/airflow/example_dags/example_branch_python_dop_operator_3.py
[2023-11-02T08:49:07.601+0000] {logging_mixin.py:151} INFO - [2023-11-02T08:49:07.600+0000] {dag.py:2941} INFO - Sync 1 DAGs
[2023-11-02T08:49:07.619+0000] {logging_mixin.py:151} INFO - [2023-11-02T08:49:07.619+0000] {dag.py:3722} INFO - Setting next_dagrun for example_branch_dop_operator_v3 to 2023-11-02T08:48:00+00:00, run_after=2023-11-02T08:49:00+00:00
[2023-11-02T08:49:07.632+0000] {processor.py:179} INFO - Processing /home/airflow/.local/lib/python3.11/site-packages/airflow/example_dags/example_branch_python_dop_operator_3.py took 0.064 seconds
[2023-11-02T08:49:37.844+0000] {processor.py:157} INFO - Started process (PID=588) to work on /home/airflow/.local/lib/python3.11/site-packages/airflow/example_dags/example_branch_python_dop_operator_3.py
[2023-11-02T08:49:37.845+0000] {processor.py:829} INFO - Processing file /home/airflow/.local/lib/python3.11/site-packages/airflow/example_dags/example_branch_python_dop_operator_3.py for tasks to queue
[2023-11-02T08:49:37.846+0000] {logging_mixin.py:151} INFO - [2023-11-02T08:49:37.846+0000] {dagbag.py:536} INFO - Filling up the DagBag from /home/airflow/.local/lib/python3.11/site-packages/airflow/example_dags/example_branch_python_dop_operator_3.py
[2023-11-02T08:49:37.855+0000] {processor.py:839} INFO - DAG(s) dict_keys(['example_branch_dop_operator_v3']) retrieved from /home/airflow/.local/lib/python3.11/site-packages/airflow/example_dags/example_branch_python_dop_operator_3.py
[2023-11-02T08:49:37.873+0000] {logging_mixin.py:151} INFO - [2023-11-02T08:49:37.873+0000] {dag.py:2941} INFO - Sync 1 DAGs
[2023-11-02T08:49:37.890+0000] {logging_mixin.py:151} INFO - [2023-11-02T08:49:37.890+0000] {dag.py:3722} INFO - Setting next_dagrun for example_branch_dop_operator_v3 to 2023-11-02T08:48:00+00:00, run_after=2023-11-02T08:49:00+00:00
[2023-11-02T08:49:37.901+0000] {processor.py:179} INFO - Processing /home/airflow/.local/lib/python3.11/site-packages/airflow/example_dags/example_branch_python_dop_operator_3.py took 0.059 seconds
[2023-11-02T08:50:08.118+0000] {processor.py:157} INFO - Started process (PID=643) to work on /home/airflow/.local/lib/python3.11/site-packages/airflow/example_dags/example_branch_python_dop_operator_3.py
[2023-11-02T08:50:08.120+0000] {processor.py:829} INFO - Processing file /home/airflow/.local/lib/python3.11/site-packages/airflow/example_dags/example_branch_python_dop_operator_3.py for tasks to queue
[2023-11-02T08:50:08.123+0000] {logging_mixin.py:151} INFO - [2023-11-02T08:50:08.123+0000] {dagbag.py:536} INFO - Filling up the DagBag from /home/airflow/.local/lib/python3.11/site-packages/airflow/example_dags/example_branch_python_dop_operator_3.py
[2023-11-02T08:50:08.134+0000] {processor.py:839} INFO - DAG(s) dict_keys(['example_branch_dop_operator_v3']) retrieved from /home/airflow/.local/lib/python3.11/site-packages/airflow/example_dags/example_branch_python_dop_operator_3.py
[2023-11-02T08:50:08.148+0000] {logging_mixin.py:151} INFO - [2023-11-02T08:50:08.148+0000] {dag.py:2941} INFO - Sync 1 DAGs
[2023-11-02T08:50:08.170+0000] {logging_mixin.py:151} INFO - [2023-11-02T08:50:08.170+0000] {dag.py:3722} INFO - Setting next_dagrun for example_branch_dop_operator_v3 to 2023-11-02T08:49:00+00:00, run_after=2023-11-02T08:50:00+00:00
[2023-11-02T08:50:08.182+0000] {processor.py:179} INFO - Processing /home/airflow/.local/lib/python3.11/site-packages/airflow/example_dags/example_branch_python_dop_operator_3.py took 0.066 seconds
[2023-11-02T08:50:38.359+0000] {processor.py:157} INFO - Started process (PID=698) to work on /home/airflow/.local/lib/python3.11/site-packages/airflow/example_dags/example_branch_python_dop_operator_3.py
[2023-11-02T08:50:38.360+0000] {processor.py:829} INFO - Processing file /home/airflow/.local/lib/python3.11/site-packages/airflow/example_dags/example_branch_python_dop_operator_3.py for tasks to queue
[2023-11-02T08:50:38.362+0000] {logging_mixin.py:151} INFO - [2023-11-02T08:50:38.361+0000] {dagbag.py:536} INFO - Filling up the DagBag from /home/airflow/.local/lib/python3.11/site-packages/airflow/example_dags/example_branch_python_dop_operator_3.py
[2023-11-02T08:50:38.368+0000] {processor.py:839} INFO - DAG(s) dict_keys(['example_branch_dop_operator_v3']) retrieved from /home/airflow/.local/lib/python3.11/site-packages/airflow/example_dags/example_branch_python_dop_operator_3.py
[2023-11-02T08:50:38.384+0000] {logging_mixin.py:151} INFO - [2023-11-02T08:50:38.384+0000] {dag.py:2941} INFO - Sync 1 DAGs
[2023-11-02T08:50:38.404+0000] {logging_mixin.py:151} INFO - [2023-11-02T08:50:38.404+0000] {dag.py:3722} INFO - Setting next_dagrun for example_branch_dop_operator_v3 to 2023-11-02T08:49:00+00:00, run_after=2023-11-02T08:50:00+00:00
[2023-11-02T08:50:38.414+0000] {processor.py:179} INFO - Processing /home/airflow/.local/lib/python3.11/site-packages/airflow/example_dags/example_branch_python_dop_operator_3.py took 0.058 seconds
[2023-11-02T08:51:09.241+0000] {processor.py:157} INFO - Started process (PID=753) to work on /home/airflow/.local/lib/python3.11/site-packages/airflow/example_dags/example_branch_python_dop_operator_3.py
[2023-11-02T08:51:09.242+0000] {processor.py:829} INFO - Processing file /home/airflow/.local/lib/python3.11/site-packages/airflow/example_dags/example_branch_python_dop_operator_3.py for tasks to queue
[2023-11-02T08:51:09.244+0000] {logging_mixin.py:151} INFO - [2023-11-02T08:51:09.244+0000] {dagbag.py:536} INFO - Filling up the DagBag from /home/airflow/.local/lib/python3.11/site-packages/airflow/example_dags/example_branch_python_dop_operator_3.py
[2023-11-02T08:51:09.250+0000] {processor.py:839} INFO - DAG(s) dict_keys(['example_branch_dop_operator_v3']) retrieved from /home/airflow/.local/lib/python3.11/site-packages/airflow/example_dags/example_branch_python_dop_operator_3.py
[2023-11-02T08:51:09.265+0000] {logging_mixin.py:151} INFO - [2023-11-02T08:51:09.265+0000] {dag.py:2941} INFO - Sync 1 DAGs
[2023-11-02T08:51:09.283+0000] {logging_mixin.py:151} INFO - [2023-11-02T08:51:09.283+0000] {dag.py:3722} INFO - Setting next_dagrun for example_branch_dop_operator_v3 to 2023-11-02T08:50:00+00:00, run_after=2023-11-02T08:51:00+00:00
[2023-11-02T08:51:09.300+0000] {processor.py:179} INFO - Processing /home/airflow/.local/lib/python3.11/site-packages/airflow/example_dags/example_branch_python_dop_operator_3.py took 0.062 seconds
[2023-11-02T08:51:39.502+0000] {processor.py:157} INFO - Started process (PID=808) to work on /home/airflow/.local/lib/python3.11/site-packages/airflow/example_dags/example_branch_python_dop_operator_3.py
[2023-11-02T08:51:39.503+0000] {processor.py:829} INFO - Processing file /home/airflow/.local/lib/python3.11/site-packages/airflow/example_dags/example_branch_python_dop_operator_3.py for tasks to queue
[2023-11-02T08:51:39.506+0000] {logging_mixin.py:151} INFO - [2023-11-02T08:51:39.506+0000] {dagbag.py:536} INFO - Filling up the DagBag from /home/airflow/.local/lib/python3.11/site-packages/airflow/example_dags/example_branch_python_dop_operator_3.py
[2023-11-02T08:51:39.515+0000] {processor.py:839} INFO - DAG(s) dict_keys(['example_branch_dop_operator_v3']) retrieved from /home/airflow/.local/lib/python3.11/site-packages/airflow/example_dags/example_branch_python_dop_operator_3.py
[2023-11-02T08:51:39.530+0000] {logging_mixin.py:151} INFO - [2023-11-02T08:51:39.530+0000] {dag.py:2941} INFO - Sync 1 DAGs
[2023-11-02T08:51:39.547+0000] {logging_mixin.py:151} INFO - [2023-11-02T08:51:39.547+0000] {dag.py:3722} INFO - Setting next_dagrun for example_branch_dop_operator_v3 to 2023-11-02T08:50:00+00:00, run_after=2023-11-02T08:51:00+00:00
[2023-11-02T08:51:39.559+0000] {processor.py:179} INFO - Processing /home/airflow/.local/lib/python3.11/site-packages/airflow/example_dags/example_branch_python_dop_operator_3.py took 0.059 seconds
[2023-11-02T08:52:09.763+0000] {processor.py:157} INFO - Started process (PID=863) to work on /home/airflow/.local/lib/python3.11/site-packages/airflow/example_dags/example_branch_python_dop_operator_3.py
[2023-11-02T08:52:09.764+0000] {processor.py:829} INFO - Processing file /home/airflow/.local/lib/python3.11/site-packages/airflow/example_dags/example_branch_python_dop_operator_3.py for tasks to queue
[2023-11-02T08:52:09.766+0000] {logging_mixin.py:151} INFO - [2023-11-02T08:52:09.766+0000] {dagbag.py:536} INFO - Filling up the DagBag from /home/airflow/.local/lib/python3.11/site-packages/airflow/example_dags/example_branch_python_dop_operator_3.py
[2023-11-02T08:52:09.773+0000] {processor.py:839} INFO - DAG(s) dict_keys(['example_branch_dop_operator_v3']) retrieved from /home/airflow/.local/lib/python3.11/site-packages/airflow/example_dags/example_branch_python_dop_operator_3.py
[2023-11-02T08:52:09.786+0000] {logging_mixin.py:151} INFO - [2023-11-02T08:52:09.786+0000] {dag.py:2941} INFO - Sync 1 DAGs
[2023-11-02T08:52:09.803+0000] {logging_mixin.py:151} INFO - [2023-11-02T08:52:09.803+0000] {dag.py:3722} INFO - Setting next_dagrun for example_branch_dop_operator_v3 to 2023-11-02T08:51:00+00:00, run_after=2023-11-02T08:52:00+00:00
[2023-11-02T08:52:09.816+0000] {processor.py:179} INFO - Processing /home/airflow/.local/lib/python3.11/site-packages/airflow/example_dags/example_branch_python_dop_operator_3.py took 0.055 seconds
[2023-11-02T08:52:39.908+0000] {processor.py:157} INFO - Started process (PID=918) to work on /home/airflow/.local/lib/python3.11/site-packages/airflow/example_dags/example_branch_python_dop_operator_3.py
[2023-11-02T08:52:39.909+0000] {processor.py:829} INFO - Processing file /home/airflow/.local/lib/python3.11/site-packages/airflow/example_dags/example_branch_python_dop_operator_3.py for tasks to queue
[2023-11-02T08:52:39.912+0000] {logging_mixin.py:151} INFO - [2023-11-02T08:52:39.910+0000] {dagbag.py:536} INFO - Filling up the DagBag from /home/airflow/.local/lib/python3.11/site-packages/airflow/example_dags/example_branch_python_dop_operator_3.py
[2023-11-02T08:52:39.918+0000] {processor.py:839} INFO - DAG(s) dict_keys(['example_branch_dop_operator_v3']) retrieved from /home/airflow/.local/lib/python3.11/site-packages/airflow/example_dags/example_branch_python_dop_operator_3.py
[2023-11-02T08:52:39.932+0000] {logging_mixin.py:151} INFO - [2023-11-02T08:52:39.931+0000] {dag.py:2941} INFO - Sync 1 DAGs
[2023-11-02T08:52:39.948+0000] {logging_mixin.py:151} INFO - [2023-11-02T08:52:39.948+0000] {dag.py:3722} INFO - Setting next_dagrun for example_branch_dop_operator_v3 to 2023-11-02T08:51:00+00:00, run_after=2023-11-02T08:52:00+00:00
[2023-11-02T08:52:39.958+0000] {processor.py:179} INFO - Processing /home/airflow/.local/lib/python3.11/site-packages/airflow/example_dags/example_branch_python_dop_operator_3.py took 0.052 seconds
[2023-11-02T08:53:10.399+0000] {processor.py:157} INFO - Started process (PID=971) to work on /home/airflow/.local/lib/python3.11/site-packages/airflow/example_dags/example_branch_python_dop_operator_3.py
[2023-11-02T08:53:10.400+0000] {processor.py:829} INFO - Processing file /home/airflow/.local/lib/python3.11/site-packages/airflow/example_dags/example_branch_python_dop_operator_3.py for tasks to queue
[2023-11-02T08:53:10.402+0000] {logging_mixin.py:151} INFO - [2023-11-02T08:53:10.402+0000] {dagbag.py:536} INFO - Filling up the DagBag from /home/airflow/.local/lib/python3.11/site-packages/airflow/example_dags/example_branch_python_dop_operator_3.py
[2023-11-02T08:53:10.412+0000] {processor.py:839} INFO - DAG(s) dict_keys(['example_branch_dop_operator_v3']) retrieved from /home/airflow/.local/lib/python3.11/site-packages/airflow/example_dags/example_branch_python_dop_operator_3.py
[2023-11-02T08:53:10.427+0000] {logging_mixin.py:151} INFO - [2023-11-02T08:53:10.427+0000] {dag.py:2941} INFO - Sync 1 DAGs
[2023-11-02T08:53:10.445+0000] {logging_mixin.py:151} INFO - [2023-11-02T08:53:10.445+0000] {dag.py:3722} INFO - Setting next_dagrun for example_branch_dop_operator_v3 to 2023-11-02T08:52:00+00:00, run_after=2023-11-02T08:53:00+00:00
[2023-11-02T08:53:10.456+0000] {processor.py:179} INFO - Processing /home/airflow/.local/lib/python3.11/site-packages/airflow/example_dags/example_branch_python_dop_operator_3.py took 0.059 seconds
[2023-11-02T08:53:40.569+0000] {processor.py:157} INFO - Started process (PID=1026) to work on /home/airflow/.local/lib/python3.11/site-packages/airflow/example_dags/example_branch_python_dop_operator_3.py
[2023-11-02T08:53:40.570+0000] {processor.py:829} INFO - Processing file /home/airflow/.local/lib/python3.11/site-packages/airflow/example_dags/example_branch_python_dop_operator_3.py for tasks to queue
[2023-11-02T08:53:40.576+0000] {logging_mixin.py:151} INFO - [2023-11-02T08:53:40.575+0000] {dagbag.py:536} INFO - Filling up the DagBag from /home/airflow/.local/lib/python3.11/site-packages/airflow/example_dags/example_branch_python_dop_operator_3.py
[2023-11-02T08:53:40.585+0000] {processor.py:839} INFO - DAG(s) dict_keys(['example_branch_dop_operator_v3']) retrieved from /home/airflow/.local/lib/python3.11/site-packages/airflow/example_dags/example_branch_python_dop_operator_3.py
[2023-11-02T08:53:40.600+0000] {logging_mixin.py:151} INFO - [2023-11-02T08:53:40.600+0000] {dag.py:2941} INFO - Sync 1 DAGs
[2023-11-02T08:53:40.617+0000] {logging_mixin.py:151} INFO - [2023-11-02T08:53:40.616+0000] {dag.py:3722} INFO - Setting next_dagrun for example_branch_dop_operator_v3 to 2023-11-02T08:52:00+00:00, run_after=2023-11-02T08:53:00+00:00
[2023-11-02T08:53:40.627+0000] {processor.py:179} INFO - Processing /home/airflow/.local/lib/python3.11/site-packages/airflow/example_dags/example_branch_python_dop_operator_3.py took 0.060 seconds
[2023-11-02T08:54:10.832+0000] {processor.py:157} INFO - Started process (PID=1081) to work on /home/airflow/.local/lib/python3.11/site-packages/airflow/example_dags/example_branch_python_dop_operator_3.py
[2023-11-02T08:54:10.832+0000] {processor.py:829} INFO - Processing file /home/airflow/.local/lib/python3.11/site-packages/airflow/example_dags/example_branch_python_dop_operator_3.py for tasks to queue
[2023-11-02T08:54:10.838+0000] {logging_mixin.py:151} INFO - [2023-11-02T08:54:10.838+0000] {dagbag.py:536} INFO - Filling up the DagBag from /home/airflow/.local/lib/python3.11/site-packages/airflow/example_dags/example_branch_python_dop_operator_3.py
[2023-11-02T08:54:10.844+0000] {processor.py:839} INFO - DAG(s) dict_keys(['example_branch_dop_operator_v3']) retrieved from /home/airflow/.local/lib/python3.11/site-packages/airflow/example_dags/example_branch_python_dop_operator_3.py
[2023-11-02T08:54:10.859+0000] {logging_mixin.py:151} INFO - [2023-11-02T08:54:10.859+0000] {dag.py:2941} INFO - Sync 1 DAGs
[2023-11-02T08:54:10.877+0000] {logging_mixin.py:151} INFO - [2023-11-02T08:54:10.877+0000] {dag.py:3722} INFO - Setting next_dagrun for example_branch_dop_operator_v3 to 2023-11-02T08:53:00+00:00, run_after=2023-11-02T08:54:00+00:00
[2023-11-02T08:54:10.889+0000] {processor.py:179} INFO - Processing /home/airflow/.local/lib/python3.11/site-packages/airflow/example_dags/example_branch_python_dop_operator_3.py took 0.060 seconds
[2023-11-02T08:54:41.353+0000] {processor.py:157} INFO - Started process (PID=1136) to work on /home/airflow/.local/lib/python3.11/site-packages/airflow/example_dags/example_branch_python_dop_operator_3.py
[2023-11-02T08:54:41.353+0000] {processor.py:829} INFO - Processing file /home/airflow/.local/lib/python3.11/site-packages/airflow/example_dags/example_branch_python_dop_operator_3.py for tasks to queue
[2023-11-02T08:54:41.356+0000] {logging_mixin.py:151} INFO - [2023-11-02T08:54:41.355+0000] {dagbag.py:536} INFO - Filling up the DagBag from /home/airflow/.local/lib/python3.11/site-packages/airflow/example_dags/example_branch_python_dop_operator_3.py
[2023-11-02T08:54:41.362+0000] {processor.py:839} INFO - DAG(s) dict_keys(['example_branch_dop_operator_v3']) retrieved from /home/airflow/.local/lib/python3.11/site-packages/airflow/example_dags/example_branch_python_dop_operator_3.py
[2023-11-02T08:54:41.375+0000] {logging_mixin.py:151} INFO - [2023-11-02T08:54:41.375+0000] {dag.py:2941} INFO - Sync 1 DAGs
[2023-11-02T08:54:41.392+0000] {logging_mixin.py:151} INFO - [2023-11-02T08:54:41.392+0000] {dag.py:3722} INFO - Setting next_dagrun for example_branch_dop_operator_v3 to 2023-11-02T08:53:00+00:00, run_after=2023-11-02T08:54:00+00:00
[2023-11-02T08:54:41.407+0000] {processor.py:179} INFO - Processing /home/airflow/.local/lib/python3.11/site-packages/airflow/example_dags/example_branch_python_dop_operator_3.py took 0.057 seconds
[2023-11-02T08:55:12.385+0000] {processor.py:157} INFO - Started process (PID=1191) to work on /home/airflow/.local/lib/python3.11/site-packages/airflow/example_dags/example_branch_python_dop_operator_3.py
