[2023-11-02T08:44:33.999+0000] {processor.py:157} INFO - Started process (PID=37) to work on /home/airflow/.local/lib/python3.11/site-packages/airflow/example_dags/example_branch_operator_decorator.py
[2023-11-02T08:44:34.003+0000] {processor.py:829} INFO - Processing file /home/airflow/.local/lib/python3.11/site-packages/airflow/example_dags/example_branch_operator_decorator.py for tasks to queue
[2023-11-02T08:44:34.012+0000] {logging_mixin.py:151} INFO - [2023-11-02T08:44:34.010+0000] {dagbag.py:536} INFO - Filling up the DagBag from /home/airflow/.local/lib/python3.11/site-packages/airflow/example_dags/example_branch_operator_decorator.py
[2023-11-02T08:44:34.067+0000] {processor.py:839} INFO - DAG(s) dict_keys(['example_branch_python_operator_decorator']) retrieved from /home/airflow/.local/lib/python3.11/site-packages/airflow/example_dags/example_branch_operator_decorator.py
[2023-11-02T08:44:34.370+0000] {logging_mixin.py:151} INFO - [2023-11-02T08:44:34.369+0000] {manager.py:499} INFO - Created Permission View: %s
[2023-11-02T08:44:34.395+0000] {logging_mixin.py:151} INFO - [2023-11-02T08:44:34.395+0000] {manager.py:499} INFO - Created Permission View: %s
[2023-11-02T08:44:34.406+0000] {logging_mixin.py:151} INFO - [2023-11-02T08:44:34.405+0000] {manager.py:499} INFO - Created Permission View: %s
[2023-11-02T08:44:34.409+0000] {logging_mixin.py:151} INFO - [2023-11-02T08:44:34.408+0000] {dag.py:2941} INFO - Sync 1 DAGs
[2023-11-02T08:44:34.446+0000] {logging_mixin.py:151} INFO - [2023-11-02T08:44:34.446+0000] {dag.py:2963} INFO - Creating ORM DAG for example_branch_python_operator_decorator
[2023-11-02T08:44:34.474+0000] {logging_mixin.py:151} INFO - [2023-11-02T08:44:34.474+0000] {dag.py:3722} INFO - Setting next_dagrun for example_branch_python_operator_decorator to 2023-11-01T00:00:00+00:00, run_after=2023-11-02T00:00:00+00:00
[2023-11-02T08:44:34.513+0000] {processor.py:179} INFO - Processing /home/airflow/.local/lib/python3.11/site-packages/airflow/example_dags/example_branch_operator_decorator.py took 0.529 seconds
[2023-11-02T08:45:05.001+0000] {processor.py:157} INFO - Started process (PID=92) to work on /home/airflow/.local/lib/python3.11/site-packages/airflow/example_dags/example_branch_operator_decorator.py
[2023-11-02T08:45:05.003+0000] {processor.py:829} INFO - Processing file /home/airflow/.local/lib/python3.11/site-packages/airflow/example_dags/example_branch_operator_decorator.py for tasks to queue
[2023-11-02T08:45:05.008+0000] {logging_mixin.py:151} INFO - [2023-11-02T08:45:05.008+0000] {dagbag.py:536} INFO - Filling up the DagBag from /home/airflow/.local/lib/python3.11/site-packages/airflow/example_dags/example_branch_operator_decorator.py
[2023-11-02T08:45:05.022+0000] {processor.py:839} INFO - DAG(s) dict_keys(['example_branch_python_operator_decorator']) retrieved from /home/airflow/.local/lib/python3.11/site-packages/airflow/example_dags/example_branch_operator_decorator.py
[2023-11-02T08:45:05.040+0000] {logging_mixin.py:151} INFO - [2023-11-02T08:45:05.040+0000] {dag.py:2941} INFO - Sync 1 DAGs
[2023-11-02T08:45:05.060+0000] {logging_mixin.py:151} INFO - [2023-11-02T08:45:05.059+0000] {dag.py:3722} INFO - Setting next_dagrun for example_branch_python_operator_decorator to 2023-11-01T00:00:00+00:00, run_after=2023-11-02T00:00:00+00:00
[2023-11-02T08:45:05.079+0000] {processor.py:179} INFO - Processing /home/airflow/.local/lib/python3.11/site-packages/airflow/example_dags/example_branch_operator_decorator.py took 0.083 seconds
[2023-11-02T08:45:35.263+0000] {processor.py:157} INFO - Started process (PID=147) to work on /home/airflow/.local/lib/python3.11/site-packages/airflow/example_dags/example_branch_operator_decorator.py
[2023-11-02T08:45:35.267+0000] {processor.py:829} INFO - Processing file /home/airflow/.local/lib/python3.11/site-packages/airflow/example_dags/example_branch_operator_decorator.py for tasks to queue
[2023-11-02T08:45:35.269+0000] {logging_mixin.py:151} INFO - [2023-11-02T08:45:35.268+0000] {dagbag.py:536} INFO - Filling up the DagBag from /home/airflow/.local/lib/python3.11/site-packages/airflow/example_dags/example_branch_operator_decorator.py
[2023-11-02T08:45:35.279+0000] {processor.py:839} INFO - DAG(s) dict_keys(['example_branch_python_operator_decorator']) retrieved from /home/airflow/.local/lib/python3.11/site-packages/airflow/example_dags/example_branch_operator_decorator.py
[2023-11-02T08:45:35.295+0000] {logging_mixin.py:151} INFO - [2023-11-02T08:45:35.295+0000] {dag.py:2941} INFO - Sync 1 DAGs
[2023-11-02T08:45:35.312+0000] {logging_mixin.py:151} INFO - [2023-11-02T08:45:35.312+0000] {dag.py:3722} INFO - Setting next_dagrun for example_branch_python_operator_decorator to 2023-11-01T00:00:00+00:00, run_after=2023-11-02T00:00:00+00:00
[2023-11-02T08:45:35.332+0000] {processor.py:179} INFO - Processing /home/airflow/.local/lib/python3.11/site-packages/airflow/example_dags/example_branch_operator_decorator.py took 0.071 seconds
[2023-11-02T08:46:06.063+0000] {processor.py:157} INFO - Started process (PID=202) to work on /home/airflow/.local/lib/python3.11/site-packages/airflow/example_dags/example_branch_operator_decorator.py
[2023-11-02T08:46:06.064+0000] {processor.py:829} INFO - Processing file /home/airflow/.local/lib/python3.11/site-packages/airflow/example_dags/example_branch_operator_decorator.py for tasks to queue
[2023-11-02T08:46:06.069+0000] {logging_mixin.py:151} INFO - [2023-11-02T08:46:06.069+0000] {dagbag.py:536} INFO - Filling up the DagBag from /home/airflow/.local/lib/python3.11/site-packages/airflow/example_dags/example_branch_operator_decorator.py
[2023-11-02T08:46:06.078+0000] {processor.py:839} INFO - DAG(s) dict_keys(['example_branch_python_operator_decorator']) retrieved from /home/airflow/.local/lib/python3.11/site-packages/airflow/example_dags/example_branch_operator_decorator.py
[2023-11-02T08:46:06.097+0000] {logging_mixin.py:151} INFO - [2023-11-02T08:46:06.096+0000] {dag.py:2941} INFO - Sync 1 DAGs
[2023-11-02T08:46:06.112+0000] {logging_mixin.py:151} INFO - [2023-11-02T08:46:06.112+0000] {dag.py:3722} INFO - Setting next_dagrun for example_branch_python_operator_decorator to 2023-11-01T00:00:00+00:00, run_after=2023-11-02T00:00:00+00:00
[2023-11-02T08:46:06.123+0000] {processor.py:179} INFO - Processing /home/airflow/.local/lib/python3.11/site-packages/airflow/example_dags/example_branch_operator_decorator.py took 0.063 seconds
[2023-11-02T08:46:36.555+0000] {processor.py:157} INFO - Started process (PID=257) to work on /home/airflow/.local/lib/python3.11/site-packages/airflow/example_dags/example_branch_operator_decorator.py
[2023-11-02T08:46:36.559+0000] {processor.py:829} INFO - Processing file /home/airflow/.local/lib/python3.11/site-packages/airflow/example_dags/example_branch_operator_decorator.py for tasks to queue
[2023-11-02T08:46:36.560+0000] {logging_mixin.py:151} INFO - [2023-11-02T08:46:36.560+0000] {dagbag.py:536} INFO - Filling up the DagBag from /home/airflow/.local/lib/python3.11/site-packages/airflow/example_dags/example_branch_operator_decorator.py
[2023-11-02T08:46:36.570+0000] {processor.py:839} INFO - DAG(s) dict_keys(['example_branch_python_operator_decorator']) retrieved from /home/airflow/.local/lib/python3.11/site-packages/airflow/example_dags/example_branch_operator_decorator.py
[2023-11-02T08:46:36.592+0000] {logging_mixin.py:151} INFO - [2023-11-02T08:46:36.591+0000] {dag.py:2941} INFO - Sync 1 DAGs
[2023-11-02T08:46:36.614+0000] {logging_mixin.py:151} INFO - [2023-11-02T08:46:36.614+0000] {dag.py:3722} INFO - Setting next_dagrun for example_branch_python_operator_decorator to 2023-11-01T00:00:00+00:00, run_after=2023-11-02T00:00:00+00:00
[2023-11-02T08:46:36.624+0000] {processor.py:179} INFO - Processing /home/airflow/.local/lib/python3.11/site-packages/airflow/example_dags/example_branch_operator_decorator.py took 0.072 seconds
[2023-11-02T08:47:06.695+0000] {processor.py:157} INFO - Started process (PID=312) to work on /home/airflow/.local/lib/python3.11/site-packages/airflow/example_dags/example_branch_operator_decorator.py
[2023-11-02T08:47:06.696+0000] {processor.py:829} INFO - Processing file /home/airflow/.local/lib/python3.11/site-packages/airflow/example_dags/example_branch_operator_decorator.py for tasks to queue
[2023-11-02T08:47:06.698+0000] {logging_mixin.py:151} INFO - [2023-11-02T08:47:06.697+0000] {dagbag.py:536} INFO - Filling up the DagBag from /home/airflow/.local/lib/python3.11/site-packages/airflow/example_dags/example_branch_operator_decorator.py
[2023-11-02T08:47:06.705+0000] {processor.py:839} INFO - DAG(s) dict_keys(['example_branch_python_operator_decorator']) retrieved from /home/airflow/.local/lib/python3.11/site-packages/airflow/example_dags/example_branch_operator_decorator.py
[2023-11-02T08:47:06.721+0000] {logging_mixin.py:151} INFO - [2023-11-02T08:47:06.721+0000] {dag.py:2941} INFO - Sync 1 DAGs
[2023-11-02T08:47:06.737+0000] {logging_mixin.py:151} INFO - [2023-11-02T08:47:06.737+0000] {dag.py:3722} INFO - Setting next_dagrun for example_branch_python_operator_decorator to 2023-11-01T00:00:00+00:00, run_after=2023-11-02T00:00:00+00:00
[2023-11-02T08:47:06.747+0000] {processor.py:179} INFO - Processing /home/airflow/.local/lib/python3.11/site-packages/airflow/example_dags/example_branch_operator_decorator.py took 0.054 seconds
[2023-11-02T08:47:36.953+0000] {processor.py:157} INFO - Started process (PID=367) to work on /home/airflow/.local/lib/python3.11/site-packages/airflow/example_dags/example_branch_operator_decorator.py
[2023-11-02T08:47:36.955+0000] {processor.py:829} INFO - Processing file /home/airflow/.local/lib/python3.11/site-packages/airflow/example_dags/example_branch_operator_decorator.py for tasks to queue
[2023-11-02T08:47:36.958+0000] {logging_mixin.py:151} INFO - [2023-11-02T08:47:36.958+0000] {dagbag.py:536} INFO - Filling up the DagBag from /home/airflow/.local/lib/python3.11/site-packages/airflow/example_dags/example_branch_operator_decorator.py
[2023-11-02T08:47:36.967+0000] {processor.py:839} INFO - DAG(s) dict_keys(['example_branch_python_operator_decorator']) retrieved from /home/airflow/.local/lib/python3.11/site-packages/airflow/example_dags/example_branch_operator_decorator.py
[2023-11-02T08:47:36.982+0000] {logging_mixin.py:151} INFO - [2023-11-02T08:47:36.982+0000] {dag.py:2941} INFO - Sync 1 DAGs
[2023-11-02T08:47:36.998+0000] {logging_mixin.py:151} INFO - [2023-11-02T08:47:36.997+0000] {dag.py:3722} INFO - Setting next_dagrun for example_branch_python_operator_decorator to 2023-11-01T00:00:00+00:00, run_after=2023-11-02T00:00:00+00:00
[2023-11-02T08:47:37.009+0000] {processor.py:179} INFO - Processing /home/airflow/.local/lib/python3.11/site-packages/airflow/example_dags/example_branch_operator_decorator.py took 0.058 seconds
[2023-11-02T08:48:07.204+0000] {processor.py:157} INFO - Started process (PID=422) to work on /home/airflow/.local/lib/python3.11/site-packages/airflow/example_dags/example_branch_operator_decorator.py
[2023-11-02T08:48:07.206+0000] {processor.py:829} INFO - Processing file /home/airflow/.local/lib/python3.11/site-packages/airflow/example_dags/example_branch_operator_decorator.py for tasks to queue
[2023-11-02T08:48:07.209+0000] {logging_mixin.py:151} INFO - [2023-11-02T08:48:07.208+0000] {dagbag.py:536} INFO - Filling up the DagBag from /home/airflow/.local/lib/python3.11/site-packages/airflow/example_dags/example_branch_operator_decorator.py
[2023-11-02T08:48:07.218+0000] {processor.py:839} INFO - DAG(s) dict_keys(['example_branch_python_operator_decorator']) retrieved from /home/airflow/.local/lib/python3.11/site-packages/airflow/example_dags/example_branch_operator_decorator.py
[2023-11-02T08:48:07.237+0000] {logging_mixin.py:151} INFO - [2023-11-02T08:48:07.237+0000] {dag.py:2941} INFO - Sync 1 DAGs
[2023-11-02T08:48:07.254+0000] {logging_mixin.py:151} INFO - [2023-11-02T08:48:07.254+0000] {dag.py:3722} INFO - Setting next_dagrun for example_branch_python_operator_decorator to 2023-11-01T00:00:00+00:00, run_after=2023-11-02T00:00:00+00:00
[2023-11-02T08:48:07.264+0000] {processor.py:179} INFO - Processing /home/airflow/.local/lib/python3.11/site-packages/airflow/example_dags/example_branch_operator_decorator.py took 0.063 seconds
[2023-11-02T08:48:37.426+0000] {processor.py:157} INFO - Started process (PID=477) to work on /home/airflow/.local/lib/python3.11/site-packages/airflow/example_dags/example_branch_operator_decorator.py
[2023-11-02T08:48:37.430+0000] {processor.py:829} INFO - Processing file /home/airflow/.local/lib/python3.11/site-packages/airflow/example_dags/example_branch_operator_decorator.py for tasks to queue
[2023-11-02T08:48:37.431+0000] {logging_mixin.py:151} INFO - [2023-11-02T08:48:37.431+0000] {dagbag.py:536} INFO - Filling up the DagBag from /home/airflow/.local/lib/python3.11/site-packages/airflow/example_dags/example_branch_operator_decorator.py
[2023-11-02T08:48:37.439+0000] {processor.py:839} INFO - DAG(s) dict_keys(['example_branch_python_operator_decorator']) retrieved from /home/airflow/.local/lib/python3.11/site-packages/airflow/example_dags/example_branch_operator_decorator.py
[2023-11-02T08:48:37.455+0000] {logging_mixin.py:151} INFO - [2023-11-02T08:48:37.454+0000] {dag.py:2941} INFO - Sync 1 DAGs
[2023-11-02T08:48:37.470+0000] {logging_mixin.py:151} INFO - [2023-11-02T08:48:37.470+0000] {dag.py:3722} INFO - Setting next_dagrun for example_branch_python_operator_decorator to 2023-11-01T00:00:00+00:00, run_after=2023-11-02T00:00:00+00:00
[2023-11-02T08:48:37.481+0000] {processor.py:179} INFO - Processing /home/airflow/.local/lib/python3.11/site-packages/airflow/example_dags/example_branch_operator_decorator.py took 0.058 seconds
[2023-11-02T08:49:07.557+0000] {processor.py:157} INFO - Started process (PID=532) to work on /home/airflow/.local/lib/python3.11/site-packages/airflow/example_dags/example_branch_operator_decorator.py
[2023-11-02T08:49:07.557+0000] {processor.py:829} INFO - Processing file /home/airflow/.local/lib/python3.11/site-packages/airflow/example_dags/example_branch_operator_decorator.py for tasks to queue
[2023-11-02T08:49:07.560+0000] {logging_mixin.py:151} INFO - [2023-11-02T08:49:07.559+0000] {dagbag.py:536} INFO - Filling up the DagBag from /home/airflow/.local/lib/python3.11/site-packages/airflow/example_dags/example_branch_operator_decorator.py
[2023-11-02T08:49:07.567+0000] {processor.py:839} INFO - DAG(s) dict_keys(['example_branch_python_operator_decorator']) retrieved from /home/airflow/.local/lib/python3.11/site-packages/airflow/example_dags/example_branch_operator_decorator.py
[2023-11-02T08:49:07.587+0000] {logging_mixin.py:151} INFO - [2023-11-02T08:49:07.587+0000] {dag.py:2941} INFO - Sync 1 DAGs
[2023-11-02T08:49:07.606+0000] {logging_mixin.py:151} INFO - [2023-11-02T08:49:07.606+0000] {dag.py:3722} INFO - Setting next_dagrun for example_branch_python_operator_decorator to 2023-11-01T00:00:00+00:00, run_after=2023-11-02T00:00:00+00:00
[2023-11-02T08:49:07.619+0000] {processor.py:179} INFO - Processing /home/airflow/.local/lib/python3.11/site-packages/airflow/example_dags/example_branch_operator_decorator.py took 0.065 seconds
[2023-11-02T08:49:37.840+0000] {processor.py:157} INFO - Started process (PID=587) to work on /home/airflow/.local/lib/python3.11/site-packages/airflow/example_dags/example_branch_operator_decorator.py
[2023-11-02T08:49:37.843+0000] {processor.py:829} INFO - Processing file /home/airflow/.local/lib/python3.11/site-packages/airflow/example_dags/example_branch_operator_decorator.py for tasks to queue
[2023-11-02T08:49:37.846+0000] {logging_mixin.py:151} INFO - [2023-11-02T08:49:37.846+0000] {dagbag.py:536} INFO - Filling up the DagBag from /home/airflow/.local/lib/python3.11/site-packages/airflow/example_dags/example_branch_operator_decorator.py
[2023-11-02T08:49:37.855+0000] {processor.py:839} INFO - DAG(s) dict_keys(['example_branch_python_operator_decorator']) retrieved from /home/airflow/.local/lib/python3.11/site-packages/airflow/example_dags/example_branch_operator_decorator.py
[2023-11-02T08:49:37.874+0000] {logging_mixin.py:151} INFO - [2023-11-02T08:49:37.874+0000] {dag.py:2941} INFO - Sync 1 DAGs
[2023-11-02T08:49:37.889+0000] {logging_mixin.py:151} INFO - [2023-11-02T08:49:37.889+0000] {dag.py:3722} INFO - Setting next_dagrun for example_branch_python_operator_decorator to 2023-11-01T00:00:00+00:00, run_after=2023-11-02T00:00:00+00:00
[2023-11-02T08:49:37.900+0000] {processor.py:179} INFO - Processing /home/airflow/.local/lib/python3.11/site-packages/airflow/example_dags/example_branch_operator_decorator.py took 0.062 seconds
[2023-11-02T08:50:08.115+0000] {processor.py:157} INFO - Started process (PID=642) to work on /home/airflow/.local/lib/python3.11/site-packages/airflow/example_dags/example_branch_operator_decorator.py
[2023-11-02T08:50:08.119+0000] {processor.py:829} INFO - Processing file /home/airflow/.local/lib/python3.11/site-packages/airflow/example_dags/example_branch_operator_decorator.py for tasks to queue
[2023-11-02T08:50:08.121+0000] {logging_mixin.py:151} INFO - [2023-11-02T08:50:08.121+0000] {dagbag.py:536} INFO - Filling up the DagBag from /home/airflow/.local/lib/python3.11/site-packages/airflow/example_dags/example_branch_operator_decorator.py
[2023-11-02T08:50:08.129+0000] {processor.py:839} INFO - DAG(s) dict_keys(['example_branch_python_operator_decorator']) retrieved from /home/airflow/.local/lib/python3.11/site-packages/airflow/example_dags/example_branch_operator_decorator.py
[2023-11-02T08:50:08.145+0000] {logging_mixin.py:151} INFO - [2023-11-02T08:50:08.144+0000] {dag.py:2941} INFO - Sync 1 DAGs
[2023-11-02T08:50:08.161+0000] {logging_mixin.py:151} INFO - [2023-11-02T08:50:08.161+0000] {dag.py:3722} INFO - Setting next_dagrun for example_branch_python_operator_decorator to 2023-11-01T00:00:00+00:00, run_after=2023-11-02T00:00:00+00:00
[2023-11-02T08:50:08.175+0000] {processor.py:179} INFO - Processing /home/airflow/.local/lib/python3.11/site-packages/airflow/example_dags/example_branch_operator_decorator.py took 0.063 seconds
[2023-11-02T08:50:38.301+0000] {processor.py:157} INFO - Started process (PID=697) to work on /home/airflow/.local/lib/python3.11/site-packages/airflow/example_dags/example_branch_operator_decorator.py
[2023-11-02T08:50:38.301+0000] {processor.py:829} INFO - Processing file /home/airflow/.local/lib/python3.11/site-packages/airflow/example_dags/example_branch_operator_decorator.py for tasks to queue
[2023-11-02T08:50:38.304+0000] {logging_mixin.py:151} INFO - [2023-11-02T08:50:38.304+0000] {dagbag.py:536} INFO - Filling up the DagBag from /home/airflow/.local/lib/python3.11/site-packages/airflow/example_dags/example_branch_operator_decorator.py
[2023-11-02T08:50:38.311+0000] {processor.py:839} INFO - DAG(s) dict_keys(['example_branch_python_operator_decorator']) retrieved from /home/airflow/.local/lib/python3.11/site-packages/airflow/example_dags/example_branch_operator_decorator.py
[2023-11-02T08:50:38.326+0000] {logging_mixin.py:151} INFO - [2023-11-02T08:50:38.326+0000] {dag.py:2941} INFO - Sync 1 DAGs
[2023-11-02T08:50:38.341+0000] {logging_mixin.py:151} INFO - [2023-11-02T08:50:38.341+0000] {dag.py:3722} INFO - Setting next_dagrun for example_branch_python_operator_decorator to 2023-11-01T00:00:00+00:00, run_after=2023-11-02T00:00:00+00:00
[2023-11-02T08:50:38.352+0000] {processor.py:179} INFO - Processing /home/airflow/.local/lib/python3.11/site-packages/airflow/example_dags/example_branch_operator_decorator.py took 0.054 seconds
[2023-11-02T08:51:09.221+0000] {processor.py:157} INFO - Started process (PID=752) to work on /home/airflow/.local/lib/python3.11/site-packages/airflow/example_dags/example_branch_operator_decorator.py
[2023-11-02T08:51:09.222+0000] {processor.py:829} INFO - Processing file /home/airflow/.local/lib/python3.11/site-packages/airflow/example_dags/example_branch_operator_decorator.py for tasks to queue
[2023-11-02T08:51:09.224+0000] {logging_mixin.py:151} INFO - [2023-11-02T08:51:09.224+0000] {dagbag.py:536} INFO - Filling up the DagBag from /home/airflow/.local/lib/python3.11/site-packages/airflow/example_dags/example_branch_operator_decorator.py
[2023-11-02T08:51:09.232+0000] {processor.py:839} INFO - DAG(s) dict_keys(['example_branch_python_operator_decorator']) retrieved from /home/airflow/.local/lib/python3.11/site-packages/airflow/example_dags/example_branch_operator_decorator.py
[2023-11-02T08:51:09.247+0000] {logging_mixin.py:151} INFO - [2023-11-02T08:51:09.247+0000] {dag.py:2941} INFO - Sync 1 DAGs
[2023-11-02T08:51:09.266+0000] {logging_mixin.py:151} INFO - [2023-11-02T08:51:09.266+0000] {dag.py:3722} INFO - Setting next_dagrun for example_branch_python_operator_decorator to 2023-11-01T00:00:00+00:00, run_after=2023-11-02T00:00:00+00:00
[2023-11-02T08:51:09.277+0000] {processor.py:179} INFO - Processing /home/airflow/.local/lib/python3.11/site-packages/airflow/example_dags/example_branch_operator_decorator.py took 0.059 seconds
[2023-11-02T08:51:39.486+0000] {processor.py:157} INFO - Started process (PID=807) to work on /home/airflow/.local/lib/python3.11/site-packages/airflow/example_dags/example_branch_operator_decorator.py
[2023-11-02T08:51:39.487+0000] {processor.py:829} INFO - Processing file /home/airflow/.local/lib/python3.11/site-packages/airflow/example_dags/example_branch_operator_decorator.py for tasks to queue
[2023-11-02T08:51:39.490+0000] {logging_mixin.py:151} INFO - [2023-11-02T08:51:39.490+0000] {dagbag.py:536} INFO - Filling up the DagBag from /home/airflow/.local/lib/python3.11/site-packages/airflow/example_dags/example_branch_operator_decorator.py
[2023-11-02T08:51:39.498+0000] {processor.py:839} INFO - DAG(s) dict_keys(['example_branch_python_operator_decorator']) retrieved from /home/airflow/.local/lib/python3.11/site-packages/airflow/example_dags/example_branch_operator_decorator.py
[2023-11-02T08:51:39.518+0000] {logging_mixin.py:151} INFO - [2023-11-02T08:51:39.518+0000] {dag.py:2941} INFO - Sync 1 DAGs
[2023-11-02T08:51:39.534+0000] {logging_mixin.py:151} INFO - [2023-11-02T08:51:39.534+0000] {dag.py:3722} INFO - Setting next_dagrun for example_branch_python_operator_decorator to 2023-11-01T00:00:00+00:00, run_after=2023-11-02T00:00:00+00:00
[2023-11-02T08:51:39.545+0000] {processor.py:179} INFO - Processing /home/airflow/.local/lib/python3.11/site-packages/airflow/example_dags/example_branch_operator_decorator.py took 0.062 seconds
[2023-11-02T08:52:09.749+0000] {processor.py:157} INFO - Started process (PID=862) to work on /home/airflow/.local/lib/python3.11/site-packages/airflow/example_dags/example_branch_operator_decorator.py
[2023-11-02T08:52:09.750+0000] {processor.py:829} INFO - Processing file /home/airflow/.local/lib/python3.11/site-packages/airflow/example_dags/example_branch_operator_decorator.py for tasks to queue
[2023-11-02T08:52:09.752+0000] {logging_mixin.py:151} INFO - [2023-11-02T08:52:09.752+0000] {dagbag.py:536} INFO - Filling up the DagBag from /home/airflow/.local/lib/python3.11/site-packages/airflow/example_dags/example_branch_operator_decorator.py
[2023-11-02T08:52:09.760+0000] {processor.py:839} INFO - DAG(s) dict_keys(['example_branch_python_operator_decorator']) retrieved from /home/airflow/.local/lib/python3.11/site-packages/airflow/example_dags/example_branch_operator_decorator.py
[2023-11-02T08:52:09.777+0000] {logging_mixin.py:151} INFO - [2023-11-02T08:52:09.777+0000] {dag.py:2941} INFO - Sync 1 DAGs
[2023-11-02T08:52:09.793+0000] {logging_mixin.py:151} INFO - [2023-11-02T08:52:09.792+0000] {dag.py:3722} INFO - Setting next_dagrun for example_branch_python_operator_decorator to 2023-11-01T00:00:00+00:00, run_after=2023-11-02T00:00:00+00:00
[2023-11-02T08:52:09.803+0000] {processor.py:179} INFO - Processing /home/airflow/.local/lib/python3.11/site-packages/airflow/example_dags/example_branch_operator_decorator.py took 0.057 seconds
[2023-11-02T08:52:39.839+0000] {processor.py:157} INFO - Started process (PID=917) to work on /home/airflow/.local/lib/python3.11/site-packages/airflow/example_dags/example_branch_operator_decorator.py
[2023-11-02T08:52:39.840+0000] {processor.py:829} INFO - Processing file /home/airflow/.local/lib/python3.11/site-packages/airflow/example_dags/example_branch_operator_decorator.py for tasks to queue
[2023-11-02T08:52:39.841+0000] {logging_mixin.py:151} INFO - [2023-11-02T08:52:39.841+0000] {dagbag.py:536} INFO - Filling up the DagBag from /home/airflow/.local/lib/python3.11/site-packages/airflow/example_dags/example_branch_operator_decorator.py
[2023-11-02T08:52:39.849+0000] {processor.py:839} INFO - DAG(s) dict_keys(['example_branch_python_operator_decorator']) retrieved from /home/airflow/.local/lib/python3.11/site-packages/airflow/example_dags/example_branch_operator_decorator.py
[2023-11-02T08:52:39.867+0000] {logging_mixin.py:151} INFO - [2023-11-02T08:52:39.867+0000] {dag.py:2941} INFO - Sync 1 DAGs
[2023-11-02T08:52:39.884+0000] {logging_mixin.py:151} INFO - [2023-11-02T08:52:39.884+0000] {dag.py:3722} INFO - Setting next_dagrun for example_branch_python_operator_decorator to 2023-11-01T00:00:00+00:00, run_after=2023-11-02T00:00:00+00:00
[2023-11-02T08:52:39.895+0000] {processor.py:179} INFO - Processing /home/airflow/.local/lib/python3.11/site-packages/airflow/example_dags/example_branch_operator_decorator.py took 0.058 seconds
[2023-11-02T08:53:10.337+0000] {processor.py:157} INFO - Started process (PID=970) to work on /home/airflow/.local/lib/python3.11/site-packages/airflow/example_dags/example_branch_operator_decorator.py
[2023-11-02T08:53:10.337+0000] {processor.py:829} INFO - Processing file /home/airflow/.local/lib/python3.11/site-packages/airflow/example_dags/example_branch_operator_decorator.py for tasks to queue
[2023-11-02T08:53:10.339+0000] {logging_mixin.py:151} INFO - [2023-11-02T08:53:10.339+0000] {dagbag.py:536} INFO - Filling up the DagBag from /home/airflow/.local/lib/python3.11/site-packages/airflow/example_dags/example_branch_operator_decorator.py
[2023-11-02T08:53:10.346+0000] {processor.py:839} INFO - DAG(s) dict_keys(['example_branch_python_operator_decorator']) retrieved from /home/airflow/.local/lib/python3.11/site-packages/airflow/example_dags/example_branch_operator_decorator.py
[2023-11-02T08:53:10.362+0000] {logging_mixin.py:151} INFO - [2023-11-02T08:53:10.361+0000] {dag.py:2941} INFO - Sync 1 DAGs
[2023-11-02T08:53:10.376+0000] {logging_mixin.py:151} INFO - [2023-11-02T08:53:10.376+0000] {dag.py:3722} INFO - Setting next_dagrun for example_branch_python_operator_decorator to 2023-11-01T00:00:00+00:00, run_after=2023-11-02T00:00:00+00:00
[2023-11-02T08:53:10.385+0000] {processor.py:179} INFO - Processing /home/airflow/.local/lib/python3.11/site-packages/airflow/example_dags/example_branch_operator_decorator.py took 0.051 seconds
[2023-11-02T08:53:40.508+0000] {processor.py:157} INFO - Started process (PID=1025) to work on /home/airflow/.local/lib/python3.11/site-packages/airflow/example_dags/example_branch_operator_decorator.py
[2023-11-02T08:53:40.508+0000] {processor.py:829} INFO - Processing file /home/airflow/.local/lib/python3.11/site-packages/airflow/example_dags/example_branch_operator_decorator.py for tasks to queue
[2023-11-02T08:53:40.510+0000] {logging_mixin.py:151} INFO - [2023-11-02T08:53:40.510+0000] {dagbag.py:536} INFO - Filling up the DagBag from /home/airflow/.local/lib/python3.11/site-packages/airflow/example_dags/example_branch_operator_decorator.py
[2023-11-02T08:53:40.517+0000] {processor.py:839} INFO - DAG(s) dict_keys(['example_branch_python_operator_decorator']) retrieved from /home/airflow/.local/lib/python3.11/site-packages/airflow/example_dags/example_branch_operator_decorator.py
[2023-11-02T08:53:40.532+0000] {logging_mixin.py:151} INFO - [2023-11-02T08:53:40.532+0000] {dag.py:2941} INFO - Sync 1 DAGs
[2023-11-02T08:53:40.546+0000] {logging_mixin.py:151} INFO - [2023-11-02T08:53:40.546+0000] {dag.py:3722} INFO - Setting next_dagrun for example_branch_python_operator_decorator to 2023-11-01T00:00:00+00:00, run_after=2023-11-02T00:00:00+00:00
[2023-11-02T08:53:40.557+0000] {processor.py:179} INFO - Processing /home/airflow/.local/lib/python3.11/site-packages/airflow/example_dags/example_branch_operator_decorator.py took 0.052 seconds
[2023-11-02T08:54:10.768+0000] {processor.py:157} INFO - Started process (PID=1080) to work on /home/airflow/.local/lib/python3.11/site-packages/airflow/example_dags/example_branch_operator_decorator.py
[2023-11-02T08:54:10.768+0000] {processor.py:829} INFO - Processing file /home/airflow/.local/lib/python3.11/site-packages/airflow/example_dags/example_branch_operator_decorator.py for tasks to queue
[2023-11-02T08:54:10.770+0000] {logging_mixin.py:151} INFO - [2023-11-02T08:54:10.770+0000] {dagbag.py:536} INFO - Filling up the DagBag from /home/airflow/.local/lib/python3.11/site-packages/airflow/example_dags/example_branch_operator_decorator.py
[2023-11-02T08:54:10.779+0000] {processor.py:839} INFO - DAG(s) dict_keys(['example_branch_python_operator_decorator']) retrieved from /home/airflow/.local/lib/python3.11/site-packages/airflow/example_dags/example_branch_operator_decorator.py
[2023-11-02T08:54:10.794+0000] {logging_mixin.py:151} INFO - [2023-11-02T08:54:10.794+0000] {dag.py:2941} INFO - Sync 1 DAGs
[2023-11-02T08:54:10.808+0000] {logging_mixin.py:151} INFO - [2023-11-02T08:54:10.808+0000] {dag.py:3722} INFO - Setting next_dagrun for example_branch_python_operator_decorator to 2023-11-01T00:00:00+00:00, run_after=2023-11-02T00:00:00+00:00
[2023-11-02T08:54:10.818+0000] {processor.py:179} INFO - Processing /home/airflow/.local/lib/python3.11/site-packages/airflow/example_dags/example_branch_operator_decorator.py took 0.052 seconds
[2023-11-02T08:54:41.341+0000] {processor.py:157} INFO - Started process (PID=1135) to work on /home/airflow/.local/lib/python3.11/site-packages/airflow/example_dags/example_branch_operator_decorator.py
[2023-11-02T08:54:41.341+0000] {processor.py:829} INFO - Processing file /home/airflow/.local/lib/python3.11/site-packages/airflow/example_dags/example_branch_operator_decorator.py for tasks to queue
[2023-11-02T08:54:41.343+0000] {logging_mixin.py:151} INFO - [2023-11-02T08:54:41.343+0000] {dagbag.py:536} INFO - Filling up the DagBag from /home/airflow/.local/lib/python3.11/site-packages/airflow/example_dags/example_branch_operator_decorator.py
[2023-11-02T08:54:41.351+0000] {processor.py:839} INFO - DAG(s) dict_keys(['example_branch_python_operator_decorator']) retrieved from /home/airflow/.local/lib/python3.11/site-packages/airflow/example_dags/example_branch_operator_decorator.py
[2023-11-02T08:54:41.366+0000] {logging_mixin.py:151} INFO - [2023-11-02T08:54:41.366+0000] {dag.py:2941} INFO - Sync 1 DAGs
[2023-11-02T08:54:41.381+0000] {logging_mixin.py:151} INFO - [2023-11-02T08:54:41.381+0000] {dag.py:3722} INFO - Setting next_dagrun for example_branch_python_operator_decorator to 2023-11-01T00:00:00+00:00, run_after=2023-11-02T00:00:00+00:00
[2023-11-02T08:54:41.391+0000] {processor.py:179} INFO - Processing /home/airflow/.local/lib/python3.11/site-packages/airflow/example_dags/example_branch_operator_decorator.py took 0.052 seconds
[2023-11-02T08:55:12.368+0000] {processor.py:157} INFO - Started process (PID=1190) to work on /home/airflow/.local/lib/python3.11/site-packages/airflow/example_dags/example_branch_operator_decorator.py
[2023-11-02T08:55:12.370+0000] {processor.py:829} INFO - Processing file /home/airflow/.local/lib/python3.11/site-packages/airflow/example_dags/example_branch_operator_decorator.py for tasks to queue
[2023-11-02T08:55:12.373+0000] {logging_mixin.py:151} INFO - [2023-11-02T08:55:12.373+0000] {dagbag.py:536} INFO - Filling up the DagBag from /home/airflow/.local/lib/python3.11/site-packages/airflow/example_dags/example_branch_operator_decorator.py
[2023-11-02T08:55:12.382+0000] {processor.py:839} INFO - DAG(s) dict_keys(['example_branch_python_operator_decorator']) retrieved from /home/airflow/.local/lib/python3.11/site-packages/airflow/example_dags/example_branch_operator_decorator.py
