[2023-11-02T08:44:42.365+0000] {processor.py:157} INFO - Started process (PID=60) to work on /home/airflow/.local/lib/python3.11/site-packages/airflow/example_dags/example_skip_dag.py
[2023-11-02T08:44:42.366+0000] {processor.py:829} INFO - Processing file /home/airflow/.local/lib/python3.11/site-packages/airflow/example_dags/example_skip_dag.py for tasks to queue
[2023-11-02T08:44:42.369+0000] {logging_mixin.py:151} INFO - [2023-11-02T08:44:42.368+0000] {dagbag.py:536} INFO - Filling up the DagBag from /home/airflow/.local/lib/python3.11/site-packages/airflow/example_dags/example_skip_dag.py
[2023-11-02T08:44:42.381+0000] {processor.py:839} INFO - DAG(s) dict_keys(['example_skip_dag']) retrieved from /home/airflow/.local/lib/python3.11/site-packages/airflow/example_dags/example_skip_dag.py
[2023-11-02T08:44:42.499+0000] {logging_mixin.py:151} INFO - [2023-11-02T08:44:42.499+0000] {manager.py:499} INFO - Created Permission View: %s
[2023-11-02T08:44:42.510+0000] {logging_mixin.py:151} INFO - [2023-11-02T08:44:42.510+0000] {manager.py:499} INFO - Created Permission View: %s
[2023-11-02T08:44:42.517+0000] {logging_mixin.py:151} INFO - [2023-11-02T08:44:42.517+0000] {manager.py:499} INFO - Created Permission View: %s
[2023-11-02T08:44:42.518+0000] {logging_mixin.py:151} INFO - [2023-11-02T08:44:42.517+0000] {dag.py:2941} INFO - Sync 1 DAGs
[2023-11-02T08:44:42.532+0000] {logging_mixin.py:151} INFO - [2023-11-02T08:44:42.531+0000] {dag.py:2963} INFO - Creating ORM DAG for example_skip_dag
[2023-11-02T08:44:42.546+0000] {logging_mixin.py:151} INFO - [2023-11-02T08:44:42.545+0000] {dag.py:3722} INFO - Setting next_dagrun for example_skip_dag to 2023-11-01T08:44:42.545785+00:00, run_after=2023-11-02T08:44:42.545785+00:00
[2023-11-02T08:44:42.565+0000] {processor.py:179} INFO - Processing /home/airflow/.local/lib/python3.11/site-packages/airflow/example_dags/example_skip_dag.py took 0.203 seconds
[2023-11-02T08:45:13.542+0000] {processor.py:157} INFO - Started process (PID=122) to work on /home/airflow/.local/lib/python3.11/site-packages/airflow/example_dags/example_skip_dag.py
[2023-11-02T08:45:13.547+0000] {processor.py:829} INFO - Processing file /home/airflow/.local/lib/python3.11/site-packages/airflow/example_dags/example_skip_dag.py for tasks to queue
[2023-11-02T08:45:13.549+0000] {logging_mixin.py:151} INFO - [2023-11-02T08:45:13.549+0000] {dagbag.py:536} INFO - Filling up the DagBag from /home/airflow/.local/lib/python3.11/site-packages/airflow/example_dags/example_skip_dag.py
[2023-11-02T08:45:13.557+0000] {processor.py:839} INFO - DAG(s) dict_keys(['example_skip_dag']) retrieved from /home/airflow/.local/lib/python3.11/site-packages/airflow/example_dags/example_skip_dag.py
[2023-11-02T08:45:13.575+0000] {logging_mixin.py:151} INFO - [2023-11-02T08:45:13.574+0000] {dag.py:2941} INFO - Sync 1 DAGs
[2023-11-02T08:45:13.595+0000] {logging_mixin.py:151} INFO - [2023-11-02T08:45:13.595+0000] {dag.py:3722} INFO - Setting next_dagrun for example_skip_dag to 2023-11-01T08:45:13.595235+00:00, run_after=2023-11-02T08:45:13.595235+00:00
[2023-11-02T08:45:13.614+0000] {processor.py:179} INFO - Processing /home/airflow/.local/lib/python3.11/site-packages/airflow/example_dags/example_skip_dag.py took 0.076 seconds
[2023-11-02T08:45:44.593+0000] {processor.py:157} INFO - Started process (PID=177) to work on /home/airflow/.local/lib/python3.11/site-packages/airflow/example_dags/example_skip_dag.py
[2023-11-02T08:45:44.598+0000] {processor.py:829} INFO - Processing file /home/airflow/.local/lib/python3.11/site-packages/airflow/example_dags/example_skip_dag.py for tasks to queue
[2023-11-02T08:45:44.601+0000] {logging_mixin.py:151} INFO - [2023-11-02T08:45:44.601+0000] {dagbag.py:536} INFO - Filling up the DagBag from /home/airflow/.local/lib/python3.11/site-packages/airflow/example_dags/example_skip_dag.py
[2023-11-02T08:45:44.610+0000] {processor.py:839} INFO - DAG(s) dict_keys(['example_skip_dag']) retrieved from /home/airflow/.local/lib/python3.11/site-packages/airflow/example_dags/example_skip_dag.py
[2023-11-02T08:45:44.628+0000] {logging_mixin.py:151} INFO - [2023-11-02T08:45:44.628+0000] {dag.py:2941} INFO - Sync 1 DAGs
[2023-11-02T08:45:44.649+0000] {logging_mixin.py:151} INFO - [2023-11-02T08:45:44.649+0000] {dag.py:3722} INFO - Setting next_dagrun for example_skip_dag to 2023-11-01T08:45:44.649390+00:00, run_after=2023-11-02T08:45:44.649390+00:00
[2023-11-02T08:45:44.660+0000] {processor.py:179} INFO - Processing /home/airflow/.local/lib/python3.11/site-packages/airflow/example_dags/example_skip_dag.py took 0.073 seconds
[2023-11-02T08:46:15.121+0000] {processor.py:157} INFO - Started process (PID=232) to work on /home/airflow/.local/lib/python3.11/site-packages/airflow/example_dags/example_skip_dag.py
[2023-11-02T08:46:15.124+0000] {processor.py:829} INFO - Processing file /home/airflow/.local/lib/python3.11/site-packages/airflow/example_dags/example_skip_dag.py for tasks to queue
[2023-11-02T08:46:15.130+0000] {logging_mixin.py:151} INFO - [2023-11-02T08:46:15.129+0000] {dagbag.py:536} INFO - Filling up the DagBag from /home/airflow/.local/lib/python3.11/site-packages/airflow/example_dags/example_skip_dag.py
[2023-11-02T08:46:15.143+0000] {processor.py:839} INFO - DAG(s) dict_keys(['example_skip_dag']) retrieved from /home/airflow/.local/lib/python3.11/site-packages/airflow/example_dags/example_skip_dag.py
[2023-11-02T08:46:15.163+0000] {logging_mixin.py:151} INFO - [2023-11-02T08:46:15.162+0000] {dag.py:2941} INFO - Sync 1 DAGs
[2023-11-02T08:46:15.180+0000] {logging_mixin.py:151} INFO - [2023-11-02T08:46:15.180+0000] {dag.py:3722} INFO - Setting next_dagrun for example_skip_dag to 2023-11-01T08:46:15.180010+00:00, run_after=2023-11-02T08:46:15.180010+00:00
[2023-11-02T08:46:15.195+0000] {processor.py:179} INFO - Processing /home/airflow/.local/lib/python3.11/site-packages/airflow/example_dags/example_skip_dag.py took 0.081 seconds
[2023-11-02T08:46:45.561+0000] {processor.py:157} INFO - Started process (PID=287) to work on /home/airflow/.local/lib/python3.11/site-packages/airflow/example_dags/example_skip_dag.py
[2023-11-02T08:46:45.563+0000] {processor.py:829} INFO - Processing file /home/airflow/.local/lib/python3.11/site-packages/airflow/example_dags/example_skip_dag.py for tasks to queue
[2023-11-02T08:46:45.570+0000] {logging_mixin.py:151} INFO - [2023-11-02T08:46:45.569+0000] {dagbag.py:536} INFO - Filling up the DagBag from /home/airflow/.local/lib/python3.11/site-packages/airflow/example_dags/example_skip_dag.py
[2023-11-02T08:46:45.583+0000] {processor.py:839} INFO - DAG(s) dict_keys(['example_skip_dag']) retrieved from /home/airflow/.local/lib/python3.11/site-packages/airflow/example_dags/example_skip_dag.py
[2023-11-02T08:46:45.603+0000] {logging_mixin.py:151} INFO - [2023-11-02T08:46:45.603+0000] {dag.py:2941} INFO - Sync 1 DAGs
[2023-11-02T08:46:45.618+0000] {logging_mixin.py:151} INFO - [2023-11-02T08:46:45.618+0000] {dag.py:3722} INFO - Setting next_dagrun for example_skip_dag to 2023-11-01T08:46:45.617948+00:00, run_after=2023-11-02T08:46:45.617948+00:00
[2023-11-02T08:46:45.630+0000] {processor.py:179} INFO - Processing /home/airflow/.local/lib/python3.11/site-packages/airflow/example_dags/example_skip_dag.py took 0.077 seconds
[2023-11-02T08:47:15.818+0000] {processor.py:157} INFO - Started process (PID=342) to work on /home/airflow/.local/lib/python3.11/site-packages/airflow/example_dags/example_skip_dag.py
[2023-11-02T08:47:15.819+0000] {processor.py:829} INFO - Processing file /home/airflow/.local/lib/python3.11/site-packages/airflow/example_dags/example_skip_dag.py for tasks to queue
[2023-11-02T08:47:15.823+0000] {logging_mixin.py:151} INFO - [2023-11-02T08:47:15.822+0000] {dagbag.py:536} INFO - Filling up the DagBag from /home/airflow/.local/lib/python3.11/site-packages/airflow/example_dags/example_skip_dag.py
[2023-11-02T08:47:15.830+0000] {processor.py:839} INFO - DAG(s) dict_keys(['example_skip_dag']) retrieved from /home/airflow/.local/lib/python3.11/site-packages/airflow/example_dags/example_skip_dag.py
[2023-11-02T08:47:15.847+0000] {logging_mixin.py:151} INFO - [2023-11-02T08:47:15.847+0000] {dag.py:2941} INFO - Sync 1 DAGs
[2023-11-02T08:47:15.862+0000] {logging_mixin.py:151} INFO - [2023-11-02T08:47:15.862+0000] {dag.py:3722} INFO - Setting next_dagrun for example_skip_dag to 2023-11-01T08:47:15.862551+00:00, run_after=2023-11-02T08:47:15.862551+00:00
[2023-11-02T08:47:15.873+0000] {processor.py:179} INFO - Processing /home/airflow/.local/lib/python3.11/site-packages/airflow/example_dags/example_skip_dag.py took 0.061 seconds
[2023-11-02T08:47:45.959+0000] {processor.py:157} INFO - Started process (PID=397) to work on /home/airflow/.local/lib/python3.11/site-packages/airflow/example_dags/example_skip_dag.py
[2023-11-02T08:47:45.962+0000] {processor.py:829} INFO - Processing file /home/airflow/.local/lib/python3.11/site-packages/airflow/example_dags/example_skip_dag.py for tasks to queue
[2023-11-02T08:47:45.964+0000] {logging_mixin.py:151} INFO - [2023-11-02T08:47:45.964+0000] {dagbag.py:536} INFO - Filling up the DagBag from /home/airflow/.local/lib/python3.11/site-packages/airflow/example_dags/example_skip_dag.py
[2023-11-02T08:47:45.972+0000] {processor.py:839} INFO - DAG(s) dict_keys(['example_skip_dag']) retrieved from /home/airflow/.local/lib/python3.11/site-packages/airflow/example_dags/example_skip_dag.py
[2023-11-02T08:47:45.988+0000] {logging_mixin.py:151} INFO - [2023-11-02T08:47:45.988+0000] {dag.py:2941} INFO - Sync 1 DAGs
[2023-11-02T08:47:46.006+0000] {logging_mixin.py:151} INFO - [2023-11-02T08:47:46.006+0000] {dag.py:3722} INFO - Setting next_dagrun for example_skip_dag to 2023-11-01T08:47:46.006533+00:00, run_after=2023-11-02T08:47:46.006533+00:00
[2023-11-02T08:47:46.017+0000] {processor.py:179} INFO - Processing /home/airflow/.local/lib/python3.11/site-packages/airflow/example_dags/example_skip_dag.py took 0.060 seconds
[2023-11-02T08:48:16.258+0000] {processor.py:157} INFO - Started process (PID=452) to work on /home/airflow/.local/lib/python3.11/site-packages/airflow/example_dags/example_skip_dag.py
[2023-11-02T08:48:16.258+0000] {processor.py:829} INFO - Processing file /home/airflow/.local/lib/python3.11/site-packages/airflow/example_dags/example_skip_dag.py for tasks to queue
[2023-11-02T08:48:16.261+0000] {logging_mixin.py:151} INFO - [2023-11-02T08:48:16.261+0000] {dagbag.py:536} INFO - Filling up the DagBag from /home/airflow/.local/lib/python3.11/site-packages/airflow/example_dags/example_skip_dag.py
[2023-11-02T08:48:16.267+0000] {processor.py:839} INFO - DAG(s) dict_keys(['example_skip_dag']) retrieved from /home/airflow/.local/lib/python3.11/site-packages/airflow/example_dags/example_skip_dag.py
[2023-11-02T08:48:16.287+0000] {logging_mixin.py:151} INFO - [2023-11-02T08:48:16.287+0000] {dag.py:2941} INFO - Sync 1 DAGs
[2023-11-02T08:48:16.301+0000] {logging_mixin.py:151} INFO - [2023-11-02T08:48:16.301+0000] {dag.py:3722} INFO - Setting next_dagrun for example_skip_dag to 2023-11-01T08:48:16.301400+00:00, run_after=2023-11-02T08:48:16.301400+00:00
[2023-11-02T08:48:16.312+0000] {processor.py:179} INFO - Processing /home/airflow/.local/lib/python3.11/site-packages/airflow/example_dags/example_skip_dag.py took 0.058 seconds
[2023-11-02T08:48:46.406+0000] {processor.py:157} INFO - Started process (PID=507) to work on /home/airflow/.local/lib/python3.11/site-packages/airflow/example_dags/example_skip_dag.py
[2023-11-02T08:48:46.407+0000] {processor.py:829} INFO - Processing file /home/airflow/.local/lib/python3.11/site-packages/airflow/example_dags/example_skip_dag.py for tasks to queue
[2023-11-02T08:48:46.409+0000] {logging_mixin.py:151} INFO - [2023-11-02T08:48:46.409+0000] {dagbag.py:536} INFO - Filling up the DagBag from /home/airflow/.local/lib/python3.11/site-packages/airflow/example_dags/example_skip_dag.py
[2023-11-02T08:48:46.415+0000] {processor.py:839} INFO - DAG(s) dict_keys(['example_skip_dag']) retrieved from /home/airflow/.local/lib/python3.11/site-packages/airflow/example_dags/example_skip_dag.py
[2023-11-02T08:48:46.429+0000] {logging_mixin.py:151} INFO - [2023-11-02T08:48:46.429+0000] {dag.py:2941} INFO - Sync 1 DAGs
[2023-11-02T08:48:46.443+0000] {logging_mixin.py:151} INFO - [2023-11-02T08:48:46.443+0000] {dag.py:3722} INFO - Setting next_dagrun for example_skip_dag to 2023-11-01T08:48:46.443394+00:00, run_after=2023-11-02T08:48:46.443394+00:00
[2023-11-02T08:48:46.454+0000] {processor.py:179} INFO - Processing /home/airflow/.local/lib/python3.11/site-packages/airflow/example_dags/example_skip_dag.py took 0.051 seconds
[2023-11-02T08:49:16.627+0000] {processor.py:157} INFO - Started process (PID=562) to work on /home/airflow/.local/lib/python3.11/site-packages/airflow/example_dags/example_skip_dag.py
[2023-11-02T08:49:16.628+0000] {processor.py:829} INFO - Processing file /home/airflow/.local/lib/python3.11/site-packages/airflow/example_dags/example_skip_dag.py for tasks to queue
[2023-11-02T08:49:16.630+0000] {logging_mixin.py:151} INFO - [2023-11-02T08:49:16.629+0000] {dagbag.py:536} INFO - Filling up the DagBag from /home/airflow/.local/lib/python3.11/site-packages/airflow/example_dags/example_skip_dag.py
[2023-11-02T08:49:16.635+0000] {processor.py:839} INFO - DAG(s) dict_keys(['example_skip_dag']) retrieved from /home/airflow/.local/lib/python3.11/site-packages/airflow/example_dags/example_skip_dag.py
[2023-11-02T08:49:16.648+0000] {logging_mixin.py:151} INFO - [2023-11-02T08:49:16.648+0000] {dag.py:2941} INFO - Sync 1 DAGs
[2023-11-02T08:49:16.662+0000] {logging_mixin.py:151} INFO - [2023-11-02T08:49:16.662+0000] {dag.py:3722} INFO - Setting next_dagrun for example_skip_dag to 2023-11-01T08:49:16.662139+00:00, run_after=2023-11-02T08:49:16.662139+00:00
[2023-11-02T08:49:16.672+0000] {processor.py:179} INFO - Processing /home/airflow/.local/lib/python3.11/site-packages/airflow/example_dags/example_skip_dag.py took 0.047 seconds
[2023-11-02T08:49:46.904+0000] {processor.py:157} INFO - Started process (PID=617) to work on /home/airflow/.local/lib/python3.11/site-packages/airflow/example_dags/example_skip_dag.py
[2023-11-02T08:49:46.905+0000] {processor.py:829} INFO - Processing file /home/airflow/.local/lib/python3.11/site-packages/airflow/example_dags/example_skip_dag.py for tasks to queue
[2023-11-02T08:49:46.907+0000] {logging_mixin.py:151} INFO - [2023-11-02T08:49:46.906+0000] {dagbag.py:536} INFO - Filling up the DagBag from /home/airflow/.local/lib/python3.11/site-packages/airflow/example_dags/example_skip_dag.py
[2023-11-02T08:49:46.911+0000] {processor.py:839} INFO - DAG(s) dict_keys(['example_skip_dag']) retrieved from /home/airflow/.local/lib/python3.11/site-packages/airflow/example_dags/example_skip_dag.py
[2023-11-02T08:49:46.925+0000] {logging_mixin.py:151} INFO - [2023-11-02T08:49:46.925+0000] {dag.py:2941} INFO - Sync 1 DAGs
[2023-11-02T08:49:46.939+0000] {logging_mixin.py:151} INFO - [2023-11-02T08:49:46.939+0000] {dag.py:3722} INFO - Setting next_dagrun for example_skip_dag to 2023-11-01T08:49:46.939487+00:00, run_after=2023-11-02T08:49:46.939487+00:00
[2023-11-02T08:49:46.950+0000] {processor.py:179} INFO - Processing /home/airflow/.local/lib/python3.11/site-packages/airflow/example_dags/example_skip_dag.py took 0.047 seconds
[2023-11-02T08:50:17.115+0000] {processor.py:157} INFO - Started process (PID=672) to work on /home/airflow/.local/lib/python3.11/site-packages/airflow/example_dags/example_skip_dag.py
[2023-11-02T08:50:17.117+0000] {processor.py:829} INFO - Processing file /home/airflow/.local/lib/python3.11/site-packages/airflow/example_dags/example_skip_dag.py for tasks to queue
[2023-11-02T08:50:17.119+0000] {logging_mixin.py:151} INFO - [2023-11-02T08:50:17.119+0000] {dagbag.py:536} INFO - Filling up the DagBag from /home/airflow/.local/lib/python3.11/site-packages/airflow/example_dags/example_skip_dag.py
[2023-11-02T08:50:17.126+0000] {processor.py:839} INFO - DAG(s) dict_keys(['example_skip_dag']) retrieved from /home/airflow/.local/lib/python3.11/site-packages/airflow/example_dags/example_skip_dag.py
[2023-11-02T08:50:17.140+0000] {logging_mixin.py:151} INFO - [2023-11-02T08:50:17.140+0000] {dag.py:2941} INFO - Sync 1 DAGs
[2023-11-02T08:50:17.157+0000] {logging_mixin.py:151} INFO - [2023-11-02T08:50:17.157+0000] {dag.py:3722} INFO - Setting next_dagrun for example_skip_dag to 2023-11-01T08:50:17.156975+00:00, run_after=2023-11-02T08:50:17.156975+00:00
[2023-11-02T08:50:17.169+0000] {processor.py:179} INFO - Processing /home/airflow/.local/lib/python3.11/site-packages/airflow/example_dags/example_skip_dag.py took 0.058 seconds
[2023-11-02T08:50:47.286+0000] {processor.py:157} INFO - Started process (PID=727) to work on /home/airflow/.local/lib/python3.11/site-packages/airflow/example_dags/example_skip_dag.py
[2023-11-02T08:50:47.289+0000] {processor.py:829} INFO - Processing file /home/airflow/.local/lib/python3.11/site-packages/airflow/example_dags/example_skip_dag.py for tasks to queue
[2023-11-02T08:50:47.291+0000] {logging_mixin.py:151} INFO - [2023-11-02T08:50:47.291+0000] {dagbag.py:536} INFO - Filling up the DagBag from /home/airflow/.local/lib/python3.11/site-packages/airflow/example_dags/example_skip_dag.py
[2023-11-02T08:50:47.297+0000] {processor.py:839} INFO - DAG(s) dict_keys(['example_skip_dag']) retrieved from /home/airflow/.local/lib/python3.11/site-packages/airflow/example_dags/example_skip_dag.py
[2023-11-02T08:50:47.312+0000] {logging_mixin.py:151} INFO - [2023-11-02T08:50:47.312+0000] {dag.py:2941} INFO - Sync 1 DAGs
[2023-11-02T08:50:47.326+0000] {logging_mixin.py:151} INFO - [2023-11-02T08:50:47.326+0000] {dag.py:3722} INFO - Setting next_dagrun for example_skip_dag to 2023-11-01T08:50:47.326124+00:00, run_after=2023-11-02T08:50:47.326124+00:00
[2023-11-02T08:50:47.336+0000] {processor.py:179} INFO - Processing /home/airflow/.local/lib/python3.11/site-packages/airflow/example_dags/example_skip_dag.py took 0.053 seconds
[2023-11-02T08:51:17.490+0000] {processor.py:157} INFO - Started process (PID=782) to work on /home/airflow/.local/lib/python3.11/site-packages/airflow/example_dags/example_skip_dag.py
[2023-11-02T08:51:17.491+0000] {processor.py:829} INFO - Processing file /home/airflow/.local/lib/python3.11/site-packages/airflow/example_dags/example_skip_dag.py for tasks to queue
[2023-11-02T08:51:17.493+0000] {logging_mixin.py:151} INFO - [2023-11-02T08:51:17.493+0000] {dagbag.py:536} INFO - Filling up the DagBag from /home/airflow/.local/lib/python3.11/site-packages/airflow/example_dags/example_skip_dag.py
[2023-11-02T08:51:17.498+0000] {processor.py:839} INFO - DAG(s) dict_keys(['example_skip_dag']) retrieved from /home/airflow/.local/lib/python3.11/site-packages/airflow/example_dags/example_skip_dag.py
[2023-11-02T08:51:17.514+0000] {logging_mixin.py:151} INFO - [2023-11-02T08:51:17.514+0000] {dag.py:2941} INFO - Sync 1 DAGs
[2023-11-02T08:51:17.531+0000] {logging_mixin.py:151} INFO - [2023-11-02T08:51:17.531+0000] {dag.py:3722} INFO - Setting next_dagrun for example_skip_dag to 2023-11-01T08:51:17.530899+00:00, run_after=2023-11-02T08:51:17.530899+00:00
[2023-11-02T08:51:17.543+0000] {processor.py:179} INFO - Processing /home/airflow/.local/lib/python3.11/site-packages/airflow/example_dags/example_skip_dag.py took 0.055 seconds
[2023-11-02T08:51:47.654+0000] {processor.py:157} INFO - Started process (PID=837) to work on /home/airflow/.local/lib/python3.11/site-packages/airflow/example_dags/example_skip_dag.py
[2023-11-02T08:51:47.655+0000] {processor.py:829} INFO - Processing file /home/airflow/.local/lib/python3.11/site-packages/airflow/example_dags/example_skip_dag.py for tasks to queue
[2023-11-02T08:51:47.657+0000] {logging_mixin.py:151} INFO - [2023-11-02T08:51:47.657+0000] {dagbag.py:536} INFO - Filling up the DagBag from /home/airflow/.local/lib/python3.11/site-packages/airflow/example_dags/example_skip_dag.py
[2023-11-02T08:51:47.664+0000] {processor.py:839} INFO - DAG(s) dict_keys(['example_skip_dag']) retrieved from /home/airflow/.local/lib/python3.11/site-packages/airflow/example_dags/example_skip_dag.py
[2023-11-02T08:51:47.679+0000] {logging_mixin.py:151} INFO - [2023-11-02T08:51:47.679+0000] {dag.py:2941} INFO - Sync 1 DAGs
[2023-11-02T08:51:47.693+0000] {logging_mixin.py:151} INFO - [2023-11-02T08:51:47.693+0000] {dag.py:3722} INFO - Setting next_dagrun for example_skip_dag to 2023-11-01T08:51:47.693405+00:00, run_after=2023-11-02T08:51:47.693405+00:00
[2023-11-02T08:51:47.708+0000] {processor.py:179} INFO - Processing /home/airflow/.local/lib/python3.11/site-packages/airflow/example_dags/example_skip_dag.py took 0.060 seconds
[2023-11-02T08:52:17.900+0000] {processor.py:157} INFO - Started process (PID=892) to work on /home/airflow/.local/lib/python3.11/site-packages/airflow/example_dags/example_skip_dag.py
[2023-11-02T08:52:17.904+0000] {processor.py:829} INFO - Processing file /home/airflow/.local/lib/python3.11/site-packages/airflow/example_dags/example_skip_dag.py for tasks to queue
[2023-11-02T08:52:17.906+0000] {logging_mixin.py:151} INFO - [2023-11-02T08:52:17.905+0000] {dagbag.py:536} INFO - Filling up the DagBag from /home/airflow/.local/lib/python3.11/site-packages/airflow/example_dags/example_skip_dag.py
[2023-11-02T08:52:17.911+0000] {processor.py:839} INFO - DAG(s) dict_keys(['example_skip_dag']) retrieved from /home/airflow/.local/lib/python3.11/site-packages/airflow/example_dags/example_skip_dag.py
[2023-11-02T08:52:17.929+0000] {logging_mixin.py:151} INFO - [2023-11-02T08:52:17.929+0000] {dag.py:2941} INFO - Sync 1 DAGs
[2023-11-02T08:52:17.946+0000] {logging_mixin.py:151} INFO - [2023-11-02T08:52:17.945+0000] {dag.py:3722} INFO - Setting next_dagrun for example_skip_dag to 2023-11-01T08:52:17.945615+00:00, run_after=2023-11-02T08:52:17.945615+00:00
[2023-11-02T08:52:17.958+0000] {processor.py:179} INFO - Processing /home/airflow/.local/lib/python3.11/site-packages/airflow/example_dags/example_skip_dag.py took 0.062 seconds
[2023-11-02T08:52:48.202+0000] {processor.py:157} INFO - Started process (PID=947) to work on /home/airflow/.local/lib/python3.11/site-packages/airflow/example_dags/example_skip_dag.py
[2023-11-02T08:52:48.208+0000] {processor.py:829} INFO - Processing file /home/airflow/.local/lib/python3.11/site-packages/airflow/example_dags/example_skip_dag.py for tasks to queue
[2023-11-02T08:52:48.210+0000] {logging_mixin.py:151} INFO - [2023-11-02T08:52:48.210+0000] {dagbag.py:536} INFO - Filling up the DagBag from /home/airflow/.local/lib/python3.11/site-packages/airflow/example_dags/example_skip_dag.py
[2023-11-02T08:52:48.219+0000] {processor.py:839} INFO - DAG(s) dict_keys(['example_skip_dag']) retrieved from /home/airflow/.local/lib/python3.11/site-packages/airflow/example_dags/example_skip_dag.py
[2023-11-02T08:52:48.242+0000] {logging_mixin.py:151} INFO - [2023-11-02T08:52:48.242+0000] {dag.py:2941} INFO - Sync 1 DAGs
[2023-11-02T08:52:48.267+0000] {logging_mixin.py:151} INFO - [2023-11-02T08:52:48.267+0000] {dag.py:3722} INFO - Setting next_dagrun for example_skip_dag to 2023-11-01T08:52:48.266945+00:00, run_after=2023-11-02T08:52:48.266945+00:00
[2023-11-02T08:52:48.287+0000] {processor.py:179} INFO - Processing /home/airflow/.local/lib/python3.11/site-packages/airflow/example_dags/example_skip_dag.py took 0.088 seconds
[2023-11-02T08:53:18.392+0000] {processor.py:157} INFO - Started process (PID=1002) to work on /home/airflow/.local/lib/python3.11/site-packages/airflow/example_dags/example_skip_dag.py
[2023-11-02T08:53:18.396+0000] {processor.py:829} INFO - Processing file /home/airflow/.local/lib/python3.11/site-packages/airflow/example_dags/example_skip_dag.py for tasks to queue
[2023-11-02T08:53:18.398+0000] {logging_mixin.py:151} INFO - [2023-11-02T08:53:18.397+0000] {dagbag.py:536} INFO - Filling up the DagBag from /home/airflow/.local/lib/python3.11/site-packages/airflow/example_dags/example_skip_dag.py
[2023-11-02T08:53:18.403+0000] {processor.py:839} INFO - DAG(s) dict_keys(['example_skip_dag']) retrieved from /home/airflow/.local/lib/python3.11/site-packages/airflow/example_dags/example_skip_dag.py
[2023-11-02T08:53:18.418+0000] {logging_mixin.py:151} INFO - [2023-11-02T08:53:18.417+0000] {dag.py:2941} INFO - Sync 1 DAGs
[2023-11-02T08:53:18.432+0000] {logging_mixin.py:151} INFO - [2023-11-02T08:53:18.432+0000] {dag.py:3722} INFO - Setting next_dagrun for example_skip_dag to 2023-11-01T08:53:18.432337+00:00, run_after=2023-11-02T08:53:18.432337+00:00
[2023-11-02T08:53:18.443+0000] {processor.py:179} INFO - Processing /home/airflow/.local/lib/python3.11/site-packages/airflow/example_dags/example_skip_dag.py took 0.054 seconds
[2023-11-02T08:53:48.620+0000] {processor.py:157} INFO - Started process (PID=1057) to work on /home/airflow/.local/lib/python3.11/site-packages/airflow/example_dags/example_skip_dag.py
[2023-11-02T08:53:48.620+0000] {processor.py:829} INFO - Processing file /home/airflow/.local/lib/python3.11/site-packages/airflow/example_dags/example_skip_dag.py for tasks to queue
[2023-11-02T08:53:48.622+0000] {logging_mixin.py:151} INFO - [2023-11-02T08:53:48.622+0000] {dagbag.py:536} INFO - Filling up the DagBag from /home/airflow/.local/lib/python3.11/site-packages/airflow/example_dags/example_skip_dag.py
[2023-11-02T08:53:48.627+0000] {processor.py:839} INFO - DAG(s) dict_keys(['example_skip_dag']) retrieved from /home/airflow/.local/lib/python3.11/site-packages/airflow/example_dags/example_skip_dag.py
[2023-11-02T08:53:48.640+0000] {logging_mixin.py:151} INFO - [2023-11-02T08:53:48.640+0000] {dag.py:2941} INFO - Sync 1 DAGs
[2023-11-02T08:53:48.654+0000] {logging_mixin.py:151} INFO - [2023-11-02T08:53:48.654+0000] {dag.py:3722} INFO - Setting next_dagrun for example_skip_dag to 2023-11-01T08:53:48.654224+00:00, run_after=2023-11-02T08:53:48.654224+00:00
[2023-11-02T08:53:48.665+0000] {processor.py:179} INFO - Processing /home/airflow/.local/lib/python3.11/site-packages/airflow/example_dags/example_skip_dag.py took 0.048 seconds
[2023-11-02T08:54:19.238+0000] {processor.py:157} INFO - Started process (PID=1112) to work on /home/airflow/.local/lib/python3.11/site-packages/airflow/example_dags/example_skip_dag.py
[2023-11-02T08:54:19.240+0000] {processor.py:829} INFO - Processing file /home/airflow/.local/lib/python3.11/site-packages/airflow/example_dags/example_skip_dag.py for tasks to queue
[2023-11-02T08:54:19.242+0000] {logging_mixin.py:151} INFO - [2023-11-02T08:54:19.242+0000] {dagbag.py:536} INFO - Filling up the DagBag from /home/airflow/.local/lib/python3.11/site-packages/airflow/example_dags/example_skip_dag.py
[2023-11-02T08:54:19.247+0000] {processor.py:839} INFO - DAG(s) dict_keys(['example_skip_dag']) retrieved from /home/airflow/.local/lib/python3.11/site-packages/airflow/example_dags/example_skip_dag.py
[2023-11-02T08:54:19.261+0000] {logging_mixin.py:151} INFO - [2023-11-02T08:54:19.261+0000] {dag.py:2941} INFO - Sync 1 DAGs
[2023-11-02T08:54:19.275+0000] {logging_mixin.py:151} INFO - [2023-11-02T08:54:19.275+0000] {dag.py:3722} INFO - Setting next_dagrun for example_skip_dag to 2023-11-01T08:54:19.275141+00:00, run_after=2023-11-02T08:54:19.275141+00:00
[2023-11-02T08:54:19.286+0000] {processor.py:179} INFO - Processing /home/airflow/.local/lib/python3.11/site-packages/airflow/example_dags/example_skip_dag.py took 0.050 seconds
[2023-11-02T08:54:49.906+0000] {processor.py:157} INFO - Started process (PID=1167) to work on /home/airflow/.local/lib/python3.11/site-packages/airflow/example_dags/example_skip_dag.py
[2023-11-02T08:54:49.910+0000] {processor.py:829} INFO - Processing file /home/airflow/.local/lib/python3.11/site-packages/airflow/example_dags/example_skip_dag.py for tasks to queue
[2023-11-02T08:54:49.917+0000] {logging_mixin.py:151} INFO - [2023-11-02T08:54:49.916+0000] {dagbag.py:536} INFO - Filling up the DagBag from /home/airflow/.local/lib/python3.11/site-packages/airflow/example_dags/example_skip_dag.py
[2023-11-02T08:54:49.947+0000] {processor.py:839} INFO - DAG(s) dict_keys(['example_skip_dag']) retrieved from /home/airflow/.local/lib/python3.11/site-packages/airflow/example_dags/example_skip_dag.py
[2023-11-02T08:54:50.009+0000] {logging_mixin.py:151} INFO - [2023-11-02T08:54:50.008+0000] {dag.py:2941} INFO - Sync 1 DAGs
[2023-11-02T08:54:50.066+0000] {logging_mixin.py:151} INFO - [2023-11-02T08:54:50.065+0000] {dag.py:3722} INFO - Setting next_dagrun for example_skip_dag to 2023-11-01T08:54:50.064350+00:00, run_after=2023-11-02T08:54:50.064350+00:00
[2023-11-02T08:54:50.121+0000] {processor.py:179} INFO - Processing /home/airflow/.local/lib/python3.11/site-packages/airflow/example_dags/example_skip_dag.py took 0.223 seconds
