[2023-11-02T08:44:42.082+0000] {processor.py:157} INFO - Started process (PID=57) to work on /home/airflow/.local/lib/python3.11/site-packages/airflow/example_dags/example_setup_teardown_taskflow.py
[2023-11-02T08:44:42.083+0000] {processor.py:829} INFO - Processing file /home/airflow/.local/lib/python3.11/site-packages/airflow/example_dags/example_setup_teardown_taskflow.py for tasks to queue
[2023-11-02T08:44:42.086+0000] {logging_mixin.py:151} INFO - [2023-11-02T08:44:42.085+0000] {dagbag.py:536} INFO - Filling up the DagBag from /home/airflow/.local/lib/python3.11/site-packages/airflow/example_dags/example_setup_teardown_taskflow.py
[2023-11-02T08:44:42.102+0000] {processor.py:839} INFO - DAG(s) dict_keys(['example_setup_teardown_taskflow']) retrieved from /home/airflow/.local/lib/python3.11/site-packages/airflow/example_dags/example_setup_teardown_taskflow.py
[2023-11-02T08:44:42.236+0000] {logging_mixin.py:151} INFO - [2023-11-02T08:44:42.236+0000] {manager.py:499} INFO - Created Permission View: %s
[2023-11-02T08:44:42.249+0000] {logging_mixin.py:151} INFO - [2023-11-02T08:44:42.249+0000] {manager.py:499} INFO - Created Permission View: %s
[2023-11-02T08:44:42.257+0000] {logging_mixin.py:151} INFO - [2023-11-02T08:44:42.257+0000] {manager.py:499} INFO - Created Permission View: %s
[2023-11-02T08:44:42.258+0000] {logging_mixin.py:151} INFO - [2023-11-02T08:44:42.257+0000] {dag.py:2941} INFO - Sync 1 DAGs
[2023-11-02T08:44:42.271+0000] {logging_mixin.py:151} INFO - [2023-11-02T08:44:42.271+0000] {dag.py:2963} INFO - Creating ORM DAG for example_setup_teardown_taskflow
[2023-11-02T08:44:42.284+0000] {logging_mixin.py:151} INFO - [2023-11-02T08:44:42.284+0000] {dag.py:3722} INFO - Setting next_dagrun for example_setup_teardown_taskflow to 2023-11-01T08:44:42.284300+00:00, run_after=2023-11-02T08:44:42.284300+00:00
[2023-11-02T08:44:42.303+0000] {processor.py:179} INFO - Processing /home/airflow/.local/lib/python3.11/site-packages/airflow/example_dags/example_setup_teardown_taskflow.py took 0.224 seconds
[2023-11-02T08:45:13.293+0000] {processor.py:157} INFO - Started process (PID=112) to work on /home/airflow/.local/lib/python3.11/site-packages/airflow/example_dags/example_setup_teardown_taskflow.py
[2023-11-02T08:45:13.295+0000] {processor.py:829} INFO - Processing file /home/airflow/.local/lib/python3.11/site-packages/airflow/example_dags/example_setup_teardown_taskflow.py for tasks to queue
[2023-11-02T08:45:13.299+0000] {logging_mixin.py:151} INFO - [2023-11-02T08:45:13.298+0000] {dagbag.py:536} INFO - Filling up the DagBag from /home/airflow/.local/lib/python3.11/site-packages/airflow/example_dags/example_setup_teardown_taskflow.py
[2023-11-02T08:45:13.317+0000] {processor.py:839} INFO - DAG(s) dict_keys(['example_setup_teardown_taskflow']) retrieved from /home/airflow/.local/lib/python3.11/site-packages/airflow/example_dags/example_setup_teardown_taskflow.py
[2023-11-02T08:45:13.353+0000] {logging_mixin.py:151} INFO - [2023-11-02T08:45:13.353+0000] {dag.py:2941} INFO - Sync 1 DAGs
[2023-11-02T08:45:13.380+0000] {logging_mixin.py:151} INFO - [2023-11-02T08:45:13.380+0000] {dag.py:3722} INFO - Setting next_dagrun for example_setup_teardown_taskflow to 2023-11-01T08:45:13.379881+00:00, run_after=2023-11-02T08:45:13.379881+00:00
[2023-11-02T08:45:13.406+0000] {processor.py:179} INFO - Processing /home/airflow/.local/lib/python3.11/site-packages/airflow/example_dags/example_setup_teardown_taskflow.py took 0.122 seconds
[2023-11-02T08:45:43.456+0000] {processor.py:157} INFO - Started process (PID=167) to work on /home/airflow/.local/lib/python3.11/site-packages/airflow/example_dags/example_setup_teardown_taskflow.py
[2023-11-02T08:45:43.457+0000] {processor.py:829} INFO - Processing file /home/airflow/.local/lib/python3.11/site-packages/airflow/example_dags/example_setup_teardown_taskflow.py for tasks to queue
[2023-11-02T08:45:43.460+0000] {logging_mixin.py:151} INFO - [2023-11-02T08:45:43.459+0000] {dagbag.py:536} INFO - Filling up the DagBag from /home/airflow/.local/lib/python3.11/site-packages/airflow/example_dags/example_setup_teardown_taskflow.py
[2023-11-02T08:45:43.476+0000] {processor.py:839} INFO - DAG(s) dict_keys(['example_setup_teardown_taskflow']) retrieved from /home/airflow/.local/lib/python3.11/site-packages/airflow/example_dags/example_setup_teardown_taskflow.py
[2023-11-02T08:45:43.498+0000] {logging_mixin.py:151} INFO - [2023-11-02T08:45:43.498+0000] {dag.py:2941} INFO - Sync 1 DAGs
[2023-11-02T08:45:43.517+0000] {logging_mixin.py:151} INFO - [2023-11-02T08:45:43.517+0000] {dag.py:3722} INFO - Setting next_dagrun for example_setup_teardown_taskflow to 2023-11-01T08:45:43.517308+00:00, run_after=2023-11-02T08:45:43.517308+00:00
[2023-11-02T08:45:43.535+0000] {processor.py:179} INFO - Processing /home/airflow/.local/lib/python3.11/site-packages/airflow/example_dags/example_setup_teardown_taskflow.py took 0.082 seconds
[2023-11-02T08:46:14.003+0000] {processor.py:157} INFO - Started process (PID=229) to work on /home/airflow/.local/lib/python3.11/site-packages/airflow/example_dags/example_setup_teardown_taskflow.py
[2023-11-02T08:46:14.007+0000] {processor.py:829} INFO - Processing file /home/airflow/.local/lib/python3.11/site-packages/airflow/example_dags/example_setup_teardown_taskflow.py for tasks to queue
[2023-11-02T08:46:14.013+0000] {logging_mixin.py:151} INFO - [2023-11-02T08:46:14.013+0000] {dagbag.py:536} INFO - Filling up the DagBag from /home/airflow/.local/lib/python3.11/site-packages/airflow/example_dags/example_setup_teardown_taskflow.py
[2023-11-02T08:46:14.026+0000] {processor.py:839} INFO - DAG(s) dict_keys(['example_setup_teardown_taskflow']) retrieved from /home/airflow/.local/lib/python3.11/site-packages/airflow/example_dags/example_setup_teardown_taskflow.py
[2023-11-02T08:46:14.043+0000] {logging_mixin.py:151} INFO - [2023-11-02T08:46:14.043+0000] {dag.py:2941} INFO - Sync 1 DAGs
[2023-11-02T08:46:14.060+0000] {logging_mixin.py:151} INFO - [2023-11-02T08:46:14.060+0000] {dag.py:3722} INFO - Setting next_dagrun for example_setup_teardown_taskflow to 2023-11-01T08:46:14.060525+00:00, run_after=2023-11-02T08:46:14.060525+00:00
[2023-11-02T08:46:14.073+0000] {processor.py:179} INFO - Processing /home/airflow/.local/lib/python3.11/site-packages/airflow/example_dags/example_setup_teardown_taskflow.py took 0.080 seconds
[2023-11-02T08:46:44.447+0000] {processor.py:157} INFO - Started process (PID=284) to work on /home/airflow/.local/lib/python3.11/site-packages/airflow/example_dags/example_setup_teardown_taskflow.py
[2023-11-02T08:46:44.452+0000] {processor.py:829} INFO - Processing file /home/airflow/.local/lib/python3.11/site-packages/airflow/example_dags/example_setup_teardown_taskflow.py for tasks to queue
[2023-11-02T08:46:44.456+0000] {logging_mixin.py:151} INFO - [2023-11-02T08:46:44.456+0000] {dagbag.py:536} INFO - Filling up the DagBag from /home/airflow/.local/lib/python3.11/site-packages/airflow/example_dags/example_setup_teardown_taskflow.py
[2023-11-02T08:46:44.468+0000] {processor.py:839} INFO - DAG(s) dict_keys(['example_setup_teardown_taskflow']) retrieved from /home/airflow/.local/lib/python3.11/site-packages/airflow/example_dags/example_setup_teardown_taskflow.py
[2023-11-02T08:46:44.485+0000] {logging_mixin.py:151} INFO - [2023-11-02T08:46:44.485+0000] {dag.py:2941} INFO - Sync 1 DAGs
[2023-11-02T08:46:44.502+0000] {logging_mixin.py:151} INFO - [2023-11-02T08:46:44.502+0000] {dag.py:3722} INFO - Setting next_dagrun for example_setup_teardown_taskflow to 2023-11-01T08:46:44.501926+00:00, run_after=2023-11-02T08:46:44.501926+00:00
[2023-11-02T08:46:44.513+0000] {processor.py:179} INFO - Processing /home/airflow/.local/lib/python3.11/site-packages/airflow/example_dags/example_setup_teardown_taskflow.py took 0.072 seconds
[2023-11-02T08:47:14.697+0000] {processor.py:157} INFO - Started process (PID=339) to work on /home/airflow/.local/lib/python3.11/site-packages/airflow/example_dags/example_setup_teardown_taskflow.py
[2023-11-02T08:47:14.700+0000] {processor.py:829} INFO - Processing file /home/airflow/.local/lib/python3.11/site-packages/airflow/example_dags/example_setup_teardown_taskflow.py for tasks to queue
[2023-11-02T08:47:14.704+0000] {logging_mixin.py:151} INFO - [2023-11-02T08:47:14.704+0000] {dagbag.py:536} INFO - Filling up the DagBag from /home/airflow/.local/lib/python3.11/site-packages/airflow/example_dags/example_setup_teardown_taskflow.py
[2023-11-02T08:47:14.718+0000] {processor.py:839} INFO - DAG(s) dict_keys(['example_setup_teardown_taskflow']) retrieved from /home/airflow/.local/lib/python3.11/site-packages/airflow/example_dags/example_setup_teardown_taskflow.py
[2023-11-02T08:47:14.743+0000] {logging_mixin.py:151} INFO - [2023-11-02T08:47:14.743+0000] {dag.py:2941} INFO - Sync 1 DAGs
[2023-11-02T08:47:14.762+0000] {logging_mixin.py:151} INFO - [2023-11-02T08:47:14.762+0000] {dag.py:3722} INFO - Setting next_dagrun for example_setup_teardown_taskflow to 2023-11-01T08:47:14.762558+00:00, run_after=2023-11-02T08:47:14.762558+00:00
[2023-11-02T08:47:14.782+0000] {processor.py:179} INFO - Processing /home/airflow/.local/lib/python3.11/site-packages/airflow/example_dags/example_setup_teardown_taskflow.py took 0.094 seconds
[2023-11-02T08:47:45.793+0000] {processor.py:157} INFO - Started process (PID=394) to work on /home/airflow/.local/lib/python3.11/site-packages/airflow/example_dags/example_setup_teardown_taskflow.py
[2023-11-02T08:47:45.796+0000] {processor.py:829} INFO - Processing file /home/airflow/.local/lib/python3.11/site-packages/airflow/example_dags/example_setup_teardown_taskflow.py for tasks to queue
[2023-11-02T08:47:45.801+0000] {logging_mixin.py:151} INFO - [2023-11-02T08:47:45.801+0000] {dagbag.py:536} INFO - Filling up the DagBag from /home/airflow/.local/lib/python3.11/site-packages/airflow/example_dags/example_setup_teardown_taskflow.py
[2023-11-02T08:47:45.816+0000] {processor.py:839} INFO - DAG(s) dict_keys(['example_setup_teardown_taskflow']) retrieved from /home/airflow/.local/lib/python3.11/site-packages/airflow/example_dags/example_setup_teardown_taskflow.py
[2023-11-02T08:47:45.837+0000] {logging_mixin.py:151} INFO - [2023-11-02T08:47:45.837+0000] {dag.py:2941} INFO - Sync 1 DAGs
[2023-11-02T08:47:45.857+0000] {logging_mixin.py:151} INFO - [2023-11-02T08:47:45.857+0000] {dag.py:3722} INFO - Setting next_dagrun for example_setup_teardown_taskflow to 2023-11-01T08:47:45.857039+00:00, run_after=2023-11-02T08:47:45.857039+00:00
[2023-11-02T08:47:45.873+0000] {processor.py:179} INFO - Processing /home/airflow/.local/lib/python3.11/site-packages/airflow/example_dags/example_setup_teardown_taskflow.py took 0.088 seconds
[2023-11-02T08:48:16.109+0000] {processor.py:157} INFO - Started process (PID=449) to work on /home/airflow/.local/lib/python3.11/site-packages/airflow/example_dags/example_setup_teardown_taskflow.py
[2023-11-02T08:48:16.112+0000] {processor.py:829} INFO - Processing file /home/airflow/.local/lib/python3.11/site-packages/airflow/example_dags/example_setup_teardown_taskflow.py for tasks to queue
[2023-11-02T08:48:16.118+0000] {logging_mixin.py:151} INFO - [2023-11-02T08:48:16.118+0000] {dagbag.py:536} INFO - Filling up the DagBag from /home/airflow/.local/lib/python3.11/site-packages/airflow/example_dags/example_setup_teardown_taskflow.py
[2023-11-02T08:48:16.133+0000] {processor.py:839} INFO - DAG(s) dict_keys(['example_setup_teardown_taskflow']) retrieved from /home/airflow/.local/lib/python3.11/site-packages/airflow/example_dags/example_setup_teardown_taskflow.py
[2023-11-02T08:48:16.152+0000] {logging_mixin.py:151} INFO - [2023-11-02T08:48:16.151+0000] {dag.py:2941} INFO - Sync 1 DAGs
[2023-11-02T08:48:16.168+0000] {logging_mixin.py:151} INFO - [2023-11-02T08:48:16.168+0000] {dag.py:3722} INFO - Setting next_dagrun for example_setup_teardown_taskflow to 2023-11-01T08:48:16.168358+00:00, run_after=2023-11-02T08:48:16.168358+00:00
[2023-11-02T08:48:16.182+0000] {processor.py:179} INFO - Processing /home/airflow/.local/lib/python3.11/site-packages/airflow/example_dags/example_setup_teardown_taskflow.py took 0.079 seconds
[2023-11-02T08:48:46.319+0000] {processor.py:157} INFO - Started process (PID=504) to work on /home/airflow/.local/lib/python3.11/site-packages/airflow/example_dags/example_setup_teardown_taskflow.py
[2023-11-02T08:48:46.321+0000] {processor.py:829} INFO - Processing file /home/airflow/.local/lib/python3.11/site-packages/airflow/example_dags/example_setup_teardown_taskflow.py for tasks to queue
[2023-11-02T08:48:46.329+0000] {logging_mixin.py:151} INFO - [2023-11-02T08:48:46.329+0000] {dagbag.py:536} INFO - Filling up the DagBag from /home/airflow/.local/lib/python3.11/site-packages/airflow/example_dags/example_setup_teardown_taskflow.py
[2023-11-02T08:48:46.341+0000] {processor.py:839} INFO - DAG(s) dict_keys(['example_setup_teardown_taskflow']) retrieved from /home/airflow/.local/lib/python3.11/site-packages/airflow/example_dags/example_setup_teardown_taskflow.py
[2023-11-02T08:48:46.359+0000] {logging_mixin.py:151} INFO - [2023-11-02T08:48:46.358+0000] {dag.py:2941} INFO - Sync 1 DAGs
[2023-11-02T08:48:46.374+0000] {logging_mixin.py:151} INFO - [2023-11-02T08:48:46.374+0000] {dag.py:3722} INFO - Setting next_dagrun for example_setup_teardown_taskflow to 2023-11-01T08:48:46.374025+00:00, run_after=2023-11-02T08:48:46.374025+00:00
[2023-11-02T08:48:46.386+0000] {processor.py:179} INFO - Processing /home/airflow/.local/lib/python3.11/site-packages/airflow/example_dags/example_setup_teardown_taskflow.py took 0.074 seconds
[2023-11-02T08:49:16.485+0000] {processor.py:157} INFO - Started process (PID=559) to work on /home/airflow/.local/lib/python3.11/site-packages/airflow/example_dags/example_setup_teardown_taskflow.py
[2023-11-02T08:49:16.488+0000] {processor.py:829} INFO - Processing file /home/airflow/.local/lib/python3.11/site-packages/airflow/example_dags/example_setup_teardown_taskflow.py for tasks to queue
[2023-11-02T08:49:16.494+0000] {logging_mixin.py:151} INFO - [2023-11-02T08:49:16.494+0000] {dagbag.py:536} INFO - Filling up the DagBag from /home/airflow/.local/lib/python3.11/site-packages/airflow/example_dags/example_setup_teardown_taskflow.py
[2023-11-02T08:49:16.508+0000] {processor.py:839} INFO - DAG(s) dict_keys(['example_setup_teardown_taskflow']) retrieved from /home/airflow/.local/lib/python3.11/site-packages/airflow/example_dags/example_setup_teardown_taskflow.py
[2023-11-02T08:49:16.526+0000] {logging_mixin.py:151} INFO - [2023-11-02T08:49:16.526+0000] {dag.py:2941} INFO - Sync 1 DAGs
[2023-11-02T08:49:16.542+0000] {logging_mixin.py:151} INFO - [2023-11-02T08:49:16.542+0000] {dag.py:3722} INFO - Setting next_dagrun for example_setup_teardown_taskflow to 2023-11-01T08:49:16.542282+00:00, run_after=2023-11-02T08:49:16.542282+00:00
[2023-11-02T08:49:16.554+0000] {processor.py:179} INFO - Processing /home/airflow/.local/lib/python3.11/site-packages/airflow/example_dags/example_setup_teardown_taskflow.py took 0.076 seconds
[2023-11-02T08:49:46.748+0000] {processor.py:157} INFO - Started process (PID=614) to work on /home/airflow/.local/lib/python3.11/site-packages/airflow/example_dags/example_setup_teardown_taskflow.py
[2023-11-02T08:49:46.750+0000] {processor.py:829} INFO - Processing file /home/airflow/.local/lib/python3.11/site-packages/airflow/example_dags/example_setup_teardown_taskflow.py for tasks to queue
[2023-11-02T08:49:46.756+0000] {logging_mixin.py:151} INFO - [2023-11-02T08:49:46.755+0000] {dagbag.py:536} INFO - Filling up the DagBag from /home/airflow/.local/lib/python3.11/site-packages/airflow/example_dags/example_setup_teardown_taskflow.py
[2023-11-02T08:49:46.773+0000] {processor.py:839} INFO - DAG(s) dict_keys(['example_setup_teardown_taskflow']) retrieved from /home/airflow/.local/lib/python3.11/site-packages/airflow/example_dags/example_setup_teardown_taskflow.py
[2023-11-02T08:49:46.795+0000] {logging_mixin.py:151} INFO - [2023-11-02T08:49:46.795+0000] {dag.py:2941} INFO - Sync 1 DAGs
[2023-11-02T08:49:46.815+0000] {logging_mixin.py:151} INFO - [2023-11-02T08:49:46.815+0000] {dag.py:3722} INFO - Setting next_dagrun for example_setup_teardown_taskflow to 2023-11-01T08:49:46.814821+00:00, run_after=2023-11-02T08:49:46.814821+00:00
[2023-11-02T08:49:46.829+0000] {processor.py:179} INFO - Processing /home/airflow/.local/lib/python3.11/site-packages/airflow/example_dags/example_setup_teardown_taskflow.py took 0.091 seconds
[2023-11-02T08:50:16.960+0000] {processor.py:157} INFO - Started process (PID=669) to work on /home/airflow/.local/lib/python3.11/site-packages/airflow/example_dags/example_setup_teardown_taskflow.py
[2023-11-02T08:50:16.962+0000] {processor.py:829} INFO - Processing file /home/airflow/.local/lib/python3.11/site-packages/airflow/example_dags/example_setup_teardown_taskflow.py for tasks to queue
[2023-11-02T08:50:16.967+0000] {logging_mixin.py:151} INFO - [2023-11-02T08:50:16.967+0000] {dagbag.py:536} INFO - Filling up the DagBag from /home/airflow/.local/lib/python3.11/site-packages/airflow/example_dags/example_setup_teardown_taskflow.py
[2023-11-02T08:50:16.982+0000] {processor.py:839} INFO - DAG(s) dict_keys(['example_setup_teardown_taskflow']) retrieved from /home/airflow/.local/lib/python3.11/site-packages/airflow/example_dags/example_setup_teardown_taskflow.py
[2023-11-02T08:50:17.003+0000] {logging_mixin.py:151} INFO - [2023-11-02T08:50:17.003+0000] {dag.py:2941} INFO - Sync 1 DAGs
[2023-11-02T08:50:17.022+0000] {logging_mixin.py:151} INFO - [2023-11-02T08:50:17.022+0000] {dag.py:3722} INFO - Setting next_dagrun for example_setup_teardown_taskflow to 2023-11-01T08:50:17.022469+00:00, run_after=2023-11-02T08:50:17.022469+00:00
[2023-11-02T08:50:17.039+0000] {processor.py:179} INFO - Processing /home/airflow/.local/lib/python3.11/site-packages/airflow/example_dags/example_setup_teardown_taskflow.py took 0.087 seconds
[2023-11-02T08:50:47.133+0000] {processor.py:157} INFO - Started process (PID=724) to work on /home/airflow/.local/lib/python3.11/site-packages/airflow/example_dags/example_setup_teardown_taskflow.py
[2023-11-02T08:50:47.142+0000] {processor.py:829} INFO - Processing file /home/airflow/.local/lib/python3.11/site-packages/airflow/example_dags/example_setup_teardown_taskflow.py for tasks to queue
[2023-11-02T08:50:47.145+0000] {logging_mixin.py:151} INFO - [2023-11-02T08:50:47.145+0000] {dagbag.py:536} INFO - Filling up the DagBag from /home/airflow/.local/lib/python3.11/site-packages/airflow/example_dags/example_setup_teardown_taskflow.py
[2023-11-02T08:50:47.162+0000] {processor.py:839} INFO - DAG(s) dict_keys(['example_setup_teardown_taskflow']) retrieved from /home/airflow/.local/lib/python3.11/site-packages/airflow/example_dags/example_setup_teardown_taskflow.py
[2023-11-02T08:50:47.177+0000] {logging_mixin.py:151} INFO - [2023-11-02T08:50:47.177+0000] {dag.py:2941} INFO - Sync 1 DAGs
[2023-11-02T08:50:47.193+0000] {logging_mixin.py:151} INFO - [2023-11-02T08:50:47.193+0000] {dag.py:3722} INFO - Setting next_dagrun for example_setup_teardown_taskflow to 2023-11-01T08:50:47.192925+00:00, run_after=2023-11-02T08:50:47.192925+00:00
[2023-11-02T08:50:47.204+0000] {processor.py:179} INFO - Processing /home/airflow/.local/lib/python3.11/site-packages/airflow/example_dags/example_setup_teardown_taskflow.py took 0.077 seconds
[2023-11-02T08:51:17.335+0000] {processor.py:157} INFO - Started process (PID=779) to work on /home/airflow/.local/lib/python3.11/site-packages/airflow/example_dags/example_setup_teardown_taskflow.py
[2023-11-02T08:51:17.341+0000] {processor.py:829} INFO - Processing file /home/airflow/.local/lib/python3.11/site-packages/airflow/example_dags/example_setup_teardown_taskflow.py for tasks to queue
[2023-11-02T08:51:17.347+0000] {logging_mixin.py:151} INFO - [2023-11-02T08:51:17.346+0000] {dagbag.py:536} INFO - Filling up the DagBag from /home/airflow/.local/lib/python3.11/site-packages/airflow/example_dags/example_setup_teardown_taskflow.py
[2023-11-02T08:51:17.360+0000] {processor.py:839} INFO - DAG(s) dict_keys(['example_setup_teardown_taskflow']) retrieved from /home/airflow/.local/lib/python3.11/site-packages/airflow/example_dags/example_setup_teardown_taskflow.py
[2023-11-02T08:51:17.381+0000] {logging_mixin.py:151} INFO - [2023-11-02T08:51:17.380+0000] {dag.py:2941} INFO - Sync 1 DAGs
[2023-11-02T08:51:17.400+0000] {logging_mixin.py:151} INFO - [2023-11-02T08:51:17.399+0000] {dag.py:3722} INFO - Setting next_dagrun for example_setup_teardown_taskflow to 2023-11-01T08:51:17.399542+00:00, run_after=2023-11-02T08:51:17.399542+00:00
[2023-11-02T08:51:17.413+0000] {processor.py:179} INFO - Processing /home/airflow/.local/lib/python3.11/site-packages/airflow/example_dags/example_setup_teardown_taskflow.py took 0.086 seconds
[2023-11-02T08:51:47.457+0000] {processor.py:157} INFO - Started process (PID=834) to work on /home/airflow/.local/lib/python3.11/site-packages/airflow/example_dags/example_setup_teardown_taskflow.py
[2023-11-02T08:51:47.462+0000] {processor.py:829} INFO - Processing file /home/airflow/.local/lib/python3.11/site-packages/airflow/example_dags/example_setup_teardown_taskflow.py for tasks to queue
[2023-11-02T08:51:47.467+0000] {logging_mixin.py:151} INFO - [2023-11-02T08:51:47.467+0000] {dagbag.py:536} INFO - Filling up the DagBag from /home/airflow/.local/lib/python3.11/site-packages/airflow/example_dags/example_setup_teardown_taskflow.py
[2023-11-02T08:51:47.483+0000] {processor.py:839} INFO - DAG(s) dict_keys(['example_setup_teardown_taskflow']) retrieved from /home/airflow/.local/lib/python3.11/site-packages/airflow/example_dags/example_setup_teardown_taskflow.py
[2023-11-02T08:51:47.509+0000] {logging_mixin.py:151} INFO - [2023-11-02T08:51:47.509+0000] {dag.py:2941} INFO - Sync 1 DAGs
[2023-11-02T08:51:47.531+0000] {logging_mixin.py:151} INFO - [2023-11-02T08:51:47.531+0000] {dag.py:3722} INFO - Setting next_dagrun for example_setup_teardown_taskflow to 2023-11-01T08:51:47.531160+00:00, run_after=2023-11-02T08:51:47.531160+00:00
[2023-11-02T08:51:47.545+0000] {processor.py:179} INFO - Processing /home/airflow/.local/lib/python3.11/site-packages/airflow/example_dags/example_setup_teardown_taskflow.py took 0.094 seconds
[2023-11-02T08:52:17.707+0000] {processor.py:157} INFO - Started process (PID=889) to work on /home/airflow/.local/lib/python3.11/site-packages/airflow/example_dags/example_setup_teardown_taskflow.py
[2023-11-02T08:52:17.710+0000] {processor.py:829} INFO - Processing file /home/airflow/.local/lib/python3.11/site-packages/airflow/example_dags/example_setup_teardown_taskflow.py for tasks to queue
[2023-11-02T08:52:17.715+0000] {logging_mixin.py:151} INFO - [2023-11-02T08:52:17.714+0000] {dagbag.py:536} INFO - Filling up the DagBag from /home/airflow/.local/lib/python3.11/site-packages/airflow/example_dags/example_setup_teardown_taskflow.py
[2023-11-02T08:52:17.730+0000] {processor.py:839} INFO - DAG(s) dict_keys(['example_setup_teardown_taskflow']) retrieved from /home/airflow/.local/lib/python3.11/site-packages/airflow/example_dags/example_setup_teardown_taskflow.py
[2023-11-02T08:52:17.760+0000] {logging_mixin.py:151} INFO - [2023-11-02T08:52:17.760+0000] {dag.py:2941} INFO - Sync 1 DAGs
[2023-11-02T08:52:17.782+0000] {logging_mixin.py:151} INFO - [2023-11-02T08:52:17.782+0000] {dag.py:3722} INFO - Setting next_dagrun for example_setup_teardown_taskflow to 2023-11-01T08:52:17.782231+00:00, run_after=2023-11-02T08:52:17.782231+00:00
[2023-11-02T08:52:17.797+0000] {processor.py:179} INFO - Processing /home/airflow/.local/lib/python3.11/site-packages/airflow/example_dags/example_setup_teardown_taskflow.py took 0.097 seconds
[2023-11-02T08:52:47.900+0000] {processor.py:157} INFO - Started process (PID=944) to work on /home/airflow/.local/lib/python3.11/site-packages/airflow/example_dags/example_setup_teardown_taskflow.py
[2023-11-02T08:52:47.907+0000] {processor.py:829} INFO - Processing file /home/airflow/.local/lib/python3.11/site-packages/airflow/example_dags/example_setup_teardown_taskflow.py for tasks to queue
[2023-11-02T08:52:47.916+0000] {logging_mixin.py:151} INFO - [2023-11-02T08:52:47.915+0000] {dagbag.py:536} INFO - Filling up the DagBag from /home/airflow/.local/lib/python3.11/site-packages/airflow/example_dags/example_setup_teardown_taskflow.py
[2023-11-02T08:52:47.949+0000] {processor.py:839} INFO - DAG(s) dict_keys(['example_setup_teardown_taskflow']) retrieved from /home/airflow/.local/lib/python3.11/site-packages/airflow/example_dags/example_setup_teardown_taskflow.py
[2023-11-02T08:52:48.012+0000] {logging_mixin.py:151} INFO - [2023-11-02T08:52:48.012+0000] {dag.py:2941} INFO - Sync 1 DAGs
[2023-11-02T08:52:48.058+0000] {logging_mixin.py:151} INFO - [2023-11-02T08:52:48.057+0000] {dag.py:3722} INFO - Setting next_dagrun for example_setup_teardown_taskflow to 2023-11-01T08:52:48.057058+00:00, run_after=2023-11-02T08:52:48.057058+00:00
[2023-11-02T08:52:48.104+0000] {processor.py:179} INFO - Processing /home/airflow/.local/lib/python3.11/site-packages/airflow/example_dags/example_setup_teardown_taskflow.py took 0.218 seconds
[2023-11-02T08:53:18.251+0000] {processor.py:157} INFO - Started process (PID=999) to work on /home/airflow/.local/lib/python3.11/site-packages/airflow/example_dags/example_setup_teardown_taskflow.py
[2023-11-02T08:53:18.256+0000] {processor.py:829} INFO - Processing file /home/airflow/.local/lib/python3.11/site-packages/airflow/example_dags/example_setup_teardown_taskflow.py for tasks to queue
[2023-11-02T08:53:18.257+0000] {logging_mixin.py:151} INFO - [2023-11-02T08:53:18.257+0000] {dagbag.py:536} INFO - Filling up the DagBag from /home/airflow/.local/lib/python3.11/site-packages/airflow/example_dags/example_setup_teardown_taskflow.py
[2023-11-02T08:53:18.267+0000] {processor.py:839} INFO - DAG(s) dict_keys(['example_setup_teardown_taskflow']) retrieved from /home/airflow/.local/lib/python3.11/site-packages/airflow/example_dags/example_setup_teardown_taskflow.py
[2023-11-02T08:53:18.287+0000] {logging_mixin.py:151} INFO - [2023-11-02T08:53:18.287+0000] {dag.py:2941} INFO - Sync 1 DAGs
[2023-11-02T08:53:18.303+0000] {logging_mixin.py:151} INFO - [2023-11-02T08:53:18.303+0000] {dag.py:3722} INFO - Setting next_dagrun for example_setup_teardown_taskflow to 2023-11-01T08:53:18.303453+00:00, run_after=2023-11-02T08:53:18.303453+00:00
[2023-11-02T08:53:18.315+0000] {processor.py:179} INFO - Processing /home/airflow/.local/lib/python3.11/site-packages/airflow/example_dags/example_setup_teardown_taskflow.py took 0.067 seconds
[2023-11-02T08:53:48.482+0000] {processor.py:157} INFO - Started process (PID=1054) to work on /home/airflow/.local/lib/python3.11/site-packages/airflow/example_dags/example_setup_teardown_taskflow.py
[2023-11-02T08:53:48.484+0000] {processor.py:829} INFO - Processing file /home/airflow/.local/lib/python3.11/site-packages/airflow/example_dags/example_setup_teardown_taskflow.py for tasks to queue
[2023-11-02T08:53:48.487+0000] {logging_mixin.py:151} INFO - [2023-11-02T08:53:48.486+0000] {dagbag.py:536} INFO - Filling up the DagBag from /home/airflow/.local/lib/python3.11/site-packages/airflow/example_dags/example_setup_teardown_taskflow.py
[2023-11-02T08:53:48.500+0000] {processor.py:839} INFO - DAG(s) dict_keys(['example_setup_teardown_taskflow']) retrieved from /home/airflow/.local/lib/python3.11/site-packages/airflow/example_dags/example_setup_teardown_taskflow.py
[2023-11-02T08:53:48.518+0000] {logging_mixin.py:151} INFO - [2023-11-02T08:53:48.518+0000] {dag.py:2941} INFO - Sync 1 DAGs
[2023-11-02T08:53:48.535+0000] {logging_mixin.py:151} INFO - [2023-11-02T08:53:48.534+0000] {dag.py:3722} INFO - Setting next_dagrun for example_setup_teardown_taskflow to 2023-11-01T08:53:48.534746+00:00, run_after=2023-11-02T08:53:48.534746+00:00
[2023-11-02T08:53:48.547+0000] {processor.py:179} INFO - Processing /home/airflow/.local/lib/python3.11/site-packages/airflow/example_dags/example_setup_teardown_taskflow.py took 0.071 seconds
[2023-11-02T08:54:19.140+0000] {processor.py:157} INFO - Started process (PID=1109) to work on /home/airflow/.local/lib/python3.11/site-packages/airflow/example_dags/example_setup_teardown_taskflow.py
[2023-11-02T08:54:19.142+0000] {processor.py:829} INFO - Processing file /home/airflow/.local/lib/python3.11/site-packages/airflow/example_dags/example_setup_teardown_taskflow.py for tasks to queue
[2023-11-02T08:54:19.146+0000] {logging_mixin.py:151} INFO - [2023-11-02T08:54:19.146+0000] {dagbag.py:536} INFO - Filling up the DagBag from /home/airflow/.local/lib/python3.11/site-packages/airflow/example_dags/example_setup_teardown_taskflow.py
[2023-11-02T08:54:19.158+0000] {processor.py:839} INFO - DAG(s) dict_keys(['example_setup_teardown_taskflow']) retrieved from /home/airflow/.local/lib/python3.11/site-packages/airflow/example_dags/example_setup_teardown_taskflow.py
[2023-11-02T08:54:19.179+0000] {logging_mixin.py:151} INFO - [2023-11-02T08:54:19.179+0000] {dag.py:2941} INFO - Sync 1 DAGs
[2023-11-02T08:54:19.195+0000] {logging_mixin.py:151} INFO - [2023-11-02T08:54:19.195+0000] {dag.py:3722} INFO - Setting next_dagrun for example_setup_teardown_taskflow to 2023-11-01T08:54:19.195121+00:00, run_after=2023-11-02T08:54:19.195121+00:00
[2023-11-02T08:54:19.213+0000] {processor.py:179} INFO - Processing /home/airflow/.local/lib/python3.11/site-packages/airflow/example_dags/example_setup_teardown_taskflow.py took 0.080 seconds
[2023-11-02T08:54:49.444+0000] {processor.py:157} INFO - Started process (PID=1164) to work on /home/airflow/.local/lib/python3.11/site-packages/airflow/example_dags/example_setup_teardown_taskflow.py
[2023-11-02T08:54:49.452+0000] {processor.py:829} INFO - Processing file /home/airflow/.local/lib/python3.11/site-packages/airflow/example_dags/example_setup_teardown_taskflow.py for tasks to queue
[2023-11-02T08:54:49.470+0000] {logging_mixin.py:151} INFO - [2023-11-02T08:54:49.464+0000] {dagbag.py:536} INFO - Filling up the DagBag from /home/airflow/.local/lib/python3.11/site-packages/airflow/example_dags/example_setup_teardown_taskflow.py
[2023-11-02T08:54:49.504+0000] {processor.py:839} INFO - DAG(s) dict_keys(['example_setup_teardown_taskflow']) retrieved from /home/airflow/.local/lib/python3.11/site-packages/airflow/example_dags/example_setup_teardown_taskflow.py
[2023-11-02T08:54:49.634+0000] {logging_mixin.py:151} INFO - [2023-11-02T08:54:49.633+0000] {dag.py:2941} INFO - Sync 1 DAGs
[2023-11-02T08:54:49.678+0000] {logging_mixin.py:151} INFO - [2023-11-02T08:54:49.678+0000] {dag.py:3722} INFO - Setting next_dagrun for example_setup_teardown_taskflow to 2023-11-01T08:54:49.678131+00:00, run_after=2023-11-02T08:54:49.678131+00:00
[2023-11-02T08:54:49.712+0000] {processor.py:179} INFO - Processing /home/airflow/.local/lib/python3.11/site-packages/airflow/example_dags/example_setup_teardown_taskflow.py took 0.287 seconds
