[2023-11-02T08:44:42.593+0000] {processor.py:157} INFO - Started process (PID=62) to work on /home/airflow/.local/lib/python3.11/site-packages/airflow/example_dags/example_subdag_operator.py
[2023-11-02T08:44:42.594+0000] {processor.py:829} INFO - Processing file /home/airflow/.local/lib/python3.11/site-packages/airflow/example_dags/example_subdag_operator.py for tasks to queue
[2023-11-02T08:44:42.597+0000] {logging_mixin.py:151} INFO - [2023-11-02T08:44:42.597+0000] {dagbag.py:536} INFO - Filling up the DagBag from /home/airflow/.local/lib/python3.11/site-packages/airflow/example_dags/example_subdag_operator.py
[2023-11-02T08:44:42.622+0000] {processor.py:839} INFO - DAG(s) dict_keys(['example_subdag_operator.section-1', 'example_subdag_operator.section-2', 'example_subdag_operator']) retrieved from /home/airflow/.local/lib/python3.11/site-packages/airflow/example_dags/example_subdag_operator.py
[2023-11-02T08:44:42.723+0000] {logging_mixin.py:151} INFO - [2023-11-02T08:44:42.723+0000] {manager.py:499} INFO - Created Permission View: %s
[2023-11-02T08:44:42.736+0000] {logging_mixin.py:151} INFO - [2023-11-02T08:44:42.736+0000] {manager.py:499} INFO - Created Permission View: %s
[2023-11-02T08:44:42.741+0000] {logging_mixin.py:151} INFO - [2023-11-02T08:44:42.741+0000] {manager.py:499} INFO - Created Permission View: %s
[2023-11-02T08:44:42.742+0000] {logging_mixin.py:151} INFO - [2023-11-02T08:44:42.741+0000] {dag.py:2941} INFO - Sync 3 DAGs
[2023-11-02T08:44:42.753+0000] {logging_mixin.py:151} INFO - [2023-11-02T08:44:42.753+0000] {dag.py:2963} INFO - Creating ORM DAG for example_subdag_operator.section-1
[2023-11-02T08:44:42.753+0000] {logging_mixin.py:151} INFO - [2023-11-02T08:44:42.753+0000] {dag.py:2963} INFO - Creating ORM DAG for example_subdag_operator
[2023-11-02T08:44:42.754+0000] {logging_mixin.py:151} INFO - [2023-11-02T08:44:42.754+0000] {dag.py:2963} INFO - Creating ORM DAG for example_subdag_operator.section-2
[2023-11-02T08:44:42.765+0000] {logging_mixin.py:151} INFO - [2023-11-02T08:44:42.764+0000] {dag.py:3722} INFO - Setting next_dagrun for example_subdag_operator to 2022-01-01T00:00:00+00:00, run_after=2022-01-01T00:00:00+00:00
[2023-11-02T08:44:42.765+0000] {logging_mixin.py:151} INFO - [2023-11-02T08:44:42.765+0000] {dag.py:3722} INFO - Setting next_dagrun for example_subdag_operator.section-1 to None, run_after=None
[2023-11-02T08:44:42.766+0000] {logging_mixin.py:151} INFO - [2023-11-02T08:44:42.765+0000] {dag.py:3722} INFO - Setting next_dagrun for example_subdag_operator.section-2 to None, run_after=None
[2023-11-02T08:44:42.775+0000] {logging_mixin.py:151} INFO - [2023-11-02T08:44:42.775+0000] {dag.py:2941} INFO - Sync 2 DAGs
[2023-11-02T08:44:42.780+0000] {logging_mixin.py:151} INFO - [2023-11-02T08:44:42.780+0000] {dag.py:3722} INFO - Setting next_dagrun for example_subdag_operator.section-1 to None, run_after=None
[2023-11-02T08:44:42.786+0000] {logging_mixin.py:151} INFO - [2023-11-02T08:44:42.786+0000] {dag.py:3722} INFO - Setting next_dagrun for example_subdag_operator.section-2 to None, run_after=None
[2023-11-02T08:44:42.798+0000] {processor.py:179} INFO - Processing /home/airflow/.local/lib/python3.11/site-packages/airflow/example_dags/example_subdag_operator.py took 0.208 seconds
[2023-11-02T08:45:13.630+0000] {processor.py:157} INFO - Started process (PID=124) to work on /home/airflow/.local/lib/python3.11/site-packages/airflow/example_dags/example_subdag_operator.py
[2023-11-02T08:45:13.631+0000] {processor.py:829} INFO - Processing file /home/airflow/.local/lib/python3.11/site-packages/airflow/example_dags/example_subdag_operator.py for tasks to queue
[2023-11-02T08:45:13.633+0000] {logging_mixin.py:151} INFO - [2023-11-02T08:45:13.632+0000] {dagbag.py:536} INFO - Filling up the DagBag from /home/airflow/.local/lib/python3.11/site-packages/airflow/example_dags/example_subdag_operator.py
[2023-11-02T08:45:13.652+0000] {processor.py:839} INFO - DAG(s) dict_keys(['example_subdag_operator.section-1', 'example_subdag_operator.section-2', 'example_subdag_operator']) retrieved from /home/airflow/.local/lib/python3.11/site-packages/airflow/example_dags/example_subdag_operator.py
[2023-11-02T08:45:13.668+0000] {logging_mixin.py:151} INFO - [2023-11-02T08:45:13.668+0000] {dag.py:2941} INFO - Sync 3 DAGs
[2023-11-02T08:45:13.716+0000] {logging_mixin.py:151} INFO - [2023-11-02T08:45:13.716+0000] {dag.py:3722} INFO - Setting next_dagrun for example_subdag_operator to 2022-01-01T00:00:00+00:00, run_after=2022-01-01T00:00:00+00:00
[2023-11-02T08:45:13.727+0000] {logging_mixin.py:151} INFO - [2023-11-02T08:45:13.727+0000] {dag.py:3722} INFO - Setting next_dagrun for example_subdag_operator.section-1 to None, run_after=None
[2023-11-02T08:45:13.729+0000] {logging_mixin.py:151} INFO - [2023-11-02T08:45:13.729+0000] {dag.py:3722} INFO - Setting next_dagrun for example_subdag_operator.section-2 to None, run_after=None
[2023-11-02T08:45:13.747+0000] {logging_mixin.py:151} INFO - [2023-11-02T08:45:13.746+0000] {dag.py:2941} INFO - Sync 2 DAGs
[2023-11-02T08:45:13.759+0000] {logging_mixin.py:151} INFO - [2023-11-02T08:45:13.759+0000] {dag.py:3722} INFO - Setting next_dagrun for example_subdag_operator.section-1 to None, run_after=None
[2023-11-02T08:45:13.760+0000] {logging_mixin.py:151} INFO - [2023-11-02T08:45:13.760+0000] {dag.py:3722} INFO - Setting next_dagrun for example_subdag_operator.section-2 to None, run_after=None
[2023-11-02T08:45:13.784+0000] {processor.py:179} INFO - Processing /home/airflow/.local/lib/python3.11/site-packages/airflow/example_dags/example_subdag_operator.py took 0.156 seconds
[2023-11-02T08:45:44.672+0000] {processor.py:157} INFO - Started process (PID=179) to work on /home/airflow/.local/lib/python3.11/site-packages/airflow/example_dags/example_subdag_operator.py
[2023-11-02T08:45:44.673+0000] {processor.py:829} INFO - Processing file /home/airflow/.local/lib/python3.11/site-packages/airflow/example_dags/example_subdag_operator.py for tasks to queue
[2023-11-02T08:45:44.674+0000] {logging_mixin.py:151} INFO - [2023-11-02T08:45:44.674+0000] {dagbag.py:536} INFO - Filling up the DagBag from /home/airflow/.local/lib/python3.11/site-packages/airflow/example_dags/example_subdag_operator.py
[2023-11-02T08:45:44.691+0000] {processor.py:839} INFO - DAG(s) dict_keys(['example_subdag_operator.section-1', 'example_subdag_operator.section-2', 'example_subdag_operator']) retrieved from /home/airflow/.local/lib/python3.11/site-packages/airflow/example_dags/example_subdag_operator.py
[2023-11-02T08:45:44.701+0000] {logging_mixin.py:151} INFO - [2023-11-02T08:45:44.701+0000] {dag.py:2941} INFO - Sync 3 DAGs
[2023-11-02T08:45:44.715+0000] {logging_mixin.py:151} INFO - [2023-11-02T08:45:44.715+0000] {dag.py:3722} INFO - Setting next_dagrun for example_subdag_operator to 2022-01-01T00:00:00+00:00, run_after=2022-01-01T00:00:00+00:00
[2023-11-02T08:45:44.717+0000] {logging_mixin.py:151} INFO - [2023-11-02T08:45:44.717+0000] {dag.py:3722} INFO - Setting next_dagrun for example_subdag_operator.section-1 to None, run_after=None
[2023-11-02T08:45:44.718+0000] {logging_mixin.py:151} INFO - [2023-11-02T08:45:44.718+0000] {dag.py:3722} INFO - Setting next_dagrun for example_subdag_operator.section-2 to None, run_after=None
[2023-11-02T08:45:44.722+0000] {logging_mixin.py:151} INFO - [2023-11-02T08:45:44.722+0000] {dag.py:2941} INFO - Sync 2 DAGs
[2023-11-02T08:45:44.725+0000] {logging_mixin.py:151} INFO - [2023-11-02T08:45:44.725+0000] {dag.py:3722} INFO - Setting next_dagrun for example_subdag_operator.section-1 to None, run_after=None
[2023-11-02T08:45:44.725+0000] {logging_mixin.py:151} INFO - [2023-11-02T08:45:44.725+0000] {dag.py:3722} INFO - Setting next_dagrun for example_subdag_operator.section-2 to None, run_after=None
[2023-11-02T08:45:44.731+0000] {processor.py:179} INFO - Processing /home/airflow/.local/lib/python3.11/site-packages/airflow/example_dags/example_subdag_operator.py took 0.061 seconds
[2023-11-02T08:46:15.208+0000] {processor.py:157} INFO - Started process (PID=234) to work on /home/airflow/.local/lib/python3.11/site-packages/airflow/example_dags/example_subdag_operator.py
[2023-11-02T08:46:15.209+0000] {processor.py:829} INFO - Processing file /home/airflow/.local/lib/python3.11/site-packages/airflow/example_dags/example_subdag_operator.py for tasks to queue
[2023-11-02T08:46:15.211+0000] {logging_mixin.py:151} INFO - [2023-11-02T08:46:15.211+0000] {dagbag.py:536} INFO - Filling up the DagBag from /home/airflow/.local/lib/python3.11/site-packages/airflow/example_dags/example_subdag_operator.py
[2023-11-02T08:46:15.228+0000] {processor.py:839} INFO - DAG(s) dict_keys(['example_subdag_operator.section-1', 'example_subdag_operator.section-2', 'example_subdag_operator']) retrieved from /home/airflow/.local/lib/python3.11/site-packages/airflow/example_dags/example_subdag_operator.py
[2023-11-02T08:46:15.237+0000] {logging_mixin.py:151} INFO - [2023-11-02T08:46:15.237+0000] {dag.py:2941} INFO - Sync 3 DAGs
[2023-11-02T08:46:15.251+0000] {logging_mixin.py:151} INFO - [2023-11-02T08:46:15.251+0000] {dag.py:3722} INFO - Setting next_dagrun for example_subdag_operator to 2022-01-01T00:00:00+00:00, run_after=2022-01-01T00:00:00+00:00
[2023-11-02T08:46:15.254+0000] {logging_mixin.py:151} INFO - [2023-11-02T08:46:15.253+0000] {dag.py:3722} INFO - Setting next_dagrun for example_subdag_operator.section-1 to None, run_after=None
[2023-11-02T08:46:15.254+0000] {logging_mixin.py:151} INFO - [2023-11-02T08:46:15.254+0000] {dag.py:3722} INFO - Setting next_dagrun for example_subdag_operator.section-2 to None, run_after=None
[2023-11-02T08:46:15.259+0000] {logging_mixin.py:151} INFO - [2023-11-02T08:46:15.258+0000] {dag.py:2941} INFO - Sync 2 DAGs
[2023-11-02T08:46:15.261+0000] {logging_mixin.py:151} INFO - [2023-11-02T08:46:15.261+0000] {dag.py:3722} INFO - Setting next_dagrun for example_subdag_operator.section-1 to None, run_after=None
[2023-11-02T08:46:15.262+0000] {logging_mixin.py:151} INFO - [2023-11-02T08:46:15.262+0000] {dag.py:3722} INFO - Setting next_dagrun for example_subdag_operator.section-2 to None, run_after=None
[2023-11-02T08:46:15.267+0000] {processor.py:179} INFO - Processing /home/airflow/.local/lib/python3.11/site-packages/airflow/example_dags/example_subdag_operator.py took 0.061 seconds
[2023-11-02T08:46:45.643+0000] {processor.py:157} INFO - Started process (PID=289) to work on /home/airflow/.local/lib/python3.11/site-packages/airflow/example_dags/example_subdag_operator.py
[2023-11-02T08:46:45.643+0000] {processor.py:829} INFO - Processing file /home/airflow/.local/lib/python3.11/site-packages/airflow/example_dags/example_subdag_operator.py for tasks to queue
[2023-11-02T08:46:45.645+0000] {logging_mixin.py:151} INFO - [2023-11-02T08:46:45.645+0000] {dagbag.py:536} INFO - Filling up the DagBag from /home/airflow/.local/lib/python3.11/site-packages/airflow/example_dags/example_subdag_operator.py
[2023-11-02T08:46:45.662+0000] {processor.py:839} INFO - DAG(s) dict_keys(['example_subdag_operator.section-1', 'example_subdag_operator.section-2', 'example_subdag_operator']) retrieved from /home/airflow/.local/lib/python3.11/site-packages/airflow/example_dags/example_subdag_operator.py
[2023-11-02T08:46:45.671+0000] {logging_mixin.py:151} INFO - [2023-11-02T08:46:45.671+0000] {dag.py:2941} INFO - Sync 3 DAGs
[2023-11-02T08:46:45.684+0000] {logging_mixin.py:151} INFO - [2023-11-02T08:46:45.684+0000] {dag.py:3722} INFO - Setting next_dagrun for example_subdag_operator to 2022-01-01T00:00:00+00:00, run_after=2022-01-01T00:00:00+00:00
[2023-11-02T08:46:45.687+0000] {logging_mixin.py:151} INFO - [2023-11-02T08:46:45.686+0000] {dag.py:3722} INFO - Setting next_dagrun for example_subdag_operator.section-1 to None, run_after=None
[2023-11-02T08:46:45.687+0000] {logging_mixin.py:151} INFO - [2023-11-02T08:46:45.687+0000] {dag.py:3722} INFO - Setting next_dagrun for example_subdag_operator.section-2 to None, run_after=None
[2023-11-02T08:46:45.691+0000] {logging_mixin.py:151} INFO - [2023-11-02T08:46:45.691+0000] {dag.py:2941} INFO - Sync 2 DAGs
[2023-11-02T08:46:45.694+0000] {logging_mixin.py:151} INFO - [2023-11-02T08:46:45.694+0000] {dag.py:3722} INFO - Setting next_dagrun for example_subdag_operator.section-1 to None, run_after=None
[2023-11-02T08:46:45.695+0000] {logging_mixin.py:151} INFO - [2023-11-02T08:46:45.694+0000] {dag.py:3722} INFO - Setting next_dagrun for example_subdag_operator.section-2 to None, run_after=None
[2023-11-02T08:46:45.700+0000] {processor.py:179} INFO - Processing /home/airflow/.local/lib/python3.11/site-packages/airflow/example_dags/example_subdag_operator.py took 0.060 seconds
[2023-11-02T08:47:15.888+0000] {processor.py:157} INFO - Started process (PID=344) to work on /home/airflow/.local/lib/python3.11/site-packages/airflow/example_dags/example_subdag_operator.py
[2023-11-02T08:47:15.889+0000] {processor.py:829} INFO - Processing file /home/airflow/.local/lib/python3.11/site-packages/airflow/example_dags/example_subdag_operator.py for tasks to queue
[2023-11-02T08:47:15.891+0000] {logging_mixin.py:151} INFO - [2023-11-02T08:47:15.891+0000] {dagbag.py:536} INFO - Filling up the DagBag from /home/airflow/.local/lib/python3.11/site-packages/airflow/example_dags/example_subdag_operator.py
[2023-11-02T08:47:15.908+0000] {processor.py:839} INFO - DAG(s) dict_keys(['example_subdag_operator.section-1', 'example_subdag_operator.section-2', 'example_subdag_operator']) retrieved from /home/airflow/.local/lib/python3.11/site-packages/airflow/example_dags/example_subdag_operator.py
[2023-11-02T08:47:15.918+0000] {logging_mixin.py:151} INFO - [2023-11-02T08:47:15.918+0000] {dag.py:2941} INFO - Sync 3 DAGs
[2023-11-02T08:47:15.932+0000] {logging_mixin.py:151} INFO - [2023-11-02T08:47:15.932+0000] {dag.py:3722} INFO - Setting next_dagrun for example_subdag_operator to 2022-01-01T00:00:00+00:00, run_after=2022-01-01T00:00:00+00:00
[2023-11-02T08:47:15.935+0000] {logging_mixin.py:151} INFO - [2023-11-02T08:47:15.935+0000] {dag.py:3722} INFO - Setting next_dagrun for example_subdag_operator.section-1 to None, run_after=None
[2023-11-02T08:47:15.936+0000] {logging_mixin.py:151} INFO - [2023-11-02T08:47:15.936+0000] {dag.py:3722} INFO - Setting next_dagrun for example_subdag_operator.section-2 to None, run_after=None
[2023-11-02T08:47:15.941+0000] {logging_mixin.py:151} INFO - [2023-11-02T08:47:15.940+0000] {dag.py:2941} INFO - Sync 2 DAGs
[2023-11-02T08:47:15.945+0000] {logging_mixin.py:151} INFO - [2023-11-02T08:47:15.945+0000] {dag.py:3722} INFO - Setting next_dagrun for example_subdag_operator.section-1 to None, run_after=None
[2023-11-02T08:47:15.945+0000] {logging_mixin.py:151} INFO - [2023-11-02T08:47:15.945+0000] {dag.py:3722} INFO - Setting next_dagrun for example_subdag_operator.section-2 to None, run_after=None
[2023-11-02T08:47:15.951+0000] {processor.py:179} INFO - Processing /home/airflow/.local/lib/python3.11/site-packages/airflow/example_dags/example_subdag_operator.py took 0.065 seconds
[2023-11-02T08:47:46.031+0000] {processor.py:157} INFO - Started process (PID=399) to work on /home/airflow/.local/lib/python3.11/site-packages/airflow/example_dags/example_subdag_operator.py
[2023-11-02T08:47:46.032+0000] {processor.py:829} INFO - Processing file /home/airflow/.local/lib/python3.11/site-packages/airflow/example_dags/example_subdag_operator.py for tasks to queue
[2023-11-02T08:47:46.033+0000] {logging_mixin.py:151} INFO - [2023-11-02T08:47:46.033+0000] {dagbag.py:536} INFO - Filling up the DagBag from /home/airflow/.local/lib/python3.11/site-packages/airflow/example_dags/example_subdag_operator.py
[2023-11-02T08:47:46.050+0000] {processor.py:839} INFO - DAG(s) dict_keys(['example_subdag_operator.section-1', 'example_subdag_operator.section-2', 'example_subdag_operator']) retrieved from /home/airflow/.local/lib/python3.11/site-packages/airflow/example_dags/example_subdag_operator.py
[2023-11-02T08:47:46.059+0000] {logging_mixin.py:151} INFO - [2023-11-02T08:47:46.059+0000] {dag.py:2941} INFO - Sync 3 DAGs
[2023-11-02T08:47:46.073+0000] {logging_mixin.py:151} INFO - [2023-11-02T08:47:46.073+0000] {dag.py:3722} INFO - Setting next_dagrun for example_subdag_operator to 2022-01-01T00:00:00+00:00, run_after=2022-01-01T00:00:00+00:00
[2023-11-02T08:47:46.075+0000] {logging_mixin.py:151} INFO - [2023-11-02T08:47:46.075+0000] {dag.py:3722} INFO - Setting next_dagrun for example_subdag_operator.section-1 to None, run_after=None
[2023-11-02T08:47:46.076+0000] {logging_mixin.py:151} INFO - [2023-11-02T08:47:46.076+0000] {dag.py:3722} INFO - Setting next_dagrun for example_subdag_operator.section-2 to None, run_after=None
[2023-11-02T08:47:46.080+0000] {logging_mixin.py:151} INFO - [2023-11-02T08:47:46.080+0000] {dag.py:2941} INFO - Sync 2 DAGs
[2023-11-02T08:47:46.083+0000] {logging_mixin.py:151} INFO - [2023-11-02T08:47:46.083+0000] {dag.py:3722} INFO - Setting next_dagrun for example_subdag_operator.section-1 to None, run_after=None
[2023-11-02T08:47:46.083+0000] {logging_mixin.py:151} INFO - [2023-11-02T08:47:46.083+0000] {dag.py:3722} INFO - Setting next_dagrun for example_subdag_operator.section-2 to None, run_after=None
[2023-11-02T08:47:46.088+0000] {processor.py:179} INFO - Processing /home/airflow/.local/lib/python3.11/site-packages/airflow/example_dags/example_subdag_operator.py took 0.060 seconds
[2023-11-02T08:48:16.325+0000] {processor.py:157} INFO - Started process (PID=454) to work on /home/airflow/.local/lib/python3.11/site-packages/airflow/example_dags/example_subdag_operator.py
[2023-11-02T08:48:16.326+0000] {processor.py:829} INFO - Processing file /home/airflow/.local/lib/python3.11/site-packages/airflow/example_dags/example_subdag_operator.py for tasks to queue
[2023-11-02T08:48:16.327+0000] {logging_mixin.py:151} INFO - [2023-11-02T08:48:16.327+0000] {dagbag.py:536} INFO - Filling up the DagBag from /home/airflow/.local/lib/python3.11/site-packages/airflow/example_dags/example_subdag_operator.py
[2023-11-02T08:48:16.344+0000] {processor.py:839} INFO - DAG(s) dict_keys(['example_subdag_operator.section-1', 'example_subdag_operator.section-2', 'example_subdag_operator']) retrieved from /home/airflow/.local/lib/python3.11/site-packages/airflow/example_dags/example_subdag_operator.py
[2023-11-02T08:48:16.353+0000] {logging_mixin.py:151} INFO - [2023-11-02T08:48:16.353+0000] {dag.py:2941} INFO - Sync 3 DAGs
[2023-11-02T08:48:16.366+0000] {logging_mixin.py:151} INFO - [2023-11-02T08:48:16.366+0000] {dag.py:3722} INFO - Setting next_dagrun for example_subdag_operator to 2022-01-01T00:00:00+00:00, run_after=2022-01-01T00:00:00+00:00
[2023-11-02T08:48:16.369+0000] {logging_mixin.py:151} INFO - [2023-11-02T08:48:16.369+0000] {dag.py:3722} INFO - Setting next_dagrun for example_subdag_operator.section-1 to None, run_after=None
[2023-11-02T08:48:16.370+0000] {logging_mixin.py:151} INFO - [2023-11-02T08:48:16.370+0000] {dag.py:3722} INFO - Setting next_dagrun for example_subdag_operator.section-2 to None, run_after=None
[2023-11-02T08:48:16.374+0000] {logging_mixin.py:151} INFO - [2023-11-02T08:48:16.374+0000] {dag.py:2941} INFO - Sync 2 DAGs
[2023-11-02T08:48:16.377+0000] {logging_mixin.py:151} INFO - [2023-11-02T08:48:16.377+0000] {dag.py:3722} INFO - Setting next_dagrun for example_subdag_operator.section-1 to None, run_after=None
[2023-11-02T08:48:16.377+0000] {logging_mixin.py:151} INFO - [2023-11-02T08:48:16.377+0000] {dag.py:3722} INFO - Setting next_dagrun for example_subdag_operator.section-2 to None, run_after=None
[2023-11-02T08:48:16.382+0000] {processor.py:179} INFO - Processing /home/airflow/.local/lib/python3.11/site-packages/airflow/example_dags/example_subdag_operator.py took 0.059 seconds
[2023-11-02T08:48:46.522+0000] {processor.py:157} INFO - Started process (PID=509) to work on /home/airflow/.local/lib/python3.11/site-packages/airflow/example_dags/example_subdag_operator.py
[2023-11-02T08:48:46.523+0000] {processor.py:829} INFO - Processing file /home/airflow/.local/lib/python3.11/site-packages/airflow/example_dags/example_subdag_operator.py for tasks to queue
[2023-11-02T08:48:46.525+0000] {logging_mixin.py:151} INFO - [2023-11-02T08:48:46.524+0000] {dagbag.py:536} INFO - Filling up the DagBag from /home/airflow/.local/lib/python3.11/site-packages/airflow/example_dags/example_subdag_operator.py
[2023-11-02T08:48:46.541+0000] {processor.py:839} INFO - DAG(s) dict_keys(['example_subdag_operator.section-1', 'example_subdag_operator.section-2', 'example_subdag_operator']) retrieved from /home/airflow/.local/lib/python3.11/site-packages/airflow/example_dags/example_subdag_operator.py
[2023-11-02T08:48:46.551+0000] {logging_mixin.py:151} INFO - [2023-11-02T08:48:46.550+0000] {dag.py:2941} INFO - Sync 3 DAGs
[2023-11-02T08:48:46.564+0000] {logging_mixin.py:151} INFO - [2023-11-02T08:48:46.564+0000] {dag.py:3722} INFO - Setting next_dagrun for example_subdag_operator to 2022-01-01T00:00:00+00:00, run_after=2022-01-01T00:00:00+00:00
[2023-11-02T08:48:46.566+0000] {logging_mixin.py:151} INFO - [2023-11-02T08:48:46.566+0000] {dag.py:3722} INFO - Setting next_dagrun for example_subdag_operator.section-1 to None, run_after=None
[2023-11-02T08:48:46.567+0000] {logging_mixin.py:151} INFO - [2023-11-02T08:48:46.567+0000] {dag.py:3722} INFO - Setting next_dagrun for example_subdag_operator.section-2 to None, run_after=None
[2023-11-02T08:48:46.571+0000] {logging_mixin.py:151} INFO - [2023-11-02T08:48:46.571+0000] {dag.py:2941} INFO - Sync 2 DAGs
[2023-11-02T08:48:46.574+0000] {logging_mixin.py:151} INFO - [2023-11-02T08:48:46.574+0000] {dag.py:3722} INFO - Setting next_dagrun for example_subdag_operator.section-1 to None, run_after=None
[2023-11-02T08:48:46.576+0000] {logging_mixin.py:151} INFO - [2023-11-02T08:48:46.576+0000] {dag.py:3722} INFO - Setting next_dagrun for example_subdag_operator.section-2 to None, run_after=None
[2023-11-02T08:48:46.582+0000] {processor.py:179} INFO - Processing /home/airflow/.local/lib/python3.11/site-packages/airflow/example_dags/example_subdag_operator.py took 0.062 seconds
[2023-11-02T08:49:16.689+0000] {processor.py:157} INFO - Started process (PID=564) to work on /home/airflow/.local/lib/python3.11/site-packages/airflow/example_dags/example_subdag_operator.py
[2023-11-02T08:49:16.690+0000] {processor.py:829} INFO - Processing file /home/airflow/.local/lib/python3.11/site-packages/airflow/example_dags/example_subdag_operator.py for tasks to queue
[2023-11-02T08:49:16.692+0000] {logging_mixin.py:151} INFO - [2023-11-02T08:49:16.692+0000] {dagbag.py:536} INFO - Filling up the DagBag from /home/airflow/.local/lib/python3.11/site-packages/airflow/example_dags/example_subdag_operator.py
[2023-11-02T08:49:16.708+0000] {processor.py:839} INFO - DAG(s) dict_keys(['example_subdag_operator.section-1', 'example_subdag_operator.section-2', 'example_subdag_operator']) retrieved from /home/airflow/.local/lib/python3.11/site-packages/airflow/example_dags/example_subdag_operator.py
[2023-11-02T08:49:16.718+0000] {logging_mixin.py:151} INFO - [2023-11-02T08:49:16.718+0000] {dag.py:2941} INFO - Sync 3 DAGs
[2023-11-02T08:49:16.732+0000] {logging_mixin.py:151} INFO - [2023-11-02T08:49:16.731+0000] {dag.py:3722} INFO - Setting next_dagrun for example_subdag_operator to 2022-01-01T00:00:00+00:00, run_after=2022-01-01T00:00:00+00:00
[2023-11-02T08:49:16.734+0000] {logging_mixin.py:151} INFO - [2023-11-02T08:49:16.734+0000] {dag.py:3722} INFO - Setting next_dagrun for example_subdag_operator.section-1 to None, run_after=None
[2023-11-02T08:49:16.734+0000] {logging_mixin.py:151} INFO - [2023-11-02T08:49:16.734+0000] {dag.py:3722} INFO - Setting next_dagrun for example_subdag_operator.section-2 to None, run_after=None
[2023-11-02T08:49:16.740+0000] {logging_mixin.py:151} INFO - [2023-11-02T08:49:16.740+0000] {dag.py:2941} INFO - Sync 2 DAGs
[2023-11-02T08:49:16.743+0000] {logging_mixin.py:151} INFO - [2023-11-02T08:49:16.743+0000] {dag.py:3722} INFO - Setting next_dagrun for example_subdag_operator.section-1 to None, run_after=None
[2023-11-02T08:49:16.743+0000] {logging_mixin.py:151} INFO - [2023-11-02T08:49:16.743+0000] {dag.py:3722} INFO - Setting next_dagrun for example_subdag_operator.section-2 to None, run_after=None
[2023-11-02T08:49:16.752+0000] {processor.py:179} INFO - Processing /home/airflow/.local/lib/python3.11/site-packages/airflow/example_dags/example_subdag_operator.py took 0.065 seconds
[2023-11-02T08:49:46.967+0000] {processor.py:157} INFO - Started process (PID=619) to work on /home/airflow/.local/lib/python3.11/site-packages/airflow/example_dags/example_subdag_operator.py
[2023-11-02T08:49:46.972+0000] {processor.py:829} INFO - Processing file /home/airflow/.local/lib/python3.11/site-packages/airflow/example_dags/example_subdag_operator.py for tasks to queue
[2023-11-02T08:49:46.974+0000] {logging_mixin.py:151} INFO - [2023-11-02T08:49:46.974+0000] {dagbag.py:536} INFO - Filling up the DagBag from /home/airflow/.local/lib/python3.11/site-packages/airflow/example_dags/example_subdag_operator.py
[2023-11-02T08:49:46.991+0000] {processor.py:839} INFO - DAG(s) dict_keys(['example_subdag_operator.section-1', 'example_subdag_operator.section-2', 'example_subdag_operator']) retrieved from /home/airflow/.local/lib/python3.11/site-packages/airflow/example_dags/example_subdag_operator.py
[2023-11-02T08:49:47.001+0000] {logging_mixin.py:151} INFO - [2023-11-02T08:49:47.001+0000] {dag.py:2941} INFO - Sync 3 DAGs
[2023-11-02T08:49:47.015+0000] {logging_mixin.py:151} INFO - [2023-11-02T08:49:47.015+0000] {dag.py:3722} INFO - Setting next_dagrun for example_subdag_operator to 2022-01-01T00:00:00+00:00, run_after=2022-01-01T00:00:00+00:00
[2023-11-02T08:49:47.018+0000] {logging_mixin.py:151} INFO - [2023-11-02T08:49:47.018+0000] {dag.py:3722} INFO - Setting next_dagrun for example_subdag_operator.section-1 to None, run_after=None
[2023-11-02T08:49:47.019+0000] {logging_mixin.py:151} INFO - [2023-11-02T08:49:47.019+0000] {dag.py:3722} INFO - Setting next_dagrun for example_subdag_operator.section-2 to None, run_after=None
[2023-11-02T08:49:47.024+0000] {logging_mixin.py:151} INFO - [2023-11-02T08:49:47.023+0000] {dag.py:2941} INFO - Sync 2 DAGs
[2023-11-02T08:49:47.027+0000] {logging_mixin.py:151} INFO - [2023-11-02T08:49:47.027+0000] {dag.py:3722} INFO - Setting next_dagrun for example_subdag_operator.section-1 to None, run_after=None
[2023-11-02T08:49:47.029+0000] {logging_mixin.py:151} INFO - [2023-11-02T08:49:47.028+0000] {dag.py:3722} INFO - Setting next_dagrun for example_subdag_operator.section-2 to None, run_after=None
[2023-11-02T08:49:47.035+0000] {processor.py:179} INFO - Processing /home/airflow/.local/lib/python3.11/site-packages/airflow/example_dags/example_subdag_operator.py took 0.069 seconds
[2023-11-02T08:50:17.183+0000] {processor.py:157} INFO - Started process (PID=674) to work on /home/airflow/.local/lib/python3.11/site-packages/airflow/example_dags/example_subdag_operator.py
[2023-11-02T08:50:17.184+0000] {processor.py:829} INFO - Processing file /home/airflow/.local/lib/python3.11/site-packages/airflow/example_dags/example_subdag_operator.py for tasks to queue
[2023-11-02T08:50:17.186+0000] {logging_mixin.py:151} INFO - [2023-11-02T08:50:17.186+0000] {dagbag.py:536} INFO - Filling up the DagBag from /home/airflow/.local/lib/python3.11/site-packages/airflow/example_dags/example_subdag_operator.py
[2023-11-02T08:50:17.202+0000] {processor.py:839} INFO - DAG(s) dict_keys(['example_subdag_operator.section-1', 'example_subdag_operator.section-2', 'example_subdag_operator']) retrieved from /home/airflow/.local/lib/python3.11/site-packages/airflow/example_dags/example_subdag_operator.py
[2023-11-02T08:50:17.214+0000] {logging_mixin.py:151} INFO - [2023-11-02T08:50:17.214+0000] {dag.py:2941} INFO - Sync 3 DAGs
[2023-11-02T08:50:17.228+0000] {logging_mixin.py:151} INFO - [2023-11-02T08:50:17.227+0000] {dag.py:3722} INFO - Setting next_dagrun for example_subdag_operator to 2022-01-01T00:00:00+00:00, run_after=2022-01-01T00:00:00+00:00
[2023-11-02T08:50:17.230+0000] {logging_mixin.py:151} INFO - [2023-11-02T08:50:17.230+0000] {dag.py:3722} INFO - Setting next_dagrun for example_subdag_operator.section-1 to None, run_after=None
[2023-11-02T08:50:17.230+0000] {logging_mixin.py:151} INFO - [2023-11-02T08:50:17.230+0000] {dag.py:3722} INFO - Setting next_dagrun for example_subdag_operator.section-2 to None, run_after=None
[2023-11-02T08:50:17.235+0000] {logging_mixin.py:151} INFO - [2023-11-02T08:50:17.235+0000] {dag.py:2941} INFO - Sync 2 DAGs
[2023-11-02T08:50:17.239+0000] {logging_mixin.py:151} INFO - [2023-11-02T08:50:17.239+0000] {dag.py:3722} INFO - Setting next_dagrun for example_subdag_operator.section-1 to None, run_after=None
[2023-11-02T08:50:17.239+0000] {logging_mixin.py:151} INFO - [2023-11-02T08:50:17.239+0000] {dag.py:3722} INFO - Setting next_dagrun for example_subdag_operator.section-2 to None, run_after=None
[2023-11-02T08:50:17.245+0000] {processor.py:179} INFO - Processing /home/airflow/.local/lib/python3.11/site-packages/airflow/example_dags/example_subdag_operator.py took 0.064 seconds
[2023-11-02T08:50:47.351+0000] {processor.py:157} INFO - Started process (PID=729) to work on /home/airflow/.local/lib/python3.11/site-packages/airflow/example_dags/example_subdag_operator.py
[2023-11-02T08:50:47.353+0000] {processor.py:829} INFO - Processing file /home/airflow/.local/lib/python3.11/site-packages/airflow/example_dags/example_subdag_operator.py for tasks to queue
[2023-11-02T08:50:47.355+0000] {logging_mixin.py:151} INFO - [2023-11-02T08:50:47.354+0000] {dagbag.py:536} INFO - Filling up the DagBag from /home/airflow/.local/lib/python3.11/site-packages/airflow/example_dags/example_subdag_operator.py
[2023-11-02T08:50:47.372+0000] {processor.py:839} INFO - DAG(s) dict_keys(['example_subdag_operator.section-1', 'example_subdag_operator.section-2', 'example_subdag_operator']) retrieved from /home/airflow/.local/lib/python3.11/site-packages/airflow/example_dags/example_subdag_operator.py
[2023-11-02T08:50:47.382+0000] {logging_mixin.py:151} INFO - [2023-11-02T08:50:47.382+0000] {dag.py:2941} INFO - Sync 3 DAGs
[2023-11-02T08:50:47.396+0000] {logging_mixin.py:151} INFO - [2023-11-02T08:50:47.396+0000] {dag.py:3722} INFO - Setting next_dagrun for example_subdag_operator to 2022-01-01T00:00:00+00:00, run_after=2022-01-01T00:00:00+00:00
[2023-11-02T08:50:47.398+0000] {logging_mixin.py:151} INFO - [2023-11-02T08:50:47.398+0000] {dag.py:3722} INFO - Setting next_dagrun for example_subdag_operator.section-1 to None, run_after=None
[2023-11-02T08:50:47.399+0000] {logging_mixin.py:151} INFO - [2023-11-02T08:50:47.399+0000] {dag.py:3722} INFO - Setting next_dagrun for example_subdag_operator.section-2 to None, run_after=None
[2023-11-02T08:50:47.404+0000] {logging_mixin.py:151} INFO - [2023-11-02T08:50:47.404+0000] {dag.py:2941} INFO - Sync 2 DAGs
[2023-11-02T08:50:47.408+0000] {logging_mixin.py:151} INFO - [2023-11-02T08:50:47.407+0000] {dag.py:3722} INFO - Setting next_dagrun for example_subdag_operator.section-1 to None, run_after=None
[2023-11-02T08:50:47.408+0000] {logging_mixin.py:151} INFO - [2023-11-02T08:50:47.408+0000] {dag.py:3722} INFO - Setting next_dagrun for example_subdag_operator.section-2 to None, run_after=None
[2023-11-02T08:50:47.414+0000] {processor.py:179} INFO - Processing /home/airflow/.local/lib/python3.11/site-packages/airflow/example_dags/example_subdag_operator.py took 0.065 seconds
[2023-11-02T08:51:17.559+0000] {processor.py:157} INFO - Started process (PID=784) to work on /home/airflow/.local/lib/python3.11/site-packages/airflow/example_dags/example_subdag_operator.py
[2023-11-02T08:51:17.559+0000] {processor.py:829} INFO - Processing file /home/airflow/.local/lib/python3.11/site-packages/airflow/example_dags/example_subdag_operator.py for tasks to queue
[2023-11-02T08:51:17.561+0000] {logging_mixin.py:151} INFO - [2023-11-02T08:51:17.561+0000] {dagbag.py:536} INFO - Filling up the DagBag from /home/airflow/.local/lib/python3.11/site-packages/airflow/example_dags/example_subdag_operator.py
[2023-11-02T08:51:17.578+0000] {processor.py:839} INFO - DAG(s) dict_keys(['example_subdag_operator.section-1', 'example_subdag_operator.section-2', 'example_subdag_operator']) retrieved from /home/airflow/.local/lib/python3.11/site-packages/airflow/example_dags/example_subdag_operator.py
[2023-11-02T08:51:17.588+0000] {logging_mixin.py:151} INFO - [2023-11-02T08:51:17.588+0000] {dag.py:2941} INFO - Sync 3 DAGs
[2023-11-02T08:51:17.602+0000] {logging_mixin.py:151} INFO - [2023-11-02T08:51:17.602+0000] {dag.py:3722} INFO - Setting next_dagrun for example_subdag_operator to 2022-01-01T00:00:00+00:00, run_after=2022-01-01T00:00:00+00:00
[2023-11-02T08:51:17.605+0000] {logging_mixin.py:151} INFO - [2023-11-02T08:51:17.604+0000] {dag.py:3722} INFO - Setting next_dagrun for example_subdag_operator.section-1 to None, run_after=None
[2023-11-02T08:51:17.605+0000] {logging_mixin.py:151} INFO - [2023-11-02T08:51:17.605+0000] {dag.py:3722} INFO - Setting next_dagrun for example_subdag_operator.section-2 to None, run_after=None
[2023-11-02T08:51:17.610+0000] {logging_mixin.py:151} INFO - [2023-11-02T08:51:17.610+0000] {dag.py:2941} INFO - Sync 2 DAGs
[2023-11-02T08:51:17.614+0000] {logging_mixin.py:151} INFO - [2023-11-02T08:51:17.614+0000] {dag.py:3722} INFO - Setting next_dagrun for example_subdag_operator.section-1 to None, run_after=None
[2023-11-02T08:51:17.617+0000] {logging_mixin.py:151} INFO - [2023-11-02T08:51:17.617+0000] {dag.py:3722} INFO - Setting next_dagrun for example_subdag_operator.section-2 to None, run_after=None
[2023-11-02T08:51:17.623+0000] {processor.py:179} INFO - Processing /home/airflow/.local/lib/python3.11/site-packages/airflow/example_dags/example_subdag_operator.py took 0.067 seconds
[2023-11-02T08:51:47.731+0000] {processor.py:157} INFO - Started process (PID=839) to work on /home/airflow/.local/lib/python3.11/site-packages/airflow/example_dags/example_subdag_operator.py
[2023-11-02T08:51:47.737+0000] {processor.py:829} INFO - Processing file /home/airflow/.local/lib/python3.11/site-packages/airflow/example_dags/example_subdag_operator.py for tasks to queue
[2023-11-02T08:51:47.741+0000] {logging_mixin.py:151} INFO - [2023-11-02T08:51:47.741+0000] {dagbag.py:536} INFO - Filling up the DagBag from /home/airflow/.local/lib/python3.11/site-packages/airflow/example_dags/example_subdag_operator.py
[2023-11-02T08:51:47.760+0000] {processor.py:839} INFO - DAG(s) dict_keys(['example_subdag_operator.section-1', 'example_subdag_operator.section-2', 'example_subdag_operator']) retrieved from /home/airflow/.local/lib/python3.11/site-packages/airflow/example_dags/example_subdag_operator.py
[2023-11-02T08:51:47.770+0000] {logging_mixin.py:151} INFO - [2023-11-02T08:51:47.770+0000] {dag.py:2941} INFO - Sync 3 DAGs
[2023-11-02T08:51:47.788+0000] {logging_mixin.py:151} INFO - [2023-11-02T08:51:47.788+0000] {dag.py:3722} INFO - Setting next_dagrun for example_subdag_operator to 2022-01-01T00:00:00+00:00, run_after=2022-01-01T00:00:00+00:00
[2023-11-02T08:51:47.790+0000] {logging_mixin.py:151} INFO - [2023-11-02T08:51:47.790+0000] {dag.py:3722} INFO - Setting next_dagrun for example_subdag_operator.section-1 to None, run_after=None
[2023-11-02T08:51:47.791+0000] {logging_mixin.py:151} INFO - [2023-11-02T08:51:47.791+0000] {dag.py:3722} INFO - Setting next_dagrun for example_subdag_operator.section-2 to None, run_after=None
[2023-11-02T08:51:47.797+0000] {logging_mixin.py:151} INFO - [2023-11-02T08:51:47.797+0000] {dag.py:2941} INFO - Sync 2 DAGs
[2023-11-02T08:51:47.801+0000] {logging_mixin.py:151} INFO - [2023-11-02T08:51:47.800+0000] {dag.py:3722} INFO - Setting next_dagrun for example_subdag_operator.section-1 to None, run_after=None
[2023-11-02T08:51:47.801+0000] {logging_mixin.py:151} INFO - [2023-11-02T08:51:47.801+0000] {dag.py:3722} INFO - Setting next_dagrun for example_subdag_operator.section-2 to None, run_after=None
[2023-11-02T08:51:47.809+0000] {processor.py:179} INFO - Processing /home/airflow/.local/lib/python3.11/site-packages/airflow/example_dags/example_subdag_operator.py took 0.081 seconds
[2023-11-02T08:52:17.975+0000] {processor.py:157} INFO - Started process (PID=894) to work on /home/airflow/.local/lib/python3.11/site-packages/airflow/example_dags/example_subdag_operator.py
[2023-11-02T08:52:17.976+0000] {processor.py:829} INFO - Processing file /home/airflow/.local/lib/python3.11/site-packages/airflow/example_dags/example_subdag_operator.py for tasks to queue
[2023-11-02T08:52:17.978+0000] {logging_mixin.py:151} INFO - [2023-11-02T08:52:17.977+0000] {dagbag.py:536} INFO - Filling up the DagBag from /home/airflow/.local/lib/python3.11/site-packages/airflow/example_dags/example_subdag_operator.py
[2023-11-02T08:52:17.995+0000] {processor.py:839} INFO - DAG(s) dict_keys(['example_subdag_operator.section-1', 'example_subdag_operator.section-2', 'example_subdag_operator']) retrieved from /home/airflow/.local/lib/python3.11/site-packages/airflow/example_dags/example_subdag_operator.py
[2023-11-02T08:52:18.007+0000] {logging_mixin.py:151} INFO - [2023-11-02T08:52:18.007+0000] {dag.py:2941} INFO - Sync 3 DAGs
[2023-11-02T08:52:18.021+0000] {logging_mixin.py:151} INFO - [2023-11-02T08:52:18.021+0000] {dag.py:3722} INFO - Setting next_dagrun for example_subdag_operator to 2022-01-01T00:00:00+00:00, run_after=2022-01-01T00:00:00+00:00
[2023-11-02T08:52:18.024+0000] {logging_mixin.py:151} INFO - [2023-11-02T08:52:18.024+0000] {dag.py:3722} INFO - Setting next_dagrun for example_subdag_operator.section-1 to None, run_after=None
[2023-11-02T08:52:18.025+0000] {logging_mixin.py:151} INFO - [2023-11-02T08:52:18.024+0000] {dag.py:3722} INFO - Setting next_dagrun for example_subdag_operator.section-2 to None, run_after=None
[2023-11-02T08:52:18.030+0000] {logging_mixin.py:151} INFO - [2023-11-02T08:52:18.030+0000] {dag.py:2941} INFO - Sync 2 DAGs
[2023-11-02T08:52:18.033+0000] {logging_mixin.py:151} INFO - [2023-11-02T08:52:18.033+0000] {dag.py:3722} INFO - Setting next_dagrun for example_subdag_operator.section-1 to None, run_after=None
[2023-11-02T08:52:18.033+0000] {logging_mixin.py:151} INFO - [2023-11-02T08:52:18.033+0000] {dag.py:3722} INFO - Setting next_dagrun for example_subdag_operator.section-2 to None, run_after=None
[2023-11-02T08:52:18.040+0000] {processor.py:179} INFO - Processing /home/airflow/.local/lib/python3.11/site-packages/airflow/example_dags/example_subdag_operator.py took 0.067 seconds
[2023-11-02T08:52:48.306+0000] {processor.py:157} INFO - Started process (PID=949) to work on /home/airflow/.local/lib/python3.11/site-packages/airflow/example_dags/example_subdag_operator.py
[2023-11-02T08:52:48.306+0000] {processor.py:829} INFO - Processing file /home/airflow/.local/lib/python3.11/site-packages/airflow/example_dags/example_subdag_operator.py for tasks to queue
[2023-11-02T08:52:48.309+0000] {logging_mixin.py:151} INFO - [2023-11-02T08:52:48.308+0000] {dagbag.py:536} INFO - Filling up the DagBag from /home/airflow/.local/lib/python3.11/site-packages/airflow/example_dags/example_subdag_operator.py
[2023-11-02T08:52:48.332+0000] {processor.py:839} INFO - DAG(s) dict_keys(['example_subdag_operator.section-1', 'example_subdag_operator.section-2', 'example_subdag_operator']) retrieved from /home/airflow/.local/lib/python3.11/site-packages/airflow/example_dags/example_subdag_operator.py
[2023-11-02T08:52:48.347+0000] {logging_mixin.py:151} INFO - [2023-11-02T08:52:48.347+0000] {dag.py:2941} INFO - Sync 3 DAGs
[2023-11-02T08:52:48.367+0000] {logging_mixin.py:151} INFO - [2023-11-02T08:52:48.367+0000] {dag.py:3722} INFO - Setting next_dagrun for example_subdag_operator to 2022-01-01T00:00:00+00:00, run_after=2022-01-01T00:00:00+00:00
[2023-11-02T08:52:48.372+0000] {logging_mixin.py:151} INFO - [2023-11-02T08:52:48.372+0000] {dag.py:3722} INFO - Setting next_dagrun for example_subdag_operator.section-1 to None, run_after=None
[2023-11-02T08:52:48.374+0000] {logging_mixin.py:151} INFO - [2023-11-02T08:52:48.374+0000] {dag.py:3722} INFO - Setting next_dagrun for example_subdag_operator.section-2 to None, run_after=None
[2023-11-02T08:52:48.384+0000] {logging_mixin.py:151} INFO - [2023-11-02T08:52:48.384+0000] {dag.py:2941} INFO - Sync 2 DAGs
[2023-11-02T08:52:48.390+0000] {logging_mixin.py:151} INFO - [2023-11-02T08:52:48.390+0000] {dag.py:3722} INFO - Setting next_dagrun for example_subdag_operator.section-1 to None, run_after=None
[2023-11-02T08:52:48.391+0000] {logging_mixin.py:151} INFO - [2023-11-02T08:52:48.390+0000] {dag.py:3722} INFO - Setting next_dagrun for example_subdag_operator.section-2 to None, run_after=None
[2023-11-02T08:52:48.407+0000] {processor.py:179} INFO - Processing /home/airflow/.local/lib/python3.11/site-packages/airflow/example_dags/example_subdag_operator.py took 0.104 seconds
[2023-11-02T08:53:18.459+0000] {processor.py:157} INFO - Started process (PID=1004) to work on /home/airflow/.local/lib/python3.11/site-packages/airflow/example_dags/example_subdag_operator.py
[2023-11-02T08:53:18.460+0000] {processor.py:829} INFO - Processing file /home/airflow/.local/lib/python3.11/site-packages/airflow/example_dags/example_subdag_operator.py for tasks to queue
[2023-11-02T08:53:18.462+0000] {logging_mixin.py:151} INFO - [2023-11-02T08:53:18.462+0000] {dagbag.py:536} INFO - Filling up the DagBag from /home/airflow/.local/lib/python3.11/site-packages/airflow/example_dags/example_subdag_operator.py
[2023-11-02T08:53:18.482+0000] {processor.py:839} INFO - DAG(s) dict_keys(['example_subdag_operator.section-1', 'example_subdag_operator.section-2', 'example_subdag_operator']) retrieved from /home/airflow/.local/lib/python3.11/site-packages/airflow/example_dags/example_subdag_operator.py
[2023-11-02T08:53:18.493+0000] {logging_mixin.py:151} INFO - [2023-11-02T08:53:18.493+0000] {dag.py:2941} INFO - Sync 3 DAGs
[2023-11-02T08:53:18.508+0000] {logging_mixin.py:151} INFO - [2023-11-02T08:53:18.508+0000] {dag.py:3722} INFO - Setting next_dagrun for example_subdag_operator to 2022-01-01T00:00:00+00:00, run_after=2022-01-01T00:00:00+00:00
[2023-11-02T08:53:18.510+0000] {logging_mixin.py:151} INFO - [2023-11-02T08:53:18.510+0000] {dag.py:3722} INFO - Setting next_dagrun for example_subdag_operator.section-1 to None, run_after=None
[2023-11-02T08:53:18.512+0000] {logging_mixin.py:151} INFO - [2023-11-02T08:53:18.512+0000] {dag.py:3722} INFO - Setting next_dagrun for example_subdag_operator.section-2 to None, run_after=None
[2023-11-02T08:53:18.516+0000] {logging_mixin.py:151} INFO - [2023-11-02T08:53:18.516+0000] {dag.py:2941} INFO - Sync 2 DAGs
[2023-11-02T08:53:18.520+0000] {logging_mixin.py:151} INFO - [2023-11-02T08:53:18.520+0000] {dag.py:3722} INFO - Setting next_dagrun for example_subdag_operator.section-1 to None, run_after=None
[2023-11-02T08:53:18.520+0000] {logging_mixin.py:151} INFO - [2023-11-02T08:53:18.520+0000] {dag.py:3722} INFO - Setting next_dagrun for example_subdag_operator.section-2 to None, run_after=None
[2023-11-02T08:53:18.527+0000] {processor.py:179} INFO - Processing /home/airflow/.local/lib/python3.11/site-packages/airflow/example_dags/example_subdag_operator.py took 0.070 seconds
[2023-11-02T08:53:48.682+0000] {processor.py:157} INFO - Started process (PID=1059) to work on /home/airflow/.local/lib/python3.11/site-packages/airflow/example_dags/example_subdag_operator.py
[2023-11-02T08:53:48.683+0000] {processor.py:829} INFO - Processing file /home/airflow/.local/lib/python3.11/site-packages/airflow/example_dags/example_subdag_operator.py for tasks to queue
[2023-11-02T08:53:48.687+0000] {logging_mixin.py:151} INFO - [2023-11-02T08:53:48.687+0000] {dagbag.py:536} INFO - Filling up the DagBag from /home/airflow/.local/lib/python3.11/site-packages/airflow/example_dags/example_subdag_operator.py
[2023-11-02T08:53:48.704+0000] {processor.py:839} INFO - DAG(s) dict_keys(['example_subdag_operator.section-1', 'example_subdag_operator.section-2', 'example_subdag_operator']) retrieved from /home/airflow/.local/lib/python3.11/site-packages/airflow/example_dags/example_subdag_operator.py
[2023-11-02T08:53:48.713+0000] {logging_mixin.py:151} INFO - [2023-11-02T08:53:48.713+0000] {dag.py:2941} INFO - Sync 3 DAGs
[2023-11-02T08:53:48.727+0000] {logging_mixin.py:151} INFO - [2023-11-02T08:53:48.727+0000] {dag.py:3722} INFO - Setting next_dagrun for example_subdag_operator to 2022-01-01T00:00:00+00:00, run_after=2022-01-01T00:00:00+00:00
[2023-11-02T08:53:48.730+0000] {logging_mixin.py:151} INFO - [2023-11-02T08:53:48.730+0000] {dag.py:3722} INFO - Setting next_dagrun for example_subdag_operator.section-1 to None, run_after=None
[2023-11-02T08:53:48.730+0000] {logging_mixin.py:151} INFO - [2023-11-02T08:53:48.730+0000] {dag.py:3722} INFO - Setting next_dagrun for example_subdag_operator.section-2 to None, run_after=None
[2023-11-02T08:53:48.735+0000] {logging_mixin.py:151} INFO - [2023-11-02T08:53:48.735+0000] {dag.py:2941} INFO - Sync 2 DAGs
[2023-11-02T08:53:48.738+0000] {logging_mixin.py:151} INFO - [2023-11-02T08:53:48.738+0000] {dag.py:3722} INFO - Setting next_dagrun for example_subdag_operator.section-1 to None, run_after=None
[2023-11-02T08:53:48.738+0000] {logging_mixin.py:151} INFO - [2023-11-02T08:53:48.738+0000] {dag.py:3722} INFO - Setting next_dagrun for example_subdag_operator.section-2 to None, run_after=None
[2023-11-02T08:53:48.746+0000] {processor.py:179} INFO - Processing /home/airflow/.local/lib/python3.11/site-packages/airflow/example_dags/example_subdag_operator.py took 0.066 seconds
[2023-11-02T08:54:19.302+0000] {processor.py:157} INFO - Started process (PID=1114) to work on /home/airflow/.local/lib/python3.11/site-packages/airflow/example_dags/example_subdag_operator.py
[2023-11-02T08:54:19.303+0000] {processor.py:829} INFO - Processing file /home/airflow/.local/lib/python3.11/site-packages/airflow/example_dags/example_subdag_operator.py for tasks to queue
[2023-11-02T08:54:19.306+0000] {logging_mixin.py:151} INFO - [2023-11-02T08:54:19.306+0000] {dagbag.py:536} INFO - Filling up the DagBag from /home/airflow/.local/lib/python3.11/site-packages/airflow/example_dags/example_subdag_operator.py
[2023-11-02T08:54:19.323+0000] {processor.py:839} INFO - DAG(s) dict_keys(['example_subdag_operator.section-1', 'example_subdag_operator.section-2', 'example_subdag_operator']) retrieved from /home/airflow/.local/lib/python3.11/site-packages/airflow/example_dags/example_subdag_operator.py
[2023-11-02T08:54:19.332+0000] {logging_mixin.py:151} INFO - [2023-11-02T08:54:19.332+0000] {dag.py:2941} INFO - Sync 3 DAGs
[2023-11-02T08:54:19.347+0000] {logging_mixin.py:151} INFO - [2023-11-02T08:54:19.346+0000] {dag.py:3722} INFO - Setting next_dagrun for example_subdag_operator to 2022-01-01T00:00:00+00:00, run_after=2022-01-01T00:00:00+00:00
[2023-11-02T08:54:19.349+0000] {logging_mixin.py:151} INFO - [2023-11-02T08:54:19.349+0000] {dag.py:3722} INFO - Setting next_dagrun for example_subdag_operator.section-1 to None, run_after=None
[2023-11-02T08:54:19.350+0000] {logging_mixin.py:151} INFO - [2023-11-02T08:54:19.350+0000] {dag.py:3722} INFO - Setting next_dagrun for example_subdag_operator.section-2 to None, run_after=None
[2023-11-02T08:54:19.355+0000] {logging_mixin.py:151} INFO - [2023-11-02T08:54:19.355+0000] {dag.py:2941} INFO - Sync 2 DAGs
[2023-11-02T08:54:19.359+0000] {logging_mixin.py:151} INFO - [2023-11-02T08:54:19.359+0000] {dag.py:3722} INFO - Setting next_dagrun for example_subdag_operator.section-1 to None, run_after=None
[2023-11-02T08:54:19.359+0000] {logging_mixin.py:151} INFO - [2023-11-02T08:54:19.359+0000] {dag.py:3722} INFO - Setting next_dagrun for example_subdag_operator.section-2 to None, run_after=None
[2023-11-02T08:54:19.365+0000] {processor.py:179} INFO - Processing /home/airflow/.local/lib/python3.11/site-packages/airflow/example_dags/example_subdag_operator.py took 0.065 seconds
[2023-11-02T08:54:50.167+0000] {processor.py:157} INFO - Started process (PID=1169) to work on /home/airflow/.local/lib/python3.11/site-packages/airflow/example_dags/example_subdag_operator.py
[2023-11-02T08:54:50.169+0000] {processor.py:829} INFO - Processing file /home/airflow/.local/lib/python3.11/site-packages/airflow/example_dags/example_subdag_operator.py for tasks to queue
[2023-11-02T08:54:50.176+0000] {logging_mixin.py:151} INFO - [2023-11-02T08:54:50.175+0000] {dagbag.py:536} INFO - Filling up the DagBag from /home/airflow/.local/lib/python3.11/site-packages/airflow/example_dags/example_subdag_operator.py
[2023-11-02T08:54:50.220+0000] {processor.py:839} INFO - DAG(s) dict_keys(['example_subdag_operator.section-1', 'example_subdag_operator.section-2', 'example_subdag_operator']) retrieved from /home/airflow/.local/lib/python3.11/site-packages/airflow/example_dags/example_subdag_operator.py
[2023-11-02T08:54:50.252+0000] {logging_mixin.py:151} INFO - [2023-11-02T08:54:50.252+0000] {dag.py:2941} INFO - Sync 3 DAGs
[2023-11-02T08:54:50.279+0000] {logging_mixin.py:151} INFO - [2023-11-02T08:54:50.279+0000] {dag.py:3722} INFO - Setting next_dagrun for example_subdag_operator to 2022-01-01T00:00:00+00:00, run_after=2022-01-01T00:00:00+00:00
[2023-11-02T08:54:50.284+0000] {logging_mixin.py:151} INFO - [2023-11-02T08:54:50.284+0000] {dag.py:3722} INFO - Setting next_dagrun for example_subdag_operator.section-1 to None, run_after=None
[2023-11-02T08:54:50.286+0000] {logging_mixin.py:151} INFO - [2023-11-02T08:54:50.286+0000] {dag.py:3722} INFO - Setting next_dagrun for example_subdag_operator.section-2 to None, run_after=None
[2023-11-02T08:54:50.296+0000] {logging_mixin.py:151} INFO - [2023-11-02T08:54:50.296+0000] {dag.py:2941} INFO - Sync 2 DAGs
[2023-11-02T08:54:50.304+0000] {logging_mixin.py:151} INFO - [2023-11-02T08:54:50.303+0000] {dag.py:3722} INFO - Setting next_dagrun for example_subdag_operator.section-1 to None, run_after=None
[2023-11-02T08:54:50.304+0000] {logging_mixin.py:151} INFO - [2023-11-02T08:54:50.304+0000] {dag.py:3722} INFO - Setting next_dagrun for example_subdag_operator.section-2 to None, run_after=None
[2023-11-02T08:54:50.318+0000] {processor.py:179} INFO - Processing /home/airflow/.local/lib/python3.11/site-packages/airflow/example_dags/example_subdag_operator.py took 0.158 seconds
