[2023-11-02T08:44:34.555+0000] {processor.py:157} INFO - Started process (PID=39) to work on /home/airflow/.local/lib/python3.11/site-packages/airflow/example_dags/example_complex.py
[2023-11-02T08:44:34.558+0000] {processor.py:829} INFO - Processing file /home/airflow/.local/lib/python3.11/site-packages/airflow/example_dags/example_complex.py for tasks to queue
[2023-11-02T08:44:34.568+0000] {logging_mixin.py:151} INFO - [2023-11-02T08:44:34.567+0000] {dagbag.py:536} INFO - Filling up the DagBag from /home/airflow/.local/lib/python3.11/site-packages/airflow/example_dags/example_complex.py
[2023-11-02T08:44:34.592+0000] {processor.py:839} INFO - DAG(s) dict_keys(['example_complex']) retrieved from /home/airflow/.local/lib/python3.11/site-packages/airflow/example_dags/example_complex.py
[2023-11-02T08:44:34.935+0000] {logging_mixin.py:151} INFO - [2023-11-02T08:44:34.935+0000] {manager.py:499} INFO - Created Permission View: %s
[2023-11-02T08:44:34.962+0000] {logging_mixin.py:151} INFO - [2023-11-02T08:44:34.961+0000] {manager.py:499} INFO - Created Permission View: %s
[2023-11-02T08:44:34.983+0000] {logging_mixin.py:151} INFO - [2023-11-02T08:44:34.983+0000] {manager.py:499} INFO - Created Permission View: %s
[2023-11-02T08:44:34.984+0000] {logging_mixin.py:151} INFO - [2023-11-02T08:44:34.984+0000] {dag.py:2941} INFO - Sync 1 DAGs
[2023-11-02T08:44:35.008+0000] {logging_mixin.py:151} INFO - [2023-11-02T08:44:35.007+0000] {dag.py:2963} INFO - Creating ORM DAG for example_complex
[2023-11-02T08:44:35.010+0000] {logging_mixin.py:151} INFO - [2023-11-02T08:44:35.010+0000] {dag.py:3722} INFO - Setting next_dagrun for example_complex to None, run_after=None
[2023-11-02T08:44:35.043+0000] {processor.py:179} INFO - Processing /home/airflow/.local/lib/python3.11/site-packages/airflow/example_dags/example_complex.py took 0.500 seconds
[2023-11-02T08:45:05.175+0000] {processor.py:157} INFO - Started process (PID=94) to work on /home/airflow/.local/lib/python3.11/site-packages/airflow/example_dags/example_complex.py
[2023-11-02T08:45:05.176+0000] {processor.py:829} INFO - Processing file /home/airflow/.local/lib/python3.11/site-packages/airflow/example_dags/example_complex.py for tasks to queue
[2023-11-02T08:45:05.178+0000] {logging_mixin.py:151} INFO - [2023-11-02T08:45:05.178+0000] {dagbag.py:536} INFO - Filling up the DagBag from /home/airflow/.local/lib/python3.11/site-packages/airflow/example_dags/example_complex.py
[2023-11-02T08:45:05.187+0000] {processor.py:839} INFO - DAG(s) dict_keys(['example_complex']) retrieved from /home/airflow/.local/lib/python3.11/site-packages/airflow/example_dags/example_complex.py
[2023-11-02T08:45:05.213+0000] {logging_mixin.py:151} INFO - [2023-11-02T08:45:05.213+0000] {dag.py:2941} INFO - Sync 1 DAGs
[2023-11-02T08:45:05.223+0000] {logging_mixin.py:151} INFO - [2023-11-02T08:45:05.223+0000] {dag.py:3722} INFO - Setting next_dagrun for example_complex to None, run_after=None
[2023-11-02T08:45:05.237+0000] {processor.py:179} INFO - Processing /home/airflow/.local/lib/python3.11/site-packages/airflow/example_dags/example_complex.py took 0.065 seconds
[2023-11-02T08:45:35.357+0000] {processor.py:157} INFO - Started process (PID=149) to work on /home/airflow/.local/lib/python3.11/site-packages/airflow/example_dags/example_complex.py
[2023-11-02T08:45:35.358+0000] {processor.py:829} INFO - Processing file /home/airflow/.local/lib/python3.11/site-packages/airflow/example_dags/example_complex.py for tasks to queue
[2023-11-02T08:45:35.360+0000] {logging_mixin.py:151} INFO - [2023-11-02T08:45:35.360+0000] {dagbag.py:536} INFO - Filling up the DagBag from /home/airflow/.local/lib/python3.11/site-packages/airflow/example_dags/example_complex.py
[2023-11-02T08:45:35.368+0000] {processor.py:839} INFO - DAG(s) dict_keys(['example_complex']) retrieved from /home/airflow/.local/lib/python3.11/site-packages/airflow/example_dags/example_complex.py
[2023-11-02T08:45:35.388+0000] {logging_mixin.py:151} INFO - [2023-11-02T08:45:35.388+0000] {dag.py:2941} INFO - Sync 1 DAGs
[2023-11-02T08:45:35.397+0000] {logging_mixin.py:151} INFO - [2023-11-02T08:45:35.397+0000] {dag.py:3722} INFO - Setting next_dagrun for example_complex to None, run_after=None
[2023-11-02T08:45:35.408+0000] {processor.py:179} INFO - Processing /home/airflow/.local/lib/python3.11/site-packages/airflow/example_dags/example_complex.py took 0.053 seconds
[2023-11-02T08:46:06.140+0000] {processor.py:157} INFO - Started process (PID=204) to work on /home/airflow/.local/lib/python3.11/site-packages/airflow/example_dags/example_complex.py
[2023-11-02T08:46:06.141+0000] {processor.py:829} INFO - Processing file /home/airflow/.local/lib/python3.11/site-packages/airflow/example_dags/example_complex.py for tasks to queue
[2023-11-02T08:46:06.143+0000] {logging_mixin.py:151} INFO - [2023-11-02T08:46:06.142+0000] {dagbag.py:536} INFO - Filling up the DagBag from /home/airflow/.local/lib/python3.11/site-packages/airflow/example_dags/example_complex.py
[2023-11-02T08:46:06.150+0000] {processor.py:839} INFO - DAG(s) dict_keys(['example_complex']) retrieved from /home/airflow/.local/lib/python3.11/site-packages/airflow/example_dags/example_complex.py
[2023-11-02T08:46:06.169+0000] {logging_mixin.py:151} INFO - [2023-11-02T08:46:06.169+0000] {dag.py:2941} INFO - Sync 1 DAGs
[2023-11-02T08:46:06.178+0000] {logging_mixin.py:151} INFO - [2023-11-02T08:46:06.178+0000] {dag.py:3722} INFO - Setting next_dagrun for example_complex to None, run_after=None
[2023-11-02T08:46:06.188+0000] {processor.py:179} INFO - Processing /home/airflow/.local/lib/python3.11/site-packages/airflow/example_dags/example_complex.py took 0.050 seconds
[2023-11-02T08:46:36.637+0000] {processor.py:157} INFO - Started process (PID=259) to work on /home/airflow/.local/lib/python3.11/site-packages/airflow/example_dags/example_complex.py
[2023-11-02T08:46:36.638+0000] {processor.py:829} INFO - Processing file /home/airflow/.local/lib/python3.11/site-packages/airflow/example_dags/example_complex.py for tasks to queue
[2023-11-02T08:46:36.639+0000] {logging_mixin.py:151} INFO - [2023-11-02T08:46:36.639+0000] {dagbag.py:536} INFO - Filling up the DagBag from /home/airflow/.local/lib/python3.11/site-packages/airflow/example_dags/example_complex.py
[2023-11-02T08:46:36.647+0000] {processor.py:839} INFO - DAG(s) dict_keys(['example_complex']) retrieved from /home/airflow/.local/lib/python3.11/site-packages/airflow/example_dags/example_complex.py
[2023-11-02T08:46:36.666+0000] {logging_mixin.py:151} INFO - [2023-11-02T08:46:36.666+0000] {dag.py:2941} INFO - Sync 1 DAGs
[2023-11-02T08:46:36.675+0000] {logging_mixin.py:151} INFO - [2023-11-02T08:46:36.675+0000] {dag.py:3722} INFO - Setting next_dagrun for example_complex to None, run_after=None
[2023-11-02T08:46:36.685+0000] {processor.py:179} INFO - Processing /home/airflow/.local/lib/python3.11/site-packages/airflow/example_dags/example_complex.py took 0.050 seconds
[2023-11-02T08:47:06.824+0000] {processor.py:157} INFO - Started process (PID=314) to work on /home/airflow/.local/lib/python3.11/site-packages/airflow/example_dags/example_complex.py
[2023-11-02T08:47:06.825+0000] {processor.py:829} INFO - Processing file /home/airflow/.local/lib/python3.11/site-packages/airflow/example_dags/example_complex.py for tasks to queue
[2023-11-02T08:47:06.827+0000] {logging_mixin.py:151} INFO - [2023-11-02T08:47:06.826+0000] {dagbag.py:536} INFO - Filling up the DagBag from /home/airflow/.local/lib/python3.11/site-packages/airflow/example_dags/example_complex.py
[2023-11-02T08:47:06.834+0000] {processor.py:839} INFO - DAG(s) dict_keys(['example_complex']) retrieved from /home/airflow/.local/lib/python3.11/site-packages/airflow/example_dags/example_complex.py
[2023-11-02T08:47:06.853+0000] {logging_mixin.py:151} INFO - [2023-11-02T08:47:06.853+0000] {dag.py:2941} INFO - Sync 1 DAGs
[2023-11-02T08:47:06.862+0000] {logging_mixin.py:151} INFO - [2023-11-02T08:47:06.862+0000] {dag.py:3722} INFO - Setting next_dagrun for example_complex to None, run_after=None
[2023-11-02T08:47:06.872+0000] {processor.py:179} INFO - Processing /home/airflow/.local/lib/python3.11/site-packages/airflow/example_dags/example_complex.py took 0.050 seconds
[2023-11-02T08:47:37.028+0000] {processor.py:157} INFO - Started process (PID=369) to work on /home/airflow/.local/lib/python3.11/site-packages/airflow/example_dags/example_complex.py
[2023-11-02T08:47:37.029+0000] {processor.py:829} INFO - Processing file /home/airflow/.local/lib/python3.11/site-packages/airflow/example_dags/example_complex.py for tasks to queue
[2023-11-02T08:47:37.031+0000] {logging_mixin.py:151} INFO - [2023-11-02T08:47:37.031+0000] {dagbag.py:536} INFO - Filling up the DagBag from /home/airflow/.local/lib/python3.11/site-packages/airflow/example_dags/example_complex.py
[2023-11-02T08:47:37.039+0000] {processor.py:839} INFO - DAG(s) dict_keys(['example_complex']) retrieved from /home/airflow/.local/lib/python3.11/site-packages/airflow/example_dags/example_complex.py
[2023-11-02T08:47:37.059+0000] {logging_mixin.py:151} INFO - [2023-11-02T08:47:37.058+0000] {dag.py:2941} INFO - Sync 1 DAGs
[2023-11-02T08:47:37.067+0000] {logging_mixin.py:151} INFO - [2023-11-02T08:47:37.067+0000] {dag.py:3722} INFO - Setting next_dagrun for example_complex to None, run_after=None
[2023-11-02T08:47:37.079+0000] {processor.py:179} INFO - Processing /home/airflow/.local/lib/python3.11/site-packages/airflow/example_dags/example_complex.py took 0.053 seconds
[2023-11-02T08:48:07.280+0000] {processor.py:157} INFO - Started process (PID=424) to work on /home/airflow/.local/lib/python3.11/site-packages/airflow/example_dags/example_complex.py
[2023-11-02T08:48:07.281+0000] {processor.py:829} INFO - Processing file /home/airflow/.local/lib/python3.11/site-packages/airflow/example_dags/example_complex.py for tasks to queue
[2023-11-02T08:48:07.282+0000] {logging_mixin.py:151} INFO - [2023-11-02T08:48:07.282+0000] {dagbag.py:536} INFO - Filling up the DagBag from /home/airflow/.local/lib/python3.11/site-packages/airflow/example_dags/example_complex.py
[2023-11-02T08:48:07.289+0000] {processor.py:839} INFO - DAG(s) dict_keys(['example_complex']) retrieved from /home/airflow/.local/lib/python3.11/site-packages/airflow/example_dags/example_complex.py
[2023-11-02T08:48:07.309+0000] {logging_mixin.py:151} INFO - [2023-11-02T08:48:07.309+0000] {dag.py:2941} INFO - Sync 1 DAGs
[2023-11-02T08:48:07.317+0000] {logging_mixin.py:151} INFO - [2023-11-02T08:48:07.317+0000] {dag.py:3722} INFO - Setting next_dagrun for example_complex to None, run_after=None
[2023-11-02T08:48:07.327+0000] {processor.py:179} INFO - Processing /home/airflow/.local/lib/python3.11/site-packages/airflow/example_dags/example_complex.py took 0.050 seconds
[2023-11-02T08:48:37.496+0000] {processor.py:157} INFO - Started process (PID=479) to work on /home/airflow/.local/lib/python3.11/site-packages/airflow/example_dags/example_complex.py
[2023-11-02T08:48:37.496+0000] {processor.py:829} INFO - Processing file /home/airflow/.local/lib/python3.11/site-packages/airflow/example_dags/example_complex.py for tasks to queue
[2023-11-02T08:48:37.498+0000] {logging_mixin.py:151} INFO - [2023-11-02T08:48:37.498+0000] {dagbag.py:536} INFO - Filling up the DagBag from /home/airflow/.local/lib/python3.11/site-packages/airflow/example_dags/example_complex.py
[2023-11-02T08:48:37.505+0000] {processor.py:839} INFO - DAG(s) dict_keys(['example_complex']) retrieved from /home/airflow/.local/lib/python3.11/site-packages/airflow/example_dags/example_complex.py
[2023-11-02T08:48:37.524+0000] {logging_mixin.py:151} INFO - [2023-11-02T08:48:37.524+0000] {dag.py:2941} INFO - Sync 1 DAGs
[2023-11-02T08:48:37.533+0000] {logging_mixin.py:151} INFO - [2023-11-02T08:48:37.533+0000] {dag.py:3722} INFO - Setting next_dagrun for example_complex to None, run_after=None
[2023-11-02T08:48:37.543+0000] {processor.py:179} INFO - Processing /home/airflow/.local/lib/python3.11/site-packages/airflow/example_dags/example_complex.py took 0.050 seconds
[2023-11-02T08:49:07.639+0000] {processor.py:157} INFO - Started process (PID=534) to work on /home/airflow/.local/lib/python3.11/site-packages/airflow/example_dags/example_complex.py
[2023-11-02T08:49:07.639+0000] {processor.py:829} INFO - Processing file /home/airflow/.local/lib/python3.11/site-packages/airflow/example_dags/example_complex.py for tasks to queue
[2023-11-02T08:49:07.641+0000] {logging_mixin.py:151} INFO - [2023-11-02T08:49:07.641+0000] {dagbag.py:536} INFO - Filling up the DagBag from /home/airflow/.local/lib/python3.11/site-packages/airflow/example_dags/example_complex.py
[2023-11-02T08:49:07.648+0000] {processor.py:839} INFO - DAG(s) dict_keys(['example_complex']) retrieved from /home/airflow/.local/lib/python3.11/site-packages/airflow/example_dags/example_complex.py
[2023-11-02T08:49:07.668+0000] {logging_mixin.py:151} INFO - [2023-11-02T08:49:07.667+0000] {dag.py:2941} INFO - Sync 1 DAGs
[2023-11-02T08:49:07.676+0000] {logging_mixin.py:151} INFO - [2023-11-02T08:49:07.676+0000] {dag.py:3722} INFO - Setting next_dagrun for example_complex to None, run_after=None
[2023-11-02T08:49:07.687+0000] {processor.py:179} INFO - Processing /home/airflow/.local/lib/python3.11/site-packages/airflow/example_dags/example_complex.py took 0.051 seconds
[2023-11-02T08:49:37.915+0000] {processor.py:157} INFO - Started process (PID=589) to work on /home/airflow/.local/lib/python3.11/site-packages/airflow/example_dags/example_complex.py
[2023-11-02T08:49:37.916+0000] {processor.py:829} INFO - Processing file /home/airflow/.local/lib/python3.11/site-packages/airflow/example_dags/example_complex.py for tasks to queue
[2023-11-02T08:49:37.918+0000] {logging_mixin.py:151} INFO - [2023-11-02T08:49:37.918+0000] {dagbag.py:536} INFO - Filling up the DagBag from /home/airflow/.local/lib/python3.11/site-packages/airflow/example_dags/example_complex.py
[2023-11-02T08:49:37.925+0000] {processor.py:839} INFO - DAG(s) dict_keys(['example_complex']) retrieved from /home/airflow/.local/lib/python3.11/site-packages/airflow/example_dags/example_complex.py
[2023-11-02T08:49:37.944+0000] {logging_mixin.py:151} INFO - [2023-11-02T08:49:37.944+0000] {dag.py:2941} INFO - Sync 1 DAGs
[2023-11-02T08:49:37.953+0000] {logging_mixin.py:151} INFO - [2023-11-02T08:49:37.953+0000] {dag.py:3722} INFO - Setting next_dagrun for example_complex to None, run_after=None
[2023-11-02T08:49:37.963+0000] {processor.py:179} INFO - Processing /home/airflow/.local/lib/python3.11/site-packages/airflow/example_dags/example_complex.py took 0.050 seconds
[2023-11-02T08:50:08.192+0000] {processor.py:157} INFO - Started process (PID=644) to work on /home/airflow/.local/lib/python3.11/site-packages/airflow/example_dags/example_complex.py
[2023-11-02T08:50:08.193+0000] {processor.py:829} INFO - Processing file /home/airflow/.local/lib/python3.11/site-packages/airflow/example_dags/example_complex.py for tasks to queue
[2023-11-02T08:50:08.195+0000] {logging_mixin.py:151} INFO - [2023-11-02T08:50:08.194+0000] {dagbag.py:536} INFO - Filling up the DagBag from /home/airflow/.local/lib/python3.11/site-packages/airflow/example_dags/example_complex.py
[2023-11-02T08:50:08.203+0000] {processor.py:839} INFO - DAG(s) dict_keys(['example_complex']) retrieved from /home/airflow/.local/lib/python3.11/site-packages/airflow/example_dags/example_complex.py
[2023-11-02T08:50:08.222+0000] {logging_mixin.py:151} INFO - [2023-11-02T08:50:08.222+0000] {dag.py:2941} INFO - Sync 1 DAGs
[2023-11-02T08:50:08.231+0000] {logging_mixin.py:151} INFO - [2023-11-02T08:50:08.231+0000] {dag.py:3722} INFO - Setting next_dagrun for example_complex to None, run_after=None
[2023-11-02T08:50:08.242+0000] {processor.py:179} INFO - Processing /home/airflow/.local/lib/python3.11/site-packages/airflow/example_dags/example_complex.py took 0.052 seconds
[2023-11-02T08:50:38.371+0000] {processor.py:157} INFO - Started process (PID=699) to work on /home/airflow/.local/lib/python3.11/site-packages/airflow/example_dags/example_complex.py
[2023-11-02T08:50:38.373+0000] {processor.py:829} INFO - Processing file /home/airflow/.local/lib/python3.11/site-packages/airflow/example_dags/example_complex.py for tasks to queue
[2023-11-02T08:50:38.375+0000] {logging_mixin.py:151} INFO - [2023-11-02T08:50:38.374+0000] {dagbag.py:536} INFO - Filling up the DagBag from /home/airflow/.local/lib/python3.11/site-packages/airflow/example_dags/example_complex.py
[2023-11-02T08:50:38.382+0000] {processor.py:839} INFO - DAG(s) dict_keys(['example_complex']) retrieved from /home/airflow/.local/lib/python3.11/site-packages/airflow/example_dags/example_complex.py
[2023-11-02T08:50:38.401+0000] {logging_mixin.py:151} INFO - [2023-11-02T08:50:38.401+0000] {dag.py:2941} INFO - Sync 1 DAGs
[2023-11-02T08:50:38.410+0000] {logging_mixin.py:151} INFO - [2023-11-02T08:50:38.410+0000] {dag.py:3722} INFO - Setting next_dagrun for example_complex to None, run_after=None
[2023-11-02T08:50:38.420+0000] {processor.py:179} INFO - Processing /home/airflow/.local/lib/python3.11/site-packages/airflow/example_dags/example_complex.py took 0.051 seconds
[2023-11-02T08:51:09.292+0000] {processor.py:157} INFO - Started process (PID=754) to work on /home/airflow/.local/lib/python3.11/site-packages/airflow/example_dags/example_complex.py
[2023-11-02T08:51:09.294+0000] {processor.py:829} INFO - Processing file /home/airflow/.local/lib/python3.11/site-packages/airflow/example_dags/example_complex.py for tasks to queue
[2023-11-02T08:51:09.296+0000] {logging_mixin.py:151} INFO - [2023-11-02T08:51:09.296+0000] {dagbag.py:536} INFO - Filling up the DagBag from /home/airflow/.local/lib/python3.11/site-packages/airflow/example_dags/example_complex.py
[2023-11-02T08:51:09.304+0000] {processor.py:839} INFO - DAG(s) dict_keys(['example_complex']) retrieved from /home/airflow/.local/lib/python3.11/site-packages/airflow/example_dags/example_complex.py
[2023-11-02T08:51:09.322+0000] {logging_mixin.py:151} INFO - [2023-11-02T08:51:09.322+0000] {dag.py:2941} INFO - Sync 1 DAGs
[2023-11-02T08:51:09.330+0000] {logging_mixin.py:151} INFO - [2023-11-02T08:51:09.330+0000] {dag.py:3722} INFO - Setting next_dagrun for example_complex to None, run_after=None
[2023-11-02T08:51:09.340+0000] {processor.py:179} INFO - Processing /home/airflow/.local/lib/python3.11/site-packages/airflow/example_dags/example_complex.py took 0.051 seconds
[2023-11-02T08:51:39.561+0000] {processor.py:157} INFO - Started process (PID=809) to work on /home/airflow/.local/lib/python3.11/site-packages/airflow/example_dags/example_complex.py
[2023-11-02T08:51:39.562+0000] {processor.py:829} INFO - Processing file /home/airflow/.local/lib/python3.11/site-packages/airflow/example_dags/example_complex.py for tasks to queue
[2023-11-02T08:51:39.563+0000] {logging_mixin.py:151} INFO - [2023-11-02T08:51:39.563+0000] {dagbag.py:536} INFO - Filling up the DagBag from /home/airflow/.local/lib/python3.11/site-packages/airflow/example_dags/example_complex.py
[2023-11-02T08:51:39.571+0000] {processor.py:839} INFO - DAG(s) dict_keys(['example_complex']) retrieved from /home/airflow/.local/lib/python3.11/site-packages/airflow/example_dags/example_complex.py
[2023-11-02T08:51:39.590+0000] {logging_mixin.py:151} INFO - [2023-11-02T08:51:39.590+0000] {dag.py:2941} INFO - Sync 1 DAGs
[2023-11-02T08:51:39.598+0000] {logging_mixin.py:151} INFO - [2023-11-02T08:51:39.598+0000] {dag.py:3722} INFO - Setting next_dagrun for example_complex to None, run_after=None
[2023-11-02T08:51:39.608+0000] {processor.py:179} INFO - Processing /home/airflow/.local/lib/python3.11/site-packages/airflow/example_dags/example_complex.py took 0.050 seconds
[2023-11-02T08:52:09.822+0000] {processor.py:157} INFO - Started process (PID=864) to work on /home/airflow/.local/lib/python3.11/site-packages/airflow/example_dags/example_complex.py
[2023-11-02T08:52:09.822+0000] {processor.py:829} INFO - Processing file /home/airflow/.local/lib/python3.11/site-packages/airflow/example_dags/example_complex.py for tasks to queue
[2023-11-02T08:52:09.824+0000] {logging_mixin.py:151} INFO - [2023-11-02T08:52:09.824+0000] {dagbag.py:536} INFO - Filling up the DagBag from /home/airflow/.local/lib/python3.11/site-packages/airflow/example_dags/example_complex.py
[2023-11-02T08:52:09.831+0000] {processor.py:839} INFO - DAG(s) dict_keys(['example_complex']) retrieved from /home/airflow/.local/lib/python3.11/site-packages/airflow/example_dags/example_complex.py
[2023-11-02T08:52:09.850+0000] {logging_mixin.py:151} INFO - [2023-11-02T08:52:09.850+0000] {dag.py:2941} INFO - Sync 1 DAGs
[2023-11-02T08:52:09.858+0000] {logging_mixin.py:151} INFO - [2023-11-02T08:52:09.858+0000] {dag.py:3722} INFO - Setting next_dagrun for example_complex to None, run_after=None
[2023-11-02T08:52:09.868+0000] {processor.py:179} INFO - Processing /home/airflow/.local/lib/python3.11/site-packages/airflow/example_dags/example_complex.py took 0.049 seconds
[2023-11-02T08:52:39.973+0000] {processor.py:157} INFO - Started process (PID=919) to work on /home/airflow/.local/lib/python3.11/site-packages/airflow/example_dags/example_complex.py
[2023-11-02T08:52:39.974+0000] {processor.py:829} INFO - Processing file /home/airflow/.local/lib/python3.11/site-packages/airflow/example_dags/example_complex.py for tasks to queue
[2023-11-02T08:52:39.976+0000] {logging_mixin.py:151} INFO - [2023-11-02T08:52:39.975+0000] {dagbag.py:536} INFO - Filling up the DagBag from /home/airflow/.local/lib/python3.11/site-packages/airflow/example_dags/example_complex.py
[2023-11-02T08:52:39.983+0000] {processor.py:839} INFO - DAG(s) dict_keys(['example_complex']) retrieved from /home/airflow/.local/lib/python3.11/site-packages/airflow/example_dags/example_complex.py
[2023-11-02T08:52:40.002+0000] {logging_mixin.py:151} INFO - [2023-11-02T08:52:40.002+0000] {dag.py:2941} INFO - Sync 1 DAGs
[2023-11-02T08:52:40.010+0000] {logging_mixin.py:151} INFO - [2023-11-02T08:52:40.010+0000] {dag.py:3722} INFO - Setting next_dagrun for example_complex to None, run_after=None
[2023-11-02T08:52:40.020+0000] {processor.py:179} INFO - Processing /home/airflow/.local/lib/python3.11/site-packages/airflow/example_dags/example_complex.py took 0.049 seconds
[2023-11-02T08:53:10.405+0000] {processor.py:157} INFO - Started process (PID=972) to work on /home/airflow/.local/lib/python3.11/site-packages/airflow/example_dags/example_complex.py
[2023-11-02T08:53:10.410+0000] {processor.py:829} INFO - Processing file /home/airflow/.local/lib/python3.11/site-packages/airflow/example_dags/example_complex.py for tasks to queue
[2023-11-02T08:53:10.412+0000] {logging_mixin.py:151} INFO - [2023-11-02T08:53:10.412+0000] {dagbag.py:536} INFO - Filling up the DagBag from /home/airflow/.local/lib/python3.11/site-packages/airflow/example_dags/example_complex.py
[2023-11-02T08:53:10.419+0000] {processor.py:839} INFO - DAG(s) dict_keys(['example_complex']) retrieved from /home/airflow/.local/lib/python3.11/site-packages/airflow/example_dags/example_complex.py
[2023-11-02T08:53:10.440+0000] {logging_mixin.py:151} INFO - [2023-11-02T08:53:10.440+0000] {dag.py:2941} INFO - Sync 1 DAGs
[2023-11-02T08:53:10.448+0000] {logging_mixin.py:151} INFO - [2023-11-02T08:53:10.448+0000] {dag.py:3722} INFO - Setting next_dagrun for example_complex to None, run_after=None
[2023-11-02T08:53:10.458+0000] {processor.py:179} INFO - Processing /home/airflow/.local/lib/python3.11/site-packages/airflow/example_dags/example_complex.py took 0.055 seconds
[2023-11-02T08:53:40.575+0000] {processor.py:157} INFO - Started process (PID=1027) to work on /home/airflow/.local/lib/python3.11/site-packages/airflow/example_dags/example_complex.py
[2023-11-02T08:53:40.580+0000] {processor.py:829} INFO - Processing file /home/airflow/.local/lib/python3.11/site-packages/airflow/example_dags/example_complex.py for tasks to queue
[2023-11-02T08:53:40.582+0000] {logging_mixin.py:151} INFO - [2023-11-02T08:53:40.582+0000] {dagbag.py:536} INFO - Filling up the DagBag from /home/airflow/.local/lib/python3.11/site-packages/airflow/example_dags/example_complex.py
[2023-11-02T08:53:40.589+0000] {processor.py:839} INFO - DAG(s) dict_keys(['example_complex']) retrieved from /home/airflow/.local/lib/python3.11/site-packages/airflow/example_dags/example_complex.py
[2023-11-02T08:53:40.608+0000] {logging_mixin.py:151} INFO - [2023-11-02T08:53:40.607+0000] {dag.py:2941} INFO - Sync 1 DAGs
[2023-11-02T08:53:40.616+0000] {logging_mixin.py:151} INFO - [2023-11-02T08:53:40.616+0000] {dag.py:3722} INFO - Setting next_dagrun for example_complex to None, run_after=None
[2023-11-02T08:53:40.626+0000] {processor.py:179} INFO - Processing /home/airflow/.local/lib/python3.11/site-packages/airflow/example_dags/example_complex.py took 0.053 seconds
[2023-11-02T08:54:10.837+0000] {processor.py:157} INFO - Started process (PID=1082) to work on /home/airflow/.local/lib/python3.11/site-packages/airflow/example_dags/example_complex.py
[2023-11-02T08:54:10.841+0000] {processor.py:829} INFO - Processing file /home/airflow/.local/lib/python3.11/site-packages/airflow/example_dags/example_complex.py for tasks to queue
[2023-11-02T08:54:10.843+0000] {logging_mixin.py:151} INFO - [2023-11-02T08:54:10.843+0000] {dagbag.py:536} INFO - Filling up the DagBag from /home/airflow/.local/lib/python3.11/site-packages/airflow/example_dags/example_complex.py
[2023-11-02T08:54:10.852+0000] {processor.py:839} INFO - DAG(s) dict_keys(['example_complex']) retrieved from /home/airflow/.local/lib/python3.11/site-packages/airflow/example_dags/example_complex.py
[2023-11-02T08:54:10.871+0000] {logging_mixin.py:151} INFO - [2023-11-02T08:54:10.871+0000] {dag.py:2941} INFO - Sync 1 DAGs
[2023-11-02T08:54:10.881+0000] {logging_mixin.py:151} INFO - [2023-11-02T08:54:10.881+0000] {dag.py:3722} INFO - Setting next_dagrun for example_complex to None, run_after=None
[2023-11-02T08:54:10.893+0000] {processor.py:179} INFO - Processing /home/airflow/.local/lib/python3.11/site-packages/airflow/example_dags/example_complex.py took 0.058 seconds
[2023-11-02T08:54:41.407+0000] {processor.py:157} INFO - Started process (PID=1137) to work on /home/airflow/.local/lib/python3.11/site-packages/airflow/example_dags/example_complex.py
[2023-11-02T08:54:41.407+0000] {processor.py:829} INFO - Processing file /home/airflow/.local/lib/python3.11/site-packages/airflow/example_dags/example_complex.py for tasks to queue
[2023-11-02T08:54:41.411+0000] {logging_mixin.py:151} INFO - [2023-11-02T08:54:41.410+0000] {dagbag.py:536} INFO - Filling up the DagBag from /home/airflow/.local/lib/python3.11/site-packages/airflow/example_dags/example_complex.py
[2023-11-02T08:54:41.419+0000] {processor.py:839} INFO - DAG(s) dict_keys(['example_complex']) retrieved from /home/airflow/.local/lib/python3.11/site-packages/airflow/example_dags/example_complex.py
[2023-11-02T08:54:41.437+0000] {logging_mixin.py:151} INFO - [2023-11-02T08:54:41.437+0000] {dag.py:2941} INFO - Sync 1 DAGs
[2023-11-02T08:54:41.445+0000] {logging_mixin.py:151} INFO - [2023-11-02T08:54:41.445+0000] {dag.py:3722} INFO - Setting next_dagrun for example_complex to None, run_after=None
[2023-11-02T08:54:41.455+0000] {processor.py:179} INFO - Processing /home/airflow/.local/lib/python3.11/site-packages/airflow/example_dags/example_complex.py took 0.051 seconds
[2023-11-02T08:55:12.452+0000] {processor.py:157} INFO - Started process (PID=1192) to work on /home/airflow/.local/lib/python3.11/site-packages/airflow/example_dags/example_complex.py
[2023-11-02T08:55:12.452+0000] {processor.py:829} INFO - Processing file /home/airflow/.local/lib/python3.11/site-packages/airflow/example_dags/example_complex.py for tasks to queue
[2023-11-02T08:55:12.454+0000] {logging_mixin.py:151} INFO - [2023-11-02T08:55:12.454+0000] {dagbag.py:536} INFO - Filling up the DagBag from /home/airflow/.local/lib/python3.11/site-packages/airflow/example_dags/example_complex.py
[2023-11-02T08:55:12.462+0000] {processor.py:839} INFO - DAG(s) dict_keys(['example_complex']) retrieved from /home/airflow/.local/lib/python3.11/site-packages/airflow/example_dags/example_complex.py
[2023-11-02T08:55:12.482+0000] {logging_mixin.py:151} INFO - [2023-11-02T08:55:12.482+0000] {dag.py:2941} INFO - Sync 1 DAGs
[2023-11-02T08:55:12.491+0000] {logging_mixin.py:151} INFO - [2023-11-02T08:55:12.491+0000] {dag.py:3722} INFO - Setting next_dagrun for example_complex to None, run_after=None
[2023-11-02T08:55:12.503+0000] {processor.py:179} INFO - Processing /home/airflow/.local/lib/python3.11/site-packages/airflow/example_dags/example_complex.py took 0.054 seconds
[2023-11-02T08:55:43.456+0000] {processor.py:157} INFO - Started process (PID=1247) to work on /home/airflow/.local/lib/python3.11/site-packages/airflow/example_dags/example_complex.py
[2023-11-02T08:55:43.456+0000] {processor.py:829} INFO - Processing file /home/airflow/.local/lib/python3.11/site-packages/airflow/example_dags/example_complex.py for tasks to queue
[2023-11-02T08:55:43.459+0000] {logging_mixin.py:151} INFO - [2023-11-02T08:55:43.459+0000] {dagbag.py:536} INFO - Filling up the DagBag from /home/airflow/.local/lib/python3.11/site-packages/airflow/example_dags/example_complex.py
[2023-11-02T08:55:43.472+0000] {processor.py:839} INFO - DAG(s) dict_keys(['example_complex']) retrieved from /home/airflow/.local/lib/python3.11/site-packages/airflow/example_dags/example_complex.py
[2023-11-02T08:55:43.502+0000] {logging_mixin.py:151} INFO - [2023-11-02T08:55:43.502+0000] {dag.py:2941} INFO - Sync 1 DAGs
[2023-11-02T08:55:43.516+0000] {logging_mixin.py:151} INFO - [2023-11-02T08:55:43.516+0000] {dag.py:3722} INFO - Setting next_dagrun for example_complex to None, run_after=None
[2023-11-02T08:55:43.532+0000] {processor.py:179} INFO - Processing /home/airflow/.local/lib/python3.11/site-packages/airflow/example_dags/example_complex.py took 0.080 seconds
[2023-11-02T08:56:14.169+0000] {processor.py:157} INFO - Started process (PID=1302) to work on /home/airflow/.local/lib/python3.11/site-packages/airflow/example_dags/example_complex.py
[2023-11-02T08:56:14.170+0000] {processor.py:829} INFO - Processing file /home/airflow/.local/lib/python3.11/site-packages/airflow/example_dags/example_complex.py for tasks to queue
[2023-11-02T08:56:14.174+0000] {logging_mixin.py:151} INFO - [2023-11-02T08:56:14.174+0000] {dagbag.py:536} INFO - Filling up the DagBag from /home/airflow/.local/lib/python3.11/site-packages/airflow/example_dags/example_complex.py
[2023-11-02T08:56:14.182+0000] {processor.py:839} INFO - DAG(s) dict_keys(['example_complex']) retrieved from /home/airflow/.local/lib/python3.11/site-packages/airflow/example_dags/example_complex.py
[2023-11-02T08:56:14.201+0000] {logging_mixin.py:151} INFO - [2023-11-02T08:56:14.201+0000] {dag.py:2941} INFO - Sync 1 DAGs
[2023-11-02T08:56:14.211+0000] {logging_mixin.py:151} INFO - [2023-11-02T08:56:14.210+0000] {dag.py:3722} INFO - Setting next_dagrun for example_complex to None, run_after=None
[2023-11-02T08:56:14.225+0000] {processor.py:179} INFO - Processing /home/airflow/.local/lib/python3.11/site-packages/airflow/example_dags/example_complex.py took 0.058 seconds
[2023-11-02T08:56:44.890+0000] {processor.py:157} INFO - Started process (PID=1357) to work on /home/airflow/.local/lib/python3.11/site-packages/airflow/example_dags/example_complex.py
[2023-11-02T08:56:44.890+0000] {processor.py:829} INFO - Processing file /home/airflow/.local/lib/python3.11/site-packages/airflow/example_dags/example_complex.py for tasks to queue
[2023-11-02T08:56:44.892+0000] {logging_mixin.py:151} INFO - [2023-11-02T08:56:44.892+0000] {dagbag.py:536} INFO - Filling up the DagBag from /home/airflow/.local/lib/python3.11/site-packages/airflow/example_dags/example_complex.py
[2023-11-02T08:56:44.899+0000] {processor.py:839} INFO - DAG(s) dict_keys(['example_complex']) retrieved from /home/airflow/.local/lib/python3.11/site-packages/airflow/example_dags/example_complex.py
[2023-11-02T08:56:44.917+0000] {logging_mixin.py:151} INFO - [2023-11-02T08:56:44.917+0000] {dag.py:2941} INFO - Sync 1 DAGs
[2023-11-02T08:56:44.925+0000] {logging_mixin.py:151} INFO - [2023-11-02T08:56:44.925+0000] {dag.py:3722} INFO - Setting next_dagrun for example_complex to None, run_after=None
[2023-11-02T08:56:44.935+0000] {processor.py:179} INFO - Processing /home/airflow/.local/lib/python3.11/site-packages/airflow/example_dags/example_complex.py took 0.048 seconds
[2023-11-02T08:57:15.047+0000] {processor.py:157} INFO - Started process (PID=1412) to work on /home/airflow/.local/lib/python3.11/site-packages/airflow/example_dags/example_complex.py
[2023-11-02T08:57:15.048+0000] {processor.py:829} INFO - Processing file /home/airflow/.local/lib/python3.11/site-packages/airflow/example_dags/example_complex.py for tasks to queue
[2023-11-02T08:57:15.050+0000] {logging_mixin.py:151} INFO - [2023-11-02T08:57:15.049+0000] {dagbag.py:536} INFO - Filling up the DagBag from /home/airflow/.local/lib/python3.11/site-packages/airflow/example_dags/example_complex.py
[2023-11-02T08:57:15.057+0000] {processor.py:839} INFO - DAG(s) dict_keys(['example_complex']) retrieved from /home/airflow/.local/lib/python3.11/site-packages/airflow/example_dags/example_complex.py
[2023-11-02T08:57:15.075+0000] {logging_mixin.py:151} INFO - [2023-11-02T08:57:15.075+0000] {dag.py:2941} INFO - Sync 1 DAGs
[2023-11-02T08:57:15.083+0000] {logging_mixin.py:151} INFO - [2023-11-02T08:57:15.083+0000] {dag.py:3722} INFO - Setting next_dagrun for example_complex to None, run_after=None
[2023-11-02T08:57:15.093+0000] {processor.py:179} INFO - Processing /home/airflow/.local/lib/python3.11/site-packages/airflow/example_dags/example_complex.py took 0.052 seconds
[2023-11-02T08:57:45.162+0000] {processor.py:157} INFO - Started process (PID=1467) to work on /home/airflow/.local/lib/python3.11/site-packages/airflow/example_dags/example_complex.py
[2023-11-02T08:57:45.163+0000] {processor.py:829} INFO - Processing file /home/airflow/.local/lib/python3.11/site-packages/airflow/example_dags/example_complex.py for tasks to queue
[2023-11-02T08:57:45.166+0000] {logging_mixin.py:151} INFO - [2023-11-02T08:57:45.166+0000] {dagbag.py:536} INFO - Filling up the DagBag from /home/airflow/.local/lib/python3.11/site-packages/airflow/example_dags/example_complex.py
[2023-11-02T08:57:45.177+0000] {processor.py:839} INFO - DAG(s) dict_keys(['example_complex']) retrieved from /home/airflow/.local/lib/python3.11/site-packages/airflow/example_dags/example_complex.py
[2023-11-02T08:57:45.196+0000] {logging_mixin.py:151} INFO - [2023-11-02T08:57:45.196+0000] {dag.py:2941} INFO - Sync 1 DAGs
[2023-11-02T08:57:45.205+0000] {logging_mixin.py:151} INFO - [2023-11-02T08:57:45.205+0000] {dag.py:3722} INFO - Setting next_dagrun for example_complex to None, run_after=None
[2023-11-02T08:57:45.215+0000] {processor.py:179} INFO - Processing /home/airflow/.local/lib/python3.11/site-packages/airflow/example_dags/example_complex.py took 0.055 seconds
[2023-11-02T08:58:15.394+0000] {processor.py:157} INFO - Started process (PID=1522) to work on /home/airflow/.local/lib/python3.11/site-packages/airflow/example_dags/example_complex.py
[2023-11-02T08:58:15.395+0000] {processor.py:829} INFO - Processing file /home/airflow/.local/lib/python3.11/site-packages/airflow/example_dags/example_complex.py for tasks to queue
[2023-11-02T08:58:15.397+0000] {logging_mixin.py:151} INFO - [2023-11-02T08:58:15.397+0000] {dagbag.py:536} INFO - Filling up the DagBag from /home/airflow/.local/lib/python3.11/site-packages/airflow/example_dags/example_complex.py
[2023-11-02T08:58:15.405+0000] {processor.py:839} INFO - DAG(s) dict_keys(['example_complex']) retrieved from /home/airflow/.local/lib/python3.11/site-packages/airflow/example_dags/example_complex.py
[2023-11-02T08:58:15.431+0000] {logging_mixin.py:151} INFO - [2023-11-02T08:58:15.430+0000] {dag.py:2941} INFO - Sync 1 DAGs
[2023-11-02T08:58:15.439+0000] {logging_mixin.py:151} INFO - [2023-11-02T08:58:15.439+0000] {dag.py:3722} INFO - Setting next_dagrun for example_complex to None, run_after=None
[2023-11-02T08:58:15.450+0000] {processor.py:179} INFO - Processing /home/airflow/.local/lib/python3.11/site-packages/airflow/example_dags/example_complex.py took 0.059 seconds
[2023-11-02T08:58:45.711+0000] {processor.py:157} INFO - Started process (PID=1584) to work on /home/airflow/.local/lib/python3.11/site-packages/airflow/example_dags/example_complex.py
[2023-11-02T08:58:45.713+0000] {processor.py:829} INFO - Processing file /home/airflow/.local/lib/python3.11/site-packages/airflow/example_dags/example_complex.py for tasks to queue
[2023-11-02T08:58:45.715+0000] {logging_mixin.py:151} INFO - [2023-11-02T08:58:45.715+0000] {dagbag.py:536} INFO - Filling up the DagBag from /home/airflow/.local/lib/python3.11/site-packages/airflow/example_dags/example_complex.py
[2023-11-02T08:58:45.723+0000] {processor.py:839} INFO - DAG(s) dict_keys(['example_complex']) retrieved from /home/airflow/.local/lib/python3.11/site-packages/airflow/example_dags/example_complex.py
[2023-11-02T08:58:45.742+0000] {logging_mixin.py:151} INFO - [2023-11-02T08:58:45.742+0000] {dag.py:2941} INFO - Sync 1 DAGs
[2023-11-02T08:58:45.750+0000] {logging_mixin.py:151} INFO - [2023-11-02T08:58:45.750+0000] {dag.py:3722} INFO - Setting next_dagrun for example_complex to None, run_after=None
[2023-11-02T08:58:45.762+0000] {processor.py:179} INFO - Processing /home/airflow/.local/lib/python3.11/site-packages/airflow/example_dags/example_complex.py took 0.053 seconds
[2023-11-02T08:59:15.865+0000] {processor.py:157} INFO - Started process (PID=1639) to work on /home/airflow/.local/lib/python3.11/site-packages/airflow/example_dags/example_complex.py
[2023-11-02T08:59:15.865+0000] {processor.py:829} INFO - Processing file /home/airflow/.local/lib/python3.11/site-packages/airflow/example_dags/example_complex.py for tasks to queue
[2023-11-02T08:59:15.868+0000] {logging_mixin.py:151} INFO - [2023-11-02T08:59:15.868+0000] {dagbag.py:536} INFO - Filling up the DagBag from /home/airflow/.local/lib/python3.11/site-packages/airflow/example_dags/example_complex.py
[2023-11-02T08:59:15.875+0000] {processor.py:839} INFO - DAG(s) dict_keys(['example_complex']) retrieved from /home/airflow/.local/lib/python3.11/site-packages/airflow/example_dags/example_complex.py
[2023-11-02T08:59:15.895+0000] {logging_mixin.py:151} INFO - [2023-11-02T08:59:15.895+0000] {dag.py:2941} INFO - Sync 1 DAGs
[2023-11-02T08:59:15.905+0000] {logging_mixin.py:151} INFO - [2023-11-02T08:59:15.905+0000] {dag.py:3722} INFO - Setting next_dagrun for example_complex to None, run_after=None
[2023-11-02T08:59:15.916+0000] {processor.py:179} INFO - Processing /home/airflow/.local/lib/python3.11/site-packages/airflow/example_dags/example_complex.py took 0.054 seconds
[2023-11-02T08:59:46.198+0000] {processor.py:157} INFO - Started process (PID=1694) to work on /home/airflow/.local/lib/python3.11/site-packages/airflow/example_dags/example_complex.py
[2023-11-02T08:59:46.200+0000] {processor.py:829} INFO - Processing file /home/airflow/.local/lib/python3.11/site-packages/airflow/example_dags/example_complex.py for tasks to queue
[2023-11-02T08:59:46.202+0000] {logging_mixin.py:151} INFO - [2023-11-02T08:59:46.201+0000] {dagbag.py:536} INFO - Filling up the DagBag from /home/airflow/.local/lib/python3.11/site-packages/airflow/example_dags/example_complex.py
[2023-11-02T08:59:46.209+0000] {processor.py:839} INFO - DAG(s) dict_keys(['example_complex']) retrieved from /home/airflow/.local/lib/python3.11/site-packages/airflow/example_dags/example_complex.py
[2023-11-02T08:59:46.228+0000] {logging_mixin.py:151} INFO - [2023-11-02T08:59:46.227+0000] {dag.py:2941} INFO - Sync 1 DAGs
[2023-11-02T08:59:46.236+0000] {logging_mixin.py:151} INFO - [2023-11-02T08:59:46.236+0000] {dag.py:3722} INFO - Setting next_dagrun for example_complex to None, run_after=None
[2023-11-02T08:59:46.247+0000] {processor.py:179} INFO - Processing /home/airflow/.local/lib/python3.11/site-packages/airflow/example_dags/example_complex.py took 0.052 seconds
[2023-11-02T09:00:16.372+0000] {processor.py:157} INFO - Started process (PID=1749) to work on /home/airflow/.local/lib/python3.11/site-packages/airflow/example_dags/example_complex.py
[2023-11-02T09:00:16.372+0000] {processor.py:829} INFO - Processing file /home/airflow/.local/lib/python3.11/site-packages/airflow/example_dags/example_complex.py for tasks to queue
[2023-11-02T09:00:16.380+0000] {logging_mixin.py:151} INFO - [2023-11-02T09:00:16.380+0000] {dagbag.py:536} INFO - Filling up the DagBag from /home/airflow/.local/lib/python3.11/site-packages/airflow/example_dags/example_complex.py
[2023-11-02T09:00:16.389+0000] {processor.py:839} INFO - DAG(s) dict_keys(['example_complex']) retrieved from /home/airflow/.local/lib/python3.11/site-packages/airflow/example_dags/example_complex.py
[2023-11-02T09:00:16.411+0000] {logging_mixin.py:151} INFO - [2023-11-02T09:00:16.411+0000] {dag.py:2941} INFO - Sync 1 DAGs
[2023-11-02T09:00:16.420+0000] {logging_mixin.py:151} INFO - [2023-11-02T09:00:16.420+0000] {dag.py:3722} INFO - Setting next_dagrun for example_complex to None, run_after=None
[2023-11-02T09:00:16.431+0000] {processor.py:179} INFO - Processing /home/airflow/.local/lib/python3.11/site-packages/airflow/example_dags/example_complex.py took 0.062 seconds
[2023-11-02T09:00:47.414+0000] {processor.py:157} INFO - Started process (PID=1803) to work on /home/airflow/.local/lib/python3.11/site-packages/airflow/example_dags/example_complex.py
[2023-11-02T09:00:47.420+0000] {processor.py:829} INFO - Processing file /home/airflow/.local/lib/python3.11/site-packages/airflow/example_dags/example_complex.py for tasks to queue
[2023-11-02T09:00:47.423+0000] {logging_mixin.py:151} INFO - [2023-11-02T09:00:47.423+0000] {dagbag.py:536} INFO - Filling up the DagBag from /home/airflow/.local/lib/python3.11/site-packages/airflow/example_dags/example_complex.py
[2023-11-02T09:00:47.431+0000] {processor.py:839} INFO - DAG(s) dict_keys(['example_complex']) retrieved from /home/airflow/.local/lib/python3.11/site-packages/airflow/example_dags/example_complex.py
[2023-11-02T09:00:47.452+0000] {logging_mixin.py:151} INFO - [2023-11-02T09:00:47.451+0000] {dag.py:2941} INFO - Sync 1 DAGs
[2023-11-02T09:00:47.466+0000] {logging_mixin.py:151} INFO - [2023-11-02T09:00:47.466+0000] {dag.py:3722} INFO - Setting next_dagrun for example_complex to None, run_after=None
[2023-11-02T09:00:47.481+0000] {processor.py:179} INFO - Processing /home/airflow/.local/lib/python3.11/site-packages/airflow/example_dags/example_complex.py took 0.070 seconds
[2023-11-02T09:01:18.006+0000] {processor.py:157} INFO - Started process (PID=1858) to work on /home/airflow/.local/lib/python3.11/site-packages/airflow/example_dags/example_complex.py
[2023-11-02T09:01:18.006+0000] {processor.py:829} INFO - Processing file /home/airflow/.local/lib/python3.11/site-packages/airflow/example_dags/example_complex.py for tasks to queue
[2023-11-02T09:01:18.008+0000] {logging_mixin.py:151} INFO - [2023-11-02T09:01:18.008+0000] {dagbag.py:536} INFO - Filling up the DagBag from /home/airflow/.local/lib/python3.11/site-packages/airflow/example_dags/example_complex.py
[2023-11-02T09:01:18.016+0000] {processor.py:839} INFO - DAG(s) dict_keys(['example_complex']) retrieved from /home/airflow/.local/lib/python3.11/site-packages/airflow/example_dags/example_complex.py
[2023-11-02T09:01:18.035+0000] {logging_mixin.py:151} INFO - [2023-11-02T09:01:18.035+0000] {dag.py:2941} INFO - Sync 1 DAGs
[2023-11-02T09:01:18.044+0000] {logging_mixin.py:151} INFO - [2023-11-02T09:01:18.043+0000] {dag.py:3722} INFO - Setting next_dagrun for example_complex to None, run_after=None
[2023-11-02T09:01:18.055+0000] {processor.py:179} INFO - Processing /home/airflow/.local/lib/python3.11/site-packages/airflow/example_dags/example_complex.py took 0.052 seconds
[2023-11-02T09:01:48.384+0000] {processor.py:157} INFO - Started process (PID=1913) to work on /home/airflow/.local/lib/python3.11/site-packages/airflow/example_dags/example_complex.py
[2023-11-02T09:01:48.385+0000] {processor.py:829} INFO - Processing file /home/airflow/.local/lib/python3.11/site-packages/airflow/example_dags/example_complex.py for tasks to queue
[2023-11-02T09:01:48.387+0000] {logging_mixin.py:151} INFO - [2023-11-02T09:01:48.387+0000] {dagbag.py:536} INFO - Filling up the DagBag from /home/airflow/.local/lib/python3.11/site-packages/airflow/example_dags/example_complex.py
[2023-11-02T09:01:48.395+0000] {processor.py:839} INFO - DAG(s) dict_keys(['example_complex']) retrieved from /home/airflow/.local/lib/python3.11/site-packages/airflow/example_dags/example_complex.py
[2023-11-02T09:01:48.417+0000] {logging_mixin.py:151} INFO - [2023-11-02T09:01:48.417+0000] {dag.py:2941} INFO - Sync 1 DAGs
[2023-11-02T09:01:48.425+0000] {logging_mixin.py:151} INFO - [2023-11-02T09:01:48.425+0000] {dag.py:3722} INFO - Setting next_dagrun for example_complex to None, run_after=None
[2023-11-02T09:01:48.436+0000] {processor.py:179} INFO - Processing /home/airflow/.local/lib/python3.11/site-packages/airflow/example_dags/example_complex.py took 0.055 seconds
[2023-11-02T09:02:18.911+0000] {processor.py:157} INFO - Started process (PID=1968) to work on /home/airflow/.local/lib/python3.11/site-packages/airflow/example_dags/example_complex.py
[2023-11-02T09:02:18.912+0000] {processor.py:829} INFO - Processing file /home/airflow/.local/lib/python3.11/site-packages/airflow/example_dags/example_complex.py for tasks to queue
[2023-11-02T09:02:18.914+0000] {logging_mixin.py:151} INFO - [2023-11-02T09:02:18.914+0000] {dagbag.py:536} INFO - Filling up the DagBag from /home/airflow/.local/lib/python3.11/site-packages/airflow/example_dags/example_complex.py
[2023-11-02T09:02:18.929+0000] {processor.py:839} INFO - DAG(s) dict_keys(['example_complex']) retrieved from /home/airflow/.local/lib/python3.11/site-packages/airflow/example_dags/example_complex.py
[2023-11-02T09:02:18.955+0000] {logging_mixin.py:151} INFO - [2023-11-02T09:02:18.955+0000] {dag.py:2941} INFO - Sync 1 DAGs
[2023-11-02T09:02:18.968+0000] {logging_mixin.py:151} INFO - [2023-11-02T09:02:18.968+0000] {dag.py:3722} INFO - Setting next_dagrun for example_complex to None, run_after=None
[2023-11-02T09:02:18.986+0000] {processor.py:179} INFO - Processing /home/airflow/.local/lib/python3.11/site-packages/airflow/example_dags/example_complex.py took 0.080 seconds
[2023-11-02T09:02:49.217+0000] {processor.py:157} INFO - Started process (PID=2023) to work on /home/airflow/.local/lib/python3.11/site-packages/airflow/example_dags/example_complex.py
[2023-11-02T09:02:49.217+0000] {processor.py:829} INFO - Processing file /home/airflow/.local/lib/python3.11/site-packages/airflow/example_dags/example_complex.py for tasks to queue
[2023-11-02T09:02:49.219+0000] {logging_mixin.py:151} INFO - [2023-11-02T09:02:49.219+0000] {dagbag.py:536} INFO - Filling up the DagBag from /home/airflow/.local/lib/python3.11/site-packages/airflow/example_dags/example_complex.py
[2023-11-02T09:02:49.227+0000] {processor.py:839} INFO - DAG(s) dict_keys(['example_complex']) retrieved from /home/airflow/.local/lib/python3.11/site-packages/airflow/example_dags/example_complex.py
[2023-11-02T09:02:49.252+0000] {logging_mixin.py:151} INFO - [2023-11-02T09:02:49.251+0000] {dag.py:2941} INFO - Sync 1 DAGs
[2023-11-02T09:02:49.263+0000] {logging_mixin.py:151} INFO - [2023-11-02T09:02:49.263+0000] {dag.py:3722} INFO - Setting next_dagrun for example_complex to None, run_after=None
[2023-11-02T09:02:49.282+0000] {processor.py:179} INFO - Processing /home/airflow/.local/lib/python3.11/site-packages/airflow/example_dags/example_complex.py took 0.067 seconds
[2023-11-02T09:03:20.161+0000] {processor.py:157} INFO - Started process (PID=2078) to work on /home/airflow/.local/lib/python3.11/site-packages/airflow/example_dags/example_complex.py
[2023-11-02T09:03:20.162+0000] {processor.py:829} INFO - Processing file /home/airflow/.local/lib/python3.11/site-packages/airflow/example_dags/example_complex.py for tasks to queue
[2023-11-02T09:03:20.165+0000] {logging_mixin.py:151} INFO - [2023-11-02T09:03:20.165+0000] {dagbag.py:536} INFO - Filling up the DagBag from /home/airflow/.local/lib/python3.11/site-packages/airflow/example_dags/example_complex.py
[2023-11-02T09:03:20.176+0000] {processor.py:839} INFO - DAG(s) dict_keys(['example_complex']) retrieved from /home/airflow/.local/lib/python3.11/site-packages/airflow/example_dags/example_complex.py
[2023-11-02T09:03:20.197+0000] {logging_mixin.py:151} INFO - [2023-11-02T09:03:20.197+0000] {dag.py:2941} INFO - Sync 1 DAGs
[2023-11-02T09:03:20.209+0000] {logging_mixin.py:151} INFO - [2023-11-02T09:03:20.209+0000] {dag.py:3722} INFO - Setting next_dagrun for example_complex to None, run_after=None
[2023-11-02T09:03:20.220+0000] {processor.py:179} INFO - Processing /home/airflow/.local/lib/python3.11/site-packages/airflow/example_dags/example_complex.py took 0.062 seconds
[2023-11-02T09:03:50.752+0000] {processor.py:157} INFO - Started process (PID=2133) to work on /home/airflow/.local/lib/python3.11/site-packages/airflow/example_dags/example_complex.py
[2023-11-02T09:03:50.753+0000] {processor.py:829} INFO - Processing file /home/airflow/.local/lib/python3.11/site-packages/airflow/example_dags/example_complex.py for tasks to queue
[2023-11-02T09:03:50.755+0000] {logging_mixin.py:151} INFO - [2023-11-02T09:03:50.755+0000] {dagbag.py:536} INFO - Filling up the DagBag from /home/airflow/.local/lib/python3.11/site-packages/airflow/example_dags/example_complex.py
[2023-11-02T09:03:50.763+0000] {processor.py:839} INFO - DAG(s) dict_keys(['example_complex']) retrieved from /home/airflow/.local/lib/python3.11/site-packages/airflow/example_dags/example_complex.py
[2023-11-02T09:03:50.783+0000] {logging_mixin.py:151} INFO - [2023-11-02T09:03:50.783+0000] {dag.py:2941} INFO - Sync 1 DAGs
[2023-11-02T09:03:50.792+0000] {logging_mixin.py:151} INFO - [2023-11-02T09:03:50.792+0000] {dag.py:3722} INFO - Setting next_dagrun for example_complex to None, run_after=None
[2023-11-02T09:03:50.808+0000] {processor.py:179} INFO - Processing /home/airflow/.local/lib/python3.11/site-packages/airflow/example_dags/example_complex.py took 0.058 seconds
[2023-11-02T09:04:21.129+0000] {processor.py:157} INFO - Started process (PID=2188) to work on /home/airflow/.local/lib/python3.11/site-packages/airflow/example_dags/example_complex.py
[2023-11-02T09:04:21.130+0000] {processor.py:829} INFO - Processing file /home/airflow/.local/lib/python3.11/site-packages/airflow/example_dags/example_complex.py for tasks to queue
[2023-11-02T09:04:21.132+0000] {logging_mixin.py:151} INFO - [2023-11-02T09:04:21.131+0000] {dagbag.py:536} INFO - Filling up the DagBag from /home/airflow/.local/lib/python3.11/site-packages/airflow/example_dags/example_complex.py
[2023-11-02T09:04:21.139+0000] {processor.py:839} INFO - DAG(s) dict_keys(['example_complex']) retrieved from /home/airflow/.local/lib/python3.11/site-packages/airflow/example_dags/example_complex.py
[2023-11-02T09:04:21.158+0000] {logging_mixin.py:151} INFO - [2023-11-02T09:04:21.158+0000] {dag.py:2941} INFO - Sync 1 DAGs
[2023-11-02T09:04:21.166+0000] {logging_mixin.py:151} INFO - [2023-11-02T09:04:21.166+0000] {dag.py:3722} INFO - Setting next_dagrun for example_complex to None, run_after=None
[2023-11-02T09:04:21.176+0000] {processor.py:179} INFO - Processing /home/airflow/.local/lib/python3.11/site-packages/airflow/example_dags/example_complex.py took 0.050 seconds
[2023-11-02T09:04:52.215+0000] {processor.py:157} INFO - Started process (PID=2243) to work on /home/airflow/.local/lib/python3.11/site-packages/airflow/example_dags/example_complex.py
[2023-11-02T09:04:52.215+0000] {processor.py:829} INFO - Processing file /home/airflow/.local/lib/python3.11/site-packages/airflow/example_dags/example_complex.py for tasks to queue
[2023-11-02T09:04:52.217+0000] {logging_mixin.py:151} INFO - [2023-11-02T09:04:52.217+0000] {dagbag.py:536} INFO - Filling up the DagBag from /home/airflow/.local/lib/python3.11/site-packages/airflow/example_dags/example_complex.py
[2023-11-02T09:04:52.225+0000] {processor.py:839} INFO - DAG(s) dict_keys(['example_complex']) retrieved from /home/airflow/.local/lib/python3.11/site-packages/airflow/example_dags/example_complex.py
[2023-11-02T09:04:52.244+0000] {logging_mixin.py:151} INFO - [2023-11-02T09:04:52.244+0000] {dag.py:2941} INFO - Sync 1 DAGs
[2023-11-02T09:04:52.252+0000] {logging_mixin.py:151} INFO - [2023-11-02T09:04:52.252+0000] {dag.py:3722} INFO - Setting next_dagrun for example_complex to None, run_after=None
[2023-11-02T09:04:52.263+0000] {processor.py:179} INFO - Processing /home/airflow/.local/lib/python3.11/site-packages/airflow/example_dags/example_complex.py took 0.050 seconds
[2023-11-02T09:05:22.402+0000] {processor.py:157} INFO - Started process (PID=2298) to work on /home/airflow/.local/lib/python3.11/site-packages/airflow/example_dags/example_complex.py
[2023-11-02T09:05:22.403+0000] {processor.py:829} INFO - Processing file /home/airflow/.local/lib/python3.11/site-packages/airflow/example_dags/example_complex.py for tasks to queue
[2023-11-02T09:05:22.405+0000] {logging_mixin.py:151} INFO - [2023-11-02T09:05:22.404+0000] {dagbag.py:536} INFO - Filling up the DagBag from /home/airflow/.local/lib/python3.11/site-packages/airflow/example_dags/example_complex.py
[2023-11-02T09:05:22.412+0000] {processor.py:839} INFO - DAG(s) dict_keys(['example_complex']) retrieved from /home/airflow/.local/lib/python3.11/site-packages/airflow/example_dags/example_complex.py
[2023-11-02T09:05:22.432+0000] {logging_mixin.py:151} INFO - [2023-11-02T09:05:22.432+0000] {dag.py:2941} INFO - Sync 1 DAGs
[2023-11-02T09:05:22.441+0000] {logging_mixin.py:151} INFO - [2023-11-02T09:05:22.441+0000] {dag.py:3722} INFO - Setting next_dagrun for example_complex to None, run_after=None
[2023-11-02T09:05:22.453+0000] {processor.py:179} INFO - Processing /home/airflow/.local/lib/python3.11/site-packages/airflow/example_dags/example_complex.py took 0.054 seconds
[2023-11-02T09:05:52.507+0000] {processor.py:157} INFO - Started process (PID=2353) to work on /home/airflow/.local/lib/python3.11/site-packages/airflow/example_dags/example_complex.py
[2023-11-02T09:05:52.508+0000] {processor.py:829} INFO - Processing file /home/airflow/.local/lib/python3.11/site-packages/airflow/example_dags/example_complex.py for tasks to queue
[2023-11-02T09:05:52.510+0000] {logging_mixin.py:151} INFO - [2023-11-02T09:05:52.510+0000] {dagbag.py:536} INFO - Filling up the DagBag from /home/airflow/.local/lib/python3.11/site-packages/airflow/example_dags/example_complex.py
[2023-11-02T09:05:52.517+0000] {processor.py:839} INFO - DAG(s) dict_keys(['example_complex']) retrieved from /home/airflow/.local/lib/python3.11/site-packages/airflow/example_dags/example_complex.py
[2023-11-02T09:05:52.536+0000] {logging_mixin.py:151} INFO - [2023-11-02T09:05:52.536+0000] {dag.py:2941} INFO - Sync 1 DAGs
[2023-11-02T09:05:52.545+0000] {logging_mixin.py:151} INFO - [2023-11-02T09:05:52.544+0000] {dag.py:3722} INFO - Setting next_dagrun for example_complex to None, run_after=None
[2023-11-02T09:05:52.556+0000] {processor.py:179} INFO - Processing /home/airflow/.local/lib/python3.11/site-packages/airflow/example_dags/example_complex.py took 0.051 seconds
[2023-11-02T09:07:15.724+0000] {processor.py:157} INFO - Started process (PID=38) to work on /home/airflow/.local/lib/python3.11/site-packages/airflow/example_dags/example_complex.py
[2023-11-02T09:07:15.726+0000] {processor.py:829} INFO - Processing file /home/airflow/.local/lib/python3.11/site-packages/airflow/example_dags/example_complex.py for tasks to queue
[2023-11-02T09:07:15.730+0000] {logging_mixin.py:151} INFO - [2023-11-02T09:07:15.729+0000] {dagbag.py:536} INFO - Filling up the DagBag from /home/airflow/.local/lib/python3.11/site-packages/airflow/example_dags/example_complex.py
[2023-11-02T09:07:15.757+0000] {processor.py:839} INFO - DAG(s) dict_keys(['example_complex']) retrieved from /home/airflow/.local/lib/python3.11/site-packages/airflow/example_dags/example_complex.py
[2023-11-02T09:07:16.095+0000] {logging_mixin.py:151} INFO - [2023-11-02T09:07:16.094+0000] {manager.py:499} INFO - Created Permission View: %s
[2023-11-02T09:07:16.120+0000] {logging_mixin.py:151} INFO - [2023-11-02T09:07:16.120+0000] {manager.py:499} INFO - Created Permission View: %s
[2023-11-02T09:07:16.130+0000] {logging_mixin.py:151} INFO - [2023-11-02T09:07:16.129+0000] {manager.py:499} INFO - Created Permission View: %s
[2023-11-02T09:07:16.131+0000] {logging_mixin.py:151} INFO - [2023-11-02T09:07:16.130+0000] {dag.py:2941} INFO - Sync 1 DAGs
[2023-11-02T09:07:16.152+0000] {logging_mixin.py:151} INFO - [2023-11-02T09:07:16.152+0000] {dag.py:2963} INFO - Creating ORM DAG for example_complex
[2023-11-02T09:07:16.153+0000] {logging_mixin.py:151} INFO - [2023-11-02T09:07:16.153+0000] {dag.py:3722} INFO - Setting next_dagrun for example_complex to None, run_after=None
[2023-11-02T09:07:16.198+0000] {processor.py:179} INFO - Processing /home/airflow/.local/lib/python3.11/site-packages/airflow/example_dags/example_complex.py took 0.479 seconds
[2023-11-02T09:07:46.908+0000] {processor.py:157} INFO - Started process (PID=93) to work on /home/airflow/.local/lib/python3.11/site-packages/airflow/example_dags/example_complex.py
[2023-11-02T09:07:46.910+0000] {processor.py:829} INFO - Processing file /home/airflow/.local/lib/python3.11/site-packages/airflow/example_dags/example_complex.py for tasks to queue
[2023-11-02T09:07:46.914+0000] {logging_mixin.py:151} INFO - [2023-11-02T09:07:46.913+0000] {dagbag.py:536} INFO - Filling up the DagBag from /home/airflow/.local/lib/python3.11/site-packages/airflow/example_dags/example_complex.py
[2023-11-02T09:07:46.927+0000] {processor.py:839} INFO - DAG(s) dict_keys(['example_complex']) retrieved from /home/airflow/.local/lib/python3.11/site-packages/airflow/example_dags/example_complex.py
[2023-11-02T09:07:46.952+0000] {logging_mixin.py:151} INFO - [2023-11-02T09:07:46.952+0000] {dag.py:2941} INFO - Sync 1 DAGs
[2023-11-02T09:07:46.966+0000] {logging_mixin.py:151} INFO - [2023-11-02T09:07:46.966+0000] {dag.py:3722} INFO - Setting next_dagrun for example_complex to None, run_after=None
[2023-11-02T09:07:46.980+0000] {processor.py:179} INFO - Processing /home/airflow/.local/lib/python3.11/site-packages/airflow/example_dags/example_complex.py took 0.078 seconds
[2023-11-02T09:08:17.309+0000] {processor.py:157} INFO - Started process (PID=148) to work on /home/airflow/.local/lib/python3.11/site-packages/airflow/example_dags/example_complex.py
[2023-11-02T09:08:17.310+0000] {processor.py:829} INFO - Processing file /home/airflow/.local/lib/python3.11/site-packages/airflow/example_dags/example_complex.py for tasks to queue
[2023-11-02T09:08:17.317+0000] {logging_mixin.py:151} INFO - [2023-11-02T09:08:17.316+0000] {dagbag.py:536} INFO - Filling up the DagBag from /home/airflow/.local/lib/python3.11/site-packages/airflow/example_dags/example_complex.py
[2023-11-02T09:08:17.332+0000] {processor.py:839} INFO - DAG(s) dict_keys(['example_complex']) retrieved from /home/airflow/.local/lib/python3.11/site-packages/airflow/example_dags/example_complex.py
[2023-11-02T09:08:17.358+0000] {logging_mixin.py:151} INFO - [2023-11-02T09:08:17.358+0000] {dag.py:2941} INFO - Sync 1 DAGs
[2023-11-02T09:08:17.369+0000] {logging_mixin.py:151} INFO - [2023-11-02T09:08:17.369+0000] {dag.py:3722} INFO - Setting next_dagrun for example_complex to None, run_after=None
[2023-11-02T09:08:17.383+0000] {processor.py:179} INFO - Processing /home/airflow/.local/lib/python3.11/site-packages/airflow/example_dags/example_complex.py took 0.082 seconds
[2023-11-02T09:08:48.346+0000] {processor.py:157} INFO - Started process (PID=203) to work on /home/airflow/.local/lib/python3.11/site-packages/airflow/example_dags/example_complex.py
[2023-11-02T09:08:48.347+0000] {processor.py:829} INFO - Processing file /home/airflow/.local/lib/python3.11/site-packages/airflow/example_dags/example_complex.py for tasks to queue
[2023-11-02T09:08:48.351+0000] {logging_mixin.py:151} INFO - [2023-11-02T09:08:48.350+0000] {dagbag.py:536} INFO - Filling up the DagBag from /home/airflow/.local/lib/python3.11/site-packages/airflow/example_dags/example_complex.py
[2023-11-02T09:08:48.362+0000] {processor.py:839} INFO - DAG(s) dict_keys(['example_complex']) retrieved from /home/airflow/.local/lib/python3.11/site-packages/airflow/example_dags/example_complex.py
[2023-11-02T09:08:48.386+0000] {logging_mixin.py:151} INFO - [2023-11-02T09:08:48.386+0000] {dag.py:2941} INFO - Sync 1 DAGs
[2023-11-02T09:08:48.395+0000] {logging_mixin.py:151} INFO - [2023-11-02T09:08:48.394+0000] {dag.py:3722} INFO - Setting next_dagrun for example_complex to None, run_after=None
[2023-11-02T09:08:48.405+0000] {processor.py:179} INFO - Processing /home/airflow/.local/lib/python3.11/site-packages/airflow/example_dags/example_complex.py took 0.065 seconds
[2023-11-02T09:09:18.861+0000] {processor.py:157} INFO - Started process (PID=258) to work on /home/airflow/.local/lib/python3.11/site-packages/airflow/example_dags/example_complex.py
[2023-11-02T09:09:18.863+0000] {processor.py:829} INFO - Processing file /home/airflow/.local/lib/python3.11/site-packages/airflow/example_dags/example_complex.py for tasks to queue
[2023-11-02T09:09:18.867+0000] {logging_mixin.py:151} INFO - [2023-11-02T09:09:18.866+0000] {dagbag.py:536} INFO - Filling up the DagBag from /home/airflow/.local/lib/python3.11/site-packages/airflow/example_dags/example_complex.py
[2023-11-02T09:09:18.880+0000] {processor.py:839} INFO - DAG(s) dict_keys(['example_complex']) retrieved from /home/airflow/.local/lib/python3.11/site-packages/airflow/example_dags/example_complex.py
[2023-11-02T09:09:18.907+0000] {logging_mixin.py:151} INFO - [2023-11-02T09:09:18.907+0000] {dag.py:2941} INFO - Sync 1 DAGs
[2023-11-02T09:09:18.917+0000] {logging_mixin.py:151} INFO - [2023-11-02T09:09:18.917+0000] {dag.py:3722} INFO - Setting next_dagrun for example_complex to None, run_after=None
[2023-11-02T09:09:18.933+0000] {processor.py:179} INFO - Processing /home/airflow/.local/lib/python3.11/site-packages/airflow/example_dags/example_complex.py took 0.078 seconds
[2023-11-02T09:09:49.132+0000] {processor.py:157} INFO - Started process (PID=313) to work on /home/airflow/.local/lib/python3.11/site-packages/airflow/example_dags/example_complex.py
[2023-11-02T09:09:49.133+0000] {processor.py:829} INFO - Processing file /home/airflow/.local/lib/python3.11/site-packages/airflow/example_dags/example_complex.py for tasks to queue
[2023-11-02T09:09:49.140+0000] {logging_mixin.py:151} INFO - [2023-11-02T09:09:49.139+0000] {dagbag.py:536} INFO - Filling up the DagBag from /home/airflow/.local/lib/python3.11/site-packages/airflow/example_dags/example_complex.py
[2023-11-02T09:09:49.156+0000] {processor.py:839} INFO - DAG(s) dict_keys(['example_complex']) retrieved from /home/airflow/.local/lib/python3.11/site-packages/airflow/example_dags/example_complex.py
[2023-11-02T09:09:49.184+0000] {logging_mixin.py:151} INFO - [2023-11-02T09:09:49.184+0000] {dag.py:2941} INFO - Sync 1 DAGs
[2023-11-02T09:09:49.196+0000] {logging_mixin.py:151} INFO - [2023-11-02T09:09:49.196+0000] {dag.py:3722} INFO - Setting next_dagrun for example_complex to None, run_after=None
[2023-11-02T09:09:49.207+0000] {processor.py:179} INFO - Processing /home/airflow/.local/lib/python3.11/site-packages/airflow/example_dags/example_complex.py took 0.083 seconds
[2023-11-02T09:10:19.378+0000] {processor.py:157} INFO - Started process (PID=368) to work on /home/airflow/.local/lib/python3.11/site-packages/airflow/example_dags/example_complex.py
[2023-11-02T09:10:19.379+0000] {processor.py:829} INFO - Processing file /home/airflow/.local/lib/python3.11/site-packages/airflow/example_dags/example_complex.py for tasks to queue
[2023-11-02T09:10:19.381+0000] {logging_mixin.py:151} INFO - [2023-11-02T09:10:19.381+0000] {dagbag.py:536} INFO - Filling up the DagBag from /home/airflow/.local/lib/python3.11/site-packages/airflow/example_dags/example_complex.py
[2023-11-02T09:10:19.391+0000] {processor.py:839} INFO - DAG(s) dict_keys(['example_complex']) retrieved from /home/airflow/.local/lib/python3.11/site-packages/airflow/example_dags/example_complex.py
[2023-11-02T09:10:19.413+0000] {logging_mixin.py:151} INFO - [2023-11-02T09:10:19.412+0000] {dag.py:2941} INFO - Sync 1 DAGs
[2023-11-02T09:10:19.422+0000] {logging_mixin.py:151} INFO - [2023-11-02T09:10:19.422+0000] {dag.py:3722} INFO - Setting next_dagrun for example_complex to None, run_after=None
[2023-11-02T09:10:19.435+0000] {processor.py:179} INFO - Processing /home/airflow/.local/lib/python3.11/site-packages/airflow/example_dags/example_complex.py took 0.060 seconds
[2023-11-02T09:10:50.179+0000] {processor.py:157} INFO - Started process (PID=421) to work on /home/airflow/.local/lib/python3.11/site-packages/airflow/example_dags/example_complex.py
[2023-11-02T09:10:50.179+0000] {processor.py:829} INFO - Processing file /home/airflow/.local/lib/python3.11/site-packages/airflow/example_dags/example_complex.py for tasks to queue
[2023-11-02T09:10:50.184+0000] {logging_mixin.py:151} INFO - [2023-11-02T09:10:50.183+0000] {dagbag.py:536} INFO - Filling up the DagBag from /home/airflow/.local/lib/python3.11/site-packages/airflow/example_dags/example_complex.py
[2023-11-02T09:10:50.193+0000] {processor.py:839} INFO - DAG(s) dict_keys(['example_complex']) retrieved from /home/airflow/.local/lib/python3.11/site-packages/airflow/example_dags/example_complex.py
[2023-11-02T09:10:50.240+0000] {logging_mixin.py:151} INFO - [2023-11-02T09:10:50.239+0000] {dag.py:2941} INFO - Sync 1 DAGs
[2023-11-02T09:10:50.262+0000] {logging_mixin.py:151} INFO - [2023-11-02T09:10:50.262+0000] {dag.py:3722} INFO - Setting next_dagrun for example_complex to None, run_after=None
[2023-11-02T09:10:50.284+0000] {processor.py:179} INFO - Processing /home/airflow/.local/lib/python3.11/site-packages/airflow/example_dags/example_complex.py took 0.108 seconds
[2023-11-02T09:11:20.336+0000] {processor.py:157} INFO - Started process (PID=476) to work on /home/airflow/.local/lib/python3.11/site-packages/airflow/example_dags/example_complex.py
[2023-11-02T09:11:20.336+0000] {processor.py:829} INFO - Processing file /home/airflow/.local/lib/python3.11/site-packages/airflow/example_dags/example_complex.py for tasks to queue
[2023-11-02T09:11:20.338+0000] {logging_mixin.py:151} INFO - [2023-11-02T09:11:20.338+0000] {dagbag.py:536} INFO - Filling up the DagBag from /home/airflow/.local/lib/python3.11/site-packages/airflow/example_dags/example_complex.py
[2023-11-02T09:11:20.346+0000] {processor.py:839} INFO - DAG(s) dict_keys(['example_complex']) retrieved from /home/airflow/.local/lib/python3.11/site-packages/airflow/example_dags/example_complex.py
[2023-11-02T09:11:20.369+0000] {logging_mixin.py:151} INFO - [2023-11-02T09:11:20.369+0000] {dag.py:2941} INFO - Sync 1 DAGs
[2023-11-02T09:11:20.380+0000] {logging_mixin.py:151} INFO - [2023-11-02T09:11:20.380+0000] {dag.py:3722} INFO - Setting next_dagrun for example_complex to None, run_after=None
[2023-11-02T09:11:20.393+0000] {processor.py:179} INFO - Processing /home/airflow/.local/lib/python3.11/site-packages/airflow/example_dags/example_complex.py took 0.060 seconds
[2023-11-02T09:11:50.556+0000] {processor.py:157} INFO - Started process (PID=531) to work on /home/airflow/.local/lib/python3.11/site-packages/airflow/example_dags/example_complex.py
[2023-11-02T09:11:50.557+0000] {processor.py:829} INFO - Processing file /home/airflow/.local/lib/python3.11/site-packages/airflow/example_dags/example_complex.py for tasks to queue
[2023-11-02T09:11:50.559+0000] {logging_mixin.py:151} INFO - [2023-11-02T09:11:50.559+0000] {dagbag.py:536} INFO - Filling up the DagBag from /home/airflow/.local/lib/python3.11/site-packages/airflow/example_dags/example_complex.py
[2023-11-02T09:11:50.570+0000] {processor.py:839} INFO - DAG(s) dict_keys(['example_complex']) retrieved from /home/airflow/.local/lib/python3.11/site-packages/airflow/example_dags/example_complex.py
[2023-11-02T09:11:50.592+0000] {logging_mixin.py:151} INFO - [2023-11-02T09:11:50.592+0000] {dag.py:2941} INFO - Sync 1 DAGs
[2023-11-02T09:11:50.603+0000] {logging_mixin.py:151} INFO - [2023-11-02T09:11:50.602+0000] {dag.py:3722} INFO - Setting next_dagrun for example_complex to None, run_after=None
[2023-11-02T09:11:50.615+0000] {processor.py:179} INFO - Processing /home/airflow/.local/lib/python3.11/site-packages/airflow/example_dags/example_complex.py took 0.062 seconds
[2023-11-02T09:12:20.976+0000] {processor.py:157} INFO - Started process (PID=585) to work on /home/airflow/.local/lib/python3.11/site-packages/airflow/example_dags/example_complex.py
[2023-11-02T09:12:20.977+0000] {processor.py:829} INFO - Processing file /home/airflow/.local/lib/python3.11/site-packages/airflow/example_dags/example_complex.py for tasks to queue
[2023-11-02T09:12:20.979+0000] {logging_mixin.py:151} INFO - [2023-11-02T09:12:20.979+0000] {dagbag.py:536} INFO - Filling up the DagBag from /home/airflow/.local/lib/python3.11/site-packages/airflow/example_dags/example_complex.py
[2023-11-02T09:12:20.986+0000] {processor.py:839} INFO - DAG(s) dict_keys(['example_complex']) retrieved from /home/airflow/.local/lib/python3.11/site-packages/airflow/example_dags/example_complex.py
[2023-11-02T09:12:21.006+0000] {logging_mixin.py:151} INFO - [2023-11-02T09:12:21.006+0000] {dag.py:2941} INFO - Sync 1 DAGs
[2023-11-02T09:12:21.015+0000] {logging_mixin.py:151} INFO - [2023-11-02T09:12:21.015+0000] {dag.py:3722} INFO - Setting next_dagrun for example_complex to None, run_after=None
[2023-11-02T09:12:21.027+0000] {processor.py:179} INFO - Processing /home/airflow/.local/lib/python3.11/site-packages/airflow/example_dags/example_complex.py took 0.053 seconds
[2023-11-02T09:12:51.627+0000] {processor.py:157} INFO - Started process (PID=640) to work on /home/airflow/.local/lib/python3.11/site-packages/airflow/example_dags/example_complex.py
[2023-11-02T09:12:51.628+0000] {processor.py:829} INFO - Processing file /home/airflow/.local/lib/python3.11/site-packages/airflow/example_dags/example_complex.py for tasks to queue
[2023-11-02T09:12:51.630+0000] {logging_mixin.py:151} INFO - [2023-11-02T09:12:51.630+0000] {dagbag.py:536} INFO - Filling up the DagBag from /home/airflow/.local/lib/python3.11/site-packages/airflow/example_dags/example_complex.py
[2023-11-02T09:12:51.643+0000] {processor.py:839} INFO - DAG(s) dict_keys(['example_complex']) retrieved from /home/airflow/.local/lib/python3.11/site-packages/airflow/example_dags/example_complex.py
[2023-11-02T09:12:51.687+0000] {logging_mixin.py:151} INFO - [2023-11-02T09:12:51.687+0000] {dag.py:2941} INFO - Sync 1 DAGs
[2023-11-02T09:12:51.700+0000] {logging_mixin.py:151} INFO - [2023-11-02T09:12:51.700+0000] {dag.py:3722} INFO - Setting next_dagrun for example_complex to None, run_after=None
[2023-11-02T09:12:51.716+0000] {processor.py:179} INFO - Processing /home/airflow/.local/lib/python3.11/site-packages/airflow/example_dags/example_complex.py took 0.094 seconds
[2023-11-02T09:13:21.762+0000] {processor.py:157} INFO - Started process (PID=695) to work on /home/airflow/.local/lib/python3.11/site-packages/airflow/example_dags/example_complex.py
[2023-11-02T09:13:21.763+0000] {processor.py:829} INFO - Processing file /home/airflow/.local/lib/python3.11/site-packages/airflow/example_dags/example_complex.py for tasks to queue
[2023-11-02T09:13:21.764+0000] {logging_mixin.py:151} INFO - [2023-11-02T09:13:21.764+0000] {dagbag.py:536} INFO - Filling up the DagBag from /home/airflow/.local/lib/python3.11/site-packages/airflow/example_dags/example_complex.py
[2023-11-02T09:13:21.772+0000] {processor.py:839} INFO - DAG(s) dict_keys(['example_complex']) retrieved from /home/airflow/.local/lib/python3.11/site-packages/airflow/example_dags/example_complex.py
[2023-11-02T09:13:21.792+0000] {logging_mixin.py:151} INFO - [2023-11-02T09:13:21.792+0000] {dag.py:2941} INFO - Sync 1 DAGs
[2023-11-02T09:13:21.800+0000] {logging_mixin.py:151} INFO - [2023-11-02T09:13:21.800+0000] {dag.py:3722} INFO - Setting next_dagrun for example_complex to None, run_after=None
[2023-11-02T09:13:21.810+0000] {processor.py:179} INFO - Processing /home/airflow/.local/lib/python3.11/site-packages/airflow/example_dags/example_complex.py took 0.051 seconds
[2023-11-02T09:13:52.200+0000] {processor.py:157} INFO - Started process (PID=749) to work on /home/airflow/.local/lib/python3.11/site-packages/airflow/example_dags/example_complex.py
[2023-11-02T09:13:52.201+0000] {processor.py:829} INFO - Processing file /home/airflow/.local/lib/python3.11/site-packages/airflow/example_dags/example_complex.py for tasks to queue
[2023-11-02T09:13:52.203+0000] {logging_mixin.py:151} INFO - [2023-11-02T09:13:52.202+0000] {dagbag.py:536} INFO - Filling up the DagBag from /home/airflow/.local/lib/python3.11/site-packages/airflow/example_dags/example_complex.py
[2023-11-02T09:13:52.210+0000] {processor.py:839} INFO - DAG(s) dict_keys(['example_complex']) retrieved from /home/airflow/.local/lib/python3.11/site-packages/airflow/example_dags/example_complex.py
[2023-11-02T09:13:52.230+0000] {logging_mixin.py:151} INFO - [2023-11-02T09:13:52.230+0000] {dag.py:2941} INFO - Sync 1 DAGs
[2023-11-02T09:13:52.238+0000] {logging_mixin.py:151} INFO - [2023-11-02T09:13:52.238+0000] {dag.py:3722} INFO - Setting next_dagrun for example_complex to None, run_after=None
[2023-11-02T09:13:52.249+0000] {processor.py:179} INFO - Processing /home/airflow/.local/lib/python3.11/site-packages/airflow/example_dags/example_complex.py took 0.051 seconds
[2023-11-02T09:14:22.942+0000] {processor.py:157} INFO - Started process (PID=805) to work on /home/airflow/.local/lib/python3.11/site-packages/airflow/example_dags/example_complex.py
[2023-11-02T09:14:22.943+0000] {processor.py:829} INFO - Processing file /home/airflow/.local/lib/python3.11/site-packages/airflow/example_dags/example_complex.py for tasks to queue
[2023-11-02T09:14:22.945+0000] {logging_mixin.py:151} INFO - [2023-11-02T09:14:22.945+0000] {dagbag.py:536} INFO - Filling up the DagBag from /home/airflow/.local/lib/python3.11/site-packages/airflow/example_dags/example_complex.py
[2023-11-02T09:14:22.952+0000] {processor.py:839} INFO - DAG(s) dict_keys(['example_complex']) retrieved from /home/airflow/.local/lib/python3.11/site-packages/airflow/example_dags/example_complex.py
[2023-11-02T09:14:22.971+0000] {logging_mixin.py:151} INFO - [2023-11-02T09:14:22.971+0000] {dag.py:2941} INFO - Sync 1 DAGs
[2023-11-02T09:14:22.979+0000] {logging_mixin.py:151} INFO - [2023-11-02T09:14:22.979+0000] {dag.py:3722} INFO - Setting next_dagrun for example_complex to None, run_after=None
[2023-11-02T09:14:22.990+0000] {processor.py:179} INFO - Processing /home/airflow/.local/lib/python3.11/site-packages/airflow/example_dags/example_complex.py took 0.050 seconds
[2023-11-02T09:14:53.724+0000] {processor.py:157} INFO - Started process (PID=860) to work on /home/airflow/.local/lib/python3.11/site-packages/airflow/example_dags/example_complex.py
[2023-11-02T09:14:53.724+0000] {processor.py:829} INFO - Processing file /home/airflow/.local/lib/python3.11/site-packages/airflow/example_dags/example_complex.py for tasks to queue
[2023-11-02T09:14:53.726+0000] {logging_mixin.py:151} INFO - [2023-11-02T09:14:53.726+0000] {dagbag.py:536} INFO - Filling up the DagBag from /home/airflow/.local/lib/python3.11/site-packages/airflow/example_dags/example_complex.py
[2023-11-02T09:14:53.734+0000] {processor.py:839} INFO - DAG(s) dict_keys(['example_complex']) retrieved from /home/airflow/.local/lib/python3.11/site-packages/airflow/example_dags/example_complex.py
[2023-11-02T09:14:53.753+0000] {logging_mixin.py:151} INFO - [2023-11-02T09:14:53.752+0000] {dag.py:2941} INFO - Sync 1 DAGs
[2023-11-02T09:14:53.761+0000] {logging_mixin.py:151} INFO - [2023-11-02T09:14:53.761+0000] {dag.py:3722} INFO - Setting next_dagrun for example_complex to None, run_after=None
[2023-11-02T09:14:53.771+0000] {processor.py:179} INFO - Processing /home/airflow/.local/lib/python3.11/site-packages/airflow/example_dags/example_complex.py took 0.050 seconds
[2023-11-02T09:15:23.898+0000] {processor.py:157} INFO - Started process (PID=915) to work on /home/airflow/.local/lib/python3.11/site-packages/airflow/example_dags/example_complex.py
[2023-11-02T09:15:23.898+0000] {processor.py:829} INFO - Processing file /home/airflow/.local/lib/python3.11/site-packages/airflow/example_dags/example_complex.py for tasks to queue
[2023-11-02T09:15:23.900+0000] {logging_mixin.py:151} INFO - [2023-11-02T09:15:23.900+0000] {dagbag.py:536} INFO - Filling up the DagBag from /home/airflow/.local/lib/python3.11/site-packages/airflow/example_dags/example_complex.py
[2023-11-02T09:15:23.907+0000] {processor.py:839} INFO - DAG(s) dict_keys(['example_complex']) retrieved from /home/airflow/.local/lib/python3.11/site-packages/airflow/example_dags/example_complex.py
[2023-11-02T09:15:23.926+0000] {logging_mixin.py:151} INFO - [2023-11-02T09:15:23.926+0000] {dag.py:2941} INFO - Sync 1 DAGs
[2023-11-02T09:15:23.934+0000] {logging_mixin.py:151} INFO - [2023-11-02T09:15:23.934+0000] {dag.py:3722} INFO - Setting next_dagrun for example_complex to None, run_after=None
[2023-11-02T09:15:23.944+0000] {processor.py:179} INFO - Processing /home/airflow/.local/lib/python3.11/site-packages/airflow/example_dags/example_complex.py took 0.049 seconds
[2023-11-02T09:15:54.135+0000] {processor.py:157} INFO - Started process (PID=970) to work on /home/airflow/.local/lib/python3.11/site-packages/airflow/example_dags/example_complex.py
[2023-11-02T09:15:54.135+0000] {processor.py:829} INFO - Processing file /home/airflow/.local/lib/python3.11/site-packages/airflow/example_dags/example_complex.py for tasks to queue
[2023-11-02T09:15:54.137+0000] {logging_mixin.py:151} INFO - [2023-11-02T09:15:54.137+0000] {dagbag.py:536} INFO - Filling up the DagBag from /home/airflow/.local/lib/python3.11/site-packages/airflow/example_dags/example_complex.py
[2023-11-02T09:15:54.144+0000] {processor.py:839} INFO - DAG(s) dict_keys(['example_complex']) retrieved from /home/airflow/.local/lib/python3.11/site-packages/airflow/example_dags/example_complex.py
[2023-11-02T09:15:54.163+0000] {logging_mixin.py:151} INFO - [2023-11-02T09:15:54.163+0000] {dag.py:2941} INFO - Sync 1 DAGs
[2023-11-02T09:15:54.171+0000] {logging_mixin.py:151} INFO - [2023-11-02T09:15:54.171+0000] {dag.py:3722} INFO - Setting next_dagrun for example_complex to None, run_after=None
[2023-11-02T09:15:54.181+0000] {processor.py:179} INFO - Processing /home/airflow/.local/lib/python3.11/site-packages/airflow/example_dags/example_complex.py took 0.049 seconds
[2023-11-02T09:16:24.301+0000] {processor.py:157} INFO - Started process (PID=1025) to work on /home/airflow/.local/lib/python3.11/site-packages/airflow/example_dags/example_complex.py
[2023-11-02T09:16:24.306+0000] {processor.py:829} INFO - Processing file /home/airflow/.local/lib/python3.11/site-packages/airflow/example_dags/example_complex.py for tasks to queue
[2023-11-02T09:16:24.309+0000] {logging_mixin.py:151} INFO - [2023-11-02T09:16:24.309+0000] {dagbag.py:536} INFO - Filling up the DagBag from /home/airflow/.local/lib/python3.11/site-packages/airflow/example_dags/example_complex.py
[2023-11-02T09:16:24.316+0000] {processor.py:839} INFO - DAG(s) dict_keys(['example_complex']) retrieved from /home/airflow/.local/lib/python3.11/site-packages/airflow/example_dags/example_complex.py
[2023-11-02T09:16:24.335+0000] {logging_mixin.py:151} INFO - [2023-11-02T09:16:24.335+0000] {dag.py:2941} INFO - Sync 1 DAGs
[2023-11-02T09:16:24.344+0000] {logging_mixin.py:151} INFO - [2023-11-02T09:16:24.343+0000] {dag.py:3722} INFO - Setting next_dagrun for example_complex to None, run_after=None
[2023-11-02T09:16:24.355+0000] {processor.py:179} INFO - Processing /home/airflow/.local/lib/python3.11/site-packages/airflow/example_dags/example_complex.py took 0.056 seconds
[2023-11-02T09:16:54.845+0000] {processor.py:157} INFO - Started process (PID=1080) to work on /home/airflow/.local/lib/python3.11/site-packages/airflow/example_dags/example_complex.py
[2023-11-02T09:16:54.845+0000] {processor.py:829} INFO - Processing file /home/airflow/.local/lib/python3.11/site-packages/airflow/example_dags/example_complex.py for tasks to queue
[2023-11-02T09:16:54.847+0000] {logging_mixin.py:151} INFO - [2023-11-02T09:16:54.847+0000] {dagbag.py:536} INFO - Filling up the DagBag from /home/airflow/.local/lib/python3.11/site-packages/airflow/example_dags/example_complex.py
[2023-11-02T09:16:54.855+0000] {processor.py:839} INFO - DAG(s) dict_keys(['example_complex']) retrieved from /home/airflow/.local/lib/python3.11/site-packages/airflow/example_dags/example_complex.py
[2023-11-02T09:16:54.873+0000] {logging_mixin.py:151} INFO - [2023-11-02T09:16:54.873+0000] {dag.py:2941} INFO - Sync 1 DAGs
[2023-11-02T09:16:54.881+0000] {logging_mixin.py:151} INFO - [2023-11-02T09:16:54.881+0000] {dag.py:3722} INFO - Setting next_dagrun for example_complex to None, run_after=None
[2023-11-02T09:16:54.891+0000] {processor.py:179} INFO - Processing /home/airflow/.local/lib/python3.11/site-packages/airflow/example_dags/example_complex.py took 0.049 seconds
[2023-11-02T09:17:25.630+0000] {processor.py:157} INFO - Started process (PID=1142) to work on /home/airflow/.local/lib/python3.11/site-packages/airflow/example_dags/example_complex.py
[2023-11-02T09:17:25.631+0000] {processor.py:829} INFO - Processing file /home/airflow/.local/lib/python3.11/site-packages/airflow/example_dags/example_complex.py for tasks to queue
[2023-11-02T09:17:25.633+0000] {logging_mixin.py:151} INFO - [2023-11-02T09:17:25.632+0000] {dagbag.py:536} INFO - Filling up the DagBag from /home/airflow/.local/lib/python3.11/site-packages/airflow/example_dags/example_complex.py
[2023-11-02T09:17:25.640+0000] {processor.py:839} INFO - DAG(s) dict_keys(['example_complex']) retrieved from /home/airflow/.local/lib/python3.11/site-packages/airflow/example_dags/example_complex.py
[2023-11-02T09:17:25.659+0000] {logging_mixin.py:151} INFO - [2023-11-02T09:17:25.659+0000] {dag.py:2941} INFO - Sync 1 DAGs
[2023-11-02T09:17:25.667+0000] {logging_mixin.py:151} INFO - [2023-11-02T09:17:25.667+0000] {dag.py:3722} INFO - Setting next_dagrun for example_complex to None, run_after=None
[2023-11-02T09:17:25.682+0000] {processor.py:179} INFO - Processing /home/airflow/.local/lib/python3.11/site-packages/airflow/example_dags/example_complex.py took 0.055 seconds
[2023-11-02T09:17:56.256+0000] {processor.py:157} INFO - Started process (PID=1197) to work on /home/airflow/.local/lib/python3.11/site-packages/airflow/example_dags/example_complex.py
[2023-11-02T09:17:56.258+0000] {processor.py:829} INFO - Processing file /home/airflow/.local/lib/python3.11/site-packages/airflow/example_dags/example_complex.py for tasks to queue
[2023-11-02T09:17:56.264+0000] {logging_mixin.py:151} INFO - [2023-11-02T09:17:56.264+0000] {dagbag.py:536} INFO - Filling up the DagBag from /home/airflow/.local/lib/python3.11/site-packages/airflow/example_dags/example_complex.py
[2023-11-02T09:17:56.283+0000] {processor.py:839} INFO - DAG(s) dict_keys(['example_complex']) retrieved from /home/airflow/.local/lib/python3.11/site-packages/airflow/example_dags/example_complex.py
[2023-11-02T09:17:56.310+0000] {logging_mixin.py:151} INFO - [2023-11-02T09:17:56.310+0000] {dag.py:2941} INFO - Sync 1 DAGs
[2023-11-02T09:17:56.337+0000] {logging_mixin.py:151} INFO - [2023-11-02T09:17:56.337+0000] {dag.py:3722} INFO - Setting next_dagrun for example_complex to None, run_after=None
[2023-11-02T09:17:56.360+0000] {processor.py:179} INFO - Processing /home/airflow/.local/lib/python3.11/site-packages/airflow/example_dags/example_complex.py took 0.112 seconds
[2023-11-02T09:18:27.238+0000] {processor.py:157} INFO - Started process (PID=1252) to work on /home/airflow/.local/lib/python3.11/site-packages/airflow/example_dags/example_complex.py
[2023-11-02T09:18:27.239+0000] {processor.py:829} INFO - Processing file /home/airflow/.local/lib/python3.11/site-packages/airflow/example_dags/example_complex.py for tasks to queue
[2023-11-02T09:18:27.242+0000] {logging_mixin.py:151} INFO - [2023-11-02T09:18:27.241+0000] {dagbag.py:536} INFO - Filling up the DagBag from /home/airflow/.local/lib/python3.11/site-packages/airflow/example_dags/example_complex.py
[2023-11-02T09:18:27.252+0000] {processor.py:839} INFO - DAG(s) dict_keys(['example_complex']) retrieved from /home/airflow/.local/lib/python3.11/site-packages/airflow/example_dags/example_complex.py
[2023-11-02T09:18:27.272+0000] {logging_mixin.py:151} INFO - [2023-11-02T09:18:27.272+0000] {dag.py:2941} INFO - Sync 1 DAGs
[2023-11-02T09:18:27.281+0000] {logging_mixin.py:151} INFO - [2023-11-02T09:18:27.281+0000] {dag.py:3722} INFO - Setting next_dagrun for example_complex to None, run_after=None
[2023-11-02T09:18:27.293+0000] {processor.py:179} INFO - Processing /home/airflow/.local/lib/python3.11/site-packages/airflow/example_dags/example_complex.py took 0.057 seconds
