[2023-11-02T08:44:35.928+0000] {processor.py:157} INFO - Started process (PID=43) to work on /home/airflow/.local/lib/python3.11/site-packages/airflow/example_dags/example_dynamic_task_mapping_with_no_taskflow_operators.py
[2023-11-02T08:44:35.929+0000] {processor.py:829} INFO - Processing file /home/airflow/.local/lib/python3.11/site-packages/airflow/example_dags/example_dynamic_task_mapping_with_no_taskflow_operators.py for tasks to queue
[2023-11-02T08:44:35.932+0000] {logging_mixin.py:151} INFO - [2023-11-02T08:44:35.932+0000] {dagbag.py:536} INFO - Filling up the DagBag from /home/airflow/.local/lib/python3.11/site-packages/airflow/example_dags/example_dynamic_task_mapping_with_no_taskflow_operators.py
[2023-11-02T08:44:35.952+0000] {processor.py:839} INFO - DAG(s) dict_keys(['example_dynamic_task_mapping_with_no_taskflow_operators']) retrieved from /home/airflow/.local/lib/python3.11/site-packages/airflow/example_dags/example_dynamic_task_mapping_with_no_taskflow_operators.py
[2023-11-02T08:44:36.297+0000] {logging_mixin.py:151} INFO - [2023-11-02T08:44:36.296+0000] {manager.py:499} INFO - Created Permission View: %s
[2023-11-02T08:44:36.361+0000] {logging_mixin.py:151} INFO - [2023-11-02T08:44:36.361+0000] {manager.py:499} INFO - Created Permission View: %s
[2023-11-02T08:44:36.392+0000] {logging_mixin.py:151} INFO - [2023-11-02T08:44:36.390+0000] {manager.py:499} INFO - Created Permission View: %s
[2023-11-02T08:44:36.397+0000] {logging_mixin.py:151} INFO - [2023-11-02T08:44:36.396+0000] {dag.py:2941} INFO - Sync 1 DAGs
[2023-11-02T08:44:36.428+0000] {logging_mixin.py:151} INFO - [2023-11-02T08:44:36.427+0000] {dag.py:2963} INFO - Creating ORM DAG for example_dynamic_task_mapping_with_no_taskflow_operators
[2023-11-02T08:44:36.460+0000] {logging_mixin.py:151} INFO - [2023-11-02T08:44:36.460+0000] {dag.py:3722} INFO - Setting next_dagrun for example_dynamic_task_mapping_with_no_taskflow_operators to 2023-11-01T08:44:36.459922+00:00, run_after=2023-11-02T08:44:36.459922+00:00
[2023-11-02T08:44:36.492+0000] {processor.py:179} INFO - Processing /home/airflow/.local/lib/python3.11/site-packages/airflow/example_dags/example_dynamic_task_mapping_with_no_taskflow_operators.py took 0.569 seconds
[2023-11-02T08:45:07.387+0000] {processor.py:157} INFO - Started process (PID=98) to work on /home/airflow/.local/lib/python3.11/site-packages/airflow/example_dags/example_dynamic_task_mapping_with_no_taskflow_operators.py
[2023-11-02T08:45:07.391+0000] {processor.py:829} INFO - Processing file /home/airflow/.local/lib/python3.11/site-packages/airflow/example_dags/example_dynamic_task_mapping_with_no_taskflow_operators.py for tasks to queue
[2023-11-02T08:45:07.394+0000] {logging_mixin.py:151} INFO - [2023-11-02T08:45:07.394+0000] {dagbag.py:536} INFO - Filling up the DagBag from /home/airflow/.local/lib/python3.11/site-packages/airflow/example_dags/example_dynamic_task_mapping_with_no_taskflow_operators.py
[2023-11-02T08:45:07.406+0000] {processor.py:839} INFO - DAG(s) dict_keys(['example_dynamic_task_mapping_with_no_taskflow_operators']) retrieved from /home/airflow/.local/lib/python3.11/site-packages/airflow/example_dags/example_dynamic_task_mapping_with_no_taskflow_operators.py
[2023-11-02T08:45:07.422+0000] {logging_mixin.py:151} INFO - [2023-11-02T08:45:07.422+0000] {dag.py:2941} INFO - Sync 1 DAGs
[2023-11-02T08:45:07.443+0000] {logging_mixin.py:151} INFO - [2023-11-02T08:45:07.443+0000] {dag.py:3722} INFO - Setting next_dagrun for example_dynamic_task_mapping_with_no_taskflow_operators to 2023-11-01T08:45:07.443134+00:00, run_after=2023-11-02T08:45:07.443134+00:00
[2023-11-02T08:45:07.457+0000] {processor.py:179} INFO - Processing /home/airflow/.local/lib/python3.11/site-packages/airflow/example_dags/example_dynamic_task_mapping_with_no_taskflow_operators.py took 0.073 seconds
[2023-11-02T08:45:37.536+0000] {processor.py:157} INFO - Started process (PID=153) to work on /home/airflow/.local/lib/python3.11/site-packages/airflow/example_dags/example_dynamic_task_mapping_with_no_taskflow_operators.py
[2023-11-02T08:45:37.537+0000] {processor.py:829} INFO - Processing file /home/airflow/.local/lib/python3.11/site-packages/airflow/example_dags/example_dynamic_task_mapping_with_no_taskflow_operators.py for tasks to queue
[2023-11-02T08:45:37.540+0000] {logging_mixin.py:151} INFO - [2023-11-02T08:45:37.539+0000] {dagbag.py:536} INFO - Filling up the DagBag from /home/airflow/.local/lib/python3.11/site-packages/airflow/example_dags/example_dynamic_task_mapping_with_no_taskflow_operators.py
[2023-11-02T08:45:37.547+0000] {processor.py:839} INFO - DAG(s) dict_keys(['example_dynamic_task_mapping_with_no_taskflow_operators']) retrieved from /home/airflow/.local/lib/python3.11/site-packages/airflow/example_dags/example_dynamic_task_mapping_with_no_taskflow_operators.py
[2023-11-02T08:45:37.564+0000] {logging_mixin.py:151} INFO - [2023-11-02T08:45:37.564+0000] {dag.py:2941} INFO - Sync 1 DAGs
[2023-11-02T08:45:37.578+0000] {logging_mixin.py:151} INFO - [2023-11-02T08:45:37.578+0000] {dag.py:3722} INFO - Setting next_dagrun for example_dynamic_task_mapping_with_no_taskflow_operators to 2023-11-01T08:45:37.578456+00:00, run_after=2023-11-02T08:45:37.578456+00:00
[2023-11-02T08:45:37.596+0000] {processor.py:179} INFO - Processing /home/airflow/.local/lib/python3.11/site-packages/airflow/example_dags/example_dynamic_task_mapping_with_no_taskflow_operators.py took 0.064 seconds
[2023-11-02T08:46:08.341+0000] {processor.py:157} INFO - Started process (PID=208) to work on /home/airflow/.local/lib/python3.11/site-packages/airflow/example_dags/example_dynamic_task_mapping_with_no_taskflow_operators.py
[2023-11-02T08:46:08.344+0000] {processor.py:829} INFO - Processing file /home/airflow/.local/lib/python3.11/site-packages/airflow/example_dags/example_dynamic_task_mapping_with_no_taskflow_operators.py for tasks to queue
[2023-11-02T08:46:08.351+0000] {logging_mixin.py:151} INFO - [2023-11-02T08:46:08.350+0000] {dagbag.py:536} INFO - Filling up the DagBag from /home/airflow/.local/lib/python3.11/site-packages/airflow/example_dags/example_dynamic_task_mapping_with_no_taskflow_operators.py
[2023-11-02T08:46:08.369+0000] {processor.py:839} INFO - DAG(s) dict_keys(['example_dynamic_task_mapping_with_no_taskflow_operators']) retrieved from /home/airflow/.local/lib/python3.11/site-packages/airflow/example_dags/example_dynamic_task_mapping_with_no_taskflow_operators.py
[2023-11-02T08:46:08.405+0000] {logging_mixin.py:151} INFO - [2023-11-02T08:46:08.405+0000] {dag.py:2941} INFO - Sync 1 DAGs
[2023-11-02T08:46:08.433+0000] {logging_mixin.py:151} INFO - [2023-11-02T08:46:08.433+0000] {dag.py:3722} INFO - Setting next_dagrun for example_dynamic_task_mapping_with_no_taskflow_operators to 2023-11-01T08:46:08.432918+00:00, run_after=2023-11-02T08:46:08.432918+00:00
[2023-11-02T08:46:08.450+0000] {processor.py:179} INFO - Processing /home/airflow/.local/lib/python3.11/site-packages/airflow/example_dags/example_dynamic_task_mapping_with_no_taskflow_operators.py took 0.121 seconds
[2023-11-02T08:46:38.837+0000] {processor.py:157} INFO - Started process (PID=263) to work on /home/airflow/.local/lib/python3.11/site-packages/airflow/example_dags/example_dynamic_task_mapping_with_no_taskflow_operators.py
[2023-11-02T08:46:38.839+0000] {processor.py:829} INFO - Processing file /home/airflow/.local/lib/python3.11/site-packages/airflow/example_dags/example_dynamic_task_mapping_with_no_taskflow_operators.py for tasks to queue
[2023-11-02T08:46:38.842+0000] {logging_mixin.py:151} INFO - [2023-11-02T08:46:38.842+0000] {dagbag.py:536} INFO - Filling up the DagBag from /home/airflow/.local/lib/python3.11/site-packages/airflow/example_dags/example_dynamic_task_mapping_with_no_taskflow_operators.py
[2023-11-02T08:46:38.850+0000] {processor.py:839} INFO - DAG(s) dict_keys(['example_dynamic_task_mapping_with_no_taskflow_operators']) retrieved from /home/airflow/.local/lib/python3.11/site-packages/airflow/example_dags/example_dynamic_task_mapping_with_no_taskflow_operators.py
[2023-11-02T08:46:38.866+0000] {logging_mixin.py:151} INFO - [2023-11-02T08:46:38.866+0000] {dag.py:2941} INFO - Sync 1 DAGs
[2023-11-02T08:46:38.881+0000] {logging_mixin.py:151} INFO - [2023-11-02T08:46:38.881+0000] {dag.py:3722} INFO - Setting next_dagrun for example_dynamic_task_mapping_with_no_taskflow_operators to 2023-11-01T08:46:38.881109+00:00, run_after=2023-11-02T08:46:38.881109+00:00
[2023-11-02T08:46:38.895+0000] {processor.py:179} INFO - Processing /home/airflow/.local/lib/python3.11/site-packages/airflow/example_dags/example_dynamic_task_mapping_with_no_taskflow_operators.py took 0.062 seconds
[2023-11-02T08:47:08.993+0000] {processor.py:157} INFO - Started process (PID=318) to work on /home/airflow/.local/lib/python3.11/site-packages/airflow/example_dags/example_dynamic_task_mapping_with_no_taskflow_operators.py
[2023-11-02T08:47:08.994+0000] {processor.py:829} INFO - Processing file /home/airflow/.local/lib/python3.11/site-packages/airflow/example_dags/example_dynamic_task_mapping_with_no_taskflow_operators.py for tasks to queue
[2023-11-02T08:47:08.997+0000] {logging_mixin.py:151} INFO - [2023-11-02T08:47:08.997+0000] {dagbag.py:536} INFO - Filling up the DagBag from /home/airflow/.local/lib/python3.11/site-packages/airflow/example_dags/example_dynamic_task_mapping_with_no_taskflow_operators.py
[2023-11-02T08:47:09.005+0000] {processor.py:839} INFO - DAG(s) dict_keys(['example_dynamic_task_mapping_with_no_taskflow_operators']) retrieved from /home/airflow/.local/lib/python3.11/site-packages/airflow/example_dags/example_dynamic_task_mapping_with_no_taskflow_operators.py
[2023-11-02T08:47:09.021+0000] {logging_mixin.py:151} INFO - [2023-11-02T08:47:09.021+0000] {dag.py:2941} INFO - Sync 1 DAGs
[2023-11-02T08:47:09.042+0000] {logging_mixin.py:151} INFO - [2023-11-02T08:47:09.042+0000] {dag.py:3722} INFO - Setting next_dagrun for example_dynamic_task_mapping_with_no_taskflow_operators to 2023-11-01T08:47:09.042487+00:00, run_after=2023-11-02T08:47:09.042487+00:00
[2023-11-02T08:47:09.053+0000] {processor.py:179} INFO - Processing /home/airflow/.local/lib/python3.11/site-packages/airflow/example_dags/example_dynamic_task_mapping_with_no_taskflow_operators.py took 0.064 seconds
[2023-11-02T08:47:39.244+0000] {processor.py:157} INFO - Started process (PID=373) to work on /home/airflow/.local/lib/python3.11/site-packages/airflow/example_dags/example_dynamic_task_mapping_with_no_taskflow_operators.py
[2023-11-02T08:47:39.245+0000] {processor.py:829} INFO - Processing file /home/airflow/.local/lib/python3.11/site-packages/airflow/example_dags/example_dynamic_task_mapping_with_no_taskflow_operators.py for tasks to queue
[2023-11-02T08:47:39.248+0000] {logging_mixin.py:151} INFO - [2023-11-02T08:47:39.248+0000] {dagbag.py:536} INFO - Filling up the DagBag from /home/airflow/.local/lib/python3.11/site-packages/airflow/example_dags/example_dynamic_task_mapping_with_no_taskflow_operators.py
[2023-11-02T08:47:39.255+0000] {processor.py:839} INFO - DAG(s) dict_keys(['example_dynamic_task_mapping_with_no_taskflow_operators']) retrieved from /home/airflow/.local/lib/python3.11/site-packages/airflow/example_dags/example_dynamic_task_mapping_with_no_taskflow_operators.py
[2023-11-02T08:47:39.270+0000] {logging_mixin.py:151} INFO - [2023-11-02T08:47:39.270+0000] {dag.py:2941} INFO - Sync 1 DAGs
[2023-11-02T08:47:39.287+0000] {logging_mixin.py:151} INFO - [2023-11-02T08:47:39.287+0000] {dag.py:3722} INFO - Setting next_dagrun for example_dynamic_task_mapping_with_no_taskflow_operators to 2023-11-01T08:47:39.286895+00:00, run_after=2023-11-02T08:47:39.286895+00:00
[2023-11-02T08:47:39.299+0000] {processor.py:179} INFO - Processing /home/airflow/.local/lib/python3.11/site-packages/airflow/example_dags/example_dynamic_task_mapping_with_no_taskflow_operators.py took 0.059 seconds
[2023-11-02T08:48:09.477+0000] {processor.py:157} INFO - Started process (PID=428) to work on /home/airflow/.local/lib/python3.11/site-packages/airflow/example_dags/example_dynamic_task_mapping_with_no_taskflow_operators.py
[2023-11-02T08:48:09.478+0000] {processor.py:829} INFO - Processing file /home/airflow/.local/lib/python3.11/site-packages/airflow/example_dags/example_dynamic_task_mapping_with_no_taskflow_operators.py for tasks to queue
[2023-11-02T08:48:09.479+0000] {logging_mixin.py:151} INFO - [2023-11-02T08:48:09.479+0000] {dagbag.py:536} INFO - Filling up the DagBag from /home/airflow/.local/lib/python3.11/site-packages/airflow/example_dags/example_dynamic_task_mapping_with_no_taskflow_operators.py
[2023-11-02T08:48:09.486+0000] {processor.py:839} INFO - DAG(s) dict_keys(['example_dynamic_task_mapping_with_no_taskflow_operators']) retrieved from /home/airflow/.local/lib/python3.11/site-packages/airflow/example_dags/example_dynamic_task_mapping_with_no_taskflow_operators.py
[2023-11-02T08:48:09.504+0000] {logging_mixin.py:151} INFO - [2023-11-02T08:48:09.504+0000] {dag.py:2941} INFO - Sync 1 DAGs
[2023-11-02T08:48:09.525+0000] {logging_mixin.py:151} INFO - [2023-11-02T08:48:09.525+0000] {dag.py:3722} INFO - Setting next_dagrun for example_dynamic_task_mapping_with_no_taskflow_operators to 2023-11-01T08:48:09.524825+00:00, run_after=2023-11-02T08:48:09.524825+00:00
[2023-11-02T08:48:09.537+0000] {processor.py:179} INFO - Processing /home/airflow/.local/lib/python3.11/site-packages/airflow/example_dags/example_dynamic_task_mapping_with_no_taskflow_operators.py took 0.063 seconds
[2023-11-02T08:48:39.608+0000] {processor.py:157} INFO - Started process (PID=482) to work on /home/airflow/.local/lib/python3.11/site-packages/airflow/example_dags/example_dynamic_task_mapping_with_no_taskflow_operators.py
[2023-11-02T08:48:39.610+0000] {processor.py:829} INFO - Processing file /home/airflow/.local/lib/python3.11/site-packages/airflow/example_dags/example_dynamic_task_mapping_with_no_taskflow_operators.py for tasks to queue
[2023-11-02T08:48:39.617+0000] {logging_mixin.py:151} INFO - [2023-11-02T08:48:39.617+0000] {dagbag.py:536} INFO - Filling up the DagBag from /home/airflow/.local/lib/python3.11/site-packages/airflow/example_dags/example_dynamic_task_mapping_with_no_taskflow_operators.py
[2023-11-02T08:48:39.626+0000] {processor.py:839} INFO - DAG(s) dict_keys(['example_dynamic_task_mapping_with_no_taskflow_operators']) retrieved from /home/airflow/.local/lib/python3.11/site-packages/airflow/example_dags/example_dynamic_task_mapping_with_no_taskflow_operators.py
[2023-11-02T08:48:39.645+0000] {logging_mixin.py:151} INFO - [2023-11-02T08:48:39.644+0000] {dag.py:2941} INFO - Sync 1 DAGs
[2023-11-02T08:48:39.663+0000] {logging_mixin.py:151} INFO - [2023-11-02T08:48:39.663+0000] {dag.py:3722} INFO - Setting next_dagrun for example_dynamic_task_mapping_with_no_taskflow_operators to 2023-11-01T08:48:39.662718+00:00, run_after=2023-11-02T08:48:39.662718+00:00
[2023-11-02T08:48:39.675+0000] {processor.py:179} INFO - Processing /home/airflow/.local/lib/python3.11/site-packages/airflow/example_dags/example_dynamic_task_mapping_with_no_taskflow_operators.py took 0.072 seconds
[2023-11-02T08:49:09.758+0000] {processor.py:157} INFO - Started process (PID=537) to work on /home/airflow/.local/lib/python3.11/site-packages/airflow/example_dags/example_dynamic_task_mapping_with_no_taskflow_operators.py
[2023-11-02T08:49:09.761+0000] {processor.py:829} INFO - Processing file /home/airflow/.local/lib/python3.11/site-packages/airflow/example_dags/example_dynamic_task_mapping_with_no_taskflow_operators.py for tasks to queue
[2023-11-02T08:49:09.764+0000] {logging_mixin.py:151} INFO - [2023-11-02T08:49:09.764+0000] {dagbag.py:536} INFO - Filling up the DagBag from /home/airflow/.local/lib/python3.11/site-packages/airflow/example_dags/example_dynamic_task_mapping_with_no_taskflow_operators.py
[2023-11-02T08:49:09.775+0000] {processor.py:839} INFO - DAG(s) dict_keys(['example_dynamic_task_mapping_with_no_taskflow_operators']) retrieved from /home/airflow/.local/lib/python3.11/site-packages/airflow/example_dags/example_dynamic_task_mapping_with_no_taskflow_operators.py
[2023-11-02T08:49:09.799+0000] {logging_mixin.py:151} INFO - [2023-11-02T08:49:09.799+0000] {dag.py:2941} INFO - Sync 1 DAGs
[2023-11-02T08:49:09.822+0000] {logging_mixin.py:151} INFO - [2023-11-02T08:49:09.821+0000] {dag.py:3722} INFO - Setting next_dagrun for example_dynamic_task_mapping_with_no_taskflow_operators to 2023-11-01T08:49:09.821575+00:00, run_after=2023-11-02T08:49:09.821575+00:00
[2023-11-02T08:49:09.841+0000] {processor.py:179} INFO - Processing /home/airflow/.local/lib/python3.11/site-packages/airflow/example_dags/example_dynamic_task_mapping_with_no_taskflow_operators.py took 0.089 seconds
[2023-11-02T08:49:40.003+0000] {processor.py:157} INFO - Started process (PID=592) to work on /home/airflow/.local/lib/python3.11/site-packages/airflow/example_dags/example_dynamic_task_mapping_with_no_taskflow_operators.py
[2023-11-02T08:49:40.005+0000] {processor.py:829} INFO - Processing file /home/airflow/.local/lib/python3.11/site-packages/airflow/example_dags/example_dynamic_task_mapping_with_no_taskflow_operators.py for tasks to queue
[2023-11-02T08:49:40.011+0000] {logging_mixin.py:151} INFO - [2023-11-02T08:49:40.011+0000] {dagbag.py:536} INFO - Filling up the DagBag from /home/airflow/.local/lib/python3.11/site-packages/airflow/example_dags/example_dynamic_task_mapping_with_no_taskflow_operators.py
[2023-11-02T08:49:40.026+0000] {processor.py:839} INFO - DAG(s) dict_keys(['example_dynamic_task_mapping_with_no_taskflow_operators']) retrieved from /home/airflow/.local/lib/python3.11/site-packages/airflow/example_dags/example_dynamic_task_mapping_with_no_taskflow_operators.py
[2023-11-02T08:49:40.059+0000] {logging_mixin.py:151} INFO - [2023-11-02T08:49:40.059+0000] {dag.py:2941} INFO - Sync 1 DAGs
[2023-11-02T08:49:40.082+0000] {logging_mixin.py:151} INFO - [2023-11-02T08:49:40.082+0000] {dag.py:3722} INFO - Setting next_dagrun for example_dynamic_task_mapping_with_no_taskflow_operators to 2023-11-01T08:49:40.082067+00:00, run_after=2023-11-02T08:49:40.082067+00:00
[2023-11-02T08:49:40.102+0000] {processor.py:179} INFO - Processing /home/airflow/.local/lib/python3.11/site-packages/airflow/example_dags/example_dynamic_task_mapping_with_no_taskflow_operators.py took 0.102 seconds
[2023-11-02T08:50:10.304+0000] {processor.py:157} INFO - Started process (PID=647) to work on /home/airflow/.local/lib/python3.11/site-packages/airflow/example_dags/example_dynamic_task_mapping_with_no_taskflow_operators.py
[2023-11-02T08:50:10.305+0000] {processor.py:829} INFO - Processing file /home/airflow/.local/lib/python3.11/site-packages/airflow/example_dags/example_dynamic_task_mapping_with_no_taskflow_operators.py for tasks to queue
[2023-11-02T08:50:10.309+0000] {logging_mixin.py:151} INFO - [2023-11-02T08:50:10.309+0000] {dagbag.py:536} INFO - Filling up the DagBag from /home/airflow/.local/lib/python3.11/site-packages/airflow/example_dags/example_dynamic_task_mapping_with_no_taskflow_operators.py
[2023-11-02T08:50:10.317+0000] {processor.py:839} INFO - DAG(s) dict_keys(['example_dynamic_task_mapping_with_no_taskflow_operators']) retrieved from /home/airflow/.local/lib/python3.11/site-packages/airflow/example_dags/example_dynamic_task_mapping_with_no_taskflow_operators.py
[2023-11-02T08:50:10.333+0000] {logging_mixin.py:151} INFO - [2023-11-02T08:50:10.333+0000] {dag.py:2941} INFO - Sync 1 DAGs
[2023-11-02T08:50:10.348+0000] {logging_mixin.py:151} INFO - [2023-11-02T08:50:10.348+0000] {dag.py:3722} INFO - Setting next_dagrun for example_dynamic_task_mapping_with_no_taskflow_operators to 2023-11-01T08:50:10.348452+00:00, run_after=2023-11-02T08:50:10.348452+00:00
[2023-11-02T08:50:10.368+0000] {processor.py:179} INFO - Processing /home/airflow/.local/lib/python3.11/site-packages/airflow/example_dags/example_dynamic_task_mapping_with_no_taskflow_operators.py took 0.068 seconds
[2023-11-02T08:50:40.462+0000] {processor.py:157} INFO - Started process (PID=702) to work on /home/airflow/.local/lib/python3.11/site-packages/airflow/example_dags/example_dynamic_task_mapping_with_no_taskflow_operators.py
[2023-11-02T08:50:40.463+0000] {processor.py:829} INFO - Processing file /home/airflow/.local/lib/python3.11/site-packages/airflow/example_dags/example_dynamic_task_mapping_with_no_taskflow_operators.py for tasks to queue
[2023-11-02T08:50:40.465+0000] {logging_mixin.py:151} INFO - [2023-11-02T08:50:40.465+0000] {dagbag.py:536} INFO - Filling up the DagBag from /home/airflow/.local/lib/python3.11/site-packages/airflow/example_dags/example_dynamic_task_mapping_with_no_taskflow_operators.py
[2023-11-02T08:50:40.478+0000] {processor.py:839} INFO - DAG(s) dict_keys(['example_dynamic_task_mapping_with_no_taskflow_operators']) retrieved from /home/airflow/.local/lib/python3.11/site-packages/airflow/example_dags/example_dynamic_task_mapping_with_no_taskflow_operators.py
[2023-11-02T08:50:40.493+0000] {logging_mixin.py:151} INFO - [2023-11-02T08:50:40.493+0000] {dag.py:2941} INFO - Sync 1 DAGs
[2023-11-02T08:50:40.515+0000] {logging_mixin.py:151} INFO - [2023-11-02T08:50:40.514+0000] {dag.py:3722} INFO - Setting next_dagrun for example_dynamic_task_mapping_with_no_taskflow_operators to 2023-11-01T08:50:40.514573+00:00, run_after=2023-11-02T08:50:40.514573+00:00
[2023-11-02T08:50:40.533+0000] {processor.py:179} INFO - Processing /home/airflow/.local/lib/python3.11/site-packages/airflow/example_dags/example_dynamic_task_mapping_with_no_taskflow_operators.py took 0.073 seconds
[2023-11-02T08:51:11.472+0000] {processor.py:157} INFO - Started process (PID=758) to work on /home/airflow/.local/lib/python3.11/site-packages/airflow/example_dags/example_dynamic_task_mapping_with_no_taskflow_operators.py
[2023-11-02T08:51:11.473+0000] {processor.py:829} INFO - Processing file /home/airflow/.local/lib/python3.11/site-packages/airflow/example_dags/example_dynamic_task_mapping_with_no_taskflow_operators.py for tasks to queue
[2023-11-02T08:51:11.476+0000] {logging_mixin.py:151} INFO - [2023-11-02T08:51:11.476+0000] {dagbag.py:536} INFO - Filling up the DagBag from /home/airflow/.local/lib/python3.11/site-packages/airflow/example_dags/example_dynamic_task_mapping_with_no_taskflow_operators.py
[2023-11-02T08:51:11.486+0000] {processor.py:839} INFO - DAG(s) dict_keys(['example_dynamic_task_mapping_with_no_taskflow_operators']) retrieved from /home/airflow/.local/lib/python3.11/site-packages/airflow/example_dags/example_dynamic_task_mapping_with_no_taskflow_operators.py
[2023-11-02T08:51:11.505+0000] {logging_mixin.py:151} INFO - [2023-11-02T08:51:11.505+0000] {dag.py:2941} INFO - Sync 1 DAGs
[2023-11-02T08:51:11.525+0000] {logging_mixin.py:151} INFO - [2023-11-02T08:51:11.525+0000] {dag.py:3722} INFO - Setting next_dagrun for example_dynamic_task_mapping_with_no_taskflow_operators to 2023-11-01T08:51:11.525091+00:00, run_after=2023-11-02T08:51:11.525091+00:00
[2023-11-02T08:51:11.538+0000] {processor.py:179} INFO - Processing /home/airflow/.local/lib/python3.11/site-packages/airflow/example_dags/example_dynamic_task_mapping_with_no_taskflow_operators.py took 0.069 seconds
[2023-11-02T08:51:41.752+0000] {processor.py:157} INFO - Started process (PID=813) to work on /home/airflow/.local/lib/python3.11/site-packages/airflow/example_dags/example_dynamic_task_mapping_with_no_taskflow_operators.py
[2023-11-02T08:51:41.753+0000] {processor.py:829} INFO - Processing file /home/airflow/.local/lib/python3.11/site-packages/airflow/example_dags/example_dynamic_task_mapping_with_no_taskflow_operators.py for tasks to queue
[2023-11-02T08:51:41.755+0000] {logging_mixin.py:151} INFO - [2023-11-02T08:51:41.755+0000] {dagbag.py:536} INFO - Filling up the DagBag from /home/airflow/.local/lib/python3.11/site-packages/airflow/example_dags/example_dynamic_task_mapping_with_no_taskflow_operators.py
[2023-11-02T08:51:41.760+0000] {processor.py:839} INFO - DAG(s) dict_keys(['example_dynamic_task_mapping_with_no_taskflow_operators']) retrieved from /home/airflow/.local/lib/python3.11/site-packages/airflow/example_dags/example_dynamic_task_mapping_with_no_taskflow_operators.py
[2023-11-02T08:51:41.774+0000] {logging_mixin.py:151} INFO - [2023-11-02T08:51:41.774+0000] {dag.py:2941} INFO - Sync 1 DAGs
[2023-11-02T08:51:41.789+0000] {logging_mixin.py:151} INFO - [2023-11-02T08:51:41.789+0000] {dag.py:3722} INFO - Setting next_dagrun for example_dynamic_task_mapping_with_no_taskflow_operators to 2023-11-01T08:51:41.789521+00:00, run_after=2023-11-02T08:51:41.789521+00:00
[2023-11-02T08:51:41.802+0000] {processor.py:179} INFO - Processing /home/airflow/.local/lib/python3.11/site-packages/airflow/example_dags/example_dynamic_task_mapping_with_no_taskflow_operators.py took 0.052 seconds
[2023-11-02T08:52:11.993+0000] {processor.py:157} INFO - Started process (PID=868) to work on /home/airflow/.local/lib/python3.11/site-packages/airflow/example_dags/example_dynamic_task_mapping_with_no_taskflow_operators.py
[2023-11-02T08:52:11.994+0000] {processor.py:829} INFO - Processing file /home/airflow/.local/lib/python3.11/site-packages/airflow/example_dags/example_dynamic_task_mapping_with_no_taskflow_operators.py for tasks to queue
[2023-11-02T08:52:11.996+0000] {logging_mixin.py:151} INFO - [2023-11-02T08:52:11.996+0000] {dagbag.py:536} INFO - Filling up the DagBag from /home/airflow/.local/lib/python3.11/site-packages/airflow/example_dags/example_dynamic_task_mapping_with_no_taskflow_operators.py
[2023-11-02T08:52:12.002+0000] {processor.py:839} INFO - DAG(s) dict_keys(['example_dynamic_task_mapping_with_no_taskflow_operators']) retrieved from /home/airflow/.local/lib/python3.11/site-packages/airflow/example_dags/example_dynamic_task_mapping_with_no_taskflow_operators.py
[2023-11-02T08:52:12.015+0000] {logging_mixin.py:151} INFO - [2023-11-02T08:52:12.015+0000] {dag.py:2941} INFO - Sync 1 DAGs
[2023-11-02T08:52:12.031+0000] {logging_mixin.py:151} INFO - [2023-11-02T08:52:12.031+0000] {dag.py:3722} INFO - Setting next_dagrun for example_dynamic_task_mapping_with_no_taskflow_operators to 2023-11-01T08:52:12.031120+00:00, run_after=2023-11-02T08:52:12.031120+00:00
[2023-11-02T08:52:12.042+0000] {processor.py:179} INFO - Processing /home/airflow/.local/lib/python3.11/site-packages/airflow/example_dags/example_dynamic_task_mapping_with_no_taskflow_operators.py took 0.051 seconds
[2023-11-02T08:52:42.174+0000] {processor.py:157} INFO - Started process (PID=923) to work on /home/airflow/.local/lib/python3.11/site-packages/airflow/example_dags/example_dynamic_task_mapping_with_no_taskflow_operators.py
[2023-11-02T08:52:42.175+0000] {processor.py:829} INFO - Processing file /home/airflow/.local/lib/python3.11/site-packages/airflow/example_dags/example_dynamic_task_mapping_with_no_taskflow_operators.py for tasks to queue
[2023-11-02T08:52:42.177+0000] {logging_mixin.py:151} INFO - [2023-11-02T08:52:42.177+0000] {dagbag.py:536} INFO - Filling up the DagBag from /home/airflow/.local/lib/python3.11/site-packages/airflow/example_dags/example_dynamic_task_mapping_with_no_taskflow_operators.py
[2023-11-02T08:52:42.183+0000] {processor.py:839} INFO - DAG(s) dict_keys(['example_dynamic_task_mapping_with_no_taskflow_operators']) retrieved from /home/airflow/.local/lib/python3.11/site-packages/airflow/example_dags/example_dynamic_task_mapping_with_no_taskflow_operators.py
[2023-11-02T08:52:42.199+0000] {logging_mixin.py:151} INFO - [2023-11-02T08:52:42.199+0000] {dag.py:2941} INFO - Sync 1 DAGs
[2023-11-02T08:52:42.217+0000] {logging_mixin.py:151} INFO - [2023-11-02T08:52:42.217+0000] {dag.py:3722} INFO - Setting next_dagrun for example_dynamic_task_mapping_with_no_taskflow_operators to 2023-11-01T08:52:42.217294+00:00, run_after=2023-11-02T08:52:42.217294+00:00
[2023-11-02T08:52:42.229+0000] {processor.py:179} INFO - Processing /home/airflow/.local/lib/python3.11/site-packages/airflow/example_dags/example_dynamic_task_mapping_with_no_taskflow_operators.py took 0.057 seconds
[2023-11-02T08:53:12.608+0000] {processor.py:157} INFO - Started process (PID=978) to work on /home/airflow/.local/lib/python3.11/site-packages/airflow/example_dags/example_dynamic_task_mapping_with_no_taskflow_operators.py
[2023-11-02T08:53:12.608+0000] {processor.py:829} INFO - Processing file /home/airflow/.local/lib/python3.11/site-packages/airflow/example_dags/example_dynamic_task_mapping_with_no_taskflow_operators.py for tasks to queue
[2023-11-02T08:53:12.610+0000] {logging_mixin.py:151} INFO - [2023-11-02T08:53:12.610+0000] {dagbag.py:536} INFO - Filling up the DagBag from /home/airflow/.local/lib/python3.11/site-packages/airflow/example_dags/example_dynamic_task_mapping_with_no_taskflow_operators.py
[2023-11-02T08:53:12.616+0000] {processor.py:839} INFO - DAG(s) dict_keys(['example_dynamic_task_mapping_with_no_taskflow_operators']) retrieved from /home/airflow/.local/lib/python3.11/site-packages/airflow/example_dags/example_dynamic_task_mapping_with_no_taskflow_operators.py
[2023-11-02T08:53:12.630+0000] {logging_mixin.py:151} INFO - [2023-11-02T08:53:12.630+0000] {dag.py:2941} INFO - Sync 1 DAGs
[2023-11-02T08:53:12.645+0000] {logging_mixin.py:151} INFO - [2023-11-02T08:53:12.645+0000] {dag.py:3722} INFO - Setting next_dagrun for example_dynamic_task_mapping_with_no_taskflow_operators to 2023-11-01T08:53:12.645260+00:00, run_after=2023-11-02T08:53:12.645260+00:00
[2023-11-02T08:53:12.656+0000] {processor.py:179} INFO - Processing /home/airflow/.local/lib/python3.11/site-packages/airflow/example_dags/example_dynamic_task_mapping_with_no_taskflow_operators.py took 0.050 seconds
[2023-11-02T08:53:42.878+0000] {processor.py:157} INFO - Started process (PID=1033) to work on /home/airflow/.local/lib/python3.11/site-packages/airflow/example_dags/example_dynamic_task_mapping_with_no_taskflow_operators.py
[2023-11-02T08:53:42.879+0000] {processor.py:829} INFO - Processing file /home/airflow/.local/lib/python3.11/site-packages/airflow/example_dags/example_dynamic_task_mapping_with_no_taskflow_operators.py for tasks to queue
[2023-11-02T08:53:42.881+0000] {logging_mixin.py:151} INFO - [2023-11-02T08:53:42.880+0000] {dagbag.py:536} INFO - Filling up the DagBag from /home/airflow/.local/lib/python3.11/site-packages/airflow/example_dags/example_dynamic_task_mapping_with_no_taskflow_operators.py
[2023-11-02T08:53:42.886+0000] {processor.py:839} INFO - DAG(s) dict_keys(['example_dynamic_task_mapping_with_no_taskflow_operators']) retrieved from /home/airflow/.local/lib/python3.11/site-packages/airflow/example_dags/example_dynamic_task_mapping_with_no_taskflow_operators.py
[2023-11-02T08:53:42.900+0000] {logging_mixin.py:151} INFO - [2023-11-02T08:53:42.900+0000] {dag.py:2941} INFO - Sync 1 DAGs
[2023-11-02T08:53:42.916+0000] {logging_mixin.py:151} INFO - [2023-11-02T08:53:42.916+0000] {dag.py:3722} INFO - Setting next_dagrun for example_dynamic_task_mapping_with_no_taskflow_operators to 2023-11-01T08:53:42.915833+00:00, run_after=2023-11-02T08:53:42.915833+00:00
[2023-11-02T08:53:42.927+0000] {processor.py:179} INFO - Processing /home/airflow/.local/lib/python3.11/site-packages/airflow/example_dags/example_dynamic_task_mapping_with_no_taskflow_operators.py took 0.051 seconds
[2023-11-02T08:54:12.979+0000] {processor.py:157} INFO - Started process (PID=1085) to work on /home/airflow/.local/lib/python3.11/site-packages/airflow/example_dags/example_dynamic_task_mapping_with_no_taskflow_operators.py
[2023-11-02T08:54:12.980+0000] {processor.py:829} INFO - Processing file /home/airflow/.local/lib/python3.11/site-packages/airflow/example_dags/example_dynamic_task_mapping_with_no_taskflow_operators.py for tasks to queue
[2023-11-02T08:54:12.982+0000] {logging_mixin.py:151} INFO - [2023-11-02T08:54:12.982+0000] {dagbag.py:536} INFO - Filling up the DagBag from /home/airflow/.local/lib/python3.11/site-packages/airflow/example_dags/example_dynamic_task_mapping_with_no_taskflow_operators.py
[2023-11-02T08:54:12.991+0000] {processor.py:839} INFO - DAG(s) dict_keys(['example_dynamic_task_mapping_with_no_taskflow_operators']) retrieved from /home/airflow/.local/lib/python3.11/site-packages/airflow/example_dags/example_dynamic_task_mapping_with_no_taskflow_operators.py
[2023-11-02T08:54:13.005+0000] {logging_mixin.py:151} INFO - [2023-11-02T08:54:13.005+0000] {dag.py:2941} INFO - Sync 1 DAGs
[2023-11-02T08:54:13.019+0000] {logging_mixin.py:151} INFO - [2023-11-02T08:54:13.019+0000] {dag.py:3722} INFO - Setting next_dagrun for example_dynamic_task_mapping_with_no_taskflow_operators to 2023-11-01T08:54:13.019379+00:00, run_after=2023-11-02T08:54:13.019379+00:00
[2023-11-02T08:54:13.029+0000] {processor.py:179} INFO - Processing /home/airflow/.local/lib/python3.11/site-packages/airflow/example_dags/example_dynamic_task_mapping_with_no_taskflow_operators.py took 0.055 seconds
[2023-11-02T08:54:43.516+0000] {processor.py:157} INFO - Started process (PID=1140) to work on /home/airflow/.local/lib/python3.11/site-packages/airflow/example_dags/example_dynamic_task_mapping_with_no_taskflow_operators.py
[2023-11-02T08:54:43.522+0000] {processor.py:829} INFO - Processing file /home/airflow/.local/lib/python3.11/site-packages/airflow/example_dags/example_dynamic_task_mapping_with_no_taskflow_operators.py for tasks to queue
[2023-11-02T08:54:43.528+0000] {logging_mixin.py:151} INFO - [2023-11-02T08:54:43.527+0000] {dagbag.py:536} INFO - Filling up the DagBag from /home/airflow/.local/lib/python3.11/site-packages/airflow/example_dags/example_dynamic_task_mapping_with_no_taskflow_operators.py
[2023-11-02T08:54:43.536+0000] {processor.py:839} INFO - DAG(s) dict_keys(['example_dynamic_task_mapping_with_no_taskflow_operators']) retrieved from /home/airflow/.local/lib/python3.11/site-packages/airflow/example_dags/example_dynamic_task_mapping_with_no_taskflow_operators.py
[2023-11-02T08:54:43.552+0000] {logging_mixin.py:151} INFO - [2023-11-02T08:54:43.552+0000] {dag.py:2941} INFO - Sync 1 DAGs
[2023-11-02T08:54:43.570+0000] {logging_mixin.py:151} INFO - [2023-11-02T08:54:43.570+0000] {dag.py:3722} INFO - Setting next_dagrun for example_dynamic_task_mapping_with_no_taskflow_operators to 2023-11-01T08:54:43.570051+00:00, run_after=2023-11-02T08:54:43.570051+00:00
[2023-11-02T08:54:43.581+0000] {processor.py:179} INFO - Processing /home/airflow/.local/lib/python3.11/site-packages/airflow/example_dags/example_dynamic_task_mapping_with_no_taskflow_operators.py took 0.070 seconds
