[2023-11-02T08:44:35.072+0000] {processor.py:157} INFO - Started process (PID=41) to work on /home/airflow/.local/lib/python3.11/site-packages/airflow/example_dags/example_datasets.py
[2023-11-02T08:44:35.073+0000] {processor.py:829} INFO - Processing file /home/airflow/.local/lib/python3.11/site-packages/airflow/example_dags/example_datasets.py for tasks to queue
[2023-11-02T08:44:35.076+0000] {logging_mixin.py:151} INFO - [2023-11-02T08:44:35.076+0000] {dagbag.py:536} INFO - Filling up the DagBag from /home/airflow/.local/lib/python3.11/site-packages/airflow/example_dags/example_datasets.py
[2023-11-02T08:44:35.098+0000] {processor.py:839} INFO - DAG(s) dict_keys(['dataset_produces_2', 'dataset_consumes_1_never_scheduled', 'dataset_consumes_unknown_never_scheduled', 'dataset_consumes_1_and_2', 'dataset_consumes_1', 'dataset_produces_1']) retrieved from /home/airflow/.local/lib/python3.11/site-packages/airflow/example_dags/example_datasets.py
[2023-11-02T08:44:35.400+0000] {logging_mixin.py:151} INFO - [2023-11-02T08:44:35.399+0000] {manager.py:499} INFO - Created Permission View: %s
[2023-11-02T08:44:35.420+0000] {logging_mixin.py:151} INFO - [2023-11-02T08:44:35.420+0000] {manager.py:499} INFO - Created Permission View: %s
[2023-11-02T08:44:35.429+0000] {logging_mixin.py:151} INFO - [2023-11-02T08:44:35.429+0000] {manager.py:499} INFO - Created Permission View: %s
[2023-11-02T08:44:35.457+0000] {logging_mixin.py:151} INFO - [2023-11-02T08:44:35.456+0000] {manager.py:499} INFO - Created Permission View: %s
[2023-11-02T08:44:35.468+0000] {logging_mixin.py:151} INFO - [2023-11-02T08:44:35.467+0000] {manager.py:499} INFO - Created Permission View: %s
[2023-11-02T08:44:35.489+0000] {logging_mixin.py:151} INFO - [2023-11-02T08:44:35.488+0000] {manager.py:499} INFO - Created Permission View: %s
[2023-11-02T08:44:35.513+0000] {logging_mixin.py:151} INFO - [2023-11-02T08:44:35.513+0000] {manager.py:499} INFO - Created Permission View: %s
[2023-11-02T08:44:35.523+0000] {logging_mixin.py:151} INFO - [2023-11-02T08:44:35.523+0000] {manager.py:499} INFO - Created Permission View: %s
[2023-11-02T08:44:35.545+0000] {logging_mixin.py:151} INFO - [2023-11-02T08:44:35.545+0000] {manager.py:499} INFO - Created Permission View: %s
[2023-11-02T08:44:35.575+0000] {logging_mixin.py:151} INFO - [2023-11-02T08:44:35.574+0000] {manager.py:499} INFO - Created Permission View: %s
[2023-11-02T08:44:35.593+0000] {logging_mixin.py:151} INFO - [2023-11-02T08:44:35.592+0000] {manager.py:499} INFO - Created Permission View: %s
[2023-11-02T08:44:35.609+0000] {logging_mixin.py:151} INFO - [2023-11-02T08:44:35.609+0000] {manager.py:499} INFO - Created Permission View: %s
[2023-11-02T08:44:35.622+0000] {logging_mixin.py:151} INFO - [2023-11-02T08:44:35.622+0000] {manager.py:499} INFO - Created Permission View: %s
[2023-11-02T08:44:35.630+0000] {logging_mixin.py:151} INFO - [2023-11-02T08:44:35.630+0000] {manager.py:499} INFO - Created Permission View: %s
[2023-11-02T08:44:35.638+0000] {logging_mixin.py:151} INFO - [2023-11-02T08:44:35.638+0000] {manager.py:499} INFO - Created Permission View: %s
[2023-11-02T08:44:35.659+0000] {logging_mixin.py:151} INFO - [2023-11-02T08:44:35.658+0000] {manager.py:499} INFO - Created Permission View: %s
[2023-11-02T08:44:35.666+0000] {logging_mixin.py:151} INFO - [2023-11-02T08:44:35.666+0000] {manager.py:499} INFO - Created Permission View: %s
[2023-11-02T08:44:35.675+0000] {logging_mixin.py:151} INFO - [2023-11-02T08:44:35.675+0000] {manager.py:499} INFO - Created Permission View: %s
[2023-11-02T08:44:35.676+0000] {logging_mixin.py:151} INFO - [2023-11-02T08:44:35.676+0000] {dag.py:2941} INFO - Sync 6 DAGs
[2023-11-02T08:44:35.693+0000] {logging_mixin.py:151} INFO - [2023-11-02T08:44:35.693+0000] {dag.py:2963} INFO - Creating ORM DAG for dataset_consumes_unknown_never_scheduled
[2023-11-02T08:44:35.694+0000] {logging_mixin.py:151} INFO - [2023-11-02T08:44:35.694+0000] {dag.py:2963} INFO - Creating ORM DAG for dataset_produces_2
[2023-11-02T08:44:35.696+0000] {logging_mixin.py:151} INFO - [2023-11-02T08:44:35.695+0000] {dag.py:2963} INFO - Creating ORM DAG for dataset_consumes_1
[2023-11-02T08:44:35.697+0000] {logging_mixin.py:151} INFO - [2023-11-02T08:44:35.696+0000] {dag.py:2963} INFO - Creating ORM DAG for dataset_consumes_1_and_2
[2023-11-02T08:44:35.697+0000] {logging_mixin.py:151} INFO - [2023-11-02T08:44:35.697+0000] {dag.py:2963} INFO - Creating ORM DAG for dataset_produces_1
[2023-11-02T08:44:35.698+0000] {logging_mixin.py:151} INFO - [2023-11-02T08:44:35.698+0000] {dag.py:2963} INFO - Creating ORM DAG for dataset_consumes_1_never_scheduled
[2023-11-02T08:44:35.712+0000] {logging_mixin.py:151} INFO - [2023-11-02T08:44:35.712+0000] {dag.py:3722} INFO - Setting next_dagrun for dataset_consumes_1 to None, run_after=None
[2023-11-02T08:44:35.713+0000] {logging_mixin.py:151} INFO - [2023-11-02T08:44:35.713+0000] {dag.py:3722} INFO - Setting next_dagrun for dataset_consumes_1_and_2 to None, run_after=None
[2023-11-02T08:44:35.714+0000] {logging_mixin.py:151} INFO - [2023-11-02T08:44:35.714+0000] {dag.py:3722} INFO - Setting next_dagrun for dataset_consumes_1_never_scheduled to None, run_after=None
[2023-11-02T08:44:35.715+0000] {logging_mixin.py:151} INFO - [2023-11-02T08:44:35.715+0000] {dag.py:3722} INFO - Setting next_dagrun for dataset_consumes_unknown_never_scheduled to None, run_after=None
[2023-11-02T08:44:35.718+0000] {logging_mixin.py:151} INFO - [2023-11-02T08:44:35.718+0000] {dag.py:3722} INFO - Setting next_dagrun for dataset_produces_1 to 2023-11-01T00:00:00+00:00, run_after=2023-11-02T00:00:00+00:00
[2023-11-02T08:44:35.719+0000] {logging_mixin.py:151} INFO - [2023-11-02T08:44:35.718+0000] {dag.py:3722} INFO - Setting next_dagrun for dataset_produces_2 to None, run_after=None
[2023-11-02T08:44:35.809+0000] {processor.py:179} INFO - Processing /home/airflow/.local/lib/python3.11/site-packages/airflow/example_dags/example_datasets.py took 0.741 seconds
[2023-11-02T08:45:06.210+0000] {processor.py:157} INFO - Started process (PID=96) to work on /home/airflow/.local/lib/python3.11/site-packages/airflow/example_dags/example_datasets.py
[2023-11-02T08:45:06.212+0000] {processor.py:829} INFO - Processing file /home/airflow/.local/lib/python3.11/site-packages/airflow/example_dags/example_datasets.py for tasks to queue
[2023-11-02T08:45:06.217+0000] {logging_mixin.py:151} INFO - [2023-11-02T08:45:06.216+0000] {dagbag.py:536} INFO - Filling up the DagBag from /home/airflow/.local/lib/python3.11/site-packages/airflow/example_dags/example_datasets.py
[2023-11-02T08:45:06.235+0000] {processor.py:839} INFO - DAG(s) dict_keys(['dataset_consumes_unknown_never_scheduled', 'dataset_consumes_1_never_scheduled', 'dataset_consumes_1', 'dataset_produces_2', 'dataset_produces_1', 'dataset_consumes_1_and_2']) retrieved from /home/airflow/.local/lib/python3.11/site-packages/airflow/example_dags/example_datasets.py
[2023-11-02T08:45:06.275+0000] {logging_mixin.py:151} INFO - [2023-11-02T08:45:06.275+0000] {dag.py:2941} INFO - Sync 6 DAGs
[2023-11-02T08:45:06.300+0000] {logging_mixin.py:151} INFO - [2023-11-02T08:45:06.300+0000] {dag.py:3722} INFO - Setting next_dagrun for dataset_consumes_1 to None, run_after=None
[2023-11-02T08:45:06.303+0000] {logging_mixin.py:151} INFO - [2023-11-02T08:45:06.303+0000] {dag.py:3722} INFO - Setting next_dagrun for dataset_consumes_1_and_2 to None, run_after=None
[2023-11-02T08:45:06.304+0000] {logging_mixin.py:151} INFO - [2023-11-02T08:45:06.304+0000] {dag.py:3722} INFO - Setting next_dagrun for dataset_consumes_1_never_scheduled to None, run_after=None
[2023-11-02T08:45:06.305+0000] {logging_mixin.py:151} INFO - [2023-11-02T08:45:06.305+0000] {dag.py:3722} INFO - Setting next_dagrun for dataset_consumes_unknown_never_scheduled to None, run_after=None
[2023-11-02T08:45:06.308+0000] {logging_mixin.py:151} INFO - [2023-11-02T08:45:06.308+0000] {dag.py:3722} INFO - Setting next_dagrun for dataset_produces_1 to 2023-11-01T00:00:00+00:00, run_after=2023-11-02T00:00:00+00:00
[2023-11-02T08:45:06.310+0000] {logging_mixin.py:151} INFO - [2023-11-02T08:45:06.310+0000] {dag.py:3722} INFO - Setting next_dagrun for dataset_produces_2 to None, run_after=None
[2023-11-02T08:45:06.336+0000] {processor.py:179} INFO - Processing /home/airflow/.local/lib/python3.11/site-packages/airflow/example_dags/example_datasets.py took 0.131 seconds
[2023-11-02T08:45:36.390+0000] {processor.py:157} INFO - Started process (PID=150) to work on /home/airflow/.local/lib/python3.11/site-packages/airflow/example_dags/example_datasets.py
[2023-11-02T08:45:36.392+0000] {processor.py:829} INFO - Processing file /home/airflow/.local/lib/python3.11/site-packages/airflow/example_dags/example_datasets.py for tasks to queue
[2023-11-02T08:45:36.396+0000] {logging_mixin.py:151} INFO - [2023-11-02T08:45:36.396+0000] {dagbag.py:536} INFO - Filling up the DagBag from /home/airflow/.local/lib/python3.11/site-packages/airflow/example_dags/example_datasets.py
[2023-11-02T08:45:36.410+0000] {processor.py:839} INFO - DAG(s) dict_keys(['dataset_consumes_1', 'dataset_consumes_unknown_never_scheduled', 'dataset_produces_1', 'dataset_consumes_1_never_scheduled', 'dataset_produces_2', 'dataset_consumes_1_and_2']) retrieved from /home/airflow/.local/lib/python3.11/site-packages/airflow/example_dags/example_datasets.py
[2023-11-02T08:45:36.438+0000] {logging_mixin.py:151} INFO - [2023-11-02T08:45:36.438+0000] {dag.py:2941} INFO - Sync 6 DAGs
[2023-11-02T08:45:36.454+0000] {logging_mixin.py:151} INFO - [2023-11-02T08:45:36.454+0000] {dag.py:3722} INFO - Setting next_dagrun for dataset_consumes_1 to None, run_after=None
[2023-11-02T08:45:36.457+0000] {logging_mixin.py:151} INFO - [2023-11-02T08:45:36.457+0000] {dag.py:3722} INFO - Setting next_dagrun for dataset_consumes_1_and_2 to None, run_after=None
[2023-11-02T08:45:36.457+0000] {logging_mixin.py:151} INFO - [2023-11-02T08:45:36.457+0000] {dag.py:3722} INFO - Setting next_dagrun for dataset_consumes_1_never_scheduled to None, run_after=None
[2023-11-02T08:45:36.458+0000] {logging_mixin.py:151} INFO - [2023-11-02T08:45:36.458+0000] {dag.py:3722} INFO - Setting next_dagrun for dataset_consumes_unknown_never_scheduled to None, run_after=None
[2023-11-02T08:45:36.460+0000] {logging_mixin.py:151} INFO - [2023-11-02T08:45:36.460+0000] {dag.py:3722} INFO - Setting next_dagrun for dataset_produces_1 to 2023-11-01T00:00:00+00:00, run_after=2023-11-02T00:00:00+00:00
[2023-11-02T08:45:36.461+0000] {logging_mixin.py:151} INFO - [2023-11-02T08:45:36.460+0000] {dag.py:3722} INFO - Setting next_dagrun for dataset_produces_2 to None, run_after=None
[2023-11-02T08:45:36.478+0000] {processor.py:179} INFO - Processing /home/airflow/.local/lib/python3.11/site-packages/airflow/example_dags/example_datasets.py took 0.094 seconds
[2023-11-02T08:46:07.166+0000] {processor.py:157} INFO - Started process (PID=206) to work on /home/airflow/.local/lib/python3.11/site-packages/airflow/example_dags/example_datasets.py
[2023-11-02T08:46:07.169+0000] {processor.py:829} INFO - Processing file /home/airflow/.local/lib/python3.11/site-packages/airflow/example_dags/example_datasets.py for tasks to queue
[2023-11-02T08:46:07.171+0000] {logging_mixin.py:151} INFO - [2023-11-02T08:46:07.171+0000] {dagbag.py:536} INFO - Filling up the DagBag from /home/airflow/.local/lib/python3.11/site-packages/airflow/example_dags/example_datasets.py
[2023-11-02T08:46:07.181+0000] {processor.py:839} INFO - DAG(s) dict_keys(['dataset_produces_2', 'dataset_consumes_1_never_scheduled', 'dataset_consumes_1', 'dataset_produces_1', 'dataset_consumes_1_and_2', 'dataset_consumes_unknown_never_scheduled']) retrieved from /home/airflow/.local/lib/python3.11/site-packages/airflow/example_dags/example_datasets.py
[2023-11-02T08:46:07.208+0000] {logging_mixin.py:151} INFO - [2023-11-02T08:46:07.208+0000] {dag.py:2941} INFO - Sync 6 DAGs
[2023-11-02T08:46:07.226+0000] {logging_mixin.py:151} INFO - [2023-11-02T08:46:07.226+0000] {dag.py:3722} INFO - Setting next_dagrun for dataset_consumes_1 to None, run_after=None
[2023-11-02T08:46:07.230+0000] {logging_mixin.py:151} INFO - [2023-11-02T08:46:07.230+0000] {dag.py:3722} INFO - Setting next_dagrun for dataset_consumes_1_and_2 to None, run_after=None
[2023-11-02T08:46:07.231+0000] {logging_mixin.py:151} INFO - [2023-11-02T08:46:07.231+0000] {dag.py:3722} INFO - Setting next_dagrun for dataset_consumes_1_never_scheduled to None, run_after=None
[2023-11-02T08:46:07.234+0000] {logging_mixin.py:151} INFO - [2023-11-02T08:46:07.234+0000] {dag.py:3722} INFO - Setting next_dagrun for dataset_consumes_unknown_never_scheduled to None, run_after=None
[2023-11-02T08:46:07.236+0000] {logging_mixin.py:151} INFO - [2023-11-02T08:46:07.236+0000] {dag.py:3722} INFO - Setting next_dagrun for dataset_produces_1 to 2023-11-01T00:00:00+00:00, run_after=2023-11-02T00:00:00+00:00
[2023-11-02T08:46:07.238+0000] {logging_mixin.py:151} INFO - [2023-11-02T08:46:07.238+0000] {dag.py:3722} INFO - Setting next_dagrun for dataset_produces_2 to None, run_after=None
[2023-11-02T08:46:07.258+0000] {processor.py:179} INFO - Processing /home/airflow/.local/lib/python3.11/site-packages/airflow/example_dags/example_datasets.py took 0.095 seconds
[2023-11-02T08:46:37.683+0000] {processor.py:157} INFO - Started process (PID=261) to work on /home/airflow/.local/lib/python3.11/site-packages/airflow/example_dags/example_datasets.py
[2023-11-02T08:46:37.685+0000] {processor.py:829} INFO - Processing file /home/airflow/.local/lib/python3.11/site-packages/airflow/example_dags/example_datasets.py for tasks to queue
[2023-11-02T08:46:37.688+0000] {logging_mixin.py:151} INFO - [2023-11-02T08:46:37.687+0000] {dagbag.py:536} INFO - Filling up the DagBag from /home/airflow/.local/lib/python3.11/site-packages/airflow/example_dags/example_datasets.py
[2023-11-02T08:46:37.699+0000] {processor.py:839} INFO - DAG(s) dict_keys(['dataset_consumes_1', 'dataset_consumes_1_never_scheduled', 'dataset_consumes_1_and_2', 'dataset_produces_2', 'dataset_produces_1', 'dataset_consumes_unknown_never_scheduled']) retrieved from /home/airflow/.local/lib/python3.11/site-packages/airflow/example_dags/example_datasets.py
[2023-11-02T08:46:37.721+0000] {logging_mixin.py:151} INFO - [2023-11-02T08:46:37.721+0000] {dag.py:2941} INFO - Sync 6 DAGs
[2023-11-02T08:46:37.738+0000] {logging_mixin.py:151} INFO - [2023-11-02T08:46:37.738+0000] {dag.py:3722} INFO - Setting next_dagrun for dataset_consumes_1 to None, run_after=None
[2023-11-02T08:46:37.740+0000] {logging_mixin.py:151} INFO - [2023-11-02T08:46:37.740+0000] {dag.py:3722} INFO - Setting next_dagrun for dataset_consumes_1_and_2 to None, run_after=None
[2023-11-02T08:46:37.741+0000] {logging_mixin.py:151} INFO - [2023-11-02T08:46:37.741+0000] {dag.py:3722} INFO - Setting next_dagrun for dataset_consumes_1_never_scheduled to None, run_after=None
[2023-11-02T08:46:37.742+0000] {logging_mixin.py:151} INFO - [2023-11-02T08:46:37.742+0000] {dag.py:3722} INFO - Setting next_dagrun for dataset_consumes_unknown_never_scheduled to None, run_after=None
[2023-11-02T08:46:37.744+0000] {logging_mixin.py:151} INFO - [2023-11-02T08:46:37.744+0000] {dag.py:3722} INFO - Setting next_dagrun for dataset_produces_1 to 2023-11-01T00:00:00+00:00, run_after=2023-11-02T00:00:00+00:00
[2023-11-02T08:46:37.745+0000] {logging_mixin.py:151} INFO - [2023-11-02T08:46:37.745+0000] {dag.py:3722} INFO - Setting next_dagrun for dataset_produces_2 to None, run_after=None
[2023-11-02T08:46:37.782+0000] {processor.py:179} INFO - Processing /home/airflow/.local/lib/python3.11/site-packages/airflow/example_dags/example_datasets.py took 0.104 seconds
[2023-11-02T08:47:07.856+0000] {processor.py:157} INFO - Started process (PID=315) to work on /home/airflow/.local/lib/python3.11/site-packages/airflow/example_dags/example_datasets.py
[2023-11-02T08:47:07.858+0000] {processor.py:829} INFO - Processing file /home/airflow/.local/lib/python3.11/site-packages/airflow/example_dags/example_datasets.py for tasks to queue
[2023-11-02T08:47:07.862+0000] {logging_mixin.py:151} INFO - [2023-11-02T08:47:07.862+0000] {dagbag.py:536} INFO - Filling up the DagBag from /home/airflow/.local/lib/python3.11/site-packages/airflow/example_dags/example_datasets.py
[2023-11-02T08:47:07.874+0000] {processor.py:839} INFO - DAG(s) dict_keys(['dataset_produces_2', 'dataset_produces_1', 'dataset_consumes_1', 'dataset_consumes_1_never_scheduled', 'dataset_consumes_unknown_never_scheduled', 'dataset_consumes_1_and_2']) retrieved from /home/airflow/.local/lib/python3.11/site-packages/airflow/example_dags/example_datasets.py
[2023-11-02T08:47:07.899+0000] {logging_mixin.py:151} INFO - [2023-11-02T08:47:07.899+0000] {dag.py:2941} INFO - Sync 6 DAGs
[2023-11-02T08:47:07.915+0000] {logging_mixin.py:151} INFO - [2023-11-02T08:47:07.915+0000] {dag.py:3722} INFO - Setting next_dagrun for dataset_consumes_1 to None, run_after=None
[2023-11-02T08:47:07.917+0000] {logging_mixin.py:151} INFO - [2023-11-02T08:47:07.917+0000] {dag.py:3722} INFO - Setting next_dagrun for dataset_consumes_1_and_2 to None, run_after=None
[2023-11-02T08:47:07.918+0000] {logging_mixin.py:151} INFO - [2023-11-02T08:47:07.918+0000] {dag.py:3722} INFO - Setting next_dagrun for dataset_consumes_1_never_scheduled to None, run_after=None
[2023-11-02T08:47:07.918+0000] {logging_mixin.py:151} INFO - [2023-11-02T08:47:07.918+0000] {dag.py:3722} INFO - Setting next_dagrun for dataset_consumes_unknown_never_scheduled to None, run_after=None
[2023-11-02T08:47:07.920+0000] {logging_mixin.py:151} INFO - [2023-11-02T08:47:07.920+0000] {dag.py:3722} INFO - Setting next_dagrun for dataset_produces_1 to 2023-11-01T00:00:00+00:00, run_after=2023-11-02T00:00:00+00:00
[2023-11-02T08:47:07.921+0000] {logging_mixin.py:151} INFO - [2023-11-02T08:47:07.921+0000] {dag.py:3722} INFO - Setting next_dagrun for dataset_produces_2 to None, run_after=None
[2023-11-02T08:47:07.939+0000] {processor.py:179} INFO - Processing /home/airflow/.local/lib/python3.11/site-packages/airflow/example_dags/example_datasets.py took 0.090 seconds
[2023-11-02T08:47:38.113+0000] {processor.py:157} INFO - Started process (PID=370) to work on /home/airflow/.local/lib/python3.11/site-packages/airflow/example_dags/example_datasets.py
[2023-11-02T08:47:38.114+0000] {processor.py:829} INFO - Processing file /home/airflow/.local/lib/python3.11/site-packages/airflow/example_dags/example_datasets.py for tasks to queue
[2023-11-02T08:47:38.117+0000] {logging_mixin.py:151} INFO - [2023-11-02T08:47:38.117+0000] {dagbag.py:536} INFO - Filling up the DagBag from /home/airflow/.local/lib/python3.11/site-packages/airflow/example_dags/example_datasets.py
[2023-11-02T08:47:38.132+0000] {processor.py:839} INFO - DAG(s) dict_keys(['dataset_consumes_1', 'dataset_consumes_1_and_2', 'dataset_consumes_1_never_scheduled', 'dataset_produces_2', 'dataset_produces_1', 'dataset_consumes_unknown_never_scheduled']) retrieved from /home/airflow/.local/lib/python3.11/site-packages/airflow/example_dags/example_datasets.py
[2023-11-02T08:47:38.157+0000] {logging_mixin.py:151} INFO - [2023-11-02T08:47:38.157+0000] {dag.py:2941} INFO - Sync 6 DAGs
[2023-11-02T08:47:38.172+0000] {logging_mixin.py:151} INFO - [2023-11-02T08:47:38.172+0000] {dag.py:3722} INFO - Setting next_dagrun for dataset_consumes_1 to None, run_after=None
[2023-11-02T08:47:38.174+0000] {logging_mixin.py:151} INFO - [2023-11-02T08:47:38.174+0000] {dag.py:3722} INFO - Setting next_dagrun for dataset_consumes_1_and_2 to None, run_after=None
[2023-11-02T08:47:38.175+0000] {logging_mixin.py:151} INFO - [2023-11-02T08:47:38.175+0000] {dag.py:3722} INFO - Setting next_dagrun for dataset_consumes_1_never_scheduled to None, run_after=None
[2023-11-02T08:47:38.175+0000] {logging_mixin.py:151} INFO - [2023-11-02T08:47:38.175+0000] {dag.py:3722} INFO - Setting next_dagrun for dataset_consumes_unknown_never_scheduled to None, run_after=None
[2023-11-02T08:47:38.177+0000] {logging_mixin.py:151} INFO - [2023-11-02T08:47:38.177+0000] {dag.py:3722} INFO - Setting next_dagrun for dataset_produces_1 to 2023-11-01T00:00:00+00:00, run_after=2023-11-02T00:00:00+00:00
[2023-11-02T08:47:38.178+0000] {logging_mixin.py:151} INFO - [2023-11-02T08:47:38.177+0000] {dag.py:3722} INFO - Setting next_dagrun for dataset_produces_2 to None, run_after=None
[2023-11-02T08:47:38.195+0000] {processor.py:179} INFO - Processing /home/airflow/.local/lib/python3.11/site-packages/airflow/example_dags/example_datasets.py took 0.087 seconds
[2023-11-02T08:48:08.312+0000] {processor.py:157} INFO - Started process (PID=425) to work on /home/airflow/.local/lib/python3.11/site-packages/airflow/example_dags/example_datasets.py
[2023-11-02T08:48:08.315+0000] {processor.py:829} INFO - Processing file /home/airflow/.local/lib/python3.11/site-packages/airflow/example_dags/example_datasets.py for tasks to queue
[2023-11-02T08:48:08.318+0000] {logging_mixin.py:151} INFO - [2023-11-02T08:48:08.318+0000] {dagbag.py:536} INFO - Filling up the DagBag from /home/airflow/.local/lib/python3.11/site-packages/airflow/example_dags/example_datasets.py
[2023-11-02T08:48:08.331+0000] {processor.py:839} INFO - DAG(s) dict_keys(['dataset_produces_2', 'dataset_consumes_1', 'dataset_consumes_unknown_never_scheduled', 'dataset_consumes_1_and_2', 'dataset_consumes_1_never_scheduled', 'dataset_produces_1']) retrieved from /home/airflow/.local/lib/python3.11/site-packages/airflow/example_dags/example_datasets.py
[2023-11-02T08:48:08.360+0000] {logging_mixin.py:151} INFO - [2023-11-02T08:48:08.360+0000] {dag.py:2941} INFO - Sync 6 DAGs
[2023-11-02T08:48:08.377+0000] {logging_mixin.py:151} INFO - [2023-11-02T08:48:08.377+0000] {dag.py:3722} INFO - Setting next_dagrun for dataset_consumes_1 to None, run_after=None
[2023-11-02T08:48:08.379+0000] {logging_mixin.py:151} INFO - [2023-11-02T08:48:08.379+0000] {dag.py:3722} INFO - Setting next_dagrun for dataset_consumes_1_and_2 to None, run_after=None
[2023-11-02T08:48:08.380+0000] {logging_mixin.py:151} INFO - [2023-11-02T08:48:08.380+0000] {dag.py:3722} INFO - Setting next_dagrun for dataset_consumes_1_never_scheduled to None, run_after=None
[2023-11-02T08:48:08.380+0000] {logging_mixin.py:151} INFO - [2023-11-02T08:48:08.380+0000] {dag.py:3722} INFO - Setting next_dagrun for dataset_consumes_unknown_never_scheduled to None, run_after=None
[2023-11-02T08:48:08.382+0000] {logging_mixin.py:151} INFO - [2023-11-02T08:48:08.382+0000] {dag.py:3722} INFO - Setting next_dagrun for dataset_produces_1 to 2023-11-01T00:00:00+00:00, run_after=2023-11-02T00:00:00+00:00
[2023-11-02T08:48:08.383+0000] {logging_mixin.py:151} INFO - [2023-11-02T08:48:08.383+0000] {dag.py:3722} INFO - Setting next_dagrun for dataset_produces_2 to None, run_after=None
[2023-11-02T08:48:08.400+0000] {processor.py:179} INFO - Processing /home/airflow/.local/lib/python3.11/site-packages/airflow/example_dags/example_datasets.py took 0.094 seconds
[2023-11-02T08:48:38.538+0000] {processor.py:157} INFO - Started process (PID=480) to work on /home/airflow/.local/lib/python3.11/site-packages/airflow/example_dags/example_datasets.py
[2023-11-02T08:48:38.540+0000] {processor.py:829} INFO - Processing file /home/airflow/.local/lib/python3.11/site-packages/airflow/example_dags/example_datasets.py for tasks to queue
[2023-11-02T08:48:38.544+0000] {logging_mixin.py:151} INFO - [2023-11-02T08:48:38.544+0000] {dagbag.py:536} INFO - Filling up the DagBag from /home/airflow/.local/lib/python3.11/site-packages/airflow/example_dags/example_datasets.py
[2023-11-02T08:48:38.557+0000] {processor.py:839} INFO - DAG(s) dict_keys(['dataset_consumes_unknown_never_scheduled', 'dataset_consumes_1_never_scheduled', 'dataset_produces_1', 'dataset_produces_2', 'dataset_consumes_1', 'dataset_consumes_1_and_2']) retrieved from /home/airflow/.local/lib/python3.11/site-packages/airflow/example_dags/example_datasets.py
[2023-11-02T08:48:38.582+0000] {logging_mixin.py:151} INFO - [2023-11-02T08:48:38.582+0000] {dag.py:2941} INFO - Sync 6 DAGs
[2023-11-02T08:48:38.601+0000] {logging_mixin.py:151} INFO - [2023-11-02T08:48:38.601+0000] {dag.py:3722} INFO - Setting next_dagrun for dataset_consumes_1 to None, run_after=None
[2023-11-02T08:48:38.603+0000] {logging_mixin.py:151} INFO - [2023-11-02T08:48:38.603+0000] {dag.py:3722} INFO - Setting next_dagrun for dataset_consumes_1_and_2 to None, run_after=None
[2023-11-02T08:48:38.604+0000] {logging_mixin.py:151} INFO - [2023-11-02T08:48:38.604+0000] {dag.py:3722} INFO - Setting next_dagrun for dataset_consumes_1_never_scheduled to None, run_after=None
[2023-11-02T08:48:38.605+0000] {logging_mixin.py:151} INFO - [2023-11-02T08:48:38.605+0000] {dag.py:3722} INFO - Setting next_dagrun for dataset_consumes_unknown_never_scheduled to None, run_after=None
[2023-11-02T08:48:38.607+0000] {logging_mixin.py:151} INFO - [2023-11-02T08:48:38.607+0000] {dag.py:3722} INFO - Setting next_dagrun for dataset_produces_1 to 2023-11-01T00:00:00+00:00, run_after=2023-11-02T00:00:00+00:00
[2023-11-02T08:48:38.607+0000] {logging_mixin.py:151} INFO - [2023-11-02T08:48:38.607+0000] {dag.py:3722} INFO - Setting next_dagrun for dataset_produces_2 to None, run_after=None
[2023-11-02T08:48:38.624+0000] {processor.py:179} INFO - Processing /home/airflow/.local/lib/python3.11/site-packages/airflow/example_dags/example_datasets.py took 0.094 seconds
[2023-11-02T08:49:08.671+0000] {processor.py:157} INFO - Started process (PID=535) to work on /home/airflow/.local/lib/python3.11/site-packages/airflow/example_dags/example_datasets.py
[2023-11-02T08:49:08.675+0000] {processor.py:829} INFO - Processing file /home/airflow/.local/lib/python3.11/site-packages/airflow/example_dags/example_datasets.py for tasks to queue
[2023-11-02T08:49:08.679+0000] {logging_mixin.py:151} INFO - [2023-11-02T08:49:08.678+0000] {dagbag.py:536} INFO - Filling up the DagBag from /home/airflow/.local/lib/python3.11/site-packages/airflow/example_dags/example_datasets.py
[2023-11-02T08:49:08.691+0000] {processor.py:839} INFO - DAG(s) dict_keys(['dataset_consumes_unknown_never_scheduled', 'dataset_consumes_1_and_2', 'dataset_produces_1', 'dataset_produces_2', 'dataset_consumes_1_never_scheduled', 'dataset_consumes_1']) retrieved from /home/airflow/.local/lib/python3.11/site-packages/airflow/example_dags/example_datasets.py
[2023-11-02T08:49:08.715+0000] {logging_mixin.py:151} INFO - [2023-11-02T08:49:08.715+0000] {dag.py:2941} INFO - Sync 6 DAGs
[2023-11-02T08:49:08.730+0000] {logging_mixin.py:151} INFO - [2023-11-02T08:49:08.730+0000] {dag.py:3722} INFO - Setting next_dagrun for dataset_consumes_1 to None, run_after=None
[2023-11-02T08:49:08.733+0000] {logging_mixin.py:151} INFO - [2023-11-02T08:49:08.732+0000] {dag.py:3722} INFO - Setting next_dagrun for dataset_consumes_1_and_2 to None, run_after=None
[2023-11-02T08:49:08.733+0000] {logging_mixin.py:151} INFO - [2023-11-02T08:49:08.733+0000] {dag.py:3722} INFO - Setting next_dagrun for dataset_consumes_1_never_scheduled to None, run_after=None
[2023-11-02T08:49:08.734+0000] {logging_mixin.py:151} INFO - [2023-11-02T08:49:08.734+0000] {dag.py:3722} INFO - Setting next_dagrun for dataset_consumes_unknown_never_scheduled to None, run_after=None
[2023-11-02T08:49:08.736+0000] {logging_mixin.py:151} INFO - [2023-11-02T08:49:08.735+0000] {dag.py:3722} INFO - Setting next_dagrun for dataset_produces_1 to 2023-11-01T00:00:00+00:00, run_after=2023-11-02T00:00:00+00:00
[2023-11-02T08:49:08.736+0000] {logging_mixin.py:151} INFO - [2023-11-02T08:49:08.736+0000] {dag.py:3722} INFO - Setting next_dagrun for dataset_produces_2 to None, run_after=None
[2023-11-02T08:49:08.752+0000] {processor.py:179} INFO - Processing /home/airflow/.local/lib/python3.11/site-packages/airflow/example_dags/example_datasets.py took 0.087 seconds
[2023-11-02T08:49:38.925+0000] {processor.py:157} INFO - Started process (PID=590) to work on /home/airflow/.local/lib/python3.11/site-packages/airflow/example_dags/example_datasets.py
[2023-11-02T08:49:38.926+0000] {processor.py:829} INFO - Processing file /home/airflow/.local/lib/python3.11/site-packages/airflow/example_dags/example_datasets.py for tasks to queue
[2023-11-02T08:49:38.928+0000] {logging_mixin.py:151} INFO - [2023-11-02T08:49:38.928+0000] {dagbag.py:536} INFO - Filling up the DagBag from /home/airflow/.local/lib/python3.11/site-packages/airflow/example_dags/example_datasets.py
[2023-11-02T08:49:38.936+0000] {processor.py:839} INFO - DAG(s) dict_keys(['dataset_produces_1', 'dataset_consumes_1', 'dataset_consumes_1_and_2', 'dataset_produces_2', 'dataset_consumes_1_never_scheduled', 'dataset_consumes_unknown_never_scheduled']) retrieved from /home/airflow/.local/lib/python3.11/site-packages/airflow/example_dags/example_datasets.py
[2023-11-02T08:49:38.957+0000] {logging_mixin.py:151} INFO - [2023-11-02T08:49:38.957+0000] {dag.py:2941} INFO - Sync 6 DAGs
[2023-11-02T08:49:38.973+0000] {logging_mixin.py:151} INFO - [2023-11-02T08:49:38.972+0000] {dag.py:3722} INFO - Setting next_dagrun for dataset_consumes_1 to None, run_after=None
[2023-11-02T08:49:38.975+0000] {logging_mixin.py:151} INFO - [2023-11-02T08:49:38.975+0000] {dag.py:3722} INFO - Setting next_dagrun for dataset_consumes_1_and_2 to None, run_after=None
[2023-11-02T08:49:38.976+0000] {logging_mixin.py:151} INFO - [2023-11-02T08:49:38.976+0000] {dag.py:3722} INFO - Setting next_dagrun for dataset_consumes_1_never_scheduled to None, run_after=None
[2023-11-02T08:49:38.977+0000] {logging_mixin.py:151} INFO - [2023-11-02T08:49:38.976+0000] {dag.py:3722} INFO - Setting next_dagrun for dataset_consumes_unknown_never_scheduled to None, run_after=None
[2023-11-02T08:49:38.978+0000] {logging_mixin.py:151} INFO - [2023-11-02T08:49:38.978+0000] {dag.py:3722} INFO - Setting next_dagrun for dataset_produces_1 to 2023-11-01T00:00:00+00:00, run_after=2023-11-02T00:00:00+00:00
[2023-11-02T08:49:38.979+0000] {logging_mixin.py:151} INFO - [2023-11-02T08:49:38.979+0000] {dag.py:3722} INFO - Setting next_dagrun for dataset_produces_2 to None, run_after=None
[2023-11-02T08:49:39.002+0000] {processor.py:179} INFO - Processing /home/airflow/.local/lib/python3.11/site-packages/airflow/example_dags/example_datasets.py took 0.079 seconds
[2023-11-02T08:50:09.208+0000] {processor.py:157} INFO - Started process (PID=645) to work on /home/airflow/.local/lib/python3.11/site-packages/airflow/example_dags/example_datasets.py
[2023-11-02T08:50:09.210+0000] {processor.py:829} INFO - Processing file /home/airflow/.local/lib/python3.11/site-packages/airflow/example_dags/example_datasets.py for tasks to queue
[2023-11-02T08:50:09.213+0000] {logging_mixin.py:151} INFO - [2023-11-02T08:50:09.212+0000] {dagbag.py:536} INFO - Filling up the DagBag from /home/airflow/.local/lib/python3.11/site-packages/airflow/example_dags/example_datasets.py
[2023-11-02T08:50:09.221+0000] {processor.py:839} INFO - DAG(s) dict_keys(['dataset_produces_2', 'dataset_produces_1', 'dataset_consumes_1_never_scheduled', 'dataset_consumes_1_and_2', 'dataset_consumes_unknown_never_scheduled', 'dataset_consumes_1']) retrieved from /home/airflow/.local/lib/python3.11/site-packages/airflow/example_dags/example_datasets.py
[2023-11-02T08:50:09.245+0000] {logging_mixin.py:151} INFO - [2023-11-02T08:50:09.244+0000] {dag.py:2941} INFO - Sync 6 DAGs
[2023-11-02T08:50:09.266+0000] {logging_mixin.py:151} INFO - [2023-11-02T08:50:09.265+0000] {dag.py:3722} INFO - Setting next_dagrun for dataset_consumes_1 to None, run_after=None
[2023-11-02T08:50:09.269+0000] {logging_mixin.py:151} INFO - [2023-11-02T08:50:09.269+0000] {dag.py:3722} INFO - Setting next_dagrun for dataset_consumes_1_and_2 to None, run_after=None
[2023-11-02T08:50:09.269+0000] {logging_mixin.py:151} INFO - [2023-11-02T08:50:09.269+0000] {dag.py:3722} INFO - Setting next_dagrun for dataset_consumes_1_never_scheduled to None, run_after=None
[2023-11-02T08:50:09.270+0000] {logging_mixin.py:151} INFO - [2023-11-02T08:50:09.270+0000] {dag.py:3722} INFO - Setting next_dagrun for dataset_consumes_unknown_never_scheduled to None, run_after=None
[2023-11-02T08:50:09.272+0000] {logging_mixin.py:151} INFO - [2023-11-02T08:50:09.272+0000] {dag.py:3722} INFO - Setting next_dagrun for dataset_produces_1 to 2023-11-01T00:00:00+00:00, run_after=2023-11-02T00:00:00+00:00
[2023-11-02T08:50:09.273+0000] {logging_mixin.py:151} INFO - [2023-11-02T08:50:09.273+0000] {dag.py:3722} INFO - Setting next_dagrun for dataset_produces_2 to None, run_after=None
[2023-11-02T08:50:09.293+0000] {processor.py:179} INFO - Processing /home/airflow/.local/lib/python3.11/site-packages/airflow/example_dags/example_datasets.py took 0.089 seconds
[2023-11-02T08:50:39.438+0000] {processor.py:157} INFO - Started process (PID=700) to work on /home/airflow/.local/lib/python3.11/site-packages/airflow/example_dags/example_datasets.py
[2023-11-02T08:50:39.439+0000] {processor.py:829} INFO - Processing file /home/airflow/.local/lib/python3.11/site-packages/airflow/example_dags/example_datasets.py for tasks to queue
[2023-11-02T08:50:39.441+0000] {logging_mixin.py:151} INFO - [2023-11-02T08:50:39.441+0000] {dagbag.py:536} INFO - Filling up the DagBag from /home/airflow/.local/lib/python3.11/site-packages/airflow/example_dags/example_datasets.py
[2023-11-02T08:50:39.448+0000] {processor.py:839} INFO - DAG(s) dict_keys(['dataset_consumes_1_never_scheduled', 'dataset_produces_1', 'dataset_consumes_unknown_never_scheduled', 'dataset_consumes_1_and_2', 'dataset_produces_2', 'dataset_consumes_1']) retrieved from /home/airflow/.local/lib/python3.11/site-packages/airflow/example_dags/example_datasets.py
[2023-11-02T08:50:39.469+0000] {logging_mixin.py:151} INFO - [2023-11-02T08:50:39.469+0000] {dag.py:2941} INFO - Sync 6 DAGs
[2023-11-02T08:50:39.485+0000] {logging_mixin.py:151} INFO - [2023-11-02T08:50:39.485+0000] {dag.py:3722} INFO - Setting next_dagrun for dataset_consumes_1 to None, run_after=None
[2023-11-02T08:50:39.487+0000] {logging_mixin.py:151} INFO - [2023-11-02T08:50:39.487+0000] {dag.py:3722} INFO - Setting next_dagrun for dataset_consumes_1_and_2 to None, run_after=None
[2023-11-02T08:50:39.488+0000] {logging_mixin.py:151} INFO - [2023-11-02T08:50:39.488+0000] {dag.py:3722} INFO - Setting next_dagrun for dataset_consumes_1_never_scheduled to None, run_after=None
[2023-11-02T08:50:39.488+0000] {logging_mixin.py:151} INFO - [2023-11-02T08:50:39.488+0000] {dag.py:3722} INFO - Setting next_dagrun for dataset_consumes_unknown_never_scheduled to None, run_after=None
[2023-11-02T08:50:39.490+0000] {logging_mixin.py:151} INFO - [2023-11-02T08:50:39.490+0000] {dag.py:3722} INFO - Setting next_dagrun for dataset_produces_1 to 2023-11-01T00:00:00+00:00, run_after=2023-11-02T00:00:00+00:00
[2023-11-02T08:50:39.491+0000] {logging_mixin.py:151} INFO - [2023-11-02T08:50:39.491+0000] {dag.py:3722} INFO - Setting next_dagrun for dataset_produces_2 to None, run_after=None
[2023-11-02T08:50:39.507+0000] {processor.py:179} INFO - Processing /home/airflow/.local/lib/python3.11/site-packages/airflow/example_dags/example_datasets.py took 0.072 seconds
[2023-11-02T08:51:10.336+0000] {processor.py:157} INFO - Started process (PID=755) to work on /home/airflow/.local/lib/python3.11/site-packages/airflow/example_dags/example_datasets.py
[2023-11-02T08:51:10.338+0000] {processor.py:829} INFO - Processing file /home/airflow/.local/lib/python3.11/site-packages/airflow/example_dags/example_datasets.py for tasks to queue
[2023-11-02T08:51:10.341+0000] {logging_mixin.py:151} INFO - [2023-11-02T08:51:10.340+0000] {dagbag.py:536} INFO - Filling up the DagBag from /home/airflow/.local/lib/python3.11/site-packages/airflow/example_dags/example_datasets.py
[2023-11-02T08:51:10.351+0000] {processor.py:839} INFO - DAG(s) dict_keys(['dataset_produces_1', 'dataset_consumes_unknown_never_scheduled', 'dataset_consumes_1', 'dataset_produces_2', 'dataset_consumes_1_and_2', 'dataset_consumes_1_never_scheduled']) retrieved from /home/airflow/.local/lib/python3.11/site-packages/airflow/example_dags/example_datasets.py
[2023-11-02T08:51:10.373+0000] {logging_mixin.py:151} INFO - [2023-11-02T08:51:10.372+0000] {dag.py:2941} INFO - Sync 6 DAGs
[2023-11-02T08:51:10.387+0000] {logging_mixin.py:151} INFO - [2023-11-02T08:51:10.386+0000] {dag.py:3722} INFO - Setting next_dagrun for dataset_consumes_1 to None, run_after=None
[2023-11-02T08:51:10.389+0000] {logging_mixin.py:151} INFO - [2023-11-02T08:51:10.389+0000] {dag.py:3722} INFO - Setting next_dagrun for dataset_consumes_1_and_2 to None, run_after=None
[2023-11-02T08:51:10.389+0000] {logging_mixin.py:151} INFO - [2023-11-02T08:51:10.389+0000] {dag.py:3722} INFO - Setting next_dagrun for dataset_consumes_1_never_scheduled to None, run_after=None
[2023-11-02T08:51:10.390+0000] {logging_mixin.py:151} INFO - [2023-11-02T08:51:10.390+0000] {dag.py:3722} INFO - Setting next_dagrun for dataset_consumes_unknown_never_scheduled to None, run_after=None
[2023-11-02T08:51:10.392+0000] {logging_mixin.py:151} INFO - [2023-11-02T08:51:10.392+0000] {dag.py:3722} INFO - Setting next_dagrun for dataset_produces_1 to 2023-11-01T00:00:00+00:00, run_after=2023-11-02T00:00:00+00:00
[2023-11-02T08:51:10.392+0000] {logging_mixin.py:151} INFO - [2023-11-02T08:51:10.392+0000] {dag.py:3722} INFO - Setting next_dagrun for dataset_produces_2 to None, run_after=None
[2023-11-02T08:51:10.409+0000] {processor.py:179} INFO - Processing /home/airflow/.local/lib/python3.11/site-packages/airflow/example_dags/example_datasets.py took 0.077 seconds
[2023-11-02T08:51:40.601+0000] {processor.py:157} INFO - Started process (PID=810) to work on /home/airflow/.local/lib/python3.11/site-packages/airflow/example_dags/example_datasets.py
[2023-11-02T08:51:40.603+0000] {processor.py:829} INFO - Processing file /home/airflow/.local/lib/python3.11/site-packages/airflow/example_dags/example_datasets.py for tasks to queue
[2023-11-02T08:51:40.607+0000] {logging_mixin.py:151} INFO - [2023-11-02T08:51:40.606+0000] {dagbag.py:536} INFO - Filling up the DagBag from /home/airflow/.local/lib/python3.11/site-packages/airflow/example_dags/example_datasets.py
[2023-11-02T08:51:40.619+0000] {processor.py:839} INFO - DAG(s) dict_keys(['dataset_consumes_1_and_2', 'dataset_produces_1', 'dataset_consumes_unknown_never_scheduled', 'dataset_consumes_1_never_scheduled', 'dataset_produces_2', 'dataset_consumes_1']) retrieved from /home/airflow/.local/lib/python3.11/site-packages/airflow/example_dags/example_datasets.py
[2023-11-02T08:51:40.642+0000] {logging_mixin.py:151} INFO - [2023-11-02T08:51:40.642+0000] {dag.py:2941} INFO - Sync 6 DAGs
[2023-11-02T08:51:40.657+0000] {logging_mixin.py:151} INFO - [2023-11-02T08:51:40.656+0000] {dag.py:3722} INFO - Setting next_dagrun for dataset_consumes_1 to None, run_after=None
[2023-11-02T08:51:40.659+0000] {logging_mixin.py:151} INFO - [2023-11-02T08:51:40.659+0000] {dag.py:3722} INFO - Setting next_dagrun for dataset_consumes_1_and_2 to None, run_after=None
[2023-11-02T08:51:40.659+0000] {logging_mixin.py:151} INFO - [2023-11-02T08:51:40.659+0000] {dag.py:3722} INFO - Setting next_dagrun for dataset_consumes_1_never_scheduled to None, run_after=None
[2023-11-02T08:51:40.660+0000] {logging_mixin.py:151} INFO - [2023-11-02T08:51:40.660+0000] {dag.py:3722} INFO - Setting next_dagrun for dataset_consumes_unknown_never_scheduled to None, run_after=None
[2023-11-02T08:51:40.662+0000] {logging_mixin.py:151} INFO - [2023-11-02T08:51:40.662+0000] {dag.py:3722} INFO - Setting next_dagrun for dataset_produces_1 to 2023-11-01T00:00:00+00:00, run_after=2023-11-02T00:00:00+00:00
[2023-11-02T08:51:40.662+0000] {logging_mixin.py:151} INFO - [2023-11-02T08:51:40.662+0000] {dag.py:3722} INFO - Setting next_dagrun for dataset_produces_2 to None, run_after=None
[2023-11-02T08:51:40.678+0000] {processor.py:179} INFO - Processing /home/airflow/.local/lib/python3.11/site-packages/airflow/example_dags/example_datasets.py took 0.083 seconds
[2023-11-02T08:52:10.857+0000] {processor.py:157} INFO - Started process (PID=865) to work on /home/airflow/.local/lib/python3.11/site-packages/airflow/example_dags/example_datasets.py
[2023-11-02T08:52:10.860+0000] {processor.py:829} INFO - Processing file /home/airflow/.local/lib/python3.11/site-packages/airflow/example_dags/example_datasets.py for tasks to queue
[2023-11-02T08:52:10.863+0000] {logging_mixin.py:151} INFO - [2023-11-02T08:52:10.863+0000] {dagbag.py:536} INFO - Filling up the DagBag from /home/airflow/.local/lib/python3.11/site-packages/airflow/example_dags/example_datasets.py
[2023-11-02T08:52:10.875+0000] {processor.py:839} INFO - DAG(s) dict_keys(['dataset_consumes_1_never_scheduled', 'dataset_consumes_unknown_never_scheduled', 'dataset_produces_1', 'dataset_produces_2', 'dataset_consumes_1', 'dataset_consumes_1_and_2']) retrieved from /home/airflow/.local/lib/python3.11/site-packages/airflow/example_dags/example_datasets.py
[2023-11-02T08:52:10.898+0000] {logging_mixin.py:151} INFO - [2023-11-02T08:52:10.898+0000] {dag.py:2941} INFO - Sync 6 DAGs
[2023-11-02T08:52:10.913+0000] {logging_mixin.py:151} INFO - [2023-11-02T08:52:10.913+0000] {dag.py:3722} INFO - Setting next_dagrun for dataset_consumes_1 to None, run_after=None
[2023-11-02T08:52:10.915+0000] {logging_mixin.py:151} INFO - [2023-11-02T08:52:10.915+0000] {dag.py:3722} INFO - Setting next_dagrun for dataset_consumes_1_and_2 to None, run_after=None
[2023-11-02T08:52:10.916+0000] {logging_mixin.py:151} INFO - [2023-11-02T08:52:10.916+0000] {dag.py:3722} INFO - Setting next_dagrun for dataset_consumes_1_never_scheduled to None, run_after=None
[2023-11-02T08:52:10.917+0000] {logging_mixin.py:151} INFO - [2023-11-02T08:52:10.916+0000] {dag.py:3722} INFO - Setting next_dagrun for dataset_consumes_unknown_never_scheduled to None, run_after=None
[2023-11-02T08:52:10.918+0000] {logging_mixin.py:151} INFO - [2023-11-02T08:52:10.918+0000] {dag.py:3722} INFO - Setting next_dagrun for dataset_produces_1 to 2023-11-01T00:00:00+00:00, run_after=2023-11-02T00:00:00+00:00
[2023-11-02T08:52:10.919+0000] {logging_mixin.py:151} INFO - [2023-11-02T08:52:10.919+0000] {dag.py:3722} INFO - Setting next_dagrun for dataset_produces_2 to None, run_after=None
[2023-11-02T08:52:10.937+0000] {processor.py:179} INFO - Processing /home/airflow/.local/lib/python3.11/site-packages/airflow/example_dags/example_datasets.py took 0.085 seconds
[2023-11-02T08:52:41.004+0000] {processor.py:157} INFO - Started process (PID=920) to work on /home/airflow/.local/lib/python3.11/site-packages/airflow/example_dags/example_datasets.py
[2023-11-02T08:52:41.007+0000] {processor.py:829} INFO - Processing file /home/airflow/.local/lib/python3.11/site-packages/airflow/example_dags/example_datasets.py for tasks to queue
[2023-11-02T08:52:41.010+0000] {logging_mixin.py:151} INFO - [2023-11-02T08:52:41.009+0000] {dagbag.py:536} INFO - Filling up the DagBag from /home/airflow/.local/lib/python3.11/site-packages/airflow/example_dags/example_datasets.py
[2023-11-02T08:52:41.020+0000] {processor.py:839} INFO - DAG(s) dict_keys(['dataset_consumes_unknown_never_scheduled', 'dataset_consumes_1', 'dataset_consumes_1_and_2', 'dataset_produces_1', 'dataset_consumes_1_never_scheduled', 'dataset_produces_2']) retrieved from /home/airflow/.local/lib/python3.11/site-packages/airflow/example_dags/example_datasets.py
[2023-11-02T08:52:41.044+0000] {logging_mixin.py:151} INFO - [2023-11-02T08:52:41.044+0000] {dag.py:2941} INFO - Sync 6 DAGs
[2023-11-02T08:52:41.059+0000] {logging_mixin.py:151} INFO - [2023-11-02T08:52:41.059+0000] {dag.py:3722} INFO - Setting next_dagrun for dataset_consumes_1 to None, run_after=None
[2023-11-02T08:52:41.061+0000] {logging_mixin.py:151} INFO - [2023-11-02T08:52:41.061+0000] {dag.py:3722} INFO - Setting next_dagrun for dataset_consumes_1_and_2 to None, run_after=None
[2023-11-02T08:52:41.062+0000] {logging_mixin.py:151} INFO - [2023-11-02T08:52:41.062+0000] {dag.py:3722} INFO - Setting next_dagrun for dataset_consumes_1_never_scheduled to None, run_after=None
[2023-11-02T08:52:41.062+0000] {logging_mixin.py:151} INFO - [2023-11-02T08:52:41.062+0000] {dag.py:3722} INFO - Setting next_dagrun for dataset_consumes_unknown_never_scheduled to None, run_after=None
[2023-11-02T08:52:41.064+0000] {logging_mixin.py:151} INFO - [2023-11-02T08:52:41.064+0000] {dag.py:3722} INFO - Setting next_dagrun for dataset_produces_1 to 2023-11-01T00:00:00+00:00, run_after=2023-11-02T00:00:00+00:00
[2023-11-02T08:52:41.065+0000] {logging_mixin.py:151} INFO - [2023-11-02T08:52:41.065+0000] {dag.py:3722} INFO - Setting next_dagrun for dataset_produces_2 to None, run_after=None
[2023-11-02T08:52:41.082+0000] {processor.py:179} INFO - Processing /home/airflow/.local/lib/python3.11/site-packages/airflow/example_dags/example_datasets.py took 0.083 seconds
[2023-11-02T08:53:11.503+0000] {processor.py:157} INFO - Started process (PID=975) to work on /home/airflow/.local/lib/python3.11/site-packages/airflow/example_dags/example_datasets.py
[2023-11-02T08:53:11.504+0000] {processor.py:829} INFO - Processing file /home/airflow/.local/lib/python3.11/site-packages/airflow/example_dags/example_datasets.py for tasks to queue
[2023-11-02T08:53:11.508+0000] {logging_mixin.py:151} INFO - [2023-11-02T08:53:11.507+0000] {dagbag.py:536} INFO - Filling up the DagBag from /home/airflow/.local/lib/python3.11/site-packages/airflow/example_dags/example_datasets.py
[2023-11-02T08:53:11.520+0000] {processor.py:839} INFO - DAG(s) dict_keys(['dataset_produces_2', 'dataset_produces_1', 'dataset_consumes_1_and_2', 'dataset_consumes_unknown_never_scheduled', 'dataset_consumes_1_never_scheduled', 'dataset_consumes_1']) retrieved from /home/airflow/.local/lib/python3.11/site-packages/airflow/example_dags/example_datasets.py
[2023-11-02T08:53:11.543+0000] {logging_mixin.py:151} INFO - [2023-11-02T08:53:11.543+0000] {dag.py:2941} INFO - Sync 6 DAGs
[2023-11-02T08:53:11.558+0000] {logging_mixin.py:151} INFO - [2023-11-02T08:53:11.558+0000] {dag.py:3722} INFO - Setting next_dagrun for dataset_consumes_1 to None, run_after=None
[2023-11-02T08:53:11.560+0000] {logging_mixin.py:151} INFO - [2023-11-02T08:53:11.560+0000] {dag.py:3722} INFO - Setting next_dagrun for dataset_consumes_1_and_2 to None, run_after=None
[2023-11-02T08:53:11.561+0000] {logging_mixin.py:151} INFO - [2023-11-02T08:53:11.561+0000] {dag.py:3722} INFO - Setting next_dagrun for dataset_consumes_1_never_scheduled to None, run_after=None
[2023-11-02T08:53:11.561+0000] {logging_mixin.py:151} INFO - [2023-11-02T08:53:11.561+0000] {dag.py:3722} INFO - Setting next_dagrun for dataset_consumes_unknown_never_scheduled to None, run_after=None
[2023-11-02T08:53:11.563+0000] {logging_mixin.py:151} INFO - [2023-11-02T08:53:11.563+0000] {dag.py:3722} INFO - Setting next_dagrun for dataset_produces_1 to 2023-11-01T00:00:00+00:00, run_after=2023-11-02T00:00:00+00:00
[2023-11-02T08:53:11.564+0000] {logging_mixin.py:151} INFO - [2023-11-02T08:53:11.563+0000] {dag.py:3722} INFO - Setting next_dagrun for dataset_produces_2 to None, run_after=None
[2023-11-02T08:53:11.579+0000] {processor.py:179} INFO - Processing /home/airflow/.local/lib/python3.11/site-packages/airflow/example_dags/example_datasets.py took 0.083 seconds
[2023-11-02T08:53:41.653+0000] {processor.py:157} INFO - Started process (PID=1029) to work on /home/airflow/.local/lib/python3.11/site-packages/airflow/example_dags/example_datasets.py
[2023-11-02T08:53:41.656+0000] {processor.py:829} INFO - Processing file /home/airflow/.local/lib/python3.11/site-packages/airflow/example_dags/example_datasets.py for tasks to queue
[2023-11-02T08:53:41.659+0000] {logging_mixin.py:151} INFO - [2023-11-02T08:53:41.659+0000] {dagbag.py:536} INFO - Filling up the DagBag from /home/airflow/.local/lib/python3.11/site-packages/airflow/example_dags/example_datasets.py
[2023-11-02T08:53:41.670+0000] {processor.py:839} INFO - DAG(s) dict_keys(['dataset_produces_1', 'dataset_consumes_1', 'dataset_consumes_1_and_2', 'dataset_produces_2', 'dataset_consumes_1_never_scheduled', 'dataset_consumes_unknown_never_scheduled']) retrieved from /home/airflow/.local/lib/python3.11/site-packages/airflow/example_dags/example_datasets.py
[2023-11-02T08:53:41.699+0000] {logging_mixin.py:151} INFO - [2023-11-02T08:53:41.699+0000] {dag.py:2941} INFO - Sync 6 DAGs
[2023-11-02T08:53:41.717+0000] {logging_mixin.py:151} INFO - [2023-11-02T08:53:41.717+0000] {dag.py:3722} INFO - Setting next_dagrun for dataset_consumes_1 to None, run_after=None
[2023-11-02T08:53:41.721+0000] {logging_mixin.py:151} INFO - [2023-11-02T08:53:41.721+0000] {dag.py:3722} INFO - Setting next_dagrun for dataset_consumes_1_and_2 to None, run_after=None
[2023-11-02T08:53:41.722+0000] {logging_mixin.py:151} INFO - [2023-11-02T08:53:41.721+0000] {dag.py:3722} INFO - Setting next_dagrun for dataset_consumes_1_never_scheduled to None, run_after=None
[2023-11-02T08:53:41.722+0000] {logging_mixin.py:151} INFO - [2023-11-02T08:53:41.722+0000] {dag.py:3722} INFO - Setting next_dagrun for dataset_consumes_unknown_never_scheduled to None, run_after=None
[2023-11-02T08:53:41.724+0000] {logging_mixin.py:151} INFO - [2023-11-02T08:53:41.724+0000] {dag.py:3722} INFO - Setting next_dagrun for dataset_produces_1 to 2023-11-01T00:00:00+00:00, run_after=2023-11-02T00:00:00+00:00
[2023-11-02T08:53:41.725+0000] {logging_mixin.py:151} INFO - [2023-11-02T08:53:41.725+0000] {dag.py:3722} INFO - Setting next_dagrun for dataset_produces_2 to None, run_after=None
[2023-11-02T08:53:41.747+0000] {processor.py:179} INFO - Processing /home/airflow/.local/lib/python3.11/site-packages/airflow/example_dags/example_datasets.py took 0.097 seconds
[2023-11-02T08:54:11.933+0000] {processor.py:157} INFO - Started process (PID=1083) to work on /home/airflow/.local/lib/python3.11/site-packages/airflow/example_dags/example_datasets.py
[2023-11-02T08:54:11.935+0000] {processor.py:829} INFO - Processing file /home/airflow/.local/lib/python3.11/site-packages/airflow/example_dags/example_datasets.py for tasks to queue
[2023-11-02T08:54:11.941+0000] {logging_mixin.py:151} INFO - [2023-11-02T08:54:11.941+0000] {dagbag.py:536} INFO - Filling up the DagBag from /home/airflow/.local/lib/python3.11/site-packages/airflow/example_dags/example_datasets.py
[2023-11-02T08:54:11.956+0000] {processor.py:839} INFO - DAG(s) dict_keys(['dataset_produces_2', 'dataset_consumes_1_and_2', 'dataset_consumes_1_never_scheduled', 'dataset_consumes_1', 'dataset_consumes_unknown_never_scheduled', 'dataset_produces_1']) retrieved from /home/airflow/.local/lib/python3.11/site-packages/airflow/example_dags/example_datasets.py
[2023-11-02T08:54:11.978+0000] {logging_mixin.py:151} INFO - [2023-11-02T08:54:11.978+0000] {dag.py:2941} INFO - Sync 6 DAGs
[2023-11-02T08:54:11.993+0000] {logging_mixin.py:151} INFO - [2023-11-02T08:54:11.993+0000] {dag.py:3722} INFO - Setting next_dagrun for dataset_consumes_1 to None, run_after=None
[2023-11-02T08:54:11.995+0000] {logging_mixin.py:151} INFO - [2023-11-02T08:54:11.995+0000] {dag.py:3722} INFO - Setting next_dagrun for dataset_consumes_1_and_2 to None, run_after=None
[2023-11-02T08:54:11.996+0000] {logging_mixin.py:151} INFO - [2023-11-02T08:54:11.996+0000] {dag.py:3722} INFO - Setting next_dagrun for dataset_consumes_1_never_scheduled to None, run_after=None
[2023-11-02T08:54:11.996+0000] {logging_mixin.py:151} INFO - [2023-11-02T08:54:11.996+0000] {dag.py:3722} INFO - Setting next_dagrun for dataset_consumes_unknown_never_scheduled to None, run_after=None
[2023-11-02T08:54:11.998+0000] {logging_mixin.py:151} INFO - [2023-11-02T08:54:11.998+0000] {dag.py:3722} INFO - Setting next_dagrun for dataset_produces_1 to 2023-11-01T00:00:00+00:00, run_after=2023-11-02T00:00:00+00:00
[2023-11-02T08:54:11.999+0000] {logging_mixin.py:151} INFO - [2023-11-02T08:54:11.999+0000] {dag.py:3722} INFO - Setting next_dagrun for dataset_produces_2 to None, run_after=None
[2023-11-02T08:54:12.016+0000] {processor.py:179} INFO - Processing /home/airflow/.local/lib/python3.11/site-packages/airflow/example_dags/example_datasets.py took 0.091 seconds
[2023-11-02T08:54:42.447+0000] {processor.py:157} INFO - Started process (PID=1138) to work on /home/airflow/.local/lib/python3.11/site-packages/airflow/example_dags/example_datasets.py
[2023-11-02T08:54:42.448+0000] {processor.py:829} INFO - Processing file /home/airflow/.local/lib/python3.11/site-packages/airflow/example_dags/example_datasets.py for tasks to queue
[2023-11-02T08:54:42.452+0000] {logging_mixin.py:151} INFO - [2023-11-02T08:54:42.451+0000] {dagbag.py:536} INFO - Filling up the DagBag from /home/airflow/.local/lib/python3.11/site-packages/airflow/example_dags/example_datasets.py
[2023-11-02T08:54:42.464+0000] {processor.py:839} INFO - DAG(s) dict_keys(['dataset_consumes_1', 'dataset_consumes_1_and_2', 'dataset_consumes_unknown_never_scheduled', 'dataset_produces_1', 'dataset_produces_2', 'dataset_consumes_1_never_scheduled']) retrieved from /home/airflow/.local/lib/python3.11/site-packages/airflow/example_dags/example_datasets.py
[2023-11-02T08:54:42.486+0000] {logging_mixin.py:151} INFO - [2023-11-02T08:54:42.486+0000] {dag.py:2941} INFO - Sync 6 DAGs
[2023-11-02T08:54:42.507+0000] {logging_mixin.py:151} INFO - [2023-11-02T08:54:42.507+0000] {dag.py:3722} INFO - Setting next_dagrun for dataset_consumes_1 to None, run_after=None
[2023-11-02T08:54:42.510+0000] {logging_mixin.py:151} INFO - [2023-11-02T08:54:42.510+0000] {dag.py:3722} INFO - Setting next_dagrun for dataset_consumes_1_and_2 to None, run_after=None
[2023-11-02T08:54:42.510+0000] {logging_mixin.py:151} INFO - [2023-11-02T08:54:42.510+0000] {dag.py:3722} INFO - Setting next_dagrun for dataset_consumes_1_never_scheduled to None, run_after=None
[2023-11-02T08:54:42.511+0000] {logging_mixin.py:151} INFO - [2023-11-02T08:54:42.511+0000] {dag.py:3722} INFO - Setting next_dagrun for dataset_consumes_unknown_never_scheduled to None, run_after=None
[2023-11-02T08:54:42.513+0000] {logging_mixin.py:151} INFO - [2023-11-02T08:54:42.513+0000] {dag.py:3722} INFO - Setting next_dagrun for dataset_produces_1 to 2023-11-01T00:00:00+00:00, run_after=2023-11-02T00:00:00+00:00
[2023-11-02T08:54:42.513+0000] {logging_mixin.py:151} INFO - [2023-11-02T08:54:42.513+0000] {dag.py:3722} INFO - Setting next_dagrun for dataset_produces_2 to None, run_after=None
[2023-11-02T08:54:42.529+0000] {processor.py:179} INFO - Processing /home/airflow/.local/lib/python3.11/site-packages/airflow/example_dags/example_datasets.py took 0.087 seconds
