[2023-11-02T08:44:33.304+0000] {processor.py:157} INFO - Started process (PID=34) to work on /home/airflow/.local/lib/python3.11/site-packages/airflow/example_dags/example_branch_day_of_week_operator.py
[2023-11-02T08:44:33.305+0000] {processor.py:829} INFO - Processing file /home/airflow/.local/lib/python3.11/site-packages/airflow/example_dags/example_branch_day_of_week_operator.py for tasks to queue
[2023-11-02T08:44:33.308+0000] {logging_mixin.py:151} INFO - [2023-11-02T08:44:33.308+0000] {dagbag.py:536} INFO - Filling up the DagBag from /home/airflow/.local/lib/python3.11/site-packages/airflow/example_dags/example_branch_day_of_week_operator.py
[2023-11-02T08:44:33.333+0000] {processor.py:839} INFO - DAG(s) dict_keys(['example_weekday_branch_operator']) retrieved from /home/airflow/.local/lib/python3.11/site-packages/airflow/example_dags/example_branch_day_of_week_operator.py
[2023-11-02T08:44:33.523+0000] {logging_mixin.py:151} INFO - [2023-11-02T08:44:33.522+0000] {manager.py:499} INFO - Created Permission View: %s
[2023-11-02T08:44:33.554+0000] {logging_mixin.py:151} INFO - [2023-11-02T08:44:33.553+0000] {manager.py:499} INFO - Created Permission View: %s
[2023-11-02T08:44:33.566+0000] {logging_mixin.py:151} INFO - [2023-11-02T08:44:33.566+0000] {manager.py:499} INFO - Created Permission View: %s
[2023-11-02T08:44:33.567+0000] {logging_mixin.py:151} INFO - [2023-11-02T08:44:33.567+0000] {dag.py:2941} INFO - Sync 1 DAGs
[2023-11-02T08:44:33.605+0000] {logging_mixin.py:151} INFO - [2023-11-02T08:44:33.604+0000] {dag.py:2963} INFO - Creating ORM DAG for example_weekday_branch_operator
[2023-11-02T08:44:33.639+0000] {logging_mixin.py:151} INFO - [2023-11-02T08:44:33.639+0000] {dag.py:3722} INFO - Setting next_dagrun for example_weekday_branch_operator to 2023-11-01T00:00:00+00:00, run_after=2023-11-02T00:00:00+00:00
[2023-11-02T08:44:33.671+0000] {processor.py:179} INFO - Processing /home/airflow/.local/lib/python3.11/site-packages/airflow/example_dags/example_branch_day_of_week_operator.py took 0.371 seconds
[2023-11-02T08:45:03.960+0000] {processor.py:157} INFO - Started process (PID=89) to work on /home/airflow/.local/lib/python3.11/site-packages/airflow/example_dags/example_branch_day_of_week_operator.py
[2023-11-02T08:45:03.961+0000] {processor.py:829} INFO - Processing file /home/airflow/.local/lib/python3.11/site-packages/airflow/example_dags/example_branch_day_of_week_operator.py for tasks to queue
[2023-11-02T08:45:03.963+0000] {logging_mixin.py:151} INFO - [2023-11-02T08:45:03.963+0000] {dagbag.py:536} INFO - Filling up the DagBag from /home/airflow/.local/lib/python3.11/site-packages/airflow/example_dags/example_branch_day_of_week_operator.py
[2023-11-02T08:45:03.974+0000] {processor.py:839} INFO - DAG(s) dict_keys(['example_weekday_branch_operator']) retrieved from /home/airflow/.local/lib/python3.11/site-packages/airflow/example_dags/example_branch_day_of_week_operator.py
[2023-11-02T08:45:03.991+0000] {logging_mixin.py:151} INFO - [2023-11-02T08:45:03.991+0000] {dag.py:2941} INFO - Sync 1 DAGs
[2023-11-02T08:45:04.009+0000] {logging_mixin.py:151} INFO - [2023-11-02T08:45:04.009+0000] {dag.py:3722} INFO - Setting next_dagrun for example_weekday_branch_operator to 2023-11-01T00:00:00+00:00, run_after=2023-11-02T00:00:00+00:00
[2023-11-02T08:45:04.021+0000] {processor.py:179} INFO - Processing /home/airflow/.local/lib/python3.11/site-packages/airflow/example_dags/example_branch_day_of_week_operator.py took 0.064 seconds
[2023-11-02T08:45:35.101+0000] {processor.py:157} INFO - Started process (PID=144) to work on /home/airflow/.local/lib/python3.11/site-packages/airflow/example_dags/example_branch_day_of_week_operator.py
[2023-11-02T08:45:35.101+0000] {processor.py:829} INFO - Processing file /home/airflow/.local/lib/python3.11/site-packages/airflow/example_dags/example_branch_day_of_week_operator.py for tasks to queue
[2023-11-02T08:45:35.105+0000] {logging_mixin.py:151} INFO - [2023-11-02T08:45:35.105+0000] {dagbag.py:536} INFO - Filling up the DagBag from /home/airflow/.local/lib/python3.11/site-packages/airflow/example_dags/example_branch_day_of_week_operator.py
[2023-11-02T08:45:35.114+0000] {processor.py:839} INFO - DAG(s) dict_keys(['example_weekday_branch_operator']) retrieved from /home/airflow/.local/lib/python3.11/site-packages/airflow/example_dags/example_branch_day_of_week_operator.py
[2023-11-02T08:45:35.130+0000] {logging_mixin.py:151} INFO - [2023-11-02T08:45:35.130+0000] {dag.py:2941} INFO - Sync 1 DAGs
[2023-11-02T08:45:35.166+0000] {logging_mixin.py:151} INFO - [2023-11-02T08:45:35.166+0000] {dag.py:3722} INFO - Setting next_dagrun for example_weekday_branch_operator to 2023-11-01T00:00:00+00:00, run_after=2023-11-02T00:00:00+00:00
[2023-11-02T08:45:35.181+0000] {processor.py:179} INFO - Processing /home/airflow/.local/lib/python3.11/site-packages/airflow/example_dags/example_branch_day_of_week_operator.py took 0.083 seconds
[2023-11-02T08:46:05.902+0000] {processor.py:157} INFO - Started process (PID=199) to work on /home/airflow/.local/lib/python3.11/site-packages/airflow/example_dags/example_branch_day_of_week_operator.py
[2023-11-02T08:46:05.906+0000] {processor.py:829} INFO - Processing file /home/airflow/.local/lib/python3.11/site-packages/airflow/example_dags/example_branch_day_of_week_operator.py for tasks to queue
[2023-11-02T08:46:05.907+0000] {logging_mixin.py:151} INFO - [2023-11-02T08:46:05.907+0000] {dagbag.py:536} INFO - Filling up the DagBag from /home/airflow/.local/lib/python3.11/site-packages/airflow/example_dags/example_branch_day_of_week_operator.py
[2023-11-02T08:46:05.914+0000] {processor.py:839} INFO - DAG(s) dict_keys(['example_weekday_branch_operator']) retrieved from /home/airflow/.local/lib/python3.11/site-packages/airflow/example_dags/example_branch_day_of_week_operator.py
[2023-11-02T08:46:05.931+0000] {logging_mixin.py:151} INFO - [2023-11-02T08:46:05.931+0000] {dag.py:2941} INFO - Sync 1 DAGs
[2023-11-02T08:46:05.954+0000] {logging_mixin.py:151} INFO - [2023-11-02T08:46:05.954+0000] {dag.py:3722} INFO - Setting next_dagrun for example_weekday_branch_operator to 2023-11-01T00:00:00+00:00, run_after=2023-11-02T00:00:00+00:00
[2023-11-02T08:46:05.971+0000] {processor.py:179} INFO - Processing /home/airflow/.local/lib/python3.11/site-packages/airflow/example_dags/example_branch_day_of_week_operator.py took 0.072 seconds
[2023-11-02T08:46:36.423+0000] {processor.py:157} INFO - Started process (PID=254) to work on /home/airflow/.local/lib/python3.11/site-packages/airflow/example_dags/example_branch_day_of_week_operator.py
[2023-11-02T08:46:36.427+0000] {processor.py:829} INFO - Processing file /home/airflow/.local/lib/python3.11/site-packages/airflow/example_dags/example_branch_day_of_week_operator.py for tasks to queue
[2023-11-02T08:46:36.429+0000] {logging_mixin.py:151} INFO - [2023-11-02T08:46:36.429+0000] {dagbag.py:536} INFO - Filling up the DagBag from /home/airflow/.local/lib/python3.11/site-packages/airflow/example_dags/example_branch_day_of_week_operator.py
[2023-11-02T08:46:36.435+0000] {processor.py:839} INFO - DAG(s) dict_keys(['example_weekday_branch_operator']) retrieved from /home/airflow/.local/lib/python3.11/site-packages/airflow/example_dags/example_branch_day_of_week_operator.py
[2023-11-02T08:46:36.452+0000] {logging_mixin.py:151} INFO - [2023-11-02T08:46:36.451+0000] {dag.py:2941} INFO - Sync 1 DAGs
[2023-11-02T08:46:36.467+0000] {logging_mixin.py:151} INFO - [2023-11-02T08:46:36.467+0000] {dag.py:3722} INFO - Setting next_dagrun for example_weekday_branch_operator to 2023-11-01T00:00:00+00:00, run_after=2023-11-02T00:00:00+00:00
[2023-11-02T08:46:36.478+0000] {processor.py:179} INFO - Processing /home/airflow/.local/lib/python3.11/site-packages/airflow/example_dags/example_branch_day_of_week_operator.py took 0.058 seconds
[2023-11-02T08:47:06.615+0000] {processor.py:157} INFO - Started process (PID=309) to work on /home/airflow/.local/lib/python3.11/site-packages/airflow/example_dags/example_branch_day_of_week_operator.py
[2023-11-02T08:47:06.619+0000] {processor.py:829} INFO - Processing file /home/airflow/.local/lib/python3.11/site-packages/airflow/example_dags/example_branch_day_of_week_operator.py for tasks to queue
[2023-11-02T08:47:06.622+0000] {logging_mixin.py:151} INFO - [2023-11-02T08:47:06.622+0000] {dagbag.py:536} INFO - Filling up the DagBag from /home/airflow/.local/lib/python3.11/site-packages/airflow/example_dags/example_branch_day_of_week_operator.py
[2023-11-02T08:47:06.629+0000] {processor.py:839} INFO - DAG(s) dict_keys(['example_weekday_branch_operator']) retrieved from /home/airflow/.local/lib/python3.11/site-packages/airflow/example_dags/example_branch_day_of_week_operator.py
[2023-11-02T08:47:06.645+0000] {logging_mixin.py:151} INFO - [2023-11-02T08:47:06.645+0000] {dag.py:2941} INFO - Sync 1 DAGs
[2023-11-02T08:47:06.660+0000] {logging_mixin.py:151} INFO - [2023-11-02T08:47:06.660+0000] {dag.py:3722} INFO - Setting next_dagrun for example_weekday_branch_operator to 2023-11-01T00:00:00+00:00, run_after=2023-11-02T00:00:00+00:00
[2023-11-02T08:47:06.672+0000] {processor.py:179} INFO - Processing /home/airflow/.local/lib/python3.11/site-packages/airflow/example_dags/example_branch_day_of_week_operator.py took 0.059 seconds
[2023-11-02T08:47:36.868+0000] {processor.py:157} INFO - Started process (PID=364) to work on /home/airflow/.local/lib/python3.11/site-packages/airflow/example_dags/example_branch_day_of_week_operator.py
[2023-11-02T08:47:36.869+0000] {processor.py:829} INFO - Processing file /home/airflow/.local/lib/python3.11/site-packages/airflow/example_dags/example_branch_day_of_week_operator.py for tasks to queue
[2023-11-02T08:47:36.871+0000] {logging_mixin.py:151} INFO - [2023-11-02T08:47:36.871+0000] {dagbag.py:536} INFO - Filling up the DagBag from /home/airflow/.local/lib/python3.11/site-packages/airflow/example_dags/example_branch_day_of_week_operator.py
[2023-11-02T08:47:36.877+0000] {processor.py:839} INFO - DAG(s) dict_keys(['example_weekday_branch_operator']) retrieved from /home/airflow/.local/lib/python3.11/site-packages/airflow/example_dags/example_branch_day_of_week_operator.py
[2023-11-02T08:47:36.895+0000] {logging_mixin.py:151} INFO - [2023-11-02T08:47:36.895+0000] {dag.py:2941} INFO - Sync 1 DAGs
[2023-11-02T08:47:36.913+0000] {logging_mixin.py:151} INFO - [2023-11-02T08:47:36.913+0000] {dag.py:3722} INFO - Setting next_dagrun for example_weekday_branch_operator to 2023-11-01T00:00:00+00:00, run_after=2023-11-02T00:00:00+00:00
[2023-11-02T08:47:36.927+0000] {processor.py:179} INFO - Processing /home/airflow/.local/lib/python3.11/site-packages/airflow/example_dags/example_branch_day_of_week_operator.py took 0.062 seconds
[2023-11-02T08:48:07.044+0000] {processor.py:157} INFO - Started process (PID=419) to work on /home/airflow/.local/lib/python3.11/site-packages/airflow/example_dags/example_branch_day_of_week_operator.py
[2023-11-02T08:48:07.045+0000] {processor.py:829} INFO - Processing file /home/airflow/.local/lib/python3.11/site-packages/airflow/example_dags/example_branch_day_of_week_operator.py for tasks to queue
[2023-11-02T08:48:07.053+0000] {logging_mixin.py:151} INFO - [2023-11-02T08:48:07.053+0000] {dagbag.py:536} INFO - Filling up the DagBag from /home/airflow/.local/lib/python3.11/site-packages/airflow/example_dags/example_branch_day_of_week_operator.py
[2023-11-02T08:48:07.068+0000] {processor.py:839} INFO - DAG(s) dict_keys(['example_weekday_branch_operator']) retrieved from /home/airflow/.local/lib/python3.11/site-packages/airflow/example_dags/example_branch_day_of_week_operator.py
[2023-11-02T08:48:07.090+0000] {logging_mixin.py:151} INFO - [2023-11-02T08:48:07.090+0000] {dag.py:2941} INFO - Sync 1 DAGs
[2023-11-02T08:48:07.109+0000] {logging_mixin.py:151} INFO - [2023-11-02T08:48:07.109+0000] {dag.py:3722} INFO - Setting next_dagrun for example_weekday_branch_operator to 2023-11-01T00:00:00+00:00, run_after=2023-11-02T00:00:00+00:00
[2023-11-02T08:48:07.124+0000] {processor.py:179} INFO - Processing /home/airflow/.local/lib/python3.11/site-packages/airflow/example_dags/example_branch_day_of_week_operator.py took 0.082 seconds
[2023-11-02T08:48:37.237+0000] {processor.py:157} INFO - Started process (PID=474) to work on /home/airflow/.local/lib/python3.11/site-packages/airflow/example_dags/example_branch_day_of_week_operator.py
[2023-11-02T08:48:37.239+0000] {processor.py:829} INFO - Processing file /home/airflow/.local/lib/python3.11/site-packages/airflow/example_dags/example_branch_day_of_week_operator.py for tasks to queue
[2023-11-02T08:48:37.241+0000] {logging_mixin.py:151} INFO - [2023-11-02T08:48:37.240+0000] {dagbag.py:536} INFO - Filling up the DagBag from /home/airflow/.local/lib/python3.11/site-packages/airflow/example_dags/example_branch_day_of_week_operator.py
[2023-11-02T08:48:37.247+0000] {processor.py:839} INFO - DAG(s) dict_keys(['example_weekday_branch_operator']) retrieved from /home/airflow/.local/lib/python3.11/site-packages/airflow/example_dags/example_branch_day_of_week_operator.py
[2023-11-02T08:48:37.262+0000] {logging_mixin.py:151} INFO - [2023-11-02T08:48:37.261+0000] {dag.py:2941} INFO - Sync 1 DAGs
[2023-11-02T08:48:37.277+0000] {logging_mixin.py:151} INFO - [2023-11-02T08:48:37.276+0000] {dag.py:3722} INFO - Setting next_dagrun for example_weekday_branch_operator to 2023-11-01T00:00:00+00:00, run_after=2023-11-02T00:00:00+00:00
[2023-11-02T08:48:37.289+0000] {processor.py:179} INFO - Processing /home/airflow/.local/lib/python3.11/site-packages/airflow/example_dags/example_branch_day_of_week_operator.py took 0.055 seconds
[2023-11-02T08:49:07.419+0000] {processor.py:157} INFO - Started process (PID=529) to work on /home/airflow/.local/lib/python3.11/site-packages/airflow/example_dags/example_branch_day_of_week_operator.py
[2023-11-02T08:49:07.420+0000] {processor.py:829} INFO - Processing file /home/airflow/.local/lib/python3.11/site-packages/airflow/example_dags/example_branch_day_of_week_operator.py for tasks to queue
[2023-11-02T08:49:07.421+0000] {logging_mixin.py:151} INFO - [2023-11-02T08:49:07.421+0000] {dagbag.py:536} INFO - Filling up the DagBag from /home/airflow/.local/lib/python3.11/site-packages/airflow/example_dags/example_branch_day_of_week_operator.py
[2023-11-02T08:49:07.427+0000] {processor.py:839} INFO - DAG(s) dict_keys(['example_weekday_branch_operator']) retrieved from /home/airflow/.local/lib/python3.11/site-packages/airflow/example_dags/example_branch_day_of_week_operator.py
[2023-11-02T08:49:07.441+0000] {logging_mixin.py:151} INFO - [2023-11-02T08:49:07.441+0000] {dag.py:2941} INFO - Sync 1 DAGs
[2023-11-02T08:49:07.456+0000] {logging_mixin.py:151} INFO - [2023-11-02T08:49:07.456+0000] {dag.py:3722} INFO - Setting next_dagrun for example_weekday_branch_operator to 2023-11-01T00:00:00+00:00, run_after=2023-11-02T00:00:00+00:00
[2023-11-02T08:49:07.467+0000] {processor.py:179} INFO - Processing /home/airflow/.local/lib/python3.11/site-packages/airflow/example_dags/example_branch_day_of_week_operator.py took 0.051 seconds
[2023-11-02T08:49:37.701+0000] {processor.py:157} INFO - Started process (PID=584) to work on /home/airflow/.local/lib/python3.11/site-packages/airflow/example_dags/example_branch_day_of_week_operator.py
[2023-11-02T08:49:37.703+0000] {processor.py:829} INFO - Processing file /home/airflow/.local/lib/python3.11/site-packages/airflow/example_dags/example_branch_day_of_week_operator.py for tasks to queue
[2023-11-02T08:49:37.705+0000] {logging_mixin.py:151} INFO - [2023-11-02T08:49:37.705+0000] {dagbag.py:536} INFO - Filling up the DagBag from /home/airflow/.local/lib/python3.11/site-packages/airflow/example_dags/example_branch_day_of_week_operator.py
[2023-11-02T08:49:37.714+0000] {processor.py:839} INFO - DAG(s) dict_keys(['example_weekday_branch_operator']) retrieved from /home/airflow/.local/lib/python3.11/site-packages/airflow/example_dags/example_branch_day_of_week_operator.py
[2023-11-02T08:49:37.732+0000] {logging_mixin.py:151} INFO - [2023-11-02T08:49:37.732+0000] {dag.py:2941} INFO - Sync 1 DAGs
[2023-11-02T08:49:37.750+0000] {logging_mixin.py:151} INFO - [2023-11-02T08:49:37.750+0000] {dag.py:3722} INFO - Setting next_dagrun for example_weekday_branch_operator to 2023-11-01T00:00:00+00:00, run_after=2023-11-02T00:00:00+00:00
[2023-11-02T08:49:37.760+0000] {processor.py:179} INFO - Processing /home/airflow/.local/lib/python3.11/site-packages/airflow/example_dags/example_branch_day_of_week_operator.py took 0.064 seconds
[2023-11-02T08:50:07.973+0000] {processor.py:157} INFO - Started process (PID=639) to work on /home/airflow/.local/lib/python3.11/site-packages/airflow/example_dags/example_branch_day_of_week_operator.py
[2023-11-02T08:50:07.974+0000] {processor.py:829} INFO - Processing file /home/airflow/.local/lib/python3.11/site-packages/airflow/example_dags/example_branch_day_of_week_operator.py for tasks to queue
[2023-11-02T08:50:07.979+0000] {logging_mixin.py:151} INFO - [2023-11-02T08:50:07.979+0000] {dagbag.py:536} INFO - Filling up the DagBag from /home/airflow/.local/lib/python3.11/site-packages/airflow/example_dags/example_branch_day_of_week_operator.py
[2023-11-02T08:50:07.987+0000] {processor.py:839} INFO - DAG(s) dict_keys(['example_weekday_branch_operator']) retrieved from /home/airflow/.local/lib/python3.11/site-packages/airflow/example_dags/example_branch_day_of_week_operator.py
[2023-11-02T08:50:08.004+0000] {logging_mixin.py:151} INFO - [2023-11-02T08:50:08.004+0000] {dag.py:2941} INFO - Sync 1 DAGs
[2023-11-02T08:50:08.021+0000] {logging_mixin.py:151} INFO - [2023-11-02T08:50:08.021+0000] {dag.py:3722} INFO - Setting next_dagrun for example_weekday_branch_operator to 2023-11-01T00:00:00+00:00, run_after=2023-11-02T00:00:00+00:00
[2023-11-02T08:50:08.034+0000] {processor.py:179} INFO - Processing /home/airflow/.local/lib/python3.11/site-packages/airflow/example_dags/example_branch_day_of_week_operator.py took 0.063 seconds
[2023-11-02T08:50:38.216+0000] {processor.py:157} INFO - Started process (PID=694) to work on /home/airflow/.local/lib/python3.11/site-packages/airflow/example_dags/example_branch_day_of_week_operator.py
[2023-11-02T08:50:38.220+0000] {processor.py:829} INFO - Processing file /home/airflow/.local/lib/python3.11/site-packages/airflow/example_dags/example_branch_day_of_week_operator.py for tasks to queue
[2023-11-02T08:50:38.222+0000] {logging_mixin.py:151} INFO - [2023-11-02T08:50:38.221+0000] {dagbag.py:536} INFO - Filling up the DagBag from /home/airflow/.local/lib/python3.11/site-packages/airflow/example_dags/example_branch_day_of_week_operator.py
[2023-11-02T08:50:38.227+0000] {processor.py:839} INFO - DAG(s) dict_keys(['example_weekday_branch_operator']) retrieved from /home/airflow/.local/lib/python3.11/site-packages/airflow/example_dags/example_branch_day_of_week_operator.py
[2023-11-02T08:50:38.243+0000] {logging_mixin.py:151} INFO - [2023-11-02T08:50:38.242+0000] {dag.py:2941} INFO - Sync 1 DAGs
[2023-11-02T08:50:38.259+0000] {logging_mixin.py:151} INFO - [2023-11-02T08:50:38.258+0000] {dag.py:3722} INFO - Setting next_dagrun for example_weekday_branch_operator to 2023-11-01T00:00:00+00:00, run_after=2023-11-02T00:00:00+00:00
[2023-11-02T08:50:38.272+0000] {processor.py:179} INFO - Processing /home/airflow/.local/lib/python3.11/site-packages/airflow/example_dags/example_branch_day_of_week_operator.py took 0.059 seconds
[2023-11-02T08:51:09.075+0000] {processor.py:157} INFO - Started process (PID=749) to work on /home/airflow/.local/lib/python3.11/site-packages/airflow/example_dags/example_branch_day_of_week_operator.py
[2023-11-02T08:51:09.077+0000] {processor.py:829} INFO - Processing file /home/airflow/.local/lib/python3.11/site-packages/airflow/example_dags/example_branch_day_of_week_operator.py for tasks to queue
[2023-11-02T08:51:09.079+0000] {logging_mixin.py:151} INFO - [2023-11-02T08:51:09.079+0000] {dagbag.py:536} INFO - Filling up the DagBag from /home/airflow/.local/lib/python3.11/site-packages/airflow/example_dags/example_branch_day_of_week_operator.py
[2023-11-02T08:51:09.085+0000] {processor.py:839} INFO - DAG(s) dict_keys(['example_weekday_branch_operator']) retrieved from /home/airflow/.local/lib/python3.11/site-packages/airflow/example_dags/example_branch_day_of_week_operator.py
[2023-11-02T08:51:09.107+0000] {logging_mixin.py:151} INFO - [2023-11-02T08:51:09.107+0000] {dag.py:2941} INFO - Sync 1 DAGs
[2023-11-02T08:51:09.123+0000] {logging_mixin.py:151} INFO - [2023-11-02T08:51:09.123+0000] {dag.py:3722} INFO - Setting next_dagrun for example_weekday_branch_operator to 2023-11-01T00:00:00+00:00, run_after=2023-11-02T00:00:00+00:00
[2023-11-02T08:51:09.137+0000] {processor.py:179} INFO - Processing /home/airflow/.local/lib/python3.11/site-packages/airflow/example_dags/example_branch_day_of_week_operator.py took 0.065 seconds
[2023-11-02T08:51:39.352+0000] {processor.py:157} INFO - Started process (PID=804) to work on /home/airflow/.local/lib/python3.11/site-packages/airflow/example_dags/example_branch_day_of_week_operator.py
[2023-11-02T08:51:39.352+0000] {processor.py:829} INFO - Processing file /home/airflow/.local/lib/python3.11/site-packages/airflow/example_dags/example_branch_day_of_week_operator.py for tasks to queue
[2023-11-02T08:51:39.354+0000] {logging_mixin.py:151} INFO - [2023-11-02T08:51:39.354+0000] {dagbag.py:536} INFO - Filling up the DagBag from /home/airflow/.local/lib/python3.11/site-packages/airflow/example_dags/example_branch_day_of_week_operator.py
[2023-11-02T08:51:39.360+0000] {processor.py:839} INFO - DAG(s) dict_keys(['example_weekday_branch_operator']) retrieved from /home/airflow/.local/lib/python3.11/site-packages/airflow/example_dags/example_branch_day_of_week_operator.py
[2023-11-02T08:51:39.374+0000] {logging_mixin.py:151} INFO - [2023-11-02T08:51:39.373+0000] {dag.py:2941} INFO - Sync 1 DAGs
[2023-11-02T08:51:39.388+0000] {logging_mixin.py:151} INFO - [2023-11-02T08:51:39.388+0000] {dag.py:3722} INFO - Setting next_dagrun for example_weekday_branch_operator to 2023-11-01T00:00:00+00:00, run_after=2023-11-02T00:00:00+00:00
[2023-11-02T08:51:39.399+0000] {processor.py:179} INFO - Processing /home/airflow/.local/lib/python3.11/site-packages/airflow/example_dags/example_branch_day_of_week_operator.py took 0.049 seconds
[2023-11-02T08:52:09.615+0000] {processor.py:157} INFO - Started process (PID=859) to work on /home/airflow/.local/lib/python3.11/site-packages/airflow/example_dags/example_branch_day_of_week_operator.py
[2023-11-02T08:52:09.616+0000] {processor.py:829} INFO - Processing file /home/airflow/.local/lib/python3.11/site-packages/airflow/example_dags/example_branch_day_of_week_operator.py for tasks to queue
[2023-11-02T08:52:09.617+0000] {logging_mixin.py:151} INFO - [2023-11-02T08:52:09.617+0000] {dagbag.py:536} INFO - Filling up the DagBag from /home/airflow/.local/lib/python3.11/site-packages/airflow/example_dags/example_branch_day_of_week_operator.py
[2023-11-02T08:52:09.623+0000] {processor.py:839} INFO - DAG(s) dict_keys(['example_weekday_branch_operator']) retrieved from /home/airflow/.local/lib/python3.11/site-packages/airflow/example_dags/example_branch_day_of_week_operator.py
[2023-11-02T08:52:09.637+0000] {logging_mixin.py:151} INFO - [2023-11-02T08:52:09.636+0000] {dag.py:2941} INFO - Sync 1 DAGs
[2023-11-02T08:52:09.653+0000] {logging_mixin.py:151} INFO - [2023-11-02T08:52:09.652+0000] {dag.py:3722} INFO - Setting next_dagrun for example_weekday_branch_operator to 2023-11-01T00:00:00+00:00, run_after=2023-11-02T00:00:00+00:00
[2023-11-02T08:52:09.663+0000] {processor.py:179} INFO - Processing /home/airflow/.local/lib/python3.11/site-packages/airflow/example_dags/example_branch_day_of_week_operator.py took 0.050 seconds
[2023-11-02T08:52:39.759+0000] {processor.py:157} INFO - Started process (PID=914) to work on /home/airflow/.local/lib/python3.11/site-packages/airflow/example_dags/example_branch_day_of_week_operator.py
[2023-11-02T08:52:39.760+0000] {processor.py:829} INFO - Processing file /home/airflow/.local/lib/python3.11/site-packages/airflow/example_dags/example_branch_day_of_week_operator.py for tasks to queue
[2023-11-02T08:52:39.764+0000] {logging_mixin.py:151} INFO - [2023-11-02T08:52:39.764+0000] {dagbag.py:536} INFO - Filling up the DagBag from /home/airflow/.local/lib/python3.11/site-packages/airflow/example_dags/example_branch_day_of_week_operator.py
[2023-11-02T08:52:39.771+0000] {processor.py:839} INFO - DAG(s) dict_keys(['example_weekday_branch_operator']) retrieved from /home/airflow/.local/lib/python3.11/site-packages/airflow/example_dags/example_branch_day_of_week_operator.py
[2023-11-02T08:52:39.786+0000] {logging_mixin.py:151} INFO - [2023-11-02T08:52:39.786+0000] {dag.py:2941} INFO - Sync 1 DAGs
[2023-11-02T08:52:39.801+0000] {logging_mixin.py:151} INFO - [2023-11-02T08:52:39.801+0000] {dag.py:3722} INFO - Setting next_dagrun for example_weekday_branch_operator to 2023-11-01T00:00:00+00:00, run_after=2023-11-02T00:00:00+00:00
[2023-11-02T08:52:39.814+0000] {processor.py:179} INFO - Processing /home/airflow/.local/lib/python3.11/site-packages/airflow/example_dags/example_branch_day_of_week_operator.py took 0.058 seconds
[2023-11-02T08:53:10.206+0000] {processor.py:157} INFO - Started process (PID=967) to work on /home/airflow/.local/lib/python3.11/site-packages/airflow/example_dags/example_branch_day_of_week_operator.py
[2023-11-02T08:53:10.207+0000] {processor.py:829} INFO - Processing file /home/airflow/.local/lib/python3.11/site-packages/airflow/example_dags/example_branch_day_of_week_operator.py for tasks to queue
[2023-11-02T08:53:10.209+0000] {logging_mixin.py:151} INFO - [2023-11-02T08:53:10.209+0000] {dagbag.py:536} INFO - Filling up the DagBag from /home/airflow/.local/lib/python3.11/site-packages/airflow/example_dags/example_branch_day_of_week_operator.py
[2023-11-02T08:53:10.214+0000] {processor.py:839} INFO - DAG(s) dict_keys(['example_weekday_branch_operator']) retrieved from /home/airflow/.local/lib/python3.11/site-packages/airflow/example_dags/example_branch_day_of_week_operator.py
[2023-11-02T08:53:10.227+0000] {logging_mixin.py:151} INFO - [2023-11-02T08:53:10.227+0000] {dag.py:2941} INFO - Sync 1 DAGs
[2023-11-02T08:53:10.242+0000] {logging_mixin.py:151} INFO - [2023-11-02T08:53:10.242+0000] {dag.py:3722} INFO - Setting next_dagrun for example_weekday_branch_operator to 2023-11-01T00:00:00+00:00, run_after=2023-11-02T00:00:00+00:00
[2023-11-02T08:53:10.251+0000] {processor.py:179} INFO - Processing /home/airflow/.local/lib/python3.11/site-packages/airflow/example_dags/example_branch_day_of_week_operator.py took 0.047 seconds
[2023-11-02T08:53:40.376+0000] {processor.py:157} INFO - Started process (PID=1022) to work on /home/airflow/.local/lib/python3.11/site-packages/airflow/example_dags/example_branch_day_of_week_operator.py
[2023-11-02T08:53:40.377+0000] {processor.py:829} INFO - Processing file /home/airflow/.local/lib/python3.11/site-packages/airflow/example_dags/example_branch_day_of_week_operator.py for tasks to queue
[2023-11-02T08:53:40.379+0000] {logging_mixin.py:151} INFO - [2023-11-02T08:53:40.379+0000] {dagbag.py:536} INFO - Filling up the DagBag from /home/airflow/.local/lib/python3.11/site-packages/airflow/example_dags/example_branch_day_of_week_operator.py
[2023-11-02T08:53:40.385+0000] {processor.py:839} INFO - DAG(s) dict_keys(['example_weekday_branch_operator']) retrieved from /home/airflow/.local/lib/python3.11/site-packages/airflow/example_dags/example_branch_day_of_week_operator.py
[2023-11-02T08:53:40.399+0000] {logging_mixin.py:151} INFO - [2023-11-02T08:53:40.399+0000] {dag.py:2941} INFO - Sync 1 DAGs
[2023-11-02T08:53:40.413+0000] {logging_mixin.py:151} INFO - [2023-11-02T08:53:40.413+0000] {dag.py:3722} INFO - Setting next_dagrun for example_weekday_branch_operator to 2023-11-01T00:00:00+00:00, run_after=2023-11-02T00:00:00+00:00
[2023-11-02T08:53:40.423+0000] {processor.py:179} INFO - Processing /home/airflow/.local/lib/python3.11/site-packages/airflow/example_dags/example_branch_day_of_week_operator.py took 0.049 seconds
[2023-11-02T08:54:10.635+0000] {processor.py:157} INFO - Started process (PID=1077) to work on /home/airflow/.local/lib/python3.11/site-packages/airflow/example_dags/example_branch_day_of_week_operator.py
[2023-11-02T08:54:10.636+0000] {processor.py:829} INFO - Processing file /home/airflow/.local/lib/python3.11/site-packages/airflow/example_dags/example_branch_day_of_week_operator.py for tasks to queue
[2023-11-02T08:54:10.638+0000] {logging_mixin.py:151} INFO - [2023-11-02T08:54:10.638+0000] {dagbag.py:536} INFO - Filling up the DagBag from /home/airflow/.local/lib/python3.11/site-packages/airflow/example_dags/example_branch_day_of_week_operator.py
[2023-11-02T08:54:10.644+0000] {processor.py:839} INFO - DAG(s) dict_keys(['example_weekday_branch_operator']) retrieved from /home/airflow/.local/lib/python3.11/site-packages/airflow/example_dags/example_branch_day_of_week_operator.py
[2023-11-02T08:54:10.658+0000] {logging_mixin.py:151} INFO - [2023-11-02T08:54:10.658+0000] {dag.py:2941} INFO - Sync 1 DAGs
[2023-11-02T08:54:10.674+0000] {logging_mixin.py:151} INFO - [2023-11-02T08:54:10.674+0000] {dag.py:3722} INFO - Setting next_dagrun for example_weekday_branch_operator to 2023-11-01T00:00:00+00:00, run_after=2023-11-02T00:00:00+00:00
[2023-11-02T08:54:10.683+0000] {processor.py:179} INFO - Processing /home/airflow/.local/lib/python3.11/site-packages/airflow/example_dags/example_branch_day_of_week_operator.py took 0.050 seconds
[2023-11-02T08:54:41.215+0000] {processor.py:157} INFO - Started process (PID=1132) to work on /home/airflow/.local/lib/python3.11/site-packages/airflow/example_dags/example_branch_day_of_week_operator.py
[2023-11-02T08:54:41.215+0000] {processor.py:829} INFO - Processing file /home/airflow/.local/lib/python3.11/site-packages/airflow/example_dags/example_branch_day_of_week_operator.py for tasks to queue
[2023-11-02T08:54:41.217+0000] {logging_mixin.py:151} INFO - [2023-11-02T08:54:41.217+0000] {dagbag.py:536} INFO - Filling up the DagBag from /home/airflow/.local/lib/python3.11/site-packages/airflow/example_dags/example_branch_day_of_week_operator.py
[2023-11-02T08:54:41.223+0000] {processor.py:839} INFO - DAG(s) dict_keys(['example_weekday_branch_operator']) retrieved from /home/airflow/.local/lib/python3.11/site-packages/airflow/example_dags/example_branch_day_of_week_operator.py
[2023-11-02T08:54:41.236+0000] {logging_mixin.py:151} INFO - [2023-11-02T08:54:41.236+0000] {dag.py:2941} INFO - Sync 1 DAGs
[2023-11-02T08:54:41.251+0000] {logging_mixin.py:151} INFO - [2023-11-02T08:54:41.251+0000] {dag.py:3722} INFO - Setting next_dagrun for example_weekday_branch_operator to 2023-11-01T00:00:00+00:00, run_after=2023-11-02T00:00:00+00:00
[2023-11-02T08:54:41.260+0000] {processor.py:179} INFO - Processing /home/airflow/.local/lib/python3.11/site-packages/airflow/example_dags/example_branch_day_of_week_operator.py took 0.048 seconds
[2023-11-02T08:55:12.227+0000] {processor.py:157} INFO - Started process (PID=1187) to work on /home/airflow/.local/lib/python3.11/site-packages/airflow/example_dags/example_branch_day_of_week_operator.py
[2023-11-02T08:55:12.227+0000] {processor.py:829} INFO - Processing file /home/airflow/.local/lib/python3.11/site-packages/airflow/example_dags/example_branch_day_of_week_operator.py for tasks to queue
[2023-11-02T08:55:12.230+0000] {logging_mixin.py:151} INFO - [2023-11-02T08:55:12.229+0000] {dagbag.py:536} INFO - Filling up the DagBag from /home/airflow/.local/lib/python3.11/site-packages/airflow/example_dags/example_branch_day_of_week_operator.py
[2023-11-02T08:55:12.237+0000] {processor.py:839} INFO - DAG(s) dict_keys(['example_weekday_branch_operator']) retrieved from /home/airflow/.local/lib/python3.11/site-packages/airflow/example_dags/example_branch_day_of_week_operator.py
[2023-11-02T08:55:12.254+0000] {logging_mixin.py:151} INFO - [2023-11-02T08:55:12.254+0000] {dag.py:2941} INFO - Sync 1 DAGs
[2023-11-02T08:55:12.269+0000] {logging_mixin.py:151} INFO - [2023-11-02T08:55:12.269+0000] {dag.py:3722} INFO - Setting next_dagrun for example_weekday_branch_operator to 2023-11-01T00:00:00+00:00, run_after=2023-11-02T00:00:00+00:00
[2023-11-02T08:55:12.280+0000] {processor.py:179} INFO - Processing /home/airflow/.local/lib/python3.11/site-packages/airflow/example_dags/example_branch_day_of_week_operator.py took 0.056 seconds
