[2023-11-02T08:44:42.333+0000] {processor.py:157} INFO - Started process (PID=59) to work on /home/airflow/.local/lib/python3.11/site-packages/airflow/example_dags/example_short_circuit_operator.py
[2023-11-02T08:44:42.334+0000] {processor.py:829} INFO - Processing file /home/airflow/.local/lib/python3.11/site-packages/airflow/example_dags/example_short_circuit_operator.py for tasks to queue
[2023-11-02T08:44:42.337+0000] {logging_mixin.py:151} INFO - [2023-11-02T08:44:42.336+0000] {dagbag.py:536} INFO - Filling up the DagBag from /home/airflow/.local/lib/python3.11/site-packages/airflow/example_dags/example_short_circuit_operator.py
[2023-11-02T08:44:42.352+0000] {processor.py:839} INFO - DAG(s) dict_keys(['example_short_circuit_operator']) retrieved from /home/airflow/.local/lib/python3.11/site-packages/airflow/example_dags/example_short_circuit_operator.py
[2023-11-02T08:44:42.475+0000] {logging_mixin.py:151} INFO - [2023-11-02T08:44:42.475+0000] {manager.py:499} INFO - Created Permission View: %s
[2023-11-02T08:44:42.485+0000] {logging_mixin.py:151} INFO - [2023-11-02T08:44:42.485+0000] {manager.py:499} INFO - Created Permission View: %s
[2023-11-02T08:44:42.491+0000] {logging_mixin.py:151} INFO - [2023-11-02T08:44:42.491+0000] {manager.py:499} INFO - Created Permission View: %s
[2023-11-02T08:44:42.492+0000] {logging_mixin.py:151} INFO - [2023-11-02T08:44:42.492+0000] {dag.py:2941} INFO - Sync 1 DAGs
[2023-11-02T08:44:42.504+0000] {logging_mixin.py:151} INFO - [2023-11-02T08:44:42.504+0000] {dag.py:2963} INFO - Creating ORM DAG for example_short_circuit_operator
[2023-11-02T08:44:42.518+0000] {logging_mixin.py:151} INFO - [2023-11-02T08:44:42.517+0000] {dag.py:3722} INFO - Setting next_dagrun for example_short_circuit_operator to 2023-11-01T08:44:42.517586+00:00, run_after=2023-11-02T08:44:42.517586+00:00
[2023-11-02T08:44:42.539+0000] {processor.py:179} INFO - Processing /home/airflow/.local/lib/python3.11/site-packages/airflow/example_dags/example_short_circuit_operator.py took 0.210 seconds
[2023-11-02T08:45:13.434+0000] {processor.py:157} INFO - Started process (PID=114) to work on /home/airflow/.local/lib/python3.11/site-packages/airflow/example_dags/example_short_circuit_operator.py
[2023-11-02T08:45:13.435+0000] {processor.py:829} INFO - Processing file /home/airflow/.local/lib/python3.11/site-packages/airflow/example_dags/example_short_circuit_operator.py for tasks to queue
[2023-11-02T08:45:13.438+0000] {logging_mixin.py:151} INFO - [2023-11-02T08:45:13.438+0000] {dagbag.py:536} INFO - Filling up the DagBag from /home/airflow/.local/lib/python3.11/site-packages/airflow/example_dags/example_short_circuit_operator.py
[2023-11-02T08:45:13.456+0000] {processor.py:839} INFO - DAG(s) dict_keys(['example_short_circuit_operator']) retrieved from /home/airflow/.local/lib/python3.11/site-packages/airflow/example_dags/example_short_circuit_operator.py
[2023-11-02T08:45:13.487+0000] {logging_mixin.py:151} INFO - [2023-11-02T08:45:13.486+0000] {dag.py:2941} INFO - Sync 1 DAGs
[2023-11-02T08:45:13.510+0000] {logging_mixin.py:151} INFO - [2023-11-02T08:45:13.510+0000] {dag.py:3722} INFO - Setting next_dagrun for example_short_circuit_operator to 2023-11-01T08:45:13.510506+00:00, run_after=2023-11-02T08:45:13.510506+00:00
[2023-11-02T08:45:13.524+0000] {processor.py:179} INFO - Processing /home/airflow/.local/lib/python3.11/site-packages/airflow/example_dags/example_short_circuit_operator.py took 0.094 seconds
[2023-11-02T08:45:43.560+0000] {processor.py:157} INFO - Started process (PID=175) to work on /home/airflow/.local/lib/python3.11/site-packages/airflow/example_dags/example_short_circuit_operator.py
[2023-11-02T08:45:43.561+0000] {processor.py:829} INFO - Processing file /home/airflow/.local/lib/python3.11/site-packages/airflow/example_dags/example_short_circuit_operator.py for tasks to queue
[2023-11-02T08:45:43.564+0000] {logging_mixin.py:151} INFO - [2023-11-02T08:45:43.564+0000] {dagbag.py:536} INFO - Filling up the DagBag from /home/airflow/.local/lib/python3.11/site-packages/airflow/example_dags/example_short_circuit_operator.py
[2023-11-02T08:45:43.573+0000] {processor.py:839} INFO - DAG(s) dict_keys(['example_short_circuit_operator']) retrieved from /home/airflow/.local/lib/python3.11/site-packages/airflow/example_dags/example_short_circuit_operator.py
[2023-11-02T08:45:43.588+0000] {logging_mixin.py:151} INFO - [2023-11-02T08:45:43.588+0000] {dag.py:2941} INFO - Sync 1 DAGs
[2023-11-02T08:45:43.602+0000] {logging_mixin.py:151} INFO - [2023-11-02T08:45:43.602+0000] {dag.py:3722} INFO - Setting next_dagrun for example_short_circuit_operator to 2023-11-01T08:45:43.602031+00:00, run_after=2023-11-02T08:45:43.602031+00:00
[2023-11-02T08:45:43.612+0000] {processor.py:179} INFO - Processing /home/airflow/.local/lib/python3.11/site-packages/airflow/example_dags/example_short_circuit_operator.py took 0.056 seconds
[2023-11-02T08:46:14.088+0000] {processor.py:157} INFO - Started process (PID=231) to work on /home/airflow/.local/lib/python3.11/site-packages/airflow/example_dags/example_short_circuit_operator.py
[2023-11-02T08:46:14.089+0000] {processor.py:829} INFO - Processing file /home/airflow/.local/lib/python3.11/site-packages/airflow/example_dags/example_short_circuit_operator.py for tasks to queue
[2023-11-02T08:46:14.092+0000] {logging_mixin.py:151} INFO - [2023-11-02T08:46:14.091+0000] {dagbag.py:536} INFO - Filling up the DagBag from /home/airflow/.local/lib/python3.11/site-packages/airflow/example_dags/example_short_circuit_operator.py
[2023-11-02T08:46:14.098+0000] {processor.py:839} INFO - DAG(s) dict_keys(['example_short_circuit_operator']) retrieved from /home/airflow/.local/lib/python3.11/site-packages/airflow/example_dags/example_short_circuit_operator.py
[2023-11-02T08:46:14.113+0000] {logging_mixin.py:151} INFO - [2023-11-02T08:46:14.113+0000] {dag.py:2941} INFO - Sync 1 DAGs
[2023-11-02T08:46:14.127+0000] {logging_mixin.py:151} INFO - [2023-11-02T08:46:14.126+0000] {dag.py:3722} INFO - Setting next_dagrun for example_short_circuit_operator to 2023-11-01T08:46:14.126810+00:00, run_after=2023-11-02T08:46:14.126810+00:00
[2023-11-02T08:46:14.137+0000] {processor.py:179} INFO - Processing /home/airflow/.local/lib/python3.11/site-packages/airflow/example_dags/example_short_circuit_operator.py took 0.052 seconds
[2023-11-02T08:46:44.525+0000] {processor.py:157} INFO - Started process (PID=286) to work on /home/airflow/.local/lib/python3.11/site-packages/airflow/example_dags/example_short_circuit_operator.py
[2023-11-02T08:46:44.525+0000] {processor.py:829} INFO - Processing file /home/airflow/.local/lib/python3.11/site-packages/airflow/example_dags/example_short_circuit_operator.py for tasks to queue
[2023-11-02T08:46:44.527+0000] {logging_mixin.py:151} INFO - [2023-11-02T08:46:44.527+0000] {dagbag.py:536} INFO - Filling up the DagBag from /home/airflow/.local/lib/python3.11/site-packages/airflow/example_dags/example_short_circuit_operator.py
[2023-11-02T08:46:44.533+0000] {processor.py:839} INFO - DAG(s) dict_keys(['example_short_circuit_operator']) retrieved from /home/airflow/.local/lib/python3.11/site-packages/airflow/example_dags/example_short_circuit_operator.py
[2023-11-02T08:46:44.549+0000] {logging_mixin.py:151} INFO - [2023-11-02T08:46:44.549+0000] {dag.py:2941} INFO - Sync 1 DAGs
[2023-11-02T08:46:44.565+0000] {logging_mixin.py:151} INFO - [2023-11-02T08:46:44.565+0000] {dag.py:3722} INFO - Setting next_dagrun for example_short_circuit_operator to 2023-11-01T08:46:44.565436+00:00, run_after=2023-11-02T08:46:44.565436+00:00
[2023-11-02T08:46:44.575+0000] {processor.py:179} INFO - Processing /home/airflow/.local/lib/python3.11/site-packages/airflow/example_dags/example_short_circuit_operator.py took 0.053 seconds
[2023-11-02T08:47:14.794+0000] {processor.py:157} INFO - Started process (PID=341) to work on /home/airflow/.local/lib/python3.11/site-packages/airflow/example_dags/example_short_circuit_operator.py
[2023-11-02T08:47:14.795+0000] {processor.py:829} INFO - Processing file /home/airflow/.local/lib/python3.11/site-packages/airflow/example_dags/example_short_circuit_operator.py for tasks to queue
[2023-11-02T08:47:14.796+0000] {logging_mixin.py:151} INFO - [2023-11-02T08:47:14.796+0000] {dagbag.py:536} INFO - Filling up the DagBag from /home/airflow/.local/lib/python3.11/site-packages/airflow/example_dags/example_short_circuit_operator.py
[2023-11-02T08:47:14.802+0000] {processor.py:839} INFO - DAG(s) dict_keys(['example_short_circuit_operator']) retrieved from /home/airflow/.local/lib/python3.11/site-packages/airflow/example_dags/example_short_circuit_operator.py
[2023-11-02T08:47:14.817+0000] {logging_mixin.py:151} INFO - [2023-11-02T08:47:14.817+0000] {dag.py:2941} INFO - Sync 1 DAGs
[2023-11-02T08:47:14.831+0000] {logging_mixin.py:151} INFO - [2023-11-02T08:47:14.831+0000] {dag.py:3722} INFO - Setting next_dagrun for example_short_circuit_operator to 2023-11-01T08:47:14.831330+00:00, run_after=2023-11-02T08:47:14.831330+00:00
[2023-11-02T08:47:14.841+0000] {processor.py:179} INFO - Processing /home/airflow/.local/lib/python3.11/site-packages/airflow/example_dags/example_short_circuit_operator.py took 0.049 seconds
[2023-11-02T08:47:45.887+0000] {processor.py:157} INFO - Started process (PID=396) to work on /home/airflow/.local/lib/python3.11/site-packages/airflow/example_dags/example_short_circuit_operator.py
[2023-11-02T08:47:45.888+0000] {processor.py:829} INFO - Processing file /home/airflow/.local/lib/python3.11/site-packages/airflow/example_dags/example_short_circuit_operator.py for tasks to queue
[2023-11-02T08:47:45.890+0000] {logging_mixin.py:151} INFO - [2023-11-02T08:47:45.890+0000] {dagbag.py:536} INFO - Filling up the DagBag from /home/airflow/.local/lib/python3.11/site-packages/airflow/example_dags/example_short_circuit_operator.py
[2023-11-02T08:47:45.897+0000] {processor.py:839} INFO - DAG(s) dict_keys(['example_short_circuit_operator']) retrieved from /home/airflow/.local/lib/python3.11/site-packages/airflow/example_dags/example_short_circuit_operator.py
[2023-11-02T08:47:45.915+0000] {logging_mixin.py:151} INFO - [2023-11-02T08:47:45.915+0000] {dag.py:2941} INFO - Sync 1 DAGs
[2023-11-02T08:47:45.930+0000] {logging_mixin.py:151} INFO - [2023-11-02T08:47:45.930+0000] {dag.py:3722} INFO - Setting next_dagrun for example_short_circuit_operator to 2023-11-01T08:47:45.930489+00:00, run_after=2023-11-02T08:47:45.930489+00:00
[2023-11-02T08:47:45.941+0000] {processor.py:179} INFO - Processing /home/airflow/.local/lib/python3.11/site-packages/airflow/example_dags/example_short_circuit_operator.py took 0.056 seconds
[2023-11-02T08:48:16.196+0000] {processor.py:157} INFO - Started process (PID=451) to work on /home/airflow/.local/lib/python3.11/site-packages/airflow/example_dags/example_short_circuit_operator.py
[2023-11-02T08:48:16.197+0000] {processor.py:829} INFO - Processing file /home/airflow/.local/lib/python3.11/site-packages/airflow/example_dags/example_short_circuit_operator.py for tasks to queue
[2023-11-02T08:48:16.199+0000] {logging_mixin.py:151} INFO - [2023-11-02T08:48:16.199+0000] {dagbag.py:536} INFO - Filling up the DagBag from /home/airflow/.local/lib/python3.11/site-packages/airflow/example_dags/example_short_circuit_operator.py
[2023-11-02T08:48:16.205+0000] {processor.py:839} INFO - DAG(s) dict_keys(['example_short_circuit_operator']) retrieved from /home/airflow/.local/lib/python3.11/site-packages/airflow/example_dags/example_short_circuit_operator.py
[2023-11-02T08:48:16.220+0000] {logging_mixin.py:151} INFO - [2023-11-02T08:48:16.220+0000] {dag.py:2941} INFO - Sync 1 DAGs
[2023-11-02T08:48:16.234+0000] {logging_mixin.py:151} INFO - [2023-11-02T08:48:16.233+0000] {dag.py:3722} INFO - Setting next_dagrun for example_short_circuit_operator to 2023-11-01T08:48:16.233684+00:00, run_after=2023-11-02T08:48:16.233684+00:00
[2023-11-02T08:48:16.244+0000] {processor.py:179} INFO - Processing /home/airflow/.local/lib/python3.11/site-packages/airflow/example_dags/example_short_circuit_operator.py took 0.052 seconds
[2023-11-02T08:48:46.398+0000] {processor.py:157} INFO - Started process (PID=506) to work on /home/airflow/.local/lib/python3.11/site-packages/airflow/example_dags/example_short_circuit_operator.py
[2023-11-02T08:48:46.399+0000] {processor.py:829} INFO - Processing file /home/airflow/.local/lib/python3.11/site-packages/airflow/example_dags/example_short_circuit_operator.py for tasks to queue
[2023-11-02T08:48:46.402+0000] {logging_mixin.py:151} INFO - [2023-11-02T08:48:46.401+0000] {dagbag.py:536} INFO - Filling up the DagBag from /home/airflow/.local/lib/python3.11/site-packages/airflow/example_dags/example_short_circuit_operator.py
[2023-11-02T08:48:46.408+0000] {processor.py:839} INFO - DAG(s) dict_keys(['example_short_circuit_operator']) retrieved from /home/airflow/.local/lib/python3.11/site-packages/airflow/example_dags/example_short_circuit_operator.py
[2023-11-02T08:48:46.424+0000] {logging_mixin.py:151} INFO - [2023-11-02T08:48:46.423+0000] {dag.py:2941} INFO - Sync 1 DAGs
[2023-11-02T08:48:46.438+0000] {logging_mixin.py:151} INFO - [2023-11-02T08:48:46.438+0000] {dag.py:3722} INFO - Setting next_dagrun for example_short_circuit_operator to 2023-11-01T08:48:46.438036+00:00, run_after=2023-11-02T08:48:46.438036+00:00
[2023-11-02T08:48:46.448+0000] {processor.py:179} INFO - Processing /home/airflow/.local/lib/python3.11/site-packages/airflow/example_dags/example_short_circuit_operator.py took 0.052 seconds
[2023-11-02T08:49:16.566+0000] {processor.py:157} INFO - Started process (PID=561) to work on /home/airflow/.local/lib/python3.11/site-packages/airflow/example_dags/example_short_circuit_operator.py
[2023-11-02T08:49:16.567+0000] {processor.py:829} INFO - Processing file /home/airflow/.local/lib/python3.11/site-packages/airflow/example_dags/example_short_circuit_operator.py for tasks to queue
[2023-11-02T08:49:16.568+0000] {logging_mixin.py:151} INFO - [2023-11-02T08:49:16.568+0000] {dagbag.py:536} INFO - Filling up the DagBag from /home/airflow/.local/lib/python3.11/site-packages/airflow/example_dags/example_short_circuit_operator.py
[2023-11-02T08:49:16.574+0000] {processor.py:839} INFO - DAG(s) dict_keys(['example_short_circuit_operator']) retrieved from /home/airflow/.local/lib/python3.11/site-packages/airflow/example_dags/example_short_circuit_operator.py
[2023-11-02T08:49:16.589+0000] {logging_mixin.py:151} INFO - [2023-11-02T08:49:16.589+0000] {dag.py:2941} INFO - Sync 1 DAGs
[2023-11-02T08:49:16.602+0000] {logging_mixin.py:151} INFO - [2023-11-02T08:49:16.602+0000] {dag.py:3722} INFO - Setting next_dagrun for example_short_circuit_operator to 2023-11-01T08:49:16.602564+00:00, run_after=2023-11-02T08:49:16.602564+00:00
[2023-11-02T08:49:16.613+0000] {processor.py:179} INFO - Processing /home/airflow/.local/lib/python3.11/site-packages/airflow/example_dags/example_short_circuit_operator.py took 0.050 seconds
[2023-11-02T08:49:46.844+0000] {processor.py:157} INFO - Started process (PID=616) to work on /home/airflow/.local/lib/python3.11/site-packages/airflow/example_dags/example_short_circuit_operator.py
[2023-11-02T08:49:46.845+0000] {processor.py:829} INFO - Processing file /home/airflow/.local/lib/python3.11/site-packages/airflow/example_dags/example_short_circuit_operator.py for tasks to queue
[2023-11-02T08:49:46.847+0000] {logging_mixin.py:151} INFO - [2023-11-02T08:49:46.846+0000] {dagbag.py:536} INFO - Filling up the DagBag from /home/airflow/.local/lib/python3.11/site-packages/airflow/example_dags/example_short_circuit_operator.py
[2023-11-02T08:49:46.852+0000] {processor.py:839} INFO - DAG(s) dict_keys(['example_short_circuit_operator']) retrieved from /home/airflow/.local/lib/python3.11/site-packages/airflow/example_dags/example_short_circuit_operator.py
[2023-11-02T08:49:46.867+0000] {logging_mixin.py:151} INFO - [2023-11-02T08:49:46.867+0000] {dag.py:2941} INFO - Sync 1 DAGs
[2023-11-02T08:49:46.881+0000] {logging_mixin.py:151} INFO - [2023-11-02T08:49:46.881+0000] {dag.py:3722} INFO - Setting next_dagrun for example_short_circuit_operator to 2023-11-01T08:49:46.881497+00:00, run_after=2023-11-02T08:49:46.881497+00:00
[2023-11-02T08:49:46.891+0000] {processor.py:179} INFO - Processing /home/airflow/.local/lib/python3.11/site-packages/airflow/example_dags/example_short_circuit_operator.py took 0.050 seconds
[2023-11-02T08:50:17.053+0000] {processor.py:157} INFO - Started process (PID=671) to work on /home/airflow/.local/lib/python3.11/site-packages/airflow/example_dags/example_short_circuit_operator.py
[2023-11-02T08:50:17.053+0000] {processor.py:829} INFO - Processing file /home/airflow/.local/lib/python3.11/site-packages/airflow/example_dags/example_short_circuit_operator.py for tasks to queue
[2023-11-02T08:50:17.055+0000] {logging_mixin.py:151} INFO - [2023-11-02T08:50:17.055+0000] {dagbag.py:536} INFO - Filling up the DagBag from /home/airflow/.local/lib/python3.11/site-packages/airflow/example_dags/example_short_circuit_operator.py
[2023-11-02T08:50:17.061+0000] {processor.py:839} INFO - DAG(s) dict_keys(['example_short_circuit_operator']) retrieved from /home/airflow/.local/lib/python3.11/site-packages/airflow/example_dags/example_short_circuit_operator.py
[2023-11-02T08:50:17.076+0000] {logging_mixin.py:151} INFO - [2023-11-02T08:50:17.076+0000] {dag.py:2941} INFO - Sync 1 DAGs
[2023-11-02T08:50:17.089+0000] {logging_mixin.py:151} INFO - [2023-11-02T08:50:17.089+0000] {dag.py:3722} INFO - Setting next_dagrun for example_short_circuit_operator to 2023-11-01T08:50:17.089359+00:00, run_after=2023-11-02T08:50:17.089359+00:00
[2023-11-02T08:50:17.099+0000] {processor.py:179} INFO - Processing /home/airflow/.local/lib/python3.11/site-packages/airflow/example_dags/example_short_circuit_operator.py took 0.049 seconds
[2023-11-02T08:50:47.223+0000] {processor.py:157} INFO - Started process (PID=726) to work on /home/airflow/.local/lib/python3.11/site-packages/airflow/example_dags/example_short_circuit_operator.py
[2023-11-02T08:50:47.224+0000] {processor.py:829} INFO - Processing file /home/airflow/.local/lib/python3.11/site-packages/airflow/example_dags/example_short_circuit_operator.py for tasks to queue
[2023-11-02T08:50:47.226+0000] {logging_mixin.py:151} INFO - [2023-11-02T08:50:47.225+0000] {dagbag.py:536} INFO - Filling up the DagBag from /home/airflow/.local/lib/python3.11/site-packages/airflow/example_dags/example_short_circuit_operator.py
[2023-11-02T08:50:47.233+0000] {processor.py:839} INFO - DAG(s) dict_keys(['example_short_circuit_operator']) retrieved from /home/airflow/.local/lib/python3.11/site-packages/airflow/example_dags/example_short_circuit_operator.py
[2023-11-02T08:50:47.250+0000] {logging_mixin.py:151} INFO - [2023-11-02T08:50:47.249+0000] {dag.py:2941} INFO - Sync 1 DAGs
[2023-11-02T08:50:47.263+0000] {logging_mixin.py:151} INFO - [2023-11-02T08:50:47.263+0000] {dag.py:3722} INFO - Setting next_dagrun for example_short_circuit_operator to 2023-11-01T08:50:47.263310+00:00, run_after=2023-11-02T08:50:47.263310+00:00
[2023-11-02T08:50:47.273+0000] {processor.py:179} INFO - Processing /home/airflow/.local/lib/python3.11/site-packages/airflow/example_dags/example_short_circuit_operator.py took 0.052 seconds
[2023-11-02T08:51:17.426+0000] {processor.py:157} INFO - Started process (PID=781) to work on /home/airflow/.local/lib/python3.11/site-packages/airflow/example_dags/example_short_circuit_operator.py
[2023-11-02T08:51:17.427+0000] {processor.py:829} INFO - Processing file /home/airflow/.local/lib/python3.11/site-packages/airflow/example_dags/example_short_circuit_operator.py for tasks to queue
[2023-11-02T08:51:17.429+0000] {logging_mixin.py:151} INFO - [2023-11-02T08:51:17.429+0000] {dagbag.py:536} INFO - Filling up the DagBag from /home/airflow/.local/lib/python3.11/site-packages/airflow/example_dags/example_short_circuit_operator.py
[2023-11-02T08:51:17.434+0000] {processor.py:839} INFO - DAG(s) dict_keys(['example_short_circuit_operator']) retrieved from /home/airflow/.local/lib/python3.11/site-packages/airflow/example_dags/example_short_circuit_operator.py
[2023-11-02T08:51:17.452+0000] {logging_mixin.py:151} INFO - [2023-11-02T08:51:17.452+0000] {dag.py:2941} INFO - Sync 1 DAGs
[2023-11-02T08:51:17.466+0000] {logging_mixin.py:151} INFO - [2023-11-02T08:51:17.466+0000] {dag.py:3722} INFO - Setting next_dagrun for example_short_circuit_operator to 2023-11-01T08:51:17.466625+00:00, run_after=2023-11-02T08:51:17.466625+00:00
[2023-11-02T08:51:17.476+0000] {processor.py:179} INFO - Processing /home/airflow/.local/lib/python3.11/site-packages/airflow/example_dags/example_short_circuit_operator.py took 0.052 seconds
[2023-11-02T08:51:47.562+0000] {processor.py:157} INFO - Started process (PID=836) to work on /home/airflow/.local/lib/python3.11/site-packages/airflow/example_dags/example_short_circuit_operator.py
[2023-11-02T08:51:47.563+0000] {processor.py:829} INFO - Processing file /home/airflow/.local/lib/python3.11/site-packages/airflow/example_dags/example_short_circuit_operator.py for tasks to queue
[2023-11-02T08:51:47.567+0000] {logging_mixin.py:151} INFO - [2023-11-02T08:51:47.566+0000] {dagbag.py:536} INFO - Filling up the DagBag from /home/airflow/.local/lib/python3.11/site-packages/airflow/example_dags/example_short_circuit_operator.py
[2023-11-02T08:51:47.580+0000] {processor.py:839} INFO - DAG(s) dict_keys(['example_short_circuit_operator']) retrieved from /home/airflow/.local/lib/python3.11/site-packages/airflow/example_dags/example_short_circuit_operator.py
[2023-11-02T08:51:47.602+0000] {logging_mixin.py:151} INFO - [2023-11-02T08:51:47.602+0000] {dag.py:2941} INFO - Sync 1 DAGs
[2023-11-02T08:51:47.621+0000] {logging_mixin.py:151} INFO - [2023-11-02T08:51:47.621+0000] {dag.py:3722} INFO - Setting next_dagrun for example_short_circuit_operator to 2023-11-01T08:51:47.621193+00:00, run_after=2023-11-02T08:51:47.621193+00:00
[2023-11-02T08:51:47.633+0000] {processor.py:179} INFO - Processing /home/airflow/.local/lib/python3.11/site-packages/airflow/example_dags/example_short_circuit_operator.py took 0.074 seconds
[2023-11-02T08:52:17.815+0000] {processor.py:157} INFO - Started process (PID=891) to work on /home/airflow/.local/lib/python3.11/site-packages/airflow/example_dags/example_short_circuit_operator.py
[2023-11-02T08:52:17.816+0000] {processor.py:829} INFO - Processing file /home/airflow/.local/lib/python3.11/site-packages/airflow/example_dags/example_short_circuit_operator.py for tasks to queue
[2023-11-02T08:52:17.819+0000] {logging_mixin.py:151} INFO - [2023-11-02T08:52:17.818+0000] {dagbag.py:536} INFO - Filling up the DagBag from /home/airflow/.local/lib/python3.11/site-packages/airflow/example_dags/example_short_circuit_operator.py
[2023-11-02T08:52:17.829+0000] {processor.py:839} INFO - DAG(s) dict_keys(['example_short_circuit_operator']) retrieved from /home/airflow/.local/lib/python3.11/site-packages/airflow/example_dags/example_short_circuit_operator.py
[2023-11-02T08:52:17.850+0000] {logging_mixin.py:151} INFO - [2023-11-02T08:52:17.850+0000] {dag.py:2941} INFO - Sync 1 DAGs
[2023-11-02T08:52:17.870+0000] {logging_mixin.py:151} INFO - [2023-11-02T08:52:17.870+0000] {dag.py:3722} INFO - Setting next_dagrun for example_short_circuit_operator to 2023-11-01T08:52:17.870111+00:00, run_after=2023-11-02T08:52:17.870111+00:00
[2023-11-02T08:52:17.883+0000] {processor.py:179} INFO - Processing /home/airflow/.local/lib/python3.11/site-packages/airflow/example_dags/example_short_circuit_operator.py took 0.070 seconds
[2023-11-02T08:52:48.120+0000] {processor.py:157} INFO - Started process (PID=946) to work on /home/airflow/.local/lib/python3.11/site-packages/airflow/example_dags/example_short_circuit_operator.py
[2023-11-02T08:52:48.121+0000] {processor.py:829} INFO - Processing file /home/airflow/.local/lib/python3.11/site-packages/airflow/example_dags/example_short_circuit_operator.py for tasks to queue
[2023-11-02T08:52:48.123+0000] {logging_mixin.py:151} INFO - [2023-11-02T08:52:48.123+0000] {dagbag.py:536} INFO - Filling up the DagBag from /home/airflow/.local/lib/python3.11/site-packages/airflow/example_dags/example_short_circuit_operator.py
[2023-11-02T08:52:48.130+0000] {processor.py:839} INFO - DAG(s) dict_keys(['example_short_circuit_operator']) retrieved from /home/airflow/.local/lib/python3.11/site-packages/airflow/example_dags/example_short_circuit_operator.py
[2023-11-02T08:52:48.151+0000] {logging_mixin.py:151} INFO - [2023-11-02T08:52:48.151+0000] {dag.py:2941} INFO - Sync 1 DAGs
[2023-11-02T08:52:48.170+0000] {logging_mixin.py:151} INFO - [2023-11-02T08:52:48.170+0000] {dag.py:3722} INFO - Setting next_dagrun for example_short_circuit_operator to 2023-11-01T08:52:48.170142+00:00, run_after=2023-11-02T08:52:48.170142+00:00
[2023-11-02T08:52:48.182+0000] {processor.py:179} INFO - Processing /home/airflow/.local/lib/python3.11/site-packages/airflow/example_dags/example_short_circuit_operator.py took 0.065 seconds
[2023-11-02T08:53:18.330+0000] {processor.py:157} INFO - Started process (PID=1001) to work on /home/airflow/.local/lib/python3.11/site-packages/airflow/example_dags/example_short_circuit_operator.py
[2023-11-02T08:53:18.331+0000] {processor.py:829} INFO - Processing file /home/airflow/.local/lib/python3.11/site-packages/airflow/example_dags/example_short_circuit_operator.py for tasks to queue
[2023-11-02T08:53:18.332+0000] {logging_mixin.py:151} INFO - [2023-11-02T08:53:18.332+0000] {dagbag.py:536} INFO - Filling up the DagBag from /home/airflow/.local/lib/python3.11/site-packages/airflow/example_dags/example_short_circuit_operator.py
[2023-11-02T08:53:18.338+0000] {processor.py:839} INFO - DAG(s) dict_keys(['example_short_circuit_operator']) retrieved from /home/airflow/.local/lib/python3.11/site-packages/airflow/example_dags/example_short_circuit_operator.py
[2023-11-02T08:53:18.353+0000] {logging_mixin.py:151} INFO - [2023-11-02T08:53:18.353+0000] {dag.py:2941} INFO - Sync 1 DAGs
[2023-11-02T08:53:18.367+0000] {logging_mixin.py:151} INFO - [2023-11-02T08:53:18.367+0000] {dag.py:3722} INFO - Setting next_dagrun for example_short_circuit_operator to 2023-11-01T08:53:18.367407+00:00, run_after=2023-11-02T08:53:18.367407+00:00
[2023-11-02T08:53:18.377+0000] {processor.py:179} INFO - Processing /home/airflow/.local/lib/python3.11/site-packages/airflow/example_dags/example_short_circuit_operator.py took 0.050 seconds
[2023-11-02T08:53:48.561+0000] {processor.py:157} INFO - Started process (PID=1056) to work on /home/airflow/.local/lib/python3.11/site-packages/airflow/example_dags/example_short_circuit_operator.py
[2023-11-02T08:53:48.561+0000] {processor.py:829} INFO - Processing file /home/airflow/.local/lib/python3.11/site-packages/airflow/example_dags/example_short_circuit_operator.py for tasks to queue
[2023-11-02T08:53:48.563+0000] {logging_mixin.py:151} INFO - [2023-11-02T08:53:48.563+0000] {dagbag.py:536} INFO - Filling up the DagBag from /home/airflow/.local/lib/python3.11/site-packages/airflow/example_dags/example_short_circuit_operator.py
[2023-11-02T08:53:48.568+0000] {processor.py:839} INFO - DAG(s) dict_keys(['example_short_circuit_operator']) retrieved from /home/airflow/.local/lib/python3.11/site-packages/airflow/example_dags/example_short_circuit_operator.py
[2023-11-02T08:53:48.583+0000] {logging_mixin.py:151} INFO - [2023-11-02T08:53:48.583+0000] {dag.py:2941} INFO - Sync 1 DAGs
[2023-11-02T08:53:48.597+0000] {logging_mixin.py:151} INFO - [2023-11-02T08:53:48.596+0000] {dag.py:3722} INFO - Setting next_dagrun for example_short_circuit_operator to 2023-11-01T08:53:48.596784+00:00, run_after=2023-11-02T08:53:48.596784+00:00
[2023-11-02T08:53:48.606+0000] {processor.py:179} INFO - Processing /home/airflow/.local/lib/python3.11/site-packages/airflow/example_dags/example_short_circuit_operator.py took 0.048 seconds
[2023-11-02T08:54:19.228+0000] {processor.py:157} INFO - Started process (PID=1111) to work on /home/airflow/.local/lib/python3.11/site-packages/airflow/example_dags/example_short_circuit_operator.py
[2023-11-02T08:54:19.229+0000] {processor.py:829} INFO - Processing file /home/airflow/.local/lib/python3.11/site-packages/airflow/example_dags/example_short_circuit_operator.py for tasks to queue
[2023-11-02T08:54:19.231+0000] {logging_mixin.py:151} INFO - [2023-11-02T08:54:19.231+0000] {dagbag.py:536} INFO - Filling up the DagBag from /home/airflow/.local/lib/python3.11/site-packages/airflow/example_dags/example_short_circuit_operator.py
[2023-11-02T08:54:19.238+0000] {processor.py:839} INFO - DAG(s) dict_keys(['example_short_circuit_operator']) retrieved from /home/airflow/.local/lib/python3.11/site-packages/airflow/example_dags/example_short_circuit_operator.py
[2023-11-02T08:54:19.253+0000] {logging_mixin.py:151} INFO - [2023-11-02T08:54:19.253+0000] {dag.py:2941} INFO - Sync 1 DAGs
[2023-11-02T08:54:19.267+0000] {logging_mixin.py:151} INFO - [2023-11-02T08:54:19.267+0000] {dag.py:3722} INFO - Setting next_dagrun for example_short_circuit_operator to 2023-11-01T08:54:19.267289+00:00, run_after=2023-11-02T08:54:19.267289+00:00
[2023-11-02T08:54:19.279+0000] {processor.py:179} INFO - Processing /home/airflow/.local/lib/python3.11/site-packages/airflow/example_dags/example_short_circuit_operator.py took 0.053 seconds
[2023-11-02T08:54:49.747+0000] {processor.py:157} INFO - Started process (PID=1166) to work on /home/airflow/.local/lib/python3.11/site-packages/airflow/example_dags/example_short_circuit_operator.py
[2023-11-02T08:54:49.748+0000] {processor.py:829} INFO - Processing file /home/airflow/.local/lib/python3.11/site-packages/airflow/example_dags/example_short_circuit_operator.py for tasks to queue
[2023-11-02T08:54:49.751+0000] {logging_mixin.py:151} INFO - [2023-11-02T08:54:49.751+0000] {dagbag.py:536} INFO - Filling up the DagBag from /home/airflow/.local/lib/python3.11/site-packages/airflow/example_dags/example_short_circuit_operator.py
[2023-11-02T08:54:49.760+0000] {processor.py:839} INFO - DAG(s) dict_keys(['example_short_circuit_operator']) retrieved from /home/airflow/.local/lib/python3.11/site-packages/airflow/example_dags/example_short_circuit_operator.py
[2023-11-02T08:54:49.788+0000] {logging_mixin.py:151} INFO - [2023-11-02T08:54:49.788+0000] {dag.py:2941} INFO - Sync 1 DAGs
[2023-11-02T08:54:49.828+0000] {logging_mixin.py:151} INFO - [2023-11-02T08:54:49.828+0000] {dag.py:3722} INFO - Setting next_dagrun for example_short_circuit_operator to 2023-11-01T08:54:49.827484+00:00, run_after=2023-11-02T08:54:49.827484+00:00
[2023-11-02T08:54:49.863+0000] {processor.py:179} INFO - Processing /home/airflow/.local/lib/python3.11/site-packages/airflow/example_dags/example_short_circuit_operator.py took 0.120 seconds
