[2023-11-02T08:44:42.772+0000] {processor.py:157} INFO - Started process (PID=63) to work on /home/airflow/.local/lib/python3.11/site-packages/airflow/example_dags/example_task_group.py
[2023-11-02T08:44:42.773+0000] {processor.py:829} INFO - Processing file /home/airflow/.local/lib/python3.11/site-packages/airflow/example_dags/example_task_group.py for tasks to queue
[2023-11-02T08:44:42.776+0000] {logging_mixin.py:151} INFO - [2023-11-02T08:44:42.776+0000] {dagbag.py:536} INFO - Filling up the DagBag from /home/airflow/.local/lib/python3.11/site-packages/airflow/example_dags/example_task_group.py
[2023-11-02T08:44:42.783+0000] {processor.py:839} INFO - DAG(s) dict_keys(['example_task_group']) retrieved from /home/airflow/.local/lib/python3.11/site-packages/airflow/example_dags/example_task_group.py
[2023-11-02T08:44:42.886+0000] {logging_mixin.py:151} INFO - [2023-11-02T08:44:42.886+0000] {manager.py:499} INFO - Created Permission View: %s
[2023-11-02T08:44:42.893+0000] {logging_mixin.py:151} INFO - [2023-11-02T08:44:42.893+0000] {manager.py:499} INFO - Created Permission View: %s
[2023-11-02T08:44:42.897+0000] {logging_mixin.py:151} INFO - [2023-11-02T08:44:42.897+0000] {manager.py:499} INFO - Created Permission View: %s
[2023-11-02T08:44:42.897+0000] {logging_mixin.py:151} INFO - [2023-11-02T08:44:42.897+0000] {dag.py:2941} INFO - Sync 1 DAGs
[2023-11-02T08:44:42.906+0000] {logging_mixin.py:151} INFO - [2023-11-02T08:44:42.906+0000] {dag.py:2963} INFO - Creating ORM DAG for example_task_group
[2023-11-02T08:44:42.915+0000] {logging_mixin.py:151} INFO - [2023-11-02T08:44:42.914+0000] {dag.py:3722} INFO - Setting next_dagrun for example_task_group to 2023-11-01T08:44:42.914606+00:00, run_after=2023-11-02T08:44:42.914606+00:00
[2023-11-02T08:44:42.926+0000] {processor.py:179} INFO - Processing /home/airflow/.local/lib/python3.11/site-packages/airflow/example_dags/example_task_group.py took 0.157 seconds
[2023-11-02T08:45:13.808+0000] {processor.py:157} INFO - Started process (PID=125) to work on /home/airflow/.local/lib/python3.11/site-packages/airflow/example_dags/example_task_group.py
[2023-11-02T08:45:13.809+0000] {processor.py:829} INFO - Processing file /home/airflow/.local/lib/python3.11/site-packages/airflow/example_dags/example_task_group.py for tasks to queue
[2023-11-02T08:45:13.812+0000] {logging_mixin.py:151} INFO - [2023-11-02T08:45:13.812+0000] {dagbag.py:536} INFO - Filling up the DagBag from /home/airflow/.local/lib/python3.11/site-packages/airflow/example_dags/example_task_group.py
[2023-11-02T08:45:13.823+0000] {processor.py:839} INFO - DAG(s) dict_keys(['example_task_group']) retrieved from /home/airflow/.local/lib/python3.11/site-packages/airflow/example_dags/example_task_group.py
[2023-11-02T08:45:13.848+0000] {logging_mixin.py:151} INFO - [2023-11-02T08:45:13.847+0000] {dag.py:2941} INFO - Sync 1 DAGs
[2023-11-02T08:45:13.869+0000] {logging_mixin.py:151} INFO - [2023-11-02T08:45:13.869+0000] {dag.py:3722} INFO - Setting next_dagrun for example_task_group to 2023-11-01T08:45:13.868824+00:00, run_after=2023-11-02T08:45:13.868824+00:00
[2023-11-02T08:45:13.884+0000] {processor.py:179} INFO - Processing /home/airflow/.local/lib/python3.11/site-packages/airflow/example_dags/example_task_group.py took 0.081 seconds
[2023-11-02T08:45:44.745+0000] {processor.py:157} INFO - Started process (PID=180) to work on /home/airflow/.local/lib/python3.11/site-packages/airflow/example_dags/example_task_group.py
[2023-11-02T08:45:44.750+0000] {processor.py:829} INFO - Processing file /home/airflow/.local/lib/python3.11/site-packages/airflow/example_dags/example_task_group.py for tasks to queue
[2023-11-02T08:45:44.751+0000] {logging_mixin.py:151} INFO - [2023-11-02T08:45:44.751+0000] {dagbag.py:536} INFO - Filling up the DagBag from /home/airflow/.local/lib/python3.11/site-packages/airflow/example_dags/example_task_group.py
[2023-11-02T08:45:44.759+0000] {processor.py:839} INFO - DAG(s) dict_keys(['example_task_group']) retrieved from /home/airflow/.local/lib/python3.11/site-packages/airflow/example_dags/example_task_group.py
[2023-11-02T08:45:44.779+0000] {logging_mixin.py:151} INFO - [2023-11-02T08:45:44.779+0000] {dag.py:2941} INFO - Sync 1 DAGs
[2023-11-02T08:45:44.795+0000] {logging_mixin.py:151} INFO - [2023-11-02T08:45:44.795+0000] {dag.py:3722} INFO - Setting next_dagrun for example_task_group to 2023-11-01T08:45:44.794948+00:00, run_after=2023-11-02T08:45:44.794948+00:00
[2023-11-02T08:45:44.817+0000] {processor.py:179} INFO - Processing /home/airflow/.local/lib/python3.11/site-packages/airflow/example_dags/example_task_group.py took 0.075 seconds
[2023-11-02T08:46:15.281+0000] {processor.py:157} INFO - Started process (PID=235) to work on /home/airflow/.local/lib/python3.11/site-packages/airflow/example_dags/example_task_group.py
[2023-11-02T08:46:15.283+0000] {processor.py:829} INFO - Processing file /home/airflow/.local/lib/python3.11/site-packages/airflow/example_dags/example_task_group.py for tasks to queue
[2023-11-02T08:46:15.285+0000] {logging_mixin.py:151} INFO - [2023-11-02T08:46:15.285+0000] {dagbag.py:536} INFO - Filling up the DagBag from /home/airflow/.local/lib/python3.11/site-packages/airflow/example_dags/example_task_group.py
[2023-11-02T08:46:15.294+0000] {processor.py:839} INFO - DAG(s) dict_keys(['example_task_group']) retrieved from /home/airflow/.local/lib/python3.11/site-packages/airflow/example_dags/example_task_group.py
[2023-11-02T08:46:15.315+0000] {logging_mixin.py:151} INFO - [2023-11-02T08:46:15.315+0000] {dag.py:2941} INFO - Sync 1 DAGs
[2023-11-02T08:46:15.330+0000] {logging_mixin.py:151} INFO - [2023-11-02T08:46:15.330+0000] {dag.py:3722} INFO - Setting next_dagrun for example_task_group to 2023-11-01T08:46:15.330239+00:00, run_after=2023-11-02T08:46:15.330239+00:00
[2023-11-02T08:46:15.342+0000] {processor.py:179} INFO - Processing /home/airflow/.local/lib/python3.11/site-packages/airflow/example_dags/example_task_group.py took 0.064 seconds
[2023-11-02T08:46:45.715+0000] {processor.py:157} INFO - Started process (PID=290) to work on /home/airflow/.local/lib/python3.11/site-packages/airflow/example_dags/example_task_group.py
[2023-11-02T08:46:45.716+0000] {processor.py:829} INFO - Processing file /home/airflow/.local/lib/python3.11/site-packages/airflow/example_dags/example_task_group.py for tasks to queue
[2023-11-02T08:46:45.718+0000] {logging_mixin.py:151} INFO - [2023-11-02T08:46:45.718+0000] {dagbag.py:536} INFO - Filling up the DagBag from /home/airflow/.local/lib/python3.11/site-packages/airflow/example_dags/example_task_group.py
[2023-11-02T08:46:45.723+0000] {processor.py:839} INFO - DAG(s) dict_keys(['example_task_group']) retrieved from /home/airflow/.local/lib/python3.11/site-packages/airflow/example_dags/example_task_group.py
[2023-11-02T08:46:45.740+0000] {logging_mixin.py:151} INFO - [2023-11-02T08:46:45.740+0000] {dag.py:2941} INFO - Sync 1 DAGs
[2023-11-02T08:46:45.755+0000] {logging_mixin.py:151} INFO - [2023-11-02T08:46:45.755+0000] {dag.py:3722} INFO - Setting next_dagrun for example_task_group to 2023-11-01T08:46:45.755358+00:00, run_after=2023-11-02T08:46:45.755358+00:00
[2023-11-02T08:46:45.768+0000] {processor.py:179} INFO - Processing /home/airflow/.local/lib/python3.11/site-packages/airflow/example_dags/example_task_group.py took 0.055 seconds
[2023-11-02T08:47:15.966+0000] {processor.py:157} INFO - Started process (PID=345) to work on /home/airflow/.local/lib/python3.11/site-packages/airflow/example_dags/example_task_group.py
[2023-11-02T08:47:15.968+0000] {processor.py:829} INFO - Processing file /home/airflow/.local/lib/python3.11/site-packages/airflow/example_dags/example_task_group.py for tasks to queue
[2023-11-02T08:47:15.971+0000] {logging_mixin.py:151} INFO - [2023-11-02T08:47:15.971+0000] {dagbag.py:536} INFO - Filling up the DagBag from /home/airflow/.local/lib/python3.11/site-packages/airflow/example_dags/example_task_group.py
[2023-11-02T08:47:15.977+0000] {processor.py:839} INFO - DAG(s) dict_keys(['example_task_group']) retrieved from /home/airflow/.local/lib/python3.11/site-packages/airflow/example_dags/example_task_group.py
[2023-11-02T08:47:15.994+0000] {logging_mixin.py:151} INFO - [2023-11-02T08:47:15.994+0000] {dag.py:2941} INFO - Sync 1 DAGs
[2023-11-02T08:47:16.009+0000] {logging_mixin.py:151} INFO - [2023-11-02T08:47:16.009+0000] {dag.py:3722} INFO - Setting next_dagrun for example_task_group to 2023-11-01T08:47:16.009578+00:00, run_after=2023-11-02T08:47:16.009578+00:00
[2023-11-02T08:47:16.021+0000] {processor.py:179} INFO - Processing /home/airflow/.local/lib/python3.11/site-packages/airflow/example_dags/example_task_group.py took 0.058 seconds
[2023-11-02T08:47:46.109+0000] {processor.py:157} INFO - Started process (PID=400) to work on /home/airflow/.local/lib/python3.11/site-packages/airflow/example_dags/example_task_group.py
[2023-11-02T08:47:46.114+0000] {processor.py:829} INFO - Processing file /home/airflow/.local/lib/python3.11/site-packages/airflow/example_dags/example_task_group.py for tasks to queue
[2023-11-02T08:47:46.120+0000] {logging_mixin.py:151} INFO - [2023-11-02T08:47:46.120+0000] {dagbag.py:536} INFO - Filling up the DagBag from /home/airflow/.local/lib/python3.11/site-packages/airflow/example_dags/example_task_group.py
[2023-11-02T08:47:46.133+0000] {processor.py:839} INFO - DAG(s) dict_keys(['example_task_group']) retrieved from /home/airflow/.local/lib/python3.11/site-packages/airflow/example_dags/example_task_group.py
[2023-11-02T08:47:46.156+0000] {logging_mixin.py:151} INFO - [2023-11-02T08:47:46.156+0000] {dag.py:2941} INFO - Sync 1 DAGs
[2023-11-02T08:47:46.174+0000] {logging_mixin.py:151} INFO - [2023-11-02T08:47:46.173+0000] {dag.py:3722} INFO - Setting next_dagrun for example_task_group to 2023-11-01T08:47:46.173702+00:00, run_after=2023-11-02T08:47:46.173702+00:00
[2023-11-02T08:47:46.186+0000] {processor.py:179} INFO - Processing /home/airflow/.local/lib/python3.11/site-packages/airflow/example_dags/example_task_group.py took 0.084 seconds
[2023-11-02T08:48:16.395+0000] {processor.py:157} INFO - Started process (PID=455) to work on /home/airflow/.local/lib/python3.11/site-packages/airflow/example_dags/example_task_group.py
[2023-11-02T08:48:16.396+0000] {processor.py:829} INFO - Processing file /home/airflow/.local/lib/python3.11/site-packages/airflow/example_dags/example_task_group.py for tasks to queue
[2023-11-02T08:48:16.400+0000] {logging_mixin.py:151} INFO - [2023-11-02T08:48:16.400+0000] {dagbag.py:536} INFO - Filling up the DagBag from /home/airflow/.local/lib/python3.11/site-packages/airflow/example_dags/example_task_group.py
[2023-11-02T08:48:16.406+0000] {processor.py:839} INFO - DAG(s) dict_keys(['example_task_group']) retrieved from /home/airflow/.local/lib/python3.11/site-packages/airflow/example_dags/example_task_group.py
[2023-11-02T08:48:16.422+0000] {logging_mixin.py:151} INFO - [2023-11-02T08:48:16.422+0000] {dag.py:2941} INFO - Sync 1 DAGs
[2023-11-02T08:48:16.437+0000] {logging_mixin.py:151} INFO - [2023-11-02T08:48:16.437+0000] {dag.py:3722} INFO - Setting next_dagrun for example_task_group to 2023-11-01T08:48:16.436929+00:00, run_after=2023-11-02T08:48:16.436929+00:00
[2023-11-02T08:48:16.448+0000] {processor.py:179} INFO - Processing /home/airflow/.local/lib/python3.11/site-packages/airflow/example_dags/example_task_group.py took 0.055 seconds
[2023-11-02T08:48:46.596+0000] {processor.py:157} INFO - Started process (PID=510) to work on /home/airflow/.local/lib/python3.11/site-packages/airflow/example_dags/example_task_group.py
[2023-11-02T08:48:46.597+0000] {processor.py:829} INFO - Processing file /home/airflow/.local/lib/python3.11/site-packages/airflow/example_dags/example_task_group.py for tasks to queue
[2023-11-02T08:48:46.602+0000] {logging_mixin.py:151} INFO - [2023-11-02T08:48:46.602+0000] {dagbag.py:536} INFO - Filling up the DagBag from /home/airflow/.local/lib/python3.11/site-packages/airflow/example_dags/example_task_group.py
[2023-11-02T08:48:46.607+0000] {processor.py:839} INFO - DAG(s) dict_keys(['example_task_group']) retrieved from /home/airflow/.local/lib/python3.11/site-packages/airflow/example_dags/example_task_group.py
[2023-11-02T08:48:46.622+0000] {logging_mixin.py:151} INFO - [2023-11-02T08:48:46.622+0000] {dag.py:2941} INFO - Sync 1 DAGs
[2023-11-02T08:48:46.636+0000] {logging_mixin.py:151} INFO - [2023-11-02T08:48:46.636+0000] {dag.py:3722} INFO - Setting next_dagrun for example_task_group to 2023-11-01T08:48:46.636245+00:00, run_after=2023-11-02T08:48:46.636245+00:00
[2023-11-02T08:48:46.647+0000] {processor.py:179} INFO - Processing /home/airflow/.local/lib/python3.11/site-packages/airflow/example_dags/example_task_group.py took 0.054 seconds
[2023-11-02T08:49:16.750+0000] {processor.py:157} INFO - Started process (PID=565) to work on /home/airflow/.local/lib/python3.11/site-packages/airflow/example_dags/example_task_group.py
[2023-11-02T08:49:16.750+0000] {processor.py:829} INFO - Processing file /home/airflow/.local/lib/python3.11/site-packages/airflow/example_dags/example_task_group.py for tasks to queue
[2023-11-02T08:49:16.752+0000] {logging_mixin.py:151} INFO - [2023-11-02T08:49:16.752+0000] {dagbag.py:536} INFO - Filling up the DagBag from /home/airflow/.local/lib/python3.11/site-packages/airflow/example_dags/example_task_group.py
[2023-11-02T08:49:16.758+0000] {processor.py:839} INFO - DAG(s) dict_keys(['example_task_group']) retrieved from /home/airflow/.local/lib/python3.11/site-packages/airflow/example_dags/example_task_group.py
[2023-11-02T08:49:16.772+0000] {logging_mixin.py:151} INFO - [2023-11-02T08:49:16.772+0000] {dag.py:2941} INFO - Sync 1 DAGs
[2023-11-02T08:49:16.788+0000] {logging_mixin.py:151} INFO - [2023-11-02T08:49:16.787+0000] {dag.py:3722} INFO - Setting next_dagrun for example_task_group to 2023-11-01T08:49:16.787715+00:00, run_after=2023-11-02T08:49:16.787715+00:00
[2023-11-02T08:49:16.798+0000] {processor.py:179} INFO - Processing /home/airflow/.local/lib/python3.11/site-packages/airflow/example_dags/example_task_group.py took 0.050 seconds
[2023-11-02T08:49:47.034+0000] {processor.py:157} INFO - Started process (PID=620) to work on /home/airflow/.local/lib/python3.11/site-packages/airflow/example_dags/example_task_group.py
[2023-11-02T08:49:47.034+0000] {processor.py:829} INFO - Processing file /home/airflow/.local/lib/python3.11/site-packages/airflow/example_dags/example_task_group.py for tasks to queue
[2023-11-02T08:49:47.037+0000] {logging_mixin.py:151} INFO - [2023-11-02T08:49:47.037+0000] {dagbag.py:536} INFO - Filling up the DagBag from /home/airflow/.local/lib/python3.11/site-packages/airflow/example_dags/example_task_group.py
[2023-11-02T08:49:47.043+0000] {processor.py:839} INFO - DAG(s) dict_keys(['example_task_group']) retrieved from /home/airflow/.local/lib/python3.11/site-packages/airflow/example_dags/example_task_group.py
[2023-11-02T08:49:47.060+0000] {logging_mixin.py:151} INFO - [2023-11-02T08:49:47.060+0000] {dag.py:2941} INFO - Sync 1 DAGs
[2023-11-02T08:49:47.076+0000] {logging_mixin.py:151} INFO - [2023-11-02T08:49:47.076+0000] {dag.py:3722} INFO - Setting next_dagrun for example_task_group to 2023-11-01T08:49:47.076358+00:00, run_after=2023-11-02T08:49:47.076358+00:00
[2023-11-02T08:49:47.089+0000] {processor.py:179} INFO - Processing /home/airflow/.local/lib/python3.11/site-packages/airflow/example_dags/example_task_group.py took 0.058 seconds
[2023-11-02T08:50:17.196+0000] {processor.py:157} INFO - Started process (PID=675) to work on /home/airflow/.local/lib/python3.11/site-packages/airflow/example_dags/example_task_group.py
[2023-11-02T08:50:17.197+0000] {processor.py:829} INFO - Processing file /home/airflow/.local/lib/python3.11/site-packages/airflow/example_dags/example_task_group.py for tasks to queue
[2023-11-02T08:50:17.199+0000] {logging_mixin.py:151} INFO - [2023-11-02T08:50:17.199+0000] {dagbag.py:536} INFO - Filling up the DagBag from /home/airflow/.local/lib/python3.11/site-packages/airflow/example_dags/example_task_group.py
[2023-11-02T08:50:17.204+0000] {processor.py:839} INFO - DAG(s) dict_keys(['example_task_group']) retrieved from /home/airflow/.local/lib/python3.11/site-packages/airflow/example_dags/example_task_group.py
[2023-11-02T08:50:17.218+0000] {logging_mixin.py:151} INFO - [2023-11-02T08:50:17.218+0000] {dag.py:2941} INFO - Sync 1 DAGs
[2023-11-02T08:50:17.233+0000] {logging_mixin.py:151} INFO - [2023-11-02T08:50:17.233+0000] {dag.py:3722} INFO - Setting next_dagrun for example_task_group to 2023-11-01T08:50:17.233078+00:00, run_after=2023-11-02T08:50:17.233078+00:00
[2023-11-02T08:50:17.245+0000] {processor.py:179} INFO - Processing /home/airflow/.local/lib/python3.11/site-packages/airflow/example_dags/example_task_group.py took 0.051 seconds
[2023-11-02T08:50:47.367+0000] {processor.py:157} INFO - Started process (PID=730) to work on /home/airflow/.local/lib/python3.11/site-packages/airflow/example_dags/example_task_group.py
[2023-11-02T08:50:47.367+0000] {processor.py:829} INFO - Processing file /home/airflow/.local/lib/python3.11/site-packages/airflow/example_dags/example_task_group.py for tasks to queue
[2023-11-02T08:50:47.369+0000] {logging_mixin.py:151} INFO - [2023-11-02T08:50:47.369+0000] {dagbag.py:536} INFO - Filling up the DagBag from /home/airflow/.local/lib/python3.11/site-packages/airflow/example_dags/example_task_group.py
[2023-11-02T08:50:47.375+0000] {processor.py:839} INFO - DAG(s) dict_keys(['example_task_group']) retrieved from /home/airflow/.local/lib/python3.11/site-packages/airflow/example_dags/example_task_group.py
[2023-11-02T08:50:47.389+0000] {logging_mixin.py:151} INFO - [2023-11-02T08:50:47.389+0000] {dag.py:2941} INFO - Sync 1 DAGs
[2023-11-02T08:50:47.404+0000] {logging_mixin.py:151} INFO - [2023-11-02T08:50:47.404+0000] {dag.py:3722} INFO - Setting next_dagrun for example_task_group to 2023-11-01T08:50:47.403971+00:00, run_after=2023-11-02T08:50:47.403971+00:00
[2023-11-02T08:50:47.415+0000] {processor.py:179} INFO - Processing /home/airflow/.local/lib/python3.11/site-packages/airflow/example_dags/example_task_group.py took 0.051 seconds
[2023-11-02T08:51:17.571+0000] {processor.py:157} INFO - Started process (PID=785) to work on /home/airflow/.local/lib/python3.11/site-packages/airflow/example_dags/example_task_group.py
[2023-11-02T08:51:17.571+0000] {processor.py:829} INFO - Processing file /home/airflow/.local/lib/python3.11/site-packages/airflow/example_dags/example_task_group.py for tasks to queue
[2023-11-02T08:51:17.573+0000] {logging_mixin.py:151} INFO - [2023-11-02T08:51:17.573+0000] {dagbag.py:536} INFO - Filling up the DagBag from /home/airflow/.local/lib/python3.11/site-packages/airflow/example_dags/example_task_group.py
[2023-11-02T08:51:17.579+0000] {processor.py:839} INFO - DAG(s) dict_keys(['example_task_group']) retrieved from /home/airflow/.local/lib/python3.11/site-packages/airflow/example_dags/example_task_group.py
[2023-11-02T08:51:17.593+0000] {logging_mixin.py:151} INFO - [2023-11-02T08:51:17.593+0000] {dag.py:2941} INFO - Sync 1 DAGs
[2023-11-02T08:51:17.607+0000] {logging_mixin.py:151} INFO - [2023-11-02T08:51:17.607+0000] {dag.py:3722} INFO - Setting next_dagrun for example_task_group to 2023-11-01T08:51:17.606844+00:00, run_after=2023-11-02T08:51:17.606844+00:00
[2023-11-02T08:51:17.622+0000] {processor.py:179} INFO - Processing /home/airflow/.local/lib/python3.11/site-packages/airflow/example_dags/example_task_group.py took 0.054 seconds
[2023-11-02T08:51:47.807+0000] {processor.py:157} INFO - Started process (PID=840) to work on /home/airflow/.local/lib/python3.11/site-packages/airflow/example_dags/example_task_group.py
[2023-11-02T08:51:47.808+0000] {processor.py:829} INFO - Processing file /home/airflow/.local/lib/python3.11/site-packages/airflow/example_dags/example_task_group.py for tasks to queue
[2023-11-02T08:51:47.811+0000] {logging_mixin.py:151} INFO - [2023-11-02T08:51:47.810+0000] {dagbag.py:536} INFO - Filling up the DagBag from /home/airflow/.local/lib/python3.11/site-packages/airflow/example_dags/example_task_group.py
[2023-11-02T08:51:47.818+0000] {processor.py:839} INFO - DAG(s) dict_keys(['example_task_group']) retrieved from /home/airflow/.local/lib/python3.11/site-packages/airflow/example_dags/example_task_group.py
[2023-11-02T08:51:47.833+0000] {logging_mixin.py:151} INFO - [2023-11-02T08:51:47.833+0000] {dag.py:2941} INFO - Sync 1 DAGs
[2023-11-02T08:51:47.850+0000] {logging_mixin.py:151} INFO - [2023-11-02T08:51:47.850+0000] {dag.py:3722} INFO - Setting next_dagrun for example_task_group to 2023-11-01T08:51:47.850150+00:00, run_after=2023-11-02T08:51:47.850150+00:00
[2023-11-02T08:51:47.862+0000] {processor.py:179} INFO - Processing /home/airflow/.local/lib/python3.11/site-packages/airflow/example_dags/example_task_group.py took 0.057 seconds
[2023-11-02T08:52:17.988+0000] {processor.py:157} INFO - Started process (PID=895) to work on /home/airflow/.local/lib/python3.11/site-packages/airflow/example_dags/example_task_group.py
[2023-11-02T08:52:17.989+0000] {processor.py:829} INFO - Processing file /home/airflow/.local/lib/python3.11/site-packages/airflow/example_dags/example_task_group.py for tasks to queue
[2023-11-02T08:52:17.992+0000] {logging_mixin.py:151} INFO - [2023-11-02T08:52:17.991+0000] {dagbag.py:536} INFO - Filling up the DagBag from /home/airflow/.local/lib/python3.11/site-packages/airflow/example_dags/example_task_group.py
[2023-11-02T08:52:17.997+0000] {processor.py:839} INFO - DAG(s) dict_keys(['example_task_group']) retrieved from /home/airflow/.local/lib/python3.11/site-packages/airflow/example_dags/example_task_group.py
[2023-11-02T08:52:18.012+0000] {logging_mixin.py:151} INFO - [2023-11-02T08:52:18.011+0000] {dag.py:2941} INFO - Sync 1 DAGs
[2023-11-02T08:52:18.028+0000] {logging_mixin.py:151} INFO - [2023-11-02T08:52:18.027+0000] {dag.py:3722} INFO - Setting next_dagrun for example_task_group to 2023-11-01T08:52:18.027626+00:00, run_after=2023-11-02T08:52:18.027626+00:00
[2023-11-02T08:52:18.040+0000] {processor.py:179} INFO - Processing /home/airflow/.local/lib/python3.11/site-packages/airflow/example_dags/example_task_group.py took 0.054 seconds
[2023-11-02T08:52:48.320+0000] {processor.py:157} INFO - Started process (PID=950) to work on /home/airflow/.local/lib/python3.11/site-packages/airflow/example_dags/example_task_group.py
[2023-11-02T08:52:48.321+0000] {processor.py:829} INFO - Processing file /home/airflow/.local/lib/python3.11/site-packages/airflow/example_dags/example_task_group.py for tasks to queue
[2023-11-02T08:52:48.324+0000] {logging_mixin.py:151} INFO - [2023-11-02T08:52:48.324+0000] {dagbag.py:536} INFO - Filling up the DagBag from /home/airflow/.local/lib/python3.11/site-packages/airflow/example_dags/example_task_group.py
[2023-11-02T08:52:48.332+0000] {processor.py:839} INFO - DAG(s) dict_keys(['example_task_group']) retrieved from /home/airflow/.local/lib/python3.11/site-packages/airflow/example_dags/example_task_group.py
[2023-11-02T08:52:48.352+0000] {logging_mixin.py:151} INFO - [2023-11-02T08:52:48.352+0000] {dag.py:2941} INFO - Sync 1 DAGs
[2023-11-02T08:52:48.374+0000] {logging_mixin.py:151} INFO - [2023-11-02T08:52:48.374+0000] {dag.py:3722} INFO - Setting next_dagrun for example_task_group to 2023-11-01T08:52:48.373736+00:00, run_after=2023-11-02T08:52:48.373736+00:00
[2023-11-02T08:52:48.396+0000] {processor.py:179} INFO - Processing /home/airflow/.local/lib/python3.11/site-packages/airflow/example_dags/example_task_group.py took 0.079 seconds
[2023-11-02T08:53:18.473+0000] {processor.py:157} INFO - Started process (PID=1005) to work on /home/airflow/.local/lib/python3.11/site-packages/airflow/example_dags/example_task_group.py
[2023-11-02T08:53:18.474+0000] {processor.py:829} INFO - Processing file /home/airflow/.local/lib/python3.11/site-packages/airflow/example_dags/example_task_group.py for tasks to queue
[2023-11-02T08:53:18.476+0000] {logging_mixin.py:151} INFO - [2023-11-02T08:53:18.476+0000] {dagbag.py:536} INFO - Filling up the DagBag from /home/airflow/.local/lib/python3.11/site-packages/airflow/example_dags/example_task_group.py
[2023-11-02T08:53:18.482+0000] {processor.py:839} INFO - DAG(s) dict_keys(['example_task_group']) retrieved from /home/airflow/.local/lib/python3.11/site-packages/airflow/example_dags/example_task_group.py
[2023-11-02T08:53:18.496+0000] {logging_mixin.py:151} INFO - [2023-11-02T08:53:18.496+0000] {dag.py:2941} INFO - Sync 1 DAGs
[2023-11-02T08:53:18.510+0000] {logging_mixin.py:151} INFO - [2023-11-02T08:53:18.510+0000] {dag.py:3722} INFO - Setting next_dagrun for example_task_group to 2023-11-01T08:53:18.510135+00:00, run_after=2023-11-02T08:53:18.510135+00:00
[2023-11-02T08:53:18.521+0000] {processor.py:179} INFO - Processing /home/airflow/.local/lib/python3.11/site-packages/airflow/example_dags/example_task_group.py took 0.050 seconds
[2023-11-02T08:53:48.746+0000] {processor.py:157} INFO - Started process (PID=1060) to work on /home/airflow/.local/lib/python3.11/site-packages/airflow/example_dags/example_task_group.py
[2023-11-02T08:53:48.748+0000] {processor.py:829} INFO - Processing file /home/airflow/.local/lib/python3.11/site-packages/airflow/example_dags/example_task_group.py for tasks to queue
[2023-11-02T08:53:48.750+0000] {logging_mixin.py:151} INFO - [2023-11-02T08:53:48.750+0000] {dagbag.py:536} INFO - Filling up the DagBag from /home/airflow/.local/lib/python3.11/site-packages/airflow/example_dags/example_task_group.py
[2023-11-02T08:53:48.756+0000] {processor.py:839} INFO - DAG(s) dict_keys(['example_task_group']) retrieved from /home/airflow/.local/lib/python3.11/site-packages/airflow/example_dags/example_task_group.py
[2023-11-02T08:53:48.770+0000] {logging_mixin.py:151} INFO - [2023-11-02T08:53:48.770+0000] {dag.py:2941} INFO - Sync 1 DAGs
[2023-11-02T08:53:48.785+0000] {logging_mixin.py:151} INFO - [2023-11-02T08:53:48.784+0000] {dag.py:3722} INFO - Setting next_dagrun for example_task_group to 2023-11-01T08:53:48.784779+00:00, run_after=2023-11-02T08:53:48.784779+00:00
[2023-11-02T08:53:48.798+0000] {processor.py:179} INFO - Processing /home/airflow/.local/lib/python3.11/site-packages/airflow/example_dags/example_task_group.py took 0.054 seconds
[2023-11-02T08:54:19.358+0000] {processor.py:157} INFO - Started process (PID=1115) to work on /home/airflow/.local/lib/python3.11/site-packages/airflow/example_dags/example_task_group.py
[2023-11-02T08:54:19.359+0000] {processor.py:829} INFO - Processing file /home/airflow/.local/lib/python3.11/site-packages/airflow/example_dags/example_task_group.py for tasks to queue
[2023-11-02T08:54:19.361+0000] {logging_mixin.py:151} INFO - [2023-11-02T08:54:19.361+0000] {dagbag.py:536} INFO - Filling up the DagBag from /home/airflow/.local/lib/python3.11/site-packages/airflow/example_dags/example_task_group.py
[2023-11-02T08:54:19.366+0000] {processor.py:839} INFO - DAG(s) dict_keys(['example_task_group']) retrieved from /home/airflow/.local/lib/python3.11/site-packages/airflow/example_dags/example_task_group.py
[2023-11-02T08:54:19.381+0000] {logging_mixin.py:151} INFO - [2023-11-02T08:54:19.381+0000] {dag.py:2941} INFO - Sync 1 DAGs
[2023-11-02T08:54:19.395+0000] {logging_mixin.py:151} INFO - [2023-11-02T08:54:19.395+0000] {dag.py:3722} INFO - Setting next_dagrun for example_task_group to 2023-11-01T08:54:19.395343+00:00, run_after=2023-11-02T08:54:19.395343+00:00
[2023-11-02T08:54:19.406+0000] {processor.py:179} INFO - Processing /home/airflow/.local/lib/python3.11/site-packages/airflow/example_dags/example_task_group.py took 0.050 seconds
[2023-11-02T08:54:50.195+0000] {processor.py:157} INFO - Started process (PID=1170) to work on /home/airflow/.local/lib/python3.11/site-packages/airflow/example_dags/example_task_group.py
[2023-11-02T08:54:50.196+0000] {processor.py:829} INFO - Processing file /home/airflow/.local/lib/python3.11/site-packages/airflow/example_dags/example_task_group.py for tasks to queue
[2023-11-02T08:54:50.201+0000] {logging_mixin.py:151} INFO - [2023-11-02T08:54:50.201+0000] {dagbag.py:536} INFO - Filling up the DagBag from /home/airflow/.local/lib/python3.11/site-packages/airflow/example_dags/example_task_group.py
[2023-11-02T08:54:50.217+0000] {processor.py:839} INFO - DAG(s) dict_keys(['example_task_group']) retrieved from /home/airflow/.local/lib/python3.11/site-packages/airflow/example_dags/example_task_group.py
[2023-11-02T08:54:50.258+0000] {logging_mixin.py:151} INFO - [2023-11-02T08:54:50.258+0000] {dag.py:2941} INFO - Sync 1 DAGs
[2023-11-02T08:54:50.288+0000] {logging_mixin.py:151} INFO - [2023-11-02T08:54:50.288+0000] {dag.py:3722} INFO - Setting next_dagrun for example_task_group to 2023-11-01T08:54:50.287881+00:00, run_after=2023-11-02T08:54:50.287881+00:00
[2023-11-02T08:54:50.313+0000] {processor.py:179} INFO - Processing /home/airflow/.local/lib/python3.11/site-packages/airflow/example_dags/example_task_group.py took 0.127 seconds
