[2023-11-02T08:44:35.035+0000] {processor.py:157} INFO - Started process (PID=40) to work on /home/airflow/.local/lib/python3.11/site-packages/airflow/example_dags/example_dag_decorator.py
[2023-11-02T08:44:35.037+0000] {processor.py:829} INFO - Processing file /home/airflow/.local/lib/python3.11/site-packages/airflow/example_dags/example_dag_decorator.py for tasks to queue
[2023-11-02T08:44:35.040+0000] {logging_mixin.py:151} INFO - [2023-11-02T08:44:35.040+0000] {dagbag.py:536} INFO - Filling up the DagBag from /home/airflow/.local/lib/python3.11/site-packages/airflow/example_dags/example_dag_decorator.py
[2023-11-02T08:44:35.486+0000] {processor.py:839} INFO - DAG(s) dict_keys(['example_dag_decorator']) retrieved from /home/airflow/.local/lib/python3.11/site-packages/airflow/example_dags/example_dag_decorator.py
[2023-11-02T08:44:35.764+0000] {logging_mixin.py:151} INFO - [2023-11-02T08:44:35.762+0000] {manager.py:499} INFO - Created Permission View: %s
[2023-11-02T08:44:35.782+0000] {logging_mixin.py:151} INFO - [2023-11-02T08:44:35.781+0000] {manager.py:499} INFO - Created Permission View: %s
[2023-11-02T08:44:35.801+0000] {logging_mixin.py:151} INFO - [2023-11-02T08:44:35.801+0000] {manager.py:499} INFO - Created Permission View: %s
[2023-11-02T08:44:35.802+0000] {logging_mixin.py:151} INFO - [2023-11-02T08:44:35.802+0000] {dag.py:2941} INFO - Sync 1 DAGs
[2023-11-02T08:44:35.836+0000] {logging_mixin.py:151} INFO - [2023-11-02T08:44:35.835+0000] {dag.py:2963} INFO - Creating ORM DAG for example_dag_decorator
[2023-11-02T08:44:35.840+0000] {logging_mixin.py:151} INFO - [2023-11-02T08:44:35.840+0000] {dag.py:3722} INFO - Setting next_dagrun for example_dag_decorator to None, run_after=None
[2023-11-02T08:44:35.886+0000] {processor.py:179} INFO - Processing /home/airflow/.local/lib/python3.11/site-packages/airflow/example_dags/example_dag_decorator.py took 0.858 seconds
[2023-11-02T08:45:06.202+0000] {processor.py:157} INFO - Started process (PID=95) to work on /home/airflow/.local/lib/python3.11/site-packages/airflow/example_dags/example_dag_decorator.py
[2023-11-02T08:45:06.205+0000] {processor.py:829} INFO - Processing file /home/airflow/.local/lib/python3.11/site-packages/airflow/example_dags/example_dag_decorator.py for tasks to queue
[2023-11-02T08:45:06.209+0000] {logging_mixin.py:151} INFO - [2023-11-02T08:45:06.208+0000] {dagbag.py:536} INFO - Filling up the DagBag from /home/airflow/.local/lib/python3.11/site-packages/airflow/example_dags/example_dag_decorator.py
[2023-11-02T08:45:06.338+0000] {processor.py:839} INFO - DAG(s) dict_keys(['example_dag_decorator']) retrieved from /home/airflow/.local/lib/python3.11/site-packages/airflow/example_dags/example_dag_decorator.py
[2023-11-02T08:45:06.451+0000] {logging_mixin.py:151} INFO - [2023-11-02T08:45:06.450+0000] {dag.py:2941} INFO - Sync 1 DAGs
[2023-11-02T08:45:06.458+0000] {logging_mixin.py:151} INFO - [2023-11-02T08:45:06.458+0000] {dag.py:3722} INFO - Setting next_dagrun for example_dag_decorator to None, run_after=None
[2023-11-02T08:45:06.470+0000] {processor.py:179} INFO - Processing /home/airflow/.local/lib/python3.11/site-packages/airflow/example_dags/example_dag_decorator.py took 0.275 seconds
[2023-11-02T08:45:36.493+0000] {processor.py:157} INFO - Started process (PID=151) to work on /home/airflow/.local/lib/python3.11/site-packages/airflow/example_dags/example_dag_decorator.py
[2023-11-02T08:45:36.494+0000] {processor.py:829} INFO - Processing file /home/airflow/.local/lib/python3.11/site-packages/airflow/example_dags/example_dag_decorator.py for tasks to queue
[2023-11-02T08:45:36.495+0000] {logging_mixin.py:151} INFO - [2023-11-02T08:45:36.495+0000] {dagbag.py:536} INFO - Filling up the DagBag from /home/airflow/.local/lib/python3.11/site-packages/airflow/example_dags/example_dag_decorator.py
[2023-11-02T08:45:36.593+0000] {processor.py:839} INFO - DAG(s) dict_keys(['example_dag_decorator']) retrieved from /home/airflow/.local/lib/python3.11/site-packages/airflow/example_dags/example_dag_decorator.py
[2023-11-02T08:45:36.710+0000] {logging_mixin.py:151} INFO - [2023-11-02T08:45:36.710+0000] {dag.py:2941} INFO - Sync 1 DAGs
[2023-11-02T08:45:36.718+0000] {logging_mixin.py:151} INFO - [2023-11-02T08:45:36.718+0000] {dag.py:3722} INFO - Setting next_dagrun for example_dag_decorator to None, run_after=None
[2023-11-02T08:45:36.731+0000] {processor.py:179} INFO - Processing /home/airflow/.local/lib/python3.11/site-packages/airflow/example_dags/example_dag_decorator.py took 0.240 seconds
[2023-11-02T08:46:07.160+0000] {processor.py:157} INFO - Started process (PID=205) to work on /home/airflow/.local/lib/python3.11/site-packages/airflow/example_dags/example_dag_decorator.py
[2023-11-02T08:46:07.161+0000] {processor.py:829} INFO - Processing file /home/airflow/.local/lib/python3.11/site-packages/airflow/example_dags/example_dag_decorator.py for tasks to queue
[2023-11-02T08:46:07.166+0000] {logging_mixin.py:151} INFO - [2023-11-02T08:46:07.166+0000] {dagbag.py:536} INFO - Filling up the DagBag from /home/airflow/.local/lib/python3.11/site-packages/airflow/example_dags/example_dag_decorator.py
[2023-11-02T08:46:07.256+0000] {processor.py:839} INFO - DAG(s) dict_keys(['example_dag_decorator']) retrieved from /home/airflow/.local/lib/python3.11/site-packages/airflow/example_dags/example_dag_decorator.py
[2023-11-02T08:46:07.357+0000] {logging_mixin.py:151} INFO - [2023-11-02T08:46:07.357+0000] {dag.py:2941} INFO - Sync 1 DAGs
[2023-11-02T08:46:07.364+0000] {logging_mixin.py:151} INFO - [2023-11-02T08:46:07.364+0000] {dag.py:3722} INFO - Setting next_dagrun for example_dag_decorator to None, run_after=None
[2023-11-02T08:46:07.374+0000] {processor.py:179} INFO - Processing /home/airflow/.local/lib/python3.11/site-packages/airflow/example_dags/example_dag_decorator.py took 0.218 seconds
[2023-11-02T08:46:37.672+0000] {processor.py:157} INFO - Started process (PID=260) to work on /home/airflow/.local/lib/python3.11/site-packages/airflow/example_dags/example_dag_decorator.py
[2023-11-02T08:46:37.673+0000] {processor.py:829} INFO - Processing file /home/airflow/.local/lib/python3.11/site-packages/airflow/example_dags/example_dag_decorator.py for tasks to queue
[2023-11-02T08:46:37.677+0000] {logging_mixin.py:151} INFO - [2023-11-02T08:46:37.677+0000] {dagbag.py:536} INFO - Filling up the DagBag from /home/airflow/.local/lib/python3.11/site-packages/airflow/example_dags/example_dag_decorator.py
[2023-11-02T08:46:37.775+0000] {processor.py:839} INFO - DAG(s) dict_keys(['example_dag_decorator']) retrieved from /home/airflow/.local/lib/python3.11/site-packages/airflow/example_dags/example_dag_decorator.py
[2023-11-02T08:46:37.868+0000] {logging_mixin.py:151} INFO - [2023-11-02T08:46:37.868+0000] {dag.py:2941} INFO - Sync 1 DAGs
[2023-11-02T08:46:37.876+0000] {logging_mixin.py:151} INFO - [2023-11-02T08:46:37.876+0000] {dag.py:3722} INFO - Setting next_dagrun for example_dag_decorator to None, run_after=None
[2023-11-02T08:46:37.886+0000] {processor.py:179} INFO - Processing /home/airflow/.local/lib/python3.11/site-packages/airflow/example_dags/example_dag_decorator.py took 0.221 seconds
[2023-11-02T08:47:07.953+0000] {processor.py:157} INFO - Started process (PID=316) to work on /home/airflow/.local/lib/python3.11/site-packages/airflow/example_dags/example_dag_decorator.py
[2023-11-02T08:47:07.954+0000] {processor.py:829} INFO - Processing file /home/airflow/.local/lib/python3.11/site-packages/airflow/example_dags/example_dag_decorator.py for tasks to queue
[2023-11-02T08:47:07.956+0000] {logging_mixin.py:151} INFO - [2023-11-02T08:47:07.956+0000] {dagbag.py:536} INFO - Filling up the DagBag from /home/airflow/.local/lib/python3.11/site-packages/airflow/example_dags/example_dag_decorator.py
[2023-11-02T08:47:08.017+0000] {processor.py:839} INFO - DAG(s) dict_keys(['example_dag_decorator']) retrieved from /home/airflow/.local/lib/python3.11/site-packages/airflow/example_dags/example_dag_decorator.py
[2023-11-02T08:47:08.115+0000] {logging_mixin.py:151} INFO - [2023-11-02T08:47:08.115+0000] {dag.py:2941} INFO - Sync 1 DAGs
[2023-11-02T08:47:08.125+0000] {logging_mixin.py:151} INFO - [2023-11-02T08:47:08.125+0000] {dag.py:3722} INFO - Setting next_dagrun for example_dag_decorator to None, run_after=None
[2023-11-02T08:47:08.137+0000] {processor.py:179} INFO - Processing /home/airflow/.local/lib/python3.11/site-packages/airflow/example_dags/example_dag_decorator.py took 0.186 seconds
[2023-11-02T08:47:38.209+0000] {processor.py:157} INFO - Started process (PID=371) to work on /home/airflow/.local/lib/python3.11/site-packages/airflow/example_dags/example_dag_decorator.py
[2023-11-02T08:47:38.210+0000] {processor.py:829} INFO - Processing file /home/airflow/.local/lib/python3.11/site-packages/airflow/example_dags/example_dag_decorator.py for tasks to queue
[2023-11-02T08:47:38.212+0000] {logging_mixin.py:151} INFO - [2023-11-02T08:47:38.211+0000] {dagbag.py:536} INFO - Filling up the DagBag from /home/airflow/.local/lib/python3.11/site-packages/airflow/example_dags/example_dag_decorator.py
[2023-11-02T08:47:38.315+0000] {processor.py:839} INFO - DAG(s) dict_keys(['example_dag_decorator']) retrieved from /home/airflow/.local/lib/python3.11/site-packages/airflow/example_dags/example_dag_decorator.py
[2023-11-02T08:47:38.409+0000] {logging_mixin.py:151} INFO - [2023-11-02T08:47:38.408+0000] {dag.py:2941} INFO - Sync 1 DAGs
[2023-11-02T08:47:38.416+0000] {logging_mixin.py:151} INFO - [2023-11-02T08:47:38.416+0000] {dag.py:3722} INFO - Setting next_dagrun for example_dag_decorator to None, run_after=None
[2023-11-02T08:47:38.428+0000] {processor.py:179} INFO - Processing /home/airflow/.local/lib/python3.11/site-packages/airflow/example_dags/example_dag_decorator.py took 0.222 seconds
[2023-11-02T08:48:09.387+0000] {processor.py:157} INFO - Started process (PID=426) to work on /home/airflow/.local/lib/python3.11/site-packages/airflow/example_dags/example_dag_decorator.py
[2023-11-02T08:48:09.390+0000] {processor.py:829} INFO - Processing file /home/airflow/.local/lib/python3.11/site-packages/airflow/example_dags/example_dag_decorator.py for tasks to queue
[2023-11-02T08:48:09.394+0000] {logging_mixin.py:151} INFO - [2023-11-02T08:48:09.393+0000] {dagbag.py:536} INFO - Filling up the DagBag from /home/airflow/.local/lib/python3.11/site-packages/airflow/example_dags/example_dag_decorator.py
[2023-11-02T08:48:09.460+0000] {processor.py:839} INFO - DAG(s) dict_keys(['example_dag_decorator']) retrieved from /home/airflow/.local/lib/python3.11/site-packages/airflow/example_dags/example_dag_decorator.py
[2023-11-02T08:48:09.551+0000] {logging_mixin.py:151} INFO - [2023-11-02T08:48:09.550+0000] {dag.py:2941} INFO - Sync 1 DAGs
[2023-11-02T08:48:09.557+0000] {logging_mixin.py:151} INFO - [2023-11-02T08:48:09.557+0000] {dag.py:3722} INFO - Setting next_dagrun for example_dag_decorator to None, run_after=None
[2023-11-02T08:48:09.567+0000] {processor.py:179} INFO - Processing /home/airflow/.local/lib/python3.11/site-packages/airflow/example_dags/example_dag_decorator.py took 0.185 seconds
[2023-11-02T08:48:39.689+0000] {processor.py:157} INFO - Started process (PID=483) to work on /home/airflow/.local/lib/python3.11/site-packages/airflow/example_dags/example_dag_decorator.py
[2023-11-02T08:48:39.690+0000] {processor.py:829} INFO - Processing file /home/airflow/.local/lib/python3.11/site-packages/airflow/example_dags/example_dag_decorator.py for tasks to queue
[2023-11-02T08:48:39.691+0000] {logging_mixin.py:151} INFO - [2023-11-02T08:48:39.691+0000] {dagbag.py:536} INFO - Filling up the DagBag from /home/airflow/.local/lib/python3.11/site-packages/airflow/example_dags/example_dag_decorator.py
[2023-11-02T08:48:39.738+0000] {processor.py:839} INFO - DAG(s) dict_keys(['example_dag_decorator']) retrieved from /home/airflow/.local/lib/python3.11/site-packages/airflow/example_dags/example_dag_decorator.py
[2023-11-02T08:48:39.803+0000] {logging_mixin.py:151} INFO - [2023-11-02T08:48:39.802+0000] {dag.py:2941} INFO - Sync 1 DAGs
[2023-11-02T08:48:39.810+0000] {logging_mixin.py:151} INFO - [2023-11-02T08:48:39.810+0000] {dag.py:3722} INFO - Setting next_dagrun for example_dag_decorator to None, run_after=None
[2023-11-02T08:48:39.820+0000] {processor.py:179} INFO - Processing /home/airflow/.local/lib/python3.11/site-packages/airflow/example_dags/example_dag_decorator.py took 0.134 seconds
[2023-11-02T08:49:09.855+0000] {processor.py:157} INFO - Started process (PID=538) to work on /home/airflow/.local/lib/python3.11/site-packages/airflow/example_dags/example_dag_decorator.py
[2023-11-02T08:49:09.856+0000] {processor.py:829} INFO - Processing file /home/airflow/.local/lib/python3.11/site-packages/airflow/example_dags/example_dag_decorator.py for tasks to queue
[2023-11-02T08:49:09.858+0000] {logging_mixin.py:151} INFO - [2023-11-02T08:49:09.858+0000] {dagbag.py:536} INFO - Filling up the DagBag from /home/airflow/.local/lib/python3.11/site-packages/airflow/example_dags/example_dag_decorator.py
[2023-11-02T08:49:09.915+0000] {processor.py:839} INFO - DAG(s) dict_keys(['example_dag_decorator']) retrieved from /home/airflow/.local/lib/python3.11/site-packages/airflow/example_dags/example_dag_decorator.py
[2023-11-02T08:49:10.004+0000] {logging_mixin.py:151} INFO - [2023-11-02T08:49:10.004+0000] {dag.py:2941} INFO - Sync 1 DAGs
[2023-11-02T08:49:10.012+0000] {logging_mixin.py:151} INFO - [2023-11-02T08:49:10.012+0000] {dag.py:3722} INFO - Setting next_dagrun for example_dag_decorator to None, run_after=None
[2023-11-02T08:49:10.025+0000] {processor.py:179} INFO - Processing /home/airflow/.local/lib/python3.11/site-packages/airflow/example_dags/example_dag_decorator.py took 0.172 seconds
[2023-11-02T08:49:40.119+0000] {processor.py:157} INFO - Started process (PID=593) to work on /home/airflow/.local/lib/python3.11/site-packages/airflow/example_dags/example_dag_decorator.py
[2023-11-02T08:49:40.120+0000] {processor.py:829} INFO - Processing file /home/airflow/.local/lib/python3.11/site-packages/airflow/example_dags/example_dag_decorator.py for tasks to queue
[2023-11-02T08:49:40.121+0000] {logging_mixin.py:151} INFO - [2023-11-02T08:49:40.121+0000] {dagbag.py:536} INFO - Filling up the DagBag from /home/airflow/.local/lib/python3.11/site-packages/airflow/example_dags/example_dag_decorator.py
[2023-11-02T08:49:40.188+0000] {processor.py:839} INFO - DAG(s) dict_keys(['example_dag_decorator']) retrieved from /home/airflow/.local/lib/python3.11/site-packages/airflow/example_dags/example_dag_decorator.py
[2023-11-02T08:49:40.264+0000] {logging_mixin.py:151} INFO - [2023-11-02T08:49:40.264+0000] {dag.py:2941} INFO - Sync 1 DAGs
[2023-11-02T08:49:40.273+0000] {logging_mixin.py:151} INFO - [2023-11-02T08:49:40.273+0000] {dag.py:3722} INFO - Setting next_dagrun for example_dag_decorator to None, run_after=None
[2023-11-02T08:49:40.287+0000] {processor.py:179} INFO - Processing /home/airflow/.local/lib/python3.11/site-packages/airflow/example_dags/example_dag_decorator.py took 0.171 seconds
[2023-11-02T08:50:10.381+0000] {processor.py:157} INFO - Started process (PID=648) to work on /home/airflow/.local/lib/python3.11/site-packages/airflow/example_dags/example_dag_decorator.py
[2023-11-02T08:50:10.381+0000] {processor.py:829} INFO - Processing file /home/airflow/.local/lib/python3.11/site-packages/airflow/example_dags/example_dag_decorator.py for tasks to queue
[2023-11-02T08:50:10.383+0000] {logging_mixin.py:151} INFO - [2023-11-02T08:50:10.383+0000] {dagbag.py:536} INFO - Filling up the DagBag from /home/airflow/.local/lib/python3.11/site-packages/airflow/example_dags/example_dag_decorator.py
[2023-11-02T08:50:10.436+0000] {processor.py:839} INFO - DAG(s) dict_keys(['example_dag_decorator']) retrieved from /home/airflow/.local/lib/python3.11/site-packages/airflow/example_dags/example_dag_decorator.py
[2023-11-02T08:50:10.506+0000] {logging_mixin.py:151} INFO - [2023-11-02T08:50:10.506+0000] {dag.py:2941} INFO - Sync 1 DAGs
[2023-11-02T08:50:10.515+0000] {logging_mixin.py:151} INFO - [2023-11-02T08:50:10.515+0000] {dag.py:3722} INFO - Setting next_dagrun for example_dag_decorator to None, run_after=None
[2023-11-02T08:50:10.526+0000] {processor.py:179} INFO - Processing /home/airflow/.local/lib/python3.11/site-packages/airflow/example_dags/example_dag_decorator.py took 0.148 seconds
[2023-11-02T08:50:40.548+0000] {processor.py:157} INFO - Started process (PID=703) to work on /home/airflow/.local/lib/python3.11/site-packages/airflow/example_dags/example_dag_decorator.py
[2023-11-02T08:50:40.549+0000] {processor.py:829} INFO - Processing file /home/airflow/.local/lib/python3.11/site-packages/airflow/example_dags/example_dag_decorator.py for tasks to queue
[2023-11-02T08:50:40.551+0000] {logging_mixin.py:151} INFO - [2023-11-02T08:50:40.550+0000] {dagbag.py:536} INFO - Filling up the DagBag from /home/airflow/.local/lib/python3.11/site-packages/airflow/example_dags/example_dag_decorator.py
[2023-11-02T08:50:40.617+0000] {processor.py:839} INFO - DAG(s) dict_keys(['example_dag_decorator']) retrieved from /home/airflow/.local/lib/python3.11/site-packages/airflow/example_dags/example_dag_decorator.py
[2023-11-02T08:50:40.700+0000] {logging_mixin.py:151} INFO - [2023-11-02T08:50:40.700+0000] {dag.py:2941} INFO - Sync 1 DAGs
[2023-11-02T08:50:40.708+0000] {logging_mixin.py:151} INFO - [2023-11-02T08:50:40.708+0000] {dag.py:3722} INFO - Setting next_dagrun for example_dag_decorator to None, run_after=None
[2023-11-02T08:50:40.724+0000] {processor.py:179} INFO - Processing /home/airflow/.local/lib/python3.11/site-packages/airflow/example_dags/example_dag_decorator.py took 0.179 seconds
[2023-11-02T08:51:11.381+0000] {processor.py:157} INFO - Started process (PID=756) to work on /home/airflow/.local/lib/python3.11/site-packages/airflow/example_dags/example_dag_decorator.py
[2023-11-02T08:51:11.387+0000] {processor.py:829} INFO - Processing file /home/airflow/.local/lib/python3.11/site-packages/airflow/example_dags/example_dag_decorator.py for tasks to queue
[2023-11-02T08:51:11.392+0000] {logging_mixin.py:151} INFO - [2023-11-02T08:51:11.392+0000] {dagbag.py:536} INFO - Filling up the DagBag from /home/airflow/.local/lib/python3.11/site-packages/airflow/example_dags/example_dag_decorator.py
[2023-11-02T08:51:11.456+0000] {processor.py:839} INFO - DAG(s) dict_keys(['example_dag_decorator']) retrieved from /home/airflow/.local/lib/python3.11/site-packages/airflow/example_dags/example_dag_decorator.py
[2023-11-02T08:51:11.547+0000] {logging_mixin.py:151} INFO - [2023-11-02T08:51:11.547+0000] {dag.py:2941} INFO - Sync 1 DAGs
[2023-11-02T08:51:11.554+0000] {logging_mixin.py:151} INFO - [2023-11-02T08:51:11.554+0000] {dag.py:3722} INFO - Setting next_dagrun for example_dag_decorator to None, run_after=None
[2023-11-02T08:51:11.565+0000] {processor.py:179} INFO - Processing /home/airflow/.local/lib/python3.11/site-packages/airflow/example_dags/example_dag_decorator.py took 0.189 seconds
[2023-11-02T08:51:41.659+0000] {processor.py:157} INFO - Started process (PID=811) to work on /home/airflow/.local/lib/python3.11/site-packages/airflow/example_dags/example_dag_decorator.py
[2023-11-02T08:51:41.662+0000] {processor.py:829} INFO - Processing file /home/airflow/.local/lib/python3.11/site-packages/airflow/example_dags/example_dag_decorator.py for tasks to queue
[2023-11-02T08:51:41.669+0000] {logging_mixin.py:151} INFO - [2023-11-02T08:51:41.669+0000] {dagbag.py:536} INFO - Filling up the DagBag from /home/airflow/.local/lib/python3.11/site-packages/airflow/example_dags/example_dag_decorator.py
[2023-11-02T08:51:41.728+0000] {processor.py:839} INFO - DAG(s) dict_keys(['example_dag_decorator']) retrieved from /home/airflow/.local/lib/python3.11/site-packages/airflow/example_dags/example_dag_decorator.py
[2023-11-02T08:51:41.800+0000] {logging_mixin.py:151} INFO - [2023-11-02T08:51:41.800+0000] {dag.py:2941} INFO - Sync 1 DAGs
[2023-11-02T08:51:41.809+0000] {logging_mixin.py:151} INFO - [2023-11-02T08:51:41.808+0000] {dag.py:3722} INFO - Setting next_dagrun for example_dag_decorator to None, run_after=None
[2023-11-02T08:51:41.822+0000] {processor.py:179} INFO - Processing /home/airflow/.local/lib/python3.11/site-packages/airflow/example_dags/example_dag_decorator.py took 0.169 seconds
[2023-11-02T08:52:11.917+0000] {processor.py:157} INFO - Started process (PID=866) to work on /home/airflow/.local/lib/python3.11/site-packages/airflow/example_dags/example_dag_decorator.py
[2023-11-02T08:52:11.922+0000] {processor.py:829} INFO - Processing file /home/airflow/.local/lib/python3.11/site-packages/airflow/example_dags/example_dag_decorator.py for tasks to queue
[2023-11-02T08:52:11.927+0000] {logging_mixin.py:151} INFO - [2023-11-02T08:52:11.926+0000] {dagbag.py:536} INFO - Filling up the DagBag from /home/airflow/.local/lib/python3.11/site-packages/airflow/example_dags/example_dag_decorator.py
[2023-11-02T08:52:11.982+0000] {processor.py:839} INFO - DAG(s) dict_keys(['example_dag_decorator']) retrieved from /home/airflow/.local/lib/python3.11/site-packages/airflow/example_dags/example_dag_decorator.py
[2023-11-02T08:52:12.053+0000] {logging_mixin.py:151} INFO - [2023-11-02T08:52:12.053+0000] {dag.py:2941} INFO - Sync 1 DAGs
[2023-11-02T08:52:12.060+0000] {logging_mixin.py:151} INFO - [2023-11-02T08:52:12.060+0000] {dag.py:3722} INFO - Setting next_dagrun for example_dag_decorator to None, run_after=None
[2023-11-02T08:52:12.070+0000] {processor.py:179} INFO - Processing /home/airflow/.local/lib/python3.11/site-packages/airflow/example_dags/example_dag_decorator.py took 0.159 seconds
[2023-11-02T08:52:42.107+0000] {processor.py:157} INFO - Started process (PID=922) to work on /home/airflow/.local/lib/python3.11/site-packages/airflow/example_dags/example_dag_decorator.py
[2023-11-02T08:52:42.109+0000] {processor.py:829} INFO - Processing file /home/airflow/.local/lib/python3.11/site-packages/airflow/example_dags/example_dag_decorator.py for tasks to queue
[2023-11-02T08:52:42.111+0000] {logging_mixin.py:151} INFO - [2023-11-02T08:52:42.111+0000] {dagbag.py:536} INFO - Filling up the DagBag from /home/airflow/.local/lib/python3.11/site-packages/airflow/example_dags/example_dag_decorator.py
[2023-11-02T08:52:42.172+0000] {processor.py:839} INFO - DAG(s) dict_keys(['example_dag_decorator']) retrieved from /home/airflow/.local/lib/python3.11/site-packages/airflow/example_dags/example_dag_decorator.py
[2023-11-02T08:52:42.247+0000] {logging_mixin.py:151} INFO - [2023-11-02T08:52:42.247+0000] {dag.py:2941} INFO - Sync 1 DAGs
[2023-11-02T08:52:42.254+0000] {logging_mixin.py:151} INFO - [2023-11-02T08:52:42.254+0000] {dag.py:3722} INFO - Setting next_dagrun for example_dag_decorator to None, run_after=None
[2023-11-02T08:52:42.264+0000] {processor.py:179} INFO - Processing /home/airflow/.local/lib/python3.11/site-packages/airflow/example_dags/example_dag_decorator.py took 0.161 seconds
[2023-11-02T08:53:12.527+0000] {processor.py:157} INFO - Started process (PID=976) to work on /home/airflow/.local/lib/python3.11/site-packages/airflow/example_dags/example_dag_decorator.py
[2023-11-02T08:53:12.530+0000] {processor.py:829} INFO - Processing file /home/airflow/.local/lib/python3.11/site-packages/airflow/example_dags/example_dag_decorator.py for tasks to queue
[2023-11-02T08:53:12.535+0000] {logging_mixin.py:151} INFO - [2023-11-02T08:53:12.535+0000] {dagbag.py:536} INFO - Filling up the DagBag from /home/airflow/.local/lib/python3.11/site-packages/airflow/example_dags/example_dag_decorator.py
[2023-11-02T08:53:12.592+0000] {processor.py:839} INFO - DAG(s) dict_keys(['example_dag_decorator']) retrieved from /home/airflow/.local/lib/python3.11/site-packages/airflow/example_dags/example_dag_decorator.py
[2023-11-02T08:53:12.662+0000] {logging_mixin.py:151} INFO - [2023-11-02T08:53:12.662+0000] {dag.py:2941} INFO - Sync 1 DAGs
[2023-11-02T08:53:12.669+0000] {logging_mixin.py:151} INFO - [2023-11-02T08:53:12.669+0000] {dag.py:3722} INFO - Setting next_dagrun for example_dag_decorator to None, run_after=None
[2023-11-02T08:53:12.680+0000] {processor.py:179} INFO - Processing /home/airflow/.local/lib/python3.11/site-packages/airflow/example_dags/example_dag_decorator.py took 0.160 seconds
[2023-11-02T08:53:42.795+0000] {processor.py:157} INFO - Started process (PID=1031) to work on /home/airflow/.local/lib/python3.11/site-packages/airflow/example_dags/example_dag_decorator.py
[2023-11-02T08:53:42.796+0000] {processor.py:829} INFO - Processing file /home/airflow/.local/lib/python3.11/site-packages/airflow/example_dags/example_dag_decorator.py for tasks to queue
[2023-11-02T08:53:42.800+0000] {logging_mixin.py:151} INFO - [2023-11-02T08:53:42.799+0000] {dagbag.py:536} INFO - Filling up the DagBag from /home/airflow/.local/lib/python3.11/site-packages/airflow/example_dags/example_dag_decorator.py
[2023-11-02T08:53:42.859+0000] {processor.py:839} INFO - DAG(s) dict_keys(['example_dag_decorator']) retrieved from /home/airflow/.local/lib/python3.11/site-packages/airflow/example_dags/example_dag_decorator.py
[2023-11-02T08:53:42.929+0000] {logging_mixin.py:151} INFO - [2023-11-02T08:53:42.929+0000] {dag.py:2941} INFO - Sync 1 DAGs
[2023-11-02T08:53:42.936+0000] {logging_mixin.py:151} INFO - [2023-11-02T08:53:42.936+0000] {dag.py:3722} INFO - Setting next_dagrun for example_dag_decorator to None, run_after=None
[2023-11-02T08:53:42.946+0000] {processor.py:179} INFO - Processing /home/airflow/.local/lib/python3.11/site-packages/airflow/example_dags/example_dag_decorator.py took 0.158 seconds
[2023-11-02T08:54:13.605+0000] {processor.py:157} INFO - Started process (PID=1088) to work on /home/airflow/.local/lib/python3.11/site-packages/airflow/example_dags/example_dag_decorator.py
[2023-11-02T08:54:13.605+0000] {processor.py:829} INFO - Processing file /home/airflow/.local/lib/python3.11/site-packages/airflow/example_dags/example_dag_decorator.py for tasks to queue
[2023-11-02T08:54:13.607+0000] {logging_mixin.py:151} INFO - [2023-11-02T08:54:13.607+0000] {dagbag.py:536} INFO - Filling up the DagBag from /home/airflow/.local/lib/python3.11/site-packages/airflow/example_dags/example_dag_decorator.py
[2023-11-02T08:54:13.669+0000] {processor.py:839} INFO - DAG(s) dict_keys(['example_dag_decorator']) retrieved from /home/airflow/.local/lib/python3.11/site-packages/airflow/example_dags/example_dag_decorator.py
[2023-11-02T08:54:13.748+0000] {logging_mixin.py:151} INFO - [2023-11-02T08:54:13.748+0000] {dag.py:2941} INFO - Sync 1 DAGs
[2023-11-02T08:54:13.755+0000] {logging_mixin.py:151} INFO - [2023-11-02T08:54:13.755+0000] {dag.py:3722} INFO - Setting next_dagrun for example_dag_decorator to None, run_after=None
[2023-11-02T08:54:13.765+0000] {processor.py:179} INFO - Processing /home/airflow/.local/lib/python3.11/site-packages/airflow/example_dags/example_dag_decorator.py took 0.163 seconds
[2023-11-02T08:54:44.574+0000] {processor.py:157} INFO - Started process (PID=1141) to work on /home/airflow/.local/lib/python3.11/site-packages/airflow/example_dags/example_dag_decorator.py
[2023-11-02T08:54:44.576+0000] {processor.py:829} INFO - Processing file /home/airflow/.local/lib/python3.11/site-packages/airflow/example_dags/example_dag_decorator.py for tasks to queue
[2023-11-02T08:54:44.579+0000] {logging_mixin.py:151} INFO - [2023-11-02T08:54:44.579+0000] {dagbag.py:536} INFO - Filling up the DagBag from /home/airflow/.local/lib/python3.11/site-packages/airflow/example_dags/example_dag_decorator.py
[2023-11-02T08:54:44.644+0000] {processor.py:839} INFO - DAG(s) dict_keys(['example_dag_decorator']) retrieved from /home/airflow/.local/lib/python3.11/site-packages/airflow/example_dags/example_dag_decorator.py
[2023-11-02T08:54:44.725+0000] {logging_mixin.py:151} INFO - [2023-11-02T08:54:44.725+0000] {dag.py:2941} INFO - Sync 1 DAGs
[2023-11-02T08:54:44.733+0000] {logging_mixin.py:151} INFO - [2023-11-02T08:54:44.733+0000] {dag.py:3722} INFO - Setting next_dagrun for example_dag_decorator to None, run_after=None
[2023-11-02T08:54:44.760+0000] {processor.py:179} INFO - Processing /home/airflow/.local/lib/python3.11/site-packages/airflow/example_dags/example_dag_decorator.py took 0.192 seconds
