[2023-11-02T08:44:39.176+0000] {processor.py:157} INFO - Started process (PID=49) to work on /home/airflow/.local/lib/python3.11/site-packages/airflow/example_dags/example_nested_branch_dag.py
[2023-11-02T08:44:39.178+0000] {processor.py:829} INFO - Processing file /home/airflow/.local/lib/python3.11/site-packages/airflow/example_dags/example_nested_branch_dag.py for tasks to queue
[2023-11-02T08:44:39.184+0000] {logging_mixin.py:151} INFO - [2023-11-02T08:44:39.183+0000] {dagbag.py:536} INFO - Filling up the DagBag from /home/airflow/.local/lib/python3.11/site-packages/airflow/example_dags/example_nested_branch_dag.py
[2023-11-02T08:44:39.213+0000] {processor.py:839} INFO - DAG(s) dict_keys(['example_nested_branch_dag']) retrieved from /home/airflow/.local/lib/python3.11/site-packages/airflow/example_dags/example_nested_branch_dag.py
[2023-11-02T08:44:39.831+0000] {logging_mixin.py:151} INFO - [2023-11-02T08:44:39.830+0000] {manager.py:499} INFO - Created Permission View: %s
[2023-11-02T08:44:39.880+0000] {logging_mixin.py:151} INFO - [2023-11-02T08:44:39.879+0000] {manager.py:499} INFO - Created Permission View: %s
[2023-11-02T08:44:39.908+0000] {logging_mixin.py:151} INFO - [2023-11-02T08:44:39.907+0000] {manager.py:499} INFO - Created Permission View: %s
[2023-11-02T08:44:39.909+0000] {logging_mixin.py:151} INFO - [2023-11-02T08:44:39.909+0000] {dag.py:2941} INFO - Sync 1 DAGs
[2023-11-02T08:44:39.972+0000] {logging_mixin.py:151} INFO - [2023-11-02T08:44:39.971+0000] {dag.py:2963} INFO - Creating ORM DAG for example_nested_branch_dag
[2023-11-02T08:44:40.033+0000] {logging_mixin.py:151} INFO - [2023-11-02T08:44:40.032+0000] {dag.py:3722} INFO - Setting next_dagrun for example_nested_branch_dag to 2023-11-01T00:00:00+00:00, run_after=2023-11-02T00:00:00+00:00
[2023-11-02T08:44:40.131+0000] {processor.py:179} INFO - Processing /home/airflow/.local/lib/python3.11/site-packages/airflow/example_dags/example_nested_branch_dag.py took 0.963 seconds
[2023-11-02T08:45:10.234+0000] {processor.py:157} INFO - Started process (PID=104) to work on /home/airflow/.local/lib/python3.11/site-packages/airflow/example_dags/example_nested_branch_dag.py
[2023-11-02T08:45:10.238+0000] {processor.py:829} INFO - Processing file /home/airflow/.local/lib/python3.11/site-packages/airflow/example_dags/example_nested_branch_dag.py for tasks to queue
[2023-11-02T08:45:10.251+0000] {logging_mixin.py:151} INFO - [2023-11-02T08:45:10.250+0000] {dagbag.py:536} INFO - Filling up the DagBag from /home/airflow/.local/lib/python3.11/site-packages/airflow/example_dags/example_nested_branch_dag.py
[2023-11-02T08:45:10.278+0000] {processor.py:839} INFO - DAG(s) dict_keys(['example_nested_branch_dag']) retrieved from /home/airflow/.local/lib/python3.11/site-packages/airflow/example_dags/example_nested_branch_dag.py
[2023-11-02T08:45:10.314+0000] {logging_mixin.py:151} INFO - [2023-11-02T08:45:10.314+0000] {dag.py:2941} INFO - Sync 1 DAGs
[2023-11-02T08:45:10.355+0000] {logging_mixin.py:151} INFO - [2023-11-02T08:45:10.355+0000] {dag.py:3722} INFO - Setting next_dagrun for example_nested_branch_dag to 2023-11-01T00:00:00+00:00, run_after=2023-11-02T00:00:00+00:00
[2023-11-02T08:45:10.377+0000] {processor.py:179} INFO - Processing /home/airflow/.local/lib/python3.11/site-packages/airflow/example_dags/example_nested_branch_dag.py took 0.162 seconds
[2023-11-02T08:45:40.915+0000] {processor.py:157} INFO - Started process (PID=159) to work on /home/airflow/.local/lib/python3.11/site-packages/airflow/example_dags/example_nested_branch_dag.py
[2023-11-02T08:45:40.916+0000] {processor.py:829} INFO - Processing file /home/airflow/.local/lib/python3.11/site-packages/airflow/example_dags/example_nested_branch_dag.py for tasks to queue
[2023-11-02T08:45:40.918+0000] {logging_mixin.py:151} INFO - [2023-11-02T08:45:40.918+0000] {dagbag.py:536} INFO - Filling up the DagBag from /home/airflow/.local/lib/python3.11/site-packages/airflow/example_dags/example_nested_branch_dag.py
[2023-11-02T08:45:40.927+0000] {processor.py:839} INFO - DAG(s) dict_keys(['example_nested_branch_dag']) retrieved from /home/airflow/.local/lib/python3.11/site-packages/airflow/example_dags/example_nested_branch_dag.py
[2023-11-02T08:45:40.945+0000] {logging_mixin.py:151} INFO - [2023-11-02T08:45:40.945+0000] {dag.py:2941} INFO - Sync 1 DAGs
[2023-11-02T08:45:40.961+0000] {logging_mixin.py:151} INFO - [2023-11-02T08:45:40.961+0000] {dag.py:3722} INFO - Setting next_dagrun for example_nested_branch_dag to 2023-11-01T00:00:00+00:00, run_after=2023-11-02T00:00:00+00:00
[2023-11-02T08:45:40.971+0000] {processor.py:179} INFO - Processing /home/airflow/.local/lib/python3.11/site-packages/airflow/example_dags/example_nested_branch_dag.py took 0.058 seconds
[2023-11-02T08:46:11.686+0000] {processor.py:157} INFO - Started process (PID=214) to work on /home/airflow/.local/lib/python3.11/site-packages/airflow/example_dags/example_nested_branch_dag.py
[2023-11-02T08:46:11.686+0000] {processor.py:829} INFO - Processing file /home/airflow/.local/lib/python3.11/site-packages/airflow/example_dags/example_nested_branch_dag.py for tasks to queue
[2023-11-02T08:46:11.688+0000] {logging_mixin.py:151} INFO - [2023-11-02T08:46:11.688+0000] {dagbag.py:536} INFO - Filling up the DagBag from /home/airflow/.local/lib/python3.11/site-packages/airflow/example_dags/example_nested_branch_dag.py
[2023-11-02T08:46:11.696+0000] {processor.py:839} INFO - DAG(s) dict_keys(['example_nested_branch_dag']) retrieved from /home/airflow/.local/lib/python3.11/site-packages/airflow/example_dags/example_nested_branch_dag.py
[2023-11-02T08:46:11.710+0000] {logging_mixin.py:151} INFO - [2023-11-02T08:46:11.710+0000] {dag.py:2941} INFO - Sync 1 DAGs
[2023-11-02T08:46:11.725+0000] {logging_mixin.py:151} INFO - [2023-11-02T08:46:11.725+0000] {dag.py:3722} INFO - Setting next_dagrun for example_nested_branch_dag to 2023-11-01T00:00:00+00:00, run_after=2023-11-02T00:00:00+00:00
[2023-11-02T08:46:11.735+0000] {processor.py:179} INFO - Processing /home/airflow/.local/lib/python3.11/site-packages/airflow/example_dags/example_nested_branch_dag.py took 0.051 seconds
[2023-11-02T08:46:42.143+0000] {processor.py:157} INFO - Started process (PID=269) to work on /home/airflow/.local/lib/python3.11/site-packages/airflow/example_dags/example_nested_branch_dag.py
[2023-11-02T08:46:42.144+0000] {processor.py:829} INFO - Processing file /home/airflow/.local/lib/python3.11/site-packages/airflow/example_dags/example_nested_branch_dag.py for tasks to queue
[2023-11-02T08:46:42.146+0000] {logging_mixin.py:151} INFO - [2023-11-02T08:46:42.145+0000] {dagbag.py:536} INFO - Filling up the DagBag from /home/airflow/.local/lib/python3.11/site-packages/airflow/example_dags/example_nested_branch_dag.py
[2023-11-02T08:46:42.153+0000] {processor.py:839} INFO - DAG(s) dict_keys(['example_nested_branch_dag']) retrieved from /home/airflow/.local/lib/python3.11/site-packages/airflow/example_dags/example_nested_branch_dag.py
[2023-11-02T08:46:42.167+0000] {logging_mixin.py:151} INFO - [2023-11-02T08:46:42.166+0000] {dag.py:2941} INFO - Sync 1 DAGs
[2023-11-02T08:46:42.181+0000] {logging_mixin.py:151} INFO - [2023-11-02T08:46:42.181+0000] {dag.py:3722} INFO - Setting next_dagrun for example_nested_branch_dag to 2023-11-01T00:00:00+00:00, run_after=2023-11-02T00:00:00+00:00
[2023-11-02T08:46:42.190+0000] {processor.py:179} INFO - Processing /home/airflow/.local/lib/python3.11/site-packages/airflow/example_dags/example_nested_branch_dag.py took 0.049 seconds
[2023-11-02T08:47:12.332+0000] {processor.py:157} INFO - Started process (PID=324) to work on /home/airflow/.local/lib/python3.11/site-packages/airflow/example_dags/example_nested_branch_dag.py
[2023-11-02T08:47:12.333+0000] {processor.py:829} INFO - Processing file /home/airflow/.local/lib/python3.11/site-packages/airflow/example_dags/example_nested_branch_dag.py for tasks to queue
[2023-11-02T08:47:12.335+0000] {logging_mixin.py:151} INFO - [2023-11-02T08:47:12.335+0000] {dagbag.py:536} INFO - Filling up the DagBag from /home/airflow/.local/lib/python3.11/site-packages/airflow/example_dags/example_nested_branch_dag.py
[2023-11-02T08:47:12.342+0000] {processor.py:839} INFO - DAG(s) dict_keys(['example_nested_branch_dag']) retrieved from /home/airflow/.local/lib/python3.11/site-packages/airflow/example_dags/example_nested_branch_dag.py
[2023-11-02T08:47:12.356+0000] {logging_mixin.py:151} INFO - [2023-11-02T08:47:12.356+0000] {dag.py:2941} INFO - Sync 1 DAGs
[2023-11-02T08:47:12.371+0000] {logging_mixin.py:151} INFO - [2023-11-02T08:47:12.371+0000] {dag.py:3722} INFO - Setting next_dagrun for example_nested_branch_dag to 2023-11-01T00:00:00+00:00, run_after=2023-11-02T00:00:00+00:00
[2023-11-02T08:47:12.380+0000] {processor.py:179} INFO - Processing /home/airflow/.local/lib/python3.11/site-packages/airflow/example_dags/example_nested_branch_dag.py took 0.050 seconds
[2023-11-02T08:47:42.487+0000] {processor.py:157} INFO - Started process (PID=379) to work on /home/airflow/.local/lib/python3.11/site-packages/airflow/example_dags/example_nested_branch_dag.py
[2023-11-02T08:47:42.487+0000] {processor.py:829} INFO - Processing file /home/airflow/.local/lib/python3.11/site-packages/airflow/example_dags/example_nested_branch_dag.py for tasks to queue
[2023-11-02T08:47:42.489+0000] {logging_mixin.py:151} INFO - [2023-11-02T08:47:42.489+0000] {dagbag.py:536} INFO - Filling up the DagBag from /home/airflow/.local/lib/python3.11/site-packages/airflow/example_dags/example_nested_branch_dag.py
[2023-11-02T08:47:42.496+0000] {processor.py:839} INFO - DAG(s) dict_keys(['example_nested_branch_dag']) retrieved from /home/airflow/.local/lib/python3.11/site-packages/airflow/example_dags/example_nested_branch_dag.py
[2023-11-02T08:47:42.511+0000] {logging_mixin.py:151} INFO - [2023-11-02T08:47:42.511+0000] {dag.py:2941} INFO - Sync 1 DAGs
[2023-11-02T08:47:42.525+0000] {logging_mixin.py:151} INFO - [2023-11-02T08:47:42.525+0000] {dag.py:3722} INFO - Setting next_dagrun for example_nested_branch_dag to 2023-11-01T00:00:00+00:00, run_after=2023-11-02T00:00:00+00:00
[2023-11-02T08:47:42.535+0000] {processor.py:179} INFO - Processing /home/airflow/.local/lib/python3.11/site-packages/airflow/example_dags/example_nested_branch_dag.py took 0.051 seconds
[2023-11-02T08:48:12.786+0000] {processor.py:157} INFO - Started process (PID=434) to work on /home/airflow/.local/lib/python3.11/site-packages/airflow/example_dags/example_nested_branch_dag.py
[2023-11-02T08:48:12.787+0000] {processor.py:829} INFO - Processing file /home/airflow/.local/lib/python3.11/site-packages/airflow/example_dags/example_nested_branch_dag.py for tasks to queue
[2023-11-02T08:48:12.788+0000] {logging_mixin.py:151} INFO - [2023-11-02T08:48:12.788+0000] {dagbag.py:536} INFO - Filling up the DagBag from /home/airflow/.local/lib/python3.11/site-packages/airflow/example_dags/example_nested_branch_dag.py
[2023-11-02T08:48:12.796+0000] {processor.py:839} INFO - DAG(s) dict_keys(['example_nested_branch_dag']) retrieved from /home/airflow/.local/lib/python3.11/site-packages/airflow/example_dags/example_nested_branch_dag.py
[2023-11-02T08:48:12.811+0000] {logging_mixin.py:151} INFO - [2023-11-02T08:48:12.810+0000] {dag.py:2941} INFO - Sync 1 DAGs
[2023-11-02T08:48:12.826+0000] {logging_mixin.py:151} INFO - [2023-11-02T08:48:12.826+0000] {dag.py:3722} INFO - Setting next_dagrun for example_nested_branch_dag to 2023-11-01T00:00:00+00:00, run_after=2023-11-02T00:00:00+00:00
[2023-11-02T08:48:12.836+0000] {processor.py:179} INFO - Processing /home/airflow/.local/lib/python3.11/site-packages/airflow/example_dags/example_nested_branch_dag.py took 0.052 seconds
[2023-11-02T08:48:42.929+0000] {processor.py:157} INFO - Started process (PID=489) to work on /home/airflow/.local/lib/python3.11/site-packages/airflow/example_dags/example_nested_branch_dag.py
[2023-11-02T08:48:42.930+0000] {processor.py:829} INFO - Processing file /home/airflow/.local/lib/python3.11/site-packages/airflow/example_dags/example_nested_branch_dag.py for tasks to queue
[2023-11-02T08:48:42.932+0000] {logging_mixin.py:151} INFO - [2023-11-02T08:48:42.932+0000] {dagbag.py:536} INFO - Filling up the DagBag from /home/airflow/.local/lib/python3.11/site-packages/airflow/example_dags/example_nested_branch_dag.py
[2023-11-02T08:48:42.939+0000] {processor.py:839} INFO - DAG(s) dict_keys(['example_nested_branch_dag']) retrieved from /home/airflow/.local/lib/python3.11/site-packages/airflow/example_dags/example_nested_branch_dag.py
[2023-11-02T08:48:42.953+0000] {logging_mixin.py:151} INFO - [2023-11-02T08:48:42.952+0000] {dag.py:2941} INFO - Sync 1 DAGs
[2023-11-02T08:48:42.970+0000] {logging_mixin.py:151} INFO - [2023-11-02T08:48:42.970+0000] {dag.py:3722} INFO - Setting next_dagrun for example_nested_branch_dag to 2023-11-01T00:00:00+00:00, run_after=2023-11-02T00:00:00+00:00
[2023-11-02T08:48:42.980+0000] {processor.py:179} INFO - Processing /home/airflow/.local/lib/python3.11/site-packages/airflow/example_dags/example_nested_branch_dag.py took 0.053 seconds
[2023-11-02T08:49:13.127+0000] {processor.py:157} INFO - Started process (PID=544) to work on /home/airflow/.local/lib/python3.11/site-packages/airflow/example_dags/example_nested_branch_dag.py
[2023-11-02T08:49:13.128+0000] {processor.py:829} INFO - Processing file /home/airflow/.local/lib/python3.11/site-packages/airflow/example_dags/example_nested_branch_dag.py for tasks to queue
[2023-11-02T08:49:13.130+0000] {logging_mixin.py:151} INFO - [2023-11-02T08:49:13.129+0000] {dagbag.py:536} INFO - Filling up the DagBag from /home/airflow/.local/lib/python3.11/site-packages/airflow/example_dags/example_nested_branch_dag.py
[2023-11-02T08:49:13.137+0000] {processor.py:839} INFO - DAG(s) dict_keys(['example_nested_branch_dag']) retrieved from /home/airflow/.local/lib/python3.11/site-packages/airflow/example_dags/example_nested_branch_dag.py
[2023-11-02T08:49:13.151+0000] {logging_mixin.py:151} INFO - [2023-11-02T08:49:13.151+0000] {dag.py:2941} INFO - Sync 1 DAGs
[2023-11-02T08:49:13.166+0000] {logging_mixin.py:151} INFO - [2023-11-02T08:49:13.165+0000] {dag.py:3722} INFO - Setting next_dagrun for example_nested_branch_dag to 2023-11-01T00:00:00+00:00, run_after=2023-11-02T00:00:00+00:00
[2023-11-02T08:49:13.175+0000] {processor.py:179} INFO - Processing /home/airflow/.local/lib/python3.11/site-packages/airflow/example_dags/example_nested_branch_dag.py took 0.051 seconds
[2023-11-02T08:49:43.412+0000] {processor.py:157} INFO - Started process (PID=599) to work on /home/airflow/.local/lib/python3.11/site-packages/airflow/example_dags/example_nested_branch_dag.py
[2023-11-02T08:49:43.413+0000] {processor.py:829} INFO - Processing file /home/airflow/.local/lib/python3.11/site-packages/airflow/example_dags/example_nested_branch_dag.py for tasks to queue
[2023-11-02T08:49:43.415+0000] {logging_mixin.py:151} INFO - [2023-11-02T08:49:43.415+0000] {dagbag.py:536} INFO - Filling up the DagBag from /home/airflow/.local/lib/python3.11/site-packages/airflow/example_dags/example_nested_branch_dag.py
[2023-11-02T08:49:43.431+0000] {processor.py:839} INFO - DAG(s) dict_keys(['example_nested_branch_dag']) retrieved from /home/airflow/.local/lib/python3.11/site-packages/airflow/example_dags/example_nested_branch_dag.py
[2023-11-02T08:49:43.453+0000] {logging_mixin.py:151} INFO - [2023-11-02T08:49:43.453+0000] {dag.py:2941} INFO - Sync 1 DAGs
[2023-11-02T08:49:43.469+0000] {logging_mixin.py:151} INFO - [2023-11-02T08:49:43.469+0000] {dag.py:3722} INFO - Setting next_dagrun for example_nested_branch_dag to 2023-11-01T00:00:00+00:00, run_after=2023-11-02T00:00:00+00:00
[2023-11-02T08:49:43.481+0000] {processor.py:179} INFO - Processing /home/airflow/.local/lib/python3.11/site-packages/airflow/example_dags/example_nested_branch_dag.py took 0.071 seconds
[2023-11-02T08:50:13.628+0000] {processor.py:157} INFO - Started process (PID=654) to work on /home/airflow/.local/lib/python3.11/site-packages/airflow/example_dags/example_nested_branch_dag.py
[2023-11-02T08:50:13.629+0000] {processor.py:829} INFO - Processing file /home/airflow/.local/lib/python3.11/site-packages/airflow/example_dags/example_nested_branch_dag.py for tasks to queue
[2023-11-02T08:50:13.631+0000] {logging_mixin.py:151} INFO - [2023-11-02T08:50:13.631+0000] {dagbag.py:536} INFO - Filling up the DagBag from /home/airflow/.local/lib/python3.11/site-packages/airflow/example_dags/example_nested_branch_dag.py
[2023-11-02T08:50:13.639+0000] {processor.py:839} INFO - DAG(s) dict_keys(['example_nested_branch_dag']) retrieved from /home/airflow/.local/lib/python3.11/site-packages/airflow/example_dags/example_nested_branch_dag.py
[2023-11-02T08:50:13.653+0000] {logging_mixin.py:151} INFO - [2023-11-02T08:50:13.652+0000] {dag.py:2941} INFO - Sync 1 DAGs
[2023-11-02T08:50:13.667+0000] {logging_mixin.py:151} INFO - [2023-11-02T08:50:13.667+0000] {dag.py:3722} INFO - Setting next_dagrun for example_nested_branch_dag to 2023-11-01T00:00:00+00:00, run_after=2023-11-02T00:00:00+00:00
[2023-11-02T08:50:13.677+0000] {processor.py:179} INFO - Processing /home/airflow/.local/lib/python3.11/site-packages/airflow/example_dags/example_nested_branch_dag.py took 0.051 seconds
[2023-11-02T08:50:43.786+0000] {processor.py:157} INFO - Started process (PID=709) to work on /home/airflow/.local/lib/python3.11/site-packages/airflow/example_dags/example_nested_branch_dag.py
[2023-11-02T08:50:43.787+0000] {processor.py:829} INFO - Processing file /home/airflow/.local/lib/python3.11/site-packages/airflow/example_dags/example_nested_branch_dag.py for tasks to queue
[2023-11-02T08:50:43.788+0000] {logging_mixin.py:151} INFO - [2023-11-02T08:50:43.788+0000] {dagbag.py:536} INFO - Filling up the DagBag from /home/airflow/.local/lib/python3.11/site-packages/airflow/example_dags/example_nested_branch_dag.py
[2023-11-02T08:50:43.796+0000] {processor.py:839} INFO - DAG(s) dict_keys(['example_nested_branch_dag']) retrieved from /home/airflow/.local/lib/python3.11/site-packages/airflow/example_dags/example_nested_branch_dag.py
[2023-11-02T08:50:43.811+0000] {logging_mixin.py:151} INFO - [2023-11-02T08:50:43.811+0000] {dag.py:2941} INFO - Sync 1 DAGs
[2023-11-02T08:50:43.826+0000] {logging_mixin.py:151} INFO - [2023-11-02T08:50:43.826+0000] {dag.py:3722} INFO - Setting next_dagrun for example_nested_branch_dag to 2023-11-01T00:00:00+00:00, run_after=2023-11-02T00:00:00+00:00
[2023-11-02T08:50:43.836+0000] {processor.py:179} INFO - Processing /home/airflow/.local/lib/python3.11/site-packages/airflow/example_dags/example_nested_branch_dag.py took 0.053 seconds
[2023-11-02T08:51:14.870+0000] {processor.py:157} INFO - Started process (PID=771) to work on /home/airflow/.local/lib/python3.11/site-packages/airflow/example_dags/example_nested_branch_dag.py
[2023-11-02T08:51:14.871+0000] {processor.py:829} INFO - Processing file /home/airflow/.local/lib/python3.11/site-packages/airflow/example_dags/example_nested_branch_dag.py for tasks to queue
[2023-11-02T08:51:14.873+0000] {logging_mixin.py:151} INFO - [2023-11-02T08:51:14.872+0000] {dagbag.py:536} INFO - Filling up the DagBag from /home/airflow/.local/lib/python3.11/site-packages/airflow/example_dags/example_nested_branch_dag.py
[2023-11-02T08:51:14.882+0000] {processor.py:839} INFO - DAG(s) dict_keys(['example_nested_branch_dag']) retrieved from /home/airflow/.local/lib/python3.11/site-packages/airflow/example_dags/example_nested_branch_dag.py
[2023-11-02T08:51:14.898+0000] {logging_mixin.py:151} INFO - [2023-11-02T08:51:14.898+0000] {dag.py:2941} INFO - Sync 1 DAGs
[2023-11-02T08:51:14.914+0000] {logging_mixin.py:151} INFO - [2023-11-02T08:51:14.914+0000] {dag.py:3722} INFO - Setting next_dagrun for example_nested_branch_dag to 2023-11-01T00:00:00+00:00, run_after=2023-11-02T00:00:00+00:00
[2023-11-02T08:51:14.928+0000] {processor.py:179} INFO - Processing /home/airflow/.local/lib/python3.11/site-packages/airflow/example_dags/example_nested_branch_dag.py took 0.062 seconds
[2023-11-02T08:51:45.072+0000] {processor.py:157} INFO - Started process (PID=826) to work on /home/airflow/.local/lib/python3.11/site-packages/airflow/example_dags/example_nested_branch_dag.py
[2023-11-02T08:51:45.073+0000] {processor.py:829} INFO - Processing file /home/airflow/.local/lib/python3.11/site-packages/airflow/example_dags/example_nested_branch_dag.py for tasks to queue
[2023-11-02T08:51:45.075+0000] {logging_mixin.py:151} INFO - [2023-11-02T08:51:45.074+0000] {dagbag.py:536} INFO - Filling up the DagBag from /home/airflow/.local/lib/python3.11/site-packages/airflow/example_dags/example_nested_branch_dag.py
[2023-11-02T08:51:45.082+0000] {processor.py:839} INFO - DAG(s) dict_keys(['example_nested_branch_dag']) retrieved from /home/airflow/.local/lib/python3.11/site-packages/airflow/example_dags/example_nested_branch_dag.py
[2023-11-02T08:51:45.097+0000] {logging_mixin.py:151} INFO - [2023-11-02T08:51:45.097+0000] {dag.py:2941} INFO - Sync 1 DAGs
[2023-11-02T08:51:45.112+0000] {logging_mixin.py:151} INFO - [2023-11-02T08:51:45.112+0000] {dag.py:3722} INFO - Setting next_dagrun for example_nested_branch_dag to 2023-11-01T00:00:00+00:00, run_after=2023-11-02T00:00:00+00:00
[2023-11-02T08:51:45.121+0000] {processor.py:179} INFO - Processing /home/airflow/.local/lib/python3.11/site-packages/airflow/example_dags/example_nested_branch_dag.py took 0.052 seconds
[2023-11-02T08:52:15.309+0000] {processor.py:157} INFO - Started process (PID=881) to work on /home/airflow/.local/lib/python3.11/site-packages/airflow/example_dags/example_nested_branch_dag.py
[2023-11-02T08:52:15.310+0000] {processor.py:829} INFO - Processing file /home/airflow/.local/lib/python3.11/site-packages/airflow/example_dags/example_nested_branch_dag.py for tasks to queue
[2023-11-02T08:52:15.312+0000] {logging_mixin.py:151} INFO - [2023-11-02T08:52:15.312+0000] {dagbag.py:536} INFO - Filling up the DagBag from /home/airflow/.local/lib/python3.11/site-packages/airflow/example_dags/example_nested_branch_dag.py
[2023-11-02T08:52:15.320+0000] {processor.py:839} INFO - DAG(s) dict_keys(['example_nested_branch_dag']) retrieved from /home/airflow/.local/lib/python3.11/site-packages/airflow/example_dags/example_nested_branch_dag.py
[2023-11-02T08:52:15.337+0000] {logging_mixin.py:151} INFO - [2023-11-02T08:52:15.337+0000] {dag.py:2941} INFO - Sync 1 DAGs
[2023-11-02T08:52:15.355+0000] {logging_mixin.py:151} INFO - [2023-11-02T08:52:15.355+0000] {dag.py:3722} INFO - Setting next_dagrun for example_nested_branch_dag to 2023-11-01T00:00:00+00:00, run_after=2023-11-02T00:00:00+00:00
[2023-11-02T08:52:15.368+0000] {processor.py:179} INFO - Processing /home/airflow/.local/lib/python3.11/site-packages/airflow/example_dags/example_nested_branch_dag.py took 0.061 seconds
[2023-11-02T08:52:45.484+0000] {processor.py:157} INFO - Started process (PID=936) to work on /home/airflow/.local/lib/python3.11/site-packages/airflow/example_dags/example_nested_branch_dag.py
[2023-11-02T08:52:45.484+0000] {processor.py:829} INFO - Processing file /home/airflow/.local/lib/python3.11/site-packages/airflow/example_dags/example_nested_branch_dag.py for tasks to queue
[2023-11-02T08:52:45.486+0000] {logging_mixin.py:151} INFO - [2023-11-02T08:52:45.486+0000] {dagbag.py:536} INFO - Filling up the DagBag from /home/airflow/.local/lib/python3.11/site-packages/airflow/example_dags/example_nested_branch_dag.py
[2023-11-02T08:52:45.494+0000] {processor.py:839} INFO - DAG(s) dict_keys(['example_nested_branch_dag']) retrieved from /home/airflow/.local/lib/python3.11/site-packages/airflow/example_dags/example_nested_branch_dag.py
[2023-11-02T08:52:45.509+0000] {logging_mixin.py:151} INFO - [2023-11-02T08:52:45.508+0000] {dag.py:2941} INFO - Sync 1 DAGs
[2023-11-02T08:52:45.523+0000] {logging_mixin.py:151} INFO - [2023-11-02T08:52:45.523+0000] {dag.py:3722} INFO - Setting next_dagrun for example_nested_branch_dag to 2023-11-01T00:00:00+00:00, run_after=2023-11-02T00:00:00+00:00
[2023-11-02T08:52:45.533+0000] {processor.py:179} INFO - Processing /home/airflow/.local/lib/python3.11/site-packages/airflow/example_dags/example_nested_branch_dag.py took 0.051 seconds
[2023-11-02T08:53:15.929+0000] {processor.py:157} INFO - Started process (PID=991) to work on /home/airflow/.local/lib/python3.11/site-packages/airflow/example_dags/example_nested_branch_dag.py
[2023-11-02T08:53:15.930+0000] {processor.py:829} INFO - Processing file /home/airflow/.local/lib/python3.11/site-packages/airflow/example_dags/example_nested_branch_dag.py for tasks to queue
[2023-11-02T08:53:15.931+0000] {logging_mixin.py:151} INFO - [2023-11-02T08:53:15.931+0000] {dagbag.py:536} INFO - Filling up the DagBag from /home/airflow/.local/lib/python3.11/site-packages/airflow/example_dags/example_nested_branch_dag.py
[2023-11-02T08:53:15.939+0000] {processor.py:839} INFO - DAG(s) dict_keys(['example_nested_branch_dag']) retrieved from /home/airflow/.local/lib/python3.11/site-packages/airflow/example_dags/example_nested_branch_dag.py
[2023-11-02T08:53:15.953+0000] {logging_mixin.py:151} INFO - [2023-11-02T08:53:15.953+0000] {dag.py:2941} INFO - Sync 1 DAGs
[2023-11-02T08:53:15.967+0000] {logging_mixin.py:151} INFO - [2023-11-02T08:53:15.967+0000] {dag.py:3722} INFO - Setting next_dagrun for example_nested_branch_dag to 2023-11-01T00:00:00+00:00, run_after=2023-11-02T00:00:00+00:00
[2023-11-02T08:53:15.977+0000] {processor.py:179} INFO - Processing /home/airflow/.local/lib/python3.11/site-packages/airflow/example_dags/example_nested_branch_dag.py took 0.050 seconds
[2023-11-02T08:53:46.160+0000] {processor.py:157} INFO - Started process (PID=1046) to work on /home/airflow/.local/lib/python3.11/site-packages/airflow/example_dags/example_nested_branch_dag.py
[2023-11-02T08:53:46.160+0000] {processor.py:829} INFO - Processing file /home/airflow/.local/lib/python3.11/site-packages/airflow/example_dags/example_nested_branch_dag.py for tasks to queue
[2023-11-02T08:53:46.162+0000] {logging_mixin.py:151} INFO - [2023-11-02T08:53:46.161+0000] {dagbag.py:536} INFO - Filling up the DagBag from /home/airflow/.local/lib/python3.11/site-packages/airflow/example_dags/example_nested_branch_dag.py
[2023-11-02T08:53:46.169+0000] {processor.py:839} INFO - DAG(s) dict_keys(['example_nested_branch_dag']) retrieved from /home/airflow/.local/lib/python3.11/site-packages/airflow/example_dags/example_nested_branch_dag.py
[2023-11-02T08:53:46.183+0000] {logging_mixin.py:151} INFO - [2023-11-02T08:53:46.182+0000] {dag.py:2941} INFO - Sync 1 DAGs
[2023-11-02T08:53:46.197+0000] {logging_mixin.py:151} INFO - [2023-11-02T08:53:46.197+0000] {dag.py:3722} INFO - Setting next_dagrun for example_nested_branch_dag to 2023-11-01T00:00:00+00:00, run_after=2023-11-02T00:00:00+00:00
[2023-11-02T08:53:46.207+0000] {processor.py:179} INFO - Processing /home/airflow/.local/lib/python3.11/site-packages/airflow/example_dags/example_nested_branch_dag.py took 0.050 seconds
[2023-11-02T08:54:16.817+0000] {processor.py:157} INFO - Started process (PID=1101) to work on /home/airflow/.local/lib/python3.11/site-packages/airflow/example_dags/example_nested_branch_dag.py
[2023-11-02T08:54:16.817+0000] {processor.py:829} INFO - Processing file /home/airflow/.local/lib/python3.11/site-packages/airflow/example_dags/example_nested_branch_dag.py for tasks to queue
[2023-11-02T08:54:16.819+0000] {logging_mixin.py:151} INFO - [2023-11-02T08:54:16.819+0000] {dagbag.py:536} INFO - Filling up the DagBag from /home/airflow/.local/lib/python3.11/site-packages/airflow/example_dags/example_nested_branch_dag.py
[2023-11-02T08:54:16.827+0000] {processor.py:839} INFO - DAG(s) dict_keys(['example_nested_branch_dag']) retrieved from /home/airflow/.local/lib/python3.11/site-packages/airflow/example_dags/example_nested_branch_dag.py
[2023-11-02T08:54:16.842+0000] {logging_mixin.py:151} INFO - [2023-11-02T08:54:16.842+0000] {dag.py:2941} INFO - Sync 1 DAGs
[2023-11-02T08:54:16.858+0000] {logging_mixin.py:151} INFO - [2023-11-02T08:54:16.858+0000] {dag.py:3722} INFO - Setting next_dagrun for example_nested_branch_dag to 2023-11-01T00:00:00+00:00, run_after=2023-11-02T00:00:00+00:00
[2023-11-02T08:54:16.868+0000] {processor.py:179} INFO - Processing /home/airflow/.local/lib/python3.11/site-packages/airflow/example_dags/example_nested_branch_dag.py took 0.054 seconds
[2023-11-02T08:54:47.015+0000] {processor.py:157} INFO - Started process (PID=1156) to work on /home/airflow/.local/lib/python3.11/site-packages/airflow/example_dags/example_nested_branch_dag.py
[2023-11-02T08:54:47.016+0000] {processor.py:829} INFO - Processing file /home/airflow/.local/lib/python3.11/site-packages/airflow/example_dags/example_nested_branch_dag.py for tasks to queue
[2023-11-02T08:54:47.018+0000] {logging_mixin.py:151} INFO - [2023-11-02T08:54:47.018+0000] {dagbag.py:536} INFO - Filling up the DagBag from /home/airflow/.local/lib/python3.11/site-packages/airflow/example_dags/example_nested_branch_dag.py
[2023-11-02T08:54:47.026+0000] {processor.py:839} INFO - DAG(s) dict_keys(['example_nested_branch_dag']) retrieved from /home/airflow/.local/lib/python3.11/site-packages/airflow/example_dags/example_nested_branch_dag.py
[2023-11-02T08:54:47.044+0000] {logging_mixin.py:151} INFO - [2023-11-02T08:54:47.044+0000] {dag.py:2941} INFO - Sync 1 DAGs
[2023-11-02T08:54:47.062+0000] {logging_mixin.py:151} INFO - [2023-11-02T08:54:47.062+0000] {dag.py:3722} INFO - Setting next_dagrun for example_nested_branch_dag to 2023-11-01T00:00:00+00:00, run_after=2023-11-02T00:00:00+00:00
[2023-11-02T08:54:47.076+0000] {processor.py:179} INFO - Processing /home/airflow/.local/lib/python3.11/site-packages/airflow/example_dags/example_nested_branch_dag.py took 0.064 seconds
