[2023-11-02T08:44:37.028+0000] {processor.py:157} INFO - Started process (PID=45) to work on /home/airflow/.local/lib/python3.11/site-packages/airflow/example_dags/example_kubernetes_executor.py
[2023-11-02T08:44:37.032+0000] {processor.py:829} INFO - Processing file /home/airflow/.local/lib/python3.11/site-packages/airflow/example_dags/example_kubernetes_executor.py for tasks to queue
[2023-11-02T08:44:37.046+0000] {logging_mixin.py:151} INFO - [2023-11-02T08:44:37.045+0000] {dagbag.py:536} INFO - Filling up the DagBag from /home/airflow/.local/lib/python3.11/site-packages/airflow/example_dags/example_kubernetes_executor.py
[2023-11-02T08:44:37.135+0000] {processor.py:839} INFO - DAG(s) dict_keys(['example_kubernetes_executor']) retrieved from /home/airflow/.local/lib/python3.11/site-packages/airflow/example_dags/example_kubernetes_executor.py
[2023-11-02T08:44:38.007+0000] {logging_mixin.py:151} INFO - [2023-11-02T08:44:37.997+0000] {manager.py:499} INFO - Created Permission View: %s
[2023-11-02T08:44:38.033+0000] {logging_mixin.py:151} INFO - [2023-11-02T08:44:38.032+0000] {manager.py:499} INFO - Created Permission View: %s
[2023-11-02T08:44:38.046+0000] {logging_mixin.py:151} INFO - [2023-11-02T08:44:38.045+0000] {manager.py:499} INFO - Created Permission View: %s
[2023-11-02T08:44:38.052+0000] {logging_mixin.py:151} INFO - [2023-11-02T08:44:38.052+0000] {dag.py:2941} INFO - Sync 1 DAGs
[2023-11-02T08:44:38.132+0000] {logging_mixin.py:151} INFO - [2023-11-02T08:44:38.132+0000] {dag.py:2963} INFO - Creating ORM DAG for example_kubernetes_executor
[2023-11-02T08:44:38.147+0000] {logging_mixin.py:151} INFO - [2023-11-02T08:44:38.147+0000] {dag.py:3722} INFO - Setting next_dagrun for example_kubernetes_executor to None, run_after=None
[2023-11-02T08:44:38.262+0000] {processor.py:179} INFO - Processing /home/airflow/.local/lib/python3.11/site-packages/airflow/example_dags/example_kubernetes_executor.py took 1.256 seconds
[2023-11-02T08:45:08.454+0000] {processor.py:157} INFO - Started process (PID=100) to work on /home/airflow/.local/lib/python3.11/site-packages/airflow/example_dags/example_kubernetes_executor.py
[2023-11-02T08:45:08.457+0000] {processor.py:829} INFO - Processing file /home/airflow/.local/lib/python3.11/site-packages/airflow/example_dags/example_kubernetes_executor.py for tasks to queue
[2023-11-02T08:45:08.464+0000] {logging_mixin.py:151} INFO - [2023-11-02T08:45:08.463+0000] {dagbag.py:536} INFO - Filling up the DagBag from /home/airflow/.local/lib/python3.11/site-packages/airflow/example_dags/example_kubernetes_executor.py
[2023-11-02T08:45:08.527+0000] {processor.py:839} INFO - DAG(s) dict_keys(['example_kubernetes_executor']) retrieved from /home/airflow/.local/lib/python3.11/site-packages/airflow/example_dags/example_kubernetes_executor.py
[2023-11-02T08:45:08.645+0000] {logging_mixin.py:151} INFO - [2023-11-02T08:45:08.645+0000] {dag.py:2941} INFO - Sync 1 DAGs
[2023-11-02T08:45:08.685+0000] {logging_mixin.py:151} INFO - [2023-11-02T08:45:08.684+0000] {dag.py:3722} INFO - Setting next_dagrun for example_kubernetes_executor to None, run_after=None
[2023-11-02T08:45:08.729+0000] {processor.py:179} INFO - Processing /home/airflow/.local/lib/python3.11/site-packages/airflow/example_dags/example_kubernetes_executor.py took 0.283 seconds
[2023-11-02T08:45:39.669+0000] {processor.py:157} INFO - Started process (PID=155) to work on /home/airflow/.local/lib/python3.11/site-packages/airflow/example_dags/example_kubernetes_executor.py
[2023-11-02T08:45:39.670+0000] {processor.py:829} INFO - Processing file /home/airflow/.local/lib/python3.11/site-packages/airflow/example_dags/example_kubernetes_executor.py for tasks to queue
[2023-11-02T08:45:39.673+0000] {logging_mixin.py:151} INFO - [2023-11-02T08:45:39.672+0000] {dagbag.py:536} INFO - Filling up the DagBag from /home/airflow/.local/lib/python3.11/site-packages/airflow/example_dags/example_kubernetes_executor.py
[2023-11-02T08:45:39.689+0000] {processor.py:839} INFO - DAG(s) dict_keys(['example_kubernetes_executor']) retrieved from /home/airflow/.local/lib/python3.11/site-packages/airflow/example_dags/example_kubernetes_executor.py
[2023-11-02T08:45:39.725+0000] {logging_mixin.py:151} INFO - [2023-11-02T08:45:39.725+0000] {dag.py:2941} INFO - Sync 1 DAGs
[2023-11-02T08:45:39.739+0000] {logging_mixin.py:151} INFO - [2023-11-02T08:45:39.739+0000] {dag.py:3722} INFO - Setting next_dagrun for example_kubernetes_executor to None, run_after=None
[2023-11-02T08:45:39.755+0000] {processor.py:179} INFO - Processing /home/airflow/.local/lib/python3.11/site-packages/airflow/example_dags/example_kubernetes_executor.py took 0.090 seconds
[2023-11-02T08:46:10.451+0000] {processor.py:157} INFO - Started process (PID=210) to work on /home/airflow/.local/lib/python3.11/site-packages/airflow/example_dags/example_kubernetes_executor.py
[2023-11-02T08:46:10.455+0000] {processor.py:829} INFO - Processing file /home/airflow/.local/lib/python3.11/site-packages/airflow/example_dags/example_kubernetes_executor.py for tasks to queue
[2023-11-02T08:46:10.458+0000] {logging_mixin.py:151} INFO - [2023-11-02T08:46:10.458+0000] {dagbag.py:536} INFO - Filling up the DagBag from /home/airflow/.local/lib/python3.11/site-packages/airflow/example_dags/example_kubernetes_executor.py
[2023-11-02T08:46:10.485+0000] {processor.py:839} INFO - DAG(s) dict_keys(['example_kubernetes_executor']) retrieved from /home/airflow/.local/lib/python3.11/site-packages/airflow/example_dags/example_kubernetes_executor.py
[2023-11-02T08:46:10.534+0000] {logging_mixin.py:151} INFO - [2023-11-02T08:46:10.534+0000] {dag.py:2941} INFO - Sync 1 DAGs
[2023-11-02T08:46:10.545+0000] {logging_mixin.py:151} INFO - [2023-11-02T08:46:10.545+0000] {dag.py:3722} INFO - Setting next_dagrun for example_kubernetes_executor to None, run_after=None
[2023-11-02T08:46:10.560+0000] {processor.py:179} INFO - Processing /home/airflow/.local/lib/python3.11/site-packages/airflow/example_dags/example_kubernetes_executor.py took 0.113 seconds
[2023-11-02T08:46:40.961+0000] {processor.py:157} INFO - Started process (PID=265) to work on /home/airflow/.local/lib/python3.11/site-packages/airflow/example_dags/example_kubernetes_executor.py
[2023-11-02T08:46:40.962+0000] {processor.py:829} INFO - Processing file /home/airflow/.local/lib/python3.11/site-packages/airflow/example_dags/example_kubernetes_executor.py for tasks to queue
[2023-11-02T08:46:40.969+0000] {logging_mixin.py:151} INFO - [2023-11-02T08:46:40.969+0000] {dagbag.py:536} INFO - Filling up the DagBag from /home/airflow/.local/lib/python3.11/site-packages/airflow/example_dags/example_kubernetes_executor.py
[2023-11-02T08:46:40.982+0000] {processor.py:839} INFO - DAG(s) dict_keys(['example_kubernetes_executor']) retrieved from /home/airflow/.local/lib/python3.11/site-packages/airflow/example_dags/example_kubernetes_executor.py
[2023-11-02T08:46:41.011+0000] {logging_mixin.py:151} INFO - [2023-11-02T08:46:41.010+0000] {dag.py:2941} INFO - Sync 1 DAGs
[2023-11-02T08:46:41.020+0000] {logging_mixin.py:151} INFO - [2023-11-02T08:46:41.020+0000] {dag.py:3722} INFO - Setting next_dagrun for example_kubernetes_executor to None, run_after=None
[2023-11-02T08:46:41.031+0000] {processor.py:179} INFO - Processing /home/airflow/.local/lib/python3.11/site-packages/airflow/example_dags/example_kubernetes_executor.py took 0.074 seconds
[2023-11-02T08:47:11.118+0000] {processor.py:157} INFO - Started process (PID=320) to work on /home/airflow/.local/lib/python3.11/site-packages/airflow/example_dags/example_kubernetes_executor.py
[2023-11-02T08:47:11.119+0000] {processor.py:829} INFO - Processing file /home/airflow/.local/lib/python3.11/site-packages/airflow/example_dags/example_kubernetes_executor.py for tasks to queue
[2023-11-02T08:47:11.122+0000] {logging_mixin.py:151} INFO - [2023-11-02T08:47:11.122+0000] {dagbag.py:536} INFO - Filling up the DagBag from /home/airflow/.local/lib/python3.11/site-packages/airflow/example_dags/example_kubernetes_executor.py
[2023-11-02T08:47:11.138+0000] {processor.py:839} INFO - DAG(s) dict_keys(['example_kubernetes_executor']) retrieved from /home/airflow/.local/lib/python3.11/site-packages/airflow/example_dags/example_kubernetes_executor.py
[2023-11-02T08:47:11.173+0000] {logging_mixin.py:151} INFO - [2023-11-02T08:47:11.172+0000] {dag.py:2941} INFO - Sync 1 DAGs
[2023-11-02T08:47:11.198+0000] {logging_mixin.py:151} INFO - [2023-11-02T08:47:11.197+0000] {dag.py:3722} INFO - Setting next_dagrun for example_kubernetes_executor to None, run_after=None
[2023-11-02T08:47:11.212+0000] {processor.py:179} INFO - Processing /home/airflow/.local/lib/python3.11/site-packages/airflow/example_dags/example_kubernetes_executor.py took 0.097 seconds
[2023-11-02T08:47:41.272+0000] {processor.py:157} INFO - Started process (PID=375) to work on /home/airflow/.local/lib/python3.11/site-packages/airflow/example_dags/example_kubernetes_executor.py
[2023-11-02T08:47:41.273+0000] {processor.py:829} INFO - Processing file /home/airflow/.local/lib/python3.11/site-packages/airflow/example_dags/example_kubernetes_executor.py for tasks to queue
[2023-11-02T08:47:41.275+0000] {logging_mixin.py:151} INFO - [2023-11-02T08:47:41.275+0000] {dagbag.py:536} INFO - Filling up the DagBag from /home/airflow/.local/lib/python3.11/site-packages/airflow/example_dags/example_kubernetes_executor.py
[2023-11-02T08:47:41.289+0000] {processor.py:839} INFO - DAG(s) dict_keys(['example_kubernetes_executor']) retrieved from /home/airflow/.local/lib/python3.11/site-packages/airflow/example_dags/example_kubernetes_executor.py
[2023-11-02T08:47:41.328+0000] {logging_mixin.py:151} INFO - [2023-11-02T08:47:41.328+0000] {dag.py:2941} INFO - Sync 1 DAGs
[2023-11-02T08:47:41.341+0000] {logging_mixin.py:151} INFO - [2023-11-02T08:47:41.341+0000] {dag.py:3722} INFO - Setting next_dagrun for example_kubernetes_executor to None, run_after=None
[2023-11-02T08:47:41.354+0000] {processor.py:179} INFO - Processing /home/airflow/.local/lib/python3.11/site-packages/airflow/example_dags/example_kubernetes_executor.py took 0.086 seconds
[2023-11-02T08:48:11.599+0000] {processor.py:157} INFO - Started process (PID=430) to work on /home/airflow/.local/lib/python3.11/site-packages/airflow/example_dags/example_kubernetes_executor.py
[2023-11-02T08:48:11.600+0000] {processor.py:829} INFO - Processing file /home/airflow/.local/lib/python3.11/site-packages/airflow/example_dags/example_kubernetes_executor.py for tasks to queue
[2023-11-02T08:48:11.603+0000] {logging_mixin.py:151} INFO - [2023-11-02T08:48:11.603+0000] {dagbag.py:536} INFO - Filling up the DagBag from /home/airflow/.local/lib/python3.11/site-packages/airflow/example_dags/example_kubernetes_executor.py
[2023-11-02T08:48:11.618+0000] {processor.py:839} INFO - DAG(s) dict_keys(['example_kubernetes_executor']) retrieved from /home/airflow/.local/lib/python3.11/site-packages/airflow/example_dags/example_kubernetes_executor.py
[2023-11-02T08:48:11.646+0000] {logging_mixin.py:151} INFO - [2023-11-02T08:48:11.646+0000] {dag.py:2941} INFO - Sync 1 DAGs
[2023-11-02T08:48:11.655+0000] {logging_mixin.py:151} INFO - [2023-11-02T08:48:11.654+0000] {dag.py:3722} INFO - Setting next_dagrun for example_kubernetes_executor to None, run_after=None
[2023-11-02T08:48:11.666+0000] {processor.py:179} INFO - Processing /home/airflow/.local/lib/python3.11/site-packages/airflow/example_dags/example_kubernetes_executor.py took 0.071 seconds
[2023-11-02T08:48:41.728+0000] {processor.py:157} INFO - Started process (PID=485) to work on /home/airflow/.local/lib/python3.11/site-packages/airflow/example_dags/example_kubernetes_executor.py
[2023-11-02T08:48:41.733+0000] {processor.py:829} INFO - Processing file /home/airflow/.local/lib/python3.11/site-packages/airflow/example_dags/example_kubernetes_executor.py for tasks to queue
[2023-11-02T08:48:41.736+0000] {logging_mixin.py:151} INFO - [2023-11-02T08:48:41.735+0000] {dagbag.py:536} INFO - Filling up the DagBag from /home/airflow/.local/lib/python3.11/site-packages/airflow/example_dags/example_kubernetes_executor.py
[2023-11-02T08:48:41.748+0000] {processor.py:839} INFO - DAG(s) dict_keys(['example_kubernetes_executor']) retrieved from /home/airflow/.local/lib/python3.11/site-packages/airflow/example_dags/example_kubernetes_executor.py
[2023-11-02T08:48:41.782+0000] {logging_mixin.py:151} INFO - [2023-11-02T08:48:41.781+0000] {dag.py:2941} INFO - Sync 1 DAGs
[2023-11-02T08:48:41.793+0000] {logging_mixin.py:151} INFO - [2023-11-02T08:48:41.793+0000] {dag.py:3722} INFO - Setting next_dagrun for example_kubernetes_executor to None, run_after=None
[2023-11-02T08:48:41.808+0000] {processor.py:179} INFO - Processing /home/airflow/.local/lib/python3.11/site-packages/airflow/example_dags/example_kubernetes_executor.py took 0.083 seconds
[2023-11-02T08:49:11.920+0000] {processor.py:157} INFO - Started process (PID=540) to work on /home/airflow/.local/lib/python3.11/site-packages/airflow/example_dags/example_kubernetes_executor.py
[2023-11-02T08:49:11.921+0000] {processor.py:829} INFO - Processing file /home/airflow/.local/lib/python3.11/site-packages/airflow/example_dags/example_kubernetes_executor.py for tasks to queue
[2023-11-02T08:49:11.925+0000] {logging_mixin.py:151} INFO - [2023-11-02T08:49:11.924+0000] {dagbag.py:536} INFO - Filling up the DagBag from /home/airflow/.local/lib/python3.11/site-packages/airflow/example_dags/example_kubernetes_executor.py
[2023-11-02T08:49:11.944+0000] {processor.py:839} INFO - DAG(s) dict_keys(['example_kubernetes_executor']) retrieved from /home/airflow/.local/lib/python3.11/site-packages/airflow/example_dags/example_kubernetes_executor.py
[2023-11-02T08:49:11.980+0000] {logging_mixin.py:151} INFO - [2023-11-02T08:49:11.980+0000] {dag.py:2941} INFO - Sync 1 DAGs
[2023-11-02T08:49:11.992+0000] {logging_mixin.py:151} INFO - [2023-11-02T08:49:11.992+0000] {dag.py:3722} INFO - Setting next_dagrun for example_kubernetes_executor to None, run_after=None
[2023-11-02T08:49:12.004+0000] {processor.py:179} INFO - Processing /home/airflow/.local/lib/python3.11/site-packages/airflow/example_dags/example_kubernetes_executor.py took 0.090 seconds
[2023-11-02T08:49:42.188+0000] {processor.py:157} INFO - Started process (PID=595) to work on /home/airflow/.local/lib/python3.11/site-packages/airflow/example_dags/example_kubernetes_executor.py
[2023-11-02T08:49:42.190+0000] {processor.py:829} INFO - Processing file /home/airflow/.local/lib/python3.11/site-packages/airflow/example_dags/example_kubernetes_executor.py for tasks to queue
[2023-11-02T08:49:42.193+0000] {logging_mixin.py:151} INFO - [2023-11-02T08:49:42.193+0000] {dagbag.py:536} INFO - Filling up the DagBag from /home/airflow/.local/lib/python3.11/site-packages/airflow/example_dags/example_kubernetes_executor.py
[2023-11-02T08:49:42.209+0000] {processor.py:839} INFO - DAG(s) dict_keys(['example_kubernetes_executor']) retrieved from /home/airflow/.local/lib/python3.11/site-packages/airflow/example_dags/example_kubernetes_executor.py
[2023-11-02T08:49:42.241+0000] {logging_mixin.py:151} INFO - [2023-11-02T08:49:42.241+0000] {dag.py:2941} INFO - Sync 1 DAGs
[2023-11-02T08:49:42.253+0000] {logging_mixin.py:151} INFO - [2023-11-02T08:49:42.253+0000] {dag.py:3722} INFO - Setting next_dagrun for example_kubernetes_executor to None, run_after=None
[2023-11-02T08:49:42.270+0000] {processor.py:179} INFO - Processing /home/airflow/.local/lib/python3.11/site-packages/airflow/example_dags/example_kubernetes_executor.py took 0.087 seconds
[2023-11-02T08:50:12.414+0000] {processor.py:157} INFO - Started process (PID=650) to work on /home/airflow/.local/lib/python3.11/site-packages/airflow/example_dags/example_kubernetes_executor.py
[2023-11-02T08:50:12.419+0000] {processor.py:829} INFO - Processing file /home/airflow/.local/lib/python3.11/site-packages/airflow/example_dags/example_kubernetes_executor.py for tasks to queue
[2023-11-02T08:50:12.421+0000] {logging_mixin.py:151} INFO - [2023-11-02T08:50:12.421+0000] {dagbag.py:536} INFO - Filling up the DagBag from /home/airflow/.local/lib/python3.11/site-packages/airflow/example_dags/example_kubernetes_executor.py
[2023-11-02T08:50:12.433+0000] {processor.py:839} INFO - DAG(s) dict_keys(['example_kubernetes_executor']) retrieved from /home/airflow/.local/lib/python3.11/site-packages/airflow/example_dags/example_kubernetes_executor.py
[2023-11-02T08:50:12.459+0000] {logging_mixin.py:151} INFO - [2023-11-02T08:50:12.459+0000] {dag.py:2941} INFO - Sync 1 DAGs
[2023-11-02T08:50:12.468+0000] {logging_mixin.py:151} INFO - [2023-11-02T08:50:12.468+0000] {dag.py:3722} INFO - Setting next_dagrun for example_kubernetes_executor to None, run_after=None
[2023-11-02T08:50:12.485+0000] {processor.py:179} INFO - Processing /home/airflow/.local/lib/python3.11/site-packages/airflow/example_dags/example_kubernetes_executor.py took 0.075 seconds
[2023-11-02T08:50:42.587+0000] {processor.py:157} INFO - Started process (PID=705) to work on /home/airflow/.local/lib/python3.11/site-packages/airflow/example_dags/example_kubernetes_executor.py
[2023-11-02T08:50:42.593+0000] {processor.py:829} INFO - Processing file /home/airflow/.local/lib/python3.11/site-packages/airflow/example_dags/example_kubernetes_executor.py for tasks to queue
[2023-11-02T08:50:42.595+0000] {logging_mixin.py:151} INFO - [2023-11-02T08:50:42.595+0000] {dagbag.py:536} INFO - Filling up the DagBag from /home/airflow/.local/lib/python3.11/site-packages/airflow/example_dags/example_kubernetes_executor.py
[2023-11-02T08:50:42.608+0000] {processor.py:839} INFO - DAG(s) dict_keys(['example_kubernetes_executor']) retrieved from /home/airflow/.local/lib/python3.11/site-packages/airflow/example_dags/example_kubernetes_executor.py
[2023-11-02T08:50:42.641+0000] {logging_mixin.py:151} INFO - [2023-11-02T08:50:42.641+0000] {dag.py:2941} INFO - Sync 1 DAGs
[2023-11-02T08:50:42.652+0000] {logging_mixin.py:151} INFO - [2023-11-02T08:50:42.652+0000] {dag.py:3722} INFO - Setting next_dagrun for example_kubernetes_executor to None, run_after=None
[2023-11-02T08:50:42.670+0000] {processor.py:179} INFO - Processing /home/airflow/.local/lib/python3.11/site-packages/airflow/example_dags/example_kubernetes_executor.py took 0.086 seconds
[2023-11-02T08:51:13.610+0000] {processor.py:157} INFO - Started process (PID=760) to work on /home/airflow/.local/lib/python3.11/site-packages/airflow/example_dags/example_kubernetes_executor.py
[2023-11-02T08:51:13.613+0000] {processor.py:829} INFO - Processing file /home/airflow/.local/lib/python3.11/site-packages/airflow/example_dags/example_kubernetes_executor.py for tasks to queue
[2023-11-02T08:51:13.621+0000] {logging_mixin.py:151} INFO - [2023-11-02T08:51:13.620+0000] {dagbag.py:536} INFO - Filling up the DagBag from /home/airflow/.local/lib/python3.11/site-packages/airflow/example_dags/example_kubernetes_executor.py
[2023-11-02T08:51:13.636+0000] {processor.py:839} INFO - DAG(s) dict_keys(['example_kubernetes_executor']) retrieved from /home/airflow/.local/lib/python3.11/site-packages/airflow/example_dags/example_kubernetes_executor.py
[2023-11-02T08:51:13.671+0000] {logging_mixin.py:151} INFO - [2023-11-02T08:51:13.670+0000] {dag.py:2941} INFO - Sync 1 DAGs
[2023-11-02T08:51:13.682+0000] {logging_mixin.py:151} INFO - [2023-11-02T08:51:13.682+0000] {dag.py:3722} INFO - Setting next_dagrun for example_kubernetes_executor to None, run_after=None
[2023-11-02T08:51:13.698+0000] {processor.py:179} INFO - Processing /home/airflow/.local/lib/python3.11/site-packages/airflow/example_dags/example_kubernetes_executor.py took 0.093 seconds
[2023-11-02T08:51:43.848+0000] {processor.py:157} INFO - Started process (PID=815) to work on /home/airflow/.local/lib/python3.11/site-packages/airflow/example_dags/example_kubernetes_executor.py
[2023-11-02T08:51:43.850+0000] {processor.py:829} INFO - Processing file /home/airflow/.local/lib/python3.11/site-packages/airflow/example_dags/example_kubernetes_executor.py for tasks to queue
[2023-11-02T08:51:43.854+0000] {logging_mixin.py:151} INFO - [2023-11-02T08:51:43.854+0000] {dagbag.py:536} INFO - Filling up the DagBag from /home/airflow/.local/lib/python3.11/site-packages/airflow/example_dags/example_kubernetes_executor.py
[2023-11-02T08:51:43.866+0000] {processor.py:839} INFO - DAG(s) dict_keys(['example_kubernetes_executor']) retrieved from /home/airflow/.local/lib/python3.11/site-packages/airflow/example_dags/example_kubernetes_executor.py
[2023-11-02T08:51:43.909+0000] {logging_mixin.py:151} INFO - [2023-11-02T08:51:43.909+0000] {dag.py:2941} INFO - Sync 1 DAGs
[2023-11-02T08:51:43.929+0000] {logging_mixin.py:151} INFO - [2023-11-02T08:51:43.929+0000] {dag.py:3722} INFO - Setting next_dagrun for example_kubernetes_executor to None, run_after=None
[2023-11-02T08:51:43.951+0000] {processor.py:179} INFO - Processing /home/airflow/.local/lib/python3.11/site-packages/airflow/example_dags/example_kubernetes_executor.py took 0.106 seconds
[2023-11-02T08:52:14.100+0000] {processor.py:157} INFO - Started process (PID=870) to work on /home/airflow/.local/lib/python3.11/site-packages/airflow/example_dags/example_kubernetes_executor.py
[2023-11-02T08:52:14.102+0000] {processor.py:829} INFO - Processing file /home/airflow/.local/lib/python3.11/site-packages/airflow/example_dags/example_kubernetes_executor.py for tasks to queue
[2023-11-02T08:52:14.105+0000] {logging_mixin.py:151} INFO - [2023-11-02T08:52:14.105+0000] {dagbag.py:536} INFO - Filling up the DagBag from /home/airflow/.local/lib/python3.11/site-packages/airflow/example_dags/example_kubernetes_executor.py
[2023-11-02T08:52:14.121+0000] {processor.py:839} INFO - DAG(s) dict_keys(['example_kubernetes_executor']) retrieved from /home/airflow/.local/lib/python3.11/site-packages/airflow/example_dags/example_kubernetes_executor.py
[2023-11-02T08:52:14.153+0000] {logging_mixin.py:151} INFO - [2023-11-02T08:52:14.153+0000] {dag.py:2941} INFO - Sync 1 DAGs
[2023-11-02T08:52:14.163+0000] {logging_mixin.py:151} INFO - [2023-11-02T08:52:14.163+0000] {dag.py:3722} INFO - Setting next_dagrun for example_kubernetes_executor to None, run_after=None
[2023-11-02T08:52:14.176+0000] {processor.py:179} INFO - Processing /home/airflow/.local/lib/python3.11/site-packages/airflow/example_dags/example_kubernetes_executor.py took 0.080 seconds
[2023-11-02T08:52:44.288+0000] {processor.py:157} INFO - Started process (PID=925) to work on /home/airflow/.local/lib/python3.11/site-packages/airflow/example_dags/example_kubernetes_executor.py
[2023-11-02T08:52:44.290+0000] {processor.py:829} INFO - Processing file /home/airflow/.local/lib/python3.11/site-packages/airflow/example_dags/example_kubernetes_executor.py for tasks to queue
[2023-11-02T08:52:44.293+0000] {logging_mixin.py:151} INFO - [2023-11-02T08:52:44.293+0000] {dagbag.py:536} INFO - Filling up the DagBag from /home/airflow/.local/lib/python3.11/site-packages/airflow/example_dags/example_kubernetes_executor.py
[2023-11-02T08:52:44.310+0000] {processor.py:839} INFO - DAG(s) dict_keys(['example_kubernetes_executor']) retrieved from /home/airflow/.local/lib/python3.11/site-packages/airflow/example_dags/example_kubernetes_executor.py
[2023-11-02T08:52:44.341+0000] {logging_mixin.py:151} INFO - [2023-11-02T08:52:44.341+0000] {dag.py:2941} INFO - Sync 1 DAGs
[2023-11-02T08:52:44.351+0000] {logging_mixin.py:151} INFO - [2023-11-02T08:52:44.351+0000] {dag.py:3722} INFO - Setting next_dagrun for example_kubernetes_executor to None, run_after=None
[2023-11-02T08:52:44.366+0000] {processor.py:179} INFO - Processing /home/airflow/.local/lib/python3.11/site-packages/airflow/example_dags/example_kubernetes_executor.py took 0.083 seconds
[2023-11-02T08:53:14.722+0000] {processor.py:157} INFO - Started process (PID=980) to work on /home/airflow/.local/lib/python3.11/site-packages/airflow/example_dags/example_kubernetes_executor.py
[2023-11-02T08:53:14.723+0000] {processor.py:829} INFO - Processing file /home/airflow/.local/lib/python3.11/site-packages/airflow/example_dags/example_kubernetes_executor.py for tasks to queue
[2023-11-02T08:53:14.726+0000] {logging_mixin.py:151} INFO - [2023-11-02T08:53:14.726+0000] {dagbag.py:536} INFO - Filling up the DagBag from /home/airflow/.local/lib/python3.11/site-packages/airflow/example_dags/example_kubernetes_executor.py
[2023-11-02T08:53:14.743+0000] {processor.py:839} INFO - DAG(s) dict_keys(['example_kubernetes_executor']) retrieved from /home/airflow/.local/lib/python3.11/site-packages/airflow/example_dags/example_kubernetes_executor.py
[2023-11-02T08:53:14.779+0000] {logging_mixin.py:151} INFO - [2023-11-02T08:53:14.779+0000] {dag.py:2941} INFO - Sync 1 DAGs
[2023-11-02T08:53:14.789+0000] {logging_mixin.py:151} INFO - [2023-11-02T08:53:14.789+0000] {dag.py:3722} INFO - Setting next_dagrun for example_kubernetes_executor to None, run_after=None
[2023-11-02T08:53:14.802+0000] {processor.py:179} INFO - Processing /home/airflow/.local/lib/python3.11/site-packages/airflow/example_dags/example_kubernetes_executor.py took 0.085 seconds
[2023-11-02T08:53:44.977+0000] {processor.py:157} INFO - Started process (PID=1042) to work on /home/airflow/.local/lib/python3.11/site-packages/airflow/example_dags/example_kubernetes_executor.py
[2023-11-02T08:53:44.979+0000] {processor.py:829} INFO - Processing file /home/airflow/.local/lib/python3.11/site-packages/airflow/example_dags/example_kubernetes_executor.py for tasks to queue
[2023-11-02T08:53:44.982+0000] {logging_mixin.py:151} INFO - [2023-11-02T08:53:44.981+0000] {dagbag.py:536} INFO - Filling up the DagBag from /home/airflow/.local/lib/python3.11/site-packages/airflow/example_dags/example_kubernetes_executor.py
[2023-11-02T08:53:44.994+0000] {processor.py:839} INFO - DAG(s) dict_keys(['example_kubernetes_executor']) retrieved from /home/airflow/.local/lib/python3.11/site-packages/airflow/example_dags/example_kubernetes_executor.py
[2023-11-02T08:53:45.023+0000] {logging_mixin.py:151} INFO - [2023-11-02T08:53:45.023+0000] {dag.py:2941} INFO - Sync 1 DAGs
[2023-11-02T08:53:45.033+0000] {logging_mixin.py:151} INFO - [2023-11-02T08:53:45.033+0000] {dag.py:3722} INFO - Setting next_dagrun for example_kubernetes_executor to None, run_after=None
[2023-11-02T08:53:45.048+0000] {processor.py:179} INFO - Processing /home/airflow/.local/lib/python3.11/site-packages/airflow/example_dags/example_kubernetes_executor.py took 0.074 seconds
[2023-11-02T08:54:15.662+0000] {processor.py:157} INFO - Started process (PID=1097) to work on /home/airflow/.local/lib/python3.11/site-packages/airflow/example_dags/example_kubernetes_executor.py
[2023-11-02T08:54:15.663+0000] {processor.py:829} INFO - Processing file /home/airflow/.local/lib/python3.11/site-packages/airflow/example_dags/example_kubernetes_executor.py for tasks to queue
[2023-11-02T08:54:15.666+0000] {logging_mixin.py:151} INFO - [2023-11-02T08:54:15.665+0000] {dagbag.py:536} INFO - Filling up the DagBag from /home/airflow/.local/lib/python3.11/site-packages/airflow/example_dags/example_kubernetes_executor.py
[2023-11-02T08:54:15.679+0000] {processor.py:839} INFO - DAG(s) dict_keys(['example_kubernetes_executor']) retrieved from /home/airflow/.local/lib/python3.11/site-packages/airflow/example_dags/example_kubernetes_executor.py
[2023-11-02T08:54:15.708+0000] {logging_mixin.py:151} INFO - [2023-11-02T08:54:15.708+0000] {dag.py:2941} INFO - Sync 1 DAGs
[2023-11-02T08:54:15.717+0000] {logging_mixin.py:151} INFO - [2023-11-02T08:54:15.716+0000] {dag.py:3722} INFO - Setting next_dagrun for example_kubernetes_executor to None, run_after=None
[2023-11-02T08:54:15.729+0000] {processor.py:179} INFO - Processing /home/airflow/.local/lib/python3.11/site-packages/airflow/example_dags/example_kubernetes_executor.py took 0.072 seconds
[2023-11-02T08:54:45.822+0000] {processor.py:157} INFO - Started process (PID=1152) to work on /home/airflow/.local/lib/python3.11/site-packages/airflow/example_dags/example_kubernetes_executor.py
[2023-11-02T08:54:45.823+0000] {processor.py:829} INFO - Processing file /home/airflow/.local/lib/python3.11/site-packages/airflow/example_dags/example_kubernetes_executor.py for tasks to queue
[2023-11-02T08:54:45.826+0000] {logging_mixin.py:151} INFO - [2023-11-02T08:54:45.826+0000] {dagbag.py:536} INFO - Filling up the DagBag from /home/airflow/.local/lib/python3.11/site-packages/airflow/example_dags/example_kubernetes_executor.py
[2023-11-02T08:54:45.841+0000] {processor.py:839} INFO - DAG(s) dict_keys(['example_kubernetes_executor']) retrieved from /home/airflow/.local/lib/python3.11/site-packages/airflow/example_dags/example_kubernetes_executor.py
[2023-11-02T08:54:45.869+0000] {logging_mixin.py:151} INFO - [2023-11-02T08:54:45.869+0000] {dag.py:2941} INFO - Sync 1 DAGs
[2023-11-02T08:54:45.878+0000] {logging_mixin.py:151} INFO - [2023-11-02T08:54:45.878+0000] {dag.py:3722} INFO - Setting next_dagrun for example_kubernetes_executor to None, run_after=None
[2023-11-02T08:54:45.892+0000] {processor.py:179} INFO - Processing /home/airflow/.local/lib/python3.11/site-packages/airflow/example_dags/example_kubernetes_executor.py took 0.076 seconds
[2023-11-02T08:55:16.009+0000] {processor.py:157} INFO - Started process (PID=1207) to work on /home/airflow/.local/lib/python3.11/site-packages/airflow/example_dags/example_kubernetes_executor.py
[2023-11-02T08:55:16.010+0000] {processor.py:829} INFO - Processing file /home/airflow/.local/lib/python3.11/site-packages/airflow/example_dags/example_kubernetes_executor.py for tasks to queue
[2023-11-02T08:55:16.013+0000] {logging_mixin.py:151} INFO - [2023-11-02T08:55:16.013+0000] {dagbag.py:536} INFO - Filling up the DagBag from /home/airflow/.local/lib/python3.11/site-packages/airflow/example_dags/example_kubernetes_executor.py
[2023-11-02T08:55:16.035+0000] {processor.py:839} INFO - DAG(s) dict_keys(['example_kubernetes_executor']) retrieved from /home/airflow/.local/lib/python3.11/site-packages/airflow/example_dags/example_kubernetes_executor.py
[2023-11-02T08:55:16.138+0000] {logging_mixin.py:151} INFO - [2023-11-02T08:55:16.138+0000] {dag.py:2941} INFO - Sync 1 DAGs
[2023-11-02T08:55:16.154+0000] {logging_mixin.py:151} INFO - [2023-11-02T08:55:16.154+0000] {dag.py:3722} INFO - Setting next_dagrun for example_kubernetes_executor to None, run_after=None
[2023-11-02T08:55:16.176+0000] {processor.py:179} INFO - Processing /home/airflow/.local/lib/python3.11/site-packages/airflow/example_dags/example_kubernetes_executor.py took 0.171 seconds
[2023-11-02T08:55:46.712+0000] {processor.py:157} INFO - Started process (PID=1260) to work on /home/airflow/.local/lib/python3.11/site-packages/airflow/example_dags/example_kubernetes_executor.py
[2023-11-02T08:55:46.712+0000] {processor.py:829} INFO - Processing file /home/airflow/.local/lib/python3.11/site-packages/airflow/example_dags/example_kubernetes_executor.py for tasks to queue
[2023-11-02T08:55:46.714+0000] {logging_mixin.py:151} INFO - [2023-11-02T08:55:46.714+0000] {dagbag.py:536} INFO - Filling up the DagBag from /home/airflow/.local/lib/python3.11/site-packages/airflow/example_dags/example_kubernetes_executor.py
[2023-11-02T08:55:46.726+0000] {processor.py:839} INFO - DAG(s) dict_keys(['example_kubernetes_executor']) retrieved from /home/airflow/.local/lib/python3.11/site-packages/airflow/example_dags/example_kubernetes_executor.py
[2023-11-02T08:55:46.779+0000] {logging_mixin.py:151} INFO - [2023-11-02T08:55:46.778+0000] {dag.py:2941} INFO - Sync 1 DAGs
[2023-11-02T08:55:46.795+0000] {logging_mixin.py:151} INFO - [2023-11-02T08:55:46.794+0000] {dag.py:3722} INFO - Setting next_dagrun for example_kubernetes_executor to None, run_after=None
[2023-11-02T08:55:46.811+0000] {processor.py:179} INFO - Processing /home/airflow/.local/lib/python3.11/site-packages/airflow/example_dags/example_kubernetes_executor.py took 0.102 seconds
[2023-11-02T08:56:17.483+0000] {processor.py:157} INFO - Started process (PID=1315) to work on /home/airflow/.local/lib/python3.11/site-packages/airflow/example_dags/example_kubernetes_executor.py
[2023-11-02T08:56:17.484+0000] {processor.py:829} INFO - Processing file /home/airflow/.local/lib/python3.11/site-packages/airflow/example_dags/example_kubernetes_executor.py for tasks to queue
[2023-11-02T08:56:17.486+0000] {logging_mixin.py:151} INFO - [2023-11-02T08:56:17.486+0000] {dagbag.py:536} INFO - Filling up the DagBag from /home/airflow/.local/lib/python3.11/site-packages/airflow/example_dags/example_kubernetes_executor.py
[2023-11-02T08:56:17.499+0000] {processor.py:839} INFO - DAG(s) dict_keys(['example_kubernetes_executor']) retrieved from /home/airflow/.local/lib/python3.11/site-packages/airflow/example_dags/example_kubernetes_executor.py
[2023-11-02T08:56:17.530+0000] {logging_mixin.py:151} INFO - [2023-11-02T08:56:17.530+0000] {dag.py:2941} INFO - Sync 1 DAGs
[2023-11-02T08:56:17.541+0000] {logging_mixin.py:151} INFO - [2023-11-02T08:56:17.540+0000] {dag.py:3722} INFO - Setting next_dagrun for example_kubernetes_executor to None, run_after=None
[2023-11-02T08:56:17.552+0000] {processor.py:179} INFO - Processing /home/airflow/.local/lib/python3.11/site-packages/airflow/example_dags/example_kubernetes_executor.py took 0.071 seconds
[2023-11-02T08:56:48.146+0000] {processor.py:157} INFO - Started process (PID=1370) to work on /home/airflow/.local/lib/python3.11/site-packages/airflow/example_dags/example_kubernetes_executor.py
[2023-11-02T08:56:48.147+0000] {processor.py:829} INFO - Processing file /home/airflow/.local/lib/python3.11/site-packages/airflow/example_dags/example_kubernetes_executor.py for tasks to queue
[2023-11-02T08:56:48.149+0000] {logging_mixin.py:151} INFO - [2023-11-02T08:56:48.149+0000] {dagbag.py:536} INFO - Filling up the DagBag from /home/airflow/.local/lib/python3.11/site-packages/airflow/example_dags/example_kubernetes_executor.py
[2023-11-02T08:56:48.161+0000] {processor.py:839} INFO - DAG(s) dict_keys(['example_kubernetes_executor']) retrieved from /home/airflow/.local/lib/python3.11/site-packages/airflow/example_dags/example_kubernetes_executor.py
[2023-11-02T08:56:48.193+0000] {logging_mixin.py:151} INFO - [2023-11-02T08:56:48.193+0000] {dag.py:2941} INFO - Sync 1 DAGs
[2023-11-02T08:56:48.202+0000] {logging_mixin.py:151} INFO - [2023-11-02T08:56:48.202+0000] {dag.py:3722} INFO - Setting next_dagrun for example_kubernetes_executor to None, run_after=None
[2023-11-02T08:56:48.216+0000] {processor.py:179} INFO - Processing /home/airflow/.local/lib/python3.11/site-packages/airflow/example_dags/example_kubernetes_executor.py took 0.073 seconds
[2023-11-02T08:57:18.243+0000] {processor.py:157} INFO - Started process (PID=1424) to work on /home/airflow/.local/lib/python3.11/site-packages/airflow/example_dags/example_kubernetes_executor.py
[2023-11-02T08:57:18.244+0000] {processor.py:829} INFO - Processing file /home/airflow/.local/lib/python3.11/site-packages/airflow/example_dags/example_kubernetes_executor.py for tasks to queue
[2023-11-02T08:57:18.246+0000] {logging_mixin.py:151} INFO - [2023-11-02T08:57:18.246+0000] {dagbag.py:536} INFO - Filling up the DagBag from /home/airflow/.local/lib/python3.11/site-packages/airflow/example_dags/example_kubernetes_executor.py
[2023-11-02T08:57:18.258+0000] {processor.py:839} INFO - DAG(s) dict_keys(['example_kubernetes_executor']) retrieved from /home/airflow/.local/lib/python3.11/site-packages/airflow/example_dags/example_kubernetes_executor.py
[2023-11-02T08:57:18.291+0000] {logging_mixin.py:151} INFO - [2023-11-02T08:57:18.291+0000] {dag.py:2941} INFO - Sync 1 DAGs
[2023-11-02T08:57:18.301+0000] {logging_mixin.py:151} INFO - [2023-11-02T08:57:18.301+0000] {dag.py:3722} INFO - Setting next_dagrun for example_kubernetes_executor to None, run_after=None
[2023-11-02T08:57:18.313+0000] {processor.py:179} INFO - Processing /home/airflow/.local/lib/python3.11/site-packages/airflow/example_dags/example_kubernetes_executor.py took 0.073 seconds
[2023-11-02T08:57:48.377+0000] {processor.py:157} INFO - Started process (PID=1479) to work on /home/airflow/.local/lib/python3.11/site-packages/airflow/example_dags/example_kubernetes_executor.py
[2023-11-02T08:57:48.380+0000] {processor.py:829} INFO - Processing file /home/airflow/.local/lib/python3.11/site-packages/airflow/example_dags/example_kubernetes_executor.py for tasks to queue
[2023-11-02T08:57:48.385+0000] {logging_mixin.py:151} INFO - [2023-11-02T08:57:48.385+0000] {dagbag.py:536} INFO - Filling up the DagBag from /home/airflow/.local/lib/python3.11/site-packages/airflow/example_dags/example_kubernetes_executor.py
[2023-11-02T08:57:48.397+0000] {processor.py:839} INFO - DAG(s) dict_keys(['example_kubernetes_executor']) retrieved from /home/airflow/.local/lib/python3.11/site-packages/airflow/example_dags/example_kubernetes_executor.py
[2023-11-02T08:57:48.423+0000] {logging_mixin.py:151} INFO - [2023-11-02T08:57:48.423+0000] {dag.py:2941} INFO - Sync 1 DAGs
[2023-11-02T08:57:48.432+0000] {logging_mixin.py:151} INFO - [2023-11-02T08:57:48.432+0000] {dag.py:3722} INFO - Setting next_dagrun for example_kubernetes_executor to None, run_after=None
[2023-11-02T08:57:48.445+0000] {processor.py:179} INFO - Processing /home/airflow/.local/lib/python3.11/site-packages/airflow/example_dags/example_kubernetes_executor.py took 0.073 seconds
[2023-11-02T08:58:18.628+0000] {processor.py:157} INFO - Started process (PID=1534) to work on /home/airflow/.local/lib/python3.11/site-packages/airflow/example_dags/example_kubernetes_executor.py
[2023-11-02T08:58:18.630+0000] {processor.py:829} INFO - Processing file /home/airflow/.local/lib/python3.11/site-packages/airflow/example_dags/example_kubernetes_executor.py for tasks to queue
[2023-11-02T08:58:18.633+0000] {logging_mixin.py:151} INFO - [2023-11-02T08:58:18.632+0000] {dagbag.py:536} INFO - Filling up the DagBag from /home/airflow/.local/lib/python3.11/site-packages/airflow/example_dags/example_kubernetes_executor.py
[2023-11-02T08:58:18.647+0000] {processor.py:839} INFO - DAG(s) dict_keys(['example_kubernetes_executor']) retrieved from /home/airflow/.local/lib/python3.11/site-packages/airflow/example_dags/example_kubernetes_executor.py
[2023-11-02T08:58:18.676+0000] {logging_mixin.py:151} INFO - [2023-11-02T08:58:18.676+0000] {dag.py:2941} INFO - Sync 1 DAGs
[2023-11-02T08:58:18.686+0000] {logging_mixin.py:151} INFO - [2023-11-02T08:58:18.686+0000] {dag.py:3722} INFO - Setting next_dagrun for example_kubernetes_executor to None, run_after=None
[2023-11-02T08:58:18.703+0000] {processor.py:179} INFO - Processing /home/airflow/.local/lib/python3.11/site-packages/airflow/example_dags/example_kubernetes_executor.py took 0.079 seconds
[2023-11-02T08:58:49.057+0000] {processor.py:157} INFO - Started process (PID=1590) to work on /home/airflow/.local/lib/python3.11/site-packages/airflow/example_dags/example_kubernetes_executor.py
[2023-11-02T08:58:49.057+0000] {processor.py:829} INFO - Processing file /home/airflow/.local/lib/python3.11/site-packages/airflow/example_dags/example_kubernetes_executor.py for tasks to queue
[2023-11-02T08:58:49.061+0000] {logging_mixin.py:151} INFO - [2023-11-02T08:58:49.061+0000] {dagbag.py:536} INFO - Filling up the DagBag from /home/airflow/.local/lib/python3.11/site-packages/airflow/example_dags/example_kubernetes_executor.py
[2023-11-02T08:58:49.074+0000] {processor.py:839} INFO - DAG(s) dict_keys(['example_kubernetes_executor']) retrieved from /home/airflow/.local/lib/python3.11/site-packages/airflow/example_dags/example_kubernetes_executor.py
[2023-11-02T08:58:49.105+0000] {logging_mixin.py:151} INFO - [2023-11-02T08:58:49.105+0000] {dag.py:2941} INFO - Sync 1 DAGs
[2023-11-02T08:58:49.118+0000] {logging_mixin.py:151} INFO - [2023-11-02T08:58:49.118+0000] {dag.py:3722} INFO - Setting next_dagrun for example_kubernetes_executor to None, run_after=None
[2023-11-02T08:58:49.131+0000] {processor.py:179} INFO - Processing /home/airflow/.local/lib/python3.11/site-packages/airflow/example_dags/example_kubernetes_executor.py took 0.079 seconds
[2023-11-02T08:59:19.193+0000] {processor.py:157} INFO - Started process (PID=1645) to work on /home/airflow/.local/lib/python3.11/site-packages/airflow/example_dags/example_kubernetes_executor.py
[2023-11-02T08:59:19.193+0000] {processor.py:829} INFO - Processing file /home/airflow/.local/lib/python3.11/site-packages/airflow/example_dags/example_kubernetes_executor.py for tasks to queue
[2023-11-02T08:59:19.195+0000] {logging_mixin.py:151} INFO - [2023-11-02T08:59:19.195+0000] {dagbag.py:536} INFO - Filling up the DagBag from /home/airflow/.local/lib/python3.11/site-packages/airflow/example_dags/example_kubernetes_executor.py
[2023-11-02T08:59:19.208+0000] {processor.py:839} INFO - DAG(s) dict_keys(['example_kubernetes_executor']) retrieved from /home/airflow/.local/lib/python3.11/site-packages/airflow/example_dags/example_kubernetes_executor.py
[2023-11-02T08:59:19.240+0000] {logging_mixin.py:151} INFO - [2023-11-02T08:59:19.240+0000] {dag.py:2941} INFO - Sync 1 DAGs
[2023-11-02T08:59:19.251+0000] {logging_mixin.py:151} INFO - [2023-11-02T08:59:19.251+0000] {dag.py:3722} INFO - Setting next_dagrun for example_kubernetes_executor to None, run_after=None
[2023-11-02T08:59:19.263+0000] {processor.py:179} INFO - Processing /home/airflow/.local/lib/python3.11/site-packages/airflow/example_dags/example_kubernetes_executor.py took 0.072 seconds
[2023-11-02T08:59:49.479+0000] {processor.py:157} INFO - Started process (PID=1700) to work on /home/airflow/.local/lib/python3.11/site-packages/airflow/example_dags/example_kubernetes_executor.py
[2023-11-02T08:59:49.480+0000] {processor.py:829} INFO - Processing file /home/airflow/.local/lib/python3.11/site-packages/airflow/example_dags/example_kubernetes_executor.py for tasks to queue
[2023-11-02T08:59:49.482+0000] {logging_mixin.py:151} INFO - [2023-11-02T08:59:49.482+0000] {dagbag.py:536} INFO - Filling up the DagBag from /home/airflow/.local/lib/python3.11/site-packages/airflow/example_dags/example_kubernetes_executor.py
[2023-11-02T08:59:49.490+0000] {processor.py:839} INFO - DAG(s) dict_keys(['example_kubernetes_executor']) retrieved from /home/airflow/.local/lib/python3.11/site-packages/airflow/example_dags/example_kubernetes_executor.py
[2023-11-02T08:59:49.515+0000] {logging_mixin.py:151} INFO - [2023-11-02T08:59:49.515+0000] {dag.py:2941} INFO - Sync 1 DAGs
[2023-11-02T08:59:49.525+0000] {logging_mixin.py:151} INFO - [2023-11-02T08:59:49.524+0000] {dag.py:3722} INFO - Setting next_dagrun for example_kubernetes_executor to None, run_after=None
[2023-11-02T08:59:49.538+0000] {processor.py:179} INFO - Processing /home/airflow/.local/lib/python3.11/site-packages/airflow/example_dags/example_kubernetes_executor.py took 0.061 seconds
[2023-11-02T09:00:19.668+0000] {processor.py:157} INFO - Started process (PID=1755) to work on /home/airflow/.local/lib/python3.11/site-packages/airflow/example_dags/example_kubernetes_executor.py
[2023-11-02T09:00:19.669+0000] {processor.py:829} INFO - Processing file /home/airflow/.local/lib/python3.11/site-packages/airflow/example_dags/example_kubernetes_executor.py for tasks to queue
[2023-11-02T09:00:19.671+0000] {logging_mixin.py:151} INFO - [2023-11-02T09:00:19.671+0000] {dagbag.py:536} INFO - Filling up the DagBag from /home/airflow/.local/lib/python3.11/site-packages/airflow/example_dags/example_kubernetes_executor.py
[2023-11-02T09:00:19.689+0000] {processor.py:839} INFO - DAG(s) dict_keys(['example_kubernetes_executor']) retrieved from /home/airflow/.local/lib/python3.11/site-packages/airflow/example_dags/example_kubernetes_executor.py
[2023-11-02T09:00:19.718+0000] {logging_mixin.py:151} INFO - [2023-11-02T09:00:19.718+0000] {dag.py:2941} INFO - Sync 1 DAGs
[2023-11-02T09:00:19.727+0000] {logging_mixin.py:151} INFO - [2023-11-02T09:00:19.727+0000] {dag.py:3722} INFO - Setting next_dagrun for example_kubernetes_executor to None, run_after=None
[2023-11-02T09:00:19.743+0000] {processor.py:179} INFO - Processing /home/airflow/.local/lib/python3.11/site-packages/airflow/example_dags/example_kubernetes_executor.py took 0.077 seconds
[2023-11-02T09:00:49.793+0000] {processor.py:157} INFO - Started process (PID=1808) to work on /home/airflow/.local/lib/python3.11/site-packages/airflow/example_dags/example_kubernetes_executor.py
[2023-11-02T09:00:49.794+0000] {processor.py:829} INFO - Processing file /home/airflow/.local/lib/python3.11/site-packages/airflow/example_dags/example_kubernetes_executor.py for tasks to queue
[2023-11-02T09:00:49.798+0000] {logging_mixin.py:151} INFO - [2023-11-02T09:00:49.797+0000] {dagbag.py:536} INFO - Filling up the DagBag from /home/airflow/.local/lib/python3.11/site-packages/airflow/example_dags/example_kubernetes_executor.py
[2023-11-02T09:00:49.817+0000] {processor.py:839} INFO - DAG(s) dict_keys(['example_kubernetes_executor']) retrieved from /home/airflow/.local/lib/python3.11/site-packages/airflow/example_dags/example_kubernetes_executor.py
[2023-11-02T09:00:49.852+0000] {logging_mixin.py:151} INFO - [2023-11-02T09:00:49.851+0000] {dag.py:2941} INFO - Sync 1 DAGs
[2023-11-02T09:00:49.864+0000] {logging_mixin.py:151} INFO - [2023-11-02T09:00:49.864+0000] {dag.py:3722} INFO - Setting next_dagrun for example_kubernetes_executor to None, run_after=None
[2023-11-02T09:00:49.877+0000] {processor.py:179} INFO - Processing /home/airflow/.local/lib/python3.11/site-packages/airflow/example_dags/example_kubernetes_executor.py took 0.088 seconds
[2023-11-02T09:01:20.200+0000] {processor.py:157} INFO - Started process (PID=1863) to work on /home/airflow/.local/lib/python3.11/site-packages/airflow/example_dags/example_kubernetes_executor.py
[2023-11-02T09:01:20.202+0000] {processor.py:829} INFO - Processing file /home/airflow/.local/lib/python3.11/site-packages/airflow/example_dags/example_kubernetes_executor.py for tasks to queue
[2023-11-02T09:01:20.204+0000] {logging_mixin.py:151} INFO - [2023-11-02T09:01:20.204+0000] {dagbag.py:536} INFO - Filling up the DagBag from /home/airflow/.local/lib/python3.11/site-packages/airflow/example_dags/example_kubernetes_executor.py
[2023-11-02T09:01:20.216+0000] {processor.py:839} INFO - DAG(s) dict_keys(['example_kubernetes_executor']) retrieved from /home/airflow/.local/lib/python3.11/site-packages/airflow/example_dags/example_kubernetes_executor.py
[2023-11-02T09:01:20.245+0000] {logging_mixin.py:151} INFO - [2023-11-02T09:01:20.245+0000] {dag.py:2941} INFO - Sync 1 DAGs
[2023-11-02T09:01:20.254+0000] {logging_mixin.py:151} INFO - [2023-11-02T09:01:20.254+0000] {dag.py:3722} INFO - Setting next_dagrun for example_kubernetes_executor to None, run_after=None
[2023-11-02T09:01:20.267+0000] {processor.py:179} INFO - Processing /home/airflow/.local/lib/python3.11/site-packages/airflow/example_dags/example_kubernetes_executor.py took 0.070 seconds
[2023-11-02T09:01:50.690+0000] {processor.py:157} INFO - Started process (PID=1919) to work on /home/airflow/.local/lib/python3.11/site-packages/airflow/example_dags/example_kubernetes_executor.py
[2023-11-02T09:01:50.690+0000] {processor.py:829} INFO - Processing file /home/airflow/.local/lib/python3.11/site-packages/airflow/example_dags/example_kubernetes_executor.py for tasks to queue
[2023-11-02T09:01:50.692+0000] {logging_mixin.py:151} INFO - [2023-11-02T09:01:50.692+0000] {dagbag.py:536} INFO - Filling up the DagBag from /home/airflow/.local/lib/python3.11/site-packages/airflow/example_dags/example_kubernetes_executor.py
[2023-11-02T09:01:50.701+0000] {processor.py:839} INFO - DAG(s) dict_keys(['example_kubernetes_executor']) retrieved from /home/airflow/.local/lib/python3.11/site-packages/airflow/example_dags/example_kubernetes_executor.py
[2023-11-02T09:01:50.726+0000] {logging_mixin.py:151} INFO - [2023-11-02T09:01:50.726+0000] {dag.py:2941} INFO - Sync 1 DAGs
[2023-11-02T09:01:50.734+0000] {logging_mixin.py:151} INFO - [2023-11-02T09:01:50.734+0000] {dag.py:3722} INFO - Setting next_dagrun for example_kubernetes_executor to None, run_after=None
[2023-11-02T09:01:50.747+0000] {processor.py:179} INFO - Processing /home/airflow/.local/lib/python3.11/site-packages/airflow/example_dags/example_kubernetes_executor.py took 0.059 seconds
[2023-11-02T09:02:21.248+0000] {processor.py:157} INFO - Started process (PID=1974) to work on /home/airflow/.local/lib/python3.11/site-packages/airflow/example_dags/example_kubernetes_executor.py
[2023-11-02T09:02:21.249+0000] {processor.py:829} INFO - Processing file /home/airflow/.local/lib/python3.11/site-packages/airflow/example_dags/example_kubernetes_executor.py for tasks to queue
[2023-11-02T09:02:21.251+0000] {logging_mixin.py:151} INFO - [2023-11-02T09:02:21.250+0000] {dagbag.py:536} INFO - Filling up the DagBag from /home/airflow/.local/lib/python3.11/site-packages/airflow/example_dags/example_kubernetes_executor.py
[2023-11-02T09:02:21.263+0000] {processor.py:839} INFO - DAG(s) dict_keys(['example_kubernetes_executor']) retrieved from /home/airflow/.local/lib/python3.11/site-packages/airflow/example_dags/example_kubernetes_executor.py
[2023-11-02T09:02:21.306+0000] {logging_mixin.py:151} INFO - [2023-11-02T09:02:21.306+0000] {dag.py:2941} INFO - Sync 1 DAGs
[2023-11-02T09:02:21.320+0000] {logging_mixin.py:151} INFO - [2023-11-02T09:02:21.320+0000] {dag.py:3722} INFO - Setting next_dagrun for example_kubernetes_executor to None, run_after=None
[2023-11-02T09:02:21.336+0000] {processor.py:179} INFO - Processing /home/airflow/.local/lib/python3.11/site-packages/airflow/example_dags/example_kubernetes_executor.py took 0.091 seconds
[2023-11-02T09:02:51.604+0000] {processor.py:157} INFO - Started process (PID=2029) to work on /home/airflow/.local/lib/python3.11/site-packages/airflow/example_dags/example_kubernetes_executor.py
[2023-11-02T09:02:51.605+0000] {processor.py:829} INFO - Processing file /home/airflow/.local/lib/python3.11/site-packages/airflow/example_dags/example_kubernetes_executor.py for tasks to queue
[2023-11-02T09:02:51.607+0000] {logging_mixin.py:151} INFO - [2023-11-02T09:02:51.606+0000] {dagbag.py:536} INFO - Filling up the DagBag from /home/airflow/.local/lib/python3.11/site-packages/airflow/example_dags/example_kubernetes_executor.py
[2023-11-02T09:02:51.623+0000] {processor.py:839} INFO - DAG(s) dict_keys(['example_kubernetes_executor']) retrieved from /home/airflow/.local/lib/python3.11/site-packages/airflow/example_dags/example_kubernetes_executor.py
[2023-11-02T09:02:51.685+0000] {logging_mixin.py:151} INFO - [2023-11-02T09:02:51.685+0000] {dag.py:2941} INFO - Sync 1 DAGs
[2023-11-02T09:02:51.700+0000] {logging_mixin.py:151} INFO - [2023-11-02T09:02:51.699+0000] {dag.py:3722} INFO - Setting next_dagrun for example_kubernetes_executor to None, run_after=None
[2023-11-02T09:02:51.718+0000] {processor.py:179} INFO - Processing /home/airflow/.local/lib/python3.11/site-packages/airflow/example_dags/example_kubernetes_executor.py took 0.117 seconds
[2023-11-02T09:03:22.446+0000] {processor.py:157} INFO - Started process (PID=2084) to work on /home/airflow/.local/lib/python3.11/site-packages/airflow/example_dags/example_kubernetes_executor.py
[2023-11-02T09:03:22.448+0000] {processor.py:829} INFO - Processing file /home/airflow/.local/lib/python3.11/site-packages/airflow/example_dags/example_kubernetes_executor.py for tasks to queue
[2023-11-02T09:03:22.451+0000] {logging_mixin.py:151} INFO - [2023-11-02T09:03:22.450+0000] {dagbag.py:536} INFO - Filling up the DagBag from /home/airflow/.local/lib/python3.11/site-packages/airflow/example_dags/example_kubernetes_executor.py
[2023-11-02T09:03:22.470+0000] {processor.py:839} INFO - DAG(s) dict_keys(['example_kubernetes_executor']) retrieved from /home/airflow/.local/lib/python3.11/site-packages/airflow/example_dags/example_kubernetes_executor.py
[2023-11-02T09:03:22.510+0000] {logging_mixin.py:151} INFO - [2023-11-02T09:03:22.510+0000] {dag.py:2941} INFO - Sync 1 DAGs
[2023-11-02T09:03:22.524+0000] {logging_mixin.py:151} INFO - [2023-11-02T09:03:22.524+0000] {dag.py:3722} INFO - Setting next_dagrun for example_kubernetes_executor to None, run_after=None
[2023-11-02T09:03:22.548+0000] {processor.py:179} INFO - Processing /home/airflow/.local/lib/python3.11/site-packages/airflow/example_dags/example_kubernetes_executor.py took 0.106 seconds
[2023-11-02T09:03:53.001+0000] {processor.py:157} INFO - Started process (PID=2138) to work on /home/airflow/.local/lib/python3.11/site-packages/airflow/example_dags/example_kubernetes_executor.py
[2023-11-02T09:03:53.002+0000] {processor.py:829} INFO - Processing file /home/airflow/.local/lib/python3.11/site-packages/airflow/example_dags/example_kubernetes_executor.py for tasks to queue
[2023-11-02T09:03:53.005+0000] {logging_mixin.py:151} INFO - [2023-11-02T09:03:53.005+0000] {dagbag.py:536} INFO - Filling up the DagBag from /home/airflow/.local/lib/python3.11/site-packages/airflow/example_dags/example_kubernetes_executor.py
[2023-11-02T09:03:53.040+0000] {processor.py:839} INFO - DAG(s) dict_keys(['example_kubernetes_executor']) retrieved from /home/airflow/.local/lib/python3.11/site-packages/airflow/example_dags/example_kubernetes_executor.py
[2023-11-02T09:03:53.084+0000] {logging_mixin.py:151} INFO - [2023-11-02T09:03:53.083+0000] {dag.py:2941} INFO - Sync 1 DAGs
[2023-11-02T09:03:53.098+0000] {logging_mixin.py:151} INFO - [2023-11-02T09:03:53.097+0000] {dag.py:3722} INFO - Setting next_dagrun for example_kubernetes_executor to None, run_after=None
[2023-11-02T09:03:53.113+0000] {processor.py:179} INFO - Processing /home/airflow/.local/lib/python3.11/site-packages/airflow/example_dags/example_kubernetes_executor.py took 0.116 seconds
[2023-11-02T09:04:23.305+0000] {processor.py:157} INFO - Started process (PID=2193) to work on /home/airflow/.local/lib/python3.11/site-packages/airflow/example_dags/example_kubernetes_executor.py
[2023-11-02T09:04:23.307+0000] {processor.py:829} INFO - Processing file /home/airflow/.local/lib/python3.11/site-packages/airflow/example_dags/example_kubernetes_executor.py for tasks to queue
[2023-11-02T09:04:23.312+0000] {logging_mixin.py:151} INFO - [2023-11-02T09:04:23.312+0000] {dagbag.py:536} INFO - Filling up the DagBag from /home/airflow/.local/lib/python3.11/site-packages/airflow/example_dags/example_kubernetes_executor.py
[2023-11-02T09:04:23.335+0000] {processor.py:839} INFO - DAG(s) dict_keys(['example_kubernetes_executor']) retrieved from /home/airflow/.local/lib/python3.11/site-packages/airflow/example_dags/example_kubernetes_executor.py
[2023-11-02T09:04:23.384+0000] {logging_mixin.py:151} INFO - [2023-11-02T09:04:23.384+0000] {dag.py:2941} INFO - Sync 1 DAGs
[2023-11-02T09:04:23.399+0000] {logging_mixin.py:151} INFO - [2023-11-02T09:04:23.399+0000] {dag.py:3722} INFO - Setting next_dagrun for example_kubernetes_executor to None, run_after=None
[2023-11-02T09:04:23.417+0000] {processor.py:179} INFO - Processing /home/airflow/.local/lib/python3.11/site-packages/airflow/example_dags/example_kubernetes_executor.py took 0.127 seconds
[2023-11-02T09:04:53.501+0000] {processor.py:157} INFO - Started process (PID=2248) to work on /home/airflow/.local/lib/python3.11/site-packages/airflow/example_dags/example_kubernetes_executor.py
[2023-11-02T09:04:53.502+0000] {processor.py:829} INFO - Processing file /home/airflow/.local/lib/python3.11/site-packages/airflow/example_dags/example_kubernetes_executor.py for tasks to queue
[2023-11-02T09:04:53.507+0000] {logging_mixin.py:151} INFO - [2023-11-02T09:04:53.506+0000] {dagbag.py:536} INFO - Filling up the DagBag from /home/airflow/.local/lib/python3.11/site-packages/airflow/example_dags/example_kubernetes_executor.py
[2023-11-02T09:04:53.527+0000] {processor.py:839} INFO - DAG(s) dict_keys(['example_kubernetes_executor']) retrieved from /home/airflow/.local/lib/python3.11/site-packages/airflow/example_dags/example_kubernetes_executor.py
[2023-11-02T09:04:53.601+0000] {logging_mixin.py:151} INFO - [2023-11-02T09:04:53.601+0000] {dag.py:2941} INFO - Sync 1 DAGs
[2023-11-02T09:04:53.613+0000] {logging_mixin.py:151} INFO - [2023-11-02T09:04:53.613+0000] {dag.py:3722} INFO - Setting next_dagrun for example_kubernetes_executor to None, run_after=None
[2023-11-02T09:04:53.630+0000] {processor.py:179} INFO - Processing /home/airflow/.local/lib/python3.11/site-packages/airflow/example_dags/example_kubernetes_executor.py took 0.135 seconds
[2023-11-02T09:05:23.692+0000] {processor.py:157} INFO - Started process (PID=2303) to work on /home/airflow/.local/lib/python3.11/site-packages/airflow/example_dags/example_kubernetes_executor.py
[2023-11-02T09:05:23.693+0000] {processor.py:829} INFO - Processing file /home/airflow/.local/lib/python3.11/site-packages/airflow/example_dags/example_kubernetes_executor.py for tasks to queue
[2023-11-02T09:05:23.695+0000] {logging_mixin.py:151} INFO - [2023-11-02T09:05:23.695+0000] {dagbag.py:536} INFO - Filling up the DagBag from /home/airflow/.local/lib/python3.11/site-packages/airflow/example_dags/example_kubernetes_executor.py
[2023-11-02T09:05:23.704+0000] {processor.py:839} INFO - DAG(s) dict_keys(['example_kubernetes_executor']) retrieved from /home/airflow/.local/lib/python3.11/site-packages/airflow/example_dags/example_kubernetes_executor.py
[2023-11-02T09:05:23.734+0000] {logging_mixin.py:151} INFO - [2023-11-02T09:05:23.734+0000] {dag.py:2941} INFO - Sync 1 DAGs
[2023-11-02T09:05:23.743+0000] {logging_mixin.py:151} INFO - [2023-11-02T09:05:23.743+0000] {dag.py:3722} INFO - Setting next_dagrun for example_kubernetes_executor to None, run_after=None
[2023-11-02T09:05:23.754+0000] {processor.py:179} INFO - Processing /home/airflow/.local/lib/python3.11/site-packages/airflow/example_dags/example_kubernetes_executor.py took 0.064 seconds
[2023-11-02T09:05:53.785+0000] {processor.py:157} INFO - Started process (PID=2358) to work on /home/airflow/.local/lib/python3.11/site-packages/airflow/example_dags/example_kubernetes_executor.py
[2023-11-02T09:05:53.786+0000] {processor.py:829} INFO - Processing file /home/airflow/.local/lib/python3.11/site-packages/airflow/example_dags/example_kubernetes_executor.py for tasks to queue
[2023-11-02T09:05:53.788+0000] {logging_mixin.py:151} INFO - [2023-11-02T09:05:53.787+0000] {dagbag.py:536} INFO - Filling up the DagBag from /home/airflow/.local/lib/python3.11/site-packages/airflow/example_dags/example_kubernetes_executor.py
[2023-11-02T09:05:53.799+0000] {processor.py:839} INFO - DAG(s) dict_keys(['example_kubernetes_executor']) retrieved from /home/airflow/.local/lib/python3.11/site-packages/airflow/example_dags/example_kubernetes_executor.py
[2023-11-02T09:05:53.828+0000] {logging_mixin.py:151} INFO - [2023-11-02T09:05:53.827+0000] {dag.py:2941} INFO - Sync 1 DAGs
[2023-11-02T09:05:53.837+0000] {logging_mixin.py:151} INFO - [2023-11-02T09:05:53.837+0000] {dag.py:3722} INFO - Setting next_dagrun for example_kubernetes_executor to None, run_after=None
[2023-11-02T09:05:53.848+0000] {processor.py:179} INFO - Processing /home/airflow/.local/lib/python3.11/site-packages/airflow/example_dags/example_kubernetes_executor.py took 0.066 seconds
[2023-11-02T09:07:19.230+0000] {processor.py:157} INFO - Started process (PID=44) to work on /home/airflow/.local/lib/python3.11/site-packages/airflow/example_dags/example_kubernetes_executor.py
[2023-11-02T09:07:19.232+0000] {processor.py:829} INFO - Processing file /home/airflow/.local/lib/python3.11/site-packages/airflow/example_dags/example_kubernetes_executor.py for tasks to queue
[2023-11-02T09:07:19.242+0000] {logging_mixin.py:151} INFO - [2023-11-02T09:07:19.240+0000] {dagbag.py:536} INFO - Filling up the DagBag from /home/airflow/.local/lib/python3.11/site-packages/airflow/example_dags/example_kubernetes_executor.py
[2023-11-02T09:07:19.322+0000] {processor.py:839} INFO - DAG(s) dict_keys(['example_kubernetes_executor']) retrieved from /home/airflow/.local/lib/python3.11/site-packages/airflow/example_dags/example_kubernetes_executor.py
[2023-11-02T09:07:20.297+0000] {logging_mixin.py:151} INFO - [2023-11-02T09:07:20.295+0000] {manager.py:499} INFO - Created Permission View: %s
[2023-11-02T09:07:20.326+0000] {logging_mixin.py:151} INFO - [2023-11-02T09:07:20.325+0000] {manager.py:499} INFO - Created Permission View: %s
[2023-11-02T09:07:20.359+0000] {logging_mixin.py:151} INFO - [2023-11-02T09:07:20.358+0000] {manager.py:499} INFO - Created Permission View: %s
[2023-11-02T09:07:20.367+0000] {logging_mixin.py:151} INFO - [2023-11-02T09:07:20.367+0000] {dag.py:2941} INFO - Sync 1 DAGs
[2023-11-02T09:07:20.455+0000] {logging_mixin.py:151} INFO - [2023-11-02T09:07:20.455+0000] {dag.py:2963} INFO - Creating ORM DAG for example_kubernetes_executor
[2023-11-02T09:07:20.461+0000] {logging_mixin.py:151} INFO - [2023-11-02T09:07:20.460+0000] {dag.py:3722} INFO - Setting next_dagrun for example_kubernetes_executor to None, run_after=None
[2023-11-02T09:07:20.495+0000] {processor.py:179} INFO - Processing /home/airflow/.local/lib/python3.11/site-packages/airflow/example_dags/example_kubernetes_executor.py took 1.274 seconds
[2023-11-02T09:07:51.313+0000] {processor.py:157} INFO - Started process (PID=99) to work on /home/airflow/.local/lib/python3.11/site-packages/airflow/example_dags/example_kubernetes_executor.py
[2023-11-02T09:07:51.319+0000] {processor.py:829} INFO - Processing file /home/airflow/.local/lib/python3.11/site-packages/airflow/example_dags/example_kubernetes_executor.py for tasks to queue
[2023-11-02T09:07:51.326+0000] {logging_mixin.py:151} INFO - [2023-11-02T09:07:51.325+0000] {dagbag.py:536} INFO - Filling up the DagBag from /home/airflow/.local/lib/python3.11/site-packages/airflow/example_dags/example_kubernetes_executor.py
[2023-11-02T09:07:51.351+0000] {processor.py:839} INFO - DAG(s) dict_keys(['example_kubernetes_executor']) retrieved from /home/airflow/.local/lib/python3.11/site-packages/airflow/example_dags/example_kubernetes_executor.py
[2023-11-02T09:07:51.420+0000] {logging_mixin.py:151} INFO - [2023-11-02T09:07:51.420+0000] {dag.py:2941} INFO - Sync 1 DAGs
[2023-11-02T09:07:51.436+0000] {logging_mixin.py:151} INFO - [2023-11-02T09:07:51.436+0000] {dag.py:3722} INFO - Setting next_dagrun for example_kubernetes_executor to None, run_after=None
[2023-11-02T09:07:51.450+0000] {processor.py:179} INFO - Processing /home/airflow/.local/lib/python3.11/site-packages/airflow/example_dags/example_kubernetes_executor.py took 0.147 seconds
[2023-11-02T09:08:21.807+0000] {processor.py:157} INFO - Started process (PID=154) to work on /home/airflow/.local/lib/python3.11/site-packages/airflow/example_dags/example_kubernetes_executor.py
[2023-11-02T09:08:21.809+0000] {processor.py:829} INFO - Processing file /home/airflow/.local/lib/python3.11/site-packages/airflow/example_dags/example_kubernetes_executor.py for tasks to queue
[2023-11-02T09:08:21.815+0000] {logging_mixin.py:151} INFO - [2023-11-02T09:08:21.814+0000] {dagbag.py:536} INFO - Filling up the DagBag from /home/airflow/.local/lib/python3.11/site-packages/airflow/example_dags/example_kubernetes_executor.py
[2023-11-02T09:08:21.848+0000] {processor.py:839} INFO - DAG(s) dict_keys(['example_kubernetes_executor']) retrieved from /home/airflow/.local/lib/python3.11/site-packages/airflow/example_dags/example_kubernetes_executor.py
[2023-11-02T09:08:21.923+0000] {logging_mixin.py:151} INFO - [2023-11-02T09:08:21.923+0000] {dag.py:2941} INFO - Sync 1 DAGs
[2023-11-02T09:08:21.941+0000] {logging_mixin.py:151} INFO - [2023-11-02T09:08:21.941+0000] {dag.py:3722} INFO - Setting next_dagrun for example_kubernetes_executor to None, run_after=None
[2023-11-02T09:08:21.963+0000] {processor.py:179} INFO - Processing /home/airflow/.local/lib/python3.11/site-packages/airflow/example_dags/example_kubernetes_executor.py took 0.162 seconds
[2023-11-02T09:08:52.698+0000] {processor.py:157} INFO - Started process (PID=209) to work on /home/airflow/.local/lib/python3.11/site-packages/airflow/example_dags/example_kubernetes_executor.py
[2023-11-02T09:08:52.700+0000] {processor.py:829} INFO - Processing file /home/airflow/.local/lib/python3.11/site-packages/airflow/example_dags/example_kubernetes_executor.py for tasks to queue
[2023-11-02T09:08:52.704+0000] {logging_mixin.py:151} INFO - [2023-11-02T09:08:52.703+0000] {dagbag.py:536} INFO - Filling up the DagBag from /home/airflow/.local/lib/python3.11/site-packages/airflow/example_dags/example_kubernetes_executor.py
[2023-11-02T09:08:52.719+0000] {processor.py:839} INFO - DAG(s) dict_keys(['example_kubernetes_executor']) retrieved from /home/airflow/.local/lib/python3.11/site-packages/airflow/example_dags/example_kubernetes_executor.py
[2023-11-02T09:08:52.753+0000] {logging_mixin.py:151} INFO - [2023-11-02T09:08:52.753+0000] {dag.py:2941} INFO - Sync 1 DAGs
[2023-11-02T09:08:52.762+0000] {logging_mixin.py:151} INFO - [2023-11-02T09:08:52.762+0000] {dag.py:3722} INFO - Setting next_dagrun for example_kubernetes_executor to None, run_after=None
[2023-11-02T09:08:52.773+0000] {processor.py:179} INFO - Processing /home/airflow/.local/lib/python3.11/site-packages/airflow/example_dags/example_kubernetes_executor.py took 0.081 seconds
[2023-11-02T09:09:23.266+0000] {processor.py:157} INFO - Started process (PID=270) to work on /home/airflow/.local/lib/python3.11/site-packages/airflow/example_dags/example_kubernetes_executor.py
[2023-11-02T09:09:23.270+0000] {processor.py:829} INFO - Processing file /home/airflow/.local/lib/python3.11/site-packages/airflow/example_dags/example_kubernetes_executor.py for tasks to queue
[2023-11-02T09:09:23.275+0000] {logging_mixin.py:151} INFO - [2023-11-02T09:09:23.274+0000] {dagbag.py:536} INFO - Filling up the DagBag from /home/airflow/.local/lib/python3.11/site-packages/airflow/example_dags/example_kubernetes_executor.py
[2023-11-02T09:09:23.306+0000] {processor.py:839} INFO - DAG(s) dict_keys(['example_kubernetes_executor']) retrieved from /home/airflow/.local/lib/python3.11/site-packages/airflow/example_dags/example_kubernetes_executor.py
[2023-11-02T09:09:23.369+0000] {logging_mixin.py:151} INFO - [2023-11-02T09:09:23.369+0000] {dag.py:2941} INFO - Sync 1 DAGs
[2023-11-02T09:09:23.384+0000] {logging_mixin.py:151} INFO - [2023-11-02T09:09:23.383+0000] {dag.py:3722} INFO - Setting next_dagrun for example_kubernetes_executor to None, run_after=None
[2023-11-02T09:09:23.395+0000] {processor.py:179} INFO - Processing /home/airflow/.local/lib/python3.11/site-packages/airflow/example_dags/example_kubernetes_executor.py took 0.133 seconds
[2023-11-02T09:09:53.437+0000] {processor.py:157} INFO - Started process (PID=326) to work on /home/airflow/.local/lib/python3.11/site-packages/airflow/example_dags/example_kubernetes_executor.py
[2023-11-02T09:09:53.439+0000] {processor.py:829} INFO - Processing file /home/airflow/.local/lib/python3.11/site-packages/airflow/example_dags/example_kubernetes_executor.py for tasks to queue
[2023-11-02T09:09:53.442+0000] {logging_mixin.py:151} INFO - [2023-11-02T09:09:53.442+0000] {dagbag.py:536} INFO - Filling up the DagBag from /home/airflow/.local/lib/python3.11/site-packages/airflow/example_dags/example_kubernetes_executor.py
[2023-11-02T09:09:53.451+0000] {processor.py:839} INFO - DAG(s) dict_keys(['example_kubernetes_executor']) retrieved from /home/airflow/.local/lib/python3.11/site-packages/airflow/example_dags/example_kubernetes_executor.py
[2023-11-02T09:09:53.479+0000] {logging_mixin.py:151} INFO - [2023-11-02T09:09:53.479+0000] {dag.py:2941} INFO - Sync 1 DAGs
[2023-11-02T09:09:53.490+0000] {logging_mixin.py:151} INFO - [2023-11-02T09:09:53.490+0000] {dag.py:3722} INFO - Setting next_dagrun for example_kubernetes_executor to None, run_after=None
[2023-11-02T09:09:53.501+0000] {processor.py:179} INFO - Processing /home/airflow/.local/lib/python3.11/site-packages/airflow/example_dags/example_kubernetes_executor.py took 0.067 seconds
[2023-11-02T09:10:23.609+0000] {processor.py:157} INFO - Started process (PID=381) to work on /home/airflow/.local/lib/python3.11/site-packages/airflow/example_dags/example_kubernetes_executor.py
[2023-11-02T09:10:23.612+0000] {processor.py:829} INFO - Processing file /home/airflow/.local/lib/python3.11/site-packages/airflow/example_dags/example_kubernetes_executor.py for tasks to queue
[2023-11-02T09:10:23.625+0000] {logging_mixin.py:151} INFO - [2023-11-02T09:10:23.623+0000] {dagbag.py:536} INFO - Filling up the DagBag from /home/airflow/.local/lib/python3.11/site-packages/airflow/example_dags/example_kubernetes_executor.py
[2023-11-02T09:10:23.668+0000] {processor.py:839} INFO - DAG(s) dict_keys(['example_kubernetes_executor']) retrieved from /home/airflow/.local/lib/python3.11/site-packages/airflow/example_dags/example_kubernetes_executor.py
[2023-11-02T09:10:23.792+0000] {logging_mixin.py:151} INFO - [2023-11-02T09:10:23.792+0000] {dag.py:2941} INFO - Sync 1 DAGs
[2023-11-02T09:10:23.817+0000] {logging_mixin.py:151} INFO - [2023-11-02T09:10:23.817+0000] {dag.py:3722} INFO - Setting next_dagrun for example_kubernetes_executor to None, run_after=None
[2023-11-02T09:10:23.837+0000] {processor.py:179} INFO - Processing /home/airflow/.local/lib/python3.11/site-packages/airflow/example_dags/example_kubernetes_executor.py took 0.240 seconds
[2023-11-02T09:10:54.374+0000] {processor.py:157} INFO - Started process (PID=436) to work on /home/airflow/.local/lib/python3.11/site-packages/airflow/example_dags/example_kubernetes_executor.py
[2023-11-02T09:10:54.377+0000] {processor.py:829} INFO - Processing file /home/airflow/.local/lib/python3.11/site-packages/airflow/example_dags/example_kubernetes_executor.py for tasks to queue
[2023-11-02T09:10:54.384+0000] {logging_mixin.py:151} INFO - [2023-11-02T09:10:54.384+0000] {dagbag.py:536} INFO - Filling up the DagBag from /home/airflow/.local/lib/python3.11/site-packages/airflow/example_dags/example_kubernetes_executor.py
[2023-11-02T09:10:54.404+0000] {processor.py:839} INFO - DAG(s) dict_keys(['example_kubernetes_executor']) retrieved from /home/airflow/.local/lib/python3.11/site-packages/airflow/example_dags/example_kubernetes_executor.py
[2023-11-02T09:10:54.443+0000] {logging_mixin.py:151} INFO - [2023-11-02T09:10:54.443+0000] {dag.py:2941} INFO - Sync 1 DAGs
[2023-11-02T09:10:54.454+0000] {logging_mixin.py:151} INFO - [2023-11-02T09:10:54.454+0000] {dag.py:3722} INFO - Setting next_dagrun for example_kubernetes_executor to None, run_after=None
[2023-11-02T09:10:54.466+0000] {processor.py:179} INFO - Processing /home/airflow/.local/lib/python3.11/site-packages/airflow/example_dags/example_kubernetes_executor.py took 0.101 seconds
[2023-11-02T09:11:25.404+0000] {processor.py:157} INFO - Started process (PID=491) to work on /home/airflow/.local/lib/python3.11/site-packages/airflow/example_dags/example_kubernetes_executor.py
[2023-11-02T09:11:25.406+0000] {processor.py:829} INFO - Processing file /home/airflow/.local/lib/python3.11/site-packages/airflow/example_dags/example_kubernetes_executor.py for tasks to queue
[2023-11-02T09:11:25.414+0000] {logging_mixin.py:151} INFO - [2023-11-02T09:11:25.414+0000] {dagbag.py:536} INFO - Filling up the DagBag from /home/airflow/.local/lib/python3.11/site-packages/airflow/example_dags/example_kubernetes_executor.py
[2023-11-02T09:11:25.441+0000] {processor.py:839} INFO - DAG(s) dict_keys(['example_kubernetes_executor']) retrieved from /home/airflow/.local/lib/python3.11/site-packages/airflow/example_dags/example_kubernetes_executor.py
[2023-11-02T09:11:25.481+0000] {logging_mixin.py:151} INFO - [2023-11-02T09:11:25.481+0000] {dag.py:2941} INFO - Sync 1 DAGs
[2023-11-02T09:11:25.492+0000] {logging_mixin.py:151} INFO - [2023-11-02T09:11:25.492+0000] {dag.py:3722} INFO - Setting next_dagrun for example_kubernetes_executor to None, run_after=None
[2023-11-02T09:11:25.508+0000] {processor.py:179} INFO - Processing /home/airflow/.local/lib/python3.11/site-packages/airflow/example_dags/example_kubernetes_executor.py took 0.114 seconds
[2023-11-02T09:11:55.766+0000] {processor.py:157} INFO - Started process (PID=545) to work on /home/airflow/.local/lib/python3.11/site-packages/airflow/example_dags/example_kubernetes_executor.py
[2023-11-02T09:11:55.770+0000] {processor.py:829} INFO - Processing file /home/airflow/.local/lib/python3.11/site-packages/airflow/example_dags/example_kubernetes_executor.py for tasks to queue
[2023-11-02T09:11:55.776+0000] {logging_mixin.py:151} INFO - [2023-11-02T09:11:55.775+0000] {dagbag.py:536} INFO - Filling up the DagBag from /home/airflow/.local/lib/python3.11/site-packages/airflow/example_dags/example_kubernetes_executor.py
[2023-11-02T09:11:55.796+0000] {processor.py:839} INFO - DAG(s) dict_keys(['example_kubernetes_executor']) retrieved from /home/airflow/.local/lib/python3.11/site-packages/airflow/example_dags/example_kubernetes_executor.py
[2023-11-02T09:11:55.845+0000] {logging_mixin.py:151} INFO - [2023-11-02T09:11:55.845+0000] {dag.py:2941} INFO - Sync 1 DAGs
[2023-11-02T09:11:55.855+0000] {logging_mixin.py:151} INFO - [2023-11-02T09:11:55.855+0000] {dag.py:3722} INFO - Setting next_dagrun for example_kubernetes_executor to None, run_after=None
[2023-11-02T09:11:55.869+0000] {processor.py:179} INFO - Processing /home/airflow/.local/lib/python3.11/site-packages/airflow/example_dags/example_kubernetes_executor.py took 0.111 seconds
[2023-11-02T09:12:26.350+0000] {processor.py:157} INFO - Started process (PID=600) to work on /home/airflow/.local/lib/python3.11/site-packages/airflow/example_dags/example_kubernetes_executor.py
[2023-11-02T09:12:26.355+0000] {processor.py:829} INFO - Processing file /home/airflow/.local/lib/python3.11/site-packages/airflow/example_dags/example_kubernetes_executor.py for tasks to queue
[2023-11-02T09:12:26.357+0000] {logging_mixin.py:151} INFO - [2023-11-02T09:12:26.357+0000] {dagbag.py:536} INFO - Filling up the DagBag from /home/airflow/.local/lib/python3.11/site-packages/airflow/example_dags/example_kubernetes_executor.py
[2023-11-02T09:12:26.368+0000] {processor.py:839} INFO - DAG(s) dict_keys(['example_kubernetes_executor']) retrieved from /home/airflow/.local/lib/python3.11/site-packages/airflow/example_dags/example_kubernetes_executor.py
[2023-11-02T09:12:26.401+0000] {logging_mixin.py:151} INFO - [2023-11-02T09:12:26.401+0000] {dag.py:2941} INFO - Sync 1 DAGs
[2023-11-02T09:12:26.411+0000] {logging_mixin.py:151} INFO - [2023-11-02T09:12:26.411+0000] {dag.py:3722} INFO - Setting next_dagrun for example_kubernetes_executor to None, run_after=None
[2023-11-02T09:12:26.429+0000] {processor.py:179} INFO - Processing /home/airflow/.local/lib/python3.11/site-packages/airflow/example_dags/example_kubernetes_executor.py took 0.082 seconds
[2023-11-02T09:12:56.622+0000] {processor.py:157} INFO - Started process (PID=655) to work on /home/airflow/.local/lib/python3.11/site-packages/airflow/example_dags/example_kubernetes_executor.py
[2023-11-02T09:12:56.625+0000] {processor.py:829} INFO - Processing file /home/airflow/.local/lib/python3.11/site-packages/airflow/example_dags/example_kubernetes_executor.py for tasks to queue
[2023-11-02T09:12:56.633+0000] {logging_mixin.py:151} INFO - [2023-11-02T09:12:56.632+0000] {dagbag.py:536} INFO - Filling up the DagBag from /home/airflow/.local/lib/python3.11/site-packages/airflow/example_dags/example_kubernetes_executor.py
[2023-11-02T09:12:56.660+0000] {processor.py:839} INFO - DAG(s) dict_keys(['example_kubernetes_executor']) retrieved from /home/airflow/.local/lib/python3.11/site-packages/airflow/example_dags/example_kubernetes_executor.py
[2023-11-02T09:12:56.716+0000] {logging_mixin.py:151} INFO - [2023-11-02T09:12:56.716+0000] {dag.py:2941} INFO - Sync 1 DAGs
[2023-11-02T09:12:56.729+0000] {logging_mixin.py:151} INFO - [2023-11-02T09:12:56.729+0000] {dag.py:3722} INFO - Setting next_dagrun for example_kubernetes_executor to None, run_after=None
[2023-11-02T09:12:56.754+0000] {processor.py:179} INFO - Processing /home/airflow/.local/lib/python3.11/site-packages/airflow/example_dags/example_kubernetes_executor.py took 0.144 seconds
[2023-11-02T09:13:27.366+0000] {processor.py:157} INFO - Started process (PID=707) to work on /home/airflow/.local/lib/python3.11/site-packages/airflow/example_dags/example_kubernetes_executor.py
[2023-11-02T09:13:27.369+0000] {processor.py:829} INFO - Processing file /home/airflow/.local/lib/python3.11/site-packages/airflow/example_dags/example_kubernetes_executor.py for tasks to queue
[2023-11-02T09:13:27.372+0000] {logging_mixin.py:151} INFO - [2023-11-02T09:13:27.372+0000] {dagbag.py:536} INFO - Filling up the DagBag from /home/airflow/.local/lib/python3.11/site-packages/airflow/example_dags/example_kubernetes_executor.py
[2023-11-02T09:13:27.396+0000] {processor.py:839} INFO - DAG(s) dict_keys(['example_kubernetes_executor']) retrieved from /home/airflow/.local/lib/python3.11/site-packages/airflow/example_dags/example_kubernetes_executor.py
[2023-11-02T09:13:27.445+0000] {logging_mixin.py:151} INFO - [2023-11-02T09:13:27.445+0000] {dag.py:2941} INFO - Sync 1 DAGs
[2023-11-02T09:13:27.455+0000] {logging_mixin.py:151} INFO - [2023-11-02T09:13:27.455+0000] {dag.py:3722} INFO - Setting next_dagrun for example_kubernetes_executor to None, run_after=None
[2023-11-02T09:13:27.467+0000] {processor.py:179} INFO - Processing /home/airflow/.local/lib/python3.11/site-packages/airflow/example_dags/example_kubernetes_executor.py took 0.105 seconds
[2023-11-02T09:13:57.560+0000] {processor.py:157} INFO - Started process (PID=763) to work on /home/airflow/.local/lib/python3.11/site-packages/airflow/example_dags/example_kubernetes_executor.py
[2023-11-02T09:13:57.563+0000] {processor.py:829} INFO - Processing file /home/airflow/.local/lib/python3.11/site-packages/airflow/example_dags/example_kubernetes_executor.py for tasks to queue
[2023-11-02T09:13:57.568+0000] {logging_mixin.py:151} INFO - [2023-11-02T09:13:57.567+0000] {dagbag.py:536} INFO - Filling up the DagBag from /home/airflow/.local/lib/python3.11/site-packages/airflow/example_dags/example_kubernetes_executor.py
[2023-11-02T09:13:57.583+0000] {processor.py:839} INFO - DAG(s) dict_keys(['example_kubernetes_executor']) retrieved from /home/airflow/.local/lib/python3.11/site-packages/airflow/example_dags/example_kubernetes_executor.py
[2023-11-02T09:13:57.613+0000] {logging_mixin.py:151} INFO - [2023-11-02T09:13:57.613+0000] {dag.py:2941} INFO - Sync 1 DAGs
[2023-11-02T09:13:57.623+0000] {logging_mixin.py:151} INFO - [2023-11-02T09:13:57.623+0000] {dag.py:3722} INFO - Setting next_dagrun for example_kubernetes_executor to None, run_after=None
[2023-11-02T09:13:57.635+0000] {processor.py:179} INFO - Processing /home/airflow/.local/lib/python3.11/site-packages/airflow/example_dags/example_kubernetes_executor.py took 0.082 seconds
[2023-11-02T09:14:28.320+0000] {processor.py:157} INFO - Started process (PID=818) to work on /home/airflow/.local/lib/python3.11/site-packages/airflow/example_dags/example_kubernetes_executor.py
[2023-11-02T09:14:28.321+0000] {processor.py:829} INFO - Processing file /home/airflow/.local/lib/python3.11/site-packages/airflow/example_dags/example_kubernetes_executor.py for tasks to queue
[2023-11-02T09:14:28.324+0000] {logging_mixin.py:151} INFO - [2023-11-02T09:14:28.324+0000] {dagbag.py:536} INFO - Filling up the DagBag from /home/airflow/.local/lib/python3.11/site-packages/airflow/example_dags/example_kubernetes_executor.py
[2023-11-02T09:14:28.340+0000] {processor.py:839} INFO - DAG(s) dict_keys(['example_kubernetes_executor']) retrieved from /home/airflow/.local/lib/python3.11/site-packages/airflow/example_dags/example_kubernetes_executor.py
[2023-11-02T09:14:28.369+0000] {logging_mixin.py:151} INFO - [2023-11-02T09:14:28.368+0000] {dag.py:2941} INFO - Sync 1 DAGs
[2023-11-02T09:14:28.377+0000] {logging_mixin.py:151} INFO - [2023-11-02T09:14:28.376+0000] {dag.py:3722} INFO - Setting next_dagrun for example_kubernetes_executor to None, run_after=None
[2023-11-02T09:14:28.387+0000] {processor.py:179} INFO - Processing /home/airflow/.local/lib/python3.11/site-packages/airflow/example_dags/example_kubernetes_executor.py took 0.073 seconds
[2023-11-02T09:14:59.028+0000] {processor.py:157} INFO - Started process (PID=873) to work on /home/airflow/.local/lib/python3.11/site-packages/airflow/example_dags/example_kubernetes_executor.py
[2023-11-02T09:14:59.035+0000] {processor.py:829} INFO - Processing file /home/airflow/.local/lib/python3.11/site-packages/airflow/example_dags/example_kubernetes_executor.py for tasks to queue
[2023-11-02T09:14:59.043+0000] {logging_mixin.py:151} INFO - [2023-11-02T09:14:59.043+0000] {dagbag.py:536} INFO - Filling up the DagBag from /home/airflow/.local/lib/python3.11/site-packages/airflow/example_dags/example_kubernetes_executor.py
[2023-11-02T09:14:59.061+0000] {processor.py:839} INFO - DAG(s) dict_keys(['example_kubernetes_executor']) retrieved from /home/airflow/.local/lib/python3.11/site-packages/airflow/example_dags/example_kubernetes_executor.py
[2023-11-02T09:14:59.106+0000] {logging_mixin.py:151} INFO - [2023-11-02T09:14:59.106+0000] {dag.py:2941} INFO - Sync 1 DAGs
[2023-11-02T09:14:59.120+0000] {logging_mixin.py:151} INFO - [2023-11-02T09:14:59.119+0000] {dag.py:3722} INFO - Setting next_dagrun for example_kubernetes_executor to None, run_after=None
[2023-11-02T09:14:59.138+0000] {processor.py:179} INFO - Processing /home/airflow/.local/lib/python3.11/site-packages/airflow/example_dags/example_kubernetes_executor.py took 0.116 seconds
[2023-11-02T09:15:29.221+0000] {processor.py:157} INFO - Started process (PID=928) to work on /home/airflow/.local/lib/python3.11/site-packages/airflow/example_dags/example_kubernetes_executor.py
[2023-11-02T09:15:29.223+0000] {processor.py:829} INFO - Processing file /home/airflow/.local/lib/python3.11/site-packages/airflow/example_dags/example_kubernetes_executor.py for tasks to queue
[2023-11-02T09:15:29.227+0000] {logging_mixin.py:151} INFO - [2023-11-02T09:15:29.226+0000] {dagbag.py:536} INFO - Filling up the DagBag from /home/airflow/.local/lib/python3.11/site-packages/airflow/example_dags/example_kubernetes_executor.py
[2023-11-02T09:15:29.240+0000] {processor.py:839} INFO - DAG(s) dict_keys(['example_kubernetes_executor']) retrieved from /home/airflow/.local/lib/python3.11/site-packages/airflow/example_dags/example_kubernetes_executor.py
[2023-11-02T09:15:29.268+0000] {logging_mixin.py:151} INFO - [2023-11-02T09:15:29.268+0000] {dag.py:2941} INFO - Sync 1 DAGs
[2023-11-02T09:15:29.278+0000] {logging_mixin.py:151} INFO - [2023-11-02T09:15:29.278+0000] {dag.py:3722} INFO - Setting next_dagrun for example_kubernetes_executor to None, run_after=None
[2023-11-02T09:15:29.291+0000] {processor.py:179} INFO - Processing /home/airflow/.local/lib/python3.11/site-packages/airflow/example_dags/example_kubernetes_executor.py took 0.074 seconds
[2023-11-02T09:15:59.480+0000] {processor.py:157} INFO - Started process (PID=983) to work on /home/airflow/.local/lib/python3.11/site-packages/airflow/example_dags/example_kubernetes_executor.py
[2023-11-02T09:15:59.483+0000] {processor.py:829} INFO - Processing file /home/airflow/.local/lib/python3.11/site-packages/airflow/example_dags/example_kubernetes_executor.py for tasks to queue
[2023-11-02T09:15:59.488+0000] {logging_mixin.py:151} INFO - [2023-11-02T09:15:59.488+0000] {dagbag.py:536} INFO - Filling up the DagBag from /home/airflow/.local/lib/python3.11/site-packages/airflow/example_dags/example_kubernetes_executor.py
[2023-11-02T09:15:59.504+0000] {processor.py:839} INFO - DAG(s) dict_keys(['example_kubernetes_executor']) retrieved from /home/airflow/.local/lib/python3.11/site-packages/airflow/example_dags/example_kubernetes_executor.py
[2023-11-02T09:15:59.537+0000] {logging_mixin.py:151} INFO - [2023-11-02T09:15:59.537+0000] {dag.py:2941} INFO - Sync 1 DAGs
[2023-11-02T09:15:59.546+0000] {logging_mixin.py:151} INFO - [2023-11-02T09:15:59.546+0000] {dag.py:3722} INFO - Setting next_dagrun for example_kubernetes_executor to None, run_after=None
[2023-11-02T09:15:59.558+0000] {processor.py:179} INFO - Processing /home/airflow/.local/lib/python3.11/site-packages/airflow/example_dags/example_kubernetes_executor.py took 0.086 seconds
[2023-11-02T09:16:29.652+0000] {processor.py:157} INFO - Started process (PID=1038) to work on /home/airflow/.local/lib/python3.11/site-packages/airflow/example_dags/example_kubernetes_executor.py
[2023-11-02T09:16:29.655+0000] {processor.py:829} INFO - Processing file /home/airflow/.local/lib/python3.11/site-packages/airflow/example_dags/example_kubernetes_executor.py for tasks to queue
[2023-11-02T09:16:29.659+0000] {logging_mixin.py:151} INFO - [2023-11-02T09:16:29.659+0000] {dagbag.py:536} INFO - Filling up the DagBag from /home/airflow/.local/lib/python3.11/site-packages/airflow/example_dags/example_kubernetes_executor.py
[2023-11-02T09:16:29.677+0000] {processor.py:839} INFO - DAG(s) dict_keys(['example_kubernetes_executor']) retrieved from /home/airflow/.local/lib/python3.11/site-packages/airflow/example_dags/example_kubernetes_executor.py
[2023-11-02T09:16:29.715+0000] {logging_mixin.py:151} INFO - [2023-11-02T09:16:29.715+0000] {dag.py:2941} INFO - Sync 1 DAGs
[2023-11-02T09:16:29.725+0000] {logging_mixin.py:151} INFO - [2023-11-02T09:16:29.725+0000] {dag.py:3722} INFO - Setting next_dagrun for example_kubernetes_executor to None, run_after=None
[2023-11-02T09:16:29.737+0000] {processor.py:179} INFO - Processing /home/airflow/.local/lib/python3.11/site-packages/airflow/example_dags/example_kubernetes_executor.py took 0.093 seconds
[2023-11-02T09:17:00.196+0000] {processor.py:157} INFO - Started process (PID=1093) to work on /home/airflow/.local/lib/python3.11/site-packages/airflow/example_dags/example_kubernetes_executor.py
[2023-11-02T09:17:00.200+0000] {processor.py:829} INFO - Processing file /home/airflow/.local/lib/python3.11/site-packages/airflow/example_dags/example_kubernetes_executor.py for tasks to queue
[2023-11-02T09:17:00.206+0000] {logging_mixin.py:151} INFO - [2023-11-02T09:17:00.205+0000] {dagbag.py:536} INFO - Filling up the DagBag from /home/airflow/.local/lib/python3.11/site-packages/airflow/example_dags/example_kubernetes_executor.py
[2023-11-02T09:17:00.225+0000] {processor.py:839} INFO - DAG(s) dict_keys(['example_kubernetes_executor']) retrieved from /home/airflow/.local/lib/python3.11/site-packages/airflow/example_dags/example_kubernetes_executor.py
[2023-11-02T09:17:00.259+0000] {logging_mixin.py:151} INFO - [2023-11-02T09:17:00.259+0000] {dag.py:2941} INFO - Sync 1 DAGs
[2023-11-02T09:17:00.270+0000] {logging_mixin.py:151} INFO - [2023-11-02T09:17:00.270+0000] {dag.py:3722} INFO - Setting next_dagrun for example_kubernetes_executor to None, run_after=None
[2023-11-02T09:17:00.285+0000] {processor.py:179} INFO - Processing /home/airflow/.local/lib/python3.11/site-packages/airflow/example_dags/example_kubernetes_executor.py took 0.096 seconds
[2023-11-02T09:17:31.010+0000] {processor.py:157} INFO - Started process (PID=1148) to work on /home/airflow/.local/lib/python3.11/site-packages/airflow/example_dags/example_kubernetes_executor.py
[2023-11-02T09:17:31.015+0000] {processor.py:829} INFO - Processing file /home/airflow/.local/lib/python3.11/site-packages/airflow/example_dags/example_kubernetes_executor.py for tasks to queue
[2023-11-02T09:17:31.019+0000] {logging_mixin.py:151} INFO - [2023-11-02T09:17:31.019+0000] {dagbag.py:536} INFO - Filling up the DagBag from /home/airflow/.local/lib/python3.11/site-packages/airflow/example_dags/example_kubernetes_executor.py
[2023-11-02T09:17:31.038+0000] {processor.py:839} INFO - DAG(s) dict_keys(['example_kubernetes_executor']) retrieved from /home/airflow/.local/lib/python3.11/site-packages/airflow/example_dags/example_kubernetes_executor.py
[2023-11-02T09:17:31.075+0000] {logging_mixin.py:151} INFO - [2023-11-02T09:17:31.075+0000] {dag.py:2941} INFO - Sync 1 DAGs
[2023-11-02T09:17:31.085+0000] {logging_mixin.py:151} INFO - [2023-11-02T09:17:31.085+0000] {dag.py:3722} INFO - Setting next_dagrun for example_kubernetes_executor to None, run_after=None
[2023-11-02T09:17:31.099+0000] {processor.py:179} INFO - Processing /home/airflow/.local/lib/python3.11/site-packages/airflow/example_dags/example_kubernetes_executor.py took 0.096 seconds
[2023-11-02T09:18:02.072+0000] {processor.py:157} INFO - Started process (PID=1203) to work on /home/airflow/.local/lib/python3.11/site-packages/airflow/example_dags/example_kubernetes_executor.py
[2023-11-02T09:18:02.076+0000] {processor.py:829} INFO - Processing file /home/airflow/.local/lib/python3.11/site-packages/airflow/example_dags/example_kubernetes_executor.py for tasks to queue
[2023-11-02T09:18:02.086+0000] {logging_mixin.py:151} INFO - [2023-11-02T09:18:02.085+0000] {dagbag.py:536} INFO - Filling up the DagBag from /home/airflow/.local/lib/python3.11/site-packages/airflow/example_dags/example_kubernetes_executor.py
[2023-11-02T09:18:02.137+0000] {processor.py:839} INFO - DAG(s) dict_keys(['example_kubernetes_executor']) retrieved from /home/airflow/.local/lib/python3.11/site-packages/airflow/example_dags/example_kubernetes_executor.py
[2023-11-02T09:18:02.216+0000] {logging_mixin.py:151} INFO - [2023-11-02T09:18:02.216+0000] {dag.py:2941} INFO - Sync 1 DAGs
[2023-11-02T09:18:02.235+0000] {logging_mixin.py:151} INFO - [2023-11-02T09:18:02.235+0000] {dag.py:3722} INFO - Setting next_dagrun for example_kubernetes_executor to None, run_after=None
[2023-11-02T09:18:02.256+0000] {processor.py:179} INFO - Processing /home/airflow/.local/lib/python3.11/site-packages/airflow/example_dags/example_kubernetes_executor.py took 0.202 seconds
[2023-11-02T09:18:32.816+0000] {processor.py:157} INFO - Started process (PID=1259) to work on /home/airflow/.local/lib/python3.11/site-packages/airflow/example_dags/example_kubernetes_executor.py
[2023-11-02T09:18:32.823+0000] {processor.py:829} INFO - Processing file /home/airflow/.local/lib/python3.11/site-packages/airflow/example_dags/example_kubernetes_executor.py for tasks to queue
[2023-11-02T09:18:32.845+0000] {logging_mixin.py:151} INFO - [2023-11-02T09:18:32.842+0000] {dagbag.py:536} INFO - Filling up the DagBag from /home/airflow/.local/lib/python3.11/site-packages/airflow/example_dags/example_kubernetes_executor.py
[2023-11-02T09:18:32.952+0000] {processor.py:839} INFO - DAG(s) dict_keys(['example_kubernetes_executor']) retrieved from /home/airflow/.local/lib/python3.11/site-packages/airflow/example_dags/example_kubernetes_executor.py
[2023-11-02T09:18:33.132+0000] {logging_mixin.py:151} INFO - [2023-11-02T09:18:33.131+0000] {dag.py:2941} INFO - Sync 1 DAGs
[2023-11-02T09:18:33.167+0000] {logging_mixin.py:151} INFO - [2023-11-02T09:18:33.166+0000] {dag.py:3722} INFO - Setting next_dagrun for example_kubernetes_executor to None, run_after=None
[2023-11-02T09:18:33.194+0000] {processor.py:179} INFO - Processing /home/airflow/.local/lib/python3.11/site-packages/airflow/example_dags/example_kubernetes_executor.py took 0.408 seconds
