[2023-11-02T08:44:38.361+0000] {processor.py:157} INFO - Started process (PID=47) to work on /home/airflow/.local/lib/python3.11/site-packages/airflow/example_dags/example_latest_only_with_trigger.py
[2023-11-02T08:44:38.364+0000] {processor.py:829} INFO - Processing file /home/airflow/.local/lib/python3.11/site-packages/airflow/example_dags/example_latest_only_with_trigger.py for tasks to queue
[2023-11-02T08:44:38.370+0000] {logging_mixin.py:151} INFO - [2023-11-02T08:44:38.369+0000] {dagbag.py:536} INFO - Filling up the DagBag from /home/airflow/.local/lib/python3.11/site-packages/airflow/example_dags/example_latest_only_with_trigger.py
[2023-11-02T08:44:38.437+0000] {processor.py:839} INFO - DAG(s) dict_keys(['latest_only_with_trigger']) retrieved from /home/airflow/.local/lib/python3.11/site-packages/airflow/example_dags/example_latest_only_with_trigger.py
[2023-11-02T08:44:38.836+0000] {logging_mixin.py:151} INFO - [2023-11-02T08:44:38.835+0000] {manager.py:499} INFO - Created Permission View: %s
[2023-11-02T08:44:38.872+0000] {logging_mixin.py:151} INFO - [2023-11-02T08:44:38.872+0000] {manager.py:499} INFO - Created Permission View: %s
[2023-11-02T08:44:38.898+0000] {logging_mixin.py:151} INFO - [2023-11-02T08:44:38.898+0000] {manager.py:499} INFO - Created Permission View: %s
[2023-11-02T08:44:38.900+0000] {logging_mixin.py:151} INFO - [2023-11-02T08:44:38.900+0000] {dag.py:2941} INFO - Sync 1 DAGs
[2023-11-02T08:44:38.967+0000] {logging_mixin.py:151} INFO - [2023-11-02T08:44:38.966+0000] {dag.py:2963} INFO - Creating ORM DAG for latest_only_with_trigger
[2023-11-02T08:44:39.013+0000] {logging_mixin.py:151} INFO - [2023-11-02T08:44:39.013+0000] {dag.py:3722} INFO - Setting next_dagrun for latest_only_with_trigger to 2023-11-02T04:44:39.012643+00:00, run_after=2023-11-02T08:44:39.012643+00:00
[2023-11-02T08:44:39.118+0000] {processor.py:179} INFO - Processing /home/airflow/.local/lib/python3.11/site-packages/airflow/example_dags/example_latest_only_with_trigger.py took 0.767 seconds
[2023-11-02T08:45:09.803+0000] {processor.py:157} INFO - Started process (PID=102) to work on /home/airflow/.local/lib/python3.11/site-packages/airflow/example_dags/example_latest_only_with_trigger.py
[2023-11-02T08:45:09.809+0000] {processor.py:829} INFO - Processing file /home/airflow/.local/lib/python3.11/site-packages/airflow/example_dags/example_latest_only_with_trigger.py for tasks to queue
[2023-11-02T08:45:09.834+0000] {logging_mixin.py:151} INFO - [2023-11-02T08:45:09.825+0000] {dagbag.py:536} INFO - Filling up the DagBag from /home/airflow/.local/lib/python3.11/site-packages/airflow/example_dags/example_latest_only_with_trigger.py
[2023-11-02T08:45:09.868+0000] {processor.py:839} INFO - DAG(s) dict_keys(['latest_only_with_trigger']) retrieved from /home/airflow/.local/lib/python3.11/site-packages/airflow/example_dags/example_latest_only_with_trigger.py
[2023-11-02T08:45:09.981+0000] {logging_mixin.py:151} INFO - [2023-11-02T08:45:09.981+0000] {dag.py:2941} INFO - Sync 1 DAGs
[2023-11-02T08:45:10.084+0000] {logging_mixin.py:151} INFO - [2023-11-02T08:45:10.084+0000] {dag.py:3722} INFO - Setting next_dagrun for latest_only_with_trigger to 2023-11-02T04:45:10.081161+00:00, run_after=2023-11-02T08:45:10.081161+00:00
[2023-11-02T08:45:10.162+0000] {processor.py:179} INFO - Processing /home/airflow/.local/lib/python3.11/site-packages/airflow/example_dags/example_latest_only_with_trigger.py took 0.376 seconds
[2023-11-02T08:45:40.800+0000] {processor.py:157} INFO - Started process (PID=157) to work on /home/airflow/.local/lib/python3.11/site-packages/airflow/example_dags/example_latest_only_with_trigger.py
[2023-11-02T08:45:40.804+0000] {processor.py:829} INFO - Processing file /home/airflow/.local/lib/python3.11/site-packages/airflow/example_dags/example_latest_only_with_trigger.py for tasks to queue
[2023-11-02T08:45:40.814+0000] {logging_mixin.py:151} INFO - [2023-11-02T08:45:40.812+0000] {dagbag.py:536} INFO - Filling up the DagBag from /home/airflow/.local/lib/python3.11/site-packages/airflow/example_dags/example_latest_only_with_trigger.py
[2023-11-02T08:45:40.828+0000] {processor.py:839} INFO - DAG(s) dict_keys(['latest_only_with_trigger']) retrieved from /home/airflow/.local/lib/python3.11/site-packages/airflow/example_dags/example_latest_only_with_trigger.py
[2023-11-02T08:45:40.855+0000] {logging_mixin.py:151} INFO - [2023-11-02T08:45:40.855+0000] {dag.py:2941} INFO - Sync 1 DAGs
[2023-11-02T08:45:40.880+0000] {logging_mixin.py:151} INFO - [2023-11-02T08:45:40.880+0000] {dag.py:3722} INFO - Setting next_dagrun for latest_only_with_trigger to 2023-11-02T04:45:40.880449+00:00, run_after=2023-11-02T08:45:40.880449+00:00
[2023-11-02T08:45:40.898+0000] {processor.py:179} INFO - Processing /home/airflow/.local/lib/python3.11/site-packages/airflow/example_dags/example_latest_only_with_trigger.py took 0.108 seconds
[2023-11-02T08:46:11.605+0000] {processor.py:157} INFO - Started process (PID=212) to work on /home/airflow/.local/lib/python3.11/site-packages/airflow/example_dags/example_latest_only_with_trigger.py
[2023-11-02T08:46:11.607+0000] {processor.py:829} INFO - Processing file /home/airflow/.local/lib/python3.11/site-packages/airflow/example_dags/example_latest_only_with_trigger.py for tasks to queue
[2023-11-02T08:46:11.611+0000] {logging_mixin.py:151} INFO - [2023-11-02T08:46:11.611+0000] {dagbag.py:536} INFO - Filling up the DagBag from /home/airflow/.local/lib/python3.11/site-packages/airflow/example_dags/example_latest_only_with_trigger.py
[2023-11-02T08:46:11.622+0000] {processor.py:839} INFO - DAG(s) dict_keys(['latest_only_with_trigger']) retrieved from /home/airflow/.local/lib/python3.11/site-packages/airflow/example_dags/example_latest_only_with_trigger.py
[2023-11-02T08:46:11.643+0000] {logging_mixin.py:151} INFO - [2023-11-02T08:46:11.643+0000] {dag.py:2941} INFO - Sync 1 DAGs
[2023-11-02T08:46:11.658+0000] {logging_mixin.py:151} INFO - [2023-11-02T08:46:11.658+0000] {dag.py:3722} INFO - Setting next_dagrun for latest_only_with_trigger to 2023-11-02T04:46:11.658468+00:00, run_after=2023-11-02T08:46:11.658468+00:00
[2023-11-02T08:46:11.672+0000] {processor.py:179} INFO - Processing /home/airflow/.local/lib/python3.11/site-packages/airflow/example_dags/example_latest_only_with_trigger.py took 0.072 seconds
[2023-11-02T08:46:42.070+0000] {processor.py:157} INFO - Started process (PID=267) to work on /home/airflow/.local/lib/python3.11/site-packages/airflow/example_dags/example_latest_only_with_trigger.py
[2023-11-02T08:46:42.077+0000] {processor.py:829} INFO - Processing file /home/airflow/.local/lib/python3.11/site-packages/airflow/example_dags/example_latest_only_with_trigger.py for tasks to queue
[2023-11-02T08:46:42.081+0000] {logging_mixin.py:151} INFO - [2023-11-02T08:46:42.080+0000] {dagbag.py:536} INFO - Filling up the DagBag from /home/airflow/.local/lib/python3.11/site-packages/airflow/example_dags/example_latest_only_with_trigger.py
[2023-11-02T08:46:42.087+0000] {processor.py:839} INFO - DAG(s) dict_keys(['latest_only_with_trigger']) retrieved from /home/airflow/.local/lib/python3.11/site-packages/airflow/example_dags/example_latest_only_with_trigger.py
[2023-11-02T08:46:42.105+0000] {logging_mixin.py:151} INFO - [2023-11-02T08:46:42.105+0000] {dag.py:2941} INFO - Sync 1 DAGs
[2023-11-02T08:46:42.120+0000] {logging_mixin.py:151} INFO - [2023-11-02T08:46:42.120+0000] {dag.py:3722} INFO - Setting next_dagrun for latest_only_with_trigger to 2023-11-02T04:46:42.119986+00:00, run_after=2023-11-02T08:46:42.119986+00:00
[2023-11-02T08:46:42.130+0000] {processor.py:179} INFO - Processing /home/airflow/.local/lib/python3.11/site-packages/airflow/example_dags/example_latest_only_with_trigger.py took 0.065 seconds
[2023-11-02T08:47:12.259+0000] {processor.py:157} INFO - Started process (PID=322) to work on /home/airflow/.local/lib/python3.11/site-packages/airflow/example_dags/example_latest_only_with_trigger.py
[2023-11-02T08:47:12.260+0000] {processor.py:829} INFO - Processing file /home/airflow/.local/lib/python3.11/site-packages/airflow/example_dags/example_latest_only_with_trigger.py for tasks to queue
[2023-11-02T08:47:12.263+0000] {logging_mixin.py:151} INFO - [2023-11-02T08:47:12.263+0000] {dagbag.py:536} INFO - Filling up the DagBag from /home/airflow/.local/lib/python3.11/site-packages/airflow/example_dags/example_latest_only_with_trigger.py
[2023-11-02T08:47:12.271+0000] {processor.py:839} INFO - DAG(s) dict_keys(['latest_only_with_trigger']) retrieved from /home/airflow/.local/lib/python3.11/site-packages/airflow/example_dags/example_latest_only_with_trigger.py
[2023-11-02T08:47:12.291+0000] {logging_mixin.py:151} INFO - [2023-11-02T08:47:12.290+0000] {dag.py:2941} INFO - Sync 1 DAGs
[2023-11-02T08:47:12.307+0000] {logging_mixin.py:151} INFO - [2023-11-02T08:47:12.307+0000] {dag.py:3722} INFO - Setting next_dagrun for latest_only_with_trigger to 2023-11-02T04:47:12.306921+00:00, run_after=2023-11-02T08:47:12.306921+00:00
[2023-11-02T08:47:12.319+0000] {processor.py:179} INFO - Processing /home/airflow/.local/lib/python3.11/site-packages/airflow/example_dags/example_latest_only_with_trigger.py took 0.065 seconds
[2023-11-02T08:47:42.401+0000] {processor.py:157} INFO - Started process (PID=377) to work on /home/airflow/.local/lib/python3.11/site-packages/airflow/example_dags/example_latest_only_with_trigger.py
[2023-11-02T08:47:42.403+0000] {processor.py:829} INFO - Processing file /home/airflow/.local/lib/python3.11/site-packages/airflow/example_dags/example_latest_only_with_trigger.py for tasks to queue
[2023-11-02T08:47:42.408+0000] {logging_mixin.py:151} INFO - [2023-11-02T08:47:42.408+0000] {dagbag.py:536} INFO - Filling up the DagBag from /home/airflow/.local/lib/python3.11/site-packages/airflow/example_dags/example_latest_only_with_trigger.py
[2023-11-02T08:47:42.418+0000] {processor.py:839} INFO - DAG(s) dict_keys(['latest_only_with_trigger']) retrieved from /home/airflow/.local/lib/python3.11/site-packages/airflow/example_dags/example_latest_only_with_trigger.py
[2023-11-02T08:47:42.439+0000] {logging_mixin.py:151} INFO - [2023-11-02T08:47:42.439+0000] {dag.py:2941} INFO - Sync 1 DAGs
[2023-11-02T08:47:42.459+0000] {logging_mixin.py:151} INFO - [2023-11-02T08:47:42.458+0000] {dag.py:3722} INFO - Setting next_dagrun for latest_only_with_trigger to 2023-11-02T04:47:42.458736+00:00, run_after=2023-11-02T08:47:42.458736+00:00
[2023-11-02T08:47:42.472+0000] {processor.py:179} INFO - Processing /home/airflow/.local/lib/python3.11/site-packages/airflow/example_dags/example_latest_only_with_trigger.py took 0.078 seconds
[2023-11-02T08:48:12.709+0000] {processor.py:157} INFO - Started process (PID=432) to work on /home/airflow/.local/lib/python3.11/site-packages/airflow/example_dags/example_latest_only_with_trigger.py
[2023-11-02T08:48:12.714+0000] {processor.py:829} INFO - Processing file /home/airflow/.local/lib/python3.11/site-packages/airflow/example_dags/example_latest_only_with_trigger.py for tasks to queue
[2023-11-02T08:48:12.718+0000] {logging_mixin.py:151} INFO - [2023-11-02T08:48:12.718+0000] {dagbag.py:536} INFO - Filling up the DagBag from /home/airflow/.local/lib/python3.11/site-packages/airflow/example_dags/example_latest_only_with_trigger.py
[2023-11-02T08:48:12.726+0000] {processor.py:839} INFO - DAG(s) dict_keys(['latest_only_with_trigger']) retrieved from /home/airflow/.local/lib/python3.11/site-packages/airflow/example_dags/example_latest_only_with_trigger.py
[2023-11-02T08:48:12.745+0000] {logging_mixin.py:151} INFO - [2023-11-02T08:48:12.745+0000] {dag.py:2941} INFO - Sync 1 DAGs
[2023-11-02T08:48:12.760+0000] {logging_mixin.py:151} INFO - [2023-11-02T08:48:12.759+0000] {dag.py:3722} INFO - Setting next_dagrun for latest_only_with_trigger to 2023-11-02T04:48:12.759718+00:00, run_after=2023-11-02T08:48:12.759718+00:00
[2023-11-02T08:48:12.773+0000] {processor.py:179} INFO - Processing /home/airflow/.local/lib/python3.11/site-packages/airflow/example_dags/example_latest_only_with_trigger.py took 0.069 seconds
[2023-11-02T08:48:42.849+0000] {processor.py:157} INFO - Started process (PID=487) to work on /home/airflow/.local/lib/python3.11/site-packages/airflow/example_dags/example_latest_only_with_trigger.py
[2023-11-02T08:48:42.852+0000] {processor.py:829} INFO - Processing file /home/airflow/.local/lib/python3.11/site-packages/airflow/example_dags/example_latest_only_with_trigger.py for tasks to queue
[2023-11-02T08:48:42.862+0000] {logging_mixin.py:151} INFO - [2023-11-02T08:48:42.862+0000] {dagbag.py:536} INFO - Filling up the DagBag from /home/airflow/.local/lib/python3.11/site-packages/airflow/example_dags/example_latest_only_with_trigger.py
[2023-11-02T08:48:42.869+0000] {processor.py:839} INFO - DAG(s) dict_keys(['latest_only_with_trigger']) retrieved from /home/airflow/.local/lib/python3.11/site-packages/airflow/example_dags/example_latest_only_with_trigger.py
[2023-11-02T08:48:42.889+0000] {logging_mixin.py:151} INFO - [2023-11-02T08:48:42.888+0000] {dag.py:2941} INFO - Sync 1 DAGs
[2023-11-02T08:48:42.903+0000] {logging_mixin.py:151} INFO - [2023-11-02T08:48:42.903+0000] {dag.py:3722} INFO - Setting next_dagrun for latest_only_with_trigger to 2023-11-02T04:48:42.903175+00:00, run_after=2023-11-02T08:48:42.903175+00:00
[2023-11-02T08:48:42.916+0000] {processor.py:179} INFO - Processing /home/airflow/.local/lib/python3.11/site-packages/airflow/example_dags/example_latest_only_with_trigger.py took 0.075 seconds
[2023-11-02T08:49:13.046+0000] {processor.py:157} INFO - Started process (PID=542) to work on /home/airflow/.local/lib/python3.11/site-packages/airflow/example_dags/example_latest_only_with_trigger.py
[2023-11-02T08:49:13.049+0000] {processor.py:829} INFO - Processing file /home/airflow/.local/lib/python3.11/site-packages/airflow/example_dags/example_latest_only_with_trigger.py for tasks to queue
[2023-11-02T08:49:13.053+0000] {logging_mixin.py:151} INFO - [2023-11-02T08:49:13.052+0000] {dagbag.py:536} INFO - Filling up the DagBag from /home/airflow/.local/lib/python3.11/site-packages/airflow/example_dags/example_latest_only_with_trigger.py
[2023-11-02T08:49:13.061+0000] {processor.py:839} INFO - DAG(s) dict_keys(['latest_only_with_trigger']) retrieved from /home/airflow/.local/lib/python3.11/site-packages/airflow/example_dags/example_latest_only_with_trigger.py
[2023-11-02T08:49:13.082+0000] {logging_mixin.py:151} INFO - [2023-11-02T08:49:13.082+0000] {dag.py:2941} INFO - Sync 1 DAGs
[2023-11-02T08:49:13.100+0000] {logging_mixin.py:151} INFO - [2023-11-02T08:49:13.100+0000] {dag.py:3722} INFO - Setting next_dagrun for latest_only_with_trigger to 2023-11-02T04:49:13.100065+00:00, run_after=2023-11-02T08:49:13.100065+00:00
[2023-11-02T08:49:13.114+0000] {processor.py:179} INFO - Processing /home/airflow/.local/lib/python3.11/site-packages/airflow/example_dags/example_latest_only_with_trigger.py took 0.075 seconds
[2023-11-02T08:49:43.329+0000] {processor.py:157} INFO - Started process (PID=597) to work on /home/airflow/.local/lib/python3.11/site-packages/airflow/example_dags/example_latest_only_with_trigger.py
[2023-11-02T08:49:43.331+0000] {processor.py:829} INFO - Processing file /home/airflow/.local/lib/python3.11/site-packages/airflow/example_dags/example_latest_only_with_trigger.py for tasks to queue
[2023-11-02T08:49:43.335+0000] {logging_mixin.py:151} INFO - [2023-11-02T08:49:43.334+0000] {dagbag.py:536} INFO - Filling up the DagBag from /home/airflow/.local/lib/python3.11/site-packages/airflow/example_dags/example_latest_only_with_trigger.py
[2023-11-02T08:49:43.345+0000] {processor.py:839} INFO - DAG(s) dict_keys(['latest_only_with_trigger']) retrieved from /home/airflow/.local/lib/python3.11/site-packages/airflow/example_dags/example_latest_only_with_trigger.py
[2023-11-02T08:49:43.368+0000] {logging_mixin.py:151} INFO - [2023-11-02T08:49:43.368+0000] {dag.py:2941} INFO - Sync 1 DAGs
[2023-11-02T08:49:43.386+0000] {logging_mixin.py:151} INFO - [2023-11-02T08:49:43.386+0000] {dag.py:3722} INFO - Setting next_dagrun for latest_only_with_trigger to 2023-11-02T04:49:43.385955+00:00, run_after=2023-11-02T08:49:43.385955+00:00
[2023-11-02T08:49:43.399+0000] {processor.py:179} INFO - Processing /home/airflow/.local/lib/python3.11/site-packages/airflow/example_dags/example_latest_only_with_trigger.py took 0.077 seconds
[2023-11-02T08:50:13.542+0000] {processor.py:157} INFO - Started process (PID=652) to work on /home/airflow/.local/lib/python3.11/site-packages/airflow/example_dags/example_latest_only_with_trigger.py
[2023-11-02T08:50:13.548+0000] {processor.py:829} INFO - Processing file /home/airflow/.local/lib/python3.11/site-packages/airflow/example_dags/example_latest_only_with_trigger.py for tasks to queue
[2023-11-02T08:50:13.551+0000] {logging_mixin.py:151} INFO - [2023-11-02T08:50:13.551+0000] {dagbag.py:536} INFO - Filling up the DagBag from /home/airflow/.local/lib/python3.11/site-packages/airflow/example_dags/example_latest_only_with_trigger.py
[2023-11-02T08:50:13.559+0000] {processor.py:839} INFO - DAG(s) dict_keys(['latest_only_with_trigger']) retrieved from /home/airflow/.local/lib/python3.11/site-packages/airflow/example_dags/example_latest_only_with_trigger.py
[2023-11-02T08:50:13.580+0000] {logging_mixin.py:151} INFO - [2023-11-02T08:50:13.580+0000] {dag.py:2941} INFO - Sync 1 DAGs
[2023-11-02T08:50:13.600+0000] {logging_mixin.py:151} INFO - [2023-11-02T08:50:13.599+0000] {dag.py:3722} INFO - Setting next_dagrun for latest_only_with_trigger to 2023-11-02T04:50:13.599652+00:00, run_after=2023-11-02T08:50:13.599652+00:00
[2023-11-02T08:50:13.614+0000] {processor.py:179} INFO - Processing /home/airflow/.local/lib/python3.11/site-packages/airflow/example_dags/example_latest_only_with_trigger.py took 0.076 seconds
[2023-11-02T08:50:43.697+0000] {processor.py:157} INFO - Started process (PID=707) to work on /home/airflow/.local/lib/python3.11/site-packages/airflow/example_dags/example_latest_only_with_trigger.py
[2023-11-02T08:50:43.698+0000] {processor.py:829} INFO - Processing file /home/airflow/.local/lib/python3.11/site-packages/airflow/example_dags/example_latest_only_with_trigger.py for tasks to queue
[2023-11-02T08:50:43.706+0000] {logging_mixin.py:151} INFO - [2023-11-02T08:50:43.706+0000] {dagbag.py:536} INFO - Filling up the DagBag from /home/airflow/.local/lib/python3.11/site-packages/airflow/example_dags/example_latest_only_with_trigger.py
[2023-11-02T08:50:43.713+0000] {processor.py:839} INFO - DAG(s) dict_keys(['latest_only_with_trigger']) retrieved from /home/airflow/.local/lib/python3.11/site-packages/airflow/example_dags/example_latest_only_with_trigger.py
[2023-11-02T08:50:43.730+0000] {logging_mixin.py:151} INFO - [2023-11-02T08:50:43.730+0000] {dag.py:2941} INFO - Sync 1 DAGs
[2023-11-02T08:50:43.748+0000] {logging_mixin.py:151} INFO - [2023-11-02T08:50:43.748+0000] {dag.py:3722} INFO - Setting next_dagrun for latest_only_with_trigger to 2023-11-02T04:50:43.748396+00:00, run_after=2023-11-02T08:50:43.748396+00:00
[2023-11-02T08:50:43.770+0000] {processor.py:179} INFO - Processing /home/airflow/.local/lib/python3.11/site-packages/airflow/example_dags/example_latest_only_with_trigger.py took 0.080 seconds
[2023-11-02T08:51:14.729+0000] {processor.py:157} INFO - Started process (PID=769) to work on /home/airflow/.local/lib/python3.11/site-packages/airflow/example_dags/example_latest_only_with_trigger.py
[2023-11-02T08:51:14.731+0000] {processor.py:829} INFO - Processing file /home/airflow/.local/lib/python3.11/site-packages/airflow/example_dags/example_latest_only_with_trigger.py for tasks to queue
[2023-11-02T08:51:14.736+0000] {logging_mixin.py:151} INFO - [2023-11-02T08:51:14.736+0000] {dagbag.py:536} INFO - Filling up the DagBag from /home/airflow/.local/lib/python3.11/site-packages/airflow/example_dags/example_latest_only_with_trigger.py
[2023-11-02T08:51:14.752+0000] {processor.py:839} INFO - DAG(s) dict_keys(['latest_only_with_trigger']) retrieved from /home/airflow/.local/lib/python3.11/site-packages/airflow/example_dags/example_latest_only_with_trigger.py
[2023-11-02T08:51:14.791+0000] {logging_mixin.py:151} INFO - [2023-11-02T08:51:14.791+0000] {dag.py:2941} INFO - Sync 1 DAGs
[2023-11-02T08:51:14.828+0000] {logging_mixin.py:151} INFO - [2023-11-02T08:51:14.828+0000] {dag.py:3722} INFO - Setting next_dagrun for latest_only_with_trigger to 2023-11-02T04:51:14.828239+00:00, run_after=2023-11-02T08:51:14.828239+00:00
[2023-11-02T08:51:14.850+0000] {processor.py:179} INFO - Processing /home/airflow/.local/lib/python3.11/site-packages/airflow/example_dags/example_latest_only_with_trigger.py took 0.127 seconds
[2023-11-02T08:51:44.990+0000] {processor.py:157} INFO - Started process (PID=824) to work on /home/airflow/.local/lib/python3.11/site-packages/airflow/example_dags/example_latest_only_with_trigger.py
[2023-11-02T08:51:44.996+0000] {processor.py:829} INFO - Processing file /home/airflow/.local/lib/python3.11/site-packages/airflow/example_dags/example_latest_only_with_trigger.py for tasks to queue
[2023-11-02T08:51:45.000+0000] {logging_mixin.py:151} INFO - [2023-11-02T08:51:44.999+0000] {dagbag.py:536} INFO - Filling up the DagBag from /home/airflow/.local/lib/python3.11/site-packages/airflow/example_dags/example_latest_only_with_trigger.py
[2023-11-02T08:51:45.007+0000] {processor.py:839} INFO - DAG(s) dict_keys(['latest_only_with_trigger']) retrieved from /home/airflow/.local/lib/python3.11/site-packages/airflow/example_dags/example_latest_only_with_trigger.py
[2023-11-02T08:51:45.025+0000] {logging_mixin.py:151} INFO - [2023-11-02T08:51:45.025+0000] {dag.py:2941} INFO - Sync 1 DAGs
[2023-11-02T08:51:45.045+0000] {logging_mixin.py:151} INFO - [2023-11-02T08:51:45.045+0000] {dag.py:3722} INFO - Setting next_dagrun for latest_only_with_trigger to 2023-11-02T04:51:45.045371+00:00, run_after=2023-11-02T08:51:45.045371+00:00
[2023-11-02T08:51:45.059+0000] {processor.py:179} INFO - Processing /home/airflow/.local/lib/python3.11/site-packages/airflow/example_dags/example_latest_only_with_trigger.py took 0.074 seconds
[2023-11-02T08:52:15.207+0000] {processor.py:157} INFO - Started process (PID=879) to work on /home/airflow/.local/lib/python3.11/site-packages/airflow/example_dags/example_latest_only_with_trigger.py
[2023-11-02T08:52:15.211+0000] {processor.py:829} INFO - Processing file /home/airflow/.local/lib/python3.11/site-packages/airflow/example_dags/example_latest_only_with_trigger.py for tasks to queue
[2023-11-02T08:52:15.216+0000] {logging_mixin.py:151} INFO - [2023-11-02T08:52:15.215+0000] {dagbag.py:536} INFO - Filling up the DagBag from /home/airflow/.local/lib/python3.11/site-packages/airflow/example_dags/example_latest_only_with_trigger.py
[2023-11-02T08:52:15.224+0000] {processor.py:839} INFO - DAG(s) dict_keys(['latest_only_with_trigger']) retrieved from /home/airflow/.local/lib/python3.11/site-packages/airflow/example_dags/example_latest_only_with_trigger.py
[2023-11-02T08:52:15.250+0000] {logging_mixin.py:151} INFO - [2023-11-02T08:52:15.250+0000] {dag.py:2941} INFO - Sync 1 DAGs
[2023-11-02T08:52:15.275+0000] {logging_mixin.py:151} INFO - [2023-11-02T08:52:15.274+0000] {dag.py:3722} INFO - Setting next_dagrun for latest_only_with_trigger to 2023-11-02T04:52:15.274678+00:00, run_after=2023-11-02T08:52:15.274678+00:00
[2023-11-02T08:52:15.292+0000] {processor.py:179} INFO - Processing /home/airflow/.local/lib/python3.11/site-packages/airflow/example_dags/example_latest_only_with_trigger.py took 0.090 seconds
[2023-11-02T08:52:45.405+0000] {processor.py:157} INFO - Started process (PID=934) to work on /home/airflow/.local/lib/python3.11/site-packages/airflow/example_dags/example_latest_only_with_trigger.py
[2023-11-02T08:52:45.411+0000] {processor.py:829} INFO - Processing file /home/airflow/.local/lib/python3.11/site-packages/airflow/example_dags/example_latest_only_with_trigger.py for tasks to queue
[2023-11-02T08:52:45.416+0000] {logging_mixin.py:151} INFO - [2023-11-02T08:52:45.416+0000] {dagbag.py:536} INFO - Filling up the DagBag from /home/airflow/.local/lib/python3.11/site-packages/airflow/example_dags/example_latest_only_with_trigger.py
[2023-11-02T08:52:45.423+0000] {processor.py:839} INFO - DAG(s) dict_keys(['latest_only_with_trigger']) retrieved from /home/airflow/.local/lib/python3.11/site-packages/airflow/example_dags/example_latest_only_with_trigger.py
[2023-11-02T08:52:45.442+0000] {logging_mixin.py:151} INFO - [2023-11-02T08:52:45.442+0000] {dag.py:2941} INFO - Sync 1 DAGs
[2023-11-02T08:52:45.459+0000] {logging_mixin.py:151} INFO - [2023-11-02T08:52:45.458+0000] {dag.py:3722} INFO - Setting next_dagrun for latest_only_with_trigger to 2023-11-02T04:52:45.458626+00:00, run_after=2023-11-02T08:52:45.458626+00:00
[2023-11-02T08:52:45.471+0000] {processor.py:179} INFO - Processing /home/airflow/.local/lib/python3.11/site-packages/airflow/example_dags/example_latest_only_with_trigger.py took 0.072 seconds
[2023-11-02T08:53:15.849+0000] {processor.py:157} INFO - Started process (PID=989) to work on /home/airflow/.local/lib/python3.11/site-packages/airflow/example_dags/example_latest_only_with_trigger.py
[2023-11-02T08:53:15.854+0000] {processor.py:829} INFO - Processing file /home/airflow/.local/lib/python3.11/site-packages/airflow/example_dags/example_latest_only_with_trigger.py for tasks to queue
[2023-11-02T08:53:15.858+0000] {logging_mixin.py:151} INFO - [2023-11-02T08:53:15.858+0000] {dagbag.py:536} INFO - Filling up the DagBag from /home/airflow/.local/lib/python3.11/site-packages/airflow/example_dags/example_latest_only_with_trigger.py
[2023-11-02T08:53:15.867+0000] {processor.py:839} INFO - DAG(s) dict_keys(['latest_only_with_trigger']) retrieved from /home/airflow/.local/lib/python3.11/site-packages/airflow/example_dags/example_latest_only_with_trigger.py
[2023-11-02T08:53:15.889+0000] {logging_mixin.py:151} INFO - [2023-11-02T08:53:15.889+0000] {dag.py:2941} INFO - Sync 1 DAGs
[2023-11-02T08:53:15.906+0000] {logging_mixin.py:151} INFO - [2023-11-02T08:53:15.906+0000] {dag.py:3722} INFO - Setting next_dagrun for latest_only_with_trigger to 2023-11-02T04:53:15.905845+00:00, run_after=2023-11-02T08:53:15.905845+00:00
[2023-11-02T08:53:15.916+0000] {processor.py:179} INFO - Processing /home/airflow/.local/lib/python3.11/site-packages/airflow/example_dags/example_latest_only_with_trigger.py took 0.073 seconds
[2023-11-02T08:53:46.088+0000] {processor.py:157} INFO - Started process (PID=1044) to work on /home/airflow/.local/lib/python3.11/site-packages/airflow/example_dags/example_latest_only_with_trigger.py
[2023-11-02T08:53:46.089+0000] {processor.py:829} INFO - Processing file /home/airflow/.local/lib/python3.11/site-packages/airflow/example_dags/example_latest_only_with_trigger.py for tasks to queue
[2023-11-02T08:53:46.092+0000] {logging_mixin.py:151} INFO - [2023-11-02T08:53:46.092+0000] {dagbag.py:536} INFO - Filling up the DagBag from /home/airflow/.local/lib/python3.11/site-packages/airflow/example_dags/example_latest_only_with_trigger.py
[2023-11-02T08:53:46.099+0000] {processor.py:839} INFO - DAG(s) dict_keys(['latest_only_with_trigger']) retrieved from /home/airflow/.local/lib/python3.11/site-packages/airflow/example_dags/example_latest_only_with_trigger.py
[2023-11-02T08:53:46.119+0000] {logging_mixin.py:151} INFO - [2023-11-02T08:53:46.119+0000] {dag.py:2941} INFO - Sync 1 DAGs
[2023-11-02T08:53:46.135+0000] {logging_mixin.py:151} INFO - [2023-11-02T08:53:46.135+0000] {dag.py:3722} INFO - Setting next_dagrun for latest_only_with_trigger to 2023-11-02T04:53:46.135140+00:00, run_after=2023-11-02T08:53:46.135140+00:00
[2023-11-02T08:53:46.146+0000] {processor.py:179} INFO - Processing /home/airflow/.local/lib/python3.11/site-packages/airflow/example_dags/example_latest_only_with_trigger.py took 0.062 seconds
[2023-11-02T08:54:16.754+0000] {processor.py:157} INFO - Started process (PID=1099) to work on /home/airflow/.local/lib/python3.11/site-packages/airflow/example_dags/example_latest_only_with_trigger.py
[2023-11-02T08:54:16.755+0000] {processor.py:829} INFO - Processing file /home/airflow/.local/lib/python3.11/site-packages/airflow/example_dags/example_latest_only_with_trigger.py for tasks to queue
[2023-11-02T08:54:16.757+0000] {logging_mixin.py:151} INFO - [2023-11-02T08:54:16.757+0000] {dagbag.py:536} INFO - Filling up the DagBag from /home/airflow/.local/lib/python3.11/site-packages/airflow/example_dags/example_latest_only_with_trigger.py
[2023-11-02T08:54:16.761+0000] {processor.py:839} INFO - DAG(s) dict_keys(['latest_only_with_trigger']) retrieved from /home/airflow/.local/lib/python3.11/site-packages/airflow/example_dags/example_latest_only_with_trigger.py
[2023-11-02T08:54:16.779+0000] {logging_mixin.py:151} INFO - [2023-11-02T08:54:16.778+0000] {dag.py:2941} INFO - Sync 1 DAGs
[2023-11-02T08:54:16.793+0000] {logging_mixin.py:151} INFO - [2023-11-02T08:54:16.793+0000] {dag.py:3722} INFO - Setting next_dagrun for latest_only_with_trigger to 2023-11-02T04:54:16.793161+00:00, run_after=2023-11-02T08:54:16.793161+00:00
[2023-11-02T08:54:16.804+0000] {processor.py:179} INFO - Processing /home/airflow/.local/lib/python3.11/site-packages/airflow/example_dags/example_latest_only_with_trigger.py took 0.053 seconds
[2023-11-02T08:54:46.916+0000] {processor.py:157} INFO - Started process (PID=1154) to work on /home/airflow/.local/lib/python3.11/site-packages/airflow/example_dags/example_latest_only_with_trigger.py
[2023-11-02T08:54:46.921+0000] {processor.py:829} INFO - Processing file /home/airflow/.local/lib/python3.11/site-packages/airflow/example_dags/example_latest_only_with_trigger.py for tasks to queue
[2023-11-02T08:54:46.925+0000] {logging_mixin.py:151} INFO - [2023-11-02T08:54:46.925+0000] {dagbag.py:536} INFO - Filling up the DagBag from /home/airflow/.local/lib/python3.11/site-packages/airflow/example_dags/example_latest_only_with_trigger.py
[2023-11-02T08:54:46.933+0000] {processor.py:839} INFO - DAG(s) dict_keys(['latest_only_with_trigger']) retrieved from /home/airflow/.local/lib/python3.11/site-packages/airflow/example_dags/example_latest_only_with_trigger.py
[2023-11-02T08:54:46.956+0000] {logging_mixin.py:151} INFO - [2023-11-02T08:54:46.956+0000] {dag.py:2941} INFO - Sync 1 DAGs
[2023-11-02T08:54:46.982+0000] {logging_mixin.py:151} INFO - [2023-11-02T08:54:46.982+0000] {dag.py:3722} INFO - Setting next_dagrun for latest_only_with_trigger to 2023-11-02T04:54:46.981896+00:00, run_after=2023-11-02T08:54:46.981896+00:00
[2023-11-02T08:54:46.997+0000] {processor.py:179} INFO - Processing /home/airflow/.local/lib/python3.11/site-packages/airflow/example_dags/example_latest_only_with_trigger.py took 0.085 seconds
