[2023-11-02T08:44:32.941+0000] {processor.py:157} INFO - Started process (PID=33) to work on /home/airflow/.local/lib/python3.11/site-packages/airflow/example_dags/example_branch_datetime_operator.py
[2023-11-02T08:44:32.943+0000] {processor.py:829} INFO - Processing file /home/airflow/.local/lib/python3.11/site-packages/airflow/example_dags/example_branch_datetime_operator.py for tasks to queue
[2023-11-02T08:44:32.949+0000] {logging_mixin.py:151} INFO - [2023-11-02T08:44:32.949+0000] {dagbag.py:536} INFO - Filling up the DagBag from /home/airflow/.local/lib/python3.11/site-packages/airflow/example_dags/example_branch_datetime_operator.py
[2023-11-02T08:44:32.995+0000] {processor.py:839} INFO - DAG(s) dict_keys(['example_branch_datetime_operator_2', 'example_branch_datetime_operator_3', 'example_branch_datetime_operator']) retrieved from /home/airflow/.local/lib/python3.11/site-packages/airflow/example_dags/example_branch_datetime_operator.py
[2023-11-02T08:44:33.155+0000] {logging_mixin.py:151} INFO - [2023-11-02T08:44:33.154+0000] {manager.py:499} INFO - Created Permission View: %s
[2023-11-02T08:44:33.183+0000] {logging_mixin.py:151} INFO - [2023-11-02T08:44:33.183+0000] {manager.py:499} INFO - Created Permission View: %s
[2023-11-02T08:44:33.199+0000] {logging_mixin.py:151} INFO - [2023-11-02T08:44:33.198+0000] {manager.py:499} INFO - Created Permission View: %s
[2023-11-02T08:44:33.214+0000] {logging_mixin.py:151} INFO - [2023-11-02T08:44:33.214+0000] {manager.py:499} INFO - Created Permission View: %s
[2023-11-02T08:44:33.222+0000] {logging_mixin.py:151} INFO - [2023-11-02T08:44:33.222+0000] {manager.py:499} INFO - Created Permission View: %s
[2023-11-02T08:44:33.232+0000] {logging_mixin.py:151} INFO - [2023-11-02T08:44:33.232+0000] {manager.py:499} INFO - Created Permission View: %s
[2023-11-02T08:44:33.248+0000] {logging_mixin.py:151} INFO - [2023-11-02T08:44:33.248+0000] {manager.py:499} INFO - Created Permission View: %s
[2023-11-02T08:44:33.255+0000] {logging_mixin.py:151} INFO - [2023-11-02T08:44:33.255+0000] {manager.py:499} INFO - Created Permission View: %s
[2023-11-02T08:44:33.278+0000] {logging_mixin.py:151} INFO - [2023-11-02T08:44:33.278+0000] {manager.py:499} INFO - Created Permission View: %s
[2023-11-02T08:44:33.282+0000] {logging_mixin.py:151} INFO - [2023-11-02T08:44:33.280+0000] {dag.py:2941} INFO - Sync 3 DAGs
[2023-11-02T08:44:33.307+0000] {logging_mixin.py:151} INFO - [2023-11-02T08:44:33.307+0000] {dag.py:2963} INFO - Creating ORM DAG for example_branch_datetime_operator_2
[2023-11-02T08:44:33.309+0000] {logging_mixin.py:151} INFO - [2023-11-02T08:44:33.309+0000] {dag.py:2963} INFO - Creating ORM DAG for example_branch_datetime_operator_3
[2023-11-02T08:44:33.310+0000] {logging_mixin.py:151} INFO - [2023-11-02T08:44:33.309+0000] {dag.py:2963} INFO - Creating ORM DAG for example_branch_datetime_operator
[2023-11-02T08:44:33.324+0000] {logging_mixin.py:151} INFO - [2023-11-02T08:44:33.324+0000] {dag.py:3722} INFO - Setting next_dagrun for example_branch_datetime_operator to 2023-11-01T00:00:00+00:00, run_after=2023-11-02T00:00:00+00:00
[2023-11-02T08:44:33.328+0000] {logging_mixin.py:151} INFO - [2023-11-02T08:44:33.328+0000] {dag.py:3722} INFO - Setting next_dagrun for example_branch_datetime_operator_2 to 2023-11-01T00:00:00+00:00, run_after=2023-11-02T00:00:00+00:00
[2023-11-02T08:44:33.333+0000] {logging_mixin.py:151} INFO - [2023-11-02T08:44:33.333+0000] {dag.py:3722} INFO - Setting next_dagrun for example_branch_datetime_operator_3 to 2023-11-01T00:00:00+00:00, run_after=2023-11-02T00:00:00+00:00
[2023-11-02T08:44:33.359+0000] {processor.py:179} INFO - Processing /home/airflow/.local/lib/python3.11/site-packages/airflow/example_dags/example_branch_datetime_operator.py took 0.425 seconds
[2023-11-02T08:45:03.851+0000] {processor.py:157} INFO - Started process (PID=88) to work on /home/airflow/.local/lib/python3.11/site-packages/airflow/example_dags/example_branch_datetime_operator.py
[2023-11-02T08:45:03.852+0000] {processor.py:829} INFO - Processing file /home/airflow/.local/lib/python3.11/site-packages/airflow/example_dags/example_branch_datetime_operator.py for tasks to queue
[2023-11-02T08:45:03.855+0000] {logging_mixin.py:151} INFO - [2023-11-02T08:45:03.855+0000] {dagbag.py:536} INFO - Filling up the DagBag from /home/airflow/.local/lib/python3.11/site-packages/airflow/example_dags/example_branch_datetime_operator.py
[2023-11-02T08:45:03.865+0000] {processor.py:839} INFO - DAG(s) dict_keys(['example_branch_datetime_operator', 'example_branch_datetime_operator_2', 'example_branch_datetime_operator_3']) retrieved from /home/airflow/.local/lib/python3.11/site-packages/airflow/example_dags/example_branch_datetime_operator.py
[2023-11-02T08:45:03.899+0000] {logging_mixin.py:151} INFO - [2023-11-02T08:45:03.898+0000] {dag.py:2941} INFO - Sync 3 DAGs
[2023-11-02T08:45:03.923+0000] {logging_mixin.py:151} INFO - [2023-11-02T08:45:03.923+0000] {dag.py:3722} INFO - Setting next_dagrun for example_branch_datetime_operator to 2023-11-01T00:00:00+00:00, run_after=2023-11-02T00:00:00+00:00
[2023-11-02T08:45:03.926+0000] {logging_mixin.py:151} INFO - [2023-11-02T08:45:03.926+0000] {dag.py:3722} INFO - Setting next_dagrun for example_branch_datetime_operator_2 to 2023-11-01T00:00:00+00:00, run_after=2023-11-02T00:00:00+00:00
[2023-11-02T08:45:03.928+0000] {logging_mixin.py:151} INFO - [2023-11-02T08:45:03.928+0000] {dag.py:3722} INFO - Setting next_dagrun for example_branch_datetime_operator_3 to 2023-11-01T00:00:00+00:00, run_after=2023-11-02T00:00:00+00:00
[2023-11-02T08:45:03.943+0000] {processor.py:179} INFO - Processing /home/airflow/.local/lib/python3.11/site-packages/airflow/example_dags/example_branch_datetime_operator.py took 0.095 seconds
[2023-11-02T08:45:35.022+0000] {processor.py:157} INFO - Started process (PID=143) to work on /home/airflow/.local/lib/python3.11/site-packages/airflow/example_dags/example_branch_datetime_operator.py
[2023-11-02T08:45:35.023+0000] {processor.py:829} INFO - Processing file /home/airflow/.local/lib/python3.11/site-packages/airflow/example_dags/example_branch_datetime_operator.py for tasks to queue
[2023-11-02T08:45:35.025+0000] {logging_mixin.py:151} INFO - [2023-11-02T08:45:35.025+0000] {dagbag.py:536} INFO - Filling up the DagBag from /home/airflow/.local/lib/python3.11/site-packages/airflow/example_dags/example_branch_datetime_operator.py
[2023-11-02T08:45:35.035+0000] {processor.py:839} INFO - DAG(s) dict_keys(['example_branch_datetime_operator_3', 'example_branch_datetime_operator_2', 'example_branch_datetime_operator']) retrieved from /home/airflow/.local/lib/python3.11/site-packages/airflow/example_dags/example_branch_datetime_operator.py
[2023-11-02T08:45:35.055+0000] {logging_mixin.py:151} INFO - [2023-11-02T08:45:35.055+0000] {dag.py:2941} INFO - Sync 3 DAGs
[2023-11-02T08:45:35.071+0000] {logging_mixin.py:151} INFO - [2023-11-02T08:45:35.071+0000] {dag.py:3722} INFO - Setting next_dagrun for example_branch_datetime_operator to 2023-11-01T00:00:00+00:00, run_after=2023-11-02T00:00:00+00:00
[2023-11-02T08:45:35.073+0000] {logging_mixin.py:151} INFO - [2023-11-02T08:45:35.073+0000] {dag.py:3722} INFO - Setting next_dagrun for example_branch_datetime_operator_2 to 2023-11-01T00:00:00+00:00, run_after=2023-11-02T00:00:00+00:00
[2023-11-02T08:45:35.075+0000] {logging_mixin.py:151} INFO - [2023-11-02T08:45:35.075+0000] {dag.py:3722} INFO - Setting next_dagrun for example_branch_datetime_operator_3 to 2023-11-01T00:00:00+00:00, run_after=2023-11-02T00:00:00+00:00
[2023-11-02T08:45:35.084+0000] {processor.py:179} INFO - Processing /home/airflow/.local/lib/python3.11/site-packages/airflow/example_dags/example_branch_datetime_operator.py took 0.065 seconds
[2023-11-02T08:46:05.820+0000] {processor.py:157} INFO - Started process (PID=198) to work on /home/airflow/.local/lib/python3.11/site-packages/airflow/example_dags/example_branch_datetime_operator.py
[2023-11-02T08:46:05.820+0000] {processor.py:829} INFO - Processing file /home/airflow/.local/lib/python3.11/site-packages/airflow/example_dags/example_branch_datetime_operator.py for tasks to queue
[2023-11-02T08:46:05.824+0000] {logging_mixin.py:151} INFO - [2023-11-02T08:46:05.823+0000] {dagbag.py:536} INFO - Filling up the DagBag from /home/airflow/.local/lib/python3.11/site-packages/airflow/example_dags/example_branch_datetime_operator.py
[2023-11-02T08:46:05.835+0000] {processor.py:839} INFO - DAG(s) dict_keys(['example_branch_datetime_operator_2', 'example_branch_datetime_operator', 'example_branch_datetime_operator_3']) retrieved from /home/airflow/.local/lib/python3.11/site-packages/airflow/example_dags/example_branch_datetime_operator.py
[2023-11-02T08:46:05.857+0000] {logging_mixin.py:151} INFO - [2023-11-02T08:46:05.857+0000] {dag.py:2941} INFO - Sync 3 DAGs
[2023-11-02T08:46:05.873+0000] {logging_mixin.py:151} INFO - [2023-11-02T08:46:05.873+0000] {dag.py:3722} INFO - Setting next_dagrun for example_branch_datetime_operator to 2023-11-01T00:00:00+00:00, run_after=2023-11-02T00:00:00+00:00
[2023-11-02T08:46:05.876+0000] {logging_mixin.py:151} INFO - [2023-11-02T08:46:05.876+0000] {dag.py:3722} INFO - Setting next_dagrun for example_branch_datetime_operator_2 to 2023-11-01T00:00:00+00:00, run_after=2023-11-02T00:00:00+00:00
[2023-11-02T08:46:05.877+0000] {logging_mixin.py:151} INFO - [2023-11-02T08:46:05.877+0000] {dag.py:3722} INFO - Setting next_dagrun for example_branch_datetime_operator_3 to 2023-11-01T00:00:00+00:00, run_after=2023-11-02T00:00:00+00:00
[2023-11-02T08:46:05.887+0000] {processor.py:179} INFO - Processing /home/airflow/.local/lib/python3.11/site-packages/airflow/example_dags/example_branch_datetime_operator.py took 0.072 seconds
[2023-11-02T08:46:36.339+0000] {processor.py:157} INFO - Started process (PID=253) to work on /home/airflow/.local/lib/python3.11/site-packages/airflow/example_dags/example_branch_datetime_operator.py
[2023-11-02T08:46:36.340+0000] {processor.py:829} INFO - Processing file /home/airflow/.local/lib/python3.11/site-packages/airflow/example_dags/example_branch_datetime_operator.py for tasks to queue
[2023-11-02T08:46:36.343+0000] {logging_mixin.py:151} INFO - [2023-11-02T08:46:36.342+0000] {dagbag.py:536} INFO - Filling up the DagBag from /home/airflow/.local/lib/python3.11/site-packages/airflow/example_dags/example_branch_datetime_operator.py
[2023-11-02T08:46:36.352+0000] {processor.py:839} INFO - DAG(s) dict_keys(['example_branch_datetime_operator_2', 'example_branch_datetime_operator_3', 'example_branch_datetime_operator']) retrieved from /home/airflow/.local/lib/python3.11/site-packages/airflow/example_dags/example_branch_datetime_operator.py
[2023-11-02T08:46:36.378+0000] {logging_mixin.py:151} INFO - [2023-11-02T08:46:36.378+0000] {dag.py:2941} INFO - Sync 3 DAGs
[2023-11-02T08:46:36.394+0000] {logging_mixin.py:151} INFO - [2023-11-02T08:46:36.393+0000] {dag.py:3722} INFO - Setting next_dagrun for example_branch_datetime_operator to 2023-11-01T00:00:00+00:00, run_after=2023-11-02T00:00:00+00:00
[2023-11-02T08:46:36.397+0000] {logging_mixin.py:151} INFO - [2023-11-02T08:46:36.397+0000] {dag.py:3722} INFO - Setting next_dagrun for example_branch_datetime_operator_2 to 2023-11-01T00:00:00+00:00, run_after=2023-11-02T00:00:00+00:00
[2023-11-02T08:46:36.398+0000] {logging_mixin.py:151} INFO - [2023-11-02T08:46:36.398+0000] {dag.py:3722} INFO - Setting next_dagrun for example_branch_datetime_operator_3 to 2023-11-01T00:00:00+00:00, run_after=2023-11-02T00:00:00+00:00
[2023-11-02T08:46:36.408+0000] {processor.py:179} INFO - Processing /home/airflow/.local/lib/python3.11/site-packages/airflow/example_dags/example_branch_datetime_operator.py took 0.075 seconds
[2023-11-02T08:47:06.543+0000] {processor.py:157} INFO - Started process (PID=308) to work on /home/airflow/.local/lib/python3.11/site-packages/airflow/example_dags/example_branch_datetime_operator.py
[2023-11-02T08:47:06.543+0000] {processor.py:829} INFO - Processing file /home/airflow/.local/lib/python3.11/site-packages/airflow/example_dags/example_branch_datetime_operator.py for tasks to queue
[2023-11-02T08:47:06.545+0000] {logging_mixin.py:151} INFO - [2023-11-02T08:47:06.545+0000] {dagbag.py:536} INFO - Filling up the DagBag from /home/airflow/.local/lib/python3.11/site-packages/airflow/example_dags/example_branch_datetime_operator.py
[2023-11-02T08:47:06.552+0000] {processor.py:839} INFO - DAG(s) dict_keys(['example_branch_datetime_operator', 'example_branch_datetime_operator_2', 'example_branch_datetime_operator_3']) retrieved from /home/airflow/.local/lib/python3.11/site-packages/airflow/example_dags/example_branch_datetime_operator.py
[2023-11-02T08:47:06.570+0000] {logging_mixin.py:151} INFO - [2023-11-02T08:47:06.570+0000] {dag.py:2941} INFO - Sync 3 DAGs
[2023-11-02T08:47:06.585+0000] {logging_mixin.py:151} INFO - [2023-11-02T08:47:06.585+0000] {dag.py:3722} INFO - Setting next_dagrun for example_branch_datetime_operator to 2023-11-01T00:00:00+00:00, run_after=2023-11-02T00:00:00+00:00
[2023-11-02T08:47:06.589+0000] {logging_mixin.py:151} INFO - [2023-11-02T08:47:06.589+0000] {dag.py:3722} INFO - Setting next_dagrun for example_branch_datetime_operator_2 to 2023-11-01T00:00:00+00:00, run_after=2023-11-02T00:00:00+00:00
[2023-11-02T08:47:06.590+0000] {logging_mixin.py:151} INFO - [2023-11-02T08:47:06.590+0000] {dag.py:3722} INFO - Setting next_dagrun for example_branch_datetime_operator_3 to 2023-11-01T00:00:00+00:00, run_after=2023-11-02T00:00:00+00:00
[2023-11-02T08:47:06.599+0000] {processor.py:179} INFO - Processing /home/airflow/.local/lib/python3.11/site-packages/airflow/example_dags/example_branch_datetime_operator.py took 0.059 seconds
[2023-11-02T08:47:36.786+0000] {processor.py:157} INFO - Started process (PID=363) to work on /home/airflow/.local/lib/python3.11/site-packages/airflow/example_dags/example_branch_datetime_operator.py
[2023-11-02T08:47:36.792+0000] {processor.py:829} INFO - Processing file /home/airflow/.local/lib/python3.11/site-packages/airflow/example_dags/example_branch_datetime_operator.py for tasks to queue
[2023-11-02T08:47:36.794+0000] {logging_mixin.py:151} INFO - [2023-11-02T08:47:36.794+0000] {dagbag.py:536} INFO - Filling up the DagBag from /home/airflow/.local/lib/python3.11/site-packages/airflow/example_dags/example_branch_datetime_operator.py
[2023-11-02T08:47:36.802+0000] {processor.py:839} INFO - DAG(s) dict_keys(['example_branch_datetime_operator_2', 'example_branch_datetime_operator', 'example_branch_datetime_operator_3']) retrieved from /home/airflow/.local/lib/python3.11/site-packages/airflow/example_dags/example_branch_datetime_operator.py
[2023-11-02T08:47:36.823+0000] {logging_mixin.py:151} INFO - [2023-11-02T08:47:36.823+0000] {dag.py:2941} INFO - Sync 3 DAGs
[2023-11-02T08:47:36.839+0000] {logging_mixin.py:151} INFO - [2023-11-02T08:47:36.839+0000] {dag.py:3722} INFO - Setting next_dagrun for example_branch_datetime_operator to 2023-11-01T00:00:00+00:00, run_after=2023-11-02T00:00:00+00:00
[2023-11-02T08:47:36.842+0000] {logging_mixin.py:151} INFO - [2023-11-02T08:47:36.842+0000] {dag.py:3722} INFO - Setting next_dagrun for example_branch_datetime_operator_2 to 2023-11-01T00:00:00+00:00, run_after=2023-11-02T00:00:00+00:00
[2023-11-02T08:47:36.843+0000] {logging_mixin.py:151} INFO - [2023-11-02T08:47:36.843+0000] {dag.py:3722} INFO - Setting next_dagrun for example_branch_datetime_operator_3 to 2023-11-01T00:00:00+00:00, run_after=2023-11-02T00:00:00+00:00
[2023-11-02T08:47:36.852+0000] {processor.py:179} INFO - Processing /home/airflow/.local/lib/python3.11/site-packages/airflow/example_dags/example_branch_datetime_operator.py took 0.070 seconds
[2023-11-02T08:48:06.973+0000] {processor.py:157} INFO - Started process (PID=418) to work on /home/airflow/.local/lib/python3.11/site-packages/airflow/example_dags/example_branch_datetime_operator.py
[2023-11-02T08:48:06.974+0000] {processor.py:829} INFO - Processing file /home/airflow/.local/lib/python3.11/site-packages/airflow/example_dags/example_branch_datetime_operator.py for tasks to queue
[2023-11-02T08:48:06.976+0000] {logging_mixin.py:151} INFO - [2023-11-02T08:48:06.976+0000] {dagbag.py:536} INFO - Filling up the DagBag from /home/airflow/.local/lib/python3.11/site-packages/airflow/example_dags/example_branch_datetime_operator.py
[2023-11-02T08:48:06.983+0000] {processor.py:839} INFO - DAG(s) dict_keys(['example_branch_datetime_operator_3', 'example_branch_datetime_operator_2', 'example_branch_datetime_operator']) retrieved from /home/airflow/.local/lib/python3.11/site-packages/airflow/example_dags/example_branch_datetime_operator.py
[2023-11-02T08:48:07.001+0000] {logging_mixin.py:151} INFO - [2023-11-02T08:48:07.001+0000] {dag.py:2941} INFO - Sync 3 DAGs
[2023-11-02T08:48:07.016+0000] {logging_mixin.py:151} INFO - [2023-11-02T08:48:07.016+0000] {dag.py:3722} INFO - Setting next_dagrun for example_branch_datetime_operator to 2023-11-01T00:00:00+00:00, run_after=2023-11-02T00:00:00+00:00
[2023-11-02T08:48:07.019+0000] {logging_mixin.py:151} INFO - [2023-11-02T08:48:07.019+0000] {dag.py:3722} INFO - Setting next_dagrun for example_branch_datetime_operator_2 to 2023-11-01T00:00:00+00:00, run_after=2023-11-02T00:00:00+00:00
[2023-11-02T08:48:07.020+0000] {logging_mixin.py:151} INFO - [2023-11-02T08:48:07.020+0000] {dag.py:3722} INFO - Setting next_dagrun for example_branch_datetime_operator_3 to 2023-11-01T00:00:00+00:00, run_after=2023-11-02T00:00:00+00:00
[2023-11-02T08:48:07.029+0000] {processor.py:179} INFO - Processing /home/airflow/.local/lib/python3.11/site-packages/airflow/example_dags/example_branch_datetime_operator.py took 0.059 seconds
[2023-11-02T08:48:37.224+0000] {processor.py:157} INFO - Started process (PID=473) to work on /home/airflow/.local/lib/python3.11/site-packages/airflow/example_dags/example_branch_datetime_operator.py
[2023-11-02T08:48:37.224+0000] {processor.py:829} INFO - Processing file /home/airflow/.local/lib/python3.11/site-packages/airflow/example_dags/example_branch_datetime_operator.py for tasks to queue
[2023-11-02T08:48:37.227+0000] {logging_mixin.py:151} INFO - [2023-11-02T08:48:37.226+0000] {dagbag.py:536} INFO - Filling up the DagBag from /home/airflow/.local/lib/python3.11/site-packages/airflow/example_dags/example_branch_datetime_operator.py
[2023-11-02T08:48:37.234+0000] {processor.py:839} INFO - DAG(s) dict_keys(['example_branch_datetime_operator', 'example_branch_datetime_operator_2', 'example_branch_datetime_operator_3']) retrieved from /home/airflow/.local/lib/python3.11/site-packages/airflow/example_dags/example_branch_datetime_operator.py
[2023-11-02T08:48:37.258+0000] {logging_mixin.py:151} INFO - [2023-11-02T08:48:37.258+0000] {dag.py:2941} INFO - Sync 3 DAGs
[2023-11-02T08:48:37.274+0000] {logging_mixin.py:151} INFO - [2023-11-02T08:48:37.274+0000] {dag.py:3722} INFO - Setting next_dagrun for example_branch_datetime_operator to 2023-11-01T00:00:00+00:00, run_after=2023-11-02T00:00:00+00:00
[2023-11-02T08:48:37.277+0000] {logging_mixin.py:151} INFO - [2023-11-02T08:48:37.277+0000] {dag.py:3722} INFO - Setting next_dagrun for example_branch_datetime_operator_2 to 2023-11-01T00:00:00+00:00, run_after=2023-11-02T00:00:00+00:00
[2023-11-02T08:48:37.279+0000] {logging_mixin.py:151} INFO - [2023-11-02T08:48:37.279+0000] {dag.py:3722} INFO - Setting next_dagrun for example_branch_datetime_operator_3 to 2023-11-01T00:00:00+00:00, run_after=2023-11-02T00:00:00+00:00
[2023-11-02T08:48:37.293+0000] {processor.py:179} INFO - Processing /home/airflow/.local/lib/python3.11/site-packages/airflow/example_dags/example_branch_datetime_operator.py took 0.072 seconds
[2023-11-02T08:49:07.345+0000] {processor.py:157} INFO - Started process (PID=528) to work on /home/airflow/.local/lib/python3.11/site-packages/airflow/example_dags/example_branch_datetime_operator.py
[2023-11-02T08:49:07.346+0000] {processor.py:829} INFO - Processing file /home/airflow/.local/lib/python3.11/site-packages/airflow/example_dags/example_branch_datetime_operator.py for tasks to queue
[2023-11-02T08:49:07.347+0000] {logging_mixin.py:151} INFO - [2023-11-02T08:49:07.347+0000] {dagbag.py:536} INFO - Filling up the DagBag from /home/airflow/.local/lib/python3.11/site-packages/airflow/example_dags/example_branch_datetime_operator.py
[2023-11-02T08:49:07.354+0000] {processor.py:839} INFO - DAG(s) dict_keys(['example_branch_datetime_operator_3', 'example_branch_datetime_operator', 'example_branch_datetime_operator_2']) retrieved from /home/airflow/.local/lib/python3.11/site-packages/airflow/example_dags/example_branch_datetime_operator.py
[2023-11-02T08:49:07.373+0000] {logging_mixin.py:151} INFO - [2023-11-02T08:49:07.373+0000] {dag.py:2941} INFO - Sync 3 DAGs
[2023-11-02T08:49:07.390+0000] {logging_mixin.py:151} INFO - [2023-11-02T08:49:07.389+0000] {dag.py:3722} INFO - Setting next_dagrun for example_branch_datetime_operator to 2023-11-01T00:00:00+00:00, run_after=2023-11-02T00:00:00+00:00
[2023-11-02T08:49:07.394+0000] {logging_mixin.py:151} INFO - [2023-11-02T08:49:07.393+0000] {dag.py:3722} INFO - Setting next_dagrun for example_branch_datetime_operator_2 to 2023-11-01T00:00:00+00:00, run_after=2023-11-02T00:00:00+00:00
[2023-11-02T08:49:07.395+0000] {logging_mixin.py:151} INFO - [2023-11-02T08:49:07.395+0000] {dag.py:3722} INFO - Setting next_dagrun for example_branch_datetime_operator_3 to 2023-11-01T00:00:00+00:00, run_after=2023-11-02T00:00:00+00:00
[2023-11-02T08:49:07.405+0000] {processor.py:179} INFO - Processing /home/airflow/.local/lib/python3.11/site-packages/airflow/example_dags/example_branch_datetime_operator.py took 0.062 seconds
[2023-11-02T08:49:37.612+0000] {processor.py:157} INFO - Started process (PID=583) to work on /home/airflow/.local/lib/python3.11/site-packages/airflow/example_dags/example_branch_datetime_operator.py
[2023-11-02T08:49:37.613+0000] {processor.py:829} INFO - Processing file /home/airflow/.local/lib/python3.11/site-packages/airflow/example_dags/example_branch_datetime_operator.py for tasks to queue
[2023-11-02T08:49:37.615+0000] {logging_mixin.py:151} INFO - [2023-11-02T08:49:37.615+0000] {dagbag.py:536} INFO - Filling up the DagBag from /home/airflow/.local/lib/python3.11/site-packages/airflow/example_dags/example_branch_datetime_operator.py
[2023-11-02T08:49:37.624+0000] {processor.py:839} INFO - DAG(s) dict_keys(['example_branch_datetime_operator_3', 'example_branch_datetime_operator_2', 'example_branch_datetime_operator']) retrieved from /home/airflow/.local/lib/python3.11/site-packages/airflow/example_dags/example_branch_datetime_operator.py
[2023-11-02T08:49:37.646+0000] {logging_mixin.py:151} INFO - [2023-11-02T08:49:37.645+0000] {dag.py:2941} INFO - Sync 3 DAGs
[2023-11-02T08:49:37.663+0000] {logging_mixin.py:151} INFO - [2023-11-02T08:49:37.662+0000] {dag.py:3722} INFO - Setting next_dagrun for example_branch_datetime_operator to 2023-11-01T00:00:00+00:00, run_after=2023-11-02T00:00:00+00:00
[2023-11-02T08:49:37.666+0000] {logging_mixin.py:151} INFO - [2023-11-02T08:49:37.666+0000] {dag.py:3722} INFO - Setting next_dagrun for example_branch_datetime_operator_2 to 2023-11-01T00:00:00+00:00, run_after=2023-11-02T00:00:00+00:00
[2023-11-02T08:49:37.667+0000] {logging_mixin.py:151} INFO - [2023-11-02T08:49:37.667+0000] {dag.py:3722} INFO - Setting next_dagrun for example_branch_datetime_operator_3 to 2023-11-01T00:00:00+00:00, run_after=2023-11-02T00:00:00+00:00
[2023-11-02T08:49:37.678+0000] {processor.py:179} INFO - Processing /home/airflow/.local/lib/python3.11/site-packages/airflow/example_dags/example_branch_datetime_operator.py took 0.071 seconds
[2023-11-02T08:50:07.901+0000] {processor.py:157} INFO - Started process (PID=638) to work on /home/airflow/.local/lib/python3.11/site-packages/airflow/example_dags/example_branch_datetime_operator.py
[2023-11-02T08:50:07.901+0000] {processor.py:829} INFO - Processing file /home/airflow/.local/lib/python3.11/site-packages/airflow/example_dags/example_branch_datetime_operator.py for tasks to queue
[2023-11-02T08:50:07.903+0000] {logging_mixin.py:151} INFO - [2023-11-02T08:50:07.903+0000] {dagbag.py:536} INFO - Filling up the DagBag from /home/airflow/.local/lib/python3.11/site-packages/airflow/example_dags/example_branch_datetime_operator.py
[2023-11-02T08:50:07.911+0000] {processor.py:839} INFO - DAG(s) dict_keys(['example_branch_datetime_operator', 'example_branch_datetime_operator_2', 'example_branch_datetime_operator_3']) retrieved from /home/airflow/.local/lib/python3.11/site-packages/airflow/example_dags/example_branch_datetime_operator.py
[2023-11-02T08:50:07.929+0000] {logging_mixin.py:151} INFO - [2023-11-02T08:50:07.929+0000] {dag.py:2941} INFO - Sync 3 DAGs
[2023-11-02T08:50:07.944+0000] {logging_mixin.py:151} INFO - [2023-11-02T08:50:07.944+0000] {dag.py:3722} INFO - Setting next_dagrun for example_branch_datetime_operator to 2023-11-01T00:00:00+00:00, run_after=2023-11-02T00:00:00+00:00
[2023-11-02T08:50:07.947+0000] {logging_mixin.py:151} INFO - [2023-11-02T08:50:07.947+0000] {dag.py:3722} INFO - Setting next_dagrun for example_branch_datetime_operator_2 to 2023-11-01T00:00:00+00:00, run_after=2023-11-02T00:00:00+00:00
[2023-11-02T08:50:07.948+0000] {logging_mixin.py:151} INFO - [2023-11-02T08:50:07.948+0000] {dag.py:3722} INFO - Setting next_dagrun for example_branch_datetime_operator_3 to 2023-11-01T00:00:00+00:00, run_after=2023-11-02T00:00:00+00:00
[2023-11-02T08:50:07.958+0000] {processor.py:179} INFO - Processing /home/airflow/.local/lib/python3.11/site-packages/airflow/example_dags/example_branch_datetime_operator.py took 0.060 seconds
[2023-11-02T08:50:38.141+0000] {processor.py:157} INFO - Started process (PID=693) to work on /home/airflow/.local/lib/python3.11/site-packages/airflow/example_dags/example_branch_datetime_operator.py
[2023-11-02T08:50:38.141+0000] {processor.py:829} INFO - Processing file /home/airflow/.local/lib/python3.11/site-packages/airflow/example_dags/example_branch_datetime_operator.py for tasks to queue
[2023-11-02T08:50:38.143+0000] {logging_mixin.py:151} INFO - [2023-11-02T08:50:38.143+0000] {dagbag.py:536} INFO - Filling up the DagBag from /home/airflow/.local/lib/python3.11/site-packages/airflow/example_dags/example_branch_datetime_operator.py
[2023-11-02T08:50:38.151+0000] {processor.py:839} INFO - DAG(s) dict_keys(['example_branch_datetime_operator', 'example_branch_datetime_operator_2', 'example_branch_datetime_operator_3']) retrieved from /home/airflow/.local/lib/python3.11/site-packages/airflow/example_dags/example_branch_datetime_operator.py
[2023-11-02T08:50:38.170+0000] {logging_mixin.py:151} INFO - [2023-11-02T08:50:38.170+0000] {dag.py:2941} INFO - Sync 3 DAGs
[2023-11-02T08:50:38.186+0000] {logging_mixin.py:151} INFO - [2023-11-02T08:50:38.186+0000] {dag.py:3722} INFO - Setting next_dagrun for example_branch_datetime_operator to 2023-11-01T00:00:00+00:00, run_after=2023-11-02T00:00:00+00:00
[2023-11-02T08:50:38.189+0000] {logging_mixin.py:151} INFO - [2023-11-02T08:50:38.189+0000] {dag.py:3722} INFO - Setting next_dagrun for example_branch_datetime_operator_2 to 2023-11-01T00:00:00+00:00, run_after=2023-11-02T00:00:00+00:00
[2023-11-02T08:50:38.190+0000] {logging_mixin.py:151} INFO - [2023-11-02T08:50:38.190+0000] {dag.py:3722} INFO - Setting next_dagrun for example_branch_datetime_operator_3 to 2023-11-01T00:00:00+00:00, run_after=2023-11-02T00:00:00+00:00
[2023-11-02T08:50:38.200+0000] {processor.py:179} INFO - Processing /home/airflow/.local/lib/python3.11/site-packages/airflow/example_dags/example_branch_datetime_operator.py took 0.062 seconds
[2023-11-02T08:51:09.062+0000] {processor.py:157} INFO - Started process (PID=748) to work on /home/airflow/.local/lib/python3.11/site-packages/airflow/example_dags/example_branch_datetime_operator.py
[2023-11-02T08:51:09.065+0000] {processor.py:829} INFO - Processing file /home/airflow/.local/lib/python3.11/site-packages/airflow/example_dags/example_branch_datetime_operator.py for tasks to queue
[2023-11-02T08:51:09.067+0000] {logging_mixin.py:151} INFO - [2023-11-02T08:51:09.067+0000] {dagbag.py:536} INFO - Filling up the DagBag from /home/airflow/.local/lib/python3.11/site-packages/airflow/example_dags/example_branch_datetime_operator.py
[2023-11-02T08:51:09.075+0000] {processor.py:839} INFO - DAG(s) dict_keys(['example_branch_datetime_operator', 'example_branch_datetime_operator_3', 'example_branch_datetime_operator_2']) retrieved from /home/airflow/.local/lib/python3.11/site-packages/airflow/example_dags/example_branch_datetime_operator.py
[2023-11-02T08:51:09.094+0000] {logging_mixin.py:151} INFO - [2023-11-02T08:51:09.094+0000] {dag.py:2941} INFO - Sync 3 DAGs
[2023-11-02T08:51:09.113+0000] {logging_mixin.py:151} INFO - [2023-11-02T08:51:09.113+0000] {dag.py:3722} INFO - Setting next_dagrun for example_branch_datetime_operator to 2023-11-01T00:00:00+00:00, run_after=2023-11-02T00:00:00+00:00
[2023-11-02T08:51:09.116+0000] {logging_mixin.py:151} INFO - [2023-11-02T08:51:09.116+0000] {dag.py:3722} INFO - Setting next_dagrun for example_branch_datetime_operator_2 to 2023-11-01T00:00:00+00:00, run_after=2023-11-02T00:00:00+00:00
[2023-11-02T08:51:09.117+0000] {logging_mixin.py:151} INFO - [2023-11-02T08:51:09.117+0000] {dag.py:3722} INFO - Setting next_dagrun for example_branch_datetime_operator_3 to 2023-11-01T00:00:00+00:00, run_after=2023-11-02T00:00:00+00:00
[2023-11-02T08:51:09.128+0000] {processor.py:179} INFO - Processing /home/airflow/.local/lib/python3.11/site-packages/airflow/example_dags/example_branch_datetime_operator.py took 0.068 seconds
[2023-11-02T08:51:39.275+0000] {processor.py:157} INFO - Started process (PID=803) to work on /home/airflow/.local/lib/python3.11/site-packages/airflow/example_dags/example_branch_datetime_operator.py
[2023-11-02T08:51:39.276+0000] {processor.py:829} INFO - Processing file /home/airflow/.local/lib/python3.11/site-packages/airflow/example_dags/example_branch_datetime_operator.py for tasks to queue
[2023-11-02T08:51:39.278+0000] {logging_mixin.py:151} INFO - [2023-11-02T08:51:39.278+0000] {dagbag.py:536} INFO - Filling up the DagBag from /home/airflow/.local/lib/python3.11/site-packages/airflow/example_dags/example_branch_datetime_operator.py
[2023-11-02T08:51:39.285+0000] {processor.py:839} INFO - DAG(s) dict_keys(['example_branch_datetime_operator_3', 'example_branch_datetime_operator', 'example_branch_datetime_operator_2']) retrieved from /home/airflow/.local/lib/python3.11/site-packages/airflow/example_dags/example_branch_datetime_operator.py
[2023-11-02T08:51:39.310+0000] {logging_mixin.py:151} INFO - [2023-11-02T08:51:39.310+0000] {dag.py:2941} INFO - Sync 3 DAGs
[2023-11-02T08:51:39.324+0000] {logging_mixin.py:151} INFO - [2023-11-02T08:51:39.324+0000] {dag.py:3722} INFO - Setting next_dagrun for example_branch_datetime_operator to 2023-11-01T00:00:00+00:00, run_after=2023-11-02T00:00:00+00:00
[2023-11-02T08:51:39.327+0000] {logging_mixin.py:151} INFO - [2023-11-02T08:51:39.327+0000] {dag.py:3722} INFO - Setting next_dagrun for example_branch_datetime_operator_2 to 2023-11-01T00:00:00+00:00, run_after=2023-11-02T00:00:00+00:00
[2023-11-02T08:51:39.329+0000] {logging_mixin.py:151} INFO - [2023-11-02T08:51:39.329+0000] {dag.py:3722} INFO - Setting next_dagrun for example_branch_datetime_operator_3 to 2023-11-01T00:00:00+00:00, run_after=2023-11-02T00:00:00+00:00
[2023-11-02T08:51:39.337+0000] {processor.py:179} INFO - Processing /home/airflow/.local/lib/python3.11/site-packages/airflow/example_dags/example_branch_datetime_operator.py took 0.065 seconds
[2023-11-02T08:52:09.547+0000] {processor.py:157} INFO - Started process (PID=858) to work on /home/airflow/.local/lib/python3.11/site-packages/airflow/example_dags/example_branch_datetime_operator.py
[2023-11-02T08:52:09.548+0000] {processor.py:829} INFO - Processing file /home/airflow/.local/lib/python3.11/site-packages/airflow/example_dags/example_branch_datetime_operator.py for tasks to queue
[2023-11-02T08:52:09.549+0000] {logging_mixin.py:151} INFO - [2023-11-02T08:52:09.549+0000] {dagbag.py:536} INFO - Filling up the DagBag from /home/airflow/.local/lib/python3.11/site-packages/airflow/example_dags/example_branch_datetime_operator.py
[2023-11-02T08:52:09.556+0000] {processor.py:839} INFO - DAG(s) dict_keys(['example_branch_datetime_operator_2', 'example_branch_datetime_operator_3', 'example_branch_datetime_operator']) retrieved from /home/airflow/.local/lib/python3.11/site-packages/airflow/example_dags/example_branch_datetime_operator.py
[2023-11-02T08:52:09.573+0000] {logging_mixin.py:151} INFO - [2023-11-02T08:52:09.573+0000] {dag.py:2941} INFO - Sync 3 DAGs
[2023-11-02T08:52:09.588+0000] {logging_mixin.py:151} INFO - [2023-11-02T08:52:09.588+0000] {dag.py:3722} INFO - Setting next_dagrun for example_branch_datetime_operator to 2023-11-01T00:00:00+00:00, run_after=2023-11-02T00:00:00+00:00
[2023-11-02T08:52:09.591+0000] {logging_mixin.py:151} INFO - [2023-11-02T08:52:09.591+0000] {dag.py:3722} INFO - Setting next_dagrun for example_branch_datetime_operator_2 to 2023-11-01T00:00:00+00:00, run_after=2023-11-02T00:00:00+00:00
[2023-11-02T08:52:09.593+0000] {logging_mixin.py:151} INFO - [2023-11-02T08:52:09.593+0000] {dag.py:3722} INFO - Setting next_dagrun for example_branch_datetime_operator_3 to 2023-11-01T00:00:00+00:00, run_after=2023-11-02T00:00:00+00:00
[2023-11-02T08:52:09.602+0000] {processor.py:179} INFO - Processing /home/airflow/.local/lib/python3.11/site-packages/airflow/example_dags/example_branch_datetime_operator.py took 0.058 seconds
[2023-11-02T08:52:39.676+0000] {processor.py:157} INFO - Started process (PID=913) to work on /home/airflow/.local/lib/python3.11/site-packages/airflow/example_dags/example_branch_datetime_operator.py
[2023-11-02T08:52:39.679+0000] {processor.py:829} INFO - Processing file /home/airflow/.local/lib/python3.11/site-packages/airflow/example_dags/example_branch_datetime_operator.py for tasks to queue
[2023-11-02T08:52:39.684+0000] {logging_mixin.py:151} INFO - [2023-11-02T08:52:39.684+0000] {dagbag.py:536} INFO - Filling up the DagBag from /home/airflow/.local/lib/python3.11/site-packages/airflow/example_dags/example_branch_datetime_operator.py
[2023-11-02T08:52:39.694+0000] {processor.py:839} INFO - DAG(s) dict_keys(['example_branch_datetime_operator', 'example_branch_datetime_operator_3', 'example_branch_datetime_operator_2']) retrieved from /home/airflow/.local/lib/python3.11/site-packages/airflow/example_dags/example_branch_datetime_operator.py
[2023-11-02T08:52:39.715+0000] {logging_mixin.py:151} INFO - [2023-11-02T08:52:39.715+0000] {dag.py:2941} INFO - Sync 3 DAGs
[2023-11-02T08:52:39.732+0000] {logging_mixin.py:151} INFO - [2023-11-02T08:52:39.732+0000] {dag.py:3722} INFO - Setting next_dagrun for example_branch_datetime_operator to 2023-11-01T00:00:00+00:00, run_after=2023-11-02T00:00:00+00:00
[2023-11-02T08:52:39.736+0000] {logging_mixin.py:151} INFO - [2023-11-02T08:52:39.736+0000] {dag.py:3722} INFO - Setting next_dagrun for example_branch_datetime_operator_2 to 2023-11-01T00:00:00+00:00, run_after=2023-11-02T00:00:00+00:00
[2023-11-02T08:52:39.740+0000] {logging_mixin.py:151} INFO - [2023-11-02T08:52:39.740+0000] {dag.py:3722} INFO - Setting next_dagrun for example_branch_datetime_operator_3 to 2023-11-01T00:00:00+00:00, run_after=2023-11-02T00:00:00+00:00
[2023-11-02T08:52:39.751+0000] {processor.py:179} INFO - Processing /home/airflow/.local/lib/python3.11/site-packages/airflow/example_dags/example_branch_datetime_operator.py took 0.078 seconds
[2023-11-02T08:53:10.110+0000] {processor.py:157} INFO - Started process (PID=966) to work on /home/airflow/.local/lib/python3.11/site-packages/airflow/example_dags/example_branch_datetime_operator.py
[2023-11-02T08:53:10.111+0000] {processor.py:829} INFO - Processing file /home/airflow/.local/lib/python3.11/site-packages/airflow/example_dags/example_branch_datetime_operator.py for tasks to queue
[2023-11-02T08:53:10.115+0000] {logging_mixin.py:151} INFO - [2023-11-02T08:53:10.115+0000] {dagbag.py:536} INFO - Filling up the DagBag from /home/airflow/.local/lib/python3.11/site-packages/airflow/example_dags/example_branch_datetime_operator.py
[2023-11-02T08:53:10.128+0000] {processor.py:839} INFO - DAG(s) dict_keys(['example_branch_datetime_operator_3', 'example_branch_datetime_operator', 'example_branch_datetime_operator_2']) retrieved from /home/airflow/.local/lib/python3.11/site-packages/airflow/example_dags/example_branch_datetime_operator.py
[2023-11-02T08:53:10.152+0000] {logging_mixin.py:151} INFO - [2023-11-02T08:53:10.151+0000] {dag.py:2941} INFO - Sync 3 DAGs
[2023-11-02T08:53:10.173+0000] {logging_mixin.py:151} INFO - [2023-11-02T08:53:10.173+0000] {dag.py:3722} INFO - Setting next_dagrun for example_branch_datetime_operator to 2023-11-01T00:00:00+00:00, run_after=2023-11-02T00:00:00+00:00
[2023-11-02T08:53:10.181+0000] {logging_mixin.py:151} INFO - [2023-11-02T08:53:10.181+0000] {dag.py:3722} INFO - Setting next_dagrun for example_branch_datetime_operator_2 to 2023-11-01T00:00:00+00:00, run_after=2023-11-02T00:00:00+00:00
[2023-11-02T08:53:10.182+0000] {logging_mixin.py:151} INFO - [2023-11-02T08:53:10.182+0000] {dag.py:3722} INFO - Setting next_dagrun for example_branch_datetime_operator_3 to 2023-11-01T00:00:00+00:00, run_after=2023-11-02T00:00:00+00:00
[2023-11-02T08:53:10.195+0000] {processor.py:179} INFO - Processing /home/airflow/.local/lib/python3.11/site-packages/airflow/example_dags/example_branch_datetime_operator.py took 0.092 seconds
[2023-11-02T08:53:40.282+0000] {processor.py:157} INFO - Started process (PID=1021) to work on /home/airflow/.local/lib/python3.11/site-packages/airflow/example_dags/example_branch_datetime_operator.py
[2023-11-02T08:53:40.285+0000] {processor.py:829} INFO - Processing file /home/airflow/.local/lib/python3.11/site-packages/airflow/example_dags/example_branch_datetime_operator.py for tasks to queue
[2023-11-02T08:53:40.292+0000] {logging_mixin.py:151} INFO - [2023-11-02T08:53:40.292+0000] {dagbag.py:536} INFO - Filling up the DagBag from /home/airflow/.local/lib/python3.11/site-packages/airflow/example_dags/example_branch_datetime_operator.py
[2023-11-02T08:53:40.308+0000] {processor.py:839} INFO - DAG(s) dict_keys(['example_branch_datetime_operator_2', 'example_branch_datetime_operator', 'example_branch_datetime_operator_3']) retrieved from /home/airflow/.local/lib/python3.11/site-packages/airflow/example_dags/example_branch_datetime_operator.py
[2023-11-02T08:53:40.329+0000] {logging_mixin.py:151} INFO - [2023-11-02T08:53:40.329+0000] {dag.py:2941} INFO - Sync 3 DAGs
[2023-11-02T08:53:40.348+0000] {logging_mixin.py:151} INFO - [2023-11-02T08:53:40.348+0000] {dag.py:3722} INFO - Setting next_dagrun for example_branch_datetime_operator to 2023-11-01T00:00:00+00:00, run_after=2023-11-02T00:00:00+00:00
[2023-11-02T08:53:40.352+0000] {logging_mixin.py:151} INFO - [2023-11-02T08:53:40.352+0000] {dag.py:3722} INFO - Setting next_dagrun for example_branch_datetime_operator_2 to 2023-11-01T00:00:00+00:00, run_after=2023-11-02T00:00:00+00:00
[2023-11-02T08:53:40.355+0000] {logging_mixin.py:151} INFO - [2023-11-02T08:53:40.355+0000] {dag.py:3722} INFO - Setting next_dagrun for example_branch_datetime_operator_3 to 2023-11-01T00:00:00+00:00, run_after=2023-11-02T00:00:00+00:00
[2023-11-02T08:53:40.366+0000] {processor.py:179} INFO - Processing /home/airflow/.local/lib/python3.11/site-packages/airflow/example_dags/example_branch_datetime_operator.py took 0.090 seconds
[2023-11-02T08:54:10.557+0000] {processor.py:157} INFO - Started process (PID=1076) to work on /home/airflow/.local/lib/python3.11/site-packages/airflow/example_dags/example_branch_datetime_operator.py
[2023-11-02T08:54:10.558+0000] {processor.py:829} INFO - Processing file /home/airflow/.local/lib/python3.11/site-packages/airflow/example_dags/example_branch_datetime_operator.py for tasks to queue
[2023-11-02T08:54:10.561+0000] {logging_mixin.py:151} INFO - [2023-11-02T08:54:10.561+0000] {dagbag.py:536} INFO - Filling up the DagBag from /home/airflow/.local/lib/python3.11/site-packages/airflow/example_dags/example_branch_datetime_operator.py
[2023-11-02T08:54:10.572+0000] {processor.py:839} INFO - DAG(s) dict_keys(['example_branch_datetime_operator_3', 'example_branch_datetime_operator_2', 'example_branch_datetime_operator']) retrieved from /home/airflow/.local/lib/python3.11/site-packages/airflow/example_dags/example_branch_datetime_operator.py
[2023-11-02T08:54:10.593+0000] {logging_mixin.py:151} INFO - [2023-11-02T08:54:10.593+0000] {dag.py:2941} INFO - Sync 3 DAGs
[2023-11-02T08:54:10.609+0000] {logging_mixin.py:151} INFO - [2023-11-02T08:54:10.609+0000] {dag.py:3722} INFO - Setting next_dagrun for example_branch_datetime_operator to 2023-11-01T00:00:00+00:00, run_after=2023-11-02T00:00:00+00:00
[2023-11-02T08:54:10.612+0000] {logging_mixin.py:151} INFO - [2023-11-02T08:54:10.612+0000] {dag.py:3722} INFO - Setting next_dagrun for example_branch_datetime_operator_2 to 2023-11-01T00:00:00+00:00, run_after=2023-11-02T00:00:00+00:00
[2023-11-02T08:54:10.614+0000] {logging_mixin.py:151} INFO - [2023-11-02T08:54:10.613+0000] {dag.py:3722} INFO - Setting next_dagrun for example_branch_datetime_operator_3 to 2023-11-01T00:00:00+00:00, run_after=2023-11-02T00:00:00+00:00
[2023-11-02T08:54:10.626+0000] {processor.py:179} INFO - Processing /home/airflow/.local/lib/python3.11/site-packages/airflow/example_dags/example_branch_datetime_operator.py took 0.073 seconds
[2023-11-02T08:54:41.122+0000] {processor.py:157} INFO - Started process (PID=1131) to work on /home/airflow/.local/lib/python3.11/site-packages/airflow/example_dags/example_branch_datetime_operator.py
[2023-11-02T08:54:41.123+0000] {processor.py:829} INFO - Processing file /home/airflow/.local/lib/python3.11/site-packages/airflow/example_dags/example_branch_datetime_operator.py for tasks to queue
[2023-11-02T08:54:41.133+0000] {logging_mixin.py:151} INFO - [2023-11-02T08:54:41.133+0000] {dagbag.py:536} INFO - Filling up the DagBag from /home/airflow/.local/lib/python3.11/site-packages/airflow/example_dags/example_branch_datetime_operator.py
[2023-11-02T08:54:41.143+0000] {processor.py:839} INFO - DAG(s) dict_keys(['example_branch_datetime_operator_2', 'example_branch_datetime_operator_3', 'example_branch_datetime_operator']) retrieved from /home/airflow/.local/lib/python3.11/site-packages/airflow/example_dags/example_branch_datetime_operator.py
[2023-11-02T08:54:41.167+0000] {logging_mixin.py:151} INFO - [2023-11-02T08:54:41.167+0000] {dag.py:2941} INFO - Sync 3 DAGs
[2023-11-02T08:54:41.186+0000] {logging_mixin.py:151} INFO - [2023-11-02T08:54:41.186+0000] {dag.py:3722} INFO - Setting next_dagrun for example_branch_datetime_operator to 2023-11-01T00:00:00+00:00, run_after=2023-11-02T00:00:00+00:00
[2023-11-02T08:54:41.190+0000] {logging_mixin.py:151} INFO - [2023-11-02T08:54:41.189+0000] {dag.py:3722} INFO - Setting next_dagrun for example_branch_datetime_operator_2 to 2023-11-01T00:00:00+00:00, run_after=2023-11-02T00:00:00+00:00
[2023-11-02T08:54:41.191+0000] {logging_mixin.py:151} INFO - [2023-11-02T08:54:41.191+0000] {dag.py:3722} INFO - Setting next_dagrun for example_branch_datetime_operator_3 to 2023-11-01T00:00:00+00:00, run_after=2023-11-02T00:00:00+00:00
[2023-11-02T08:54:41.203+0000] {processor.py:179} INFO - Processing /home/airflow/.local/lib/python3.11/site-packages/airflow/example_dags/example_branch_datetime_operator.py took 0.087 seconds
[2023-11-02T08:55:12.105+0000] {processor.py:157} INFO - Started process (PID=1186) to work on /home/airflow/.local/lib/python3.11/site-packages/airflow/example_dags/example_branch_datetime_operator.py
[2023-11-02T08:55:12.106+0000] {processor.py:829} INFO - Processing file /home/airflow/.local/lib/python3.11/site-packages/airflow/example_dags/example_branch_datetime_operator.py for tasks to queue
[2023-11-02T08:55:12.110+0000] {logging_mixin.py:151} INFO - [2023-11-02T08:55:12.109+0000] {dagbag.py:536} INFO - Filling up the DagBag from /home/airflow/.local/lib/python3.11/site-packages/airflow/example_dags/example_branch_datetime_operator.py
[2023-11-02T08:55:12.125+0000] {processor.py:839} INFO - DAG(s) dict_keys(['example_branch_datetime_operator_3', 'example_branch_datetime_operator_2', 'example_branch_datetime_operator']) retrieved from /home/airflow/.local/lib/python3.11/site-packages/airflow/example_dags/example_branch_datetime_operator.py
[2023-11-02T08:55:12.159+0000] {logging_mixin.py:151} INFO - [2023-11-02T08:55:12.158+0000] {dag.py:2941} INFO - Sync 3 DAGs
[2023-11-02T08:55:12.184+0000] {logging_mixin.py:151} INFO - [2023-11-02T08:55:12.184+0000] {dag.py:3722} INFO - Setting next_dagrun for example_branch_datetime_operator to 2023-11-01T00:00:00+00:00, run_after=2023-11-02T00:00:00+00:00
[2023-11-02T08:55:12.188+0000] {logging_mixin.py:151} INFO - [2023-11-02T08:55:12.188+0000] {dag.py:3722} INFO - Setting next_dagrun for example_branch_datetime_operator_2 to 2023-11-01T00:00:00+00:00, run_after=2023-11-02T00:00:00+00:00
[2023-11-02T08:55:12.190+0000] {logging_mixin.py:151} INFO - [2023-11-02T08:55:12.189+0000] {dag.py:3722} INFO - Setting next_dagrun for example_branch_datetime_operator_3 to 2023-11-01T00:00:00+00:00, run_after=2023-11-02T00:00:00+00:00
[2023-11-02T08:55:12.203+0000] {processor.py:179} INFO - Processing /home/airflow/.local/lib/python3.11/site-packages/airflow/example_dags/example_branch_datetime_operator.py took 0.103 seconds
