[2023-11-02T08:44:44.110+0000] {processor.py:157} INFO - Started process (PID=78) to work on /home/airflow/.local/lib/python3.11/site-packages/airflow/example_dags/tutorial_dag.py
[2023-11-02T08:44:44.111+0000] {processor.py:829} INFO - Processing file /home/airflow/.local/lib/python3.11/site-packages/airflow/example_dags/tutorial_dag.py for tasks to queue
[2023-11-02T08:44:44.115+0000] {logging_mixin.py:151} INFO - [2023-11-02T08:44:44.114+0000] {dagbag.py:536} INFO - Filling up the DagBag from /home/airflow/.local/lib/python3.11/site-packages/airflow/example_dags/tutorial_dag.py
[2023-11-02T08:44:44.126+0000] {processor.py:839} INFO - DAG(s) dict_keys(['tutorial_dag']) retrieved from /home/airflow/.local/lib/python3.11/site-packages/airflow/example_dags/tutorial_dag.py
[2023-11-02T08:44:44.422+0000] {logging_mixin.py:151} INFO - [2023-11-02T08:44:44.422+0000] {manager.py:499} INFO - Created Permission View: %s
[2023-11-02T08:44:44.436+0000] {logging_mixin.py:151} INFO - [2023-11-02T08:44:44.436+0000] {manager.py:499} INFO - Created Permission View: %s
[2023-11-02T08:44:44.442+0000] {logging_mixin.py:151} INFO - [2023-11-02T08:44:44.442+0000] {manager.py:499} INFO - Created Permission View: %s
[2023-11-02T08:44:44.443+0000] {logging_mixin.py:151} INFO - [2023-11-02T08:44:44.443+0000] {dag.py:2941} INFO - Sync 1 DAGs
[2023-11-02T08:44:44.470+0000] {logging_mixin.py:151} INFO - [2023-11-02T08:44:44.470+0000] {dag.py:2963} INFO - Creating ORM DAG for tutorial_dag
[2023-11-02T08:44:44.471+0000] {logging_mixin.py:151} INFO - [2023-11-02T08:44:44.471+0000] {dag.py:3722} INFO - Setting next_dagrun for tutorial_dag to None, run_after=None
[2023-11-02T08:44:44.548+0000] {processor.py:179} INFO - Processing /home/airflow/.local/lib/python3.11/site-packages/airflow/example_dags/tutorial_dag.py took 0.442 seconds
[2023-11-02T08:45:15.166+0000] {processor.py:157} INFO - Started process (PID=133) to work on /home/airflow/.local/lib/python3.11/site-packages/airflow/example_dags/tutorial_dag.py
[2023-11-02T08:45:15.167+0000] {processor.py:829} INFO - Processing file /home/airflow/.local/lib/python3.11/site-packages/airflow/example_dags/tutorial_dag.py for tasks to queue
[2023-11-02T08:45:15.169+0000] {logging_mixin.py:151} INFO - [2023-11-02T08:45:15.169+0000] {dagbag.py:536} INFO - Filling up the DagBag from /home/airflow/.local/lib/python3.11/site-packages/airflow/example_dags/tutorial_dag.py
[2023-11-02T08:45:15.178+0000] {processor.py:839} INFO - DAG(s) dict_keys(['tutorial_dag']) retrieved from /home/airflow/.local/lib/python3.11/site-packages/airflow/example_dags/tutorial_dag.py
[2023-11-02T08:45:15.197+0000] {logging_mixin.py:151} INFO - [2023-11-02T08:45:15.197+0000] {dag.py:2941} INFO - Sync 1 DAGs
[2023-11-02T08:45:15.206+0000] {logging_mixin.py:151} INFO - [2023-11-02T08:45:15.206+0000] {dag.py:3722} INFO - Setting next_dagrun for tutorial_dag to None, run_after=None
[2023-11-02T08:45:15.216+0000] {processor.py:179} INFO - Processing /home/airflow/.local/lib/python3.11/site-packages/airflow/example_dags/tutorial_dag.py took 0.053 seconds
[2023-11-02T08:45:46.393+0000] {processor.py:157} INFO - Started process (PID=188) to work on /home/airflow/.local/lib/python3.11/site-packages/airflow/example_dags/tutorial_dag.py
[2023-11-02T08:45:46.394+0000] {processor.py:829} INFO - Processing file /home/airflow/.local/lib/python3.11/site-packages/airflow/example_dags/tutorial_dag.py for tasks to queue
[2023-11-02T08:45:46.398+0000] {logging_mixin.py:151} INFO - [2023-11-02T08:45:46.397+0000] {dagbag.py:536} INFO - Filling up the DagBag from /home/airflow/.local/lib/python3.11/site-packages/airflow/example_dags/tutorial_dag.py
[2023-11-02T08:45:46.407+0000] {processor.py:839} INFO - DAG(s) dict_keys(['tutorial_dag']) retrieved from /home/airflow/.local/lib/python3.11/site-packages/airflow/example_dags/tutorial_dag.py
[2023-11-02T08:45:46.429+0000] {logging_mixin.py:151} INFO - [2023-11-02T08:45:46.429+0000] {dag.py:2941} INFO - Sync 1 DAGs
[2023-11-02T08:45:46.452+0000] {logging_mixin.py:151} INFO - [2023-11-02T08:45:46.452+0000] {dag.py:3722} INFO - Setting next_dagrun for tutorial_dag to None, run_after=None
[2023-11-02T08:45:46.476+0000] {processor.py:179} INFO - Processing /home/airflow/.local/lib/python3.11/site-packages/airflow/example_dags/tutorial_dag.py took 0.087 seconds
[2023-11-02T08:46:16.584+0000] {processor.py:157} INFO - Started process (PID=243) to work on /home/airflow/.local/lib/python3.11/site-packages/airflow/example_dags/tutorial_dag.py
[2023-11-02T08:46:16.585+0000] {processor.py:829} INFO - Processing file /home/airflow/.local/lib/python3.11/site-packages/airflow/example_dags/tutorial_dag.py for tasks to queue
[2023-11-02T08:46:16.587+0000] {logging_mixin.py:151} INFO - [2023-11-02T08:46:16.587+0000] {dagbag.py:536} INFO - Filling up the DagBag from /home/airflow/.local/lib/python3.11/site-packages/airflow/example_dags/tutorial_dag.py
[2023-11-02T08:46:16.592+0000] {processor.py:839} INFO - DAG(s) dict_keys(['tutorial_dag']) retrieved from /home/airflow/.local/lib/python3.11/site-packages/airflow/example_dags/tutorial_dag.py
[2023-11-02T08:46:16.608+0000] {logging_mixin.py:151} INFO - [2023-11-02T08:46:16.608+0000] {dag.py:2941} INFO - Sync 1 DAGs
[2023-11-02T08:46:16.617+0000] {logging_mixin.py:151} INFO - [2023-11-02T08:46:16.617+0000] {dag.py:3722} INFO - Setting next_dagrun for tutorial_dag to None, run_after=None
[2023-11-02T08:46:16.635+0000] {processor.py:179} INFO - Processing /home/airflow/.local/lib/python3.11/site-packages/airflow/example_dags/tutorial_dag.py took 0.054 seconds
[2023-11-02T08:46:47.028+0000] {processor.py:157} INFO - Started process (PID=298) to work on /home/airflow/.local/lib/python3.11/site-packages/airflow/example_dags/tutorial_dag.py
[2023-11-02T08:46:47.029+0000] {processor.py:829} INFO - Processing file /home/airflow/.local/lib/python3.11/site-packages/airflow/example_dags/tutorial_dag.py for tasks to queue
[2023-11-02T08:46:47.030+0000] {logging_mixin.py:151} INFO - [2023-11-02T08:46:47.030+0000] {dagbag.py:536} INFO - Filling up the DagBag from /home/airflow/.local/lib/python3.11/site-packages/airflow/example_dags/tutorial_dag.py
[2023-11-02T08:46:47.035+0000] {processor.py:839} INFO - DAG(s) dict_keys(['tutorial_dag']) retrieved from /home/airflow/.local/lib/python3.11/site-packages/airflow/example_dags/tutorial_dag.py
[2023-11-02T08:46:47.049+0000] {logging_mixin.py:151} INFO - [2023-11-02T08:46:47.049+0000] {dag.py:2941} INFO - Sync 1 DAGs
[2023-11-02T08:46:47.057+0000] {logging_mixin.py:151} INFO - [2023-11-02T08:46:47.057+0000] {dag.py:3722} INFO - Setting next_dagrun for tutorial_dag to None, run_after=None
[2023-11-02T08:46:47.068+0000] {processor.py:179} INFO - Processing /home/airflow/.local/lib/python3.11/site-packages/airflow/example_dags/tutorial_dag.py took 0.042 seconds
[2023-11-02T08:47:17.249+0000] {processor.py:157} INFO - Started process (PID=353) to work on /home/airflow/.local/lib/python3.11/site-packages/airflow/example_dags/tutorial_dag.py
[2023-11-02T08:47:17.250+0000] {processor.py:829} INFO - Processing file /home/airflow/.local/lib/python3.11/site-packages/airflow/example_dags/tutorial_dag.py for tasks to queue
[2023-11-02T08:47:17.251+0000] {logging_mixin.py:151} INFO - [2023-11-02T08:47:17.251+0000] {dagbag.py:536} INFO - Filling up the DagBag from /home/airflow/.local/lib/python3.11/site-packages/airflow/example_dags/tutorial_dag.py
[2023-11-02T08:47:17.256+0000] {processor.py:839} INFO - DAG(s) dict_keys(['tutorial_dag']) retrieved from /home/airflow/.local/lib/python3.11/site-packages/airflow/example_dags/tutorial_dag.py
[2023-11-02T08:47:17.269+0000] {logging_mixin.py:151} INFO - [2023-11-02T08:47:17.269+0000] {dag.py:2941} INFO - Sync 1 DAGs
[2023-11-02T08:47:17.277+0000] {logging_mixin.py:151} INFO - [2023-11-02T08:47:17.277+0000] {dag.py:3722} INFO - Setting next_dagrun for tutorial_dag to None, run_after=None
[2023-11-02T08:47:17.289+0000] {processor.py:179} INFO - Processing /home/airflow/.local/lib/python3.11/site-packages/airflow/example_dags/tutorial_dag.py took 0.042 seconds
[2023-11-02T08:47:47.427+0000] {processor.py:157} INFO - Started process (PID=408) to work on /home/airflow/.local/lib/python3.11/site-packages/airflow/example_dags/tutorial_dag.py
[2023-11-02T08:47:47.428+0000] {processor.py:829} INFO - Processing file /home/airflow/.local/lib/python3.11/site-packages/airflow/example_dags/tutorial_dag.py for tasks to queue
[2023-11-02T08:47:47.430+0000] {logging_mixin.py:151} INFO - [2023-11-02T08:47:47.430+0000] {dagbag.py:536} INFO - Filling up the DagBag from /home/airflow/.local/lib/python3.11/site-packages/airflow/example_dags/tutorial_dag.py
[2023-11-02T08:47:47.434+0000] {processor.py:839} INFO - DAG(s) dict_keys(['tutorial_dag']) retrieved from /home/airflow/.local/lib/python3.11/site-packages/airflow/example_dags/tutorial_dag.py
[2023-11-02T08:47:47.448+0000] {logging_mixin.py:151} INFO - [2023-11-02T08:47:47.447+0000] {dag.py:2941} INFO - Sync 1 DAGs
[2023-11-02T08:47:47.456+0000] {logging_mixin.py:151} INFO - [2023-11-02T08:47:47.456+0000] {dag.py:3722} INFO - Setting next_dagrun for tutorial_dag to None, run_after=None
[2023-11-02T08:47:47.466+0000] {processor.py:179} INFO - Processing /home/airflow/.local/lib/python3.11/site-packages/airflow/example_dags/tutorial_dag.py took 0.041 seconds
[2023-11-02T08:48:17.705+0000] {processor.py:157} INFO - Started process (PID=463) to work on /home/airflow/.local/lib/python3.11/site-packages/airflow/example_dags/tutorial_dag.py
[2023-11-02T08:48:17.706+0000] {processor.py:829} INFO - Processing file /home/airflow/.local/lib/python3.11/site-packages/airflow/example_dags/tutorial_dag.py for tasks to queue
[2023-11-02T08:48:17.707+0000] {logging_mixin.py:151} INFO - [2023-11-02T08:48:17.707+0000] {dagbag.py:536} INFO - Filling up the DagBag from /home/airflow/.local/lib/python3.11/site-packages/airflow/example_dags/tutorial_dag.py
[2023-11-02T08:48:17.711+0000] {processor.py:839} INFO - DAG(s) dict_keys(['tutorial_dag']) retrieved from /home/airflow/.local/lib/python3.11/site-packages/airflow/example_dags/tutorial_dag.py
[2023-11-02T08:48:17.724+0000] {logging_mixin.py:151} INFO - [2023-11-02T08:48:17.724+0000] {dag.py:2941} INFO - Sync 1 DAGs
[2023-11-02T08:48:17.733+0000] {logging_mixin.py:151} INFO - [2023-11-02T08:48:17.733+0000] {dag.py:3722} INFO - Setting next_dagrun for tutorial_dag to None, run_after=None
[2023-11-02T08:48:17.748+0000] {processor.py:179} INFO - Processing /home/airflow/.local/lib/python3.11/site-packages/airflow/example_dags/tutorial_dag.py took 0.046 seconds
[2023-11-02T08:48:47.888+0000] {processor.py:157} INFO - Started process (PID=518) to work on /home/airflow/.local/lib/python3.11/site-packages/airflow/example_dags/tutorial_dag.py
[2023-11-02T08:48:47.888+0000] {processor.py:829} INFO - Processing file /home/airflow/.local/lib/python3.11/site-packages/airflow/example_dags/tutorial_dag.py for tasks to queue
[2023-11-02T08:48:47.890+0000] {logging_mixin.py:151} INFO - [2023-11-02T08:48:47.890+0000] {dagbag.py:536} INFO - Filling up the DagBag from /home/airflow/.local/lib/python3.11/site-packages/airflow/example_dags/tutorial_dag.py
[2023-11-02T08:48:47.894+0000] {processor.py:839} INFO - DAG(s) dict_keys(['tutorial_dag']) retrieved from /home/airflow/.local/lib/python3.11/site-packages/airflow/example_dags/tutorial_dag.py
[2023-11-02T08:48:47.907+0000] {logging_mixin.py:151} INFO - [2023-11-02T08:48:47.907+0000] {dag.py:2941} INFO - Sync 1 DAGs
[2023-11-02T08:48:47.915+0000] {logging_mixin.py:151} INFO - [2023-11-02T08:48:47.915+0000] {dag.py:3722} INFO - Setting next_dagrun for tutorial_dag to None, run_after=None
[2023-11-02T08:48:47.925+0000] {processor.py:179} INFO - Processing /home/airflow/.local/lib/python3.11/site-packages/airflow/example_dags/tutorial_dag.py took 0.040 seconds
[2023-11-02T08:49:18.037+0000] {processor.py:157} INFO - Started process (PID=573) to work on /home/airflow/.local/lib/python3.11/site-packages/airflow/example_dags/tutorial_dag.py
[2023-11-02T08:49:18.038+0000] {processor.py:829} INFO - Processing file /home/airflow/.local/lib/python3.11/site-packages/airflow/example_dags/tutorial_dag.py for tasks to queue
[2023-11-02T08:49:18.039+0000] {logging_mixin.py:151} INFO - [2023-11-02T08:49:18.039+0000] {dagbag.py:536} INFO - Filling up the DagBag from /home/airflow/.local/lib/python3.11/site-packages/airflow/example_dags/tutorial_dag.py
[2023-11-02T08:49:18.044+0000] {processor.py:839} INFO - DAG(s) dict_keys(['tutorial_dag']) retrieved from /home/airflow/.local/lib/python3.11/site-packages/airflow/example_dags/tutorial_dag.py
[2023-11-02T08:49:18.059+0000] {logging_mixin.py:151} INFO - [2023-11-02T08:49:18.059+0000] {dag.py:2941} INFO - Sync 1 DAGs
[2023-11-02T08:49:18.067+0000] {logging_mixin.py:151} INFO - [2023-11-02T08:49:18.067+0000] {dag.py:3722} INFO - Setting next_dagrun for tutorial_dag to None, run_after=None
[2023-11-02T08:49:18.077+0000] {processor.py:179} INFO - Processing /home/airflow/.local/lib/python3.11/site-packages/airflow/example_dags/tutorial_dag.py took 0.042 seconds
[2023-11-02T08:49:48.320+0000] {processor.py:157} INFO - Started process (PID=628) to work on /home/airflow/.local/lib/python3.11/site-packages/airflow/example_dags/tutorial_dag.py
[2023-11-02T08:49:48.321+0000] {processor.py:829} INFO - Processing file /home/airflow/.local/lib/python3.11/site-packages/airflow/example_dags/tutorial_dag.py for tasks to queue
[2023-11-02T08:49:48.324+0000] {logging_mixin.py:151} INFO - [2023-11-02T08:49:48.323+0000] {dagbag.py:536} INFO - Filling up the DagBag from /home/airflow/.local/lib/python3.11/site-packages/airflow/example_dags/tutorial_dag.py
[2023-11-02T08:49:48.329+0000] {processor.py:839} INFO - DAG(s) dict_keys(['tutorial_dag']) retrieved from /home/airflow/.local/lib/python3.11/site-packages/airflow/example_dags/tutorial_dag.py
[2023-11-02T08:49:48.344+0000] {logging_mixin.py:151} INFO - [2023-11-02T08:49:48.344+0000] {dag.py:2941} INFO - Sync 1 DAGs
[2023-11-02T08:49:48.353+0000] {logging_mixin.py:151} INFO - [2023-11-02T08:49:48.353+0000] {dag.py:3722} INFO - Setting next_dagrun for tutorial_dag to None, run_after=None
[2023-11-02T08:49:48.363+0000] {processor.py:179} INFO - Processing /home/airflow/.local/lib/python3.11/site-packages/airflow/example_dags/tutorial_dag.py took 0.046 seconds
[2023-11-02T08:50:18.544+0000] {processor.py:157} INFO - Started process (PID=683) to work on /home/airflow/.local/lib/python3.11/site-packages/airflow/example_dags/tutorial_dag.py
[2023-11-02T08:50:18.544+0000] {processor.py:829} INFO - Processing file /home/airflow/.local/lib/python3.11/site-packages/airflow/example_dags/tutorial_dag.py for tasks to queue
[2023-11-02T08:50:18.546+0000] {logging_mixin.py:151} INFO - [2023-11-02T08:50:18.546+0000] {dagbag.py:536} INFO - Filling up the DagBag from /home/airflow/.local/lib/python3.11/site-packages/airflow/example_dags/tutorial_dag.py
[2023-11-02T08:50:18.550+0000] {processor.py:839} INFO - DAG(s) dict_keys(['tutorial_dag']) retrieved from /home/airflow/.local/lib/python3.11/site-packages/airflow/example_dags/tutorial_dag.py
[2023-11-02T08:50:18.563+0000] {logging_mixin.py:151} INFO - [2023-11-02T08:50:18.563+0000] {dag.py:2941} INFO - Sync 1 DAGs
[2023-11-02T08:50:18.571+0000] {logging_mixin.py:151} INFO - [2023-11-02T08:50:18.571+0000] {dag.py:3722} INFO - Setting next_dagrun for tutorial_dag to None, run_after=None
[2023-11-02T08:50:18.581+0000] {processor.py:179} INFO - Processing /home/airflow/.local/lib/python3.11/site-packages/airflow/example_dags/tutorial_dag.py took 0.040 seconds
[2023-11-02T08:50:48.711+0000] {processor.py:157} INFO - Started process (PID=738) to work on /home/airflow/.local/lib/python3.11/site-packages/airflow/example_dags/tutorial_dag.py
[2023-11-02T08:50:48.712+0000] {processor.py:829} INFO - Processing file /home/airflow/.local/lib/python3.11/site-packages/airflow/example_dags/tutorial_dag.py for tasks to queue
[2023-11-02T08:50:48.713+0000] {logging_mixin.py:151} INFO - [2023-11-02T08:50:48.713+0000] {dagbag.py:536} INFO - Filling up the DagBag from /home/airflow/.local/lib/python3.11/site-packages/airflow/example_dags/tutorial_dag.py
[2023-11-02T08:50:48.718+0000] {processor.py:839} INFO - DAG(s) dict_keys(['tutorial_dag']) retrieved from /home/airflow/.local/lib/python3.11/site-packages/airflow/example_dags/tutorial_dag.py
[2023-11-02T08:50:48.731+0000] {logging_mixin.py:151} INFO - [2023-11-02T08:50:48.731+0000] {dag.py:2941} INFO - Sync 1 DAGs
[2023-11-02T08:50:48.739+0000] {logging_mixin.py:151} INFO - [2023-11-02T08:50:48.739+0000] {dag.py:3722} INFO - Setting next_dagrun for tutorial_dag to None, run_after=None
[2023-11-02T08:50:48.749+0000] {processor.py:179} INFO - Processing /home/airflow/.local/lib/python3.11/site-packages/airflow/example_dags/tutorial_dag.py took 0.040 seconds
[2023-11-02T08:51:18.925+0000] {processor.py:157} INFO - Started process (PID=793) to work on /home/airflow/.local/lib/python3.11/site-packages/airflow/example_dags/tutorial_dag.py
[2023-11-02T08:51:18.926+0000] {processor.py:829} INFO - Processing file /home/airflow/.local/lib/python3.11/site-packages/airflow/example_dags/tutorial_dag.py for tasks to queue
[2023-11-02T08:51:18.928+0000] {logging_mixin.py:151} INFO - [2023-11-02T08:51:18.927+0000] {dagbag.py:536} INFO - Filling up the DagBag from /home/airflow/.local/lib/python3.11/site-packages/airflow/example_dags/tutorial_dag.py
[2023-11-02T08:51:18.932+0000] {processor.py:839} INFO - DAG(s) dict_keys(['tutorial_dag']) retrieved from /home/airflow/.local/lib/python3.11/site-packages/airflow/example_dags/tutorial_dag.py
[2023-11-02T08:51:18.945+0000] {logging_mixin.py:151} INFO - [2023-11-02T08:51:18.945+0000] {dag.py:2941} INFO - Sync 1 DAGs
[2023-11-02T08:51:18.954+0000] {logging_mixin.py:151} INFO - [2023-11-02T08:51:18.954+0000] {dag.py:3722} INFO - Setting next_dagrun for tutorial_dag to None, run_after=None
[2023-11-02T08:51:18.964+0000] {processor.py:179} INFO - Processing /home/airflow/.local/lib/python3.11/site-packages/airflow/example_dags/tutorial_dag.py took 0.041 seconds
[2023-11-02T08:51:49.127+0000] {processor.py:157} INFO - Started process (PID=848) to work on /home/airflow/.local/lib/python3.11/site-packages/airflow/example_dags/tutorial_dag.py
[2023-11-02T08:51:49.128+0000] {processor.py:829} INFO - Processing file /home/airflow/.local/lib/python3.11/site-packages/airflow/example_dags/tutorial_dag.py for tasks to queue
[2023-11-02T08:51:49.130+0000] {logging_mixin.py:151} INFO - [2023-11-02T08:51:49.130+0000] {dagbag.py:536} INFO - Filling up the DagBag from /home/airflow/.local/lib/python3.11/site-packages/airflow/example_dags/tutorial_dag.py
[2023-11-02T08:51:49.134+0000] {processor.py:839} INFO - DAG(s) dict_keys(['tutorial_dag']) retrieved from /home/airflow/.local/lib/python3.11/site-packages/airflow/example_dags/tutorial_dag.py
[2023-11-02T08:51:49.147+0000] {logging_mixin.py:151} INFO - [2023-11-02T08:51:49.147+0000] {dag.py:2941} INFO - Sync 1 DAGs
[2023-11-02T08:51:49.155+0000] {logging_mixin.py:151} INFO - [2023-11-02T08:51:49.155+0000] {dag.py:3722} INFO - Setting next_dagrun for tutorial_dag to None, run_after=None
[2023-11-02T08:51:49.165+0000] {processor.py:179} INFO - Processing /home/airflow/.local/lib/python3.11/site-packages/airflow/example_dags/tutorial_dag.py took 0.040 seconds
[2023-11-02T08:52:19.331+0000] {processor.py:157} INFO - Started process (PID=903) to work on /home/airflow/.local/lib/python3.11/site-packages/airflow/example_dags/tutorial_dag.py
[2023-11-02T08:52:19.332+0000] {processor.py:829} INFO - Processing file /home/airflow/.local/lib/python3.11/site-packages/airflow/example_dags/tutorial_dag.py for tasks to queue
[2023-11-02T08:52:19.334+0000] {logging_mixin.py:151} INFO - [2023-11-02T08:52:19.333+0000] {dagbag.py:536} INFO - Filling up the DagBag from /home/airflow/.local/lib/python3.11/site-packages/airflow/example_dags/tutorial_dag.py
[2023-11-02T08:52:19.338+0000] {processor.py:839} INFO - DAG(s) dict_keys(['tutorial_dag']) retrieved from /home/airflow/.local/lib/python3.11/site-packages/airflow/example_dags/tutorial_dag.py
[2023-11-02T08:52:19.352+0000] {logging_mixin.py:151} INFO - [2023-11-02T08:52:19.352+0000] {dag.py:2941} INFO - Sync 1 DAGs
[2023-11-02T08:52:19.360+0000] {logging_mixin.py:151} INFO - [2023-11-02T08:52:19.360+0000] {dag.py:3722} INFO - Setting next_dagrun for tutorial_dag to None, run_after=None
[2023-11-02T08:52:19.374+0000] {processor.py:179} INFO - Processing /home/airflow/.local/lib/python3.11/site-packages/airflow/example_dags/tutorial_dag.py took 0.046 seconds
[2023-11-02T08:52:49.646+0000] {processor.py:157} INFO - Started process (PID=958) to work on /home/airflow/.local/lib/python3.11/site-packages/airflow/example_dags/tutorial_dag.py
[2023-11-02T08:52:49.648+0000] {processor.py:829} INFO - Processing file /home/airflow/.local/lib/python3.11/site-packages/airflow/example_dags/tutorial_dag.py for tasks to queue
[2023-11-02T08:52:49.654+0000] {logging_mixin.py:151} INFO - [2023-11-02T08:52:49.653+0000] {dagbag.py:536} INFO - Filling up the DagBag from /home/airflow/.local/lib/python3.11/site-packages/airflow/example_dags/tutorial_dag.py
[2023-11-02T08:52:49.671+0000] {processor.py:839} INFO - DAG(s) dict_keys(['tutorial_dag']) retrieved from /home/airflow/.local/lib/python3.11/site-packages/airflow/example_dags/tutorial_dag.py
[2023-11-02T08:52:49.710+0000] {logging_mixin.py:151} INFO - [2023-11-02T08:52:49.710+0000] {dag.py:2941} INFO - Sync 1 DAGs
[2023-11-02T08:52:49.738+0000] {logging_mixin.py:151} INFO - [2023-11-02T08:52:49.737+0000] {dag.py:3722} INFO - Setting next_dagrun for tutorial_dag to None, run_after=None
[2023-11-02T08:52:49.779+0000] {processor.py:179} INFO - Processing /home/airflow/.local/lib/python3.11/site-packages/airflow/example_dags/tutorial_dag.py took 0.142 seconds
[2023-11-02T08:53:20.774+0000] {processor.py:157} INFO - Started process (PID=1013) to work on /home/airflow/.local/lib/python3.11/site-packages/airflow/example_dags/tutorial_dag.py
[2023-11-02T08:53:20.778+0000] {processor.py:829} INFO - Processing file /home/airflow/.local/lib/python3.11/site-packages/airflow/example_dags/tutorial_dag.py for tasks to queue
[2023-11-02T08:53:20.783+0000] {logging_mixin.py:151} INFO - [2023-11-02T08:53:20.783+0000] {dagbag.py:536} INFO - Filling up the DagBag from /home/airflow/.local/lib/python3.11/site-packages/airflow/example_dags/tutorial_dag.py
[2023-11-02T08:53:20.790+0000] {processor.py:839} INFO - DAG(s) dict_keys(['tutorial_dag']) retrieved from /home/airflow/.local/lib/python3.11/site-packages/airflow/example_dags/tutorial_dag.py
[2023-11-02T08:53:20.806+0000] {logging_mixin.py:151} INFO - [2023-11-02T08:53:20.806+0000] {dag.py:2941} INFO - Sync 1 DAGs
[2023-11-02T08:53:20.815+0000] {logging_mixin.py:151} INFO - [2023-11-02T08:53:20.815+0000] {dag.py:3722} INFO - Setting next_dagrun for tutorial_dag to None, run_after=None
[2023-11-02T08:53:20.834+0000] {processor.py:179} INFO - Processing /home/airflow/.local/lib/python3.11/site-packages/airflow/example_dags/tutorial_dag.py took 0.066 seconds
[2023-11-02T08:53:51.036+0000] {processor.py:157} INFO - Started process (PID=1068) to work on /home/airflow/.local/lib/python3.11/site-packages/airflow/example_dags/tutorial_dag.py
[2023-11-02T08:53:51.039+0000] {processor.py:829} INFO - Processing file /home/airflow/.local/lib/python3.11/site-packages/airflow/example_dags/tutorial_dag.py for tasks to queue
[2023-11-02T08:53:51.041+0000] {logging_mixin.py:151} INFO - [2023-11-02T08:53:51.041+0000] {dagbag.py:536} INFO - Filling up the DagBag from /home/airflow/.local/lib/python3.11/site-packages/airflow/example_dags/tutorial_dag.py
[2023-11-02T08:53:51.050+0000] {processor.py:839} INFO - DAG(s) dict_keys(['tutorial_dag']) retrieved from /home/airflow/.local/lib/python3.11/site-packages/airflow/example_dags/tutorial_dag.py
[2023-11-02T08:53:51.076+0000] {logging_mixin.py:151} INFO - [2023-11-02T08:53:51.076+0000] {dag.py:2941} INFO - Sync 1 DAGs
[2023-11-02T08:53:51.091+0000] {logging_mixin.py:151} INFO - [2023-11-02T08:53:51.091+0000] {dag.py:3722} INFO - Setting next_dagrun for tutorial_dag to None, run_after=None
[2023-11-02T08:53:51.110+0000] {processor.py:179} INFO - Processing /home/airflow/.local/lib/python3.11/site-packages/airflow/example_dags/tutorial_dag.py took 0.078 seconds
[2023-11-02T08:54:21.637+0000] {processor.py:157} INFO - Started process (PID=1123) to work on /home/airflow/.local/lib/python3.11/site-packages/airflow/example_dags/tutorial_dag.py
[2023-11-02T08:54:21.641+0000] {processor.py:829} INFO - Processing file /home/airflow/.local/lib/python3.11/site-packages/airflow/example_dags/tutorial_dag.py for tasks to queue
[2023-11-02T08:54:21.643+0000] {logging_mixin.py:151} INFO - [2023-11-02T08:54:21.643+0000] {dagbag.py:536} INFO - Filling up the DagBag from /home/airflow/.local/lib/python3.11/site-packages/airflow/example_dags/tutorial_dag.py
[2023-11-02T08:54:21.648+0000] {processor.py:839} INFO - DAG(s) dict_keys(['tutorial_dag']) retrieved from /home/airflow/.local/lib/python3.11/site-packages/airflow/example_dags/tutorial_dag.py
[2023-11-02T08:54:21.665+0000] {logging_mixin.py:151} INFO - [2023-11-02T08:54:21.665+0000] {dag.py:2941} INFO - Sync 1 DAGs
[2023-11-02T08:54:21.675+0000] {logging_mixin.py:151} INFO - [2023-11-02T08:54:21.675+0000] {dag.py:3722} INFO - Setting next_dagrun for tutorial_dag to None, run_after=None
[2023-11-02T08:54:21.687+0000] {processor.py:179} INFO - Processing /home/airflow/.local/lib/python3.11/site-packages/airflow/example_dags/tutorial_dag.py took 0.052 seconds
[2023-11-02T08:54:52.666+0000] {processor.py:157} INFO - Started process (PID=1178) to work on /home/airflow/.local/lib/python3.11/site-packages/airflow/example_dags/tutorial_dag.py
[2023-11-02T08:54:52.672+0000] {processor.py:829} INFO - Processing file /home/airflow/.local/lib/python3.11/site-packages/airflow/example_dags/tutorial_dag.py for tasks to queue
[2023-11-02T08:54:52.675+0000] {logging_mixin.py:151} INFO - [2023-11-02T08:54:52.675+0000] {dagbag.py:536} INFO - Filling up the DagBag from /home/airflow/.local/lib/python3.11/site-packages/airflow/example_dags/tutorial_dag.py
[2023-11-02T08:54:52.684+0000] {processor.py:839} INFO - DAG(s) dict_keys(['tutorial_dag']) retrieved from /home/airflow/.local/lib/python3.11/site-packages/airflow/example_dags/tutorial_dag.py
[2023-11-02T08:54:52.704+0000] {logging_mixin.py:151} INFO - [2023-11-02T08:54:52.704+0000] {dag.py:2941} INFO - Sync 1 DAGs
[2023-11-02T08:54:52.715+0000] {logging_mixin.py:151} INFO - [2023-11-02T08:54:52.715+0000] {dag.py:3722} INFO - Setting next_dagrun for tutorial_dag to None, run_after=None
[2023-11-02T08:54:52.737+0000] {processor.py:179} INFO - Processing /home/airflow/.local/lib/python3.11/site-packages/airflow/example_dags/tutorial_dag.py took 0.074 seconds
