[2023-11-02T08:44:44.185+0000] {processor.py:157} INFO - Started process (PID=79) to work on /home/airflow/.local/lib/python3.11/site-packages/airflow/example_dags/tutorial_taskflow_api.py
[2023-11-02T08:44:44.188+0000] {processor.py:829} INFO - Processing file /home/airflow/.local/lib/python3.11/site-packages/airflow/example_dags/tutorial_taskflow_api.py for tasks to queue
[2023-11-02T08:44:44.192+0000] {logging_mixin.py:151} INFO - [2023-11-02T08:44:44.191+0000] {dagbag.py:536} INFO - Filling up the DagBag from /home/airflow/.local/lib/python3.11/site-packages/airflow/example_dags/tutorial_taskflow_api.py
[2023-11-02T08:44:44.202+0000] {processor.py:839} INFO - DAG(s) dict_keys(['tutorial_taskflow_api']) retrieved from /home/airflow/.local/lib/python3.11/site-packages/airflow/example_dags/tutorial_taskflow_api.py
[2023-11-02T08:44:44.425+0000] {logging_mixin.py:151} INFO - [2023-11-02T08:44:44.424+0000] {manager.py:499} INFO - Created Permission View: %s
[2023-11-02T08:44:44.437+0000] {logging_mixin.py:151} INFO - [2023-11-02T08:44:44.437+0000] {manager.py:499} INFO - Created Permission View: %s
[2023-11-02T08:44:44.445+0000] {logging_mixin.py:151} INFO - [2023-11-02T08:44:44.445+0000] {manager.py:499} INFO - Created Permission View: %s
[2023-11-02T08:44:44.446+0000] {logging_mixin.py:151} INFO - [2023-11-02T08:44:44.445+0000] {dag.py:2941} INFO - Sync 1 DAGs
[2023-11-02T08:44:44.463+0000] {logging_mixin.py:151} INFO - [2023-11-02T08:44:44.463+0000] {dag.py:2963} INFO - Creating ORM DAG for tutorial_taskflow_api
[2023-11-02T08:44:44.465+0000] {logging_mixin.py:151} INFO - [2023-11-02T08:44:44.464+0000] {dag.py:3722} INFO - Setting next_dagrun for tutorial_taskflow_api to None, run_after=None
[2023-11-02T08:44:44.512+0000] {processor.py:179} INFO - Processing /home/airflow/.local/lib/python3.11/site-packages/airflow/example_dags/tutorial_taskflow_api.py took 0.336 seconds
[2023-11-02T08:45:15.230+0000] {processor.py:157} INFO - Started process (PID=134) to work on /home/airflow/.local/lib/python3.11/site-packages/airflow/example_dags/tutorial_taskflow_api.py
[2023-11-02T08:45:15.231+0000] {processor.py:829} INFO - Processing file /home/airflow/.local/lib/python3.11/site-packages/airflow/example_dags/tutorial_taskflow_api.py for tasks to queue
[2023-11-02T08:45:15.236+0000] {logging_mixin.py:151} INFO - [2023-11-02T08:45:15.236+0000] {dagbag.py:536} INFO - Filling up the DagBag from /home/airflow/.local/lib/python3.11/site-packages/airflow/example_dags/tutorial_taskflow_api.py
[2023-11-02T08:45:15.241+0000] {processor.py:839} INFO - DAG(s) dict_keys(['tutorial_taskflow_api']) retrieved from /home/airflow/.local/lib/python3.11/site-packages/airflow/example_dags/tutorial_taskflow_api.py
[2023-11-02T08:45:15.258+0000] {logging_mixin.py:151} INFO - [2023-11-02T08:45:15.258+0000] {dag.py:2941} INFO - Sync 1 DAGs
[2023-11-02T08:45:15.267+0000] {logging_mixin.py:151} INFO - [2023-11-02T08:45:15.267+0000] {dag.py:3722} INFO - Setting next_dagrun for tutorial_taskflow_api to None, run_after=None
[2023-11-02T08:45:15.279+0000] {processor.py:179} INFO - Processing /home/airflow/.local/lib/python3.11/site-packages/airflow/example_dags/tutorial_taskflow_api.py took 0.052 seconds
[2023-11-02T08:45:46.507+0000] {processor.py:157} INFO - Started process (PID=189) to work on /home/airflow/.local/lib/python3.11/site-packages/airflow/example_dags/tutorial_taskflow_api.py
[2023-11-02T08:45:46.511+0000] {processor.py:829} INFO - Processing file /home/airflow/.local/lib/python3.11/site-packages/airflow/example_dags/tutorial_taskflow_api.py for tasks to queue
[2023-11-02T08:45:46.517+0000] {logging_mixin.py:151} INFO - [2023-11-02T08:45:46.517+0000] {dagbag.py:536} INFO - Filling up the DagBag from /home/airflow/.local/lib/python3.11/site-packages/airflow/example_dags/tutorial_taskflow_api.py
[2023-11-02T08:45:46.544+0000] {processor.py:839} INFO - DAG(s) dict_keys(['tutorial_taskflow_api']) retrieved from /home/airflow/.local/lib/python3.11/site-packages/airflow/example_dags/tutorial_taskflow_api.py
[2023-11-02T08:45:46.583+0000] {logging_mixin.py:151} INFO - [2023-11-02T08:45:46.583+0000] {dag.py:2941} INFO - Sync 1 DAGs
[2023-11-02T08:45:46.607+0000] {logging_mixin.py:151} INFO - [2023-11-02T08:45:46.606+0000] {dag.py:3722} INFO - Setting next_dagrun for tutorial_taskflow_api to None, run_after=None
[2023-11-02T08:45:46.642+0000] {processor.py:179} INFO - Processing /home/airflow/.local/lib/python3.11/site-packages/airflow/example_dags/tutorial_taskflow_api.py took 0.142 seconds
[2023-11-02T08:46:17.609+0000] {processor.py:157} INFO - Started process (PID=244) to work on /home/airflow/.local/lib/python3.11/site-packages/airflow/example_dags/tutorial_taskflow_api.py
[2023-11-02T08:46:17.614+0000] {processor.py:829} INFO - Processing file /home/airflow/.local/lib/python3.11/site-packages/airflow/example_dags/tutorial_taskflow_api.py for tasks to queue
[2023-11-02T08:46:17.618+0000] {logging_mixin.py:151} INFO - [2023-11-02T08:46:17.618+0000] {dagbag.py:536} INFO - Filling up the DagBag from /home/airflow/.local/lib/python3.11/site-packages/airflow/example_dags/tutorial_taskflow_api.py
[2023-11-02T08:46:17.629+0000] {processor.py:839} INFO - DAG(s) dict_keys(['tutorial_taskflow_api']) retrieved from /home/airflow/.local/lib/python3.11/site-packages/airflow/example_dags/tutorial_taskflow_api.py
[2023-11-02T08:46:17.658+0000] {logging_mixin.py:151} INFO - [2023-11-02T08:46:17.658+0000] {dag.py:2941} INFO - Sync 1 DAGs
[2023-11-02T08:46:17.674+0000] {logging_mixin.py:151} INFO - [2023-11-02T08:46:17.674+0000] {dag.py:3722} INFO - Setting next_dagrun for tutorial_taskflow_api to None, run_after=None
[2023-11-02T08:46:17.689+0000] {processor.py:179} INFO - Processing /home/airflow/.local/lib/python3.11/site-packages/airflow/example_dags/tutorial_taskflow_api.py took 0.088 seconds
[2023-11-02T08:46:48.063+0000] {processor.py:157} INFO - Started process (PID=299) to work on /home/airflow/.local/lib/python3.11/site-packages/airflow/example_dags/tutorial_taskflow_api.py
[2023-11-02T08:46:48.067+0000] {processor.py:829} INFO - Processing file /home/airflow/.local/lib/python3.11/site-packages/airflow/example_dags/tutorial_taskflow_api.py for tasks to queue
[2023-11-02T08:46:48.072+0000] {logging_mixin.py:151} INFO - [2023-11-02T08:46:48.072+0000] {dagbag.py:536} INFO - Filling up the DagBag from /home/airflow/.local/lib/python3.11/site-packages/airflow/example_dags/tutorial_taskflow_api.py
[2023-11-02T08:46:48.083+0000] {processor.py:839} INFO - DAG(s) dict_keys(['tutorial_taskflow_api']) retrieved from /home/airflow/.local/lib/python3.11/site-packages/airflow/example_dags/tutorial_taskflow_api.py
[2023-11-02T08:46:48.104+0000] {logging_mixin.py:151} INFO - [2023-11-02T08:46:48.104+0000] {dag.py:2941} INFO - Sync 1 DAGs
[2023-11-02T08:46:48.115+0000] {logging_mixin.py:151} INFO - [2023-11-02T08:46:48.115+0000] {dag.py:3722} INFO - Setting next_dagrun for tutorial_taskflow_api to None, run_after=None
[2023-11-02T08:46:48.129+0000] {processor.py:179} INFO - Processing /home/airflow/.local/lib/python3.11/site-packages/airflow/example_dags/tutorial_taskflow_api.py took 0.073 seconds
[2023-11-02T08:47:18.283+0000] {processor.py:157} INFO - Started process (PID=354) to work on /home/airflow/.local/lib/python3.11/site-packages/airflow/example_dags/tutorial_taskflow_api.py
[2023-11-02T08:47:18.290+0000] {processor.py:829} INFO - Processing file /home/airflow/.local/lib/python3.11/site-packages/airflow/example_dags/tutorial_taskflow_api.py for tasks to queue
[2023-11-02T08:47:18.293+0000] {logging_mixin.py:151} INFO - [2023-11-02T08:47:18.293+0000] {dagbag.py:536} INFO - Filling up the DagBag from /home/airflow/.local/lib/python3.11/site-packages/airflow/example_dags/tutorial_taskflow_api.py
[2023-11-02T08:47:18.301+0000] {processor.py:839} INFO - DAG(s) dict_keys(['tutorial_taskflow_api']) retrieved from /home/airflow/.local/lib/python3.11/site-packages/airflow/example_dags/tutorial_taskflow_api.py
[2023-11-02T08:47:18.320+0000] {logging_mixin.py:151} INFO - [2023-11-02T08:47:18.320+0000] {dag.py:2941} INFO - Sync 1 DAGs
[2023-11-02T08:47:18.329+0000] {logging_mixin.py:151} INFO - [2023-11-02T08:47:18.329+0000] {dag.py:3722} INFO - Setting next_dagrun for tutorial_taskflow_api to None, run_after=None
[2023-11-02T08:47:18.340+0000] {processor.py:179} INFO - Processing /home/airflow/.local/lib/python3.11/site-packages/airflow/example_dags/tutorial_taskflow_api.py took 0.063 seconds
[2023-11-02T08:47:48.462+0000] {processor.py:157} INFO - Started process (PID=409) to work on /home/airflow/.local/lib/python3.11/site-packages/airflow/example_dags/tutorial_taskflow_api.py
[2023-11-02T08:47:48.464+0000] {processor.py:829} INFO - Processing file /home/airflow/.local/lib/python3.11/site-packages/airflow/example_dags/tutorial_taskflow_api.py for tasks to queue
[2023-11-02T08:47:48.471+0000] {logging_mixin.py:151} INFO - [2023-11-02T08:47:48.471+0000] {dagbag.py:536} INFO - Filling up the DagBag from /home/airflow/.local/lib/python3.11/site-packages/airflow/example_dags/tutorial_taskflow_api.py
[2023-11-02T08:47:48.483+0000] {processor.py:839} INFO - DAG(s) dict_keys(['tutorial_taskflow_api']) retrieved from /home/airflow/.local/lib/python3.11/site-packages/airflow/example_dags/tutorial_taskflow_api.py
[2023-11-02T08:47:48.504+0000] {logging_mixin.py:151} INFO - [2023-11-02T08:47:48.503+0000] {dag.py:2941} INFO - Sync 1 DAGs
[2023-11-02T08:47:48.514+0000] {logging_mixin.py:151} INFO - [2023-11-02T08:47:48.514+0000] {dag.py:3722} INFO - Setting next_dagrun for tutorial_taskflow_api to None, run_after=None
[2023-11-02T08:47:48.528+0000] {processor.py:179} INFO - Processing /home/airflow/.local/lib/python3.11/site-packages/airflow/example_dags/tutorial_taskflow_api.py took 0.074 seconds
[2023-11-02T08:48:18.747+0000] {processor.py:157} INFO - Started process (PID=464) to work on /home/airflow/.local/lib/python3.11/site-packages/airflow/example_dags/tutorial_taskflow_api.py
[2023-11-02T08:48:18.751+0000] {processor.py:829} INFO - Processing file /home/airflow/.local/lib/python3.11/site-packages/airflow/example_dags/tutorial_taskflow_api.py for tasks to queue
[2023-11-02T08:48:18.759+0000] {logging_mixin.py:151} INFO - [2023-11-02T08:48:18.758+0000] {dagbag.py:536} INFO - Filling up the DagBag from /home/airflow/.local/lib/python3.11/site-packages/airflow/example_dags/tutorial_taskflow_api.py
[2023-11-02T08:48:18.772+0000] {processor.py:839} INFO - DAG(s) dict_keys(['tutorial_taskflow_api']) retrieved from /home/airflow/.local/lib/python3.11/site-packages/airflow/example_dags/tutorial_taskflow_api.py
[2023-11-02T08:48:18.797+0000] {logging_mixin.py:151} INFO - [2023-11-02T08:48:18.797+0000] {dag.py:2941} INFO - Sync 1 DAGs
[2023-11-02T08:48:18.811+0000] {logging_mixin.py:151} INFO - [2023-11-02T08:48:18.811+0000] {dag.py:3722} INFO - Setting next_dagrun for tutorial_taskflow_api to None, run_after=None
[2023-11-02T08:48:18.825+0000] {processor.py:179} INFO - Processing /home/airflow/.local/lib/python3.11/site-packages/airflow/example_dags/tutorial_taskflow_api.py took 0.087 seconds
[2023-11-02T08:48:48.924+0000] {processor.py:157} INFO - Started process (PID=519) to work on /home/airflow/.local/lib/python3.11/site-packages/airflow/example_dags/tutorial_taskflow_api.py
[2023-11-02T08:48:48.931+0000] {processor.py:829} INFO - Processing file /home/airflow/.local/lib/python3.11/site-packages/airflow/example_dags/tutorial_taskflow_api.py for tasks to queue
[2023-11-02T08:48:48.935+0000] {logging_mixin.py:151} INFO - [2023-11-02T08:48:48.934+0000] {dagbag.py:536} INFO - Filling up the DagBag from /home/airflow/.local/lib/python3.11/site-packages/airflow/example_dags/tutorial_taskflow_api.py
[2023-11-02T08:48:48.942+0000] {processor.py:839} INFO - DAG(s) dict_keys(['tutorial_taskflow_api']) retrieved from /home/airflow/.local/lib/python3.11/site-packages/airflow/example_dags/tutorial_taskflow_api.py
[2023-11-02T08:48:48.960+0000] {logging_mixin.py:151} INFO - [2023-11-02T08:48:48.960+0000] {dag.py:2941} INFO - Sync 1 DAGs
[2023-11-02T08:48:48.968+0000] {logging_mixin.py:151} INFO - [2023-11-02T08:48:48.968+0000] {dag.py:3722} INFO - Setting next_dagrun for tutorial_taskflow_api to None, run_after=None
[2023-11-02T08:48:48.982+0000] {processor.py:179} INFO - Processing /home/airflow/.local/lib/python3.11/site-packages/airflow/example_dags/tutorial_taskflow_api.py took 0.064 seconds
[2023-11-02T08:49:19.082+0000] {processor.py:157} INFO - Started process (PID=574) to work on /home/airflow/.local/lib/python3.11/site-packages/airflow/example_dags/tutorial_taskflow_api.py
[2023-11-02T08:49:19.084+0000] {processor.py:829} INFO - Processing file /home/airflow/.local/lib/python3.11/site-packages/airflow/example_dags/tutorial_taskflow_api.py for tasks to queue
[2023-11-02T08:49:19.090+0000] {logging_mixin.py:151} INFO - [2023-11-02T08:49:19.090+0000] {dagbag.py:536} INFO - Filling up the DagBag from /home/airflow/.local/lib/python3.11/site-packages/airflow/example_dags/tutorial_taskflow_api.py
[2023-11-02T08:49:19.099+0000] {processor.py:839} INFO - DAG(s) dict_keys(['tutorial_taskflow_api']) retrieved from /home/airflow/.local/lib/python3.11/site-packages/airflow/example_dags/tutorial_taskflow_api.py
[2023-11-02T08:49:19.116+0000] {logging_mixin.py:151} INFO - [2023-11-02T08:49:19.116+0000] {dag.py:2941} INFO - Sync 1 DAGs
[2023-11-02T08:49:19.127+0000] {logging_mixin.py:151} INFO - [2023-11-02T08:49:19.126+0000] {dag.py:3722} INFO - Setting next_dagrun for tutorial_taskflow_api to None, run_after=None
[2023-11-02T08:49:19.139+0000] {processor.py:179} INFO - Processing /home/airflow/.local/lib/python3.11/site-packages/airflow/example_dags/tutorial_taskflow_api.py took 0.063 seconds
[2023-11-02T08:49:49.364+0000] {processor.py:157} INFO - Started process (PID=629) to work on /home/airflow/.local/lib/python3.11/site-packages/airflow/example_dags/tutorial_taskflow_api.py
[2023-11-02T08:49:49.366+0000] {processor.py:829} INFO - Processing file /home/airflow/.local/lib/python3.11/site-packages/airflow/example_dags/tutorial_taskflow_api.py for tasks to queue
[2023-11-02T08:49:49.372+0000] {logging_mixin.py:151} INFO - [2023-11-02T08:49:49.372+0000] {dagbag.py:536} INFO - Filling up the DagBag from /home/airflow/.local/lib/python3.11/site-packages/airflow/example_dags/tutorial_taskflow_api.py
[2023-11-02T08:49:49.386+0000] {processor.py:839} INFO - DAG(s) dict_keys(['tutorial_taskflow_api']) retrieved from /home/airflow/.local/lib/python3.11/site-packages/airflow/example_dags/tutorial_taskflow_api.py
[2023-11-02T08:49:49.406+0000] {logging_mixin.py:151} INFO - [2023-11-02T08:49:49.406+0000] {dag.py:2941} INFO - Sync 1 DAGs
[2023-11-02T08:49:49.418+0000] {logging_mixin.py:151} INFO - [2023-11-02T08:49:49.417+0000] {dag.py:3722} INFO - Setting next_dagrun for tutorial_taskflow_api to None, run_after=None
[2023-11-02T08:49:49.430+0000] {processor.py:179} INFO - Processing /home/airflow/.local/lib/python3.11/site-packages/airflow/example_dags/tutorial_taskflow_api.py took 0.073 seconds
[2023-11-02T08:50:19.591+0000] {processor.py:157} INFO - Started process (PID=684) to work on /home/airflow/.local/lib/python3.11/site-packages/airflow/example_dags/tutorial_taskflow_api.py
[2023-11-02T08:50:19.594+0000] {processor.py:829} INFO - Processing file /home/airflow/.local/lib/python3.11/site-packages/airflow/example_dags/tutorial_taskflow_api.py for tasks to queue
[2023-11-02T08:50:19.602+0000] {logging_mixin.py:151} INFO - [2023-11-02T08:50:19.601+0000] {dagbag.py:536} INFO - Filling up the DagBag from /home/airflow/.local/lib/python3.11/site-packages/airflow/example_dags/tutorial_taskflow_api.py
[2023-11-02T08:50:19.614+0000] {processor.py:839} INFO - DAG(s) dict_keys(['tutorial_taskflow_api']) retrieved from /home/airflow/.local/lib/python3.11/site-packages/airflow/example_dags/tutorial_taskflow_api.py
[2023-11-02T08:50:19.639+0000] {logging_mixin.py:151} INFO - [2023-11-02T08:50:19.639+0000] {dag.py:2941} INFO - Sync 1 DAGs
[2023-11-02T08:50:19.653+0000] {logging_mixin.py:151} INFO - [2023-11-02T08:50:19.653+0000] {dag.py:3722} INFO - Setting next_dagrun for tutorial_taskflow_api to None, run_after=None
[2023-11-02T08:50:19.670+0000] {processor.py:179} INFO - Processing /home/airflow/.local/lib/python3.11/site-packages/airflow/example_dags/tutorial_taskflow_api.py took 0.085 seconds
[2023-11-02T08:50:49.753+0000] {processor.py:157} INFO - Started process (PID=739) to work on /home/airflow/.local/lib/python3.11/site-packages/airflow/example_dags/tutorial_taskflow_api.py
[2023-11-02T08:50:49.759+0000] {processor.py:829} INFO - Processing file /home/airflow/.local/lib/python3.11/site-packages/airflow/example_dags/tutorial_taskflow_api.py for tasks to queue
[2023-11-02T08:50:49.765+0000] {logging_mixin.py:151} INFO - [2023-11-02T08:50:49.765+0000] {dagbag.py:536} INFO - Filling up the DagBag from /home/airflow/.local/lib/python3.11/site-packages/airflow/example_dags/tutorial_taskflow_api.py
[2023-11-02T08:50:49.775+0000] {processor.py:839} INFO - DAG(s) dict_keys(['tutorial_taskflow_api']) retrieved from /home/airflow/.local/lib/python3.11/site-packages/airflow/example_dags/tutorial_taskflow_api.py
[2023-11-02T08:50:49.797+0000] {logging_mixin.py:151} INFO - [2023-11-02T08:50:49.797+0000] {dag.py:2941} INFO - Sync 1 DAGs
[2023-11-02T08:50:49.809+0000] {logging_mixin.py:151} INFO - [2023-11-02T08:50:49.809+0000] {dag.py:3722} INFO - Setting next_dagrun for tutorial_taskflow_api to None, run_after=None
[2023-11-02T08:50:49.823+0000] {processor.py:179} INFO - Processing /home/airflow/.local/lib/python3.11/site-packages/airflow/example_dags/tutorial_taskflow_api.py took 0.078 seconds
[2023-11-02T08:51:19.960+0000] {processor.py:157} INFO - Started process (PID=794) to work on /home/airflow/.local/lib/python3.11/site-packages/airflow/example_dags/tutorial_taskflow_api.py
[2023-11-02T08:51:19.968+0000] {processor.py:829} INFO - Processing file /home/airflow/.local/lib/python3.11/site-packages/airflow/example_dags/tutorial_taskflow_api.py for tasks to queue
[2023-11-02T08:51:19.972+0000] {logging_mixin.py:151} INFO - [2023-11-02T08:51:19.972+0000] {dagbag.py:536} INFO - Filling up the DagBag from /home/airflow/.local/lib/python3.11/site-packages/airflow/example_dags/tutorial_taskflow_api.py
[2023-11-02T08:51:19.984+0000] {processor.py:839} INFO - DAG(s) dict_keys(['tutorial_taskflow_api']) retrieved from /home/airflow/.local/lib/python3.11/site-packages/airflow/example_dags/tutorial_taskflow_api.py
[2023-11-02T08:51:20.003+0000] {logging_mixin.py:151} INFO - [2023-11-02T08:51:20.003+0000] {dag.py:2941} INFO - Sync 1 DAGs
[2023-11-02T08:51:20.015+0000] {logging_mixin.py:151} INFO - [2023-11-02T08:51:20.015+0000] {dag.py:3722} INFO - Setting next_dagrun for tutorial_taskflow_api to None, run_after=None
[2023-11-02T08:51:20.029+0000] {processor.py:179} INFO - Processing /home/airflow/.local/lib/python3.11/site-packages/airflow/example_dags/tutorial_taskflow_api.py took 0.077 seconds
[2023-11-02T08:51:50.166+0000] {processor.py:157} INFO - Started process (PID=849) to work on /home/airflow/.local/lib/python3.11/site-packages/airflow/example_dags/tutorial_taskflow_api.py
[2023-11-02T08:51:50.175+0000] {processor.py:829} INFO - Processing file /home/airflow/.local/lib/python3.11/site-packages/airflow/example_dags/tutorial_taskflow_api.py for tasks to queue
[2023-11-02T08:51:50.179+0000] {logging_mixin.py:151} INFO - [2023-11-02T08:51:50.178+0000] {dagbag.py:536} INFO - Filling up the DagBag from /home/airflow/.local/lib/python3.11/site-packages/airflow/example_dags/tutorial_taskflow_api.py
[2023-11-02T08:51:50.187+0000] {processor.py:839} INFO - DAG(s) dict_keys(['tutorial_taskflow_api']) retrieved from /home/airflow/.local/lib/python3.11/site-packages/airflow/example_dags/tutorial_taskflow_api.py
[2023-11-02T08:51:50.206+0000] {logging_mixin.py:151} INFO - [2023-11-02T08:51:50.206+0000] {dag.py:2941} INFO - Sync 1 DAGs
[2023-11-02T08:51:50.217+0000] {logging_mixin.py:151} INFO - [2023-11-02T08:51:50.217+0000] {dag.py:3722} INFO - Setting next_dagrun for tutorial_taskflow_api to None, run_after=None
[2023-11-02T08:51:50.234+0000] {processor.py:179} INFO - Processing /home/airflow/.local/lib/python3.11/site-packages/airflow/example_dags/tutorial_taskflow_api.py took 0.074 seconds
[2023-11-02T08:52:20.359+0000] {processor.py:157} INFO - Started process (PID=904) to work on /home/airflow/.local/lib/python3.11/site-packages/airflow/example_dags/tutorial_taskflow_api.py
[2023-11-02T08:52:20.362+0000] {processor.py:829} INFO - Processing file /home/airflow/.local/lib/python3.11/site-packages/airflow/example_dags/tutorial_taskflow_api.py for tasks to queue
[2023-11-02T08:52:20.366+0000] {logging_mixin.py:151} INFO - [2023-11-02T08:52:20.366+0000] {dagbag.py:536} INFO - Filling up the DagBag from /home/airflow/.local/lib/python3.11/site-packages/airflow/example_dags/tutorial_taskflow_api.py
[2023-11-02T08:52:20.375+0000] {processor.py:839} INFO - DAG(s) dict_keys(['tutorial_taskflow_api']) retrieved from /home/airflow/.local/lib/python3.11/site-packages/airflow/example_dags/tutorial_taskflow_api.py
[2023-11-02T08:52:20.396+0000] {logging_mixin.py:151} INFO - [2023-11-02T08:52:20.396+0000] {dag.py:2941} INFO - Sync 1 DAGs
[2023-11-02T08:52:20.405+0000] {logging_mixin.py:151} INFO - [2023-11-02T08:52:20.405+0000] {dag.py:3722} INFO - Setting next_dagrun for tutorial_taskflow_api to None, run_after=None
[2023-11-02T08:52:20.417+0000] {processor.py:179} INFO - Processing /home/airflow/.local/lib/python3.11/site-packages/airflow/example_dags/tutorial_taskflow_api.py took 0.064 seconds
[2023-11-02T08:52:50.655+0000] {processor.py:157} INFO - Started process (PID=959) to work on /home/airflow/.local/lib/python3.11/site-packages/airflow/example_dags/tutorial_taskflow_api.py
[2023-11-02T08:52:50.656+0000] {processor.py:829} INFO - Processing file /home/airflow/.local/lib/python3.11/site-packages/airflow/example_dags/tutorial_taskflow_api.py for tasks to queue
[2023-11-02T08:52:50.659+0000] {logging_mixin.py:151} INFO - [2023-11-02T08:52:50.659+0000] {dagbag.py:536} INFO - Filling up the DagBag from /home/airflow/.local/lib/python3.11/site-packages/airflow/example_dags/tutorial_taskflow_api.py
[2023-11-02T08:52:50.677+0000] {processor.py:839} INFO - DAG(s) dict_keys(['tutorial_taskflow_api']) retrieved from /home/airflow/.local/lib/python3.11/site-packages/airflow/example_dags/tutorial_taskflow_api.py
[2023-11-02T08:52:50.717+0000] {logging_mixin.py:151} INFO - [2023-11-02T08:52:50.717+0000] {dag.py:2941} INFO - Sync 1 DAGs
[2023-11-02T08:52:50.734+0000] {logging_mixin.py:151} INFO - [2023-11-02T08:52:50.734+0000] {dag.py:3722} INFO - Setting next_dagrun for tutorial_taskflow_api to None, run_after=None
[2023-11-02T08:52:50.752+0000] {processor.py:179} INFO - Processing /home/airflow/.local/lib/python3.11/site-packages/airflow/example_dags/tutorial_taskflow_api.py took 0.100 seconds
[2023-11-02T08:53:20.791+0000] {processor.py:157} INFO - Started process (PID=1014) to work on /home/airflow/.local/lib/python3.11/site-packages/airflow/example_dags/tutorial_taskflow_api.py
[2023-11-02T08:53:20.791+0000] {processor.py:829} INFO - Processing file /home/airflow/.local/lib/python3.11/site-packages/airflow/example_dags/tutorial_taskflow_api.py for tasks to queue
[2023-11-02T08:53:20.794+0000] {logging_mixin.py:151} INFO - [2023-11-02T08:53:20.794+0000] {dagbag.py:536} INFO - Filling up the DagBag from /home/airflow/.local/lib/python3.11/site-packages/airflow/example_dags/tutorial_taskflow_api.py
[2023-11-02T08:53:20.800+0000] {processor.py:839} INFO - DAG(s) dict_keys(['tutorial_taskflow_api']) retrieved from /home/airflow/.local/lib/python3.11/site-packages/airflow/example_dags/tutorial_taskflow_api.py
[2023-11-02T08:53:20.814+0000] {logging_mixin.py:151} INFO - [2023-11-02T08:53:20.814+0000] {dag.py:2941} INFO - Sync 1 DAGs
[2023-11-02T08:53:20.822+0000] {logging_mixin.py:151} INFO - [2023-11-02T08:53:20.822+0000] {dag.py:3722} INFO - Setting next_dagrun for tutorial_taskflow_api to None, run_after=None
[2023-11-02T08:53:20.832+0000] {processor.py:179} INFO - Processing /home/airflow/.local/lib/python3.11/site-packages/airflow/example_dags/tutorial_taskflow_api.py took 0.045 seconds
[2023-11-02T08:53:51.040+0000] {processor.py:157} INFO - Started process (PID=1069) to work on /home/airflow/.local/lib/python3.11/site-packages/airflow/example_dags/tutorial_taskflow_api.py
[2023-11-02T08:53:51.042+0000] {processor.py:829} INFO - Processing file /home/airflow/.local/lib/python3.11/site-packages/airflow/example_dags/tutorial_taskflow_api.py for tasks to queue
[2023-11-02T08:53:51.047+0000] {logging_mixin.py:151} INFO - [2023-11-02T08:53:51.047+0000] {dagbag.py:536} INFO - Filling up the DagBag from /home/airflow/.local/lib/python3.11/site-packages/airflow/example_dags/tutorial_taskflow_api.py
[2023-11-02T08:53:51.057+0000] {processor.py:839} INFO - DAG(s) dict_keys(['tutorial_taskflow_api']) retrieved from /home/airflow/.local/lib/python3.11/site-packages/airflow/example_dags/tutorial_taskflow_api.py
[2023-11-02T08:53:51.077+0000] {logging_mixin.py:151} INFO - [2023-11-02T08:53:51.076+0000] {dag.py:2941} INFO - Sync 1 DAGs
[2023-11-02T08:53:51.092+0000] {logging_mixin.py:151} INFO - [2023-11-02T08:53:51.092+0000] {dag.py:3722} INFO - Setting next_dagrun for tutorial_taskflow_api to None, run_after=None
[2023-11-02T08:53:51.113+0000] {processor.py:179} INFO - Processing /home/airflow/.local/lib/python3.11/site-packages/airflow/example_dags/tutorial_taskflow_api.py took 0.076 seconds
[2023-11-02T08:54:21.641+0000] {processor.py:157} INFO - Started process (PID=1124) to work on /home/airflow/.local/lib/python3.11/site-packages/airflow/example_dags/tutorial_taskflow_api.py
[2023-11-02T08:54:21.642+0000] {processor.py:829} INFO - Processing file /home/airflow/.local/lib/python3.11/site-packages/airflow/example_dags/tutorial_taskflow_api.py for tasks to queue
[2023-11-02T08:54:21.643+0000] {logging_mixin.py:151} INFO - [2023-11-02T08:54:21.643+0000] {dagbag.py:536} INFO - Filling up the DagBag from /home/airflow/.local/lib/python3.11/site-packages/airflow/example_dags/tutorial_taskflow_api.py
[2023-11-02T08:54:21.649+0000] {processor.py:839} INFO - DAG(s) dict_keys(['tutorial_taskflow_api']) retrieved from /home/airflow/.local/lib/python3.11/site-packages/airflow/example_dags/tutorial_taskflow_api.py
[2023-11-02T08:54:21.665+0000] {logging_mixin.py:151} INFO - [2023-11-02T08:54:21.665+0000] {dag.py:2941} INFO - Sync 1 DAGs
[2023-11-02T08:54:21.675+0000] {logging_mixin.py:151} INFO - [2023-11-02T08:54:21.675+0000] {dag.py:3722} INFO - Setting next_dagrun for tutorial_taskflow_api to None, run_after=None
[2023-11-02T08:54:21.688+0000] {processor.py:179} INFO - Processing /home/airflow/.local/lib/python3.11/site-packages/airflow/example_dags/tutorial_taskflow_api.py took 0.049 seconds
[2023-11-02T08:54:52.671+0000] {processor.py:157} INFO - Started process (PID=1179) to work on /home/airflow/.local/lib/python3.11/site-packages/airflow/example_dags/tutorial_taskflow_api.py
[2023-11-02T08:54:52.672+0000] {processor.py:829} INFO - Processing file /home/airflow/.local/lib/python3.11/site-packages/airflow/example_dags/tutorial_taskflow_api.py for tasks to queue
[2023-11-02T08:54:52.675+0000] {logging_mixin.py:151} INFO - [2023-11-02T08:54:52.674+0000] {dagbag.py:536} INFO - Filling up the DagBag from /home/airflow/.local/lib/python3.11/site-packages/airflow/example_dags/tutorial_taskflow_api.py
[2023-11-02T08:54:52.684+0000] {processor.py:839} INFO - DAG(s) dict_keys(['tutorial_taskflow_api']) retrieved from /home/airflow/.local/lib/python3.11/site-packages/airflow/example_dags/tutorial_taskflow_api.py
[2023-11-02T08:54:52.704+0000] {logging_mixin.py:151} INFO - [2023-11-02T08:54:52.704+0000] {dag.py:2941} INFO - Sync 1 DAGs
[2023-11-02T08:54:52.715+0000] {logging_mixin.py:151} INFO - [2023-11-02T08:54:52.715+0000] {dag.py:3722} INFO - Setting next_dagrun for tutorial_taskflow_api to None, run_after=None
[2023-11-02T08:54:52.737+0000] {processor.py:179} INFO - Processing /home/airflow/.local/lib/python3.11/site-packages/airflow/example_dags/tutorial_taskflow_api.py took 0.070 seconds
